<?xml version="1.0"?>
<search>
  <testbench var_2="8204" p_var_3="2" p_var_4="6764" p_var_5="10" p_var_7="8" p_var_9="17" p_var_11="16" graph="{
{
26454,
{
0,1,1,2,2,2,2,10,18,27,
36,46,54,64,72,80,89,90,90,94,
98,102,109,114,117,120,123,123,123,127,
131,131,131,136,139,143,147,151,155,158,
161,161,161,161,161,161,161,161,161,161,
161,161,161,161,166,170,174,177,180,183,
188,192,192,196,199,203,203,207,217,220,
221,221,221,222,222,230,240,249,258,267,
276,285,293,303,312,315,318,321,324,328,
332,338,341,341,341,348,357,357,357,366,
375,385,393,402,411,419,426,426,426,427,
427,427,428,428,428,428,436,436,436,443,
443,452,452,452,456,456,464,473,480,488,
488,489,490,490,494,497,500,503,506,511,
515,518,521,524,533,542,550,559,567,575,
584,594,603,612,623,631,634,637,640,648,
651,654,662,671,678,686,695,702,709,717,
725,732,732,742,742,750,750,757,757,757,
757,769,769,769,769,769,769,769,769,772,
778,782,785,788,792,792,792,800,809,819,
827,835,845,852,859,866,874,874,874,874,
874,874,874,874,874,874,874,874,874,875,
875,883,892,892,892,892,892,892,892,892,
896,900,901,901,901,905,908,908,908,909,
909,910,910,910,910,910,910,918,918,919,
920,920,920,920,920,921,921,921,924,924,
924,930,931,934,937,940,943,943,947,955,
959,968,971,971,979,988,997,997,1002,1010,
1013,1020,1029,1037,1037,1038,1047,1047,1056,1056,
1057,1057,1057,1057,1057,1058,1058,1058,1058,1058,
1058,1058,1059,1059,1059,1059,1059,1059,1059,1059,
1060,1061,1068,1075,1075,1084,1091,1100,1107,1117,
1125,1132,1141,1141,1141,1141,1141,1141,1142,1142,
1142,1142,1142,1142,1142,1142,1142,1151,1158,1158,
1166,1173,1182,1189,1198,1206,1215,1222,1226,1230,
1230,1230,1233,1236,1241,1244,1250,1253,1256,1259,
1259,1263,1263,1270,1277,1284,1291,1299,1308,1317,
1326,1326,1326,1335,1344,1344,1344,1344,1344,1344,
1345,1355,1358,1361,1365,1365,1369,1374,1378,1383,
1386,1390,1390,1390,1400,1410,1419,1430,1438,1448,
1458,1468,1470,1472,1483,1494,1494,1502,1502,1505,
1509,1513,1517,1520,1525,1529,1533,1533,1534,1534,
1534,1538,1541,1541,1541,1541,1541,1541,1549,1549,
1549,1549,1549,1551,1553,1555,1557,1559,1561,1563,
1565,1567,1569,1569,1569,1573,1576,1579,1582,1585,
1588,1592,1596,1601,1604,1607,1611,1617,1621,1626,
1629,1632,1636,1639,1644,1644,1645,1645,1645,1645,
1647,1649,1651,1653,1655,1656,1658,1660,1662,1664,
1668,1674,1679,1683,1686,1692,1697,1700,1700,1701,
1704,1705,1705,1705,1705,1705,1705,1714,1714,1723,
1733,1737,1740,1743,1752,1759,1767,1775,1784,1794,
1801,1808,1808,1808,1808,1808,1808,1815,1815,1821,
1824,1828,1831,1834,1838,1843,1848,1848,1852,1856,
1865,1865,1865,1872,1872,1880,1882,1884,1886,1888,
1890,1892,1894,1896,1898,1900,1908,1908,1916,1916,
1919,1919,1922,1925,1925,1931,1934,1939,1942,1946,
1949,1953,1956,1956,1956,1956,1956,1963,1963,1970,
1970,1971,1979,1988,1997,2005,2013,2022,2029,2038,
2046,2055,2055,2055,2055,2055,2066,2077,2087,2098,
2108,2111,2122,2131,2132,2132,2144,2152,2152,2160,
2169,2178,2188,2197,2209,2219,2227,2227,2236,2248,
2248,2248,2248,2248,2248,2253,2257,2260,2263,2266,
2271,2274,2277,2277,2281,2284,2284,2284,2284,2284,
2294,2306,2318,2329,2339,2349,2358,2367,2377,2385,
2394,2404,2414,2424,2434,2445,2447,2449,2451,2453,
2455,2457,2459,2461,2463,2465,2475,2482,2491,2498,
2506,2514,2522,2530,2539,2546,2554,2561,2569,2579,
2586,2595,2595,2595,2595,2603,2613,2622,2632,2641,
2651,2661,2671,2671,2681,2691,2691,2691,2692,2692,
2692,2692,2694,2696,2698,2700,2702,2704,2706,2708,
2710,2712,2712,2712,2712,2712,2712,2720,2727,2736,
2745,2754,2763,2770,2779,2786,2795,2804,2814,2825,
2834,2842,2852,2862,2871,2881,2892,2892,2892,2892,
2892,2892,2892,2895,2899,2905,2908,2912,2916,2920,
2924,2925,2929,2932,2932,2942,2951,2959,2967,2976,
2985,2992,3001,3008,3009,3016,3025,3032,3039,3047,
3054,3061,3070,3077,3086,3094,3104,3111,3119,3119,
3128,3137,3137,3137,3137,3137,3137,3137,3137,3137,
3137,3137,3137,3144,3152,3159,3166,3175,3183,3192,
3201,3202,3210,3210,3210,3210,3210,3210,3210,3210,
3210,3219,3219,3219,3219,3219,3228,3232,3232,3235,
3239,3239,3239,3239,3243,3246,3246,3249,3252,3255,
3259,3263,3266,3270,3273,3273,3276,3280,3284,3289,
3294,3297,3300,3305,3305,3305,3305,3305,3308,3312,
3317,3320,3324,3328,3332,3335,3335,3335,3335,3335,
3335,3335,3335,3337,3339,3341,3343,3345,3347,3349,
3351,3351,3353,3355,3367,3379,3392,3404,3417,3429,
3440,3441,3452,3464,3464,3475,3484,3493,3502,3512,
3524,3536,3545,3554,3565,3565,3572,3581,3590,3598,
3606,3615,3622,3630,3640,3648,3660,3671,3683,3695,
3707,3719,3732,3744,3744,3745,3757,3768,3768,3772,
3782,3782,3782,3782,3782,3782,3791,3791,3791,3801,
3801,3809,3810,3810,3810,3815,3815,3818,3818,3818,
3818,3821,3821,3822,3822,3822,3822,3822,3822,3822,
3822,3822,3822,3822,3822,3822,3822,3822,3822,3822,
3822,3822,3822,3822,3822,3822,3822,3822,3822,3822,
3822,3822,3822,3822,3822,3822,3831,3840,3843,3846,
3849,3852,3856,3864,3872,3879,3887,3895,3903,3913,
3922,3930,3934,3939,3943,3947,3951,3963,3966,3971,
3974,3977,3977,3986,3986,3993,3993,3993,3993,3993,
3993,3993,3993,3993,3993,3993,3993,3993,3993,3993,
4002,4012,4023,4031,4040,4051,4061,4071,4071,4081,
4091,4091,4092,4092,4092,4092,4092,4092,4092,4092,
4092,4092,4092,4092,4100,4109,4116,4124,4132,4142,
4149,4156,4166,4175,4179,4179,4179,4183,4183,4183,
4183,4184,4184,4184,4184,4191,4191,4191,4191,4191,
4191,4191,4192,4192,4192,4192,4192,4192,4201,4209,
4209,4209,4209,4218,4225,4234,4242,4250,4259,4268,
4275,4282,4289,4297,4307,4315,4324,4332,4342,4342,
4351,4359,4359,4359,4368,4376,4385,4394,4401,4409,
4417,4425,4434,4441,4441,4445,4449,4453,4461,4469,
4478,4486,4495,4504,4512,4521,4530,4537,4540,4540,
4540,4542,4544,4547,4551,4556,4559,4561,4563,4565,
4567,4569,4571,4573,4575,4575,4575,4575,4575,4575,
4575,4575,4575,4576,4579,4579,4579,4579,4579,4579,
4580,4580,4584,4588,4592,4596,4601,4605,4612,4617,
4617,4620,4620,4620,4620,4620,4620,4621,4630,4638,
4645,4652,4659,4667,4674,4674,4682,4689,4689,4689,
4689,4689,4692,4695,4695,4699,4703,4709,4712,4715,
4718,4721,4725,4727,4729,4731,4733,4733,4744,4746,
4746,4746,4746,4746,4748,4748,4748,4750,4750,4750,
4752,4754,4754,4754,4754,4759,4759,4759,4760,4760,
4760,4760,4760,4760,4760,4760,4761,4766,4771,4774,
4777,4778,4781,4785,4789,4792,4792,4792,4792,4792,
4792,4796,4800,4803,4806,4809,4813,4816,4821,4821,
4825,4829,4829,4838,4838,4838,4842,4847,4850,4855,
4858,4862,4865,4869,4874,4877,4880,4885,4885,4885,
4886,4886,4886,4886,4886,4886,4886,4886,4890,4894,
4897,4900,4904,4907,4911,4914,4917,4917,4917,4917,
4917,4917,4918,4918,4918,4918,4918,4918,4919,4919,
4931,4942,4954,4965,4976,4986,4987,4987,4987,4987,
4987,4987,4989,4991,4993,4995,4997,4999,5001,5003,
5003,5005,5007,5007,5007,5007,5007,5007,5010,5015,
5018,5022,5026,5029,5035,5035,5035,5035,5035,5035,
5042,5049,5059,5069,5077,5084,5093,5103,5111,5120,
5125,5129,5133,5136,5140,5142,5147,5151,5153,5155,
5157,5159,5163,5167,5169,5171,5172,5172,5172,5172,
5172,5172,5172,5172,5172,5172,5172,5172,5172,5172,
5172,5172,5173,5173,5173,5173,5183,5193,5201,5210,
5217,5224,5233,5241,5249,5256,5266,5275,5283,5292,
5303,5314,5314,5315,5323,5333,5343,5348,5356,5366,
5375,5383,5394,5404,5415,5425,5435,5444,5452,5459,
5466,5475,5483,5492,5492,5499,5507,5517,5528,5539,
5550,5560,5570,5570,5570,5574,5578,5581,5584,5588,
5592,5597,5602,5615,5615,5622,5635,5647,5659,5671,
5683,5690,5697,5705,5713,5721,5730,5737,5746,5756,
5765,5765,5766,5766,5768,5770,5772,5774,5776,5778,
5780,5782,5784,5786,5786,5786,5786,5786,5786,5787,
5792,5797,5797,5800,5805,5810,5814,5818,5825,5829,
5834,5841,5850,5850,5860,5867,5874,5882,5890,5898,
5906,5915,5915,5919,5923,5926,5930,5934,5937,5941,
5944,5947,5952,5952,5952,5952,5952,5952,5952,5952,
5952,5952,5952,5952,5953,5958,5961,5966,5970,5971,
5971,5974,5974,5974,5974,5974,5974,5974,5975,5985,
5997,6009,6021,6031,6039,6050,6060,6068,6079,6087,
6096,6105,6112,6120,6129,6137,6144,6144,6153,6163,
6163,6163,6163,6163,6163,6163,6163,6163,6163,6163,
6164,6174,6184,6192,6203,6213,6223,6232,6242,6252,
6255,6258,6263,6266,6270,6274,6278,6281,6281,6281,
6281,6281,6285,6285,6285,6285,6285,6290,6290,6290,
6298,6307,6316,6326,6334,6343,6352,6360,6367,6375,
6375,6376,6385,6393,6402,6410,6418,6427,6436,6443,
6453,6462,6471,6480,6491,6500,6509,6517,6525,6533,
6541,6549,6557,6564,6573,6582,6582,6590,6598,6601,
6604,6608,6611,6615,6618,6624,6628,6631,6631,6631,
6631,6631,6631,6631,6631,6631,6631,6631,6631,6631,
6631,6632,6632,6632,6632,6633,6633,6633,6633,6633,
6633,6633,6633,6633,6633,6633,6633,6633,6633,6636,
6639,6642,6645,6650,6650,6650,6650,6650,6650,6650,
6659,6670,6679,6687,6697,6706,6716,6726,6726,6726,
6734,6743,6743,6743,6743,6743,6743,6743,6743,6743,
6743,6744,6744,6744,6750,6753,6756,6760,6764,6764,
6764,6767,6772,6775,6781,6785,6789,6789,6789,6789,
6789,6789,6793,6793,6793,6793,6795,6797,6797,6799,
6801,6803,6805,6807,6809,6811,6813,6813,6813,6813,
6813,6813,6813,6813,6813,6813,6813,6813,6813,6817,
6820,6823,6826,6829,6832,6837,6840,6844,6847,6851,
6856,6860,6864,6867,6871,6871,6871,6871,6871,6871,
6875,6879,6884,6889,6893,6897,6900,6903,6907,6911,
6914,6917,6921,6925,6928,6929,6933,6933,6933,6937,
6941,6944,6948,6951,6954,6958,6962,6965,6969,6969,
6969,6969,6969,6969,6969,6969,6969,6970,6970,6970,
6970,6974,6974,6978,6982,6982,6982,6989,6989,6989,
6997,6998,6998,6998,6998,6998,7007,7017,7025,7032,
7041,7051,7060,7069,7077,7084,7084,7084,7084,7085,
7086,7086,7086,7094,7094,7097,7097,7097,7097,7097,
7098,7098,7098,7098,7098,7098,7098,7098,7099,7100,
7104,7107,7110,7115,7118,7118,7118,7118,7118,7118,
7118,7118,7118,7118,7118,7118,7119,7119,7119,7120,
7120,7120,7120,7120,7130,7139,7139,7147,7156,7165,
7173,7181,7190,7199,7209,7211,7211,7212,7217,7222,
7227,7230,7234,7237,7240,7244,7250,7253,7256,7261,
7265,7275,7283,7287,7287,7296,7299,7310,7320,7330,
7340,7352,7362,7362,7372,7375,7386,7394,7404,7408,
7419,7429,7441,7452,7459,7459,7461,7463,7470,7470,
7472,7474,7476,7478,7480,7482,7484,7486,7488,7490,
7492,7494,7496,7498,7500,7502,7502,7504,7506,7506,
7516,7524,7533,7542,7549,7558,7566,7575,7582,7590,
7590,7590,7590,7590,7590,7590,7593,7598,7601,7604,
7607,7612,7616,7619,7622,7627,7632,7636,7640,7643,
7643,7643,7643,7643,7652,7660,7668,7678,7687,7695,
7703,7714,7724,7734,7734,7742,7747,7750,7754,7757,
7760,7764,7767,7771,7775,7778,7781,7784,7787,7787,
7787,7787,7787,7787,7787,7787,7788,7788,7788,7788,
7789,7789,7789,7789,7789,7789,7789,7789,7789,7789,
7789,7789,7789,7789,7789,7790,7790,7790,7790,7790,
7790,7800,7810,7821,7829,7839,7850,7860,7868,7868,
7879,7890,7890,7890,7891,7892,7892,7892,7892,7892,
7892,7892,7892,7892,7892,7892,7892,7892,7892,7893,
7893,7894,7894,7894,7895,7895,7895,7898,7898,7898,
7906,7916,7923,7931,7940,7949,7959,7966,7973,7982,
7982,7992,8003,8013,8022,8031,8043,8052,8064,8074,
8084,8087,8091,8091,8094,8100,8103,8109,8112,8117,
8120,8123,8126,8130,8130,8130,8130,8133,8141,8147,
8152,8155,8160,8163,8168,8177,8184,8192,8199,8207,
8214,8218,8226,8234,8242,8250,8259,8268,8277,8284,
8295,8295,8302,8311,8312,8317,8317,8319,8321,8323,
8325,8327,8329,8331,8333,8335,8346,8346,8349,8349,
8349,8353,8354,8354,8354,8355,8355,8355,8355,8358,
8363,8368,8371,8374,8374,8374,8374,8374,8375,8375,
8376,8376,8385,8385,8385,8385,8385,8385,8385,8385,
8389,8392,8395,8398,8401,8404,8407,8410,8410,8418,
8427,8437,8446,8456,8465,8473,8483,8492,8501,8501,
8506,8509,8514,8517,8520,8523,8527,8530,8533,8536,
8544,8551,8551,8559,8568,8577,8585,8593,8600,8608,
8615,8615,8618,8622,8625,8625,8625,8625,8625,8625,
8625,8629,8633,8633,8636,8639,8639,8639,8643,8646,
8649,8655,8659,8662,8667,8674,8674,8674,8680,8685,
8691,8695,8699,8703,8706,8709,8713,8716,8720,8728,
8737,8744,8751,8759,8767,8776,8785,8792,8801,8808,
8809,8809,8809,8814,8814,8823,8830,8838,8847,8855,
8864,8872,8879,8889,8896,8900,8904,8908,8911,8917,
8921,8925,8928,8931,8932,8943,8943,8955,8955,8955,
8958,8962,8966,8970,8973,8976,8980,8985,8988,8992,
8992,8992,8992,8992,8992,8992,8992,8992,8995,9001,
9004,9008,9013,9016,9019,9024,9028,9031,9031,9032,
9033,9033,9033,9033,9033,9033,9039,9043,9043,9050,
9053,9056,9059,9068,9077,9084,9092,9101,9109,9116,
9124,9133,9142,9149,9159,9166,9175,9184,9191,9198,
9206,9207,9207,9215,9215,9215,9218,9218,9218,9227,
9235,9244,9254,9263,9270,9279,9288,9295,9302,9312,
9322,9330,9337,9346,9355,9365,9372,9381,9388,9388,
9392,9396,9401,9401,9404,9407,9411,9415,9418,9422,
9425,9430,9430,9430,9438,9446,9446,9453,9460,9468,
9475,9482,9490,9498,9507,9507,9507,9507,9507,9507,
9507,9508,9508,9508,9508,9508,9521,9532,9537,9537,
9550,9562,9574,9587,9599,9611,9623,9634,9634,9635,
9635,9635,9635,9635,9635,9635,9635,9635,9635,9635,
9635,9636,9638,9640,9642,9644,9646,9648,9650,9652,
9654,9656,9656,9659,9662,9665,9669,9675,9680,9683,
9688,9691,9694,9695,9695,9695,9696,9696,9696,9696,
9696,9696,9696,9696,9696,9696,9696,9696,9696,9699,
9703,9707,9710,9713,9716,9720,9724,9724,9729,9733,
9740,9750,9759,9766,9767,9775,9784,9792,9800,9807,
9807,9807,9807,9807,9807,9807,9807,9807,9807,9815,
9815,9815,9815,9815,9815,9815,9815,9816,9819,9828,
9832,9841,9850,9857,9862,9871,9875,9880,9888,9896,
9899,9902,9907,9912,9913,9913,9913,9913,9913,9916,
9919,9922,9925,9929,9932,9938,9943,9948,9953,9957,
9961,9966,9970,9974,9977,9977,9977,9977,9977,9986,
9996,10003,10010,10017,10024,10034,10041,10049,10058,10058,
10058,10058,10063,10067,10070,10074,10077,10080,10080,10088,
10088,10088,10088,10095,10102,10114,10122,10129,10142,10154,
10167,10180,10189,10189,10189,10192,10202,10202,10202,10202,
10202,10204,10205,10207,10209,10216,10226,10233,10242,10250,
10259,10266,10275,10275,10277,10286,10295,10297,10297,10299,
10302,10302,10304,10304,10304,10304,10304,10305,10310,10310,
10310,10319,10327,10335,10343,10352,10361,10369,10377,10385,
10392,10392,10392,10392,10395,10400,10403,10407,10410,10413,
10419,10422,10427,10431,10433,10435,10437,10439,10441,10443,
10445,10447,10449,10451,10451,10451,10451,10459,10466,10475,
10484,10493,10502,10510,10518,10527,10536,10536,10536,10541,
10541,10543,10543,10543,10543,10543,10543,10543,10543,10543,
10543,10543,10543,10546,10546,10546,10550,10550,10550,10550,
10550,10550,10559,10567,10579,10590,10600,10601,10610,10620,
10628,10638,10638,10638,10638,10638,10640,10642,10644,10646,
10648,10650,10652,10654,10656,10658,10658,10666,10666,10666,
10666,10666,10666,10666,10666,10666,10666,10666,10666,10676,
10684,10692,10700,10709,10718,10719,10728,10737,10746,10754,
10754,10754,10754,10754,10759,10763,10767,10771,10775,10779,
10782,10787,10790,10794,10798,10799,10799,10799,10799,10799,
10799,10799,10799,10799,10799,10799,10806,10809,10817,10826,
10835,10844,10853,10861,10870,10879,10887,10887,10895,10896,
10896,10896,10896,10897,10897,10897,10897,10897,10897,10897,
10897,10900,10903,10907,10912,10915,10918,10918,10918,10918,
10918,10921,10925,10929,10933,10937,10940,10943,10947,10950,
10953,10953,10953,10954,10957,10961,10964,10967,10971,10976,
10980,10984,10984,10984,10984,10984,10989,10996,11004,11013,
11020,11027,11036,11044,11051,11058,11066,11075,11075,11075,
11076,11076,11076,11076,11076,11076,11083,11091,11100,11107,
11116,11125,11132,11140,11147,11156,11156,11156,11156,11157,
11157,11157,11157,11157,11165,11174,11181,11190,11198,11206,
11213,11223,11230,11239,11248,11258,11258,11258,11258,11258,
11258,11258,11258,11260,11271,11271,11275,11278,11282,11287,
11290,11293,11297,11300,11300,11303,11303,11303,11303,11306,
11306,11306,11308,11308,11314,11314,11316,11316,11316,11319,
11324,11327,11330,11334,11337,11342,11347,11351,11354,11354,
11356,11356,11356,11356,11356,11356,11356,11356,11356,11356,
11356,11356,11356,11356,11356,11356,11356,11356,11356,11356,
11356,11356,11356,11356,11356,11356,11359,11362,11366,11370,
11373,11377,11380,11384,11384,11384,11388,11392,11395,11405,
11415,11424,11432,11442,11444,11452,11461,11463,11465,11474,
11486,11486,11486,11486,11487,11488,11488,11488,11488,11494,
11498,11498,11501,11504,11508,11514,11520,11523,11530,11534,
11534,11534,11534,11534,11535,11545,11546,11546,11546,11546,
11546,11546,11550,11554,11558,11562,11566,11570,11574,11578,
11581,11584,11586,11586,11586,11586,11588,11588,11588,11588,
11588,11590,11590,11592,11594,11594,11596,11596,11598,11607,
11615,11622,11630,11637,11645,11652,11660,11668,11675,11684,
11684,11694,11694,11697,11701,11704,11709,11713,11716,11720,
11723,11723,11723,11726,11732,11732,11739,11748,11757,11764,
11767,11771,11779,11788,11797,11805,11814,11821,11824,11827,
11828,11828,11828,11828,11828,11828,11828,11828,11828,11828,
11829,11829,11829,11829,11829,11829,11829,11829,11829,11832,
11835,11840,11843,11846,11849,11853,11860,11860,11863,11863,
11863,11863,11863,11874,11887,11898,11909,11922,11933,11944,
11957,11970,11982,11982,11985,11993,12002,12011,12021,12031,
12040,12050,12062,12071,12081,12081,12081,12081,12081,12084,
12084,12084,12092,12095,12104,12113,12122,12129,12138,12146,
12155,12163,12170,12173,12173,12173,12177,12180,12185,12188,
12192,12196,12200,12204,12204,12204,12204,12204,12204,12204,
12204,12214,12225,12234,12245,12254,12265,12275,12286,12297,
12307,12311,12320,12328,12332,12332,12332,12339,12342,12342,
12342,12354,12365,12375,12386,12396,12405,12415,12426,12435,
12446,12446,12447,12447,12447,12447,12447,12447,12447,12447,
12454,12462,12471,12480,12480,12487,12496,12505,12513,12520,
12529,12538,12546,12546,12546,12546,12546,12548,12550,12551,
12551,12553,12555,12557,12559,12561,12563,12565,12567,12570,
12573,12577,12580,12585,12589,12594,12600,12600,12600,12603,
12606,12613,12622,12631,12639,12647,12655,12662,12669,12677,
12684,12684,12684,12684,12684,12684,12684,12684,12684,12684,
12684,12684,12684,12685,12685,12685,12685,12687,12689,12691,
12693,12695,12697,12700,12700,12700,12700,12700,12700,12700,
12700,12707,12710,12710,12710,12717,12717,12717,12724,12727,
12732,12732,12732,12732,12732,12733,12733,12733,12733,12736,
12739,12744,12749,12753,12757,12757,12758,12758,12758,12758,
12758,12758,12758,12758,12758,12758,12763,12763,12763,12763,
12771,12781,12781,12781,12781,12781,12781,12781,12782,12786,
12786,12787,12787,12787,12787,12787,12796,12803,12804,12812,
12820,12827,12835,12843,12852,12862,12871,12871,12871,12871,
12871,12871,12871,12871,12871,12881,12892,12903,12913,12925,
12936,12947,12957,12966,12975,12985,12995,13004,13016,13026,
13029,13034,13037,13041,13046,13050,13062,13072,13072,13072,
13072,13073,13077,13081,13084,13087,13091,13096,13099,13102,
13102,13102,13107,13111,13111,13111,13111,13111,13124,13136,
13148,13160,13173,13185,13197,13209,13221,13232,13234,13236,
13238,13240,13240,13240,13240,13240,13245,13246,13246,13246,
13253,13262,13271,13279,13288,13296,13304,13313,13321,13329,
13329,13329,13329,13329,13329,13329,13329,13330,13330,13331,
13339,13342,13346,13354,13361,13368,13375,13383,13392,13393,
13402,13402,13402,13410,13419,13427,13436,13445,13452,13461,
13468,13468,13468,13477,13487,13491,13491,13498,13498,13498,
13498,13506,13513,13521,13529,13537,13537,13537,13547,13547,
13556,13556,13559,13563,13568,13572,13576,13579,13582,13586,
13590,13593,13593,13593,13593,13593,13593,13593,13593,13593,
13593,13601,13601,13601,13601,13601,13601,13609,13616,13625,
13633,13641,13649,13656,13665,13672,13681,13681,13681,13681,
13684,13687,13690,13693,13697,13701,13705,13708,13712,13716,
13716,13716,13716,13716,13716,13724,13734,13743,13751,13759,
13768,13775,13784,13791,13799,13799,13799,13799,13799,13807,
13815,13818,13821,13824,13827,13831,13835,13839,13842,13846,
13849,13849,13849,13858,13866,13874,13882,13891,13898,13906,
13915,13922,13931,13931,13932,13932,13937,13941,13946,13949,
13952,13955,13959,13962,13967,13974,13983,13992,14003,14012,
14021,14029,14041,14050,14050,14062,14072,14072,14072,14075,
14080,14085,14088,14091,14094,14097,14097,14097,14097,14097,
14097,14097,14097,14097,14097,14097,14097,14097,14097,14097,
14097,14105,14114,14114,14124,14134,14141,14148,14157,14165,
14174,14182,14182,14182,14182,14182,14182,14182,14182,14182,
14183,14185,14188,14190,14192,14194,14196,14198,14202,14206,
14209,14209,14212,14224,14224,14224,14224,14224,14224,14224,
14232,14240,14249,14258,14268,14269,14277,14286,14287,14294,
14303,14311,14311,14312,14312,14312,14312,14321,14330,14330,
14330,14330,14330,14330,14331,14331,14334,14339,14344,14349,
14349,14349,14349,14349,14349,14349,14349,14349,14349,14350,
14350,14350,14350,14350,14350,14350,14358,14367,14367,14376,
14384,14392,14401,14408,14416,14425,14435,14437,14439,14441,
14443,14445,14447,14449,14451,14453,14455,14455,14455,14455,
14455,14455,14455,14455,14464,14472,14481,14488,14495,14502,
14511,14520,14528,14538,14538,14538,14538,14538,14539,14546,
14553,14561,14571,14579,14586,14593,14600,14600,14607,14614,
14614,14614,14614,14614,14614,14614,14615,14616,14616,14616,
14616,14616,14616,14616,14616,14617,14620,14623,14627,14631,
14635,14638,14643,14647,14647,14647,14647,14647,14647,14647,
14650,14652,14652,14652,14652,14652,14652,14652,14652,14655,
14659,14662,14667,14670,14674,14678,14682,14685,14688,14692,
14695,14700,14704,14704,14704,14704,14704,14704,14704,14704,
14704,14704,14704,14704,14704,14704,14704,14704,14704,14704,
14704,14708,14717,14724,14734,14742,14750,14758,14766,14776,
14776,14776,14776,14776,14776,14776,14784,14791,14795,14798,
14803,14806,14810,14813,14817,14820,14823,14827,14837,14848,
14848,14848,14858,14867,14877,14887,14896,14906,14915,14923,
14924,14924,14924,14925,14925,14925,14925,14938,14947,14957,
14969,14980,14980,14992,15001,15001,15009,15010,15010,15010,
15010,15018,15018,15018,15027,15027,15027,15037,15046,15046,
15046,15046,15046,15046,15046,15047,15047,15055,15055,15064,
15073,15081,15088,15097,15104,15113,15121,15130,15139,15139,
15147,15147,15147,15147,15147,15147,15155,15155,15155,15155,
15155,15156,15156,15166,15173,15181,15188,15195,15203,15212,
15220,15229,15237,15237,15237,15237,15246,15253,15261,15270,
15277,15286,15295,15303,15304,15311,15318,15318,15327,15327,
15327,15327,15327,15327,15336,15340,15350,15357,15364,15373,
15382,15390,15397,15401,15404,15412,15419,15419,15419,15419,
15422,15425,15428,15432,15435,15438,15441,15441,15441,15441,
15441,15441,15441,15441,15450,15459,15471,15480,15490,15498,
15507,15517,15526,15536,15537,15537,15537,15537,15546,15557,
15567,15578,15588,15596,15607,15618,15618,15618,15618,15618,
15618,15625,15625,15625,15625,15636,15645,15654,15666,15676,
15685,15695,15704,15704,15713,15723,15726,15730,15733,15737,
15740,15744,15752,15761,15769,15772,15782,15783,15792,15800,
15810,15819,15819,15819,15819,15819,15819,15830,15841,15852,
15862,15873,15883,15894,15894,15894,15894,15905,15917,15929,
15941,15952,15964,15976,15988,15999,16000,16000,16000,16012,
16024,16037,16050,16063,16075,16087,16099,16107,16119,16127,
16139,16149,16160,16170,16181,16181,16181,16191,16200,16200,
16200,16200,16200,16200,16200,16200,16201,16202,16207,16210,
16213,16217,16220,16224,16228,16233,16236,16240,16240,16240,
16251,16263,16272,16280,16288,16300,16311,16321,16324,16327,
16330,16333,16338,16341,16351,16354,16355,16355,16355,16355,
16355,16355,16357,16359,16361,16363,16365,16367,16367,16367,
16376,16385,16393,16400,16409,16416,16425,16434,16441,16448,
16448,16448,16448,16459,16471,16479,16489,16499,16511,16521,
16530,16540,16551,16551,16551,16552,16556,16559,16563,16563,
16563,16563,16563,16565,16565,16570,16570,16574,16578,16581,
16584,16588,16589,16589,16589,16589,16589,16589,16598,16608,
16618,16629,16639,16648,16657,16667,16677,16685,16685,16685,
16695,16695,16695,16695,16695,16696,16696,16706,16717,16717,
16725,16733,16743,16752,16761,16772,16782,16794,16798,16798,
16798,16798,16798,16801,16804,16804,16814,16821,16830,16838,
16847,16857,16866,16875,16875,16885,16893,16893,16903,16912,
16919,16927,16927,16935,16935,16935,16935,16937,16939,16941,
16943,16945,16947,16949,16951,16953,16955,16955,16956,16957,
16960,16960,16960,16960,16968,16975,16984,16993,17002,17011,
17021,17028,17035,17042,17042,17042,17042,17042,17042,17042,
17043,17044,17044,17044,17044,17044,17044,17044,17044,17044,
17044,17044,17044,17044,17044,17044,17053,17062,17071,17083,
17092,17101,17110,17119,17128,17135,17143,17153,17165,17169,
17181,17193,17204,17216,17228,17241,17246,17249,17254,17259,
17263,17266,17270,17273,17273,17280,17289,17289,17297,17304,
17313,17322,17329,17336,17345,17352,17352,17352,17352,17352,
17352,17352,17359,17367,17375,17383,17391,17399,17407,17415,
17422,17431,17431,17431,17431,17432,17432,17432,17432,17432,
17435,17435,17435,17435,17435,17435,17435,17435,17435,17435,
17439,17443,17447,17450,17454,17458,17462,17462,17462,17462,
17462,17462,17463,17463,17463,17463,17463,17463,17463,17463,
17466,17471,17476,17479,17482,17485,17489,17493,17500,17501,
17501,17501,17501,17501,17502,17502,17514,17523,17523,17523,
17533,17544,17556,17567,17577,17587,17595,17605,17615,17623,
17632,17633,17641,17648,17658,17668,17675,17684,17684,17684,
17684,17684,17684,17684,17684,17684,17685,17686,17686,17686,
17686,17686,17686,17686,17686,17690,17694,17694,17694,17698,
17701,17704,17707,17710,17713,17716,17719,17719,17727,17727,
17727,17728,17728,17728,17737,17745,17754,17761,17769,17778,
17785,17793,17793,17793,17800,17808,17818,17828,17837,17845,
17855,17864,17872,17879,17889,17898,17906,17917,17917,17917,
17917,17918,17918,17918,17922,17922,17925,17925,17925,17925,
17925,17925,17927,17927,17927,17927,17930,17933,17942,17949,
17949,17959,17967,17976,17983,17990,17997,18007,18016,18016,
18020,18020,18023,18027,18032,18036,18039,18044,18047,18047,
18047,18047,18047,18047,18047,18047,18047,18047,18047,18047,
18047,18047,18047,18047,18047,18047,18047,18047,18047,18054,
18061,18070,18070,18070,18078,18078,18078,18079,18087,18087,
18087,18097,18097,18105,18105,18105,18113,18114,18114,18114,
18114,18114,18114,18122,18130,18142,18150,18160,18169,18178,
18188,18196,18207,18208,18211,18211,18211,18211,18219,18226,
18234,18241,18248,18257,18264,18272,18281,18288,18291,18291,
18292,18292,18292,18292,18292,18292,18292,18292,18292,18293,
18293,18293,18293,18302,18311,18319,18326,18335,18342,18350,
18359,18368,18376,18384,18392,18393,18402,18410,18418,18425,
18434,18441,18450,18458,18458,18458,18458,18461,18464,18468,
18471,18475,18478,18481,18484,18484,18486,18488,18490,18492,
18494,18496,18498,18500,18502,18504,18512,18521,18521,18529,
18538,18546,18555,18563,18571,18580,18587,18587,18587,18587,
18587,18588,18588,18588,18588,18588,18588,18588,18588,18588,
18588,18588,18588,18588,18588,18596,18606,18613,18622,18631,
18638,18646,18654,18661,18670,18670,18670,18670,18670,18670,
18670,18670,18670,18671,18671,18671,18671,18671,18671,18671,
18671,18671,18671,18680,18688,18696,18706,18714,18722,18730,
18737,18737,18746,18756,18756,18756,18756,18764,18764,18764,
18764,18764,18764,18764,18764,18764,18764,18764,18764,18764,
18764,18764,18764,18764,18764,18769,18772,18775,18778,18783,
18783,18783,18783,18783,18783,18783,18783,18783,18783,18783,
18783,18786,18790,18795,18799,18802,18807,18807,18807,18807,
18807,18807,18807,18807,18807,18807,18807,18807,18807,18807,
18807,18807,18807,18807,18807,18807,18807,18807,18807,18807,
18816,18824,18834,18843,18852,18860,18869,18878,18878,18887,
18896,18897,18905,18913,18922,18930,18937,18946,18955,18964,
18971,18980,18980,18980,18980,18981,18982,18982,18982,18982,
18982,18982,18983,18983,18983,18983,18987,18991,18997,19001,
19008,19012,19016,19019,19022,19026,19027,19027,19034,19042,
19050,19060,19068,19075,19083,19090,19099,19107,19116,19125,
19132,19141,19150,19158,19167,19175,19183,19191,19200,19208,
19216,19223,19232,19240,19243,19248,19252,19256,19259,19260,
19263,19267,19272,19278,19278,19286,19294,19297,19300,19309,
19314,19317,19321,19324,19327,19331,19334,19334,19334,19335,
19343,19352,19360,19369,19379,19388,19397,19405,19412,19421,
19421,19421,19421,19421,19431,19440,19440,19451,19461,19471,
19483,19491,19502,19511,19520,19520,19520,19520,19520,19528,
19536,19545,19553,19561,19568,19577,19585,19594,19601,19601,
19601,19601,19601,19601,19601,19601,19601,19601,19603,19605,
19607,19609,19611,19613,19615,19617,19619,19621,19621,19621,
19621,19621,19621,19621,19621,19621,19621,19621,19633,19645,
19657,19669,19682,19695,19707,19719,19719,19719,19719,19719,
19719,19719,19719,19719,19720,19720,19720,19720,19720,19720,
19720,19720,19721,19721,19721,19721,19721,19721,19723,19723,
19723,19723,19724,19724,19724,19733,19733,19733,19733,19738,
19742,19742,19742,19742,19746,19750,19753,19756,19759,19765,
19770,19774,19774,19774,19774,19774,19777,19777,19777,19780,
19783,19787,19790,19793,19797,19800,19805,19811,19815,19815,
19815,19818,19818,19830,19841,19853,19864,19876,19886,19886,
19886,19894,19896,19898,19900,19902,19904,19906,19908,19910,
19912,19914,19915,19923,19930,19939,19947,19955,19963,19970,
19979,19980,19989,19996,19997,19998,19998,19998,19998,19998,
20000,20002,20004,20006,20008,20010,20012,20014,20016,20018,
20018,20018,20018,20018,20018,20018,20018,20018,20018,20018,
20018,20018,20019,20019,20019,20019,20019,20019,20019,20019,
20028,20035,20042,20050,20058,20066,20074,20081,20088,20095,
20097,20099,20103,20109,20111,20114,20116,20118,20121,20123,
20123,20123,20123,20123,20123,20123,20123,20123,20123,20124,
20124,20131,20138,20142,20145,20154,20163,20171,20175,20180,
20188,20189,20189,20189,20189,20189,20189,20189,20189,20189,
20189,20189,20189,20189,20189,20189,20189,20194,20198,20202,
20202,20205,20208,20212,20215,20215,20228,20228,20232,20232,
20235,20235,20235,20235,20235,20239,20243,20246,20246,20247,
20248,20251,20251,20255,20255,20255,20255,20255,20255,20258,
20258,20258,20258,20259,20267,20274,20283,20291,20298,20305,
20312,20319,20327,20336,20339,20344,20347,20351,20354,20357,
20361,20365,20368,20373,20379,20382,20386,20394,20395,20406,
20417,20426,20435,20444,20452,20461,20472,20482,20493,20493,
20493,20500,20500,20507,20516,20525,20525,20528,20540,20547,
20556,20556,20563,20563,20567,20567,20567,20567,20567,20575,
20575,20575,20575,20584,20593,20598,20602,20605,20615,20618,
20626,20633,20642,20651,20655,20663,20663,20663,20663,20663,
20663,20664,20669,20669,20677,20679,20681,20683,20685,20687,
20689,20691,20698,20707,20715,20724,20732,20739,20748,20756,
20756,20763,20770,20778,20787,20794,20802,20811,20819,20828,
20836,20840,20846,20849,20853,20853,20856,20856,20856,20861,
20863,20863,20863,20866,20869,20874,20874,20876,20879,20882,
20885,20888,20891,20894,20897,20901,20901,20901,20901,20901,
20901,20901,20901,20901,20901,20901,20901,20901,20901,20901,
20901,20902,20902,20906,20911,20914,20917,20920,20925,20928,
20932,20932,20932,20932,20932,20936,20941,20946,20949,20952,
20957,20962,20965,20969,20974,20976,20978,20978,20978,20980,
20982,20984,20986,20988,20990,20992,20994,20994,20994,20994,
20994,20995,21002,21002,21005,21005,21006,21006,21006,21006,
21006,21008,21010,21012,21014,21016,21018,21020,21022,21022,
21024,21026,21026,21034,21042,21050,21057,21066,21075,21082,
21090,21099,21106,21106,21106,21109,21113,21118,21122,21126,
21129,21132,21135,21147,21154,21164,21175,21185,21196,21206,
21215,21218,21218,21218,21218,21221,21221,21225,21226,21230,
21230,21233,21236,21238,21240,21247,21249,21251,21259,21266,
21268,21279,21288,21290,21292,21302,21312,21321,21330,21331,
21331,21331,21331,21331,21338,21340,21342,21349,21351,21353,
21355,21357,21359,21367,21369,21372,21372,21381,21381,21388,
21395,21400,21403,21406,21407,21412,21420,21423,21426,21426,
21429,21432,21436,21443,21452,21461,21464,21464,21464,21464,
21467,21468,21478,21488,21488,21499,21509,21520,21529,21537,
21547,21556,21564,21565,21575,21583,21591,21602,21614,21623,
21634,21643,21646,21649,21653,21656,21667,21678,21687,21695,
21702,21710,21710,21718,21726,21733,21742,21750,21760,21769,
21777,21785,21792,21792,21792,21792,21799,21808,21810,21813,
21816,21820,21820,21820,21827,21834,21834,21836,21840,21840,
21848,21857,21866,21873,21880,21888,21897,21904,21911,21918,
21926,21933,21940,21948,21949,21956,21963,21972,21980,21989,
21989,21989,21989,21993,21996,22002,22005,22008,22012,22015,
22015,22015,22018,22027,22034,22041,22048,22052,22055,22060,
22067,22074,22078,22081,22081,22081,22081,22081,22081,22081,
22081,22082,22082,22083,22083,22084,22086,22088,22088,22088,
22090,22092,22094,22096,22098,22100,22102,22104,22104,22104,
22104,22105,22105,22105,22107,22109,22111,22113,22115,22118,
22120,22122,22124,22126,22126,22126,22126,22126,22131,22134,
22139,22143,22147,22150,22150,22150,22157,22166,22175,22182,
22189,22197,22204,22213,22222,22230,22240,22247,22254,22261,
22269,22276,22276,22276,22276,22285,22285,22288,22292,22295,
22298,22301,22306,22311,22314,22314,22317,22320,22320,22323,
22329,22333,22336,22339,22345,22350,22353,22353,22363,22372,
22379,22388,22398,22408,22408,22409,22409,22409,22409,22409,
22409,22409,22409,22410,22410,22410,22419,22426,22433,22442,
22450,22457,22466,22473,22473,22485,22485,22494,22503,22512,
22519,22528,22536,22544,22552,22561,22568,22568,22568,22569,
22578,22585,22585,22585,22585,22585,22585,22585,22585,22585,
22585,22585,22585,22585,22585,22585,22594,22604,22604,22612,
22620,22627,22634,22643,22650,22657,22664,22664,22664,22668,
22671,22675,22678,22682,22685,22691,22694,22694,22694,22694,
22694,22696,22698,22699,22701,22703,22705,22707,22709,22711,
22713,22715,22715,22715,22715,22715,22715,22719,22719,22719,
22719,22719,22720,22720,22729,22729,22729,22729,22729,22729,
22729,22731,22736,22736,22736,22740,22740,22741,22741,22741,
22741,22744,22748,22753,22756,22759,22762,22767,22770,22773,
22773,22773,22773,22782,22782,22782,22783,22783,22786,22786,
22789,22793,22797,22801,22808,22817,22822,22825,22826,22830,
22834,22837,22846,22854,22857,22865,22873,22876,22879,22883,
22887,22892,22896,22899,22904,22907,22910,22910,22915,22915,
22920,22923,22926,22929,22929,22936,22936,22936,22936,22936,
22940,22943,22946,22950,22954,22959,22963,22968,22977,22981,
22985,22985,22985,22987,22989,22989,22991,22993,22995,22997,
22999,23001,23003,23005,23014,23023,23030,23039,23048,23055,
23064,23072,23081,23090,23098,23106,23114,23121,23128,23136,
23145,23153,23161,23168,23168,23168,23168,23168,23171,23171,
23176,23176,23176,23176,23180,23183,23191,23199,23207,23215,
23225,23234,23242,23250,23258,23267,23267,23276,23286,23296,
23304,23313,23321,23330,23339,23347,23354,23354,23354,23354,
23354,23363,23370,23379,23389,23396,23403,23412,23421,23428,
23437,23437,23437,23437,23437,23438,23438,23440,23440,23440,
23440,23440,23444,23444,23444,23444,23444,23444,23444,23444,
23444,23444,23444,23444,23444,23444,23444,23448,23452,23456,
23456,23461,23464,23467,23471,23471,23472,23476,23479,23483,
23487,23491,23496,23499,23503,23503,23508,23513,23513,23521,
23530,23538,23546,23554,23563,23570,23577,23585,23594,23601,
23608,23618,23627,23635,23643,23650,23659,23659,23667,23674,
23674,23674,23674,23677,23679,23681,23683,23685,23687,23689,
23689,23689,23692,23692,23695,23696,23696,23696,23700,23700,
23703,23707,23711,23719,23726,23731,23734,23743,23751,23755,
23762,23769,23779,23783,23783,23783,23783,23784,23791,23801,
23810,23818,23827,23836,23844,23851,23859,23866,23869,23872,
23876,23880,23883,23887,23892,23895,23898,23901,23901,23901,
23908,23908,23908,23917,23918,23918,23918,23918,23918,23927,
23936,23945,23952,23960,23970,23979,23987,23996,23996,24005,
24013,24013,24017,24020,24024,24027,24030,24030,24030,24030,
24033,24043,24050,24058,24067,24074,24081,24090,24096,24100,
24109,24117,24120,24125,24128,24132,24132,24132,24139,24139,
24139,24146,24146,24146,24146,24146,24146,24146,24146,24146,
24146,24146,24146,24146,24146,24146,24146,24146,24158,24170,
24180,24191,24202,24212,24215,24219,24222,24226,24226,24227,
24227,24227,24227,24227,24227,24227,24229,24231,24233,24235,
24237,24239,24241,24243,24243,24245,24247,24247,24247,24251,
24256,24259,24263,24269,24272,24272,24281,24288,24296,24303,
24310,24319,24328,24336,24344,24354,24355,24355,24364,24372,
24385,24385,24393,24393,24405,24412,24423,24432,24445,24445,
24445,24445,24445,24445,24447,24447,24447,24458,24458,24458,
24459,24461,24469,24477,24485,24492,24501,24504,24512,24519,
24519,24521,24528,24535,24547,24547,24549,24551,24552,24552,
24552,24554,24558,24560,24560,24569,24573,24574,24574,24574,
24575,24575,24575,24575,24575,24575,24583,24584,24593,24602,
24610,24610,24611,24611,24613,24622,24622,24622,24622,24626,
24629,24629,24629,24637,24645,24654,24663,24672,24682,24689,
24689,24690,24693,24693,24698,24702,24705,24708,24708,24708,
24708,24708,24708,24708,24708,24708,24708,24708,24708,24708,
24708,24719,24730,24730,24741,24753,24765,24777,24789,24801,
24813,24826,24826,24826,24826,24826,24826,24826,24826,24829,
24829,24834,24834,24834,24838,24843,24843,24843,24847,24847,
24847,24847,24847,24847,24852,24855,24860,24863,24867,24871,
24875,24879,24887,24887,24895,24898,24898,24908,24911,24914,
24918,24925,24928,24931,24934,24937,24941,24946,24952,24952,
24955,24962,24962,24963,24963,24963,24963,24972,24980,24989,
24997,25006,25014,25023,25031,25040,25050,25050,25050,25050,
25050,25050,25050,25051,25060,25067,25075,25084,25091,25100,
25109,25119,25128,25136,25136,25145,25145,25145,25145,25145,
25145,25145,25145,25149,25153,25156,25159,25163,25166,25166,
25166,25166,25166,25166,25166,25166,25169,25172,25176,25179,
25185,25188,25192,25196,25201,25204,25205,25205,25205,25205,
25205,25205,25205,25205,25209,25212,25213,25216,25220,25223,
25228,25232,25236,25239,25239,25246,25255,25265,25273,25282,
25292,25299,25308,25317,25326,25335,25343,25351,25359,25368,
25377,25384,25388,25392,25395,25399,25403,25407,25411,25415,
25418,25423,25426,25426,25426,25426,25426,25426,25426,25426,
25426,25431,25433,25442,25442,25442,25442,25442,25442,25442,
25446,25449,25452,25455,25459,25463,25466,25470,25474,25479,
25480,25480,25481,25481,25481,25481,25481,25482,25482,25482,
25482,25482,25482,25484,25484,25484,25486,25486,25486,25486,
25486,25489,25492,25495,25498,25502,25506,25509,25509,25518,
25519,25519,25519,25519,25519,25519,25519,25519,25529,25537,
25548,25556,25564,25575,25584,25593,25593,25603,25612,25620,
25629,25629,25636,25640,25649,25659,25666,25674,25683,25690,
25698,25698,25698,25699,25699,25702,25706,25710,25715,25718,
25721,25726,25730,25738,25746,25753,25763,25766,25774,25782,
25791,25791,25791,25791,25791,25802,25812,25821,25833,25841,
25851,25860,25869,25872,25875,25885,25893,25898,25901,25904,
25907,25907,25907,25907,25907,25907,25907,25907,25907,25907,
25916,25916,25916,25916,25917,25927,25939,25939,25948,25959,
25967,25975,25986,25996,26008,26018,26020,26022,26024,26026,
26028,26030,26032,26034,26036,26038,26038,26038,26039,26039,
26039,26039,26039,26039,26039,26039,26039,26039,26039,26039,
26039,26039,26039,26039,26039,26039,26039,26039,26039,26039,
26039,26039,26039,26039,26039,26039,26039,26039,26039,26039,
26039,26039,26039,26039,26039,26039,26039,26040,26040,26040,
26040,26044,26044,26044,26044,26044,26044,26048,26048,26057,
26067,26067,26077,26080,26083,26087,26090,26093,26098,26105,
26105,26105,26105,26105,26105,26105,26113,26113,26113,26113,
26113,26113,26113,26113,26113,26113,26113,26113,26113,26120,
26127,26136,26145,26154,26155,26163,26172,26179,26187,26187,
26187,26187,26187,26195,26195,26195,26195,26202,26211,26220,
26229,26237,26244,26252,26259,26267,26275,26275,26275,26276,
26276,26277,26277,26277,26286,26293,26302,26309,26319,26328,
26336,26345,26353,26362,26363,26363,26363,26363,26363,26363,
26365,26367,26369,26371,26373,26375,26377,26379,26381,26383,
26383,26383,26383,26390,26398,26406,26413,26421,26430,26439,
26447,26455,26462,26462,26462,26462,26463,26471,26474,26481,
26485,26489,26493,26496,26500,26506,26515,26524,26532,26539,
26549,26556,26564,26572,26581,26589,26589,26589,26597,26597,
26604,26605,26605,26605,26605,26605,26605,26605,26607,26609,
26609,26609,26609,26610,26610,26612,26612,26613,26615,26615,
26615,26617,26619,26621,26623,26625,26627,26629,26631,26633,
26635,26637,26639,26639,26650,26650,26650,26650,26650,26650,
26650,26650,26650,26650,26660,26660,26660,26660,26660,26660,
26660,26660,26660,26660,26661,26661,26661,26661,26661,26661,
26665,26669,26673,26677,26681,26686,26690,26694,26694,26698,
26702,26702,26702,26702,26702,26710,26710,26710,26710,26710,
26710,26710,26710,26710,26711,26711,26711,26720,26728,26735,
26742,26750,26759,26767,26775,26783,26792,26792,26792,26792,
26792,26792,26792,26794,26796,26798,26800,26802,26804,26806,
26808,26808,26808,26810,26812,26814,26814,26814,26814,26814,
26814,26818,26824,26828,26831,26836,26841,26844,26853,26861,
26869,26878,26886,26894,26901,26908,26909,26912,26921,26930,
26933,26938,26941,26945,26950,26953,26957,26961,26961,26964,
26971,26978,26987,26995,27003,27010,27017,27024,27024,27024,
27032,27039,27044,27053,27053,27053,27056,27059,27062,27065,
27069,27073,27076,27081,27081,27081,27089,27097,27097,27106,
27115,27122,27129,27138,27147,27155,27163,27163,27163,27168,
27180,27193,27205,27217,27228,27240,27252,27264,27277,27288,
27297,27306,27315,27323,27333,27343,27352,27359,27359,27359,
27368,27377,27386,27396,27396,27396,27396,27397,27397,27397,
27397,27400,27400,27404,27414,27420,27424,27427,27430,27438,
27447,27450,27454,27455,27465,27465,27465,27465,27465,27465,
27465,27465,27467,27469,27471,27473,27475,27477,27479,27481,
27483,27485,27485,27496,27507,27518,27530,27532,27534,27536,
27538,27540,27542,27544,27546,27548,27550,27550,27558,27558,
27558,27558,27558,27558,27558,27558,27558,27558,27559,27559,
27559,27559,27559,27559,27559,27559,27571,27583,27583,27596,
27608,27621,27633,27645,27657,27669,27681,27685,27689,27693,
27699,27702,27705,27709,27710,27713,27713,27713,27713,27713,
27713,27716,27719,27719,27719,27719,27719,27729,27729,27730,
27730,27739,27739,27739,27740,27740,27740,27741,27744,27747,
27751,27751,27751,27751,27755,27755,27759,27759,27759,27763,
27763,27766,27768,27770,27770,27781,27783,27785,27787,27789,
27791,27793,27795,27797,27797,27798,27806,27814,27814,27822,
27831,27840,27848,27855,27863,27872,27880,27880,27880,27892,
27904,27917,27928,27940,27952,27965,27976,27976,27988,28000,
28000,28008,28017,28027,28035,28044,28052,28061,28070,28078,
28085,28085,28085,28085,28087,28087,28087,28087,28087,28087,
28087,28094,28094,28094,28094,28095,28095,28095,28095,28096,
28104,28113,28122,28130,28139,28147,28156,28163,28163,28171,
28178,28178,28178,28178,28178,28178,28178,28178,28178,28186,
28195,28202,28211,28220,28228,28236,28246,28255,28263,28264,
28264,28264,28272,28272,28280,28284,28288,28292,28295,28303,
28303,28313,28321,28331,28341,28349,28359,28369,28371,28381,
28393,28393,28395,28397,28399,28401,28403,28405,28407,28409,
28411,28413,28413,28413,28415,28418,28425,28432,28432,28441,
28449,28449,28457,28469,28477,28484,28492,28501,28509,28516,
28524,28533,28541,28550,28550,28550,28550,28550,28550,28550,
28550,28550,28550,28561,28571,28580,28591,28601,28609,28618,
28626,28635,28644,28644,28647,28647,28647,28647,28647,28647,
28647,28647,28648,28655,28655,28663,28670,28678,28687,28688,
28695,28704,28712,28713,28720,28727,28735,28744,28752,28760,
28768,28778,28786,28795,28798,28808,28812,28815,28818,28827,
28835,28835,28836,28839,28842,28845,28850,28854,28858,28862,
28866,28869,28873,28873,28874,28874,28874,28874,28874,28874,
28874,28874,28874,28874,28874,28875,28877,28886,28888,28895,
28904,28913,28922,28930,28939,28941,28943,28945,28947,28949,
28951,28953,28955,28955,28955,28958,28962,28962,28962,28962,
28962,28962,28962,28962,28962,28962,28962,28962,28963,28963,
28963,28965,28965,28965,28965,28965,28965,28965,28969,28974,
28978,28981,28984,28987,28991,28994,28997,29000,29003,29006,
29015,29015,29015,29015,29015,29015,29015,29015,29015,29015,
29017,29019,29021,29023,29025,29025,29025,29025,29025,29025,
29025,29026,29036,29044,29056,29066,29074,29085,29097,29106,
29114,29125,29126,29133,29143,29151,29159,29166,29174,29183,
29191,29201,29209,29209,29209,29209,29209,29209,29209,29209,
29209,29209,29209,29209,29209,29209,29213,29213,29213,29213,
29216,29220,29225,29229,29235,29238,29241,29244,29252,29256,
29256,29257,29257,29257,29257,29257,29257,29258,29258,29258,
29258,29258,29267,29267,29267,29267,29267,29267,29267,29267,
29267,29267,29267,29267,29271,29276,29281,29285,29289,29289,
29289,29290,29290,29290,29290,29290,29290,29290,29290,29290,
29290,29291,29291,29291,29291,29291,29291,29291,29291,29291,
29291,29294,29298,29301,29305,29308,29312,29312,29312,29312,
29316,29319,29322,29325,29329,29332,29335,29339,29342,29345,
29345,29345,29345,29345,29345,29349,29360,29369,29379,29390,
29400,29409,29418,29430,29440,29449,29451,29460,29468,29470,
29472,29482,29484,29486,29488,29490,29499,29507,29507,29508,
29508,29511,29515,29518,29521,29524,29529,29533,29542,29542,
29551,29559,29560,29570,29570,29577,29585,29593,29600,29600,
29608,29617,29626,29633,29643,29651,29660,29667,29676,29676,
29676,29676,29676,29676,29676,29678,29680,29682,29684,29686,
29688,29690,29692,29694,29696,29705,29714,29722,29730,29740,
29747,29754,29761,29761,29769,29778,29778,29778,29778,29779,
29787,29795,29803,29812,29813,29820,29829,29837,29841,29848,
29858,29862,29862,29867,29867,29868,29868,29871,29871,29874,
29874,29874,29877,29877,29878,29878,29878,29878,29878,29878,
29878,29878,29878,29886,29895,29903,29910,29919,29927,29936,
29946,29953,29961,29970,29977,29985,29994,30003,30013,30021,
30029,30037,30046,30046,30046,30049,30052,30054,30056,30058,
30060,30069,30071,30080,30089,30097,30105,30107,30115,30122,
30131,30133,30135,30137,30139,30141,30143,30145,30147,30149,
30151,30158,30166,30173,30181,30190,30198,30207,30216,30224,
30229,30233,30236,30245,30252,30257,30260,30262,30264,30266,
30268,30270,30272,30274,30276,30276,30278,30280,30290,30299,
30311,30321,30329,30339,30349,30360,30360,30369,30379,30379,
30379,30385,30390,30395,30398,30401,30404,30404,30408,30412,
30412,30412,30416,30419,30422,30426,30429,30432,30435,30438,
30447,30455,30465,30474,30482,30489,30498,30505,30513,30521,
30521,30521,30521,30521,30528,30528,30537,30537,30540,30544,
30550,30554,30557,30561,30564,30567,30571,30574,30574,30582,
30582,30582,30582,30582,30582,30583,30583,30583,30583,30583,
30590,30590,30590,30591,30591,30591,30591,30591,30601,30601,
30601,30605,30609,30612,30618,30621,30624,30627,30630,30634,
30635,30635,30635,30635,30635,30635,30635,30635,30642,30642,
30642,30642,30642,30642,30642,30642,30650,30663,30676,30676,
30676,30676,30687,30691,30694,30698,30701,30705,30709,30710,
30715,30719,30727,30730,30730,30730,30730,30730,30730,30730,
30730,30730,30730,30730,30730,30730,30730,30730,30734,30737,
30741,30745,30748,30752,30756,30757,30757,30757,30757,30757,
30757,30757,30766,30766,30766,30766,30769,30773,30777,30781,
30785,30788,30792,30795,30799,30802,30802,30810,30818,30827,
30837,30845,30854,30863,30870,30879,30888,30888,30890,30892,
30892,30900,30901,30901,30904,30904,30910,30910,30914,30918,
30921,30921,30924,30928,30932,30935,30941,30945,30951,30960,
30962,30964,30966,30968,30970,30978,30980,30982,30991,30991,
30993,30995,30995,30995,30995,30995,30995,30995,30995,30995,
30995,30995,30995,30995,30995,30995,30995,30996,30996,30997,
30999,31001,31003,31005,31007,31009,31011,31013,31015,31017,
31021,31024,31024,31024,31025,31026,31026,31026,31027,31027,
31027,31027,31032,31032,31032,31032,31032,31034,31036,31038,
31040,31042,31044,31046,31048,31050,31052,31056,31056,31056,
31056,31056,31056,31056,31056,31056,31069,31081,31092,31103,
31114,31126,31139,31140,31153,31166,31166,31166,31166,31169,
31172,31175,31179,31182,31188,31192,31196,31199,31202,31202,
31202,31202,31202,31209,31217,31225,31234,31244,31251,31260,
31267,31267,31267,31275,31282,31283,31283,31283,31283,31284,
31284,31284,31287,31296,31305,31309,31318,31326,31335,31345,
31355,31358,31367,31376,31380,31383,31387,31387,31390,31394,
31399,31399,31403,31403,31403,31410,31419,31427,31436,31446,
31454,31462,31469,31470,31470,31479,31487,31489,31491,31491,
31491,31491,31494,31494,31495,31495,31495,31495,31495,31496,
31499,31499,31499,31499,31502,31502,31502,31506,31509,31512,
31516,31519,31523,31527,31531,31534,31538,31542,31547,31550,
31559,31561,31561,31561,31570,31570,31570,31578,31578,31587,
31587,31597,31597,31606,31606,31614,31614,31624,31632,31632,
31633,31633,31633,31634,31634,31634,31634,31636,31637,31637,
31637,31641,31645,31648,31653,31657,31660,31664,31670,31674,
31678,31682,31682,31685,31689,31692,31696,31699,31702,31705,
31710,31713,31716,31720,31727,31727,31730,31730,31730,31734,
31734,31734,31734,31734,31734,31734,31734,31734,31736,31737,
31740,31744,31747,31752,31757,31760,31763,31766,31770,31773,
31773,31776,31776,31776,31786,31786,31786,31786,31786,31786,
31786,31789,31792,31797,31801,31807,31810,31813,31816,31816,
31819,31822,31833,31844,31857,31869,31880,31892,31903,31915,
31915,31915,31919,31922,31929,31932,31936,31940,31940,31940,
31940,31940,31940,31940,31940,31940,31940,31940,31944,31947,
31947,31947,31950,31954,31957,31960,31964,31967,31971,31975,
31975,31975,31980,31983,31988,31994,31998,32004,32004,32004,
32004,32011,32011,32011,32018,32021,32025,32028,32033,32037,
32041,32045,32045,32045,32045,32045,32045,32045,32045,32045,
32046,32053,32061,32061,32061,32061,32061,32070,32070,32070,
32070,32070,32077,32085,32085,32089,32092,32096,32100,32103,
32103,32103,32103,32103,32103,32106,32109,32112,32116,32116,
32116,32117,32117,32117,32117,32117,32125,32132,32132,32132,
32139,32147,32156,32164,32173,32182,32190,32198,32198,32198,
32198,32198,32198,32198,32198,32198,32198,32198,32198,32198,
32198,32198,32198,32198,32201,32204,32204,32209,32212,32215,
32218,32222,32227,32230,32234,32234,32234,32234,32237,32246,
32246,32246,32255,32258,32262,32265,32269,32273,32278,32281,
32290,32299,32299,32308,32316,32323,32330,32339,32346,32355,
32362,32362,32365,32370,32374,32377,32380,32384,32387,32387,
32390,32392,32392,32392,32392,32392,32392,32392,32392,32392,
32392,32392,32401,32402,32402,32402,32402,32404,32406,32408,
32410,32412,32414,32416,32418,32420,32422,32422,32434,32444,
32452,32461,32470,32480,32488,32499,32509,32520,32520,32520,
32520,32520,32528,32536,32536,32538,32546,32549,32552,32555,
32558,32561,32565,32568,32572,32572,32579,32579,32583,32587,
32588,32588,32597,32607,32607,32615,32625,32636,32646,32655,
32664,32673,32681,32691,32701,32712,32722,32730,32738,32748,
32758,32768,32778,32788,32798,32807,32817,32827,32838,32838,
32838,32838,32838,32846,32846,32856,32856,32856,32863,32863,
32872,32872,32881,32888,32888,32888,32897,32897,32904,32904,
32904,32904,32915,32915,32915,32915,32923,32923,32923,32923,
32923,32924,32932,32942,32950,32960,32968,32976,32984,32992,
33001,33006,33015,33024,33033,33042,33049,33060,33060,33060,
33070,33070,33075,33075,33075,33080,33082,33084,33086,33088,
33090,33092,33094,33096,33100,33100,33102,33112,33121,33124,
33133,33142,33145,33155,33165,33174,33174,33182,33190,33190,
33191,33191,33191,33191,33191,33191,33192,33192,33192,33192,
33192,33193,33193,33193,33193,33193,33193,33193,33193,33193,
33193,33193,33193,33193,33198,33202,33202,33207,33210,33214,
33218,33223,33226,33230,33233,33241,33250,33257,33265,33273,
33282,33290,33300,33307,33317,33317,33318,33318,33318,33318,
33318,33318,33318,33323,33323,33326,33329,33334,33339,33348,
33360,33360,33371,33383,33391,33401,33410,33420,33430,33440,
33443,33447,33450,33453,33457,33461,33464,33470,33473,33476,
33479,33482,33485,33495,33502,33506,33510,33517,33517,33517,
33517,33522,33526,33526,33526,33526,33526,33527,33527,33528,
33528,33528,33528,33528,33528,33532,33535,33538,33541,33541,
33542,33542,33542,33542,33542,33542,33542,33552,33562,33570,
33580,33588,33597,33607,33619,33619,33631,33639,33651,33651,
33651,33659,33659,33659,33667,33667,33667,33676,33676,33688,
33688,33700,33703,33708,33712,33715,33718,33721,33725,33728,
33737,33737,33740,33743,33752,33762,33770,33779,33786,33795,
33803,33812,33821,33830,33838,33847,33857,33867,33875,33885,
33885,33885,33885,33893,33893,33894,33906,33908,33908,33912,
33916,33919,33923,33928,33931,33935,33938,33942,33946,33946,
33946,33946,33946,33946,33946,33946,33946,33946,33950,33950,
33950,33950,33950,33950,33951,33951,33952,33953,33960,33960,
33960,33970,33970,33978,33978,33978,33978,33978,33978,33979,
33979,33979,33979,33987,33996,34004,34013,34020,34029,34037,
34045,34054,34064,34065,34065,34065,34065,34065,34065,34065,
34068,34072,34076,34077,34081,34081,34081,34082,34082,34082,
34090,34090,34090,34090,34090,34090,34093,34097,34097,34098,
34098,34100,34104,34108,34112,34116,34121,34124,34129,34132,
34132,34132,34132,34135,34139,34143,34146,34149,34152,34156,
34159,34168,34177,34185,34194,34203,34210,34214,34224,34224,
34224,34232,34241,34241,34241,34249,34256,34264,34273,34280,
34289,34297,34305,34307,34309,34311,34313,34315,34317,34319,
34321,34323,34323,34323,34323,34323,34323,34324,34324,34324,
34324,34324,34324,34336,34348,34348,34348,34348,34348,34348,
34348,34348,34350,34350,34350,34350,34350,34350,34351,34351,
34362,34363,34364,34364,34364,34364,34364,34364,34364,34364,
34372,34379,34379,34379,34387,34394,34403,34410,34417,34425,
34435,34444,34444,34444,34445,34445,34445,34445,34445,34452,
34459,34460,34469,34476,34485,34492,34501,34509,34517,34526,
34526,34526,34526,34526,34526,34526,34526,34526,34526,34526,
34526,34526,34526,34526,34526,34526,34526,34526,34526,34526,
34534,34541,34541,34541,34542,34550,34560,34568,34576,34583,
34592,34601,34610,34623,34635,34647,34659,34671,34683,34696,
34707,34720,34733,34736,34747,34758,34769,34781,34793,34805,
34818,34829,34840,34853,34857,34860,34866,34869,34872,34875,
34878,34881,34881,34884,34888,34888,34889,34889,34889,34889,
34889,34889,34889,34889,34889,34893,34893,34893,34893,34897,
34897,34900,34905,34909,34915,34918,34923,34928,34932,34936,
34943,34947,34947,34952,34957,34961,34964,34967,34970,34975,
34978,34978,34982,34985,34985,34985,34985,34987,34989,34991,
34993,34995,34997,34999,35001,35003,35005,35005,35005,35005,
35005,35013,35022,35030,35037,35045,35052,35059,35066,35074,
35081,35081,35081,35081,35081,35085,35088,35093,35096,35100,
35104,35108,35111,35111,35111,35111,35111,35111,35111,35115,
35115,35115,35116,35116,35120,35127,35134,35142,35145,35153,
35158,35165,35173,35182,35190,35191,35200,35209,35218,35226,
35234,35242,35250,35257,35264,35271,35275,35278,35281,35282,
35282,35282,35283,35283,35283,35293,35293,35293,35293,35295,
35295,35295,35295,35295,35295,35295,35295,35295,35295,35295,
35295,35295,35295,35295,35295,35295,35295,35298,35300,35302,
35304,35306,35308,35310,35312,35314,35316,35318,35325,35334,
35343,35352,35359,35367,35367,35371,35371,35371,35371,35374,
35378,35382,35385,35389,35394,35394,35401,35408,35417,35425,
35434,35442,35449,35457,35467,35476,35477,35486,35493,35502,
35513,35522,35531,35542,35554,35565,35577,35586,35594,35594,
35601,35610,35620,35630,35639,35648,35656,35665,35665,35665,
35665,35665,35665,35665,35665,35666,35666,35675,35685,35692,
35700,35708,35715,35724,35731,35740,35748,35748,35752,35756,
35760,35765,35769,35773,35776,35779,35779,35783,35787,35790,
35792,35794,35796,35798,35800,35802,35804,35806,35808,35810,
35810,35810,35818,35826,35826,35827,35834,35843,35851,35859,
35867,35877,35886,35895,35895,35896,35909,35921,35933,35944,
35944,35944,35944,35944,35948,35948,35948,35948,35948,35948,
35948,35948,35952,35952,35952,35952,35953,35954,35954,35954,
35963,35970,35979,35988,35997,36004,36013,36020,36020,36020,
36028,36036,36048,36060,36073,36086,36097,36109,36121,36132,
36144,36155,36155,36155,36155,36158,36163,36166,36170,36173,
36186,36190,36194,36198,36202,36202,36202,36202,36202,36202,
36202,36202,36202,36202,36202,36202,36202,36202,36202,36202,
36202,36202,36203,36203,36203,36206,36210,36214,36217,36222,
36227,36231,36236,36240,36244,36244,36244,36244,36244,36244,
36244,36244,36244,36244,36244,36244,36251,36258,36265,36273,
36281,36288,36297,36304,36314,36322,36322,36322,36322,36322,
36322,36322,36322,36325,36329,36332,36335,36335,36341,36350,
36360,36368,36378,36389,36397,36406,36418,36418,36428,36439,
36439,36439,36451,36462,36475,36486,36497,36509,36520,36532,
36544,36555,36555,36555,36556,36556,36556,36558,36566,36568,
36572,36575,36578,36581,36584,36587,36590,36590,36590,36594,
36596,36599,36603,36606,36609,36614,36624,36627,36631,36631,
36640,36643,36653,36661,36668,36675,36684,36693,36697,36700,
36704,36711,36720,36728,36732,36741,36741,36742,36742,36742,
36742,36742,36742,36742,36742,36749,36758,36765,36772,36780,
36789,36798,36806,36814,36821,36825,36834,36837,36840,36843,
36846,36850,36853,36853,36857,36861,36861,36864,36867,36871,
36874,36877,36880,36883,36888,36892,36895,36899,36902,36906,
36909,36912,36916,36926,36929,36938,36942,36951,36958,36967,
36970,36978,36985,36985,36985,36985,36985,36989,36993,36996,
36999,37002,37006,37010,37015,37019,37022,37023,37023,37027,
37031,37036,37040,37043,37047,37047,37047,37047,37047,37052,
37058,37062,37067,37072,37076,37079,37082,37082,37082,37090,
37100,37109,37118,37129,37138,37149,37159,37169,37177,37177,
37180,37185,37189,37193,37196,37201,37204,37207,37207,37208,
37212,37215,37223,37223,37223,37232,37232,37240,37243,37246,
37249,37253,37257,37260,37261,37264,37267,37267,37270,37277,
37281,37286,37289,37292,37297,37301,37306,37309,37312,37319,
37323,37327,37332,37335,37338,37348,37358,37358,37358,37367,
37378,37388,37400,37411,37419,37429,37439,37439,37439,37440,
37440,37442,37444,37446,37448,37450,37452,37454,37456,37458,
37460,37460,37461,37473,37485,37494,37503,37514,37524,37528,
37529,37533,37536,37539,37542,37542,37546,37550,37552,37555,
37557,37559,37561,37563,37563,37564,37564,37564,37564,37573,
37573,37584,37584,37591,37591,37592,37592,37601,37601,37608,
37616,37620,37628,37628,37628,37628,37633,37633,37636,37643,
37643,37654,37661,37662,37669,37671,37673,37678,37678,37678,
37680,37682,37684,37686,37688,37690,37692,37694,37697,37697,
37705,37705,37713,37714,37714,37715,37718,37722,37726,37730,
37733,37738,37738,37738,37738,37742,37745,37748,37753,37757,
37760,37763,37766,37766,37770,37770,37770,37770,37771,37771,
37779,37787,37794,37802,37811,37820,37827,37837,37845,37852,
37852,37852,37862,37862,37873,37873,37873,37873,37873,37873,
37873,37873,37873,37873,37884,37894,37903,37911,37921,37930,
37939,37949,37956,37956,37968,37975,37975,37975,37975,37980,
37980,37988,37988,37988,37988,37988,37988,37988,37988,37996,
37996,37996,37996,37996,37996,37996,37996,37996,37996,37996,
37996,38000,38005,38008,38011,38014,38017,38020,38023,38023,
38027,38032,38041,38049,38050,38057,38066,38074,38082,38090,
38098,38106,38118,38127,38135,38143,38153,38163,38173,38174,
38182,38190,38190,38197,38202,38211,38214,38217,38222,38226,
38230,38235,38242,38246,38251,38255,38258,38262,38265,38266,
38269,38272,38277,38281,38285,38290,38291,38291,38291,38291,
38291,38291,38291,38291,38291,38298,38306,38315,38323,38331,
38339,38346,38356,38363,38370,38370,38378,38378,38378,38388,
38392,38396,38396,38401,38405,38409,38412,38416,38419,38423,
38426,38426,38426,38426,38435,38435,38435,38444,38444,38444,
38444,38444,38444,38448,38452,38455,38460,38463,38467,38470,
38473,38473,38478,38482,38483,38492,38502,38510,38518,38526,
38535,38544,38552,38560,38569,38573,38573,38577,38581,38585,
38588,38588,38588,38588,38589,38589,38589,38589,38592,38592,
38592,38595,38599,38599,38602,38602,38605,38608,38611,38613,
38615,38615,38620,38620,38622,38624,38626,38628,38630,38632,
38634,38636,38636,38639,38639,38640,38644,38647,38650,38655,
38659,38667,38670,38670,38670,38673,38679,38679,38686,38686,
38686,38688,38690,38690,38692,38694,38696,38698,38700,38702,
38704,38706,38708,38718,38718,38720,38722,38724,38726,38728,
38730,38732,38734,38734,38734,38734,38734,38734,38734,38735,
38735,38735,38735,38735,38743,38753,38760,38768,38776,38786,
38795,38804,38813,38822,38822,38822,38822,38823,38824,38824,
38824,38824,38824,38833,38842,38852,38860,38870,38881,38890,
38899,38899,38907,38917,38917,38919,38919,38919,38919,38920,
38920,38921,38929,38936,38936,38945,38954,38963,38970,38980,
38989,38998,39007,39015,39015,39015,39018,39021,39026,39030,
39035,39044,39044,39051,39061,39070,39079,39079,39087,39097,
39107,39117,39125,39134,39142,39152,39156,39160,39160,39163,
39167,39170,39173,39176,39181,39184,39187,39187,39190,39193,
39198,39204,39208,39218,39222,39225,39228,39231,39231,39231,
39232,39232,39232,39232,39239,39248,39256,39264,39273,39283,
39291,39301,39310,39317,39317,39317,39321,39321,39321,39321,
39321,39321,39321,39321,39321,39321,39321,39324,39324,39324,
39324,39324,39324,39324,39324,39332,39341,39350,39359,39367,
39375,39382,39389,39396,39403,39403,39403,39403,39403,39404,
39405,39405,39405,39405,39412,39421,39421,39421,39429,39438,
39446,39455,39463,39472,39479,39487,39487,39487,39497,39506,
39514,39522,39530,39539,39549,39556,39556,39564,39573,39573,
39573,39573,39573,39573,39576,39576,39576,39580,39583,39587,
39591,39595,39598,39603,39607,39611,39616,39616,39620,39620,
39620,39620,39623,39623,39623,39623,39623,39624,39624,39624,
39630,39633,39637,39643,39647,39650,39660,39668,39676,39683,
39692,39701,39709,39718,39725,39732,39736,39739,39742,39746,
39753,39756,39761,39764,39769,39774,39778,39783,39786,39790,
39793,39797,39799,39801,39803,39805,39807,39809,39811,39813,
39815,39817,39817,39821,39830,39840,39849,39854,39858,39867,
39875,39884,39891,39892,39892,39892,39892,39892,39892,39892,
39900,39909,39918,39925,39934,39942,39951,39960,39968,39978,
39978,39978,39978,39986,39995,40004,40012,40020,40027,40037,
40047,40047,40056,40063,40073,40083,40087,40091,40091,40091,
40091,40091,40091,40091,40091,40091,40092,40100,40107,40114,
40123,40132,40140,40147,40156,40164,40172,40179,40186,40186,
40186,40187,40187,40191,40191,40191,40191,40191,40191,40191,
40191,40191,40191,40191,40191,40191,40191,40191,40191,40194,
40195,40195,40195,40203,40211,40218,40225,40233,40240,40250,
40260,40267,40274,40274,40278,40282,40285,40288,40291,40294,
40297,40300,40303,40306,40306,40306,40306,40306,40306,40306,
40306,40314,40322,40323,40330,40331,40335,40339,40347,40355,
40358,40358,40362,40365,40369,40372,40375,40375,40375,40376,
40376,40376,40376,40376,40376,40376,40377,40377,40379,40386,
40388,40390,40392,40394,40396,40398,40405,40412,40419,40421,
40429,40439,40441,40449,40454,40457,40460,40465,40468,40471,
40474,40477,40480,40483,40483,40483,40483,40486,40494,40502,
40509,40517,40525,40535,40543,40552,40560,40568,40577,40587,
40595,40595,40600,40601,40601,40601,40604,40604,40604,40604,
40604,40604,40604,40604,40604,40604,40605,40606,40606,40606,
40606,40606,40614,40622,40629,40637,40645,40655,40664,40672,
40679,40688,40688,40688,40688,40688,40688,40688,40690,40691,
40691,40691,40693,40693,40701,40701,40706,40711,40711,40711,
40711,40713,40713,40721,40724,40728,40728,40729,40733,40733,
40740,40740,40748,40748,40748,40752,40755,40756,40756,40758,
40765,40767,40775,40784,40792,40794,40803,40810,40818,40827,
40829,40836,40845,40845,40847,40854,40854,40856,40865,40865,
40867,40877,40887,40896,40905,40914,40923,40930,40937,40945,
40953,40960,40960,40965,40965,40974,40975,40983,40984,40984,
40984,40991,40991,40991,40991,40992,40992,40992,40992,40992,
41004,41004,41004,41004,41004,41004,41008,41012,41015,41018,
41022,41025,41028,41031,41031,41031,41031,41031,41036,41039,
41039,41039,41039,41039,41042,41047,41051,41055,41058,41058,
41058,41058,41058,41058,41058,41058,41058,41058,41058,41058,
41058,41058,41058,41058,41058,41058,41058,41058,41058,41063,
41065,41065,41065,41069,41069,41069,41069,41069,41069,41069,
41069,41069,41069,41069,41070,41070,41076,41080,41080,41080,
41080,41080,41080,41088,41097,41106,41115,41124,41132,41141,
41150,41159,41167,41176,41185,41193,41201,41210,41219,41219,
41219,41219,41219,41219,41227,41236,41244,41253,41260,41269,
41277,41285,41293,41302,41303,41303,41303,41303,41312,41321,
41330,41339,41348,41356,41365,41374,41383,41392,41392,41392,
41392,41392,41392,41392,41392,41396,41401,41401,41401,41408,
41417,41419,41429,41437,41446,41459,41470,41482,41491,41503,
41515,41525,41525,41534,41534,41536,41536,41539,41541,41544,
41546,41549,41551,41551,41551,41558,41560,41560,41568,41571,
41571,41573,41575,41575,41583,41583,41583,41585,41585,41585,
41585,41587,41589,41589,41591,41593,41595,41597,41599,41601,
41603,41605,41605,41614,41614,41621,41624,41634,41642,41649,
41657,41665,41668,41675,41684,41687,41690,41690,41690,41695,
41698,41703,41703,41703,41706,41707,41707,41707,41708,41708,
41708,41717,41727,41735,41744,41754,41763,41774,41784,41793,
41801,41803,41805,41807,41809,41811,41813,41815,41817,41819,
41821,41821,41821,41821,41821,41824,41832,41832,41832,41832,
41832,41832,41833,41841,41850,41850,41854,41863,41871,41879,
41889,41901,41910,41921,41932,41932,41932,41932,41932,41932,
41932,41932,41940,41940,41940,41940,41940,41943,41943,41946,
41949,41959,41966,41975,41985,41993,41997,42000,42004,42016,
42023,42034,42044,42044,42045,42047,42049,42051,42053,42056,
42063,42063,42066,42070,42075,42079,42082,42086,42090,42094,
42102,42111,42111,42112,42121,42121,42131,42131,42131,42138,
42147,42147,42147,42147,42147,42154,42154,42161,42171,42171,
42171,42171,42171,42175,42178,42183,42186,42192,42196,42199,
42204,42208,42212,42212,42215,42215,42219,42219,42227,42236,
42236,42239,42239,42239,42248,42251,42251,42261,42273,42283,
42295,42305,42315,42324,42333,42342,42354,42365,42373,42385,
42385,42393,42405,42406,42406,42419,42419,42427,42427,42427,
42436,42436,42444,42456,42456,42467,42467,42479,42479,42480,
42480,42480,42483,42487,42491,42494,42498,42502,42505,42508,
42511,42516,42519,42523,42526,42529,42535,42539,42546,42555,
42564,42572,42579,42588,42595,42603,42605,42607,42609,42611,
42613,42615,42615,42615,42623,42631,42639,42647,42656,42664,
42672,42680,42688,42695,42695,42699,42702,42706,42711,42714,
42717,42720,42724,42724,42728,42732,42741,42744,42748,42753,
42757,42760,42763,42766,42771,42775,42779,42779,42779,42779,
42779,42788,42792,42795,42800,42803,42808,42814,42818,42822,
42823,42834,42846,42857,42867,42879,42890,42901,42909,42917,
42917,42917,42925,42932,42941,42948,42955,42964,42973,42981,
42981,42981,42981,42981,42990,42999,42999,43009,43017,43026,
43034,43042,43050,43057,43064,43064,43064,43064,43064,43072,
43072,43072,43076,43076,43076,43080,43083,43091,43099,43104,
43111,43114,43118,43123,43132,43135,43139,43148,43148,43148,
43148,43148,43148,43148,43148,43148,43148,43148,43153,43157,
43160,43163,43166,43169,43172,43176,43179,43183,43183,43192,
43197,43197,43207,43210,43213,43217,43223,43227,43230,43234,
43239,43239,43248,43251,43260,43263,43272,43272,43281,43281,
43281,43289,43289,43289,43290,43290,43290,43290,43290,43297,
43306,43314,43314,43314,43314,43314,43314,43319,43322,43325,
43328,43328,43332,43333,43336,43340,43340,43344,43347,43351,
43354,43364,43368,43376,43384,43384,43384,43384,43384,43384,
43387,43387,43388,43388,43399,43411,43419,43429,43438,43448,
43457,43467,43475,43483,43483,43484,43484,43484,43484,43484,
43484,43492,43502,43510,43520,43527,43537,43546,43554,43562,
43571,43578,43587,43596,43604,43613,43622,43632,43639,43646,
43656,43666,43674,43674,43674,43674,43674,43681,43685,43689,
43696,43704,43714,43722,43729,43738,43747,43747,43747,43748,
43748,43748,43748,43748,43751,43757,43761,43765,43768,43773,
43776,43776,43776,43776,43776,43781,43785,43788,43792,43797,
43801,43805,43810,43814,43818,43825,43834,43842,43849,43857,
43864,43872,43880,43888,43896,43905,43913,43921,43930,43940,
43948,43948,43948,43948,43948,43957,43959,43961,43963,43965,
43967,43969,43971,43973,43975,43977,43977,43977,43985,43987,
43989,43991,43993,43995,43997,43999,44001,44001,44001,44003,
44005,44007,44009,44020,44022,44024,44026,44028,44030,44032,
44034,44041,44041,44048,44056,44064,44072,44079,44086,44093,
44100,44100,44108,44118,44118,44122,44126,44129,44133,44137,
44141,44144,44147,44152,44155,44159,44162,44166,44167,44173,
44177,44177,44177,44180,44180,44180,44184,44187,44191,44194,
44199,44203,44207,44207,44207,44207,44211,44215,44218,44222,
44228,44231,44231,44231,44241,44249,44257,44266,44277,44286,
44296,44307,44316,44324,44324,44324,44325,44325,44325,44333,
44340,44349,44357,44366,44375,44384,44392,44400,44409,44409,
44409,44409,44409,44410,44410,44410,44410,44410,44411,44411,
44414,44417,44420,44423,44427,44427,44427,44428,44431,44436,
44436,44439,44442,44447,44450,44456,44459,44466,44470,44473,
44476,44477,44480,44484,44484,44486,44488,44490,44492,44494,
44496,44498,44500,44502,44504,44513,44516,44523,44530,44539,
44546,44554,44558,44568,44577,44577,44581,44581,44584,44584,
44587,44594,44594,44598,44598,44598,44598,44598,44598,44598,
44598,44606,44606,44615,44624,44634,44644,44654,44664,44665,
44673,44680,44687,44697,44705,44714,44722,44729,44736,44745,
44754,44754,44754,44754,44754,44754,44754,44754,44754,44754,
44754,44757,44758,44758,44758,44758,44761,44764,44768,44772,
44776,44782,44786,44789,44789,44789,44789,44792,44796,44796,
44804,44804,44804,44804,44813,44817,44820,44823,44828,44832,
44832,44832,44844,44852,44861,44870,44882,44893,44904,44913,
44923,44933,44933,44941,44951,44960,44969,44978,44987,44995,
45007,45018,45029,45039,45039,45039,45039,45043,45046,45050,
45051,45054,45058,45062,45068,45068,45068,45068,45068,45068,
45068,45068,45068,45068,45068,45068,45069,45069,45076,45084,
45084,45092,45095,45100,45107,45110,45115,45119,45122,45125,
45127,45127,45130,45132,45136,45136,45136,45136,45136,45143,
45143,45143,45143,45143,45147,45147,45147,45150,45151,45151,
45154,45154,45158,45164,45167,45172,45172,45174,45174,45174,
45182,45185,45192,45195,45199,45208,45212,45219,45227,45236,
45239,45241,45243,45245,45247,45249,45252,45254,45256,45258,
45260,45260,45263,45265,45274,45276,45287,45289,45291,45293,
45295,45296,45298,45300,45308,45319,45319,45319,45330,45339,
45348,45348,45348,45348,45348,45356,45363,45373,45380,45387,
45395,45404,45413,45421,45428,45428,45428,45435,45444,45453,
45462,45470,45479,45486,45493,45500,45508,45508,45508,45508,
45508,45509,45509,45509,45514,45518,45521,45526,45536,45539,
45542,45547,45550,45553,45556,45559,45564,45564,45564,45564,
45564,45564,45565,45565,45565,45572,45579,45579,45586,45594,
45604,45612,45621,45630,45638,45646,45650,45654,45657,45660,
45664,45667,45670,45673,45673,45674,45677,45677,45686,45696,
45696,45706,45714,45724,45732,45742,45751,45759,45768,45768,
45768,45771,45776,45779,45783,45786,45789,45792,45795,45799,
45802,45808,45809,45809,45809,45809,45811,45821,45821,45821,
45821,45824,45824,45824,45824,45826,45826,45831,45842,45853,
45865,45876,45888,45900,45900,45902,45904,45906,45908,45910,
45912,45914,45916,45918,45920,45920,45920,45920,45922,45926,
45926,45926,45926,45926,45926,45926,45926,45926,45926,45926,
45926,45927,45931,45931,45931,45931,45931,45931,45931,45931,
45931,45936,45936,45936,45936,45937,45940,45943,45952,45957,
45960,45963,45966,45970,45973,45981,45989,45997,46005,46015,
46024,46033,46033,46039,46039,46039,46039,46039,46039,46039,
46043,46046,46046,46049,46052,46057,46060,46060,46060,46060,
46060,46064,46064,46064,46064,46064,46064,46064,46067,46071,
46074,46080,46084,46084,46084,46084,46084,46084,46084,46084,
46084,46084,46084,46084,46084,46084,46084,46084,46084,46084,
46084,46084,46084,46086,46088,46090,46092,46094,46096,46098,
46100,46102,46104,46112,46119,46126,46133,46141,46150,46157,
46165,46172,46180,46184,46192,46198,46203,46207,46210,46215,
46218,46218,46226,46226,46229,46229,46229,46229,46229,46231,
46233,46235,46237,46239,46241,46243,46245,46247,46249,46249,
46249,46251,46251,46251,46251,46251,46251,46251,46251,46255,
46262,46262,46262,46262,46262,46262,46263,46263,46272,46277,
46277,46277,46277,46277,46281,46281,46281,46282,46282,46283,
46288,46292,46295,46298,46301,46305,46311,46314,46318,46322,
46322,46322,46329,46337,46345,46354,46361,46370,46377,46385,
46394,46401,46405,46408,46408,46412,46414,46415,46418,46422,
46427,46429,46431,46433,46435,46437,46441,46443,46443,46443,
46448,46448,46448,46452,46456,46459,46463,46464,46467,46471,
46475,46479,46483,46487,46487,46490,46494,46498,46503,46506,
46510,46514,46517,46522,46525,46525,46525,46525,46532,46539,
46549,46556,46563,46571,46581,46590,46599,46607,46607,46607,
46607,46607,46607,46616,46623,46630,46638,46647,46657,46664,
46673,46673,46673,46673,46683,46691,46691,46691,46691,46694,
46697,46701,46706,46710,46713,46716,46719,46722,46726,46726,
46727,46727,46727,46727,46731,46736,46739,46744,46747,46751,
46754,46758,46761,46764,46764,46764,46764,46764,46764,46764,
46764,46764,46764,46767,46769,46769,46778,46782,46786,46789,
46794,46800,46804,46808,46816,46823,46830,46838,46841,46844,
46852,46861,46861,46861,46864,46864,46871,46879,46880,46892,
46901,46910,46920,46930,46938,46948,46958,46959,46959,46968,
46978,46978,46978,46978,46980,46982,46984,46986,46988,46990,
46992,46994,46996,46998,46998,46998,46999,46999,46999,46999,
47001,47003,47005,47007,47008,47010,47012,47014,47016,47018,
47029,47038,47047,47054,47065,47072,47079,47088,47095,47102,
47111,47120,47127,47135,47143,47151,47158,47168,47175,47182,
47192,47192,47202,47203,47211,47221,47221,47222,47232,47245,
47257,47269,47280,47292,47304,47316,47316,47316,47316,47316,
47316,47316,47316,47316,47316,47316,47316,47316,47324,47332,
47332,47332,47332,47332,47332,47332,47332,47333,47333,47333,
47333,47336,47337,47341,47345,47349,47349,47349,47349,47349,
47350,47350,47358,47358,47358,47361,47361,47361,47368,47371,
47375,47378,47381,47385,47388,47391,47391,47398,47398,47398,
47398,47398,47398,47403,47406,47409,47412,47417,47422,47425,
47429,47432,47433,47433,47433,47434,47434,47434,47434,47434,
47444,47444,47445,47445,47445,47447,47449,47451,47453,47455,
47457,47459,47461,47461,47461,47463,47465,47467,47469,47471,
47473,47475,47477,47477,47477,47479,47481,47485,47488,47496,
47500,47509,47512,47519,47522,47529,47537,47540,47543,47543,
47550,47559,47567,47579,47579,47580,47589,47597,47608,47619,
47629,47638,47645,47645,47654,47662,47663,47672,47679,47688,
47695,47702,47710,47719,47728,47736,47743,47752,47754,47756,
47758,47760,47762,47764,47766,47768,47776,47783,47791,47798,
47807,47814,47816,47823,47824,47833,47844,47853,47864,47874,
47885,47887,47897,47899,47901,47903,47905,47907,47909,47911,
47913,47913,47913,47925,47938,47938,47939,47951,47962,47975,
47987,47998,48010,48022,48035,48035,48035,48035,48035,48038,
48045,48048,48051,48054,48062,48071,48080,48088,48100,48110,
48118,48122,48130,48140,48143,48147,48150,48153,48157,48160,
48163,48167,48170,48174,48177,48182,48185,48193,48194,48194,
48201,48209,48217,48226,48234,48241,48250,48259,48259,48259,
48259,48259,48259,48259,48268,48268,48268,48268,48275,48275,
48276,48284,48293,48293,48301,48309,48319,48327,48334,48342,
48351,48360,48360,48363,48366,48369,48374,48374,48378,48381,
48384,48387,48393,48398,48402,48405,48405,48405,48405,48407,
48407,48408,48408,48417,48417,48419,48419,48419,48419,48426,
48427,48431,48434,48437,48442,48445,48449,48451,48451,48451,
48459,48466,48467,48469,48469,48470,48470,48470,48470,48480,
48480,48481,48481,48483,48485,48487,48489,48491,48493,48495,
48497,48499,48501,48503,48514,48514,48514,48514,48526,48526,
48526,48526,48526,48526,48526,48526,48526,48526,48526,48535,
48545,48545,48545,48555,48558,48562,48566,48569,48582,48591,
48600,48607,48615,48622,48623,48630,48637,48646,48655,48655,
48656,48659,48659,48659,48663,48663,48663,48663,48663,48667,
48670,48670,48670,48670,48679,48688,48698,48707,48714,48723,
48730,48738,48746,48755,48755,48755,48758,48761,48765,48765,
48768,48771,48776,48779,48780,48783,48787,48790,48790,48790,
48798,48809,48819,48820,48830,48839,48850,48860,48868,48878,
48888,48897,48906,48913,48921,48930,48939,48948,48956,48964,
48964,48964,48973,48980,48989,48998,49007,49014,49023,49033,
49041,49050,49053,49057,49061,49061,49064,49068,49071,49075,
49075,49075,49075,49075,49075,49075,49075,49075,49075,49075,
49079,49079,49088,49088,49091,49095,49102,49109,49109,49110,
49117,49120,49123,49126,49129,49138,49146,49147,49147,49147,
49147,49147,49147,49147,49148,49148,49148,49148,49149,49149,
49149,49149,49149,49149,49149,49149,49150,49151,49151,49151,
49155,49155,49156,49156,49156,49156,49161,49165,49168,49171,
49175,49183,49187,49190,49190,49194,49198,49198,49198,49198,
49198,49198,49198,49198,49198,49198,49198,49198,49199,49199,
49199,49199,49199,49199,49200,49200,49200,49200,49202,49202,
49202,49202,49202,49202,49202,49202,49202,49205,49206,49208,
49208,49214,49214,49217,49226,49234,49242,49250,49257,49265,
49272,49280,49288,49295,49295,49295,49295,49302,49302,49310,
49319,49327,49336,49344,49352,49359,49366,49373,49382,49382,
49382,49384,49393,49402,49410,49419,49426,49434,49442,49449,
49458,49467,49467,49467,49467,49467,49467,49469,49469,49473,
49477,49482,49487,49490,49493,49497,49502,49511,49519,49526,
49534,49541,49549,49550,49559,49566,49575,49578,49581,49589,
49592,49600,49609,49613,49621,49628,49636,49645,49645,49649,
49652,49652,49657,49661,49664,49669,49672,49680,49680,49680,
49687,49696,49708,49719,49728,49736,49745,49756,49765,49773,
49782,49791,49794,49797,49798,49798,49798,49798,49798,49798,
49802,49807,49810,49810,49811,49818,49819,49824,49824,49827,
49830,49834,49837,49840,49844,49844,49848,49851,49855,49860,
49864,49868,49872,49872,49872,49872,49872,49875,49879,49882,
49886,49889,49892,49895,49895,49895,49895,49895,49895,49895,
49895,49895,49896,49904,49912,49921,49928,49935,49942,49951,
49960,49968,49976,49976,49978,49978,49978,49978,49978,49978,
49978,49978,49978,49981,49989,49997,50001,50004,50007,50016,
50023,50028,50036,50040,50040,50040,50040,50041,50049,50058,
50066,50074,50082,50091,50100,50108,50117,50126,50129,50129,
50132,50135,50135,50138,50138,50142,50142,50145,50148,50148,
50152,50153,50160,50161,50165,50177,50177,50177,50178,50181,
50184,50187,50190,50193,50196,50203,50212,50220,50229,50232,
50240,50249,50258,50265,50273,50273,50273,50273,50280,50283,
50283,50287,50290,50290,50293,50297,50300,50304,50310,50313,
50313,50313,50313,50313,50317,50320,50320,50324,50324,50328,
50329,50333,50333,50336,50340,50345,50348,50351,50355,50358,
50361,50364,50367,50370,50373,50379,50382,50395,50408,50420,
50431,50442,50454,50456,50458,50459,50461,50463,50465,50467,
50469,50471,50473,50473,50473,50474,50482,50486,50486,50486,
50486,50486,50486,50486,50494,50494,50497,50497,50497,50497,
50497,50499,50499,50499,50499,50503,50508,50512,50515,50520,
50525,50526,50529,50529,50529,50529,50529,50532,50535,50538,
50542,50546,50549,50552,50564,50564,50564,50564,50566,50566,
50566,50566,50566,50566,50573,50577,50580,50587,50591,50600,
50604,50612,50621,50628,50638,50647,50655,50659,50666,50674,
50678,50681,50684,50688,50692,50695,50698,50701,50708,50716,
50716,50724,50733,50742,50749,50757,50765,50774,50783,50787,
50791,50795,50798,50801,50804,50810,50813,50817,50821,50821,
50821,50821,50822,50822,50831,50839,50848,50855,50862,50870,
50879,50886,50895,50903,50903,50903,50903,50903,50903,50903,
50907,50912,50916,50920,50923,50928,50933,50938,50942,50947,
50951,50955,50959,50964,50964,50965,50965,50965,50965,50966,
50971,50975,50981,50985,50988,50991,50995,50999,51004,51004,
51004,51004,51004,51004,51015,51023,51033,51043,51051,51063,
51073,51082,51091,51102,51102,51102,51102,51102,51102,51102,
51102,51107,51111,51115,51119,51123,51128,51132,51136,51137,
51140,51144,51144,51144,51144,51144,51144,51155,51164,51176,
51186,51198,51208,51220,51231,51241,51250,51250,51250,51257,
51257,51257,51257,51257,51257,51257,51257,51257,51257,51261,
51261,51261,51264,51264,51264,51264,51264,51264,51267,51267,
51267,51267,51267,51272,51272,51276,51276,51282,51282,51282,
51285,51285,51288,51292,51295,51298,51301,51305,51308,51312,
51316,51319,51322,51327,51330,51339,51346,51354,51363,51371,
51378,51387,51396,51405,51414,51418,51422,51422,51422,51423,
51427,51431,51434,51437,51441,51444,51447,51451,51451,51451,
51452,51464,51476,51489,51500,51502,51514,51525,51538,51551,
51564,51567,51567,51567,51567,51575,51583,51593,51601,51610,
51618,51628,51637,51645,51652,51652,51652,51652,51652,51653,
51653,51653,51653,51653,51653,51663,51672,51672,51672,51672,
51680,51690,51690,51690,51690,51699,51710,51720,51730,51738,
51747,51756,51765,51774,51785,51786,51786,51797,51797,51805,
51808,51812,51815,51819,51823,51827,51830,51833,51833,51838,
51839,51843,51847,51847,51859,51859,51868,51868,51868,51869,
51869,51873,51876,51880,51884,51887,51890,51893,51896,51900,
51900,51900,51903,51906,51906,51906,51909,51913,51913,51913,
51913,51913,51914,51914,51914,51914,51924,51933,51943,51954,
51965,51974,51983,51994,51994,52006,52018,52025,52025,52025,
52025,52025,52035,52043,52051,52059,52066,52074,52083,52090,
52090,52090,52099,52107,52107,52112,52115,52122,52131,52140,
52150,52158,52167,52176,52183,52192,52200,52200,52200,52200,
52200,52200,52200,52202,52202,52202,52202,52212,52223,52233,
52242,52250,52260,52268,52277,52277,52286,52296,52296,52296,
52299,52304,52304,52304,52307,52310,52314,52318,52324,52327,
52331,52334,52334,52334,52334,52338,52342,52354,52364,52367,
52371,52381,52391,52394,52397,52407,52417,52417,52417,52417,
52417,52417,52417,52417,52420,52423,52428,52433,52437,52442,
52445,52449,52457,52460,52460,52460,52460,52460,52460,52460,
52467,52469,52471,52473,52475,52477,52479,52481,52483,52485,
52487,52497,52505,52508,52515,52522,52529,52537,52545,52552,
52560,52569,52569,52572,52572,52572,52572,52575,52578,52581,
52585,52590,52593,52597,52601,52604,52607,52608,52609,52609,
52609,52609,52609,52609,52609,52609,52609,52609,52609,52609,
52609,52609,52609,52609,52609,52616,52616,52625,52627,52634,
52642,52644,52651,52661,52670,52679,52686,52694,52702,52710,
52718,52718,52728,52728,52728,52728,52728,52728,52728,52728,
52729,52729,52739,52739,52739,52748,52748,52749,52749,52751,
52760,52760,52760,52760,52760,52760,52760,52760,52771,52780,
52780,52782,52784,52784,52784,52790,52791,52801,52801,52803,
52803,52803,52803,52803,52803,52812,52821,52821,52821,52829,
52837,52847,52854,52862,52870,52879,52888,52888,52892,52896,
52902,52906,52911,52914,52918,52922,52925,52932,52942,52942,
52943,52943,52943,52943,52951,52959,52966,52973,52980,52989,
52998,53007,53016,53023,53025,53027,53029,53031,53033,53035,
53037,53039,53041,53043,53043,53043,53043,53052,53060,53067,
53074,53081,53090,53098,53106,53106,53115,53124,53124,53124,
53124,53124,53124,53127,53127,53132,53132,53137,53142,53145,
53148,53153,53158,53162,53167,53167,53167,53167,53171,53174,
53177,53181,53185,53189,53193,53196,53200,53203,53203,53204,
53204,53204,53204,53204,53204,53204,53210,53213,53218,53222,
53227,53231,53231,53231,53231,53231,53231,53231,53231,53231,
53231,53231,53231,53231,53231,53240,53240,53240,53240,53240,
53240,53240,53240,53240,53240,53240,53244,53249,53253,53258,
53262,53265,53269,53272,53276,53282,53282,53282,53282,53283,
53283,53283,53283,53283,53283,53283,53286,53289,53295,53298,
53302,53305,53306,53306,53306,53307,53307,53307,53307,53307,
53307,53307,53308,53312,53316,53319,53323,53327,53331,53336,
53336,53336,53340,53344,53349,53349,53349,53353,53353,53357,
53358,53358,53358,53363,53363,53363,53363,53363,53363,53368,
53372,53372,53372,53375,53378,53382,53385,53389,53392,53395,
53399,53407,53415,53424,53431,53438,53446,53453,53462,53469,
53478,53478,53478,53478,53487,53495,53503,53512,53521,53529,
53539,53548,53556,53556,53557,53561,53564,53567,53571,53575,
53584,53593,53600,53609,53612,53620,53629,53639,53648,53657,
53657,53657,53657,53657,53657,53664,53673,53681,53688,53696,
53704,53712,53720,53720,53727,53735,53735,53735,53735,53735,
53735,53736,53737,53746,53746,53747,53748,53748,53752,53755,
53760,53763,53763,53767,53771,53775,53775,53785,53794,53803,
53811,53820,53830,53840,53852,53862,53870,53870,53870,53870,
53878,53888,53888,53888,53897,53908,53920,53930,53939,53951,
53961,53970,53970,53970,53972,53974,53976,53978,53980,53982,
53984,53986,53986,53986,53988,53990,53990,53990,53990,53990,
53990,53990,53990,53999,53999,54006,54006,54006,54006,54006,
54006,54006,54013,54013,54017,54017,54017,54018,54022,54022,
54026,54032,54038,54038,54043,54047,54050,54055,54058,54062,
54066,54069,54069,54069,54069,54069,54069,54070,54070,54070,
54070,54070,54070,54070,54071,54071,54071,54071,54071,54071,
54071,54071,54071,54071,54071,54071,54080,54080,54080,54084,
54092,54092,54092,54092,54096,54099,54104,54109,54112,54116,
54119,54123,54126,54129,54129,54133,54136,54141,54144,54147,
54151,54151,54154,54157,54157,54159,54161,54161,54163,54165,
54167,54169,54171,54173,54175,54177,54185,54193,54193,54193,
54201,54210,54217,54224,54232,54239,54248,54256,54256,54256,
54256,54263,54263,54263,54263,54271,54279,54286,54295,54302,
54310,54318,54326,54326,54326,54333,54340,54343,54346,54349,
54353,54357,54361,54365,54375,54375,54382,54387,54387,54387,
54395,54395,54404,54404,54404,54405,54415,54415,54424,54424,
54434,54434,54442,54442,54442,54442,54450,54450,54450,54451,
54453,54455,54457,54459,54461,54463,54465,54467,54469,54471,
54471,54471,54471,54478,54487,54487,54487,54488,54495,54504,
54511,54519,54528,54535,54544,54551,54551,54551,54551,54551,
54555,54559,54559,54563,54566,54569,54572,54576,54580,54583,
54586,54590,54594,54597,54601,54607,54611,54611,54611,54615,
54615,54615,54618,54620,54622,54633,54635,54646,54648,54661,
54663,54665,54678,54678,54678,54678,54678,54678,54678,54686,
54686,54686,54695,54703,54703,54711,54718,54727,54735,54742,
54750,54758,54767,54778,54786,54794,54804,54811,54820,54829,
54838,54850,54858,54868,54878,54887,54898,54905,54914,54918,
54922,54925,54928,54932,54935,54945,54956,54968,54978,54989,
54998,55009,55017,55025,55035,55035,55036,55036,55036,55043,
55051,55059,55067,55077,55084,55091,55099,55108,55115,55124,
55132,55139,55146,55155,55164,55173,55180,55189,55198,55198,
55198,55198,55202,55205,55208,55212,55216,55220,55225,55228,
55232,55235,55239,55239,55239,55239,55239,55240,55240,55240,
55240,55240,55240,55240,55240,55240,55240,55240,55240,55240,
55242,55244,55246,55248,55256,55258,55268,55275,55282,55290,
55293,55297,55300,55303,55307,55311,55314,55314,55314,55314,
55314,55314,55314,55314,55314,55314,55321,55325,55331,55338,
55342,55345,55350,55353,55356,55359,55362,55365,55374,55378,
55381,55388,55392,55393,55397,55406,55406,55409,55418,55418,
55421,55428,55428,55428,55428,55428,55428,55428,55429,55429,
55440,55443,55454,55463,55467,55477,55486,55497,55507,55517,
55517,55517,55520,55523,55526,55529,55533,55537,55540,55545,
55545,55550,55554,55554,55554,55554,55554,55556,55558,55560,
55562,55564,55566,55568,55570,55572,55574,55574,55574,55574,
55574,55578,55581,55584,55589,55593,55597,55600,55603,55603,
55603,55606,55610,55612,55613,55615,55615,55615,55615,55621,
55622,55628,55633,55636,55638,55638,55638,55638,55638,55638,
55638,55638,55638,55642,55643,55643,55643,55650,55650,55650,
55650,55650,55650,55650,55650,55658,55658,55661,55664,55667,
55671,55675,55678,55681,55687,55687,55687,55691,55696,55699,
55703,55703,55703,55703,55703,55703,55703,55703,55703,55703,
55703,55703,55703,55703,55703,55711,55718,55725,55734,55743,
55751,55758,55767,55774,55781,55781,55781,55781,55787,55791,
55797,55800,55804,55808,55812,55816,55819,55822,55822,55822,
55822,55822,55822,55827,55831,55834,55839,55843,55846,55849,
55849,55849,55849,55849,55849,55849,55849,55849,55849,55849,
55857,55864,55868,55868,55872,55873,55873,55873,55873,55873,
55878,55886,55886,55886,55886,55893,55900,55900,55910,55920,
55922,55924,55926,55928,55938,55947,55959,55970,55978,55989,
55997,56006,56007,56007,56010,56015,56019,56022,56025,56025,
56037,56048,56061,56073,56084,56097,56108,56120,56133,56146,
56155,56162,56162,56165,56174,56182,56189,56197,56206,56216,
56224,56231,56232,56232,56241,56249,56249,56249,56249,56249,
56249,56249,56254,56254,56261,56261,56261,56261,56270,56279,
56291,56300,56308,56317,56327,56336,56345,56353,56353,56353,
56353,56353,56353,56361,56369,56377,56386,56394,56402,56412,
56420,56420,56429,56438,56438,56438,56438,56439,56439,56439,
56439,56439,56439,56440,56440,56448,56455,56463,56472,56481,
56489,56498,56505,56513,56520,56528,56535,56535,56545,56554,
56561,56571,56578,56587,56594,56602,56602,56602,56602,56602,
56602,56602,56611,56620,56620,56628,56636,56645,56654,56663,
56671,56678,56686,56686,56686,56686,56694,56701,56708,56716,
56723,56732,56739,56748,56756,56765,56765,56765,56765,56765,
56765,56765,56775,56783,56793,56803,56814,56823,56831,56841,
56851,56861,56865,56865,56865,56865,56874,56882,56882,56889,
56896,56905,56912,56913,56923,56931,56939,56939,56939,56939,
56939,56939,56939,56939,56939,56939,56939,56939,56939,56942,
56946,56946,56948,56948,56948,56950,56950,56952,56952,56961,
56961,56961,56963,56963,56963,56963,56963,56972,56974,56976,
56976,56980,56985,56989,56992,56997,57000,57005,57013,57013,
57013,57022,57031,57031,57039,57039,57046,57054,57054,57055,
57055,57055,57055,57055,57058,57062,57067,57071,57074,57077,
57081,57084,57088,57091,57096,57100,57103,57107,57111,57115,
57120,57127,57136,57145,57153,57161,57170,57179,57186,57186,
57195,57204,57213,57222,57230,57237,57244,57252,57259,57266,
57275,57284,57285,57289,57289,57289,57292,57296,57299,57302,
57305,57308,57311,57317,57317,57317,57317,57325,57333,57341,
57348,57355,57362,57371,57379,57388,57397,57401,57405,57409,
57413,57418,57422,57425,57429,57432,57436,57436,57436,57436,
57436,57436,57436,57437,57447,57447,57447,57447,57447,57447,
57447,57447,57448,57448,57448,57449,57449,57449,57449,57449,
57457,57458,57458,57458,57458,57461,57464,57468,57471,57474,
57478,57483,57487,57490,57494,57497,57500,57500,57500,57501,
57501,57509,57519,57519,57519,57520,57528,57535,57543,57552,
57561,57570,57577,57586,57588,57590,57592,57594,57596,57598,
57600,57602,57605,57610,57615,57621,57624,57628,57633,57636,
57638,57641,57645,57649,57652,57657,57661,57665,57669,57674,
57677,57680,57684,57684,57684,57684,57685,57685,57685,57685,
57685,57685,57685,57685,57685,57685,57685,57688,57688,57688,
57690,57690,57698,57705,57713,57721,57728,57737,57745,57753,
57762,57769,57772,57775,57778,57782,57786,57790,57794,57798,
57802,57808,57809,57809,57813,57818,57818,57818,57818,57819,
57827,57835,57843,57851,57860,57867,57876,57885,57892,57901,
57909,57916,57926,57926,57936,57939,57943,57949,57952,57956,
57959,57963,57967,57970,57973,57981,57981,57981,57981,57984,
57984,57984,57987,57987,57988,57988,57988,57996,58005,58013,
58021,58028,58036,58045,58052,58059,58068,58068,58072,58075,
58079,58083,58086,58091,58094,58097,58100,58103,58103,58103,
58103,58103,58111,58119,58128,58136,58145,58154,58161,58170,
58177,58186,58186,58186,58186,58186,58186,58186,58189,58189,
58190,58190,58190,58191,58191,58191,58191,58192,58192,58203,
58203,58213,58213,58213,58213,58215,58217,58217,58217,58218,
58220,58222,58224,58226,58228,58230,58232,58234,58234,58234,
58234,58244,58244,58247,58247,58247,58248,58248,58249,58249,
58249,58253,58256,58260,58263,58266,58269,58274,58278,58282,
58287,58295,58303,58312,58321,58330,58338,58345,58353,58353,
58362,58371,58371,58371,58371,58371,58371,58384,58387,58390,
58399,58399,58399,58399,58399,58400,58400,58400,58403,58406,
58412,58416,58419,58422,58423,58426,58426,58426,58431,58435,
58438,58441,58444,58447,58451,58451,58451,58451,58451,58451,
58451,58451,58451,58457,58464,58474,58483,58492,58501,58508,
58515,58523,58533,58541,58541,58541,58549,58557,58564,58574,
58581,58588,58595,58603,58612,58615,58619,58622,58627,58631,
58634,58638,58638,58638,58638,58638,58638,58638,58638,58638,
58638,58638,58638,58638,58638,58638,58638,58639,58639,58639,
58639,58639,58639,58639,58639,58639,58639,58639,58639,58639,
58639,58639,58639,58639,58639,58639,58639,58639,58639,58639,
58647,58647,58656,58656,58656,58656,58656,58663,58671,58679,
58686,58695,58695,58695,58704,58704,58711,58711,58719,58719,
58719,58719,58720,58720,58720,58720,58720,58720,58720,58720,
58720,58720,58728,58730,58738,58738,58738,58738,58738,58738,
58738,58738,58746,58746,58746,58746,58746,58746,58750,58758,
58766,58766,58766,58774,58782,58789,58798,58805,58814,58823,
58830,58830,58830,58842,58843,58844,58844,58848,58848,58848,
58848,58848,58848,58848,58848,58856,58864,58873,58882,58889,
58897,58905,58913,58921,58928,58928,58928,58928,58928,58928,
58931,58935,58938,58946,58953,58961,58961,58974,58985,58997,
59009,59022,59033,59045,59056,59056,59056,59056,59069,59081,
59081,59081,59084,59084,59084,59084,59084,59090,59090,59090,
59090,59090,59090,59090,59090,59093,59095,59107,59117,59119,
59128,59132,59143,59153,59163,59163,59165,59167,59171,59176,
59180,59183,59188,59191,59194,59197,59197,59198,59201,59204,
59204,59214,59214,59216,59216,59216,59228,59228,59238,59247,
59258,59266,59275,59284,59292,59300,59300,59300,59309,59318,
59328,59331,59337,59340,59344,59347,59350,59353,59356,59362,
59365,59370,59374,59374,59374,59377,59377,59377,59377,59377,
59380,59380,59380,59391,59391,59403,59413,59424,59435,59438,
59438,59438,59441,59441,59441,59444,59448,59452,59455,59458,
59461,59466,59469,59473,59476,59479,59480,59482,59484,59486,
59488,59488,59490,59492,59494,59505,59514,59525,59533,59542,
59550,59560,59569,59577,59586,59595,59602,59610,59617,59626,
59634,59634,59634,59634,59634,59634,59634,59634,59634,59634,
59643,59651,59660,59672,59682,59691,59700,59709,59714,59714,
59717,59728,59738,59739,59742,59746,59746,59746,59746,59749,
59749,59753,59753,59753,59759,59759,59759,59762,59766,59766,
59774,59777,59777,59785,59788,59788,59791,59796,59800,59800,
59800,59800,59800,59800,59800,59800,59800,59800,59809,59818,
59825,59832,59842,59842,59842,59842,59843,59843,59850,59851,
59851,59854,59857,59857,59861,59865,59869,59875,59878,59882,
59886,59890,59890,59890,59891,59891,59891,59891,59891,59892,
59892,59892,59892,59892,59892,59892,59892,59892,59892,59892,
59892,59892,59892,59892,59892,59892,59892,59892,59892,59892,
59892,59892,59892,59892,59892,59893,59897,59900,59905,59908,
59912,59919,59922,59926,59934,59945,59950,59962,59971,59980,
59989,59999,60008,60018,60029,60038,60048,60060,60070,60078,
60089,60098,60098,60098,60098,60098,60100,60102,60104,60106,
60108,60110,60112,60114,60114,60114,60114,60114,60114,60114,
60114,60114,60114,60114,60114,60114,60114,60114,60114,60114,
60119,60119,60121,60129,60136,60145,60152,60162,60169,60178,
60180,60182,60184,60186,60188,60196,60198,60200,60200,60200,
60200,60201,60201,60201,60209,60216,60224,60231,60238,60245,
60254,60261,60270,60280,60280,60280,60280,60280,60281,60281,
60281,60283,60283,60283,60283,60283,60283,60283,60285,60285,
60285,60285,60285,60285,60285,60285,60285,60285,60285,60285,
60285,60285,60285,60293,60301,60302,60312,60319,60326,60335,
60344,60352,60361,60371,60371,60371,60371,60380,60390,60398,
60406,60415,60424,60434,60444,60452,60462,60462,60462,60462,
60462,60462,60462,60464,60466,60468,60470,60472,60474,60476,
60478,60479,60481,60483,60483,60490,60498,60505,60514,60522,
60531,60538,60547,60550,60553,60556,60560,60568,60574,60582,
60585,60589,60593,60596,60600,60604,60612,60620,60628,60636,
60643,60647,60655,60658,60658,60658,60658,60658,60658,60658,
60658,60665,60672,60684,60696,60703,60704,60712,60721,60721,
60730,60739,60740,60740,60740,60749,60749,60751,60751,60755,
60760,60763,60766,60769,60772,60775,60778,60778,60782,60787,
60788,60788,60788,60788,60788,60788,60788,60788,60788,60788,
60788,60797,60797,60797,60797,60797,60797,60806,60813,60822,
60830,60839,60848,60855,60862,60866,60874,60883,60891,60900,
60900,60903,60907,60910,60914,60923,60931,60940,60948,60953,
60961,60970,60979,60988,60998,61007,61014,61022,61029,61038,
61047,61048,61048,61048,61048,61048,61048,61049,61057,61066,
61066,61066,61066,61073,61080,61087,61095,61103,61112,61121,
61130,61130,61130,61130,61130,61130,61130,61131,61142,61152,
61163,61163,61163,61163,61163,61163,61163,61164,61164,61164,
61164,61164,61164,61164,61164,61164,61164,61164,61164,61164,
61165,61165,61171,61174,61178,61187,61190,61194,61201,61205,
61214,61224,61235,61245,61254,61263,61267,61279,61288,61288,
61289,61289,61289,61289,61291,61291,61291,61300,61300,61300,
61301,61301,61301,61301,61301,61301,61301,61302,61302,61303,
61303,61304,61304,61314,61321,61329,61338,61343,61350,61358,
61361,61367,61375,61375,61376,61379,61382,61383,61383,61386,
61389,61393,61399,61404,61408,61412,61417,61417,61420,61420,
61424,61424,61424,61428,61428,61428,61433,61433,61433,61436,
61436,61436,61440,61440,61441,61445,61446,61446,61446,61446,
61449,61449,61452,61452,61456,61456,61464,61467,61471,61471,
61474,61474,61484,61487,61487,61487,61488,61489,61490,61490,
61491,61493,61495,61497,61499,61501,61503,61505,61507,61513,
61515,61517,61517,61517,61517,61517,61517,61517,61526,61527,
61527,61535,61535,61543,61543,61551,61551,61551,61551,61551,
61551,61560,61569,61569,61569,61577,61584,61592,61601,61608,
61615,61623,61630,61631,61631,61631,61631,61631,61631,61631,
61631,61631,61631,61640,61640,61640,61640,61640,61649,61657,
61664,61671,61679,61687,61695,61704,61714,61723,61723,61723,
61723,61723,61724,61724,61724,61724,61724,61724,61724,61728,
61732,61737,61740,61743,61746,61750,61753,61753,61757,61760,
61760,61760,61760,61764,61769,61772,61777,61780,61784,61788,
61793,61793,61793,61797,61801,61801,61801,61801,61801,61801,
61801,61802,61803,61803,61803,61803,61805,61807,61809,61811,
61813,61815,61817,61819,61819,61821,61823,61823,61823,61823,
61827,61831,61834,61837,61841,61844,61847,61851,61854,61857,
61857,61857,61857,61857,61857,61859,61861,61863,61863,61871,
61880,61888,61895,61904,61914,61922,61929,61932,61932,61932,
61939,61946,61946,61946,61946,61946,61950,61950,61953,61956,
61960,61960,61964,61968,61969,61973,61976,61980,61983,61986,
61991,61994,61998,61998,61998,61998,61998,61998,61998,61998,
61998,61998,62002,62002,62003,62003,62003,62003,62003,62004,
62004,62004,62004,62004,62004,62004,62004,62005,62008,62011,
62016,62019,62024,62028,62031,62034,62038,62041,62045,62049,
62053,62056,62061,62065,62065,62065,62065,62065,62065,62065,
62065,62065,62065,62065,62065,62065,62066,62066,62066,62074,
62074,62085,62095,62095,62106,62116,62126,62136,62146,62155,
62165,62174,62174,62174,62174,62182,62182,62182,62182,62182,
62182,62182,62182,62182,62183,62183,62183,62183,62183,62184,
62184,62184,62184,62184,62184,62184,62191,62191,62191,62191,
62191,62195,62195,62195,62203,62203,62214,62224,62224,62235,
62235,62244,62244,62253,62260,62260,62270,62271,62279,62282,
62286,62288,62292,62304,62307,62313,62318,62321,62324,62327,
62329,62333,62335,62340,62344,62348,62350,62352,62352,62355,
62359,62359,62359,62359,62363,62364,62365,62365,62365,62375,
62380,62384,62388,62389,62396,62404,62413,62421,62429,62436,
62443,62452,62461,62470,62479,62479,62479,62479,62479,62483,
62486,62490,62493,62498,62501,62504,62508,62512,62516,62516,
62516,62525,62525,62525,62525,62525,62525,62525,62525,62525,
62525,62525,62525,62525,62525,62533,62533,62533,62543,62551,
62551,62558,62566,62574,62583,62591,62600,62607,62615,62615,
62615,62615,62615,62615,62615,62615,62615,62615,62615,62620,
62620,62622,62624,62632,62634,62636,62638,62640,62642,62644,
62646,62648,62651,62659,62659,62659,62659,62660,62667,62667,
62667,62667,62670,62674,62677,62681,62684,62688,62691,62694,
62698,62701,62710,62710,62710,62710,62710,62718,62719,62728,
62735,62742,62752,62762,62769,62769,62776,62784,62784,62784,
62796,62796,62796,62796,62796,62798,62800,62802,62804,62806,
62808,62810,62812,62814,62816,62816,62820,62823,62828,62831,
62836,62844,62848,62851,62852,62852,62856,62862,62862,62871,
62879,62886,62895,62895,62905,62915,62924,62924,62924,62924,
62924,62924,62924,62924,62924,62924,62924,62924,62925,62925,
62925,62925,62925,62925,62930,62933,62936,62939,62943,62943,
62943,62943,62953,62954,62954,62954,62954,62954,62954,62954,
62954,62954,62954,62954,62954,62954,62954,62954,62954,62958,
62962,62966,62971,62974,62978,62982,62986,62990,62993,63001,
63009,63009,63017,63026,63035,63044,63052,63059,63068,63075,
63075,63075,63075,63076,63077,63077,63077,63077,63077,63077,
63078,63078,63089,63098,63109,63118,63126,63136,63145,63156,
63166,63176,63176,63176,63176,63180,63180,63182,63191,63198,
63198,63201,63201,63201,63204,63204,63212,63216,63216,63224,
63228,63228,63228,63228,63229,63230,63233,63233,63233,63234,
63234,63235,63235,63235,63235,63247,63247,63247,63248,63248,
63249,63249,63258,63267,63276,63276,63284,63292,63299,63307,
63315,63323,63330,63338,63343,63352,63361,63370,63381,63390,
63400,63404,63414,63425,63425,63425,63425,63425,63434,63434,
63434,63443,63443,63446,63446,63446,63446,63446,63446,63457,
63457,63457,63457,63457,63460,63460,63460,63460,63465,63465,
63465,63468,63476,63485,63485,63488,63495,63502,63511,63520,
63527,63537,63546,63556,63565,63573,63580,63589,63598,63606,
63613,63622,63622,63634,63634,63642,63649,63659,63667,63671,
63678,63687,63696,63704,63712,63721,63729,63737,63737,63737,
63737,63737,63737,63737,63737,63737,63737,63737,63737,63737,
63737,63737,63744,63744,63744,63752,63752,63752,63752,63752,
63752,63763,63773,63774,63774,63785,63796,63805,63815,63827,
63838,63848,63858,63858,63858,63858,63858,63866,63873,63883,
63892,63892,63900,63909,63909,63909,63909,63918,63922,63925,
63929,63932,63937,63948,63951,63952,63955,63959,63961,63963,
63964,63966,63968,63970,63972,63974,63976,63978,63980,63980,
63982,63984,63986,63988,63990,63992,63994,63996,64008,64017,
64029,64037,64045,64054,64062,64072,64081,64091,64091,64091,
64091,64100,64109,64116,64124,64132,64140,64149,64157,64166,
64174,64175,64177,64179,64181,64183,64185,64187,64189,64191,
64193,64193,64193,64193,64200,64207,64214,64221,64230,64239,
64247,64256,64264,64272,64272,64277,64280,64283,64286,64291,
64295,64298,64301,64304,64309,64314,64320,64323,64328,64331,
64335,64341,64344,64347,64350,64350,64352,64352,64352,64364,
64376,64385,64395,64404,64414,64424,64435,64444,64452,64460,
64460,64460,64463,64463,64463,64467,64467,64467,64472,64476,
64476,64476,64476,64476,64476,64476,64477,64477,64485,64492,
64492,64492,64501,64509,64516,64524,64531,64540,64547,64556,
64556,64559,64562,64565,64569,64572,64576,64580,64583,64586,
64589,64589,64589,64589,64589,64589,64589,64589,64589,64589,
64589,64589,64589,64593,64596,64600,64604,64607,64610,64614,
64617,64617,64618,64618,64618,64618,64618,64618,64618,64618,
64621,64621,64622,64629,64636,64644,64652,64659,64663,64667,
64677,64681,64686,64689,64693,64696,64701,64705,64714,64723,
64731,64739,64746,64755,64763,64773,64782,64791,64800,64800,
64811,64815,64824,64832,64832,64840,64840,64840,64843,64843,
64843,64846,64846,64846,64846,64846,64846,64846,64846,64846,
64846,64854,64854,64854,64854,64855,64855,64855,64855,64855,
64855,64855,64855,64856,64856,64856,64863,64872,64882,64889,
64896,64903,64912,64921,64928,64936,64938,64940,64942,64944,
64946,64948,64950,64952,64952,64954,64956,64956,64956,64956,
64965,64972,64980,64988,64997,65005,65012,65019,65019,65023,
65031,65040,65047,65056,65064,65072,65079,65087,65095,65102,
65109,65117,65117,65117,65117,65117,65117,65118,65119,65119,
65120,65120,65120,65120,65120,65130,65131,65135,65135,65135,
65135,65144,65153,65161,65170,65179,65187,65196,65205,65214,
65225,65236,65247,65255,65264,65272,65282,65285,65290,65294,
65298,65301,65304,65309,65313,65317,65322,65325,65328,65328,
65329,65329,65330,65342,65345,65350,65353,65353,65357,65360,
65364,65369,65369,65376,65383,65391,65398,65408,65415,65423,
65431,65438,65446,65447,65448,65449,65449,65462,65473,65486,
65498,65509,65521,65533,65545,65557,65569,65574,65578,65583,
65589,65592,65595,65598,65601,65609,65617,65620,65623,65626,
65629,65637,65646,65654,65663,65670,65679,65687,65696,65707,
65707,65707,65707,65707,65707,65707,65707,65715,65719,65723,
65727,65730,65730,65733,65733,65733,65738,65738,65738,65738,
65746,65753,65760,65768,65777,65786,65793,65801,65810,65819,
65827,65834,65842,65849,65858,65866,65875,65884,65884,65892,
65893,65902,65911,65918,65925,65933,65940,65949,65956,65956,
65964,65971,65971,65971,65971,65971,65972,65972,65972,65972,
65972,65972,65974,65976,65978,65980,65982,65984,65986,65988,
65990,65992,65992,65992,65992,65992,65992,65992,65992,65992,
65992,65996,66004,66008,66011,66015,66019,66025,66033,66037,
66040,66044,66051,66060,66069,66076,66085,66093,66100,66108,
66116,66124,66124,66124,66133,66133,66133,66133,66141,66141,
66141,66141,66141,66141,66141,66141,66141,66145,66148,66151,
66154,66154,66157,66160,66160,66160,66160,66161,66161,66161,
66161,66161,66161,66161,66162,66165,66170,66174,66178,66181,
66185,66189,66193,66197,66200,66200,66207,66216,66226,66234,
66242,66250,66260,66268,66268,66277,66285,66293,66296,66299,
66303,66307,66310,66313,66313,66313,66314,66314,66314,66324,
66324,66325,66325,66325,66325,66325,66325,66334,66342,66349,
66358,66367,66377,66384,66391,66400,66409,66411,66420,66429,
66437,66439,66447,66447,66447,66447,66447,66454,66458,66461,
66464,66468,66473,66476,66480,66480,66489,66489,66497,66498,
66498,66503,66503,66503,66503,66505,66510,66510,66513,66519,
66527,66530,66538,66542,66551,66555,66564,66567,66570,66570,
66570,66570,66570,66570,66570,66570,66570,66573,66582,66582,
66582,66582,66582,66582,66582,66582,66590,66598,66598,66601,
66601,66601,66608,66608,66608,66612,66615,66618,66622,66625,
66628,66631,66634,66637,66637,66644,66645,66654,66661,66669,
66677,66685,66693,66700,66707,66716,66726,66726,66726,66734,
66741,66741,66744,66747,66749,66749,66749,66749,66749,66749,
66749,66749,66749,66750,66751,66751,66751,66751,66751,66751,
66751,66751,66751,66751,66751,66751,66759,66767,66776,66785,
66794,66797,66802,66811,66820,66828,66835,66842,66853,66853,
66853,66855,66855,66858,66861,66861,66869,66869,66872,66872,
66872,66874,66874,66874,66874,66874,66874,66883,66883,66883,
66894,66903,66903,66903,66913,66913,66922,66922,66922,66922,
66931,66939,66948,66955,66963,66970,66978,66987,66995,67002,
67002,67003,67003,67003,67003,67003,67003,67004,67008,67011,
67015,67018,67021,67024,67028,67031,67031,67031,67035,67038,
67046,67056,67056,67056,67056,67065,67075,67086,67096,67105,
67116,67125,67134,67135,67143,67150,67159,67168,67177,67184,
67191,67200,67209,67218,67225,67232,67232,67239,67240,67240,
67240,67248,67251,67258,67258,67267,67276,67276,67276,67285,
67286,67286,67286,67286,67286,67286,67286,67286,67286,67286,
67286,67286,67286,67286,67287,67287,67287,67287,67287,67287,
67287,67290,67293,67301,67311,67321,67324,67328,67333,67336,
67348,67359,67368,67371,67374,67377,67380,67384,67384,67384,
67384,67385,67385,67385,67385,67385,67386,67387,67387,67388,
67388,67391,67395,67407,67410,67413,67417,67421,67421,67421,
67421,67421,67421,67422,67422,67432,67432,67432,67433,67433,
67436,67441,67445,67449,67453,67458,67462,67467,67470,67473,
67473,67473,67473,67473,67473,67473,67473,67480,67488,67495,
67503,67510,67519,67526,67535,67544,67552,67556,67556,67556,
67567,67579,67590,67600,67610,67622,67622,67624,67624,67627,
67627,67627,67627,67627,67627,67627,67627,67636,67648,67657,
67669,67679,67689,67698,67707,67707,67716,67726,67726,67730,
67733,67736,67737,67740,67748,67756,67756,67761,67770,67780,
67790,67799,67808,67817,67829,67838,67838,67841,67847,67847,
67850,67850,67850,67850,67854,67858,67861,67861,67861,67866,
67869,67869,67869,67869,67869,67869,67869,67869,67869,67869,
67869,67869,67877,67877,67877,67886,67895,67903,67910,67920,
67927,67935,67942,67949,67957,67957,67957,67957,67957,67966,
67974,67983,67991,67999,68009,68016,68025,68032,68039,68039,
68039,68039,68039,68042,68047,68048,68053,68056,68059,68062,
68065,68065,68068,68071,68071,68071,68071,68071,68071,68071,
68072,68072,68072,68072,68072,68073,68081,68089,68097,68104,
68113,68121,68130,68133,68140,68149,68149,68149,68149,68158,
68166,68171,68176,68180,68187,68190,68198,68203,68209,68217,
68224,68224,68224,68224,68232,68241,68248,68257,68266,68273,
68281,68289,68298,68307,68307,68307,68307,68307,68307,68307,
68307,68307,68307,68307,68307,68309,68309,68309,68313,68316,
68320,68323,68323,68326,68326,68326,68331,68331,68332,68332,
68332,68334,68336,68338,68340,68342,68344,68346,68351,68354,
68359,68361,68363,68367,68370,68374,68377,68377,68377,68378,
68378,68378,68378,68378,68378,68378,68378,68378,68378,68378,
68378,68378,68378,68378,68378,68378,68378,68378,68389,68399,
68407,68417,68427,68437,68445,68447,68449,68451,68453,68455,
68457,68461,68463,68467,68467,68468,68468,68469,68475,68475,
68475,68475,68477,68479,68479,68479,68483,68486,68492,68496,
68500,68508,68508,68515,68523,68532,68541,68549,68556,68564,
68573,68583,68591,68593,68595,68603,68611,68620,68632,68641,
68650,68652,68654,68658,68658,68658,68661,68661,68664,68667,
68672,68676,68680,68684,68688,68691,68699,68708,68711,68718,
68727,68737,68747,68754,68763,68771,68779,68779,68779,68788,
68795,68802,68811,68818,68826,68835,68842,68842,68850,68858,
68859,68860,68860,68860,68860,68860,68860,68860,68860,68860,
68860,68860,68861,68861,68861,68861,68861,68861,68869,68877,
68884,68893,68902,68909,68917,68925,68926,68926,68926,68935,
68944,68947,68950,68953,68957,68960,68963,68967,68967,68976,
68976,68976,68976,68976,68978,68978,68978,68978,68978,68978,
68978,68978,68978,68987,68987,68987,68987,68987,68987,68987,
68987,68990,68993,68997,68997,68997,68997,68997,68997,68997,
69000,69004,69009,69013,69017,69021,69025,69028,69031,69034,
69034,69034,69034,69034,69034,69034,69035,69038,69044,69044,
69047,69050,69054,69059,69062,69065,69068,69069,69069,69069,
69077,69085,69093,69102,69111,69120,69129,69136,69145,69153,
69163,69164,69164,69172,69180,69180,69192,69202,69213,69224,
69233,69242,69251,69261,69261,69266,69269,69273,69277,69277,
69281,69281,69281,69281,69282,69282,69282,69282,69282,69282,
69286,69291,69293,69297,69303,69307,69311,69315,69317,69319,
69321,69323,69325,69327,69329,69331,69334,69339,69344,69347,
69351,69354,69358,69361,69364,69368,69372,69376,69379,69383,
69386,69391,69400,69410,69419,69429,69436,69445,69452,69461,
69470,69477,69486,69494,69496,69496,69498,69500,69500,69502,
69504,69504,69514,69516,69517,69519,69519,69519,69519,69519,
69519,69522,69522,69525,69525,69533,69541,69548,69555,69563,
69572,69582,69590,69590,69599,69606,69606,69606,69606,69606,
69617,69617,69623,69626,69636,69639,69643,69647,69651,69651,
69661,69661,69665,69668,69672,69676,69679,69683,69686,69692,
69696,69697,69701,69701,69704,69704,69705,69705,69705,69715,
69715,69715,69715,69715,69715,69715,69715,69715,69719,69719,
69719,69719,69719,69722,69722,69722,69723,69723,69723,69731,
69731,69731,69734,69737,69741,69745,69748,69752,69756,69759,
69763,69766,69769,69772,69775,69780,69789,69789,69795,69795,
69795,69796,69796,69796,69803,69803,69803,69803,69803,69807,
69807,69818,69830,69841,69853,69862,69874,69882,69892,69901,
69913,69913,69913,69913,69913,69913,69913,69913,69913,69923,
69934,69944,69953,69965,69976,69988,69998,69998,70010,70018,
70018,70018,70027,70034,70034,70043,70051,70060,70069,70078,
70087,70096,70104,70111,70118,70118,70118,70118,70118,70126,
70135,70144,70152,70162,70169,70179,70186,70195,70203,70211,
70219,70226,70234,70243,70252,70252,70252,70253,70262,70271,
70271,70271,70271,70275,70278,70278,70281,70281,70281,70289,
70289,70294,70299,70302,70306,70310,70313,70316,70319,70323,
70323,70325,70327,70329,70331,70333,70335,70337,70339,70341,
70343,70352,70362,70362,70372,70380,70390,70398,70407,70416,
70426,70435,70435,70437,70437,70437,70437,70437,70437,70437,
70437,70437,70437,70437,70437,70445,70452,70460,70467,70476,
70485,70492,70501,70509,70517,70525,70534,70543,70551,70559,
70566,70566,70566,70566,70566,70566,70566,70566,70567,70575,
70586,70595,70606,70615,70625,70635,70644,70653,70664,70664,
70664,70665,70672,70680,70680,70680,70687,70695,70697,70706,
70713,70722,70730,70739,70739,70739,70739,70739,70739,70739,
70751,70760,70768,70776,70786,70796,70806,70818,70826,70835,
70835,70835,70844,70852,70861,70870,70879,70888,70897,70904,
70911,70920,70920,70920,70920,70921,70921,70922,70922,70923,
70923,70926,70929,70934,70939,70942,70946,70949,70953,70954,
70957,70965,70966,70966,70966,70968,70970,70972,70974,70976,
70978,70980,70982,70986,70988,70990,70998,71008,71008,71017,
71024,71024,71032,71041,71050,71060,71069,71071,71073,71075,
71077,71079,71081,71083,71085,71094,71096,71098,71098,71098,
71099,71099,71099,71108,71108,71108,71108,71116,71124,71131,
71140,71149,71158,71167,71171,71175,71179,71182,71186,71189,
71192,71200,71204,71204,71204,71204,71204,71207,71210,71210,
71215,71218,71222,71225,71230,71233,71238,71243,71252,71260,
71260,71260,71260,71268,71276,71285,71292,71300,71308,71316,
71323,71324,71324,71327,71330,71333,71340,71344,71349,71353,
71356,71359,71364,71364,71364,71364,71365,71365,71365,71365,
71365,71373,71382,71382,71382,71382,71382,71382,71382,71390,
71399,71408,71417,71425,71435,71444,71452,71452,71453,71453,
71453,71453,71464,71475,71488,71500,71512,71524,71537,71548,
71548,71548,71559,71570,71570,71579,71588,71588,71596,71604,
71614,71622,71629,71637,71647,71656,71656,71656,71656,71656,
71656,71657,71666,71675,71683,71692,71700,71710,71722,71730,
71740,71750,71750,71750,71750,71750,71750,71754,71754,71754,
71754,71755,71762,71769,71777,71785,71792,71802,71810,71819,
71828,71837,71837,71837,71841,71845,71848,71853,71856,71859,
71859,71859,71859,71862,71862,71862,71863,71863,71864,71865,
71865,71865,71865,71866,71876,71876,71876,71876,71879,71879,
71879,71879,71879,71879,71879,71879,71879,71879,71883,71886,
71890,71898,71906,71906,71915,71915,71924,71924,71924,71924,
71928,71933,71937,71941,71945,71951,71954,71958,71966,71966,
71970,71974,71974,71977,71981,71984,71989,71989,71989,71989,
71997,72006,72006,72006,72007,72015,72022,72029,72037,72044,
72051,72059,72068,72076,72078,72080,72082,72084,72086,72088,
72090,72092,72092,72094,72096,72099,72099,72099,72103,72103,
72107,72107,72107,72116,72116,72116,72117,72117,72117,72118,
72120,72122,72124,72126,72128,72130,72132,72134,72135,72142,
72144,72146,72150,72150,72150,72151,72151,72159,72166,72166,
72166,72174,72183,72192,72200,72207,72214,72223,72230,72230,
72230,72230,72230,72231,72231,72231,72232,72232,72236,72236,
72236,72245,72252,72260,72269,72278,72288,72296,72304,72304,
72307,72315,72324,72329,72333,72336,72341,72345,72348,72352,
72358,72358,72362,72365,72365,72373,72373,72382,72390,72400,
72410,72419,72427,72435,72443,72450,72458,72467,72474,72474,
72482,72485,72489,72493,72496,72500,72500,72504,72507,72510,
72513,72517,72521,72525,72528,72528,72528,72531,72538,72541,
72544,72547,72551,72554,72557,72561,72564,72564,72564,72564,
72564,72572,72580,72589,72597,72606,72615,72624,72631,72632,
72639,72649,72649,72658,72668,72678,72687,72692,72702,72711,
72720,72729,72732,72732,72732,72732,72732,72732,72732,72732,
72732,72739,72746,72756,72765,72774,72782,72790,72798,72798,
72807,72814,72814,72814,72818,72821,72824,72827,72831,72838,
72842,72845,72845,72847,72849,72850,72850,72852,72853,72855,
72857,72859,72861,72863,72865,72874,72883,72890,72898,72906,
72914,72921,72930,72938,72947,72947,72947,72948,72948,72948,
72960,72960,72969,72976,72983,72992,72999,73008,73017,73026,
73026,73035,73042,73045,73049,73049,73049,73052,73055,73059,
73063,73067,73070,73074,73078,73078,73078,73078,73078,73086,
73093,73101,73108,73117,73126,73135,73143,73143,73143,73152,
73160,73161,73161,73161,73161,73161,73161,73161,73161,73162,
73162,73162,73163,73163,73168,73171,73173,73182,73183,73183,
73188,73191,73195,73198,73198,73198,73198,73202,73206,73210,
73213,73216,73220,73223,73226,73226,73230,73234,73234,73234,
73234,73242,73251,73251,73251,73251,73251,73251,73251,73251,
73262,73266,73270,73271,73271,73275,73278,73281,73285,73289,
73293,73298,73302,73302,73303,73304,73304,73307,73307,73307,
73311,73311,73311,73311,73314,73317,73320,73323,73323,73331,
73338,73346,73355,73362,73372,73381,73389,73398,73405,73408,
73408,73416,73425,73425,73433,73441,73448,73455,73464,73471,
73481,73490,73501,73513,73525,73534,73543,73551,73560,73572,
73582,73584,73586,73588,73590,73592,73594,73596,73607,73617,
73627,73637,73646,73658,73666,73676,73686,73696,73696,73696,
73705,73705,73705,73705,73705,73705,73705,73705,73705,73714,
73722,73729,73738,73749,73756,73764,73773,73783,73792,73804,
73813,73820,73829,73841,73850,73850,73850,73850,73850,73850,
73852,73854,73856,73858,73860,73862,73864,73866,73866,73868,
73870,73870,73870,73870,73871,73871,73884,73896,73908,73921,
73922,73922,73929,73932,73935,73938,73941,73944,73944,73944,
73944,73944,73944,73944,73944,73945,73945,73955,73962,73971,
73979,73988,73997,74004,74012,74020,74020,74029,74039,74039,
74046,74049,74058,74058,74061,74061,74070,74070,74074,74074,
74082,74085,74086,74086,74086,74086,74086,74090,74090,74094,
74095,74095,74095,74095,74095,74095,74095,74095,74095,74095,
74095,74095,74095,74095,74095,74095,74095,74095,74095,74099,
74102,74105,74108,74111,74115,74118,74121,74122,74122,74126,
74126,74126,74126,74126,74126,74126,74134,74142,74149,74158,
74167,74175,74182,74191,74199,74207,74214,74222,74222,74222,
74225,74230,74235,74238,74242,74246,74250,74254,74256,74257,
74259,74259,74266,74274,74283,74291,74301,74309,74317,74325,
74334,74341,74350,74350,74351,74361,74361,74371,74380,74380,
74380,74380,74380,74380,74380,74380,74380,74380,74380,74380,
74380,74380,74380,74383,74383,74383,74383,74383,74383,74383,
74383,74383,74386,74390,74399,74407,74407,74419,74428,74432,
74440,74445,74455,74461,74466,74474,74483,74496,74505,74512,
74523,74532,74541,74550,74559,74566,74574,74574,74574,74574,
74574,74582,74582,74582,74582,74582,74582,74582,74582,74590,
74600,74608,74616,74623,74630,74639,74646,74653,74660,74660,
74660,74664,74667,74672,74676,74679,74684,74687,74691,74695,
74698,74698,74698,74705,74705,74705,74705,74705,74707,74709,
74711,74713,74715,74717,74719,74721,74723,74725,74725,74725,
74725,74725,74725,74725,74725,74725,74725,74725,74725,74725,
74732,74732,74734,74736,74738,74740,74742,74744,74747,74748,
74752,74756,74759,74763,74765,74768,74772,74776,74776,74776,
74776,74776,74776,74780,74787,74787,74787,74787,74787,74787,
74787,74790,74794,74798,74802,74805,74809,74813,74816,74816,
74816,74816,74816,74816,74817,74817,74818,74818,74822,74825,
74825,74825,74834,74837,74840,74844,74847,74850,74854,74858,
74861,74868,74873,74877,74877,74887,74887,74889,74889,74890,
74890,74898,74898,74898,74901,74901,74901,74901,74901,74901,
74901,74901,74901,74905,74905,74905,74905,74905,74905,74905,
74912,74920,74929,74937,74945,74952,74961,74968,74978,74987,
74987,74987,74987,74987,74987,74996,75004,75012,75021,75028,
75035,75043,75052,75059,75066,75075,75083,75083,75083,75092,
75103,75110,75118,75127,75136,75144,75152,75152,75152,75152,
75152,75152,75159,75162,75169,75178,75186,75194,75203,75212,
75220,75228,75229,75229,75234,75238,75243,75246,75252,75256,
75260,75264,75267,75272,75272,75272,75272,75272,75275,75279,
75284,75288,75292,75295,75298,75298,75298,75298,75298,75298,
75301,75304,75309,75312,75317,75320,75323,75326,75326,75330,
75330,75330,75330,75330,75330,75330,75330,75330,75340,75340,
75340,75340,75348,75357,75357,75365,75372,75381,75389,75399,
75407,75416,75423,75423,75426,75426,75431,75433,75433,75435,
75436,75438,75447,75447,75447,75450,75453,75456,75456,75459,
75463,75467,75470,75473,75476,75482,75486,75491,75491,75491,
75491,75495,75499,75499,75499,75499,75503,75504,75504,75512,
75514,75514,75514,75522,75522,75522,75522,75522,75522,75524,
75526,75528,75530,75532,75534,75536,75538,75540,75542,75545,
75552,75559,75567,75576,75583,75590,75597,75605,75613,75622,
75623,75623,75626,75628,75630,75633,75633,75638,75640,75640,
75643,75643,75643,75644,75652,75657,75660,75664,75668,75671,
75673,75677,75680,75685,75689,75691,75691,75700,75705,75705,
75708,75708,75711,75711,75714,75715,75721,75725,75736,75736,
75739,75739,75740,75740,75740,75740,75740,75740,75740,75740,
75741,75741,75741,75743,75745,75747,75749,75751,75753,75755,
75757,75759,75761,75769,75769,75769,75773,75776,75788,75788,
75788,75791,75794,75797,75802,75806,75811,75817,75822,75831,
75831,75841,75841,75848,75849,75852,75860,75860,75860,75868,
75876,75876,75876,75885,75885,75894,75905,75905,75905,75908,
75911,75915,75919,75924,75924,75924,75924,75924,75924,75924,
75924,75924,75924,75924,75924,75931,75931,75931,75939,75943,
75944,75944,75944,75944,75951,75960,75969,75977,75980,75988,
75998,76005,76009,76012,76016,76020,76023,76026,76030,76035,
76040,76043,76046,76046,76055,76055,76059,76062,76066,76071,
76075,76075,76075,76075,76076,76078,76080,76082,76082,76082,
76082,76082,76082,76082,76082,76082,76085,76085,76087,76089,
76091,76093,76095,76097,76099,76101,76103,76105,76106,76106,
76106,76106,76106,76106,76106,76106,76106,76106,76106,76106,
76106,76106,76106,76106,76106,76106,76108,76108,76108,76108,
76108,76108,76108,76108,76111,76114,76117,76122,76125,76129,
76132,76135,76138,76149,76159,76169,76171,76180,76188,76190,
76201,76210,76221,76221,76221,76221,76221,76221,76221,76221,
76221,76221,76221,76221,76221,76221,76222,76231,76241,76242,
76253,76262,76271,76282,76290,76299,76308,76311,76313,76316,
76319,76323,76327,76330,76333,76335,76337,76339,76342,76344,
76346,76348,76350,76350,76353,76359,76362,76365,76371,76374,
76378,76379,76379,76379,76379,76379,76379,76379,76379,76379,
76379,76381,76383,76385,76387,76389,76391,76393,76395,76397,
76399,76399,76399,76399,76399,76399,76399,76399,76399,76399,
76399,76399,76399,76399,76399,76399,76399,76399,76399,76399,
76399,76399,76399,76409,76419,76427,76435,76442,76451,76459,
76468,76476,76477,76490,76502,76502,76513,76514,76527,76539,
76551,76563,76577,76589,76596,76605,76605,76605,76606,76608,
76610,76612,76624,76626,76628,76630,76632,76643,76645,76645,
76648,76648,76653,76657,76661,76664,76664,76664,76664,76664,
76664,76664,76664,76664,76666,76668,76670,76672,76674,76676,
76678,76680,76682,76684,76684,76692,76700,76700,76700,76700,
76700,76700,76700,76700,76700,76700,76704,76708,76712,76712,
76712,76712,76712,76712,76712,76715,76721,76725,76730,76733,
76737,76738,76747,76758,76768,76779,76787,76795,76805,76815,
76823,76834,76834,76834,76834,76834,76834,76837,76838,76838,
76838,76838,76838,76842,76846,76849,76853,76856,76859,76864,
76867,76871,76874,76874,76874,76874,76874,76875,76875,76875,
76885,76895,76895,76905,76913,76923,76932,76941,76950,76958,
76967,76971,76972,76976,76979,76982,76988,76992,76996,76999,
77003,77006,77011,77014,77022,77030,77039,77048,77056,77064,
77073,77081,77090,77099,77107,77116,77123,77132,77140,77149,
77152,77156,77156,77156,77165,77174,77183,77194,77202,77212,
77221,77232,77232,77242,77252,77252,77261,77269,77280,77291,
77300,77308,77318,77328,77340,77352,77352,77354,77356,77356,
77358,77360,77362,77364,77366,77368,77370,77372,77372,77372,
77372,77372,77372,77372,77372,77372,77385,77398,77408,77419,
77431,77442,77453,77461,77469,77480,77480,77492,77503,77506,
77510,77513,77517,77520,77523,77526,77526,77526,77526,77526,
77526,77526,77526,77535,77535,77535,77536,77536,77536,77537,
77537,77542,77546,77554,77562,77572,77579,77586,77595,77604,
77613,77613,77613,77613,77613,77622,77629,77638,77645,77653,
77661,77669,77678,77687,77694,77703,77712,77712,77712,77712,
77712,77716,77719,77722,77725,77725,77725,77725,77725,77725,
77725,77725,77725,77728,77731,77734,77739,77743,77746,77747,
77747,77747,77747,77755,77755,77755,77755,77755,77755,77759,
77760,77760,77769,77769,77769,77772,77772,77772,77773,77773,
77773,77773,77773,77773,77777,77777,77779,77779,77788,77788,
77795,77798,77801,77805,77808,77811,77811,77811,77811,77811,
77811,77811,77811,77811,77811,77811,77811,77811,77811,77820,
77828,77828,77837,77844,77851,77858,77866,77874,77883,77892,
77892,77893,77893,77893,77895,77897,77899,77901,77903,77905,
77907,77909,77913,77913,77915,77917,77917,77920,77920,77920,
77920,77920,77922,77931,77940,77948,77957,77966,77975,77982,
77991,77998,78007,78007,78007,78007,78016,78019,78022,78025,
78028,78031,78034,78037,78041,78044,78048,78048,78048,78050,
78061,78061,78061,78063,78065,78074,78074,78084,78086,78091,
78094,78097,78100,78106,78115,78119,78122,78123,78123,78134,
78134,78136,78136,78136,78136,78136,78136,78138,78138,78139,
78139,78139,78139,78139,78141,78143,78143,78143,78143,78144,
78144,78148,78151,78156,78162,78165,78170,78173,78177,78177,
78177,78177,78177,78186,78196,78204,78212,78221,78229,78239,
78247,78256,78264,78265,78267,78267,78267,78267,78267,78269,
78270,78272,78276,78276,78282,78285,78290,78290,78290,78290,
78290,78290,78290,78299,78303,78306,78310,78313,78317,78321,
78324,78324,78324,78324,78324,78325,78333,78345,78356,78364,
78376,78386,78395,78395,78406,78417,78417,78417,78417,78417,
78426,78429,78436,78436,78444,78448,78454,78459,78463,78467,
78472,78478,78482,78495,78507,78519,78532,78545,78557,78569,
78581,78588,78588,78600,78600,78607,78614,78618,78618,78618,
78621,78624,78628,78632,78632,78633,78633,78633,78636,78636,
78645,78645,78645,78645,78645,78645,78645,78645,78645,78645,
78645,78654,78662,78669,78678,78687,78695,78703,78712,78722,
78731,78731,78739,78747,78754,78761,78770,78779,78786,78794,
78802,78811,78818,78826,78826,78836,78844,78852,78861,78869,
78878,78887,78895,78902,78911,78919,78928,78937,78944,78951,
78959,78967,78968,78968,78968,78968,78968,78968,78968,78969,
78970,78970,78970,78970,78970,78977,78986,78994,79001,79008,
79015,79023,79032,79032,79039,79049,79051,79053,79053,79055,
79057,79059,79061,79063,79065,79067,79069,79072,79077,79083,
79086,79089,79092,79095,79099,79100,79100,79100,79100,79100,
79100,79100,79109,79116,79118,79118,79128,79128,79136,79139,
79142,79147,79151,79159,79162,79167,79171,79178,79181,79188,
79193,79200,79205,79213,79226,79237,79250,79263,79270,79277,
79286,79295,79295,79302,79312,79321,79331,79344,79357,79369,
79382,79394,79405,79418,79431,79431,79431,79438,79450,79463,
79463,79472,79472,79472,79472,79476,79480,79485,79492,79496,
79499,79503,79507,79515,79518,79521,79530,79530,79541,79541,
79542,79551,79552,79552,79552,79552,79552,79556,79559,79559,
79562,79566,79569,79573,79576,79579,79583,79586,79590,79593,
79596,79599,79602,79607,79607,79607,79610,79614,79614,79614,
79617,79617,79617,79617,79617,79617,79617,79617,79620,79623,
79627,79630,79633,79637,79640,79640,79640,79640,79640,79640,
79644,79649,79653,79658,79661,79665,79668,79668,79677,79677,
79677,79677,79687,79687,79687,79691,79691,79700,79701,79709,
79709,79718,79719,79719,79724,79730,79734,79738,79741,79741,
79742,79743,79743,79744,79754,79757,79757,79757,79757,79757,
79757,79757,79768,79768,79768,79771,79774,79778,79782,79782,
79791,79791,79791,79794,79794,79794,79794,79794,79794,79794,
79794,79794,79798,79801,79805,79808,79813,79816,79816,79816,
79816,79816,79816,79816,79816,79816,79816,79816,79816,79816,
79816,79816,79816,79820,79820,79820,79821,79821,79821,79830,
79839,79839,79842,79842,79842,79842,79851,79858,79866,79874,
79881,79889,79899,79907,79915,79923,79923,79925,79928,79930,
79932,79937,79940,79945,79949,79959,79967,79977,79985,79993,
80002,80011,80023,80031,80043,80043,80043,80043,80043,80043,
80043,80043,80043,80043,80050,80057,80065,80072,80081,80089,
80099,80108,80116,80125,80133,80145,80155,80163,80171,80183,
80183,80193,80201,80201,80209,80220,80230,80241,80251,80260,
80270,80280,80280,80280,80280,80281,80281,80281,80284,80293,
80302,80312,80320,80329,80337,80344,80354,80362,80371,80379,
80388,80397,80405,80413,80422,80431,80439,80448,80448,80449,
80449,80449,80449,80449,80449,80449,80449,80449,80449,80450,
80450,80450,80450,80450,80450,80450,80450,80450,80450,80450,
80452,80452,80454,80454,80454,80457,80460,80465,80470,80473,
80473,80475,80477,80479,80481,80483,80485,80487,80489,80489,
80489,80489,80489,80489,80489,80492,80492,80492,80492,80492,
80492,80492,80492,80492,80493,80493,80493,80493,80493,80493,
80493,80493,80493,80493,80493,80493,80502,80512,80512,80521,
80531,80539,80549,80559,80568,80577,80587,80589,80589,80589,
80589,80591,80596,80596,80599,80602,80605,80606,80609,80612,
80616,80619,80622,80625,80629,80637,80645,80655,80664,80673,
80675,80684,80694,80702,80711,80721,80721,80725,80726,80729,
80729,80730,80741,80751,80761,80770,80780,80788,80796,80805,
80814,80823,80823,80823,80826,80830,80833,80836,80839,80845,
80848,80851,80851,80862,80862,80862,80862,80862,80862,80862,
80862,80862,80862,80862,80862,80862,80862,80862,80862,80862,
80862,80862,80862,80863,80863,80863,80863,80873,80882,80882,
80893,80901,80909,80916,80924,80932,80939,80946,80954,80954,
80959,80963,80967,80973,80976,80980,80983,80987,80992,80996,
80996,80999,80999,80999,80999,80999,81002,81006,81010,81015,
81019,81023,81027,81031,81036,81039,81046,81050,81053,81056,
81059,81062,81071,81071,81074,81078,81081,81085,81088,81088,
81098,81098,81098,81098,81098,81098,81098,81098,81098,81098,
81098,81101,81109,81109,81109,81109,81109,81113,81117,81121,
81125,81128,81128,81128,81136,81145,81153,81163,81172,81180,
81190,81198,81208,81218,81226,81238,81249,81258,81268,81278,
81286,81297,81307,81316,81316,81317,81317,81321,81324,81324,
81324,81324,81328,81331,81334,81337,81340,81344,81347,81351,
81351,81351,81351,81352,81361,81361,81368,81378,81385,81392,
81401,81411,81420,81428,81437,81445,81445,81445,81448,81448,
81448,81448,81448,81455,81455,81455,81455,81463,81463,81463,
81463,81468,81472,81481,81489,81498,81503,81507,81512,81516,
81520,81524,81531,81535,81539,81542,81546,81551,81554,81558,
81563,81570,81575,81579,81583,81586,81589,81592,81600,81603,
81606,81609,81613,81614,81614,81614,81622,81632,81640,81647,
81656,81664,81672,81682,81690,81690,81698,81705,81705,81705,
81705,81706,81715,81724,81731,81739,81748,81756,81765,81772,
81772,81779,81789,81789,81789,81792,81799,81804,81808,81810,
81813,81815,81819,81819,81827,81831,81833,81835,81843,81853,
81860,81870,81877,81886,81894,81904,81913,81920,81921,81930,
81930,81930,81930,81930,81930,81933,81933,81933,81933,81933,
81933,81943,81944,81944,81944,81944,81944,81944,81944,81948,
81948,81948,81948,81948,81949,81952,81956,81959,81962,81966,
81970,81974,81977,81981,81985,81986,81986,81990,81991,81991,
81991,81991,82001,82010,82019,82031,82041,82050,82059,82070,
82070,82079,82089,82089,82089,82089,82089,82089,82093,82093,
82093,82093,82094,82096,82098,82106,82115,82124,82134,82145,
82155,82157,82166,82175,82185,82192,82192,82200,82200,82204,
82214,82217,82222,82232,82232,82236,82245,82252,82261,82270,
82279,82287,82295,82303,82312,82321,82322,82322,82322,82322,
82322,82322,82331,82339,82339,82350,82359,82367,82378,82388,
82398,82408,82416,82416,82416,82416,82416,82416,82417,82417,
82417,82430,82441,82441,82448,82457,82464,82471,82481,82490,
82498,82507,82515,82524,82527,82532,82538,82541,82545,82545,
82545,82545,82545,82555,82555,82555,82556,82556,82556,82559,
82560,82560,82560,82565,82565,82565,82565,82565,82565,82565,
82565,82565,82565,82565,82565,82565,82575,82575,82575,82578,
82582,82586,82591,82594,82598,82603,82607,82618,82618,82621,
82624,82624,82629,82629,82632,82632,82635,82635,82644,82644,
82653,82661,82662,82671,82679,82687,82695,82703,82711,82720,
82720,82720,82721,82721,82721,82721,82722,82731,82738,82747,
82754,82762,82769,82778,82785,82794,82801,82801,82801,82810,
82819,82819,82819,82819,82819,82819,82819,82819,82819,82819,
82819,82819,82826,82828,82828,82828,82837,82845,82845,82855,
82862,82870,82878,82885,82892,82900,82908,82911,82916,82920,
82924,82928,82931,82935,82944,82949,82952,82953,82954,82954,
82955,82955,82955,82955,82955,82955,82955,82955,82959,82964,
82968,82971,82975,82983,82987,82990,82999,83006,83014,83021,
83027,83031,83038,83045,83045,83048,83048,83048,83048,83057,
83066,83066,83076,83084,83094,83102,83109,83116,83125,83133,
83133,83133,83136,83136,83146,83146,83156,83157,83157,83157,
83168,83168,83179,83180,83180,83180,83180,83180,83180,83183,
83187,83187,83190,83193,83196,83199,83202,83205,83209,83213,
83217,83224,83224,83233,83241,83249,83256,83264,83272,83279,
83288,83288,83295,83304,83304,83307,83310,83313,83316,83319,
83323,83329,83333,83338,83342,83351,83359,83366,83371,83378,
83385,83392,83400,83407,83413,83413,83413,83413,83413,83416,
83419,83423,83426,83429,83432,83436,83441,83444,83447,83454,
83454,83454,83454,83454,83454,83454,83454,83454,83454,83454,
83454,83454,83458,83458,83467,83475,83484,83492,83500,83508,
83517,83525,83525,83533,83543,83543,83543,83546,83550,83553,
83557,83560,83563,83567,83570,83574,83577,83580,83583,83583,
83583,83583,83583,83583,83587,83590,83594,83598,83603,83606,
83609,83613,83613,83613,83616,83621,83625,83625,83629,83629,
83629,83637,83645,83652,83659,83659,83660,83660,83660,83668,
83675,83675,83686,83686,83693,83702,83702,83710,83719,83722,
83722,83731,83731,83740,83751,83751,83751,83759,83759,83759,
83759,83759,83759,83766,83775,83784,83792,83800,83809,83816,
83823,83831,83839,83839,83846,83855,83865,83872,83880,83889,
83898,83906,83916,83925,83928,83933,83936,83940,83941,83944,
83944,83953,83957,83966,83974,83982,83989,83996,84005,84014,
84021,84029,84029,84037,84046,84054,84062,84072,84080,84088,
84096,84096,84103,84111,84111,84111,84111,84111,84111,84115,
84119,84126,84126,84127,84128,84128,84128,84128,84128,84128,
84129,84129,84129,84129,84135,84143,84143,84143,84143,84143,
84143,84147,84147,84155,84155,84155,84155,84155,84164,84164,
84173,84182,84182,84192,84199,84200,84200,84200,84209,84217,
84225,84225,84234,84242,84243,84251,84251,84258,84258,84266,
84269,84277,84281,84285,84288,84291,84294,84297,84300,84303,
84310,84310,84310,84310,84318,84318,84318,84318,84318,84318,
84318,84326,84335,84340,84340,84343,84348,84351,84354,84357,
84360,84360,84360,84360,84360,84360,84368,84368,84368,84370,
84370,84370,84374,84378,84378,84382,84387,84390,84393,84394,
84394,84396,84396,84396,84396,84396,84396,84396,84396,84404,
84411,84420,84429,84438,84447,84457,84466,84466,84466,84466,
84475,84483,84483,84483,84483,84483,84484,84484,84484,84484,
84493,84500,84508,84516,84523,84530,84539,84548,84557,84566,
84571,84575,84578,84578,84578,84578,84578,84578,84578,84579,
84579,84579,84579,84579,84579,84579,84579,84579,84579,84579,
84579,84579,84579,84579,84579,84579,84579,84579,84579,84588,
84596,84604,84613,84622,84632,84640,84648,84656,84663,84663,
84663,84663,84663,84663,84663,84663,84672,84682,84690,84700,
84710,84718,84727,84735,84735,84746,84756,84756,84756,84756,
84756,84756,84757,84757,84757,84757,84757,84757,84760,84760,
84764,84769,84775,84780,84783,84786,84786,84786,84786,84786,
84786,84786,84786,84786,84786,84786,84789,84789,84789,84789,
84789,84791,84793,84795,84797,84799,84800,84802,84804,84806,
84808,84815,84823,84830,84839,84846,84855,84859,84868,84868,
84877,84886,84886,84899,84911,84911,84911,84922,84935,84936,
84948,84960,84972,84984,84996,84998,85000,85002,85004,85006,
85008,85010,85012,85014,85016,85023,85031,85040,85049,85056,
85064,85071,85079,85086,85096,85096,85096,85096,85103,85103,
85103,85103,85103,85113,85123,85123,85123,85123,85131,85141,
85150,85159,85168,85178,85188,85198,85198,85198,85206,85206,
85206,85206,85206,85206,85210,85210,85222,85233,85235,85237,
85248,85258,85260,85262,85264,85266,85268,85270,85272,85274,
85274,85281,85281,85281,85285,85293,85293,85301,85310,85310,
85319,85326,85335,85336,85345,85352,85361,85369,85377,85384,
85394,85401,85409,85416,85423,85423,85423,85432,85440,85450,
85457,85464,85473,85480,85489,85489,85489,85489,85489,85498,
85498,85498,85498,85498,85498,85498,85506,85506,85506,85506,
85506,85506,85506,85506,85506,85506,85507,85507,85508,85508,
85508,85508,85508,85508,85508,85508,85515,85515,85515,85515,
85515,85515,85515,85515,85515,85523,85531,85541,85551,85561,
85571,85579,85589,85600,85610,85610,85612,85612,85612,85612,
85617,85620,85620,85623,85626,85630,85633,85637,85642,85647,
85650,85662,85674,85683,85694,85703,85713,85721,85730,85732,
85741,85752,85752,85752,85761,85769,85777,85785,85795,85802,
85811,85820,85829,85838,85838,85846,85846,85846,85846,85846,
85854,85859,85868,85871,85874,85882,85885,85892,85895,85902,
85912,85920,85920,85921,85922,85922,85922,85930,85939,85946,
85955,85963,85970,85978,85986,85986,85993,86001,86001,86001,
86001,86002,86002,86004,86004,86004,86007,86010,86014,86018,
86022,86025,86029,86032,86035,86039,86039,86039,86039,86039,
86039,86039,86039,86039,86039,86039,86039,86039,86039,86040,
86049,86049,86049,86049,86049,86049,86049,86053,86053,86054,
86054,86054,86058,86067,86077,86077,86085,86092,86101,86108,
86115,86123,86132,86141,86141,86141,86142,86143,86143,86146,
86150,86155,86162,86166,86169,86169,86169,86169,86169,86169,
86169,86170,86170,86170,86170,86170,86170,86170,86171,86171,
86171,86176,86180,86183,86187,86189,86192,86194,86196,86198,
86200,86202,86204,86206,86208,86208,86208,86208,86208,86208,
86209,86209,86209,86217,86219,86221,86223,86225,86227,86229,
86231,86233,86233,86233,86233,86234,86234,86241,86248,86257,
86264,86271,86280,86289,86296,86306,86313,86321,86324,86328,
86331,86334,86337,86341,86341,86341,86341,86341,86341,86341,
86341,86341,86341,86341,86344,86344,86344,86345,86345,86347,
86351,86355,86358,86364,86368,86371,86376,86380,86380,86380,
86380,86380,86380,86382,86383,86383,86387,86391,86396,86400,
86400,86400,86400,86404,86407,86410,86413,86416,86419,86419,
86419,86419,86419,86426,86434,86443,86452,86462,86470,86479,
86489,86497,86504,86504,86507,86511,86514,86517,86521,86524,
86527,86531,86531,86534,86539,86539,86540,86547,86556,86566,
86574,86582,86590,86598,86607,86616,86624,86624,86632,86640,
86640,86640,86640,86640,86640,86642,86642,86642,86650,86650,
86650,86652,86652,86654,86656,86665,86667,86669,86671,86673,
86675,86677,86679,86681,86694,86707,86720,86732,86744,86757,
86769,86782,86794,86794,86794,86794,86794,86794,86794,86794,
86794,86794,86794,86794,86794,86794,86802,86802,86810,86810,
86820,86820,86820,86828,86828,86836,86836,86843,86845,86854,
86863,86871,86879,86889,86899,86907,86916,86917,86927,86937,
86945,86949,86953,86953,86954,86955,86959,86962,86965,86969,
86972,86977,86978,86987,86995,87003,87010,87018,87025,87032,
87041,87050,87058,87066,87076,87076,87085,87086,87086,87096,
87100,87103,87106,87112,87116,87120,87123,87123,87123,87130,
87140,87148,87156,87164,87173,87181,87188,87196,87203,87204,
87204,87204,87204,87208,87208,87208,87208,87208,87208,87208,
87221,87233,87244,87256,87256,87256,87264,87264,87264,87264,
87268,87271,87274,87278,87282,87287,87290,87293,87297,87297,
87301,87306,87306,87312,87317,87320,87323,87327,87332,87335,
87338,87348,87359,87369,87377,87386,87396,87404,87414,87414,
87423,87434,87439,87444,87448,87452,87455,87459,87463,87466,
87469,87472,87472,87472,87472,87472,87472,87472,87472,87476,
87479,87483,87486,87490,87494,87497,87501,87502,87508,87514,
87518,87522,87522,87522,87523,87523,87523,87527,87532,87535,
87539,87544,87548,87552,87556,87561,87564,87564,87564,87564,
87564,87568,87571,87574,87577,87580,87583,87586,87591,87595,
87599,87608,87615,87623,87630,87639,87646,87653,87662,87662,
87671,87678,87678,87682,87686,87690,87693,87696,87700,87700,
87700,87700,87700,87708,87716,87725,87732,87742,87750,87757,
87766,87773,87781,87781,87781,87782,87787,87787,87787,87787,
87788,87789,87789,87789,87789,87789,87789,87789,87789,87797,
87809,87817,87829,87837,87838,87847,87854,87855,87855,87855,
87862,87871,87871,87871,87871,87871,87871,87871,87871,87871,
87871,87871,87873,87875,87877,87879,87881,87889,87891,87893,
87895,87897,87906,87915,87918,87921,87924,87934,87938,87941,
87946,87949,87952,87955,87959,87962,87971,87971,87971,87978,
87979,87979,87986,87987,87987,87996,87996,87996,88001,88001,
88010,88010,88010,88010,88010,88010,88010,88010,88010,88019,
88028,88028,88029,88036,88044,88052,88061,88069,88077,88084,
88089,88093,88097,88101,88105,88105,88105,88105,88105,88109,
88109,88109,88109,88113,88121,88121,88121,88130,88139,88147,
88156,88164,88172,88180,88190,88197,88204,88204,88207,88211,
88215,88218,88221,88225,88226,88226,88226,88226,88236,88236,
88236,88236,88239,88239,88242,88246,88250,88254,88258,88263,
88266,88269,88269,88270,88271,88274,88277,88281,88284,88287,
88290,88294,88298,88301,88304,88309,88312,88315,88318,88321,
88321,88329,88329,88329,88329,88329,88329,88329,88329,88329,
88329,88329,88329,88329,88329,88329,88329,88329,88329,88329,
88329,88329,88329,88329,88329,88330,88330,88330,88330,88330,
88333,88337,88341,88344,88348,88351,88353,88355,88357,88359,
88361,88363,88365,88367,88369,88371,88378,88386,88395,88403,
88412,88420,88429,88436,88443,88452,88452,88453,88453,88453,
88458,88461,88465,88469,88474,88478,88481,88485,88485,88489,
88494,88494,88503,88512,88512,88512,88522,88532,88541,88550,
88557,88565,88572,88583,88583,88583,88584,88584,88584,88584,
88584,88593,88601,88609,88618,88625,88634,88643,88652,88660,
88669,88669,88677,88677,88678,88686,88696,88703,88710,88720,
88730,88737,88745,88754,88761,88766,88770,88773,88777,88781,
88784,88788,88788,88788,88796,88798,88806,88815,88824,88833,
88840,88842,88842,88851,88853,88853,88855,88863,88871,88879,
88884,88891,88901,88911,88919,88928,88930,88933,88942,88946,
88949,88953,88954,88957,88961,88966,88969,88971,88971,88971,
88971,88971,88971,88972,88972,88972,88975,88978,88983,88983,
88983,88983,88983,88983,88984,88994,88996,88998,89002,89009,
89011,89013,89015,89017,89019,89021,89023,89025,89026,89034,
89034,89042,89050,89054,89057,89060,89069,89072,89075,89078,
89085,89090,89094,89097,89102,89102,89102,89105,89105,89105,
89105,89105,89112,89121,89121,89122,89129,89129,89129,89129,
89129,89136,89137,89137,89137,89137,89142,89142,89143,89143,
89144,89144,89147,89147,89147,89147,89147,89156,89163,89170,
89178,89185,89194,89203,89211,89221,89230,89230,89230,89232,
89234,89236,89238,89240,89242,89244,89246,89246,89246,89247,
89247,89255,89264,89273,89281,89289,89298,89307,89314,89314,
89323,89330,89330,89330,89330,89330,89330,89330,89330,89330,
89330,89330,89330,89330,89330,89330,89330,89330,89330,89330,
89330,89337,89348,89358,89369,89381,89392,89392,89399,89407,
89414,89423,89431,89439,89447,89448,89448,89448,89448,89448,
89450,89452,89452,89452,89454,89459,89461,89463,89465,89467,
89469,89478,89485,89488,89497,89500,89507,89507,89515,89515,
89522,89522,89522,89528,89531,89534,89538,89547,89556,89556,
89559,89559,89570,89580,89588,89599,89609,89618,89628,89637,
89637,89640,89643,89646,89649,89652,89652,89652,89655,89658,
89662,89665,89669,89672,89675,89678,89678,89678,89678,89678,
89678,89678,89678,89679,89679,89679,89679,89679,89680,89680,
89680,89681,89690,89701,89705,89708,89712,89715,89719,89722,
89725,89731,89739,89747,89747,89747,89756,89766,89773,89782,
89789,89798,89807,89815,89815,89815,89815,89815,89815,89815,
89815,89815,89815,89815,89815,89825,89825,89825,89826,89830,
89830,89833,89833,89836,89836,89840,89844,89845,89848,89848,
89855,89858,89867,89876,89879,89889,89898,89905,89913,89922,
89925,89929,89932,89936,89939,89943,89948,89954,89954,89954,
89954,89954,89954,89963,89966,89966,89966,89966,89973,89973,
89973,89973,89980,89984,89987,89991,89994,90002,90012,90016,
90020,90025,90025,90032,90040,90040,90040,90049,90056,90064,
90072,90081,90088,90096,90105,90105,90113,90120,90120,90120,
90120,90120,90120,90120,90120,90120,90126,90131,90134,90137,
90141,90144,90148,90151,90156,90159,90159,90159,90159,90162,
90162,90172,90181,90192,90203,90212,90223,90231,90241,90253,
90263,90263,90263,90263,90263,90264,90264,90264,90268,90273,
90278,90281,90284,90287,90290,90294,90294,90294,90294,90294,
90294,90294,90294,90294,90294,90295,90297,90301,90305,90309,
90314,90317,90317,90326,90337,90349,90357,90367,90376,90388,
90398,90407,90416,90416,90425,90436,90439,90443,90447,90455,
90465,90474,90485,90494,90494,90494,90494,90494,90494,90494,
90494,90494,90496,90498,90500,90502,90504,90506,90508,90510,
90510,90512,90514,90518,90522,90525,90529,90532,90538,90542,
90546,90550,90553,90556,90556,90556,90556,90563,90570,90578,
90587,90596,90603,90613,90623,90631,90639,90639,90647,90647,
90647,90651,90655,90656,90659,90663,90666,90671,90675,90678,
90682,90685,90688,90694,90697,90703,90708,90711,90721,90724,
90733,90743,90755,90764,90775,90786,90794,90804,90808,90811,
90811,90811,90814,90817,90820,90824,90828,90833,90837,90840,
90840,90840,90840,90840,90840,90840,90840,90840,90840,90840,
90840,90840,90840,90840,90840,90840,90843,90843,90843,90843,
90843,90844,90844,90844,90846,90847,90847,90847,90847,90847,
90847,90847,90847,90847,90847,90847,90847,90847,90855,90864,
90864,90872,90880,90889,90896,90903,90912,90920,90928,90928,
90932,90935,90936,90939,90943,90946,90950,90953,90957,90961,
90961,90962,90962,90966,90970,90973,90977,90981,90993,90993,
90993,90993,91000,91000,91007,91014,91025,91025,91038,91038,
91051,91064,91064,91072,91080,91089,91097,91106,91114,91122,
91132,91132,91132,91132,91140,91147,91156,91156,91165,91165,
91165,91165,91165,91165,91165,91165,91168,91178,91180,91182,
91184,91186,91188,91190,91192,91194,91194,91196,91198,91201,
91201,91201,91201,91204,91207,91211,91219,91228,91238,91245,
91252,91252,91261,91269,91269,91273,91276,91279,91282,91286,
91289,91292,91292,91294,91306,91314,91322,91329,91338,91347,
91355,91363,91373,91382,91391,91393,91393,91393,91395,91397,
91397,91397,91397,91397,91397,91397,91397,91398,91398,91407,
91418,91426,91433,91442,91449,91460,91472,91481,91489,91498,
91507,91507,91507,91507,91507,91511,91514,91517,91521,91524,
91529,91533,91533,91533,91534,91534,91534,91534,91534,91542,
91549,91558,91566,91575,91582,91591,91592,91600,91607,91607,
91607,91607,91607,91609,91609,91611,91613,91613,91613,91617,
91617,91617,91625,91635,91635,91635,91637,91646,91654,91663,
91665,91667,91675,91677,91677,91677,91681,91684,91687,91691,
91695,91695,91696,91697,91697,91697,91697,91697,91697,91697,
91697,91697,91697,91697,91697,91700,91703,91703,91711,91711,
91711,91714,91719,91723,91727,91732,91736,91740,91744,91744,
91744,91744,91745,91745,91745,91745,91753,91761,91770,91779,
91787,91794,91797,91800,91807,91814,91817,91820,91823,91826,
91830,91837,91844,91852,91861,91870,91877,91884,91893,91903,
91903,91903,91911,91921,91933,91933,91933,91933,91933,91933,
91933,91934,91934,91937,91937,91937,91937,91941,91945,91950,
91955,91959,91962,91966,91966,91966,91966,91966,91966,91974,
91982,91989,91990,91998,92005,92014,92024,92032,92042,92042,
92042,92042,92042,92049,92057,92058,92058,92067,92075,92084,
92094,92104,92112,92122,92130,92131,92131,92131,92134,92134,
92134,92135,92139,92139,92139,92146,92154,92161,92169,92177,
92186,92194,92203,92211,92219,92219,92219,92219,92219,92219,
92219,92219,92219,92219,92219,92219,92219,92219,92219,92219,
92219,92222,92226,92229,92233,92237,92240,92245,92250,92255,
92261,92261,92261,92263,92270,92277,92284,92286,92288,92290,
92292,92301,92308,92309,92316,92323,92331,92340,92349,92349,
92354,92354,92354,92354,92354,92354,92354,92354,92354,92354,
92354,92354,92354,92357,92357,92357,92357,92357,92360,92360,
92360,92360,92360,92360,92360,92369,92376,92385,92392,92400,
92408,92415,92424,92428,92435,92442,92442,92442,92442,92443,
92443,92443,92443,92447,92450,92450,92450,92450,92450,92450,
92450,92450,92450,92450,92450,92450,92450,92457,92467,92476,
92484,92492,92500,92509,92518,92518,92528,92536,92536,92537,
92541,92545,92548,92551,92563,92563,92563,92569,92573,92577,
92578,92581,92584,92588,92591,92591,92591,92600,92600,92609,
92609,92611,92613,92615,92617,92619,92621,92623,92625,92627,
92629,92629,92637,92644,92651,92659,92660,92668,92671,92680,
92688,92695,92704,92709,92718,92725,92725,92725,92728,92731,
92731,92736,92739,92743,92746,92750,92754,92759,92763,92767,
92773,92777,92780,92784,92787,92790,92793,92798,92801,92801,
92801,92801,92801,92801,92801,92801,92801,92802,92807,92810,
92814,92818,92821,92829,92833,92836,92843,92846,92853,92861,
92869,92877,92878,92883,92883,92883,92883,92883,92883,92891,
92899,92906,92913,92922,92931,92939,92947,92947,92947,92947,
92947,92955,92964,92964,92964,92965,92970,92974,92974,92974,
92978,92983,92988,92992,92995,92998,93002,93005,93015,93024,
93033,93044,93054,93064,93073,93084,93084,93084,93084,93094,
93103,93103,93103,93111,93121,93130,93141,93149,93157,93164,
93173,93174,93183,93192,93201,93209,93218,93227,93236,93245,
93245,93245,93245,93246,93246,93250,93255,93258,93263,93267,
93271,93274,93277,93281,93284,93284,93288,93298,93300,93302,
93304,93306,93308,93310,93312,93314,93316,93318,93318,93318,
93318,93321,93322,93322,93322,93331,93331,93335,93335,93339,
93339,93339,93339,93342,93342,93345,93345,93356,93359,93371,
93383,93395,93408,93421,93424,93424,93425,93429,93429,93429,
93434,93434,93434,93434,93434,93434,93434,93437,93440,93443,
93446,93446,93446,93447,93447,93451,93454,93458,93461,93465,
93465,93465,93465,93465,93473,93482,93482,93482,93489,93498,
93507,93516,93525,93532,93540,93549,93550,93550,93550,93550,
93550,93558,93568,93577,93586,93593,93602,93611,93618,93618,
93626,93635,93635,93635,93635,93635,93635,93635,93635,93642,
93642,93642,93643,93643,93651,93651,93651,93651,93651,93651,
93651,93651,93659,93659,93666,93667,93670,93670,93671,93671,
93680,93680,93680,93682,93683,93683,93691,93696,93696,93696,
93705,93715,93723,93733,93743,93753,93763,93774,93784,93795,
93799,93799,93803,93803,93803,93803,93803,93803,93803,93806,
93806,93809,93813,93813,93818,93818,93818,93818,93818,93818,
93818,93818,93818,93818,93818,93821,93821,93821,93821,93830,
93830,93830,93830,93830,93831,93831,93831,93831,93831,93831,
93831,93832,93832,93832,93833,93833,93833,93834,93834,93834,
93834,93834,93834,93834,93834,93834,93834,93834,93837,93840,
93843,93847,93851,93854,93857,93862,93862,93862,93862,93862,
93862,93862,93862,93865,93865,93865,93865,93865,93870,93873,
93876,93880,93883,93887,93891,93891,93891,93891,93895,93898,
93902,93906,93910,93913,93916,93919,93923,93926,93926,93926,
93926,93929,93932,93936,93939,93942,93945,93950,93953,93959,
93962,93965,93965,93965,93965,93965,93965,93965,93965,93966,
93966,93966,93967,93967,93968,93968,93968,93976,93985,93992,
94001,94008,94017,94024,94034,94035,94042,94049,94049,94049,
94049,94049,94053,94055,94058,94058,94062,94062,94062,94062,
94067,94078,94088,94098,94099,94111,94122,94132,94143,94143,
94143,94143,94143,94143,94144,94144,94144,94144,94144,94144,
94145,94145,94145,94148,94151,94155,94160,94164,94167,94170,
94177,94177,94177,94177,94180,94181,94184,94188,94192,94195,
94198,94208,94208,94216,94225,94234,94244,94251,94260,94269,
94279,94286,94295,94304,94311,94311,94313,94313,94316,94322,
94327,94330,94335,94338,94341,94341,94341,94341,94341,94341,
94341,94349,94357,94365,94372,94379,94386,94393,94402,94403,
94410,94417,94417,94417,94417,94417,94417,94417,94417,94417,
94417,94421,94421,94421,94425,94429,94433,94436,94439,94442,
94445,94448,94453,94456,94460,94463,94466,94470,94476,94480,
94484,94489,94493,94493,94493,94493,94493,94493,94494,94494,
94494,94494,94495,94495,94496,94496,94496,94501,94513,94513,
94513,94513,94513,94513,94513,94513,94513,94513,94513,94513,
94513,94513,94513,94513,94513,94513,94513,94513,94513,94513,
94513,94513,94513,94521,94529,94538,94547,94556,94565,94574,
94583,94591,94600,94603,94603,94603,94611,94615,94618,94621,
94626,94629,94633,94636,94644,94648,94653,94656,94659,94670,
94680,94684,94690,94690,94693,94693,94693,94694,94700,94700,
94700,94701,94702,94703,94713,94713,94713,94713,94713,94725,
94725,94725,94725,94729,94730,94734,94734,94743,94752,94761,
94768,94777,94787,94796,94805,94814,94823,94830,94837,94846,
94855,94860,94869,94869,94869,94871,94873,94875,94877,94879,
94881,94883,94885,94885,94892,94894,94896,94896,94896,94896,
94896,94896,94899,94899,94899,94899,94903,94908,94914,94918,
94918,94926,94926,94926,94930,94933,94937,94940,94944,94947,
94951,94956,94956,94965,94965,94965,94965,94965,94965,94965,
94965,94965,94965,94974,94978,94978,94978,94978,94978,94978,
94987,94995,94995,95002,95002,95002,95013,95025,95028,95039,
95051,95063,95074,95087,95100,95112,95119,95119,95126,95126,
95135,95137,95139,95141,95143,95145,95147,95149,95151,95153,
95155,95155,95155,95155,95155,95155,95155,95155,95155,95159,
95159,95162,95165,95168,95171,95175,95178,95182,95185,95185,
95185,95185,95185,95185,95189,95198,95207,95215,95223,95225,
95227,95229,95231,95233,95235,95246,95256,95259,95268,95272,
95275,95278,95283,95286,95294,95294,95298,95298,95298,95309,
95318,95319,95327,95335,95345,95354,95364,95372,95380,95391,
95391,95399,95408,95409,95409,95416,95426,95435,95440,95449,
95458,95465,95473,95477,95477,95477,95489,95489,95489,95498,
95500,95502,95504,95506,95515,95524,95526,95526,95527,95535,
95542,95542,95542,95554,95567,95579,95591,95603,95604,95616,
95628,95641,95641,95641,95641,95645,95645,95645,95645,95648,
95653,95656,95659,95663,95667,95668,95671,95673,95676,95679,
95682,95685,95688,95690,95692,95694,95696,95698,95700,95702,
95704,95704,95705,95713,95713,95723,95733,95743,95754,95763,
95772,95781,95791,95801,95810,95820,95830,95839,95848,95858,
95868,95868,95868,95876,95884,95884,95884,95892,95892,95903,
95912,95922,95930,95938,95939,95948,95957,95968,95980,95980,
95987,95995,96003,96011,96020,96023,96032,96041,96049,96058,
96065,96073,96080,96088,96095,96103,96103,96103,96103,96103,
96103,96104,96104,96108,96109,96109,96109,96113,96120,96120,
96124,96124,96124,96127,96127,96131,96131,96136,96136,96136,
96144,96147,96151,96157,96160,96163,96169,96173,96176,96180,
96189,96199,96202,96205,96215,96222,96231,96240,96240,96248,
96257,96266,96275,96282,96290,96297,96305,96313,96322,96329,
96338,96338,96338,96338,96338,96345,96353,96362,96371,96380,
96388,96396,96405,96405,96414,96422,96422,96422,96422,96422,
96424,96426,96426,96434,96434,96436,96438,96440,96448,96450,
96452,96454,96456,96456,96465,96473,96473,96481,96481,96490,
96492,96494,96494,96496,96498,96500,96502,96504,96506,96508,
96512,96515,96519,96519,96522,96528,96532,96535,96538,96541,
96544,96547,96551,96555,96559,96562,96566,96574,96574,96584,
96584,96591,96601,96609,96617,96626,96634,96641,96651,96658,
96666,96675,96685,96692,96692,96700,96700,96700,96709,96713,
96713,96713,96713,96714,96714,96718,96718,96718,96719,96719,
96719,96719,96719,96719,96720,96720,96720,96720,96720,96720,
96721,96721,96729,96733,96734,96741,96749,96757,96767,96776,
96779,96786,96794,96797,96802,96802,96806,96806,96809,96812,
96817,96821,96824,96827,96830,96834,96838,96838,96841,96841,
96841,96841,96844,96844,96844,96844,96844,96844,96844,96848,
96851,96851,96855,96860,96865,96869,96872,96877,96880,96884,
96884,96884,96884,96885,96885,96885,96889,96897,96905,96906,
96911,96919,96929,96939,96948,96956,96963,96972,96980,96984,
96984,96984,96989,96989,96992,96992,96995,96995,96995,97001,
97004,97007,97010,97015,97020,97023,97029,97030,97035,97039,
97046,97053,97060,97068,97075,97085,97093,97100,97107,97116,
97116,97116,97117,97117,97117,97117,97118,97118,97118,97118,
97118,97118,97118,97121,97121,97121,97123,97125,97126,97126,
97128,97130,97132,97134,97136,97138,97140,97142,97142,97142,
97142,97142,97142,97142,97142,97142,97142,97142,97142,97142,
97145,97150,97154,97154,97158,97165,97168,97171,97174,97179,
97183,97187,97190,97193,97193,97193,97193,97193,97193,97193,
97197,97197,97202,97202,97205,97205,97208,97208,97208,97212,
97216,97216,97216,97225,97233,97233,97242,97249,97256,97265,
97274,97282,97289,97299,97301,97303,97305,97307,97309,97311,
97313,97315,97319,97324,97326,97328,97332,97335,97339,97342,
97342,97342,97342,97342,97342,97342,97349,97358,97368,97376,
97385,97392,97400,97409,97417,97426,97426,97426,97426,97433,
97440,97440,97447,97455,97463,97472,97479,97487,97495,97503,
97512,97521,97528,97536,97545,97552,97560,97567,97567,97571,
97580,97589,97589,97589,97589,97589,97589,97589,97598,97606,
97615,97625,97632,97639,97646,97654,97662,97672,97672,97672,
97672,97672,97673,97679,97688,97695,97698,97707,97710,97714,
97717,97720,97724,97727,97727,97727,97727,97728,97728,97735,
97745,97753,97760,97769,97776,97785,97792,97801,97802,97802,
97814,97816,97825,97836,97846,97854,97863,97865,97875,97884,
97885,97885,97893,97895,97897,97905,97905,97907,97909,97911,
97913,97915,97917,97919,97921,97924,97928,97932,97937,97940,
97944,97952,97956,97960,97964,97964,97966,97968,97969,97977,
97978,97980,97987,97987,97987,97997,98001,98004,98013,98013,
98021,98021,98023,98023,98023,98023,98023,98026,98030,98030,
98033,98033,98040,98041,98041,98048,98056,98065,98072,98082,
98089,98098,98107,98117,98124,98124,98134,98143,98143,98146,
98149,98149,98152,98155,98159,98163,98168,98171,98174,98179,
98179,98179,98179,98179,98179,98179,98179,98179,98179,98179,
98179,98179,98180,98180,98187,98194,98202,98211,98219,98227,
98235,98244,98244,98253,98262,98262,98262,98262,98262,98262,
98262,98262,98262,98262,98262,98262,98270,98277,98284,98291,
98298,98306,98314,98322,98322,98330,98337,98337,98337,98349,
98349,98349,98349,98362,98362,98364,98365,98377,98377,98377,
98381,98389,98396,98404,98413,98420,98427,98436,98445,98454,
98462,98462,98463,98466,98466,98477,98477,98487,98499,98509,
98520,98528,98537,98549,98560,98571,98579,98579,98580,98582,
98584,98586,98588,98590,98592,98596,98598,98598,98600,98602,
98602,98602,98602,98605,98605,98605,98605,98605,98605,98605,
98606,98606,98606,98606,98607,98607,98607,98615,98622,98622,
98622,98630,98637,98645,98654,98663,98672,98679,98686,98695,
98704,98712,98724,98735,98747,98755,98762,98771,98780,98790,
98799,98809,98819,98821,98823,98831,98840,98842,98844,98846,
98848,98850,98852,98854,98856,98867,98878,98888,98896,98905,
98914,98924,98934,98942,98952,98961,98964,98964,98973,98976,
98976,98985,98985,98989,98989,98996,98996,98999,99000,99003,
99010,99010,99018,99028,99036,99044,99052,99059,99067,99075,
99083,99092,99092,99095,99095,99098,99101,99105,99110,99114,
99115,99119,99124,99127,99130,99134,99137,99142,99144,99146,
99148,99150,99152,99154,99156,99158,99158,99158,99160,99162,
99162,99162,99162,99162,99162,99162,99162,99162,99162,99162,
99171,99171,99171,99171,99171,99180,99180,99180,99180,99188,
99195,99204,99211,99219,99227,99234,99243,99243,99251,99258,
99258,99258,99260,99262,99264,99266,99268,99270,99272,99274,
99274,99274,99275,99275,99275,99276,99276,99276,99285,99295,
99304,99313,99322,99330,99338,99346,99346,99359,99359,99359,
99359,99364,99368,99373,99377,99380,99384,99387,99391,99395,
99398,99403,99407,99407,99410,99413,99413,99414,99414,99424,
99424,99424,99426,99426,99426,99435,99435,99435,99435,99444,
99451,99458,99465,99473,99481,99488,99498,99498,99506,99514,
99515,99515,99515,99515,99515,99524,99531,99538,99545,99553,
99562,99569,99574,99579,99583,99586,99591,99596,99601,99606,
99609,99614,99618,99622,99625,99629,99633,99639,99645,99649,
99653,99664,99677,99688,99700,99713,99726,99739,99751,99751,
99762,99775,99780,99784,99794,99804,99815,99825,99836,99840,
99848,99853,99857,99861,99864,99867,99871,99875,99876,99876,
99876,99880,99883,99887,99893,99896,99899,99905,99908,99911,
99916,99920,99927,99930,99930,99935,99943,99952,99961,99968,
99976,99983,99991,99996,100003,100010,100019,100028,100037,100038,
100046,100055,100059,100059,100060,100060,100060,100060,100070,100070,
100070,100070,100074,100082,100091,100100,100107,100116,100124,100131,
100138,100138,100146,100154,100154,100159,100165,100169,100172,100176,
100184,100187,100190,100190,100190,100191,100191,100196,100200,100200,
100204,100204,100207,100207,100207,100207,100207,100207,100207,100207,
100216,100216,100216,100216,100216,100216,100216,100216,100216,100218,
100220,100222,100224,100226,100228,100230,100232,100234,100236,100236,
100247,100257,100268,100280,100290,100290,100301,100312,100312,100312,
100316,100316,100317,100317,100317,100317,100317,100326,100335,100338,
100338,100338,100340,100349,100350,100350,100353,100361,100369,100369,
100369,100369,100377,100387,100387,100387,100387,100387,100387,100387,
100387,100387,100387,100389,100391,100393,100395,100397,100399,100401,
100403,100405,100407,100416,100423,100426,100426,100426,100433,100433,
100436,100438,100438,100443,100453,100458,100462,100465,100468,100471,
100474,100478,100481,100483,100485,100487,100489,100491,100493,100495,
100499,100501,100503,100504,100504,100508,100516,100520,100527,100527,
100527,100527,100527,100528,100535,100538,100542,100546,100550,100554,
100558,100562,100565,100569,100573},
{
0,2,3,6,7,8,9,9,9,9,
9,9,9,9,9,9,9,12,13,13,
13,13,13,13,13,13,13,14,15,15,
15,16,17,17,17,17,17,17,17,17,
17,18,19,20,21,22,23,24,25,26,
27,28,29,30,30,30,30,30,30,30,
30,30,31,31,31,31,32,32,36,36,
39,40,41,47,48,48,48,48,48,48,
48,48,48,48,48,48,48,48,48,48,
48,48,48,49,50,50,50,51,52,52,
52,52,52,52,52,52,52,53,54,55,
56,57,62,63,64,65,65,66,67,67,
68,68,69,70,70,71,71,71,71,71,
72,74,81,82,82,82,82,82,82,82,
82,82,82,82,82,82,82,82,82,82,
82,82,82,82,83,83,83,83,83,83,
83,83,83,83,83,83,83,83,83,83,
83,83,84,88,89,89,90,90,91,106,
107,123,124,125,126,141,142,143,144,144,
144,144,144,144,144,145,146,146,146,146,
146,146,146,146,146,146,146,147,148,149,
150,151,152,153,154,155,156,157,158,159,
160,160,160,161,162,163,164,165,166,167,
167,167,171,172,173,173,173,174,175,178,
179,182,183,184,185,186,187,187,188,193,
194,195,196,197,198,200,201,202,202,203,
204,204,206,206,206,206,206,207,207,207,
207,207,207,208,208,208,208,209,209,209,
209,209,209,209,210,215,215,216,216,217,
220,221,222,223,224,227,228,229,230,231,
232,233,234,235,236,237,238,239,240,241,
244,248,248,248,249,249,249,249,249,249,
249,249,249,250,251,252,253,254,259,260,
261,262,263,264,265,266,267,267,267,268,
268,268,268,268,268,268,268,268,268,268,
269,270,270,270,270,270,270,270,270,270,
271,271,272,272,272,272,272,272,272,272,
272,273,274,274,274,275,276,277,278,279,
285,285,285,285,285,286,286,286,286,286,
286,286,287,288,288,288,293,298,299,304,
306,306,340,367,372,375,376,376,377,377,
377,377,377,377,377,377,377,378,380,381,
382,382,382,383,384,385,386,387,387,388,
389,390,391,402,410,421,427,434,437,442,
450,453,459,460,461,461,461,461,461,461,
461,461,461,461,461,461,461,461,461,461,
461,461,461,461,461,462,467,482,483,484,
484,484,484,484,484,487,487,487,487,487,
487,487,487,487,487,487,487,487,488,489,
489,495,496,497,498,499,500,500,501,501,
501,501,501,501,501,501,501,501,501,501,
501,501,502,503,504,505,506,506,507,507,
507,507,507,507,507,507,507,508,508,508,
508,509,510,510,511,511,537,572,600,619,
647,682,711,727,748,774,774,775,775,776,
776,777,777,777,778,778,778,778,778,778,
778,778,778,779,780,781,782,782,783,783,
784,785,785,785,785,785,785,785,785,785,
785,785,786,787,788,789,790,794,798,802,
806,806,807,808,811,812,814,816,817,822,
824,828,828,829,834,835,835,836,839,842,
843,844,845,846,847,847,847,847,847,847,
847,847,847,848,848,848,849,850,851,852,
857,861,861,863,863,867,870,875,876,876,
879,880,881,883,884,886,886,886,886,886,
886,886,886,886,886,886,886,886,886,886,
886,886,886,886,886,886,886,886,886,886,
886,886,887,888,889,891,895,900,902,904,
906,910,913,914,915,915,916,917,922,923,
924,925,930,932,943,951,956,961,963,970,
974,980,981,982,983,984,985,985,985,985,
985,985,985,985,985,985,985,989,992,994,
994,995,999,999,999,1003,1007,1008,1009,1010,
1011,1012,1013,1013,1013,1013,1013,1013,1013,1013,
1013,1017,1017,1017,1018,1018,1018,1018,1018,1018,
1018,1018,1018,1018,1021,1021,1021,1021,1021,1021,
1021,1021,1021,1021,1021,1021,1021,1021,1021,1022,
1022,1022,1023,1024,1025,1026,1027,1028,1029,1030,
1031,1032,1033,1033,1033,1033,1033,1033,1033,1033,
1033,1039,1039,1040,1041,1042,1043,1044,1045,1046,
1047,1047,1048,1049,1050,1051,1051,1051,1063,1063,
1063,1064,1065,1077,1077,1077,1078,1078,1078,1078,
1078,1078,1078,1078,1078,1079,1079,1079,1079,1079,
1079,1079,1079,1079,1080,1081,1082,1083,1083,1083,
1083,1083,1083,1083,1083,1083,1084,1085,1086,1087,
1088,1089,1090,1108,1127,1147,1160,1178,1192,1208,
1237,1238,1260,1286,1307,1332,1348,1367,1396,1414,
1433,1439,1465,1486,1487,1491,1491,1493,1493,1494,
1499,1499,1502,1502,1503,1504,1504,1504,1504,1504,
1504,1504,1504,1504,1504,1504,1525,1545,1566,1584,
1600,1610,1630,1648,1649,1654,1671,1688,1703,1703,
1707,1722,1737,1752,1767,1782,1784,1799,1814,1816,
1817,1822,1824,1825,1826,1826,1827,1827,1828,1829,
1830,1830,1831,1835,1836,1837,1838,1839,1840,1841,
1842,1843,1844,1845,1846,1861,1862,1863,1864,1865,
1866,1867,1868,1869,1870,1871,1872,1873,1874,1875,
1876,1877,1878,1879,1880,1881,1881,1881,1881,1881,
1881,1881,1881,1881,1881,1881,1881,1881,1881,1881,
1881,1881,1881,1881,1881,1881,1881,1885,1885,1885,
1885,1885,1886,1891,1892,1892,1893,1894,1895,1896,
1897,1912,1913,1914,1929,1930,1931,1932,1933,1934,
1939,1939,1944,1949,1952,1957,1957,1958,1965,1967,
1968,1969,1971,1972,1973,1974,1975,1976,1977,1978,
1979,1980,1981,1982,1982,1982,1982,1982,1982,1982,
1982,1982,1982,1982,1982,1983,1984,1984,1985,1986,
1987,1988,1989,2004,2005,2005,2006,2007,2008,2009,
2024,2025,2029,2030,2031,2032,2033,2034,2034,2034,
2035,2036,2037,2037,2037,2037,2037,2037,2037,2037,
2037,2037,2037,2037,2037,2037,2037,2037,2037,2038,
2038,2038,2039,2040,2040,2040,2040,2040,2040,2040,
2040,2040,2040,2040,2041,2041,2041,2041,2041,2041,
2041,2041,2041,2041,2041,2041,2041,2041,2041,2042,
2043,2051,2055,2055,2055,2055,2055,2065,2072,2077,
2081,2087,2089,2095,2100,2101,2102,2103,2104,2105,
2106,2107,2108,2112,2636,2637,2638,2639,2640,2641,
2647,2648,2648,2648,2648,2648,2648,2648,2648,2648,
2649,2649,2650,2651,2652,2653,2654,2661,2661,2661,
2661,2661,2661,2661,2661,2662,2662,2662,2663,2664,
2665,2666,2666,2666,2667,2667,2667,2667,2667,2667,
2667,2667,2667,2675,2679,2683,2689,2690,2706,2713,
2714,2715,2716,2717,2719,2720,2721,2726,2727,2728,
2734,2738,2739,2740,2741,2741,2742,2743,2746,2747,
2748,2749,2750,2751,3158,3159,3164,3164,3164,3164,
3164,3166,3166,3166,3166,3166,3167,3168,3169,3170,
3171,3171,3171,3171,3171,3171,3171,3171,3171,3172,
3172,3172,3173,3173,3174,3175,3175,3175,3175,3175,
3175,3175,3175,3175,3175,3175,3175,3175,3176,3177,
3179,3180,3181,3182,3183,3184,3185,3186,3186,3186,
3186,3186,3186,3186,3186,3186,3186,3187,3188,3189,
3190,3191,3195,3196,3197,3198,3199,3200,3202,3203,
3208,3212,3215,3217,3218,3220,3222,3223,3224,3225,
3226,3227,3227,3227,3227,3227,3227,3227,3227,3227,
3228,3228,3228,3229,3230,3231,3232,3233,3233,3233,
3233,3233,3233,3233,3233,3234,3235,3236,3237,3238,
3238,3238,3238,3238,3238,3238,3238,3238,3238,3238,
3238,3238,3238,3238,3238,3269,3269,3269,3294,3321,
3344,3366,3366,3366,3384,3403,3409,3410,3411,3412,
3413,3414,3415,3416,3417,3418,3433,3434,3435,3436,
3437,3438,3442,3443,3444,3445,3445,3445,3445,3445,
3445,3445,3445,3445,3445,3445,3445,3445,3445,3445,
3450,3452,3453,3458,3461,3465,3470,3470,3471,3471,
3471,3476,3477,3482,3483,3483,3483,3483,3483,3483,
3483,3483,3483,3483,3484,3484,3484,3489,3489,3493,
3496,3497,3498,3499,3500,3500,3500,3500,3500,3500,
3500,3500,3500,3526,3527,3527,3557,3581,3600,3629,
3660,3660,3660,3660,3660,3660,3660,3660,3660,3660,
3660,3661,3666,3667,3675,3682,3688,3694,3701,3706,
3716,3725,3730,3742,3743,3744,3745,3746,3747,3749,
3749,3749,3750,3750,3750,3750,3750,3750,3750,3750,
3750,3750,3750,3751,3751,3751,3751,3751,3751,3751,
3751,3751,3752,3752,3752,3752,3752,3752,3752,3752,
3752,3752,3752,3753,3754,3755,3756,3757,3758,3759,
3760,3761,3762,3763,3764,3764,3764,3764,3764,3770,
3771,4372,4373,4374,4375,4376,4377,4378,4383,4387,
4392,4394,4399,4399,4403,4404,4406,4410,4415,4415,
4415,4415,4415,4415,4415,4415,4415,4416,4416,4416,
4417,4418,4419,4420,4421,4422,4423,4424,4425,4426,
4427,4431,4434,4438,4439,4441,4445,4450,4455,4458,
4458,4458,4458,4458,4458,4458,4458,4458,4459,4460,
4461,4462,4462,4463,4464,4465,4466,4466,4467,4468,
4468,4468,4468,4468,4468,4468,4468,4468,4468,4468,
4469,4472,4472,4472,4472,4472,4472,4472,4475,4475,
4476,4477,4477,4481,4484,4487,4487,4489,4489,4489,
4489,4489,4489,4489,4489,4489,4490,4490,4490,4490,
4490,4490,4490,4490,4490,4490,4490,4490,4491,4492,
4493,4494,4495,4496,4497,4498,4499,4500,4501,4502,
4503,4506,4507,4508,4509,4513,4514,4515,4516,4517,
4518,4519,4520,4521,4522,4523,4524,4525,4526,4526,
4526,4526,4526,4526,4527,4528,5507,5508,5509,5510,
5513,5516,5518,5518,5521,5526,5529,5533,5534,5535,
5539,5541,5542,5543,5544,5545,5546,5547,5548,5549,
5550,5554,5555,5556,5556,5556,5556,5556,5556,5557,
5558,5558,5558,5558,5558,5558,5558,5559,5574,5575,
5576,5591,5591,5592,5607,5608,5632,5655,5656,5680,
5712,5742,5770,5797,5828,5849,5879,5880,5881,5896,
5911,5926,5941,5956,5971,5986,6001,6016,6031,6031,
6031,6031,6031,6031,6031,6031,6031,6031,6031,6031,
6031,6031,6031,6031,6031,6046,6047,6048,6049,6050,
6050,6050,6050,6050,6050,6050,6050,6050,6050,6050,
6050,6050,6050,6050,6050,6052,6052,6053,6054,6054,
6054,6054,6054,6054,6054,6054,6054,6054,6054,6069,
6083,6096,6110,6124,6138,6152,6166,6170,6184,6198,
6199,6199,6200,6200,6200,6201,6202,6202,6203,6218,
6218,6220,6221,6222,6223,6224,6224,6224,6224,6224,
6224,6224,6224,6224,6224,6224,6225,6226,6227,6232,
6234,6235,6236,6236,6237,6237,6238,6239,6240,6241,
6244,6245,6246,6247,6248,6249,6250,6251,6257,6263,
6263,6263,6263,6263,6263,6264,6265,6266,6267,6268,
6269,6270,6271,6272,6273,6274,6280,6281,6282,6283,
6284,6285,6286,6287,6289,6289,6290,6293,6296,6296,
6297,6297,6302,6303,6308,6329,6330,6333,6333,6333,
6333,6333,6333,6333,6333,6333,6333,6333,6333,6333,
6333,6333,6336,6336,6337,6338,6338,6342,6347,6352,
6355,6358,6359,6360,6361,6361,6362,6363,6366,6366,
6371,6376,6377,6382,6382,6383,6387,6393,6393,6394,
6398,6407,6412,6419,6424,6429,6433,6437,6441,6447,
6451,6457,6463,6465,6469,6474,6475,6483,6488,6489,
6489,6489,6489,6489,6489,6489,6489,6489,6489,6489,
6490,6491,6492,6493,6494,6495,6495,6495,6495,6495,
6495,6495,6495,6495,6495,6495,6495,6495,6495,6495,
6496,6497,6498,6499,6502,6506,6510,6513,6518,6522,
6526,6529,6534,6534,6535,6535,6535,6535,6535,6535,
6535,6535,6535,6535,6535,6535,6535,6535,6535,6552,
6553,6554,6564,6573,6589,6607,6609,6629,6639,6650,
6652,6653,6654,6655,6656,6657,6658,6659,6660,6661,
6662,6663,6664,6665,6666,6667,6668,6669,6670,6671,
6672,6675,6678,6682,6684,6684,6687,6687,6691,6692,
6695,6698,6699,6700,6706,6709,6710,6711,6712,6713,
6714,6715,6716,6717,6718,6719,6720,6721,6722,6725,
6726,6731,6732,6733,6736,6737,6738,6738,6739,6740,
6740,6740,6740,6740,6740,6740,6740,6740,6740,6740,
6741,6742,6743,6744,6744,6749,6753,6757,6761,6761,
6762,6762,6762,6763,6763,6763,6763,6763,6763,6763,
6763,6763,6763,6763,6764,6765,6766,6766,6766,6766,
6766,6766,6766,6766,6766,6766,6766,6766,6766,6766,
6766,6766,6766,6766,6766,6766,6766,6766,6766,6766,
6766,6767,6767,6767,6771,6771,6772,6780,6785,6795,
6798,6806,6809,6816,6824,6832,6837,6838,6838,6839,
6840,6840,6844,6845,6846,6849,6850,6851,6852,6852,
6852,6852,6852,6852,6853,6854,6855,6856,6860,6861,
6866,6867,6867,6868,6869,6870,6871,6872,6873,6874,
6874,6874,6874,6874,6874,6874,6874,6874,6875,6875,
6875,6875,6875,6875,6875,6875,6875,6875,6875,6876,
6876,6876,6876,6876,6876,6876,6876,6876,6876,6876,
6876,6876,6877,6877,6877,6877,6877,6877,6877,6877,
6877,6878,6878,6878,6878,6879,6880,6881,6882,6883,
6884,6884,6884,6885,6885,6885,6886,6887,6887,6887,
6887,6887,6887,6887,6887,6887,6888,6889,6889,6889,
6889,6889,6889,6889,6889,6889,6889,6889,6889,6889,
6889,6889,6889,6889,6889,6889,6889,6889,6889,6889,
6892,6899,6900,6900,6907,6907,6907,6907,6907,6907,
6907,6907,6907,6907,6907,6907,6907,6907,6907,6907,
6907,6907,6907,6907,6914,6919,6920,6922,6923,6924,
6924,6924,6924,6924,6924,6924,6924,6924,6924,6924,
6925,6926,6927,6928,6929,6930,6945,6946,6946,6946,
6946,6946,6946,6946,6946,6946,6946,6946,6961,6963,
6966,6967,6968,6969,6970,6971,6971,6971,6972,6972,
6972,6972,6972,6972,6972,6972,6972,6972,6972,6972,
6972,6972,6972,6972,6972,6972,6972,6972,6972,6972,
6972,6976,6977,6977,6978,6979,6979,6980,6981,6981,
6981,6981,6981,6981,6981,6981,6981,6981,6981,6981,
6981,6981,6981,6981,6981,6981,6981,6981,6981,6996,
6996,6996,6996,6997,6997,6997,6997,6997,6997,6997,
6997,6997,6998,6999,6999,6999,7014,7014,7014,7014,
7014,7014,7014,7014,7014,7015,7016,7017,7018,7033,
7034,7039,7040,7041,7042,7043,7056,7066,7066,7067,
7077,7094,7104,7120,7130,7143,7151,7164,7165,7169,
7170,7171,7172,7173,8001,8002,8003,8004,8005,8006,
8007,8011,8019,8024,8030,8035,8036,8040,8049,8057,
8063,8070,8071,8071,8071,8071,8071,8071,8071,8071,
8071,8071,8071,8073,8074,8075,8079,8080,8081,8082,
8083,8084,8085,8086,8087,8088,8089,8090,8091,8091,
8091,8091,8091,8091,8091,8091,8091,8092,8092,8092,
8092,8092,8092,8092,8098,8098,8098,8098,8098,8098,
8099,8100,8113,8126,8139,8152,8165,8178,8191,8191,
8204,8217,8218,8219,8220,8221,8222,8224,8224,8224,
8224,8224,8224,8224,8224,8224,8224,8224,8224,8224,
8224,8224,8224,8224,8229,8230,8231,8232,8233,8233,
8233,8233,8233,8233,8233,8233,8233,8233,8233,8233,
8233,8233,8233,8233,8233,8234,8235,8236,8237,8237,
8237,8237,8237,8237,8237,8237,8237,8237,8237,8238,
8239,8240,8240,8240,8240,8240,8240,8240,8241,8241,
8242,8243,8244,8244,8244,8280,8280,8280,8306,8336,
8359,8381,8381,8382,8383,8383,8383,8384,8385,8386,
8387,8412,8418,8441,8459,8459,8459,8459,8459,8459,
8459,8459,8459,8460,8492,8492,8492,8512,8513,8534,
8534,8535,8562,8563,8564,8565,8566,8569,8569,8570,
8571,8571,8571,8571,8571,8571,8571,8571,8571,8571,
8571,8572,8573,8574,8574,8574,8574,8574,8574,8574,
8574,8574,8574,8574,8577,8581,8583,8590,8591,8598,
8604,8612,8619,8624,8625,8640,8655,8655,8655,8655,
8655,8655,8655,8655,8655,8655,8655,8670,8671,8671,
8672,8672,8687,8702,8717,8732,8747,8762,8777,8792,
8793,8794,8795,8795,8810,8825,8825,8826,8827,8828,
8829,8830,8830,8830,8834,8834,8837,8838,8842,8845,
8848,8851,8852,8853,8854,8855,8882,8905,8937,8957,
8982,9005,9030,9048,9068,9093,9094,9094,9095,9099,
9102,9114,9124,9134,9144,9154,9162,9168,9169,9169,
9169,9169,9169,9169,9169,9171,9171,9171,9171,9171,
9172,9173,9174,9175,9175,9175,9175,9175,9175,9175,
9175,9175,9175,9175,9175,9178,9179,9180,9181,9182,
9183,9184,9185,9186,9187,9188,9188,9188,9188,9188,
9188,9188,9188,9188,9188,9188,9188,9189,9189,9190,
9191,9192,9193,9197,9198,9199,9200,9201,9202,9203,
9204,9204,9204,9204,9204,9204,9204,9205,9206,9207,
9208,9208,9208,9208,9208,9208,9208,9208,9208,9208,
9208,9209,9210,9212,9212,9212,9212,9212,9212,9212,
9212,9212,9213,9214,9215,9216,9216,9216,9216,9216,
9216,9216,9216,9216,9216,9216,9216,9216,9217,9218,
9222,9223,9224,9225,9226,9227,9227,9227,9227,9227,
9227,9227,9227,9227,9227,9227,9228,9229,9230,9231,
9232,9233,9234,9235,9235,9235,9235,9235,9235,9235,
9235,9235,9235,9235,9235,9235,9236,9237,9238,9239,
9240,9241,9242,9242,9244,9245,9245,9245,9245,9245,
9245,9245,9245,9245,9246,9246,9247,9248,9249,9249,
9250,9251,9251,9252,9252,9253,9253,9254,9255,9255,
9255,9255,9255,9255,9255,9255,9255,9255,9255,9256,
9256,9257,9258,9259,9260,9261,9262,9263,9264,9265,
9280,9295,9310,9325,9340,9355,9370,9385,9400,9415,
9416,9417,9418,9419,9420,9421,9421,9421,9421,9421,
9421,9421,9421,9421,9422,9423,9423,9423,9423,9423,
9427,9432,9436,9438,9443,9445,9446,9451,9456,9460,
9465,9466,9467,9468,9471,9472,9473,9474,9475,9475,
9475,9476,9476,9476,9476,9476,9476,9476,9476,9476,
9477,9478,9479,9480,9484,9488,9491,9492,9493,9494,
9495,9496,9496,9496,9496,9496,9496,9496,9496,9496,
9496,9496,9496,9497,9498,9499,9505,9506,9507,9508,
9509,9515,9516,9521,9531,9532,9541,9542,9550,9550,
9550,9550,9550,9550,9554,9554,9554,9554,9554,9555,
9556,9559,9560,9560,9560,9560,9560,9560,9560,9560,
9560,9561,9562,9562,9562,9563,9563,9563,9563,9563,
9563,9563,9563,9563,9563,9563,9563,9563,9563,9563,
9566,9567,9568,9569,9570,9571,9572,9573,9574,9575,
9578,9579,9580,9581,9582,9583,9584,9585,9586,9586,
9586,9586,9586,9586,9586,9586,9586,9587,9587,9588,
9589,9590,9591,9619,9642,9657,9675,9691,9706,9722,
9743,9756,9775,9776,9776,9776,9780,9781,9781,9786,
9790,9791,9792,9796,9797,9798,9799,9800,9801,9801,
9802,9803,9803,9803,9803,9803,9803,9803,9803,9803,
9803,9803,9803,9803,9804,9805,9805,9805,9805,9805,
9805,9805,9805,9805,9806,9807,9808,9809,9810,9811,
9812,9813,9817,9819,9820,9824,9827,9827,9829,9834,
9838,9838,9838,9838,9838,9839,9840,9840,9840,9841,
9842,9846,9851,9852,9857,9859,9860,9861,9864,9867,
9869,9870,9874,9875,9876,9877,9878,9879,9880,9881,
9881,9881,9881,9881,9882,9882,9882,9882,9882,9882,
9882,9882,9882,9883,9884,9885,9886,9907,9927,9936,
9937,9956,9970,9992,10010,10029,10061,10074,10102,10102,
10102,10102,10102,10102,10102,10102,10102,10103,10104,10104,
10104,10104,10104,10104,10104,10104,10104,10104,10104,10104,
10104,10105,10106,10107,10108,10109,10110,10111,10112,10113,
10114,10115,10116,10120,10121,10122,10123,10145,10167,10185,
10207,10222,10244,10244,10245,10246,10247,10248,10249,10250,
10251,10251,10251,10252,10253,10253,10254,10255,10255,10255,
10255,10256,10257,10258,10259,10264,10265,10266,10267,10267,
10267,10267,10267,10267,10267,10268,10269,10270,10271,10272,
10273,10274,10275,10276,10277,10278,10278,10279,10280,10281,
10281,10281,10282,10283,10284,10285,10286,10287,10292,10292,
10293,10295,10296,10297,10298,10299,10299,10299,10302,10302,
10302,10302,10302,10302,10302,10302,10302,10313,10324,10335,
10346,10357,10368,10379,10390,10395,10395,10395,10395,10395,
10399,10403,10403,10405,10410,10413,10416,10417,10421,10421,
10421,10421,10421,10421,10421,10421,10423,10426,10427,10428,
10429,10433,10433,10433,10433,10433,10433,10433,10433,10433,
10434,10435,10435,10435,10436,10437,10438,10439,10461,10483,
10502,10518,10540,10554,10574,10600,10635,10657,10661,10668,
10673,10681,10682,10683,10684,10685,10685,10689,10690,10691,
10691,10691,10691,10691,10691,10691,10691,10691,10691,10691,
10692,10693,10694,10695,10696,10697,10698,10701,10702,10703,
10703,10703,10703,10703,10703,10703,10703,10703,10703,10705,
10705,10706,10707,10707,10707,10707,10707,10707,10707,10707,
10707,10708,10709,10709,10709,10709,10710,10710,10711,10712,
10713,10713,10713,10713,10713,10713,10714,10715,10715,10716,
10716,10717,10717,10717,10717,10717,10717,10717,10717,10717,
10717,10717,10718,10733,10734,10735,10736,10737,10738,10739,
10740,10740,10741,10742,10743,10744,10745,10745,10745,10745,
10745,10745,10745,10745,10745,10745,10745,10746,10747,10748,
10748,10748,10748,10748,10748,10748,10748,10748,10748,10748,
10749,10750,10751,10752,10753,10753,10753,10753,10753,10753,
10753,10753,10753,10753,10753,10768,10769,10784,10799,10799,
10799,10799,10799,10799,10799,10799,10799,10799,10799,10799,
10799,10800,10803,10803,10803,10803,10803,10803,10803,10803,
10803,10803,10803,10804,10805,10806,10806,10806,10806,10806,
10806,10806,10806,10806,10806,10806,10807,10812,10815,10819,
10820,10821,10825,10830,10831,10831,10835,10836,10837,10837,
10837,10837,10837,10837,10837,10837,10852,10867,10882,10897,
10912,10927,10942,10957,10958,10973,10988,10989,10990,10991,
10992,10992,10992,10993,10993,10993,10993,10993,10993,10993,
10993,10993,10994,10995,10996,10997,10998,10999,11000,11001,
11005,11012,11012,11018,11026,11031,11034,11040,11040,11040,
11040,11041,11041,11046,11047,11048,11049,11050,11051,11052,
11052,11052,11052,11052,11052,11055,11055,11055,11059,11059,
11059,11059,11060,11064,11065,11066,11067,11067,11067,11068,
11069,11070,11071,11072,11075,11076,11076,11076,11076,11076,
11077,11078,11079,11080,11081,11082,11083,11084,11085,11092,
11093,11094,11095,11096,11097,11112,11112,11112,11113,11113,
11113,11113,11113,11113,11113,11113,11113,11135,11153,11172,
11196,11218,11237,11257,11280,11300,11319,11320,11321,11322,
11323,11324,19654,19655,19655,19655,19655,19655,19655,19655,
19655,19655,19655,19655,19656,19657,19658,19659,19662,19662,
19662,19662,19662,19662,19662,19662,19662,19663,19663,19663,
19664,19665,19666,19667,19668,19669,19674,19676,19677,19678,
19679,19680,19681,19682,19683,19687,19687,19687,19687,19687,
19687,19687,19687,19687,19688,19689,19690,19691,19692,19693,
19693,19725,19726,19727,19728,19729,19730,19731,19732,19732,
19732,19732,19732,19732,19732,19732,19732,19732,19732,19732,
19732,19732,19732,19733,19734,19880,19881,19882,19883,19884,
19892,19900,19908,19916,19924,19932,19940,19948,19955,19962,
19963,19963,19963,19963,19963,19963,19963,19963,19963,19963,
19978,19993,20008,20023,20038,20053,20053,20053,20053,20053,
20053,20053,20053,20053,20053,20053,20053,20053,20053,20054,
20055,20056,20056,20057,20062,20067,20068,20073,20074,20075,
20080,20081,20082,20086,20087,20088,20089,20108,20108,20109,
20131,20133,20134,20149,20149,20150,20150,20156,20157,20158,
20159,20159,20160,20161,20161,20162,20163,20164,20169,20170,
20171,20172,20173,20174,20175,20177,20178,20178,20179,20179,
20179,20179,20179,20179,20179,20179,20179,20179,20179,20180,
20180,20181,20182,20183,20184,20185,20185,20186,20187,20188,
20189,20196,20197,20197,20197,20197,20197,20197,20197,20197,
20197,20197,20197,20198,20199,20200,20200,20200,20200,20200,
20200,20200,20200,20200,20203,20203,20203,20204,20204,20205,
20206,20207,20208,20223,20223,20223,20223,20223,20223,20223,
20223,20223,20223,20223,20223,20223,20223,20224,20225,20226,
20226,20226,20226,20226,20226,20226,20226,20227,20228,20229,
20230,20231,20232,20233,20234,20234,20239,20242,20244,20248,
20251,20253,20255,20260,20262,20263,20264,20265,20268,20269,
20271,20271,20271,20274,20274,20275,20276,20277,20278,20279,
20280,20280,20281,20282,20283,20286,20286,20287,20288,20288,
20289,20289,20294,20295,20298,20299,20299,20299,20299,20299,
20299,20299,20299,20301,20305,20305,20305,20307,20307,20310,
20313,20317,20318,20319,20320,20321,20322,20323,20325,20327,
20330,20335,20338,20343,20344,20345,20346,20370,20398,20413,
20434,20455,20479,20500,20518,20541,20545,20546,20547,20569,
20596,20624,20653,20684,20710,20740,20766,20771,20774,20778,
20782,20784,20784,20789,20793,20794,20795,20795,20795,20796,
20797,20798,20799,20800,20801,20802,20809,20811,20811,20811,
20811,20811,20811,20811,20811,20811,20811,20811,20812,20813,
20817,20822,20825,20827,20830,20835,20839,20841,20841,20841,
20841,20841,20841,20841,20844,20844,20846,20847,20848,20849,
20850,20851,20853,20857,20864,20871,20875,20881,20882,20883,
20883,20883,20883,20883,20883,20883,20883,20883,20883,20883,
20884,20885,20886,20889,20892,20892,20894,20897,20899,20900,
20904,20905,20910,20911,20912,20915,20915,20915,20915,20924,
20925,20926,20927,20932,20933,20933,20934,20934,20934,20934,
20934,20934,20941,20942,20943,20944,20945,20946,20948,20953,
20956,20958,20960,20965,20968,20973,20977,20979,20980,20981,
20981,20982,20983,20984,20985,20988,20989,20990,20992,20993,
20997,20998,21002,21002,21006,21006,21007,21011,21011,21012,
21013,21014,21015,21015,21015,21016,21016,21016,21016,21016,
21016,21016,21016,21016,21017,21017,21017,21018,21018,21018,
21018,21018,21019,21019,21020,21021,21022,21035,21052,21078,
21094,21111,21134,21149,21163,21176,21194,21195,21199,21201,
21201,21202,21203,21204,21204,21204,21204,21204,21204,21204,
21204,21204,21204,21204,21205,21206,21207,21208,21209,21210,
21212,21218,21226,21234,21235,21236,21244,21252,21260,21268,
21276,21284,21292,21300,21301,21302,21302,21302,21305,21310,
21310,21313,21317,21317,21317,21317,21319,21321,21343,21343,
21356,21368,21380,21396,21414,21425,21425,21425,21425,21425,
21425,21425,21425,21425,21426,21426,21426,21427,21427,21427,
21427,21427,21427,21427,21427,21427,21428,21429,21430,21431,
21432,21433,21433,21433,21433,21433,21433,21433,21433,21433,
21433,21433,21434,21435,21436,21438,21439,21440,21441,21442,
21442,21443,21444,21445,21446,27445,27446,27447,27448,27449,
27449,27449,27449,27449,27449,27449,27449,27450,27451,27452,
27453,27454,27456,27457,27458,27459,27460,27461,27462,27463,
27463,27463,27463,27463,27463,27463,27463,27463,27463,27467,
27468,27469,27470,27471,27473,27474,27479,27481,27482,27483,
27485,27485,27486,27489,27494,27497,27497,27502,27502,27502,
27502,27506,27506,27506,27506,27506,27506,27506,27507,27508,
27509,27510,27511,27526,27527,27542,27546,27550,27551,27552,
27553,27568,27583,27598,27607,27607,27607,27622,27637,27637,
27637,27637,27637,27637,27637,27637,27637,27638,27638,27639,
27640,27644,27645,27646,27646,27646,27646,27646,27646,27646,
27646,27646,27647,27662,27662,27662,27662,27662,27662,27662,
27662,27662,27662,27662,27662,27662,27662,27680,27681,27682,
27683,27688,27689,27690,27690,27691,27691,27692,27693,27694,
27695,27696,27696,27697,27698,27699,27699,27699,27699,27699,
27700,27700,27700,27700,27700,27700,27700,27700,27700,27715,
27715,27716,27716,27716,27716,27716,27716,27716,27716,27717,
27718,27719,27720,27721,27722,27723,27724,27725,27726,27727,
27728,27729,27730,27731,27732,27733,27734,27735,27736,27736,
27736,27736,27737,27738,27738,27739,27740,27746,27746,27747,
27748,27748,27749,27749,27750,27751,27751,27755,27756,27757,
27758,27759,27760,27764,27767,27771,27772,27777,27777,27780,
27781,27783,27787,27792,27792,27793,27794,27795,27795,27795,
27795,27795,27795,27795,27795,27795,27795,27795,27795,27796,
27798,27799,27800,27801,27802,27803,27804,27805,27806,27814,
27815,27816,27817,27817,27817,27817,27817,27817,27817,27817,
27817,27817,27817,27817,27817,27822,27822,27822,27822,27822,
27822,27822,27822,27822,27823,27824,27825,27825,27825,27825,
27825,27825,27825,27825,27825,27826,27845,27859,27881,27898,
27916,27930,27949,27965,27983,28001,28001,28001,28002,28002,
28002,28002,28002,28002,28002,28002,28002,28003,28004,28005,
28012,28016,28023,28024,28031,28038,28044,28051,28057,28063,
28064,28065,28066,28067,28068,28068,28068,28068,28068,28068,
28068,28068,28068,28068,28068,28069,28070,28071,28072,28073,
28074,28075,28076,28079,28080,28081,28082,28083,28084,28085,
28086,28087,28088,28088,28088,28088,28088,28088,28088,28088,
28088,28089,28089,28089,28090,28091,28092,28092,28093,28094,
28095,28096,28097,28098,28099,28102,28105,28108,28111,28115,
28119,28123,28124,28127,28130,28130,28130,28130,28130,28130,
28131,28132,28133,28134,28135,28136,28137,28138,28139,28140,
28141,28141,28141,28141,28141,28141,28141,28142,28143,28144,
28145,28160,28161,28162,28163,28164,28165,28166,28167,28168,
28169,28170,28171,28172,28173,28174,28175,28176,28177,28178,
28178,28178,28178,28178,28178,28178,28178,28178,28179,28179,
28179,28182,28182,28182,28182,28182,28182,28182,28182,28182,
28182,28182,28183,28184,28185,28188,28190,28191,28192,28193,
28194,28195,28199,28200,28201,28202,28202,28202,28202,28202,
28202,28202,28202,28202,28202,28202,28210,28211,28211,28211,
28211,28211,28211,28211,28211,28211,28211,28211,28211,28211,
28211,28211,28211,28211,28211,28211,28211,28211,28211,28211,
28211,28211,28211,28211,28211,28211,28211,28211,28211,28214,
28214,28214,28214,28214,28215,28215,28215,28215,28215,28215,
28215,28215,28215,28215,28215,28215,28215,28216,28217,28219,
28219,28219,28219,28219,28219,28219,28219,28219,28219,28219,
28220,28221,28222,28223,28225,28226,28227,28231,28233,28237,
28242,28243,28248,28249,28251,28252,28253,28254,28255,28255,
28255,28255,28255,28255,28255,28255,28255,28255,28255,28256,
28257,28258,28259,28260,28261,28262,28263,28264,28268,28277,
28281,28290,28296,28300,28304,28309,28316,28321,28322,28323,
28324,28325,28326,28327,28328,28329,28330,28331,28364,28398,
28418,28447,28473,28500,28533,28561,28562,28563,28564,28565,
28566,28567,28568,28569,28575,28588,28589,28602,28603,28604,
28605,28606,28615,28616,28617,28632,28633,28634,28670,28671,
28672,28687,28691,28692,28693,28697,28698,28699,28700,28700,
28700,28701,28702,28703,28703,28703,28703,28703,28703,28703,
28703,28703,28704,28705,28706,28707,28707,28708,28709,28709,
28709,28709,28709,28709,28709,28709,28709,28709,28709,28710,
28711,28711,28712,28715,28720,28723,28726,28726,28729,28730,
28731,28731,28754,28770,28802,28829,28853,28866,28892,28914,
28938,28960,28962,28962,28962,28962,28962,28962,28962,28962,
28962,28970,28970,28970,28972,28976,28977,28978,28979,28980,
29010,29039,29063,29085,29103,29131,29157,29182,29205,29230,
29231,29232,29233,29234,29235,29236,29237,29238,29239,29240,
29241,29242,29247,29248,29249,29250,29251,29252,29253,29254,
29254,29254,29254,29254,29254,29254,29254,29254,29254,29254,
29258,29264,29264,29264,29269,29269,29278,29285,29285,29292,
29293,29294,29295,29296,29297,29298,29299,29300,29301,29303,
29304,29304,29304,29304,29304,29304,29304,29304,29304,29304,
29304,29307,29308,29309,29310,29311,29312,29313,29314,29315,
29316,29317,29318,29319,29320,29321,29322,29322,29322,29322,
29323,29323,29323,29323,29323,29324,29345,29346,29346,29347,
29347,29348,29349,29350,29351,29351,29351,29351,29352,29353,
29355,29355,29356,29356,29357,29358,29359,29360,29361,29361,
29362,29363,29364,29366,29366,29366,29366,29366,29366,29366,
29366,29366,29366,29366,29366,29366,29366,29366,29366,29366,
29366,29366,29366,29366,29366,29366,29366,29366,29369,29374,
29375,29380,29385,29386,29390,29392,29393,29396,29397,29398,
29399,29399,29400,29400,29400,29400,29401,29401,29424,29424,
29424,29425,29425,29426,29426,29427,29428,29429,29430,29430,
29431,29432,29433,29433,29433,29433,29433,29433,29433,29433,
29433,29433,29433,29433,29433,29433,29434,29435,29436,29437,
29438,29445,29445,29446,29446,29451,29457,29459,29462,29464,
29470,29481,29481,29481,29481,29481,29481,29481,29481,29481,
29482,29482,29482,29482,29482,29482,29482,29482,29482,29482,
29482,29482,29482,29482,29482,29483,29483,29484,29485,29485,
29491,29506,29507,29507,29507,29507,29508,29514,29514,29514,
29514,29514,29514,29514,29514,29514,29515,29516,29517,29518,
29519,29520,29521,29522,29523,29524,29525,29526,29541,29542,
29543,29545,29546,29546,29546,29546,29546,29546,29546,29546,
29546,29547,29548,29549,29550,29550,29550,29550,29550,29550,
29550,29550,29550,29550,29550,29579,29602,29603,29604,29633,
29660,29687,29720,29747,29773,29796,29831,29832,29833,29834,
29835,29839,29839,29840,29840,29841,29843,29844,29845,29846,
29847,29886,29913,29941,29968,29992,30023,30051,30077,30078,
30095,30119,30134,30134,30134,30134,30134,30134,30134,30134,
30134,30134,30134,30135,30136,30136,30136,30136,30136,30136,
30136,30136,30136,30139,30139,30139,30139,30144,30144,30149,
30151,30151,30152,30153,30154,30154,30169,30169,30171,30171,
30172,30172,30172,30190,30215,30215,30240,30259,30259,30259,
30287,30292,30292,30320,30338,30343,30343,30346,30350,30351,
30352,30353,30354,30355,30355,30376,30389,30389,30422,30446,
30474,30496,30509,30509,30528,30528,30529,30529,30530,30530,
30530,30530,30530,30530,30533,30533,30533,30533,30533,30534,
30534,30534,30534,30534,30534,30534,30534,30535,30536,30537,
30537,30540,30544,30547,30548,30553,30558,30562,30562,30567,
30568,30571,30575,30577,30578,30578,30579,30582,30585,30587,
30587,30588,30588,30588,30588,30588,30589,30590,30590,30590,
30590,30590,30591,30591,30591,30591,30591,30591,30591,30591,
30591,30591,30591,30592,30593,30594,30594,30594,30600,30600,
30600,30600,30601,30602,30602,30602,30603,30608,30608,30609,
30609,30609,30609,30609,30609,30609,30609,30609,30609,30609,
30609,30609,30609,30609,30612,30612,30612,30612,30612,30612,
30613,30614,30615,30615,30615,30615,30615,30615,30615,30615,
30616,30617,30617,30617,30617,30617,30617,30617,30617,30617,
30617,30617,30617,30617,30618,30619,30620,30621,30622,30623,
30624,30625,30626,30630,30631,30634,30641,30649,30650,30651,
30659,30663,30671,30678,30682,30690,30696,30703,30704,30705,
30706,30709,30710,30711,30719,30723,30728,30737,30741,30741,
30745,30749,30755,30759,30760,30761,30762,30763,30763,30763,
30763,30763,30763,30763,30764,30765,30765,30765,30765,30765,
30765,30765,30765,30765,30765,30765,30765,30765,30765,30765,
30765,30765,30766,30767,30768,30768,30769,30769,30769,30769,
30769,30769,30769,30769,30769,30770,30770,30770,30771,30771,
30771,30771,30771,30771,30771,30771,30771,30772,30772,30772,
30772,30772,30772,30772,30773,30779,30780,30790,30791,30792,
30793,30794,30795,30802,30803,30804,30804,30804,30804,30807,
30807,30807,30807,30807,30808,30825,30826,30826,30826,30826,
30826,30826,30826,30826,30826,30826,30826,30827,30828,30830,
30830,30830,30831,30832,30833,30834,30835,30836,30837,30838,
30839,30840,30849,30850,30851,30852,30852,30852,30861,30861,
30861,30861,30861,30861,30861,30861,30861,30862,30863,30863,
30863,30863,30863,30863,30863,30863,30863,30864,30865,30866,
30867,30881,30900,30903,30923,30943,30959,30979,31000,31018,
31041,31066,31067,31068,31069,31070,31071,31071,31072,31073,
31074,31075,31076,31077,31077,31078,31079,31080,31081,31082,
31083,31083,31083,31084,31085,31085,31086,31088,31089,31090,
31091,31091,31091,31091,31091,31091,31091,31091,31091,31091,
31092,31093,31094,31094,31095,31096,31102,31103,31103,31104,
31104,31104,31104,31104,31104,31104,31104,31104,31109,31109,
31109,31109,31109,31109,31109,31109,31109,31109,31109,31109,
31109,31109,31109,31109,31109,31109,31109,31110,31110,31111,
31111,31111,31111,31111,31112,31112,31113,31114,31115,31116,
31116,31116,31116,31116,31116,31116,31116,31116,31116,31116,
31116,31117,31132,31138,31143,31144,31152,31159,31169,31174,
31176,31178,31182,31185,31185,31185,31185,31185,31185,31185,
31185,31185,31185,31185,31185,31185,31185,31185,31185,31185,
31185,31185,31185,31185,31186,31187,31188,31189,31189,31190,
31190,31191,31192,31193,31193,31193,31193,31193,31193,31193,
31193,31193,31193,31193,31193,31193,31194,31194,31194,31194,
31194,31194,31194,31194,31194,31194,31194,31195,31196,31197,
31198,31198,31198,31198,31198,31198,31198,31198,31198,31198,
31198,31199,31200,31201,31202,31206,31207,31207,31208,31209,
31210,31211,31211,31212,31213,31214,31215,31216,31217,31218,
31219,31220,31221,31222,31223,31224,31225,31225,31225,31225,
31226,31226,31226,31226,31226,31227,31236,31236,31236,31236,
31236,31236,31236,31236,31236,31237,31237,31237,31238,31238,
31238,31238,31238,31238,31238,31238,31238,31238,31238,31238,
31238,31238,31238,31238,31238,31238,31238,31239,31239,31239,
31240,31241,31242,31242,31250,31258,31261,31270,31274,31279,
31280,31281,31281,31282,31282,31284,31285,31286,31286,31287,
31287,31287,31287,31288,31288,31288,31288,31288,31288,31288,
31288,31288,31288,31288,31289,31290,31291,31293,31293,31293,
31293,31293,31293,31293,31293,31293,31293,31293,31293,31293,
31293,31293,31293,31293,31293,31293,31293,31293,31294,31295,
31295,31296,31297,31297,31301,31302,31317,31318,31319,31319,
31319,31319,31319,31319,31319,31319,31319,31319,31320,31320,
31320,31321,31321,31321,31321,31321,31321,31322,31323,31324,
31324,31324,31324,31324,31324,31324,31324,31324,31324,31324,
31324,31324,31324,31324,31324,31324,31325,31326,31326,31327,
31328,31328,31329,31344,31359,31374,31389,31404,31419,31420,
31435,31450,31451,31452,31453,31454,31455,31456,31459,31460,
31460,31462,31466,31466,31466,31466,31466,31466,31467,31468,
31469,31470,31471,31472,31473,31474,31476,31479,31487,31490,
31496,31504,31508,31513,31514,31518,31526,31527,31528,31528,
31528,31528,31528,31528,31528,31529,31529,31529,31529,31529,
31529,31529,31529,31529,31529,31529,31532,31533,31533,31533,
31556,31557,31557,31558,31595,31595,31618,31618,31646,31647,
31648,31649,31650,31651,31675,31676,31677,31704,31705,31706,
31707,31727,31727,31727,31727,31727,31727,31727,31727,31727,
31728,31756,31756,31756,31783,31784,31784,31797,31799,31800,
31801,31804,31804,31808,31809,31809,31809,31812,31813,31814,
31818,31819,31820,31821,31822,31823,31823,31824,31824,31824,
31824,31825,31830,31831,31831,31831,31832,31833,31834,31834,
31834,31835,31836,31836,31836,31836,31836,31836,31836,31836,
31837,31840,31840,31841,31841,31841,31841,31841,31842,31843,
31844,31845,31846,31847,31848,31849,31850,31851,31852,31853,
31854,31874,31888,31889,31902,31916,31938,31952,31968,31991,
32012,32026,32027,32028,32029,32030,32031,32032,32033,32033,
32034,32034,32035,32036,32036,32036,32037,32038,32038,32039,
32040,32041,32042,32043,32043,32043,32043,32043,32043,32043,
32043,32043,32043,32044,32044,32044,32045,32045,32045,32045,
32045,32045,32045,32045,32045,32045,32045,32045,32045,32046,
32046,32046,32047,32048,32049,32050,32051,32051,32051,32051,
32051,32051,32051,32051,32051,32051,32051,32052,32053,32054,
32055,32056,32057,32060,32060,32060,32060,32060,32060,32060,
32060,32060,32060,32060,32061,32062,32063,32064,32065,32066,
32067,32068,32069,32069,32069,32069,32069,32069,32069,32070,
32071,32072,32073,32074,32075,32076,32076,32076,32076,32076,
32076,32076,32076,32076,32076,32076,32077,32078,32079,32080,
32081,32082,32083,32084,32084,32084,32091,32091,32091,32091,
32091,32091,32091,32091,32092,32092,32092,32092,32092,32092,
32092,32092,32092,32092,32092,32092,32092,32092,32092,32092,
32092,32092,32092,32092,32092,32092,32092,32092,32092,32092,
32092,32092,32092,32093,32094,32095,32096,32097,32098,32099,
32100,32100,32106,32106,32107,32108,32109,32110,32111,32112,
32112,32112,32112,32112,32112,32112,32112,32112,32112,32112,
32116,32117,32121,32122,32123,32124,32125,32130,32145,32160,
32161,32173,32174,32181,32196,32211,32218,32228,32238,32239,
32240,32240,32240,32240,32240,32240,32240,32240,32241,32241,
32245,32246,32247,32248,32249,32250,32251,32252,32256,32258,
32259,32264,32268,32271,32275,32278,32279,32282,32286,32286,
32286,32287,32287,32287,32287,32287,32287,32287,32287,32287,
32287,32288,32289,32294,32295,32295,32295,32295,32295,32295,
32295,32295,32295,32295,32295,32295,32295,32295,32295,32295,
32295,32296,32297,32298,32299,32299,32301,32301,32302,32304,
32307,32308,32308,32308,32308,32311,32314,32314,32314,32314,
32314,32315,32316,32317,32318,32319,32320,32321,32322,32323,
32323,32681,32682,33012,33014,33015,33015,33016,33020,33023,
33023,33026,33029,33031,33034,33035,33038,33044,33050,33054,
33064,33067,33073,33080,33089,33092,33093,33094,33098,33099,
33100,33115,33130,33145,33160,33175,33190,33205,33206,33207,
33208,33223,33238,33239,33240,33241,33242,33243,33244,33245,
33246,33247,33248,33263,33278,33279,33294,33309,33324,33339,
33354,33369,33384,33385,33386,33387,33388,33394,33395,33396,
33397,33397,33398,33399,33400,33525,33526,33526,33527,33527,
33527,33528,33528,33528,33528,33528,33528,33528,33528,33528,
33529,33530,33531,33532,33533,33534,33534,33535,33536,33537,
33538,33539,33540,33541,33542,33543,33544,33545,33546,33546,
33546,33546,33546,33546,33553,33553,33553,33553,33553,33554,
33555,33556,33557,33557,33558,33559,33560,33560,33560,33560,
33560,33560,33560,33560,33560,33560,33560,33561,33562,33566,
33567,33568,33569,33570,33570,33570,33570,33570,33570,33570,
33570,33570,33570,33570,33574,33575,33576,33577,33578,33579,
33592,33615,33637,33648,33667,33690,33706,33734,33751,33766,
33767,33768,33769,33769,33769,33769,33769,33769,33769,33769,
33769,33769,33769,33770,33771,33772,33777,33777,33777,33777,
33777,33777,33777,33777,33777,33777,33777,33777,33777,33777,
33777,33777,33777,33777,33777,33777,33778,33779,33779,33780,
33780,33785,33786,33787,33788,33789,33790,33791,33791,33798,
33799,33800,33801,33805,33806,33811,33812,33816,33820,33821,
33822,33828,33846,33873,33901,33924,33948,33954,33976,33999,
34002,34029,34057,34058,34058,34059,34060,34061,34062,34063,
34064,34065,34066,34067,34069,34070,34071,34072,34073,34074,
34075,34076,34077,34078,34083,34084,34085,34086,34087,34088,
34088,34088,34088,34088,34088,34088,34088,34088,34089,34089,
34089,34090,34091,34092,34093,34093,34094,34095,34096,34097,
34098,34099,34100,34101,34104,34105,34106,34106,34106,34106,
34106,34106,34106,34106,34106,34106,34106,34107,34108,34109,
34110,34111,34112,34137,34155,34175,34190,34207,34230,34254,
34279,34280,34281,34308,34330,34335,34336,34337,34338,34339,
34340,34340,34340,34340,34340,34340,34340,34340,34340,34340,
34340,34340,34340,34340,34340,34340,34345,34345,34345,34345,
34345,34345,34345,34345,34345,34345,34345,34345,34346,34346,
34346,34346,34346,34346,34346,34346,34346,34346,34347,34348,
34348,34348,34348,34348,34349,34350,34350,34350,34350,34350,
34350,34350,34350,34350,34351,34352,34352,34352,34353,34353,
34353,34353,34353,34353,34353,34353,34353,34354,34355,34355,
34366,34379,34390,34402,34420,34436,34444,34461,34471,34484,
34484,34487,34489,34489,34494,34495,34495,34495,34496,34497,
34497,34497,34500,34501,34502,34503,34504,34507,34508,34509,
34510,34510,34511,34511,34511,34511,34511,34511,34511,34511,
34511,34511,34511,34516,34517,34518,34519,34520,34521,34522,
34523,34524,34543,34565,34587,34610,34639,34664,34691,34714,
34740,34763,34764,34765,34769,34774,34774,34800,34824,34857,
34879,34893,34923,34956,34974,34995,35019,35020,35021,35022,
35023,35024,35025,35026,35027,35028,35029,35030,35032,35033,
35034,35035,35036,35037,35038,35039,35063,35086,35087,35109,
35131,35150,35166,35187,35205,35223,35247,35247,35247,35247,
35247,35247,35247,35247,35251,35251,35252,35253,35254,35255,
35256,35256,35256,35257,35258,35259,35260,35263,35264,35269,
35270,35275,35276,35277,35278,35279,35280,35285,35285,35285,
35285,35286,35287,35288,35288,35289,35289,35290,35291,35291,
35292,35292,35308,35330,35331,35336,35356,35381,35409,35440,
35463,35487,35515,35537,35538,35544,35544,35544,35545,35545,
35545,35545,35545,35545,35545,35545,35545,35546,35547,35574,
35595,35622,35644,35667,35690,35711,35732,35733,35758,35781,
35782,35782,35782,35782,35782,35782,35782,35782,35782,35782,
35782,35783,35784,35785,35801,35802,35803,35804,35805,35806,
35807,35807,35808,35809,35810,35812,35813,35828,35829,35830,
35830,35830,35830,35830,35830,35830,35830,35830,35831,35831,
35831,35832,35833,35834,35835,35836,35837,35838,35839,35839,
35839,35839,35839,35839,35839,35839,35839,35839,35839,35844,
35845,35846,35847,35848,35848,35848,35848,35848,35848,35848,
35849,35850,35850,35850,35854,35859,35863,35863,35889,35894,
35896,35897,35912,35943,35966,35983,36018,36035,36053,36066,
36089,36116,36117,36118,36135,36135,36135,36135,36136,36137,
36142,36143,36143,36145,36145,36145,36145,36145,36145,36145,
36145,36145,36145,36145,36146,36147,36148,36149,36150,36151,
36152,36153,36154,36158,36161,36161,36165,36169,36170,36173,
36173,36178,36179,36180,36180,36181,36182,36183,36184,36185,
36186,36187,36191,36191,36192,36192,36192,36192,36192,36198,
36198,36198,36198,36202,36202,36202,36202,36202,36202,36202,
36202,36202,36202,36202,36202,36202,36202,36202,36202,36202,
36202,36203,36206,36206,36206,36206,36206,36206,36206,36206,
36206,36206,36206,36207,36212,36213,36214,36215,36216,36217,
36218,36219,36220,36221,36222,36224,36241,36241,36243,36243,
36243,36243,36243,36243,36243,36249,36256,36267,36269,36273,
36279,36283,36291,36292,36293,36293,36293,36294,36295,36296,
36297,36298,36299,36300,36301,36302,36303,36304,36308,36309,
36310,36310,36311,36312,36313,36314,36315,36316,36316,36316,
36316,36316,36316,36316,36316,36316,36316,36316,36316,36316,
36316,36317,36318,36319,36320,36321,36322,36323,36324,36325,
36349,36373,36385,36407,36425,36426,36427,36428,36429,36430,
36431,36432,36437,36441,36442,36442,36444,36448,36448,36449,
36453,36453,36456,36456,36456,36456,36456,36456,36456,36456,
36456,36456,36456,36471,36486,36501,36516,36531,36546,36561,
36576,36577,36578,36593,36608,36609,36609,36610,36611,36612,
36612,36612,36612,36612,36612,36612,36612,36612,36612,36612,
36613,36615,36616,36617,36618,36619,36620,36623,36624,36638,
36653,36667,36668,36683,36698,36713,36728,36729,36743,36757,
36758,36759,36760,36761,36761,36761,36761,36761,36761,36762,
36763,36768,36769,36770,36771,36772,36773,36774,36775,36776,
36777,36778,36779,36780,36781,36782,36783,36784,36785,36786,
36787,36787,36787,36787,36787,36787,36787,36788,36789,36790,
36790,36790,36790,36790,36790,36790,36790,36790,36790,36790,
36791,36792,36793,38667,38668,38668,38673,38676,38676,38681,
38685,38688,38691,38692,38694,38698,38733,38737,38740,38763,
38791,38793,38821,38847,38873,38909,38909,38910,38911,38916,
38917,38917,38917,38917,38917,38917,38917,38917,38917,38918,
38918,38918,38923,38923,38924,38924,38924,38924,38924,38925,
38925,38925,38925,38925,38925,38925,38925,38925,38925,38926,
38927,38928,38929,38930,38931,38931,38931,38931,38931,38931,
38931,38931,38931,38931,38931,38931,38931,38931,38931,38931,
38931,38931,38931,38932,38932,38932,38933,38934,38935,38940,
38940,38940,38940,38940,38942,38942,38942,38942,38942,38942,
38942,38942,38943,38943,38944,38946,38947,38947,38948,38948,
38949,38950,38950,38951,38953,38954,38955,38956,38957,38958,
38959,38960,38961,38961,38961,38961,38961,38961,38961,38961,
38961,38961,38961,38961,38961,38961,38961,38961,38961,38961,
38961,38961,38961,38962,38963,38963,38963,38984,39012,39035,
39065,39065,39092,39092,39092,39092,39092,39115,39115,39115,
39115,39122,39128,39134,39141,39148,39159,39166,39173,39175,
39184,39184,39184,39184,39184,39184,39184,39184,39184,39184,
39184,39184,39184,39184,39184,39184,39184,39184,39184,39184,
39184,39184,39184,39184,39184,39185,39185,39185,39190,39192,
39197,39202,39205,39207,39208,39213,39214,39217,39221,39222,
39223,39223,39223,39223,39223,39223,39223,39224,39224,39224,
39225,39226,39226,39226,39226,39226,39226,39226,39226,39226,
39226,39226,39226,39226,39226,39226,39226,39226,39226,39226,
39227,39228,39229,39230,39230,39231,39231,39232,39232,39232,
39232,39232,39232,39232,39232,39232,39232,39232,39233,39233,
39234,39235,39236,39237,39238,39240,39241,39242,39243,39244,
39244,39245,39246,39247,39248,39249,39250,39251,39251,39252,
39253,39253,39253,39253,39253,39253,39253,39253,39253,39253,
39258,39259,39260,39261,39262,39263,39264,39265,39265,39266,
39267,39268,39269,39270,39271,39272,39272,39293,39314,39315,
39316,39331,39351,39351,39351,39351,39351,39351,39351,39357,
39357,39357,39357,39357,39358,39359,39360,39361,39362,39363,
39364,39365,39366,39367,39368,39369,39370,39371,39371,39371,
39371,39371,39371,39371,39371,39373,39374,39375,39376,39377,
39378,39379,39379,39380,39381,39382,39382,39382,39382,39382,
39382,39382,39382,39382,39382,39382,39383,39383,39383,39383,
39383,39383,39383,39383,39383,39383,39383,39384,39401,39427,
39428,39428,39429,39430,39430,39431,39431,39432,39432,39432,
39432,39433,39433,39433,39433,39433,39433,39433,39433,39433,
39458,39482,39506,39524,39549,39549,39577,39604,39604,39605,
39628,39650,39651,39652,39653,39654,39655,39656,39657,39658,
39659,39660,39661,39662,39663,39664,39665,39669,39670,39671,
39686,39703,39725,39746,39766,39789,39814,39833,39852,39877,
39877,39877,39878,39879,39883,39884,39885,39886,39887,39888,
39889,39890,39890,39891,39892,39893,39894,39914,39936,39953,
39969,39982,39996,40017,40030,40049,40068,40068,40069,40070,
40071,40072,40073,40074,40075,40076,40088,40101,40115,40127,
40141,40157,40177,40182,40200,40215,40216,40220,40221,40221,
40221,40221,40221,40221,40221,40221,40221,40221,40221,40222,
40223,40224,40225,40225,40225,40225,40225,40225,40225,40225,
40225,40226,40227,40227,40227,40231,40232,40233,40234,40236,
40237,40238,40238,40238,40238,40238,40238,40238,40238,40238,
40238,40238,40238,40238,40238,40968,40968,40969,40969,40969,
40969,40970,40970,40971,40972,40972,40972,40972,40972,40972,
40972,40972,40972,40974,40975,40975,40975,41007,41030,41031,
41032,41033,41033,41034,41040,41041,41042,41043,41044,41045,
41045,41046,41047,41048,41048,41049,41050,41050,41050,41050,
41050,41050,41050,41050,41050,41050,41050,41050,41050,41050,
41054,41059,41060,41061,41064,41065,41066,41069,41070,41070,
41071,41073,41074,41074,41075,41075,41076,41081,41081,41082,
41085,41086,41087,41090,41266,41267,41268,41296,41299,41300,
41301,41301,41301,41301,41301,41301,41301,41301,41301,41301,
41301,41301,41302,41302,41302,41302,41302,41302,41302,41302,
41302,41302,41302,41302,41302,41303,41303,41304,41305,41305,
41306,41307,41308,41309,41310,41311,41312,41313,41317,41321,
41321,41321,41321,41321,41321,41321,41321,41321,41321,41321,
41322,41322,41323,41324,41325,41326,41327,41328,41329,41330,
41331,41331,41331,41331,41331,41331,41331,41331,41331,41332,
41332,41332,41348,41362,41382,41399,41416,41429,41441,41458,
41459,41460,41460,41460,41460,41460,41460,41460,41461,41462,
41463,41464,41465,41466,41467,41468,41469,41470,41470,41470,
41471,41472,41472,41472,41472,41472,41472,41472,41472,41472,
41473,41474,41474,41474,41474,41474,41474,41474,41475,41476,
41477,41477,41478,41479,41479,41479,41479,41479,41479,41479,
41479,41479,41480,41481,41482,41483,41484,41485,41486,41487,
41491,41491,41491,41492,41493,41494,41495,41495,41496,41497,
41498,41499,41499,41499,41500,41500,41500,41500,41500,41500,
41501,41502,41503,41504,41505,41505,41505,41505,41505,41506,
41507,41510,41511,41526,41527,41528,41528,41528,41543,41544,
41544,41544,41544,41544,41544,41544,41544,41544,41545,41546,
41547,41548,41563,41578,41593,41608,41623,41638,41653,41668,
41683,41698,41713,41714,41714,41714,41715,41715,41715,41715,
41715,41715,41715,41715,41715,41728,41729,41730,41730,41730,
41745,41760,41760,41760,41760,41760,41760,41760,41760,41760,
41760,41760,41761,41761,41761,41761,41761,41761,41761,41761,
41761,41762,41762,41762,41762,41762,41762,41762,41762,41763,
41763,41769,41770,41771,41772,41773,41774,41775,41776,41777,
41778,41779,41779,41781,41782,41783,41784,41807,41835,41859,
41884,41906,41939,41966,41987,42016,42043,42044,42047,42049,
42052,42054,42054,42056,42059,42059,42064,42067,42068,42069,
42070,42071,42071,42071,42072,42076,42076,42076,42076,42076,
42076,42076,42076,42076,42076,42077,42077,42078,42078,42078,
42081,42082,42086,42086,42087,42089,42094,42097,42098,42102,
42104,42108,42109,42114,42119,42121,42126,42129,42132,42135,
42138,42143,42143,42147,42150,42154,42156,42156,42161,42162,
42163,42164,42165,42169,42170,42173,42174,42175,42175,42176,
42176,42177,42180,42180,42181,42182,42187,42188,42188,42189,
42190,42191,42195,42196,42197,42198,42203,42204,42205,42206,
42207,42212,42212,42212,42212,42212,42212,42212,42212,42212,
42212,42212,42212,42212,42212,42212,42212,42213,42214,42215,
42220,42221,42221,42222,42223,42223,42255,42282,42303,42328,
42346,42372,42405,42420,42420,42421,42448,42448,42453,42453,
42453,42457,42457,42459,42464,42465,42466,42468,42472,42473,
42476,42477,42478,42479,42480,42481,42482,42483,42484,42485,
42486,42491,42492,42493,42494,42495,42496,42497,42498,42499,
42500,42501,42502,42503,42503,42503,42504,42504,42504,42504,
42504,42504,42504,42504,42504,42504,42504,42504,42504,42504,
42504,42504,42504,42504,42504,42505,42509,42510,42511,42512,
42513,42514,42515,42515,42516,42516,42516,42516,42516,42519,
42524,42525,42525,42527,42527,42528,42528,42533,42533,42537,
42537,42537,42537,42537,42537,42537,42537,42537,42537,42537,
42537,42537,42537,42537,42537,42537,42537,42537,42538,42539,
42540,42540,42540,42541,42542,42543,42544,42550,42551,42555,
42556,42557,42558,42559,42560,42560,42560,42560,42560,42561,
42566,42567,42568,42569,42570,42571,42572,42577,42579,42583,
42584,42587,42592,42592,42594,42595,42597,42601,42603,42604,
42605,42609,42610,42611,42611,42612,42613,42613,42615,42616,
42617,42617,42617,42617,42617,42617,42617,42617,42617,42617,
42620,42621,42621,42621,42621,42621,42621,42621,42621,42621,
42625,42625,42625,42625,42625,42630,42633,42637,42639,42639,
42640,42641,42642,42644,42645,42650,42652,42652,42653,42653,
42653,42653,42653,42653,42653,42653,42653,42653,42653,42654,
42655,42656,42657,42658,42659,42660,42661,42662,42662,42663,
42664,42665,42666,42667,42671,42672,42675,42681,42681,42682,
42683,42686,42687,42687,42688,42689,42690,42691,42692,42695,
42696,42697,42698,42698,42698,42698,42698,42698,42698,42698,
42698,42698,42698,42699,42700,42701,42702,42703,42704,42705,
42705,42705,42705,42708,42708,42709,42710,42718,42719,42720,
42720,42731,42732,42733,42738,42739,42739,42739,42740,42743,
42744,42780,42780,42780,42780,42780,42780,42780,42780,42780,
42781,42785,42789,42789,42789,42789,42789,42789,42789,42789,
42789,42789,42789,42789,42789,42789,42789,42789,42789,42790,
42791,42791,42791,42792,42793,42793,42793,42793,42793,42793,
42793,42793,42793,42793,42793,42793,42793,42793,42793,42793,
42793,42793,42794,42795,42796,42797,42798,42803,42804,42805,
42806,42807,42808,42826,42842,42843,42844,42859,42860,42861,
42862,42863,42889,42890,42891,42892,42893,42894,42895,42896,
42897,42904,42908,42923,42924,42925,42940,42941,42942,42957,
42957,42957,42958,42959,42959,42959,42959,42959,42959,42959,
42959,42959,42960,42961,42964,42965,42966,42967,42968,42968,
42968,42971,42971,42971,42971,42971,42971,42971,42971,42971,
42986,43001,43016,43031,43046,43061,43076,43091,43106,43121,
43122,43123,43124,43125,43126,43127,43128,43129,43130,43131,
43131,43131,43132,43133,43138,43138,43138,43138,43138,43138,
43138,43138,43138,43147,43164,43172,43186,43201,43215,43228,
43247,43264,43278,43278,43298,43315,43337,43356,43371,43393,
43411,43428,43450,43474,43474,43474,43474,43474,43474,43474,
43474,43474,43475,43475,43475,43476,43477,43478,43479,43480,
43481,43482,43483,43484,43485,43485,43486,43487,43488,43488,
43489,43489,43489,43489,43489,43489,43489,43489,43489,43489,
43489,43489,43490,43490,43490,43490,43490,43490,43490,43490,
43490,43491,43491,43491,43492,43493,43494,43497,43504,43509,
43513,43518,43525,43531,43537,43543,43544,43545,43546,43547,
43548,43548,43548,43548,43548,43548,43548,43548,43548,43548,
43548,43549,43550,43551,43552,43552,43552,43552,43552,43552,
43552,43552,43552,43553,43554,43555,43556,43557,43558,43558,
43559,43560,43562,43563,43563,43563,43563,43563,43563,43563,
43563,43563,43563,43563,43563,43564,43564,43564,43564,43564,
43564,43564,43564,43564,43564,43564,43564,43564,43564,43568,
43569,43570,43573,43574,43575,43575,43576,43577,43578,43591,
43592,43593,43594,43607,43620,43633,43646,43659,43672,43685,
43698,43711,43712,43713,43714,43715,43716,43716,43719,43726,
43730,43738,43741,43746,43752,43757,43763,43765,43765,43765,
43765,43765,43765,43765,43766,43766,43767,43768,43769,43769,
43769,43769,43769,43769,43769,43770,43770,43770,43770,43770,
43770,43770,43770,43770,43770,43770,43777,43777,43777,43777,
43794,43794,43794,43814,43827,43839,43851,43851,43851,43852,
43852,43852,43852,43852,43852,43852,43852,43852,43853,43854,
43855,43856,43857,43858,43859,43862,43863,43863,43863,43863,
43863,43863,43863,43863,43863,43863,43863,43864,43864,43864,
43864,43864,43864,43864,43864,43864,43865,43865,43865,43865,
43867,43874,43877,43881,43886,43888,43892,43900,43908,43911,
43912,43913,43913,43913,43914,43916,43916,43916,43916,43916,
43916,43916,43916,43916,43917,43919,43937,43958,43977,44001,
44002,44003,44004,44005,44005,44020,44021,44022,44023,44024,
44025,44026,44026,44027,44028,44428,44431,44437,44438,44439,
44439,44439,44439,44439,44439,44439,44439,44439,44440,44441,
44441,44441,44456,44474,44496,44517,44540,44562,44587,44613,
44636,44657,44672,44673,44688,44688,44688,44688,44688,44688,
44706,44706,44706,44706,44706,44707,44708,44723,44724,44739,
44754,44769,44784,44799,44814,44829,44830,44831,44832,44833,
44848,44849,44854,44855,44856,44856,44856,44856,44856,44856,
44856,44856,44856,44856,44856,44857,44869,44882,44883,44898,
44913,44928,44943,44958,44973,44988,44988,44988,44988,44988,
44988,44988,44988,44988,44988,44988,44989,44990,44991,44992,
44993,44994,44995,44995,44995,44995,44995,44996,44996,44998,
44999,45002,45002,45006,45006,45011,45014,45015,45018,45023,
45038,45039,45059,45074,45096,45117,45134,45151,45172,45199,
45217,45236,45251,45252,45256,45257,45258,45282,45285,45307,
45307,45307,45307,45307,45307,45307,45307,45308,45309,45309,
45332,45332,45332,45332,45332,45332,45334,45334,45334,45335,
45335,45335,45335,45335,45335,45335,45335,45335,45335,45335,
45335,45335,45335,45335,45335,45335,45336,45343,45344,45345,
45346,45347,45348,45349,45350,45350,45350,45350,45350,45350,
45350,45350,45350,45350,45350,45350,45350,45350,45350,45350,
45350,45350,45350,45351,45351,45351,45352,45352,45352,45352,
45352,45352,45352,45352,45352,45352,45352,45352,45352,45352,
45352,45352,45352,45352,45352,45352,45352,45352,45352,45352,
45352,45352,45352,45353,45354,45355,45356,45356,45356,45356,
45356,45356,45356,45356,45356,45356,45356,45362,45363,45363,
45363,45363,45363,45363,45363,45364,45365,45366,45367,45367,
45367,45367,45367,45367,45367,45367,45367,45368,45369,45370,
45372,45373,45373,45376,45379,45381,45385,45389,45390,45391,
45391,45391,45391,45391,45391,45391,45391,45391,45392,45397,
45397,45397,45397,45398,45399,45399,45400,45400,45400,45400,
45400,45400,45400,45400,45404,45404,45404,45405,45405,45405,
45405,45405,45405,45405,45405,45405,45405,45405,45405,45405,
45405,45405,45405,45405,45405,45408,45408,45409,45410,45415,
45419,45420,45422,45426,45428,45428,45428,45429,45444,45449,
45450,45453,45457,45461,45464,45468,45474,45479,45483,45491,
45492,45493,45494,45497,45498,45498,45502,45507,45507,45507,
45510,45510,45510,45510,45510,45511,45511,45511,45518,45518,
45525,45532,45544,45551,45552,45556,45557,45558,45559,45559,
45560,45560,45561,45561,45562,45563,45564,45564,45565,45565,
45565,45565,45565,45566,45567,45568,45568,45569,45569,45569,
45570,45574,45574,45577,45577,45582,45588,45588,45589,45590,
45598,45604,45610,45621,45625,45633,45638,45642,45642,45643,
45643,45644,45644,45646,45647,45650,45650,45650,45650,45650,
45650,45650,45651,45652,45653,45653,45653,45653,45653,45653,
45653,45653,45653,45654,45654,45655,45656,45657,45661,45662,
45662,45662,45662,45662,45662,45662,45662,45662,45662,45662,
45663,45664,45664,45665,45670,45671,45672,45673,45674,45675,
45676,45677,45678,45679,45679,45682,45687,45690,45694,45695,
45699,45700,45700,45701,45705,45705,45706,45707,45708,45708,
45709,45709,45710,45711,45712,45713,45714,45715,45716,45716,
45717,45718,45719,45720,45721,45722,45723,45724,45725,45726,
45727,45727,45727,45727,45727,45727,45727,45727,45727,45728,
45728,45728,45728,45728,45732,45732,45732,45732,45732,45732,
45732,45732,45732,45737,45738,45741,45745,45745,45747,45750,
45754,45755,45756,45756,45756,45756,45756,45756,45756,45756,
45756,45756,45756,45756,45756,45756,45756,45756,45756,45757,
45757,45757,45757,45757,45757,45757,45759,45760,45761,45762,
45763,45764,45765,45766,45767,45767,45767,45767,45767,45767,
45767,45767,45767,45767,45767,45768,45771,45772,45773,45778,
45778,45778,45779,45779,45779,45779,45779,45779,45779,45779,
45779,45780,45781,45782,45782,45783,45784,45784,45785,45786,
45787,45788,45789,45789,45789,45789,45789,45789,45789,45789,
45789,45790,45790,45790,45799,45799,45799,45799,45799,45799,
45799,45799,45799,45799,45799,45799,45800,45800,45800,45800,
45800,45801,45802,45803,45808,45809,45824,45825,45825,45826,
45827,45827,45827,45828,45828,45829,45829,45829,45829,45848,
45873,45874,45874,45875,45906,45928,45944,45966,45982,45998,
46025,46052,46053,46053,46054,46058,46058,46058,46058,46058,
46058,46058,46058,46059,46060,46060,46060,46061,46061,46062,
46063,46090,46114,46115,46149,46176,46203,46231,46259,46285,
46309,46329,46335,46336,46337,46344,46348,46352,46356,46358,
46360,46367,46375,46376,46377,46378,46379,46380,46381,46383,
46384,46385,46386,46387,46387,46387,46387,46387,46387,46392,
46392,46392,46392,46392,46393,46394,46395,46396,46402,46403,
46404,46405,46406,46410,46411,46416,46421,46422,46426,46427,
46432,46433,46433,46433,46434,46434,46435,46436,46437,46439,
46440,46444,46444,46444,46445,46445,46445,46445,46445,46445,
46445,46445,46445,46445,46446,46447,46447,46447,46447,46447,
46447,46447,46462,46462,46465,46467,46467,46468,46469,46471,
46472,46473,46476,46477,46481,46485,46485,46485,46486,46486,
46486,46486,46486,46486,46486,46486,46486,46487,46487,46487,
46487,46487,46487,46492,46492,46492,46492,46492,46493,46494,
46496,46497,46498,46499,46499,46499,46499,46499,46499,46499,
46499,46499,46499,46499,46500,46501,46501,46512,46523,46534,
46545,46546,46557,46568,46579,46590,46601,46601,46602,46603,
46604,46605,46620,46621,46622,46622,46622,46622,46622,46622,
46622,46622,46622,46622,46622,46623,46624,46625,46626,46628,
46629,46630,46631,46632,46632,46632,46633,46634,46634,46634,
46634,46634,46634,46634,46634,46634,46635,46636,46636,46636,
46636,46636,46636,46636,46636,46636,46637,46637,46637,46638,
46639,46640,46641,46642,46642,46643,46644,46644,46644,46644,
46644,46644,46644,46644,46644,46644,46644,46645,46645,46646,
46647,46648,46648,46649,46650,46651,46652,46655,46656,46657,
46657,46657,46657,46657,46657,46657,46657,46657,46657,46657,
46657,46657,46657,46657,46657,46657,46657,46657,46657,46657,
46657,46657,46657,46657,46657,46657,46657,46657,46657,46657,
46657,46657,46678,46701,46723,46742,46754,46781,46799,46818,
46841,46857,46869,46869,46869,46869,46869,46869,46869,46869,
46869,46869,46869,46872,46873,46874,46875,46876,46877,46878,
46878,46878,46878,46878,46878,46878,46878,46878,46878,46878,
46879,46880,46881,46883,46887,46887,46887,46887,46887,46890,
46890,46891,46891,46891,46895,46898,46898,46898,46899,46900,
46901,46902,46903,46904,46905,46906,46908,46908,46908,46908,
46908,46908,46908,46908,46908,46908,46908,46908,46908,46909,
46910,46915,46916,46916,46917,46918,46919,46920,46921,46922,
46923,46924,46925,46926,46927,46928,46929,46930,46931,46931,
46934,46935,46936,46936,46936,46936,46936,46936,46936,46936,
46936,46936,46936,46937,46937,46937,46937,46937,46937,46937,
46937,46937,46937,46937,46938,46939,46940,46941,46942,46943,
46944,46944,46944,46950,46950,46951,46951,46951,46951,46951,
46951,46952,46952,46952,46952,46952,46952,46953,46954,46958,
46959,46960,46961,46962,46963,46964,46967,46968,46993,46993,
47021,47039,47064,47083,47083,47083,47083,47083,47083,47083,
47083,47083,47083,47083,47083,47083,47083,47083,47083,47083,
47083,47083,47083,47083,47084,47085,47086,47758,47758,47758,
47758,47758,47758,47758,47758,47758,47758,47758,47763,47767,
47772,47773,47773,47777,47778,47779,47779,47780,47781,47782,
47783,47784,47785,47786,47787,47788,47789,47795,47796,47797,
47798,47799,47799,47799,47799,47799,47799,47799,47799,47799,
47799,47799,47800,47801,47802,47803,47804,47805,47805,47806,
47807,47808,47808,47809,47809,47810,47810,47810,47811,47812,
47813,47839,47840,47840,47840,47840,47841,47845,47845,47846,
47846,47847,47847,47848,47849,47849,47849,47855,47856,47884,
47884,47901,47901,47901,47901,47928,47928,47928,47928,47928,
47951,47951,47951,47952,47985,47985,47986,48016,48016,48017,
48043,48043,48043,48043,48043,48043,48043,48043,48043,48043,
48043,48043,48044,48044,48045,48045,48049,48049,48053,48054,
48055,48055,48056,48057,48058,48060,48061,48062,48063,48064,
48075,48076,48090,48091,48092,48093,48093,48093,48093,48093,
48093,48093,48093,48093,48098,48103,48108,48113,48113,48113,
48120,48125,48139,48140,48140,48140,48140,48140,48140,48141,
48142,48143,48144,48145,48159,48174,48189,48204,48219,48234,
48249,48264,48279,48280,48281,48296,48311,48312,48313,48313,
48318,48319,48320,48320,48334,48335,48336,48337,48338,48347,
48348,48349,48350,48364,48365,48366,48366,48366,48367,48368,
48369,48370,48371,48371,48371,48371,48371,48371,48371,48371,
48371,48371,48371,48371,48371,48371,48371,48371,48371,48372,
48387,48388,48389,48390,48390,48390,48390,48390,48390,48390,
48390,48390,48390,48390,48392,48393,48394,48395,48395,48395,
48395,48395,48395,48395,48395,48395,48395,48395,48396,48397,
48398,48399,48400,48401,48402,48402,48402,48403,48404,48404,
48404,48427,48430,48430,48435,48462,48489,48523,48525,48550,
48551,48554,48555,48555,48556,48578,48579,48579,48603,48603,
48603,48603,48603,48604,48605,48605,48605,48606,48606,48606,
48607,48607,48607,48608,48608,48609,48610,48631,48632,48633,
48634,48636,48642,48643,48648,48654,48661,48668,48671,48682,
48686,48689,48690,48692,48693,48693,48693,48693,48693,48693,
48693,48693,48693,48693,48693,48693,48693,48694,48695,48695,
48695,48695,48696,48697,48697,48702,48703,48704,48710,48711,
48712,48715,48716,48716,48721,48721,48723,48724,48724,48724,
48726,48729,48734,48739,48743,48750,48754,48760,48767,48774,
48779,48780,48781,48782,48783,48783,48783,48784,48785,48786,
48787,48788,48795,48799,48799,48800,48800,48803,48803,48807,
48812,48817,48821,48826,48826,48827,48828,48829,48830,48831,
48832,48846,48848,48849,48850,48851,48852,48852,48853,48853,
48853,48853,48853,48855,48855,48855,48855,48855,48855,48858,
48858,48862,48862,48863,48871,48871,48871,48871,48871,48871,
48871,48872,48872,48872,48872,48872,48872,48872,48872,48872,
48872,48872,48873,48877,48877,48878,48878,48879,48880,48880,
48880,48881,48882,48883,48884,48884,48885,48885,48888,48889,
48890,48891,48892,48892,48892,48892,48892,48892,48892,48892,
48892,48892,48892,48893,48893,48894,48894,48895,48895,48898,
48899,48899,48900,48901,48904,48904,48905,48906,48906,48910,
48910,48915,48916,48921,48923,48928,48930,48934,48934,48961,
48962,48962,48990,48993,48994,49013,49014,49014,49015,49016,
49016,49017,49017,49035,49036,49060,49061,49079,49080,49089,
49090,49091,49091,49091,49091,49091,49091,49091,49091,49091,
49091,49091,49091,49091,49091,49091,49091,49091,49091,49091,
49091,49091,49091,49091,49091,49091,49111,49122,49145,49161,
49180,49199,49200,49201,49201,49201,49201,49201,49201,49201,
49201,49201,49201,49201,49202,49202,49202,49202,49202,49202,
49202,49202,49202,49203,49203,49203,49203,49203,49203,49203,
49203,49203,49203,49203,49203,49203,49203,49204,49205,49206,
49207,49207,49207,49207,49207,49207,49207,49207,49207,49207,
49211,49213,49217,49222,49225,49229,49234,49236,49236,49236,
49237,49238,49238,49238,49238,49238,49238,49238,49238,49238,
49239,49240,49241,49242,49242,49242,49243,49243,49243,49243,
49243,49243,49243,49243,49243,49244,49245,49246,49247,49247,
49248,49249,49249,49250,49251,49251,49251,49251,49251,49251,
49251,49251,49251,49251,49251,49251,49251,49251,49252,49253,
49254,49255,49263,49271,49279,49287,49295,49303,49303,49303,
49303,49303,49303,49303,49303,49303,49303,49303,49304,49304,
49304,49305,49305,49305,49305,49305,49305,49305,49305,49305,
49305,49306,49306,49306,49306,49306,49306,49307,49307,49308,
49309,49309,49310,49311,49317,49318,49319,49320,49321,49321,
49321,49324,49325,49326,49327,49328,49329,49329,49329,49329,
49329,49330,49330,49333,49333,49333,49334,49334,49334,49334,
49334,49338,49338,49342,49345,49346,49347,49348,49349,49350,
49350,49351,49357,49358,49359,49361,49362,49362,49365,49367,
49370,49373,49378,49383,49384,49386,49387,49388,49389,49390,
49391,49391,49391,49391,49391,49391,49391,49391,49391,49391,
49391,49391,49391,49391,49391,49391,49391,49391,49391,49391,
49391,49391,49391,49392,49393,49394,49395,49395,49395,49395,
49395,49395,49395,49395,49395,49395,49395,49396,49397,49400,
49401,49402,49403,49404,49404,49404,49404,49404,49404,49404,
49404,49405,49406,49407,49422,49422,49422,49422,49422,49422,
49422,49422,49422,49422,49422,49422,49422,49422,49422,49422,
49422,49422,49422,49422,49422,49422,49422,49422,49422,49422,
49422,49423,49438,49439,49440,49440,49455,49457,49461,49468,
49477,49481,49483,49491,49494,49502,49503,49504,49504,49504,
49504,49504,49504,49504,49504,49504,49504,49505,49506,49506,
49506,49512,49518,49534,49538,49543,49552,49561,49564,49572,
49574,49574,49575,49575,49575,49575,49575,49575,49575,49575,
49575,49576,49576,49576,49577,49577,49577,49577,49577,49577,
49577,49577,49577,49577,49577,49577,49577,49577,49579,49579,
49579,49580,49581,49581,49582,49583,49583,49583,49583,49583,
49583,49583,49583,49584,49585,49586,49586,49586,49586,49586,
49586,49586,49587,49588,49588,49593,49595,49595,49598,49601,
49602,49605,49609,49614,49615,49616,49619,49620,49621,49621,
49621,49621,49621,49621,49621,49621,49621,49621,49621,49622,
49623,49624,49625,49628,49629,49630,49631,49632,49634,49649,
49649,49649,49649,49649,49649,49650,49651,49653,49653,49653,
49654,49654,49654,49654,49654,49654,49654,49654,49654,49654,
49654,49657,49657,49657,49658,49678,49697,49709,49717,49731,
49749,49769,49784,49803,49830,49830,49830,49830,49830,49830,
49830,49830,49830,49830,49830,49831,49831,49832,49832,49833,
49833,49833,49834,49834,49835,49836,49837,49838,49839,49840,
49841,49841,49842,49843,49843,49848,49851,49852,49855,49858,
49858,49858,49858,49858,49858,49858,49858,49858,49858,49858,
49858,49859,49860,49861,49862,49863,49864,49865,49866,49867,
49868,49868,49872,49873,49874,49875,49875,49875,49875,49875,
49875,49875,49875,49875,49876,49884,49892,49892,49892,49893,
49893,49894,49895,49896,49896,49896,49896,49896,49896,49896,
49897,49898,49898,49900,49903,49907,49908,49910,49914,49918,
49923,49927,49928,49928,49930,49932,49932,49932,49932,49936,
49939,49943,49948,49948,49949,49950,49951,49951,49951,49951,
49955,49955,49955,49955,49955,49956,49957,49958,49959,49960,
49961,49962,49963,49964,49965,49966,49968,49969,49969,49969,
49970,49970,49970,49970,49970,49970,49970,49970,49970,49970,
50000,50001,50001,50031,50031,50032,50035,50038,50041,50041,
50043,50045,50047,50049,50049,50051,50053,50053,50055,50056,
50056,50057,50057,50057,50057,50057,50058,50091,50106,50107,
50107,50107,50107,50107,50107,50107,50107,50107,50107,50107,
50107,50135,50156,50186,50206,50238,50238,50261,50285,50311,
50347,50348,50348,50373,50373,50393,50394,50407,50425,50450,
50468,50470,50492,50511,50516,50521,50522,50523,50526,50530,
50533,50534,50535,50536,50537,50537,50537,50537,50537,50537,
50537,50537,50537,50537,50537,50538,50539,50539,50539,50539,
50539,50539,50539,50539,50539,50539,50539,50554,50555,50556,
50571,50574,50575,50576,50576,50576,50576,50576,50576,50576,
50576,50576,50576,50576,50576,50576,50576,50577,50578,50579,
50580,50581,50586,50587,50588,50588,50588,50589,50589,50589,
50589,50589,50589,50589,50589,50589,50589,50589,50589,50589,
50589,50589,50589,50589,50590,50594,50594,50595,50599,50601,
50616,50616,50616,50619,50621,50622,50622,50627,50627,50628,
50629,50629,50629,50629,50629,50629,50629,50629,50629,50629,
50629,50629,50633,50634,50635,50636,50647,50647,50648,50649,
50650,50650,50651,50652,50653,50658,50659,50659,50661,50662,
50662,50666,50668,50671,50672,50679,50684,50690,50697,50701,
50706,50711,50718,50723,50730,50731,50732,50733,50736,50736,
50737,50738,50739,50740,50745,50746,50747,50752,50753,50754,
50755,50757,50757,50762,50763,50768,50769,50770,50771,50772,
50773,50773,50774,50775,50776,50780,50780,50780,50780,50780,
50780,50780,50780,50780,50780,50780,50780,50780,50780,50780,
50780,50780,50781,50781,50782,50783,50784,50785,50786,50787,
50787,50787,50788,50788,50788,50788,50788,50789,50790,50791,
50792,50792,50793,50794,50795,50796,50797,50798,50798,50798,
50798,50798,50798,50799,50800,50801,50802,50803,50804,50805,
50806,50807,50808,50809,50810,50811,50812,50813,50814,50815,
50816,50817,50818,50838,50864,50884,50900,50918,50940,50966,
50992,51004,51021,51021,51021,51021,51021,51021,51021,51021,
51021,51021,51021,51021,51021,51021,51021,51021,51021,51021,
51021,51022,51022,51023,51023,51024,51025,51026,51027,51052,
51068,51096,51118,51144,51165,51194,51223,51246,51273,51274,
51275,51282,51283,51284,51285,51286,51287,51288,51289,51289,
51289,51290,51291,51292,51293,51294,51295,51296,51296,51296,
51297,51298,51299,51300,51300,51301,51302,51304,51305,51308,
51308,51308,51308,51308,51308,51308,51308,51308,51308,51308,
51309,51310,51310,51310,51310,51310,51310,51310,51310,51310,
51310,51310,51310,51310,51311,51311,51318,51323,51323,51323,
51323,51327,51332,51338,51339,51345,51345,51349,51350,51351,
51351,51352,51353,51353,51353,51353,51353,51356,51356,51356,
51356,51356,51356,51356,51357,51357,51357,51357,51357,51357,
51357,51357,51357,51357,51357,51358,51359,51360,51360,51360,
51360,51360,51360,51360,51360,51360,51360,51360,51361,51362,
51363,51364,51365,51365,51365,51365,51365,51365,51365,51365,
51365,51366,51367,51368,51368,51368,51369,51370,51371,51371,
51371,51371,51371,51371,51371,51371,51371,51371,51371,51372,
51378,51379,51380,51381,51381,51381,51381,51381,51381,51381,
51381,51381,51381,51381,51382,51383,51384,51385,51386,51387,
51388,51389,51390,51973,51973,51974,51974,51974,51974,51974,
51974,51974,51974,51974,51974,51974,51974,51974,51974,51974,
51974,51974,51975,51976,52615,52616,52616,52616,52620,52620,
52621,52624,52625,52629,52630,52632,52636,52639,52640,52643,
52648,52649,52650,52651,52655,52658,52666,52668,52671,52681,
52687,52689,52694,52696,52697,52698,52699,52700,52701,52702,
52706,52710,52716,52722,52724,52729,52739,52744,52747,52754,
52757,52757,52757,52757,52757,52757,52757,52757,52757,52757,
52757,52757,52757,52757,52757,52757,52757,52757,52757,52757,
52757,52758,52758,52762,52762,52762,52763,52764,52764,52790,
52824,52852,52879,52904,52936,52967,52968,52969,52970,52980,
52981,52982,52983,52984,52985,52986,52987,52988,52988,52988,
52989,53001,53002,53003,53004,53005,53006,53007,53008,53009,
53010,53010,53013,53013,53013,53013,53014,53015,53016,53017,
53022,53023,53025,53026,53027,53027,53028,53029,53029,53029,
53029,53029,53029,53029,53029,53029,53030,53030,53031,53032,
53033,53034,53035,53035,53035,53035,53035,53035,53035,53035,
53035,53035,53037,53038,53039,53044,53045,53046,53047,53048,
53048,53049,53050,53051,53052,53052,53052,53052,53052,53052,
53052,53052,53052,53053,53054,53083,53116,53145,53172,53199,
53227,53260,53281,53282,53283,53309,53334,53334,53334,53334,
53334,53334,53334,53334,53334,53334,53334,53334,53334,53335,
53335,53335,53340,53340,53341,53345,53348,53353,53353,53358,
53359,53362,53362,53377,53377,53377,53382,53382,53382,53382,
53382,53382,53382,53382,53382,53382,53382,53382,53398,53419,
53438,53458,53482,53501,53523,53548,53548,53548,53548,53548,
53548,53548,53567,53567,53570,53573,53575,53577,53579,53580,
53580,53608,53610,53622,53646,53668,53687,53705,53730,53750,
53768,53769,53770,53789,53807,53808,53812,53827,53840,53850,
53870,53881,53888,53901,53913,53914,53915,53916,53917,53917,
53917,53917,53917,53917,53922,53922,53924,53929,53932,53932,
53934,53934,53936,53937,53937,53937,53937,53937,53937,53937,
53937,53937,53937,53937,53937,53937,53937,53937,53941,53942,
53942,53942,53942,53942,53942,53942,53942,53942,53943,53944,
53945,53946,53947,53948,53948,53949,53950,53951,53951,53952,
53956,53956,53956,53957,53957,53957,53957,53957,53957,53957,
53957,53957,53958,53958,53958,53958,53958,53959,53959,53959,
53959,53959,53959,53959,53959,53959,53960,53961,53962,53962,
53963,53964,53965,53965,53966,53984,53985,53986,53987,53987,
53991,53991,53991,53991,53991,53991,53991,54019,54020,54021,
54021,54021,54027,54027,54042,54045,54046,54047,54048,54048,
54049,54051,54052,54052,54059,54062,54069,54075,54079,54082,
54087,54092,54101,54107,54137,54152,54167,54168,54194,54209,
54224,54239,54240,54255,54256,54271,54286,54287,54288,54289,
54290,54291,54292,54295,54295,54295,54295,54295,54316,54316,
54316,54316,54316,54316,54322,54322,54322,54322,54322,54323,
54330,54330,54331,54332,54332,54333,54334,54335,54336,54336,
54336,54337,54338,54339,54339,54339,54339,54339,54339,54339,
54339,54339,54339,54339,54340,54341,54341,54341,54341,54342,
54342,54342,54342,54342,54347,54347,54347,54347,54348,54349,
54354,54355,54359,54362,54365,54367,54372,54377,54381,54381,
54381,54381,54381,54381,54381,54381,54381,54381,54381,54381,
54382,54383,54383,54383,54383,54383,54383,54383,54383,54383,
54383,54383,54383,54383,54383,54384,54384,54384,54384,54384,
54385,54386,54387,54388,54389,54390,54391,54392,54393,54394,
54394,54395,54395,54396,54396,54396,54396,54396,54397,54401,
54401,54401,54401,54401,54401,54401,54401,54403,54404,54405,
54406,54407,54408,54409,54413,54414,54415,54416,54420,54421,
54422,54423,54424,54425,54426,54427,54432,54436,54437,54438,
54438,54439,54442,54443,54444,54445,54445,54445,54445,54445,
54445,54445,54445,54445,54446,54446,54446,54447,54448,54449,
54450,54451,54452,54453,54454,54455,54456,54457,54464,54465,
54466,54467,54468,54469,54471,54472,54479,54480,54505,54506,
54507,54508,54509,54510,54511,54512,54513,54513,54516,54553,
54554,54554,54555,54555,54555,54555,54555,54555,54555,54555,
54555,54555,54555,54555,54556,54557,54558,54558,54559,54559,
54559,54559,54559,54559,54559,54559,54559,54559,54559,54560,
54561,54585,54585,54585,54585,54585,54585,54585,54585,54585,
54585,54585,54586,54587,54588,54589,54590,54621,54622,54622,
54622,54622,54622,54622,54622,54622,54622,54622,54622,54622,
54622,54622,54622,54624,54624,54624,54624,54624,54624,54624,
54624,54624,54624,54624,54624,54624,54624,54624,54625,54625,
54625,54626,54626,54626,54626,54626,54626,54626,54627,54628,
54628,54631,54635,54640,54644,54644,54644,54644,54647,54647,
54648,54648,54648,54648,54651,54652,54653,54654,54655,54656,
54656,54656,54656,54657,54665,54665,54666,54666,54667,54667,
54667,54667,54667,54667,54667,54668,54668,54668,54668,54668,
54668,54668,54668,54669,54670,54671,54672,54672,54672,54672,
54672,54672,54672,54672,54888,55059,55184,55267,55546,55806,
56047,56278,56279,56279,56279,56279,56279,56279,56279,56279,
56279,56279,56279,56280,56288,56289,56290,56291,56292,56293,
56294,56295,56296,56296,56296,56296,56296,56296,56296,56296,
56296,56296,56296,56296,56297,56298,56299,56302,56302,56302,
56302,56302,56302,56302,56302,56302,56302,56302,56302,56303,
56303,56303,56304,56304,56305,56305,56306,56306,56306,56307,
56307,56315,56315,56321,56321,56335,56336,56337,56339,56339,
56339,56339,56339,56339,56339,56339,56339,56339,56339,56339,
56339,56339,56339,56339,56339,56340,56341,56342,56342,56342,
56343,56343,56343,56344,56344,56344,56344,56344,56344,56344,
56345,56346,56347,56348,56348,56348,56349,56349,56350,56350,
56354,56354,56355,56355,56355,56355,56355,56355,56355,56355,
56355,56355,56355,56355,56355,56355,56355,56367,56385,56400,
56417,56433,56448,56452,56454,56455,56457,56461,56468,56474,
56476,56478,56483,56484,56485,56492,56492,56492,56493,56494,
56506,56507,56508,56509,56509,56510,57085,57086,57087,57099,
57100,57105,57106,57107,57108,57108,57108,57108,57108,57108,
57108,57114,57114,57115,57116,57117,57118,57118,57118,57118,
57118,57118,57118,57118,57142,57143,57156,57157,57161,57162,
57163,57164,57165,57166,57166,57166,57166,57166,57166,57166,
57166,57166,57166,57166,57166,57166,57166,57166,57166,57166,
57166,57166,57166,57166,57166,57166,57166,57166,57166,57166,
57167,57167,57167,57167,57167,57167,57167,57167,57167,57167,
57167,57167,57167,57167,57167,57167,57167,57167,57167,57179,
57180,57181,57184,57185,57185,57185,57185,57185,57185,57185,
57185,57185,57185,57185,57186,57187,57188,57189,57190,57191,
57191,57191,57191,57191,57191,57191,57191,57191,57191,57191,
57191,57191,57191,57191,57192,57198,57199,57200,57201,57204,
57204,57204,57204,57204,57204,57204,57204,57204,57204,57205,
57206,57207,57208,57209,57210,57215,57219,57224,57229,57234,
57235,57238,57241,57245,57246,57247,57248,57249,57250,57251,
57252,57252,57252,57252,57252,57252,57252,57252,57252,57254,
57254,57254,57255,57256,57257,57258,57259,57260,57261,57262,
57265,57268,57273,57275,57278,57279,57282,57283,57284,57284,
57285,57286,57287,57288,57289,57290,57291,57292,57293,57293,
57303,57313,57313,57328,57343,57358,57373,57388,57388,57403,
57418,57419,57420,57420,57421,57421,57422,57422,57423,57424,
57424,57425,57425,57425,57425,57425,57425,57425,57425,57425,
57425,57425,57425,57425,57425,57425,57425,57425,57425,57425,
57425,57425,57425,57425,57425,57425,57425,57426,57427,57432,
57432,57432,57432,57432,57432,57432,57432,57432,57433,57434,
57437,57463,57487,57507,57529,57534,57549,57573,57596,57613,
57632,57632,57633,57634,57635,57635,57635,57635,57635,57635,
57635,57635,57635,57635,57635,57636,57637,57638,57639,57641,
57642,57643,57644,57659,57660,57660,57660,57661,57662,57663,
57663,57663,57664,57665,57666,57668,57670,57673,57676,57681,
57682,57683,57686,57688,57691,57693,57694,57694,57695,57695,
57695,57695,57695,57695,57695,57695,57695,57695,57696,57696,
57699,57699,57699,57714,57733,57734,57734,57735,57736,57741,
57742,57742,57742,57742,57742,57742,57742,57742,57742,57742,
57743,57744,57744,57744,57745,57746,57746,57746,57747,57748,
57749,57750,57757,57758,57759,57760,57764,57765,57768,57771,
57774,57777,57781,57783,57784,57785,57785,57785,57786,57787,
57788,57789,57789,57789,57789,57789,57789,57789,57789,57789,
57790,57791,57791,57791,57792,57792,57792,57792,57792,57792,
57792,57792,57792,57792,57792,57792,57792,57798,57804,57810,
57816,57822,57829,57829,57838,57840,57842,57842,57843,57845,
57845,57849,57854,57856,57857,57858,57859,57862,57863,57864,
57864,57864,57865,57866,57866,57866,57866,57866,57866,57866,
57866,57866,57867,57868,57869,57869,57869,57874,57877,57877,
57877,57879,57882,57882,57882,57884,57887,57888,57889,57890,
57891,57892,57907,57922,57922,57922,57922,57922,57922,57922,
57922,57922,57922,57922,57937,57938,57953,57954,57969,57970,
57970,57970,57970,57970,57970,57970,57970,57970,57970,57970,
57970,57970,57970,57970,57970,57970,57970,57970,57970,57970,
57970,57970,57971,57971,57972,57973,57974,57974,57974,57974,
57974,57974,57974,57974,57974,57974,57974,57977,57982,57983,
57998,57999,58014,58029,58044,58059,58074,58089,58104,58119,
58120,58121,58136,58151,58152,58152,58153,58153,58160,58160,
58160,58167,58167,58167,58167,58167,58167,58167,58167,58167,
58167,58168,58168,58169,58170,58185,58200,58215,58230,58245,
58250,58265,58265,58280,58295,58295,58296,58301,58302,58310,
58310,58311,58312,58313,58314,58315,58316,58317,58317,58318,
58319,58328,58331,58332,58333,58333,58337,58339,58340,58347,
58348,58349,58350,58351,58352,58352,58352,58353,58354,58354,
58354,58354,58354,58354,58354,58354,58354,58355,58355,58355,
58355,58355,58355,58355,58355,58355,58355,58355,58355,58356,
58357,58358,58359,58360,58360,58360,58360,58360,58360,58360,
58360,58360,58360,58360,58360,58360,58360,58360,58360,58360,
58360,58360,58360,58360,58361,58362,58363,58363,58363,58363,
58363,58363,58363,58363,58363,58364,58364,58364,58365,58366,
58379,58380,58395,58395,58410,58410,58411,58411,58411,58411,
58411,58411,58411,58411,58411,58412,58413,58414,58414,58414,
58414,58414,58414,58414,58414,58414,58414,58414,58415,58416,
58417,58418,58419,58420,58421,58422,58422,58422,58422,58422,
58422,58422,58423,58424,58425,58426,58427,58428,58429,58430,
58431,58432,58433,58434,58435,58439,58440,58441,58442,58443,
58444,58445,58446,58447,58448,58449,58449,58449,58449,58449,
58449,58449,58449,58449,58449,58449,58450,58451,58452,58454,
58455,58456,58457,58458,58459,58460,58460,58460,58460,58460,
58460,58460,58468,58469,58470,58474,58475,58476,58477,58478,
58479,58480,58483,58483,58483,58483,58483,58483,58483,58483,
58484,58485,58485,58485,58485,58486,58487,58487,58488,58488,
58491,58505,58506,58506,58507,58508,58509,58510,58511,58511,
58511,58512,58513,58513,58513,58513,58513,58513,58513,58513,
58513,58513,58513,58513,58513,58513,58513,58513,58513,58513,
58513,58514,58515,58516,58516,58516,58516,58516,58516,58516,
58516,58516,58516,58517,58520,58520,58520,58520,58520,58520,
58520,58520,58520,58520,58520,58520,58520,58520,58520,58520,
58521,58522,58523,58524,58525,58525,58525,58525,58525,58525,
58525,58525,58525,58526,58526,58526,58527,58528,58529,58530,
58531,58535,58539,58542,58543,58545,58549,58550,58550,58550,
58550,58550,58551,58551,58551,58551,58552,58553,58554,58557,
58561,58564,58567,58568,58571,58571,58576,58577,58578,58579,
58581,58582,58583,58584,58589,58592,58597,58597,58602,58607,
58612,58613,58614,58615,58621,58629,58639,58644,58654,58659,
58668,58671,58672,58673,58676,58678,58679,58680,58681,58682,
58683,58684,58685,58685,58686,58686,58687,58688,58689,58690,
58691,58692,58692,58693,58693,58694,58695,58696,58696,58697,
58697,58697,58697,58698,58698,58698,58698,58698,58698,58698,
58698,58698,58699,58700,58701,58702,58703,58708,58709,58710,
58711,58712,58713,58714,58717,58718,58719,58720,58721,58722,
58723,58738,58753,58768,58783,58798,58798,58813,58828,58828,
58828,58829,58844,58859,58859,58859,58859,58859,58859,58859,
58859,58859,58859,58859,58860,58860,58860,58860,58860,58860,
58860,58865,58865,58865,58866,58892,58917,58918,58941,58969,
58993,59010,59036,59068,59094,59116,59116,59116,59117,59118,
59118,59118,59118,59118,59118,59118,59118,59118,59119,59120,
59121,59121,59122,59123,59124,59124,59124,59124,59124,59124,
59124,59124,59124,59125,59126,59126,59126,59126,59126,59126,
59126,59126,59126,59126,59127,59128,59128,59128,59129,59130,
59130,59131,59131,59132,59133,59136,59138,59139,59139,59140,
59144,59145,59145,59146,59147,59148,59148,59149,59150,59153,
59169,59194,59223,59244,59264,59287,59309,59333,59355,59381,
59382,59383,59384,59384,59384,59385,59386,59387,59387,59387,
59387,59387,59387,59387,59387,59387,59388,59389,59404,59405,
59405,59405,59406,59406,59406,59406,59406,59406,59406,59406,
59406,59406,59406,59406,59406,59406,59406,59407,59408,59408,
59409,59410,59410,59423,59444,59469,59493,59516,59541,59566,
59588,59607,59633,59634,59635,59636,59637,59638,59639,59639,
59640,59641,59641,59641,59642,59642,59642,59642,59642,59642,
59642,59642,59642,59646,59649,59649,59649,59649,59649,59649,
59649,59654,59656,59659,59664,59664,59664,59664,59664,59664,
59664,59664,59664,59664,59664,59664,59664,59669,59671,59674,
59676,59678,59682,59682,59687,59688,59692,59693,59694,59694,
59694,59694,59694,59694,59694,59694,59694,59694,59694,59694,
59694,59694,59694,59694,59694,59694,59694,59694,59694,59695,
59696,59697,59697,59697,59697,59697,59697,59697,59697,59697,
59697,59697,59697,59698,59699,59700,59701,59704,59705,59706,
59707,59708,59709,59710,59711,59712,59713,59714,59715,59716,
59722,59728,59735,59741,59741,59749,59749,59749,59749,59749,
59749,59749,59749,59749,59749,59749,59749,59750,59751,59752,
59753,59754,59755,59756,59757,59758,59758,59758,59758,59758,
59758,59758,59758,59758,59758,59758,59758,59758,59758,59758,
59758,59758,59758,59765,59765,59765,59766,59766,59766,59767,
59767,59767,59768,59769,59784,59785,59786,59787,59792,59793,
59797,59797,59800,59802,59802,59803,59806,59811,59813,59813,
59814,59815,59815,59815,59815,59815,59815,59815,59815,59815,
59816,59816,59816,59817,59818,59819,59820,59836,59863,59891,
59914,59932,59956,59977,59999,60016,60040,60041,60042,60043,
60044,60044,60044,60044,60044,60044,60044,60044,60044,60045,
60046,60046,60046,60046,60049,60049,60050,60051,60052,60052,
60056,60056,60056,60056,60056,60057,60058,60059,60060,60061,
60062,60063,60064,60064,60069,60070,60071,60071,60072,60073,
60074,60075,60076,60077,60078,60078,60079,60079,60079,60079,
60079,60079,60079,60079,60079,60080,60081,60081,60081,60081,
60081,60082,60083,60098,60113,60128,60143,60158,60173,60188,
60203,60204,60205,60220,60235,60235,60235,60235,60235,60235,
60235,60235,60235,60235,60235,60236,60237,60238,60238,60238,
60238,60238,60238,60238,60238,60238,60238,60238,60239,60240,
60241,60256,60257,60257,60257,60257,60257,60257,60257,60257,
60271,60285,60299,60313,60327,60341,60355,60369,60383,60397,
60397,60397,60397,60398,60398,60401,60402,60403,60404,60405,
60405,60405,60406,60407,60408,60408,60408,60409,60412,60414,
60429,60454,60484,60508,60510,60511,60515,60517,60521,60521,
60521,60525,60528,60529,60529,60529,60529,60529,60529,60530,
60539,60557,60571,60587,60608,60629,60645,60663,60674,60693,
60693,60693,60694,60694,60694,60694,60694,60694,60694,60694,
60694,60694,60701,60702,60702,60702,60703,60704,60705,60706,
60707,60708,60708,60709,60709,60710,60711,60712,60712,60712,
60717,60718,60718,60718,60718,60722,60722,60722,60723,60724,
60725,60726,60728,60728,60728,60728,60728,60728,60728,60728,
60728,60729,60729,60729,60730,60732,60733,60736,60737,60738,
60743,60744,60745,60747,60748,60748,60748,60748,60748,60748,
60748,60748,60748,60748,60748,60748,60748,60749,60749,60749,
60749,60749,60749,60749,60749,60749,60750,60751,60752,60753,
60754,60755,60755,60755,60763,60763,60763,60763,60763,60763,
60763,60763,60763,60764,60765,60766,60766,60766,60766,60766,
60766,60766,60766,60766,60766,60766,60767,60768,60769,60770,
60771,60772,60774,60778,60783,60787,60792,60796,60799,60800,
60802,60802,60802,60803,60804,60805,60805,60805,60806,60806,
60806,60806,60806,60811,60811,60811,60811,60812,60813,60814,
60815,60816,60817,60818,60819,60820,60821,60822,60823,60823,
60823,60824,60841,60842,60843,60861,60862,60893,60894,60898,
60899,60900,60919,60920,60921,60922,60923,60925,60925,60955,
60956,60956,60956,60956,60956,60956,60956,60956,60956,60957,
60958,60958,60958,60959,60959,60960,60960,60960,60961,60965,
60966,60981,60982,60983,60983,60983,60983,60983,60983,60983,
60983,60983,60983,60983,60983,60983,60983,60983,60983,60983,
60983,60983,60983,60983,60983,60983,60983,60983,60983,60984,
60984,60984,60984,60984,60984,60984,60984,60984,60984,60984,
60984,60984,60986,60986,60987,60988,60988,60988,60988,60988,
60988,60988,60988,60988,60989,60990,60991,60991,60991,60991,
60991,60991,60991,60991,60991,60991,60991,60991,60991,60991,
60991,60991,60991,60991,60991,60991,60991,60992,60993,60994,
60995,60996,60997,61000,61000,61001,61002,61003,61004,61005,
61006,61007,61015,61016,61017,61025,61026,61027,61028,61029,
61029,61031,61032,61033,61034,61034,61034,61034,61034,61034,
61034,61034,61034,61034,61034,61034,61034,61035,61036,61038,
61039,61039,61039,61040,61041,61046,61046,61046,61046,61046,
61046,61046,61046,61046,61046,61046,61046,61046,61046,61046,
61046,61046,61046,61046,61046,61046,61046,61046,61046,61046,
61065,61065,61065,61065,61065,61065,61065,61065,61065,61065,
61065,61065,61065,61066,61067,61068,61071,61072,61073,61074,
61075,61076,61077,61078,61079,61080,61081,61685,61686,61687,
61690,61691,61691,61691,61691,61691,61691,61691,61691,61691,
61691,61691,61691,61691,61691,61691,61691,61691,61691,61691,
61691,61691,61694,61695,61695,61695,61696,61697,61698,61700,
61700,61700,61700,61700,61700,61700,61700,61700,61700,61700,
61700,61700,61704,61705,61706,61706,61706,61706,61706,61706,
61706,61706,61706,61706,61706,61710,61711,61712,61713,61713,
61714,61715,61715,61716,61722,61723,61724,61724,61724,61724,
61724,61724,61724,61724,61724,61724,61724,61725,61725,61725,
61725,61725,61725,61725,61725,61725,61725,61725,61726,61727,
61728,61729,61729,61729,61729,61729,61729,61729,61729,61729,
61729,61729,61730,61731,61732,61733,61734,61735,61735,61736,
61739,61740,61741,61745,61746,61747,61748,61751,61752,61754,
61755,61756,61757,61758,61759,61759,61759,61760,61761,61767,
61767,61767,61767,61767,61767,61767,61767,61767,61768,61769,
61770,61770,61771,61771,61772,61773,61777,61778,61783,61784,
61785,61785,61785,61785,61785,61785,61785,61785,61785,61785,
61785,61785,61785,61785,61785,61785,61785,61785,61785,61786,
61786,61786,61787,61788,61789,61790,61791,61807,61807,61807,
61807,61808,61809,61810,61811,61815,61816,61817,61817,61817,
61817,61817,61817,61817,61818,61818,61819,61820,61820,61820,
61820,61820,61820,62302,62302,62303,62304,62305,62306,62307,
62308,62309,62310,62310,62310,62310,62310,62310,62310,62310,
62310,62310,62310,62310,62311,62312,62312,62312,62312,62312,
62312,62312,62312,62312,62312,62312,62312,62312,62312,62312,
62312,62312,62313,62314,62315,62316,62317,62318,62319,62320,
62321,62322,62323,62324,62417,62418,62419,62422,62423,62424,
62436,62448,62460,62472,62484,62496,62508,62520,62532,62544,
62545,62546,62547,62548,62549,62550,62551,62552,62553,62554,
62554,62555,62555,62556,62557,62558,62559,62559,62559,62559,
62559,62559,62560,62784,62784,62785,62785,62786,62786,62787,
62788,62789,62795,62796,62797,62798,62799,62800,62801,62802,
62803,62804,62804,62812,62812,62813,62814,62815,62816,62817,
62818,62819,62819,62820,62821,62826,62827,62828,62828,62828,
62828,62829,62830,62830,62830,62830,62830,62830,62830,62830,
62830,62831,62832,62851,62853,62857,62858,62858,62859,62860,
62861,62862,62866,62867,62868,62868,62868,62868,62868,62868,
62868,62868,62868,62868,62868,62869,62870,62871,62872,62873,
62873,62873,62873,62873,62873,62873,62874,62898,62912,62939,
62960,62982,63000,63026,63047,63062,63077,63078,63095,63115,
63116,63131,63131,63132,63147,63162,63177,63177,63192,63207,
63222,63237,63238,63239,63240,63240,63244,63248,63252,63256,
63256,63256,63257,63258,63262,63263,63270,63276,63276,63276,
63276,63276,63276,63276,63276,63276,63277,63280,63280,63280,
63281,63284,63285,63289,63290,63291,63291,63292,63296,63297,
63300,63302,63305,63310,63310,63314,63315,63316,63316,63319,
63320,63320,63320,63320,63320,63320,63320,63320,63320,63320,
63320,63320,63320,63321,63322,63322,63323,63324,63325,63326,
63326,63327,63328,63328,63329,63331,63332,63337,63342,63342,
63343,63344,63344,63345,63346,63346,63346,63346,63346,63346,
63346,63346,63346,63346,63346,63346,63353,63358,63363,63365,
63372,63373,63380,63390,63400,63400,63400,63402,63402,63403,
63403,63408,63408,63408,63408,63408,63408,63408,63408,63408,
63408,63409,63410,63411,63412,63413,63414,63415,63416,63417,
63421,63422,63425,63428,63432,63436,63438,63443,63443,63444,
63444,63445,63447,63452,63452,63452,63453,63454,63455,63455,
63456,63456,63457,63458,63458,63459,63460,63460,63460,63461,
63461,63461,63462,63462,63462,63463,63463,63463,63463,63464,
63465,63466,63467,63468,63469,63470,63471,63472,63472,63472,
63472,63472,63472,63473,63474,63475,63480,63481,63481,63483,
63484,63484,63484,63485,63485,63485,63485,63485,63485,63485,
63485,63485,63486,63487,63488,63489,63490,63491,63492,63494,
63495,63496,63497,63498,63499,63500,63501,63880,63881,63882,
63883,63884,63885,63886,63887,63888,63889,63890,63891,63892,
63893,63894,63895,63896,63897,63899,63899,63899,63899,63899,
63899,63899,63899,63899,63901,63905,63905,63905,63909,63914,
63914,63919,63922,63927,63929,63929,63934,63937,63941,63942,
63944,63945,63946,63947,63948,63949,63954,63959,63964,63975,
63982,63985,63989,63995,63996,63997,63998,63999,64000,64001,
64002,64003,64004,64005,64006,64007,64008,64009,64010,64011,
64011,64012,64015,64015,64015,64015,64015,64015,64015,64015,
64020,64028,64036,64041,64045,64045,64053,64061,64062,64063,
64064,64066,64067,64068,64068,64068,64068,64068,64068,64068,
64068,64068,64068,64068,64069,64070,64071,64072,64075,64076,
64077,64097,64098,64099,64100,64101,64102,64103,64110,64111,
64112,64113,64114,64115,64116,64117,64118,64119,64120,64121,
64122,64123,64124,64124,64124,64130,64130,64130,64130,64130,
64130,64130,64130,64130,64131,64132,64133,64133,64133,64133,
64133,64133,64133,64134,64137,64140,64144,64145,64146,64147,
64148,64149,64150,64168,64198,64221,64245,64266,64292,64309,
64337,64341,64366,64387,64388,64388,64388,64388,64388,64388,
64388,64388,64388,64388,64388,64388,64388,64388,64388,64388,
64388,64388,64388,64388,64388,64388,64388,64388,64388,64388,
64388,64388,64388,64388,64389,64390,64391,64392,64393,64394,
64395,64395,64395,64424,64452,64452,64457,64457,64457,64458,
64458,64458,64461,64462,64463,64463,64464,64464,64465,64465,
64465,64465,64465,64465,64465,64465,64465,64466,64466,64466,
64467,64468,64469,64470,64471,64472,64473,64474,64475,64476,
64477,64477,64478,64479,64480,64481,64482,64482,64482,64482,
64482,64482,64482,64482,64482,64482,64482,64482,64482,64482,
64483,64483,64483,64483,64483,64483,64483,64483,64483,64483,
64483,64483,64483,64483,64483,64483,64483,64483,64483,64483,
64483,64485,64486,64487,64488,64489,64490,64494,64494,64494,
64495,64496,64497,64497,64497,64497,64497,64497,64497,64497,
64497,64498,64499,64500,64501,64502,64503,64507,64509,64512,
64513,64514,64515,64516,64517,64518,64519,64520,64521,64522,
64523,64524,64525,64526,64527,64528,64529,64530,64531,64532,
64535,64536,64536,64536,64536,64537,64537,64537,64537,64537,
64540,64543,64546,64547,64549,64552,64552,64552,64552,64553,
64557,64558,64559,64560,64585,64586,64587,64587,64588,64589,
64593,64594,64595,64596,64597,64598,64599,64602,64603,64606,
64607,64611,64612,64612,64612,64612,64612,64612,64612,64612,
64612,64612,64612,64613,64617,64617,64617,64620,64621,64621,
64621,64621,64621,64621,64621,64621,64621,64622,64622,64623,
64623,64624,64625,64625,64626,64627,64627,64628,64629,64629,
64630,64631,64631,64632,64634,64634,64638,64639,64640,64641,
64641,64642,64642,64643,64643,64644,64644,64644,64644,64645,
64645,64646,64646,64646,64647,64648,64653,64655,64663,64664,
64667,64678,64698,64714,64731,64749,64765,64784,64799,64799,
64817,64834,64835,64836,64837,64838,64839,64840,64840,64844,
64845,64845,64846,64846,64847,64847,64848,64849,64850,64851,
64852,64852,64852,64853,64854,64854,64854,64854,64854,64854,
64854,64854,64854,64856,64857,64858,64859,64860,64861,64862,
64863,64864,64865,64865,64866,64867,64876,64885,64885,64885,
64885,64885,64885,64885,64885,64885,64885,64885,64886,64887,
64888,64889,64894,64895,64896,64897,64898,64899,64900,64900,
64900,64900,64900,64900,64900,64900,64900,64901,64901,64901,
64902,64903,64904,64904,64904,64904,64904,64904,64904,64904,
64904,64905,64906,64906,64906,64907,64908,64909,64910,64911,
64912,64915,64918,64919,64920,64921,64943,64969,64992,65022,
65044,65062,65086,65111,65112,65133,65162,65163,65164,65165,
65165,65165,65165,65165,65165,65165,65165,65165,65165,65165,
65166,65167,65168,65169,65170,65196,65215,65231,65232,65232,
65232,65232,65232,65232,65232,65232,65232,65232,65233,65234,
65234,65234,65235,65236,65237,65238,65238,65239,65239,65239,
65239,65240,65240,65240,65242,65242,65242,65242,65242,65242,
65242,65242,65242,65243,65244,65245,65246,65247,65248,65249,
65250,65251,65251,65266,65272,65287,65288,65303,65318,65326,
65341,65342,65343,65358,65359,65374,65375,65378,65378,65378,
65378,65378,65378,65378,65378,65378,65378,65378,65378,65378,
65378,65378,65378,65378,65393,65408,65409,65424,65439,65454,
65469,65484,65499,65514,65515,65516,65522,65523,65524,65524,
65525,65528,65528,65529,65529,65529,65534,65538,65541,65544,
65549,65549,65550,65551,65552,65552,65553,65554,65555,65556,
65557,65558,65559,65560,65564,65565,65566,65567,65568,65572,
65573,65574,65575,65576,65577,65578,65578,65579,65580,65581,
65582,65582,65583,65584,65584,65585,65589,65594,65595,65609,
65610,65610,65611,65616,65616,65617,65620,65625,65628,65628,
65628,65628,65628,65647,65647,65647,65647,65647,65647,65647,
65669,65669,65686,65686,65686,65686,65711,65742,65754,65754,
65754,65755,65756,65757,65757,65759,65762,65763,65764,65764,
65764,65764,65764,65770,65770,65770,65770,65770,65770,65770,
65770,65770,65770,65770,65771,65772,65773,65774,65775,65775,
65775,65775,65775,65775,65775,65775,65775,65775,65775,65776,
65777,65777,65778,65793,65808,65823,65838,65853,65868,65883,
65898,65899,65914,65929,65930,65930,65931,65932,65932,65932,
65933,65933,65933,65933,65933,65933,65933,65933,65933,65934,
65935,65936,65937,65938,65939,65940,65941,65942,65943,65943,
65944,65949,65954,65954,65962,65965,65970,65979,65983,65990,
65994,66001,66001,66001,66002,66003,66004,66006,66006,66007,
66008,66009,66009,66009,66009,66009,66009,66009,66009,66009,
66009,66009,66009,66010,66011,66012,66013,66013,66016,66016,
66016,66016,66016,66016,66016,66017,66017,66017,66018,66019,
66019,66020,66021,66022,66028,66033,66037,66042,66045,66053,
66057,66061,66069,66072,66077,66078,66078,66078,66078,66078,
66078,66078,66078,66078,66080,66081,66081,66081,66082,66082,
66082,66082,66082,66083,66083,66083,66083,66084,66085,66086,
66091,66096,66101,66106,66111,66116,66121,66122,66125,66126,
66127,66132,66137,66138,66138,66138,66138,66138,66138,66139,
66140,66141,66141,66145,66160,66175,66190,66205,66220,66235,
66250,66265,66280,66281,66282,66283,66284,66285,66286,66286,
66286,66286,66286,66286,66286,66286,66286,66286,66286,66286,
66286,66287,66287,66287,66287,66287,66287,66287,66287,66287,
66288,66289,66290,66294,66296,66297,66301,66302,66303,66304,
66306,66319,66322,66322,66326,66327,66331,66336,66339,66342,
66342,66346,66347,66348,66349,66349,66350,66350,66350,66350,
66351,66351,66352,66353,66353,66354,66354,66354,66355,66355,
66355,66356,66357,66358,66361,66368,66368,66369,66370,66372,
66373,66377,66378,66379,66380,66394,66395,66396,66399,66408,
66410,66411,66415,66415,66415,66416,66416,66416,66416,66416,
66416,66416,66416,66416,66416,66421,66425,66427,66428,66431,
66432,66432,66433,66436,66437,66438,66439,66440,66440,66441,
66442,66444,66445,66445,66446,66447,66448,66449,66450,66451,
66452,66467,66468,66469,66469,66470,66471,66472,66472,66473,
66474,66474,66474,66474,66475,66475,66475,66475,66475,66475,
66475,66475,66475,66475,66475,66475,66475,66475,66475,66475,
66475,66475,66476,66477,66478,66478,66478,66478,66478,66478,
66478,66478,66478,66478,66478,66478,66478,66478,66479,66480,
66481,66496,66497,66498,66499,66500,66501,66510,66511,66512,
66513,66514,66514,66515,66524,66524,66532,66533,66544,66545,
66546,66546,66550,66553,66554,66559,66559,66562,66563,66565,
66565,66568,66571,66572,66573,66574,66575,66576,66576,66576,
66576,66577,66577,66577,66578,66579,66580,66581,66581,66581,
66581,66581,66581,66583,66583,66586,66586,66586,66613,66645,
66647,66670,66700,66737,66765,66792,66821,66859,66879,66880,
66883,66889,66896,66903,66906,66911,66913,66919,66921,66921,
66921,66925,66925,66929,66929,66933,66934,66935,66936,66937,
66938,66938,66938,66938,66938,66938,66938,66938,66938,66938,
66938,66941,66946,66948,66960,66969,66977,66981,66989,66993,
66997,66998,66999,67000,67000,67000,67000,67000,67000,67000,
67000,67000,67000,67000,67001,67001,67001,67001,67001,67001,
67001,67001,67001,67001,67001,67001,67001,67001,67001,67001,
67001,67001,67001,67001,67001,67002,67019,67020,67021,67021,
67024,67029,67034,67038,67039,67040,67045,67047,67047,67047,
67057,67058,67058,67059,67060,67060,67061,67062,67062,67062,
67063,67064,67065,67066,67067,67068,67072,67073,67073,67073,
67074,67075,67075,67075,67075,67075,67075,67075,67075,67075,
67076,67076,67076,67076,67076,67076,67076,67076,67076,67076,
67076,67077,67078,67079,67080,67081,67082,67083,67084,67085,
67086,67087,67088,67088,67088,67088,67088,67088,67088,67088,
67088,67089,67091,67092,67093,67094,67095,67096,67097,67098,
67098,67099,67102,67102,67102,67102,67102,67102,67102,67102,
67102,67102,67102,67102,67102,67102,67102,67102,67102,67102,
67102,67102,67102,67102,67102,67102,67102,67102,67102,67103,
67107,67107,67107,67109,67110,67111,67112,67113,67113,67114,
67115,67115,67116,67117,67118,67119,67120,67121,67122,67131,
67132,67134,67135,67136,67137,67140,67141,67142,67157,67158,
67159,67160,67161,67166,67167,67168,67168,67168,67168,67168,
67168,67168,67168,67168,67168,67168,67189,67204,67219,67238,
67250,67273,67298,67311,67312,67329,67347,67348,67349,67350,
67350,67350,67350,67350,67350,67350,67350,67350,67351,67351,
67351,67351,67351,67351,67351,67351,67351,67351,67351,67351,
67351,67351,67352,67353,67354,67355,67356,67357,67361,67362,
67364,67365,67366,67367,67368,67372,67377,67377,67378,67379,
67380,67380,67380,67380,67380,67380,67380,67380,67380,67380,
67383,67387,67389,67390,67394,67396,67398,67398,67398,67398,
67398,67398,67398,67398,67398,67398,67398,67398,67398,67399,
67401,67402,67406,67409,67409,67409,67409,67410,67410,67410,
67410,67410,67411,67411,67411,67411,67411,67411,67411,67411,
67411,67411,67411,67415,67419,67424,67425,67441,67451,67462,
67475,67493,67509,67523,67542,67557,67566,67566,67566,67566,
67566,67566,67566,67566,67566,67566,67566,67566,67566,67566,
67566,67566,67566,67566,67566,67566,67566,67566,67566,67567,
67568,67569,67570,67571,67572,67573,67574,67574,67574,67574,
67574,67574,67589,67589,67590,67591,67591,67592,67593,67594,
67594,67594,67594,67594,67594,67594,67594,67594,67594,67594,
67594,67594,67594,67594,67594,67594,67594,67594,67609,67609,
67613,67613,67613,67613,67613,67613,67613,67613,67613,67614,
67614,67614,67615,67616,67631,67632,67636,67637,67638,67639,
67640,67641,67666,67686,67707,67724,67744,67761,67790,67810,
67834,67847,67848,67849,67850,67851,67852,67853,67854,67855,
67856,67856,67856,67856,67856,67856,67856,67856,67856,67856,
67856,67856,67856,67856,67856,67856,67856,67856,67856,67856,
67856,67856,67871,67886,67886,67901,67916,67931,67931,67946,
67961,67976,67991,67992,67993,67994,67995,67995,67995,67995,
67995,67996,67996,67996,67997,67998,67999,68004,68005,68006,
68007,68008,68009,68010,68013,68013,68013,68013,68013,68013,
68013,68013,68013,68013,68013,68014,68014,68014,68014,68014,
68014,68014,68014,68014,68015,68015,68015,68015,68015,68015,
68015,68015,68015,68015,68030,68031,68037,68038,68041,68041,
68042,68045,68046,68047,68048,68049,68050,68050,68050,68050,
68050,68050,68050,68050,68050,68050,68050,68057,68057,68057,
68057,68061,68061,68062,68063,68064,68065,68065,68065,68065,
68065,68065,68065,68065,68065,68066,68066,68067,68067,68070,
68071,68071,68072,68073,68074,68074,68074,68075,68075,68075,
68075,68075,68075,68075,68075,68075,68075,68075,68075,68076,
68077,68078,68079,68080,68081,68096,68097,68097,68097,68098,
68099,68100,68101,68102,68103,68104,68104,68104,68105,68105,
68106,68107,68107,68108,68109,68109,68109,68109,68109,68109,
68109,68109,68109,68109,68110,68110,68114,68114,68114,68114,
68114,68114,68114,68114,68114,68114,68114,68115,68116,68116,
68116,68117,68117,68117,68138,68139,68140,68141,68142,68143,
68144,68145,68146,68149,68152,68154,68156,68157,68159,68161,
68163,68165,68167,68169,68171,68173,68173,68173,68173,68173,
68173,68173,68173,68173,68173,68173,68173,68173,68174,68175,
68176,68194,68195,68711,68711,68712,68712,68713,68713,68728,
68743,68764,68779,68794,68809,68824,68825,68830,68845,68860,
68870,68875,68876,68877,68877,68878,68882,68883,68884,68885,
68885,68885,68885,68885,68885,68885,68885,68885,68885,68885,
68886,68889,68890,68891,68892,68893,68894,68897,68897,68897,
68897,68897,68897,68897,68897,68897,68898,68899,68899,68899,
68900,68902,68903,68904,68905,68910,68915,68915,68918,68920,
68920,68920,68924,68929,68929,68929,68929,68929,68929,68929,
68929,68929,68929,68929,68929,68929,68930,68930,68934,68935,
68936,68936,68936,68936,68937,68937,68937,68938,68939,68939,
68943,68958,68959,68960,68961,68962,68963,68964,68965,68966,
68967,68968,68969,68970,68972,68973,68974,68989,68990,68991,
68992,68992,68992,68995,68996,68997,68997,68997,68997,68997,
68998,69000,69001,69001,69001,69001,69001,69001,69002,69003,
69004,69008,69009,69010,69011,69026,69029,69031,69032,69038,
69039,69039,69039,69039,69039,69039,69039,69039,69040,69041,
69042,69043,69044,69050,69051,69054,69055,69070,69072,69073,
69073,69073,69073,69073,69073,69073,69073,69073,69073,69073,
69074,69089,69090,69091,69106,69107,69108,69108,69108,69108,
69108,69108,69108,69108,69108,69108,69108,69108,69123,69124,
69125,69125,69126,69130,69131,69132,69133,69160,69161,69161,
69162,69163,69178,69179,69180,69181,69182,69186,69189,69192,
69196,69197,69200,69202,69206,69207,69207,69207,69208,69208,
69208,69208,69209,69209,69210,69214,69215,69215,69217,69220,
69224,69229,69229,69233,69237,69242,69243,69243,69243,69244,
69244,69245,69246,69247,69247,69247,69247,69248,69249,69249,
69249,69250,69251,69252,69253,69254,69255,69256,69257,69258,
69259,69260,69260,69261,69262,69262,69262,69262,69262,69262,
69262,69262,69262,69262,69262,69263,69264,69265,69266,69266,
69266,69266,69266,69266,69266,69266,69266,69266,69266,69267,
69268,69269,69270,69270,69270,69272,69272,69272,69272,69272,
69272,69273,69273,69273,69274,69275,69276,69277,69278,69294,
69298,69299,69300,69301,69302,69304,69304,69304,69304,69304,
69304,69304,69304,69304,69304,69304,69305,69306,69307,69307,
69307,69307,69307,69307,69307,69307,69307,69307,69307,69307,
69307,69308,69309,69310,69310,69310,69310,69310,69310,69310,
69310,69310,69310,69310,69311,69312,69313,69314,69315,69316,
69317,69318,69319,69320,69321,69324,69325,69326,69326,69326,
69326,69326,69327,69327,69328,69329,69329,69330,69332,69333,
69334,69334,69334,69334,69334,69334,69334,69334,69334,69334,
69334,69334,69334,69334,69334,69334,69334,69335,69336,69339,
69340,69341,69342,69343,69344,69345,69346,69347,69348,69349,
69350,69351,69352,69353,69354,69355,69356,69357,69362,69362,
69367,69367,69369,69370,69374,69374,69374,69374,69374,69374,
69374,69374,69374,69374,69375,69378,69379,69387,69387,69388,
69389,69390,69390,69390,69391,69392,69392,69392,69392,69392,
69392,69392,69393,69393,69393,69393,69393,69393,69393,69393,
69393,69396,69401,69407,69412,69416,69420,69421,69424,69428,
69431,69434,69437,69437,69438,69439,69439,69440,69440,69440,
69440,69440,69440,69440,69440,69440,69440,69440,69440,69440,
69440,69440,69440,69440,69440,69440,69440,69441,69442,69442,
69442,69442,69442,69442,69442,69442,69442,69443,69443,69443,
69446,69448,69449,69450,69451,69452,69453,69454,69455,69456,
69457,69458,69462,69463,69464,69465,69466,69467,69467,69467,
69467,69467,69467,69467,69467,69467,69471,69472,69473,69473,
69473,69473,69473,69473,69473,69473,69473,69473,69474,69474,
69475,69476,69477,69478,69486,69487,69488,69489,69490,69491,
69492,69493,69494,69494,69495,69496,69497,69498,69499,69519,
69520,69520,69520,69520,69521,69531,69532,69533,69543,69553,
69553,69553,69553,69553,69553,69553,69553,69553,69553,69553,
69554,69569,69579,69580,69581,69591,69599,69599,69599,69609,
69609,69609,69609,69609,69609,69609,69609,69611,69612,69613,
69613,69613,69613,69613,69613,69613,69613,69613,69613,69613,
69613,69617,69618,69619,69621,69622,69625,69630,69630,69635,
69637,69640,69644,69646,69647,69647,69647,69647,69647,69648,
69648,69649,69650,69651,69654,69655,69656,69657,69658,69659,
69659,69659,69663,69663,69663,69663,69663,69663,69668,69672,
69678,69682,69687,69692,69695,69703,69703,69703,69703,69703,
69703,69703,69703,69703,69703,69703,69703,69703,69703,69703,
69703,69703,69703,69703,69703,69703,69703,69703,69703,69703,
69703,69703,69703,69703,69707,69708,69711,69718,69719,69721,
69728,69729,69730,69736,69741,69744,69745,69746,69747,69748,
69749,69749,69750,69750,69751,69751,69751,69751,69751,69751,
69751,69751,69751,69752,69752,69752,69753,69754,69755,69756,
69760,69761,69761,69761,69762,69762,69762,69762,69762,69763,
69764,69765,69765,69765,69765,69765,69765,69765,69765,69765,
69765,69767,69767,69768,69768,69769,69772,69773,69774,69779,
69780,69781,69782,69783,69784,69785,69786,69787,69787,69788,
69789,69790,69791,69791,69792,69793,69796,69797,69798,69798,
69799,69800,69800,69800,69800,69800,69800,69800,69800,69800,
69800,69800,69800,69800,69800,69800,69800,69801,69801,69802,
69803,69805,69806,69807,69807,69808,69809,69810,69811,69811,
69812,69816,69821,69825,69828,69828,69828,69832,69835,69835,
69837,69852,69867,69880,69894,69909,69910,69911,69912,69912,
69916,69918,69921,69922,69927,69931,69933,69934,69939,69943,
69944,69945,69945,69945,69946,69946,69946,69946,69946,69946,
69946,69946,69946,69946,69946,69947,69948,69949,69950,69950,
69950,69950,69950,69950,69950,69950,69950,69950,69950,69950,
69950,69950,69950,69950,69950,69951,69952,69955,69955,69955,
69956,69957,69958,69958,69958,69959,69959,69960,69961,69961,
69962,69962,69962,69962,69962,69962,69962,69962,69962,69962,
69963,69985,70012,70035,70067,70094,70116,70148,70178,70208,
70241,70244,70249,70250,70253,70257,70262,70262,70267,70268,
70270,70271,70272,70296,70311,70326,70341,70356,70371,70386,
70401,70402,70403,70418,70433,70433,70433,70433,70433,70433,
70433,70433,70433,70433,70433,70433,70433,70433,70433,70433,
70433,70434,70435,70436,70437,70438,70439,70440,70441,70446,
70446,70448,70451,70453,70453,70455,70460,70464,70466,70467,
70468,70469,70469,70469,70470,70471,70471,70471,70480,70480,
70480,70480,70480,70480,70481,70482,70483,70484,70485,70486,
70486,70487,70489,70494,70498,70501,70501,70503,70507,70508,
70509,70510,70510,70510,70510,70510,70510,70510,70510,70510,
70510,70510,70511,70512,70513,70516,70517,70518,70519,70522,
70523,70523,70523,70523,70523,70523,70523,70523,70523,70527,
70527,70527,70530,70531,70532,70539,70544,70554,70564,70571,
70579,70583,70592,70592,70598,70605,70605,70605,70606,70606,
70606,70607,70607,70607,70607,70607,70607,70610,70617,70621,
70627,70629,70632,70640,70647,70647,70650,70656,70657,70658,
70663,70664,70665,70665,70666,70667,70668,70668,70668,70668,
70668,70668,70668,70668,70668,70668,70668,70668,70668,70668,
70668,70668,70668,70669,70670,70671,70672,70672,70672,70673,
70673,70673,70673,70673,70673,70673,70673,70673,70673,70673,
70674,70675,70676,70676,70676,70676,70676,70676,70676,70676,
70676,70678,70679,70679,70679,70679,70679,70679,70679,70679,
70679,70679,70679,70680,70681,70682,70689,70690,70691,70692,
70693,70693,70693,71155,71577,72065,72539,73056,73559,73559,
73559,73559,73559,73559,73559,73559,73559,73560,73561,73562,
73563,73564,73587,73606,73637,73661,73681,73706,73728,73755,
73756,73757,73782,73808,73809,73809,73809,73810,73810,73810,
73810,73810,73810,73810,73810,73810,73811,73812,73813,73814,
73815,73818,73820,73824,73825,73829,73830,73830,73834,73837,
73841,73841,73842,73843,73844,73845,73846,73846,73847,73848,
73849,73852,73852,73852,73852,73852,73852,73852,73852,73852,
73852,73852,73853,73854,73854,73854,73854,73854,73854,73854,
73855,73856,73857,73857,73858,73859,73861,73862,73863,73866,
73867,73868,73869,73875,73875,73876,73877,73878,73878,73879,
73880,73881,73882,73883,73884,73885,73886,73887,73887,73887,
73887,73887,73887,73888,73888,73889,73889,73890,73891,73892,
73892,73892,73892,73892,73892,73892,73892,73892,73892,73893,
73893,73893,73894,73894,73894,73894,73894,73895,73896,73897,
73897,73897,73898,73899,73902,73902,73902,73902,73902,73902,
73902,73902,73902,73902,73905,73915,73921,73927,73935,73940,
73946,73951,73952,73959,73966,73966,73967,73968,73968,73969,
73969,73970,73971,73971,73972,73973,73980,73981,73982,73986,
74006,74032,74050,74069,74094,74120,74138,74154,74156,74156,
74183,74203,74203,74204,74205,74206,74207,74207,74207,74208,
74209,74209,74209,74209,74209,74209,74209,74209,74209,74210,
74211,74212,74213,74216,74217,74218,74220,74221,74221,74222,
74223,74223,74223,74223,74223,74223,74223,74223,74223,74224,
74224,74224,74224,74224,74224,74224,74224,74224,74224,74224,
74224,74225,74225,74225,74226,74226,74227,74227,74227,74227,
74227,74227,74227,74227,74227,74227,74227,74227,74227,74228,
74228,74228,74228,74228,74228,74228,74229,74229,74229,74229,
74229,74229,74229,74229,74229,74230,74231,74231,74231,74231,
74231,74231,74231,74231,74231,74231,74231,74232,74233,74234,
74235,74235,74235,74235,74235,74235,74235,74235,74235,74237,
74237,74237,74238,74240,74244,74247,74252,74252,74256,74261,
74262,74265,74265,74266,74267,74268,74269,74270,74271,74272,
74273,74273,74273,74273,74273,74273,74273,74273,74273,74274,
74274,74274,74275,74276,74276,74276,74276,74276,74276,74276,
74276,74276,74277,74287,74293,74295,74296,74300,74303,74308,
74315,74320,74328,74333,74340,74340,74340,74340,74340,74340,
74340,74340,74340,74340,74340,74341,74342,74346,74347,74362,
74386,74387,74387,74387,74387,74387,74387,74387,74387,74387,
74388,74388,74388,74388,74388,74389,74390,74390,74390,74390,
74390,74390,74390,74390,74390,74391,74392,74393,74394,74394,
74394,74394,74394,74394,74394,74394,74394,74395,74396,74396,
74396,74400,74401,74402,74417,74418,74419,74420,74421,74428,
74429,74430,74434,74435,74435,74435,74444,74444,74451,74452,
74452,74452,74452,74452,74453,74454,74455,74455,74455,74455,
74455,74455,74455,74455,74455,74456,74456,74456,74457,74458,
74459,74459,74459,74460,74461,74462,74463,74464,74465,74466,
74485,74485,74485,74490,74491,74491,74491,74491,74491,74491,
74491,74491,74491,74492,74493,74502,74503,74503,74504,74505,
74505,74506,74507,74508,74508,74508,74508,74508,74509,74509,
74509,74509,74509,74509,74509,74509,74509,74509,74509,74509,
74510,74510,74510,74511,74511,74511,74511,74511,74511,74511,
74511,74511,74512,74517,74522,74525,74527,74528,74531,74532,
74537,74556,74579,74602,74621,74647,74673,74688,74693,74694,
74695,74700,74700,74704,74709,74710,74715,74720,74721,74722,
74722,74723,74724,74725,74726,74727,74728,74729,74730,74730,
74730,74730,74730,74733,74733,74733,74733,74733,74736,74739,
74740,74740,74740,74744,74745,74746,74747,74748,74749,74750,
74759,74761,74765,74774,74782,74785,74791,74796,74797,74802,
74808,74809,74810,74811,74816,74817,74836,74860,74875,74897,
74901,74902,74902,74902,74902,74902,74902,74902,74903,74904,
74905,74906,74907,74908,74909,74910,74911,74911,74911,74911,
74911,74911,74911,74911,74911,74911,74912,74912,74912,74913,
74913,74913,74913,74914,74914,74915,74915,74916,74916,74917,
74917,74917,74923,74924,74925,74926,74927,74927,74928,74928,
74930,74931,74932,74933,74934,74935,74936,74937,74938,74939,
74940,74941,74942,74944,74946,74948,74952,74956,74960,74960,
74960,74960,74960,74960,74960,74960,74960,74964,74965,74965,
74966,74967,74968,74969,74970,74971,74971,74971,74971,74971,
74971,74971,74971,74971,74971,74971,74971,74971,74972,74973,
74973,74973,74973,74973,74973,74973,74973,74973,74996,74999,
75018,75019,75019,75019,75019,75019,75019,75019,75019,75019,
75022,75022,75022,75023,75027,75032,75033,75037,75041,75042,
75043,75044,75045,75060,75075,75090,75105,75120,75135,75150,
75165,75180,75195,75195,75196,75197,75198,75199,75200,75201,
75202,75203,75203,75203,75203,75208,75209,75214,75215,75215,
75218,75218,75218,75218,75218,75218,75218,75241,75241,75241,
75266,75266,75266,75266,75266,75266,75266,75267,75268,75269,
75270,75270,75271,75272,75273,75274,75275,75276,75277,75277,
75277,75277,75277,75277,75277,75277,75277,75277,75277,75278,
75279,75279,75279,75279,75279,75279,75279,75279,75279,75279,
75279,75280,75281,75281,75282,75283,75284,75285,75305,75325,
75340,75361,75386,75404,75427,75449,75468,75491,75492,75493,
75494,75495,75496,75497,75498,75499,75500,75501,75502,75511,
75511,75512,75544,75567,75596,75625,75647,75675,75675,75680,
75680,75680,75680,75680,75711,75711,75711,75711,75712,75713,
75714,75715,75716,75716,75716,75731,75746,75761,75776,75791,
75806,75806,75806,75806,75806,75806,75806,75806,75806,75807,
75808,75809,75810,75811,75814,75815,75818,75819,75819,75819,
75820,75821,75821,75821,75821,75821,75821,75821,75821,75821,
75821,75821,75821,75821,75822,75822,75823,75845,75846,75849,
75850,75850,75851,75852,75852,75853,75854,75855,75856,75857,
75858,75873,75874,75874,75875,75876,75877,75878,75879,75880,
75880,75880,75880,75880,75880,75880,75880,75880,75880,75880,
75881,75882,75883,75884,75885,75885,75885,75885,75885,75885,
75885,75885,75885,75885,75885,75885,75885,75886,75887,75887,
75914,75914,75914,75914,75914,75914,75914,75915,75916,75917,
75918,75919,75919,75919,75919,75919,75919,75919,75919,75919,
75919,75919,75921,75922,75922,75922,75922,75922,75922,75922,
75922,75922,75922,75922,75923,75924,75925,75940,75940,75940,
75940,75940,75940,75940,75940,75941,75942,75943,75944,75945,
75945,75945,75945,75945,75945,75945,75945,75945,75946,75946,
75947,75948,75949,75950,75951,75952,75953,75954,75954,75955,
75956,75957,75957,75957,75958,75958,75958,75958,75958,75958,
75958,75958,75958,75959,75959,75960,75960,75985,75986,75989,
75993,75998,75998,75999,76014,76014,76014,76014,76015,76015,
76015,76015,76015,76015,76015,76015,76015,76015,76016,76017,
76018,76018,76018,76019,76020,76021,76021,76023,76024,76024,
76028,76029,76030,76030,76031,76032,76033,76034,76035,76059,
76081,76096,76121,76145,76165,76191,76212,76244,76260,76260,
76260,76260,76260,76260,76260,76260,76260,76260,76260,76260,
76267,76268,76268,76268,76273,76273,76274,76274,76274,76275,
76275,76276,76277,76278,76278,76278,76278,76278,76278,76278,
76278,76278,76278,76278,76278,76306,76307,76307,76307,76308,
76308,76309,76309,76310,76310,76315,76315,76315,76317,76318,
76318,76319,76323,76324,76325,76326,76327,76328,76329,76330,
76334,76335,76336,76351,76373,76392,76419,76438,76467,76481,
76505,76525,76548,76548,76549,76550,76550,76550,76579,76580,
76581,76581,76581,76581,76581,76581,76581,76581,76581,76581,
76582,76582,76583,76583,76585,77184,77184,77185,77186,77186,
77186,77187,77188,77188,77189,77189,77190,77191,77192,77192,
77192,77192,77192,77192,77193,77194,77195,77196,77197,77198,
77199,77200,77201,77202,77203,77203,77204,77205,77205,77205,
77207,77208,77209,77210,77210,77210,77210,77210,77210,77210,
77210,77210,77210,77210,77210,77210,77210,77210,77210,77210,
77210,77210,77210,77211,77211,77212,77212,77212,77212,77212,
77212,77213,77214,77215,77216,77216,77216,77216,77217,77218,
77219,77220,77221,77222,77223,77224,77224,77225,77234,77238,
77242,77249,77252,77261,77266,77271,77278,77283,77285,77286,
77287,77288,77289,77290,77291,77292,77293,77294,77295,77296,
77297,77298,77299,77300,77301,77302,77302,77303,77304,77305,
77306,77307,77308,77309,77309,77309,77309,77309,77309,77309,
77309,77309,77309,77313,77314,77319,77341,77343,77343,77366,
77368,77369,77374,77375,77376,77377,77378,77379,77380,77381,
77382,77383,77384,77385,77386,77387,77398,77402,77405,77408,
77410,77415,77418,77419,77421,77422,77425,77425,77430,77430,
77430,77430,77430,77430,77430,77434,77438,77444,77444,77449,
77454,77459,77464,77465,77465,77465,77465,77465,77465,77465,
77465,77468,77469,77470,77471,77472,77473,77474,77475,77476,
77477,77483,77489,77496,77502,77506,77514,77518,77527,77532,
77537,77538,77539,77559,77571,77584,77602,77624,77635,77648,
77649,77663,77680,77681,77682,77683,77684,77685,77686,77687,
77688,77689,77690,77690,77690,77690,77690,77690,77690,77690,
77690,77690,77694,77720,77746,77747,77775,77779,77801,77826,
77853,77879,77912,77934,77934,77934,77935,77936,77938,77945,
77951,77955,77958,77960,77969,77976,77979,77984,77987,77988,
77988,77989,77989,77989,77989,77989,77990,77991,77992,77993,
77994,77995,77996,77997,78022,78044,78064,78084,78114,78134,
78156,78175,78189,78216,78217,78217,78217,78218,78219,78220,
78221,78222,78223,78224,78225,78226,78226,78226,78226,78227,
78228,78243,78244,78245,78246,78246,78246,78246,78246,78246,
78246,78249,78250,78255,78258,78261,78266,78268,78271,78275,
78277,78278,78279,78280,78281,78282,78283,78283,78289,78290,
78291,78292,78293,78293,78293,78293,78293,78293,78293,78293,
78293,78293,78293,78294,78295,78296,78297,78299,78300,78301,
78303,78306,78307,78310,78315,78320,78323,78324,78326,78326,
78327,78327,78329,78329,78329,78329,78329,78329,78329,78329,
78329,78329,78329,78329,78329,78329,78329,78329,78329,78329,
78329,78329,78329,78329,78329,78329,78329,78329,78329,78329,
78329,78329,78330,78331,78331,78335,78340,78342,78342,78346,
78347,78352,78353,78358,78359,78360,78363,78364,78365,78368,
78371,78372,78375,78378,78382,78387,78388,78393,78396,78397,
78402,78410,78419,78422,78429,78432,78440,78447,78448,78449,
78450,78451,78452,78453,78454,78455,78476,78500,78500,78517,
78533,78553,78573,78573,78574,78579,78580,78599,78619,78619,
78619,78619,78619,78619,78619,78619,78620,78621,78622,78623,
78624,78625,78626,78627,78628,78629,78633,78634,78635,78638,
78639,78639,78639,78639,78639,78639,78639,78639,78639,78639,
78639,78640,78641,78642,78643,78643,78643,78643,78643,78643,
78643,78643,78643,78643,78643,78643,78643,78644,78645,78646,
78647,78647,78647,78647,78647,78648,78649,78650,78651,78652,
78653,78654,78655,78655,78655,78655,78655,78655,78655,78661,
78662,78663,78664,78664,78665,78666,78667,78668,78669,78669,
78671,78672,78672,78673,78674,78674,78675,78676,78679,78680,
78681,78682,78683,78684,78684,78685,78690,78691,78691,78692,
78692,78692,78692,78692,78692,78692,78693,78694,78709,78724,
78725,78740,78755,78770,78785,78800,78801,78816,78817,78817,
78817,78818,78818,78818,78818,78818,78818,78818,78818,78818,
78819,78825,78826,78827,78839,78866,78882,78899,78917,78934,
78957,78983,78983,78984,78999,79027,79028,79028,79029,79030,
79031,79032,79056,79056,79056,79056,79056,79056,79056,79056,
79056,79056,79056,79057,79058,79059,79060,79060,79060,79060,
79060,79060,79060,79060,79060,79060,79060,79061,79062,79089,
79092,79093,79094,79127,79155,79155,79156,79156,79181,79181,
79181,79181,79181,79181,79182,79182,79182,79184,79185,79185,
79186,79207,79208,79209,79210,79211,79212,79230,79231,79233,
79234,79235,79236,79237,79264,79271,79272,79273,79274,79276,
79277,79277,79277,79277,79277,79277,79277,79277,79277,79278,
79279,79280,79281,79281,79281,79281,79281,79281,79281,79281,
79281,79281,79281,79285,79318,79319,79320,79321,79322,79346,
79348,79367,79367,79368,79368,79368,79368,79369,79370,79371,
79372,79373,79374,79374,79374,79374,79374,79374,79374,79374,
79374,79375,79376,79377,79378,79383,79388,79388,79393,79394,
79399,79399,79400,79401,79402,79405,79406,79407,79408,79409,
79409,79409,79409,79410,79410,79410,79410,79410,79410,79410,
79410,79410,79410,79435,79460,79487,79512,79534,79558,79583,
79607,79607,79608,79631,79632,79632,79632,79632,79633,79634,
79634,79634,79634,79634,79635,79642,79643,79644,79644,79645,
79645,79646,79647,79648,79649,79650,79651,79652,79653,79654,
79655,79655,79655,79655,79655,79655,79655,79655,79655,79655,
79655,79656,79656,79656,79656,79656,79656,79656,79656,79656,
79656,79656,79656,79656,79657,79657,79657,79657,79657,79657,
79657,79657,79657,79657,79657,79657,79657,79657,79657,79657,
79657,79657,79660,79661,79662,79663,79678,79679,79680,79682,
79686,79687,79688,79689,79690,79690,79690,79690,79690,79690,
79690,79690,79690,79691,79691,79691,79696,79701,79702,79705,
79710,79721,79729,79734,79738,79744,79748,79748,79748,79748,
79748,79748,79748,79748,79748,79752,79753,79754,79755,79756,
79757,79758,79758,79758,79758,79759,79759,79760,79760,79760,
79760,79760,79760,79760,79760,79760,79760,79760,79760,79760,
79760,79760,79760,79760,79779,79801,79821,79839,79839,79839,
79839,79839,79840,79840,79842,79842,79843,79852,79871,79887,
79900,79924,79941,79957,79967,79968,79969,79969,79983,80003,
80004,80004,80005,80006,80007,80007,80007,80007,80007,80007,
80007,80007,80007,80007,80007,80007,80008,80009,80010,80011,
80017,80017,80019,80020,80021,80022,80023,80023,80023,80038,
80038,80038,80038,80038,80038,80038,80038,80038,80038,80038,
80038,80038,80038,80038,80039,80040,80040,80040,80041,80042,
80042,80043,80044,80045,80046,80047,80048,80049,80049,80049,
80049,80049,80049,80049,80049,80050,80051,80052,80053,80054,
80054,80054,80054,80054,80054,80054,80054,80055,80055,80056,
80066,80067,80067,80078,80079,80079,80080,80080,80084,80084,
80085,80086,80088,80089,80089,80089,80089,80089,80089,80090,
80095,80097,80098,80099,80099,80099,80100,80101,80102,80103,
80104,80105,80108,80109,80110,80110,80110,80110,80110,80115,
80115,80116,80117,80117,80118,80119,80120,80121,80122,80123,
80138,80139,80139,80139,80139,80139,80139,80139,80140,80141,
80142,80143,80144,80145,80146,80147,80148,80149,80150,80151,
80152,80153,80154,80154,80155,80156,80159,80160,80161,80161,
80161,80162,80162,80163,80164,80165,80165,80165,80165,80165,
80165,80165,80165,80165,80165,80165,80166,80195,80195,80230,
80255,80255,80255,80255,80255,80258,80259,80264,80268,80272,
80274,80279,80280,80283,80288,80289,80290,80291,80292,80293,
80294,80295,80296,80297,80297,80297,80297,80297,80297,80297,
80297,80297,80301,80304,80307,80309,80309,80309,80309,80312,
80313,80318,80321,80322,80322,80323,80323,80328,80331,80335,
80335,80336,80337,80338,80339,80340,80341,80342,80342,80342,
80342,80342,80342,80342,80342,80342,80342,80342,80342,80342,
80342,80342,80342,80342,80342,80342,80342,80342,80343,80346,
80347,80348,80349,80350,80351,80352,80353,80354,80355,80357,
80358,80359,80360,80361,80362,80366,80370,80381,80388,80389,
80394,80395,80399,80400,80401,80401,80401,80401,80401,80401,
80402,80413,80418,80420,80427,80431,80438,80444,80453,80454,
80455,80456,80457,80458,80459,80459,80460,80461,80462,80463,
80464,80465,80466,80467,80471,80472,80473,80474,80475,80476,
80477,80478,80479,80480,80481,80482,80486,80491,80492,80497,
80500,80501,80504,80506,80510,80513,80516,80542,80543,80544,
80545,80564,80564,80565,80565,80565,80565,80568,80568,80568,
80568,80568,80568,80568,80568,80572,80574,80579,80580,80585,
80606,80607,80612,80612,80612,80617,80618,80618,80621,80621,
80622,80624,80627,80628,80632,80632,80637,80638,80638,80641,
80643,80643,80644,80645,80645,80645,80645,80645,80645,80645,
80645,80645,80646,80646,80647,80648,80649,80650,80651,80652,
80653,80654,80655,80656,80657,80658,80659,80660,80661,80662,
80663,80664,80665,80672,80673,80674,80675,80675,80675,80676,
80680,80680,80680,80680,80680,80680,80680,80680,80680,80681,
80681,80681,80681,80681,80681,80681,80681,80681,80681,80681,
80682,80682,80683,80684,80685,80686,80686,80686,80686,80686,
80686,80686,80686,80686,80686,80686,80686,80686,80686,80686,
80686,80686,80686,80687,80687,80687,80687,80687,80687,80688,
80688,80703,80718,80719,80734,80749,80764,80779,80794,80809,
80824,80824,80824,80825,80826,80827,80828,80828,80828,80828,
80828,80828,80829,80830,80834,80834,80837,80841,80842,80845,
80849,80849,80853,80858,80861,80866,80871,80874,80877,80877,
80879,80879,80883,80886,80887,80890,80905,80905,80905,80906,
80920,80934,80934,80934,80934,80934,80934,80934,80934,80934,
80935,80936,80937,80945,80945,80946,80946,80946,80946,80946,
80946,80946,80946,80946,80946,80946,80947,80948,80948,80949,
80950,80951,80952,80952,80953,80954,80955,80955,80956,80957,
80958,80958,80958,80958,80958,80958,80958,80958,80958,80958,
80958,80958,80958,80958,80958,80958,80958,80958,80958,80958,
80958,80958,80958,80958,80958,80958,80958,80958,80958,80958,
80958,80958,80958,80960,80961,80962,80966,80966,80966,80966,
80966,80966,80966,80966,80966,80967,80967,80967,80968,80969,
80970,80973,80973,80973,80973,80973,80973,80973,80973,80973,
80974,80974,80974,80975,80976,80976,80976,80976,80976,80976,
80976,80976,80976,80977,80982,80982,80982,80982,80982,80982,
80982,80982,80982,80982,80982,80982,80982,80982,80988,80992,
80993,80994,80995,80996,80997,80997,80998,80999,81000,81001,
81002,81006,81008,81009,81010,81011,81012,81013,81014,81014,
81015,81016,81017,81018,81022,81022,81022,81022,81022,81022,
81022,81022,81022,81022,81022,81024,81025,81025,81028,81029,
81030,81031,81032,81036,81041,81043,81043,81043,81044,81048,
81049,81050,81055,81056,81057,81058,81059,81060,81060,81061,
81062,81063,81068,81072,81080,81084,81084,81087,81087,81092,
81092,81096,81101,81104,81106,81106,81107,81107,81108,81108,
81108,81108,81108,81108,81109,81109,81109,81109,81109,81109,
81109,81109,81109,81109,81109,81109,81111,81112,81113,81114,
81115,81116,81121,81126,81127,81130,81132,81134,81139,81141,
81145,81147,81149,81150,81151,81152,81153,81154,81158,81159,
81160,81179,81179,81180,81180,81180,81180,81180,81180,81180,
81180,81180,81180,81180,81180,81180,81180,81180,81180,81181,
81182,81183,81184,81187,81188,81189,81192,81193,81194,81194,
81198,81199,81200,81200,81201,81202,81203,81204,81205,81206,
81207,81208,81209,81210,81211,81212,81217,81218,81219,81219,
81219,81219,81219,81219,81219,81219,81219,81220,81221,81221,
81221,81222,81222,81223,81223,81224,81224,81225,81228,81229,
81229,81229,81233,81233,81233,81233,81233,81233,81233,81233,
81234,81235,81240,81241,81242,81243,81247,81247,81247,81247,
81247,81247,81247,81247,81247,81247,81247,81248,81249,81249,
81249,81250,81251,81252,81253,81254,81255,81256,81257,81258,
81259,81260,81260,81282,81283,81284,81284,81284,81285,81285,
81285,81285,81285,81285,81285,81285,81285,81285,81285,81285,
81285,81285,81285,81285,81285,81285,81285,81289,81292,81293,
81296,81297,81298,81299,81300,81301,81302,81303,81303,81303,
81303,81303,81303,81303,81303,81303,81303,81303,81303,81303,
81303,81303,81303,81303,81304,81304,81305,81306,81307,81307,
81307,81308,81308,81308,81308,81308,81308,81308,81308,81308,
81309,81310,81310,81311,81311,81312,81314,81317,81318,81319,
81323,81324,81327,81330,81331,81332,81333,81334,81335,81335,
81335,81336,81336,81336,81336,81336,81336,81336,81336,81336,
81336,81336,81337,81337,81337,81337,81337,81337,81337,81337,
81337,81338,81338,81338,81339,81339,81339,81339,81339,81339,
81339,81339,81339,81339,81339,81339,81339,81339,81339,81339,
81339,81339,81339,81339,81339,81340,81341,81342,81343,81343,
81343,81343,81343,81343,81343,81343,81343,81343,81343,81343,
81344,81345,81346,81347,81348,81349,81350,81351,81352,81353,
81354,81355,81355,81356,81356,81356,81356,81356,81356,81356,
81356,81356,81357,81357,81357,81358,81359,81359,81359,81359,
81359,81359,81359,81359,81359,81359,81359,81359,81359,81360,
81361,81362,81363,81364,81364,81364,81364,81364,81364,81364,
81364,81364,81365,81366,81366,81366,81366,81367,81367,81368,
81369,81369,81369,81369,81369,81370,81377,81378,81379,81379,
81379,81380,81381,81382,81382,81382,81383,81383,81383,81383,
81384,81384,81385,81385,81386,81387,81402,81402,81403,81418,
81419,81420,81435,81435,81435,81435,81435,81435,81435,81435,
81435,81435,81435,81436,81436,81436,81436,81436,81436,81436,
81436,81436,81436,81436,81436,81436,81436,81436,81438,81438,
81439,81439,81439,81439,81439,81439,81439,81439,81439,81439,
81439,81439,81440,81440,81440,81440,81440,81440,81440,81440,
81440,81441,81441,81441,81442,81443,81444,81445,81446,81446,
81446,81446,81447,81452,81457,81458,81459,81460,81461,81462,
81464,81465,81466,81467,81467,81467,81468,81469,81470,81471,
81472,81472,81473,81473,81474,81475,81476,81477,81477,81478,
81478,81478,81479,81479,81479,81483,81484,81485,81485,81485,
81485,81486,81486,81486,81491,81491,81492,81492,81493,81493,
81493,81493,81493,81493,81493,81493,81493,81493,81493,81493,
81493,81505,81517,81518,81518,81519,81520,81521,81522,81523,
81524,81524,81524,81524,81525,81525,81525,81525,81525,81525,
81525,81526,81527,81528,81529,81530,81530,81531,81532,81552,
81553,81554,81554,81554,81555,81555,81555,81555,81555,81560,
81561,81601,81602,81603,81604,81605,81606,81607,81608,81608,
81608,81608,81608,81608,81608,81608,81608,81609,81610,81611,
81611,81611,81612,81613,81614,81615,81617,81618,81619,81620,
81620,81620,81620,81620,81620,81620,81620,81620,81620,81620,
81620,81620,81620,81621,81622,81623,81624,81625,81626,81629,
81630,81631,81632,81633,81634,81635,81636,81637,81638,81639,
81640,81641,81642,81643,81644,81645,81646,81647,81648,81648,
81648,81648,81648,81648,81648,81648,81648,81648,81648,81649,
81650,81651,81652,81653,81654,81655,81657,81659,81660,81660,
81660,81660,81664,81669,81670,81673,81676,81677,81692,81693,
81708,81723,81726,81741,81756,81757,81772,81787,81787,81802,
81802,81802,81802,81802,81802,81802,81817,81832,81847,81848,
81863,81878,81893,81908,81909,81910,81910,81911,81912,81913,
81914,81935,81953,81973,81992,82009,82013,82023,82037,82053,
82068,82068,82068,82068,82068,82068,82068,82068,82068,82069,
82069,82069,82070,82089,82108,82109,82110,82126,82143,82145,
82161,82180,82200,82219,82246,82249,82253,82262,82270,82275,
82281,82285,82288,82297,82302,82302,82302,82302,82302,82302,
82302,82302,82302,82302,82302,82303,82304,82305,82305,82306,
82307,82308,82309,82309,82311,82312,82313,82314,82319,82322,
82325,82327,82328,82328,82331,82333,82334,82335,82335,82336,
82337,82338,82339,82340,82340,82341,82342,82342,82362,82381,
82381,82386,82407,82430,82451,82472,82494,82525,82538,82561,
82562,82562,82563,82564,82564,82564,82565,82565,82565,82566,
82566,82566,82566,82569,82569,82569,82569,82569,82569,82569,
82569,82569,82569,82569,82569,82570,82571,82571,82571,82571,
82571,82571,82571,82571,82571,82572,82573,82574,82575,82575,
82576,82577,82578,82579,82580,82581,82581,82582,82583,82584,
82585,82586,82587,82588,82589,82590,82596,82597,82600,82601,
82602,82603,82604,82605,82606,82607,82607,82608,82609,82610,
82611,82612,82613,82614,82615,82619,82623,82627,82631,82632,
82632,82634,82636,82637,82639,82640,82643,82644,82645,82646,
82646,82646,82647,82647,82647,82647,82647,82647,82647,82647,
82647,82652,82655,82658,82659,82661,82661,82666,82667,82671,
82672,82675,82676,82677,82677,82677,82677,82677,82677,82677,
82677,82677,82677,82677,82678,82682,82683,82684,82685,82686,
82686,82686,82686,82686,82686,82686,82686,82686,82686,82686,
82686,82686,82687,82693,82696,82697,82698,82698,82698,82698,
82698,82698,82698,82698,82698,82699,82699,82699,82700,82701,
82702,82706,82707,82712,82713,82714,82714,82714,82714,82714,
82714,82714,82714,82714,82714,82714,82715,82716,82731,82732,
82733,82748,82763,82778,82779,82780,82795,82810,82825,82827,
82827,82828,82843,82844,82845,82846,82859,82859,82860,82864,
82865,82866,82866,82866,82866,82867,82867,82867,82867,82867,
82867,82867,82867,82867,82868,82869,82871,82873,82874,82874,
82874,82874,82874,82874,82874,82875,82876,82877,82878,82879,
82880,82883,82884,82885,82886,82887,82888,82889,82890,82891,
82892,82892,82892,82892,82892,82915,82915,82952,82979,83011,
83032,83060,83086,83108,83126,83127,83128,83129,83130,83131,
83140,83141,83142,83142,83146,83153,83159,83163,83172,83178,
83190,83194,83195,83196,83197,83204,83205,83205,83205,83205,
83205,83205,83205,83205,83205,83205,83205,83205,83205,83205,
83205,83205,83205,83205,83206,83207,83208,83209,83210,83211,
83212,83213,83214,83215,83215,83216,83217,83223,83224,83255,
83255,83255,83255,83255,83255,83255,83255,83255,83256,83257,
83258,83259,83260,83265,83267,83268,83268,83268,83268,83268,
83269,83270,83271,83271,83271,83271,83271,83271,83271,83272,
83273,83274,83275,83275,83275,83275,83275,83275,83275,83275,
83275,83275,83275,83276,83276,83276,83276,83276,83276,83276,
83276,83276,83277,83277,83277,83278,83284,83284,83284,83284,
83284,83284,83284,83284,83284,83284,83284,83285,83285,83285,
83286,83287,83288,83303,83304,83309,83324,83325,83325,83326,
83327,83330,83331,83358,83386,83386,83412,83446,83464,83497,
83530,83565,83592,83611,83636,83659,83681,83714,83736,83761,
83784,83816,83841,83842,83843,83844,83858,83859,83860,83874,
83875,83876,83890,83891,83892,83893,83893,83894,83894,83895,
83895,83896,83897,83897,83898,83898,83899,83899,83905,83905,
83906,83909,83911,83915,83918,83920,83925,83929,83932,83934,
83934,83934,83934,83935,83943,83950,83950,83950,83950,83950,
83950,83950,83951,83951,83951,83951,83951,83951,83951,83951,
83951,83951,83951,83951,83951,83952,83952,83954,83955,83957,
83957,83957,83957,83957,83957,83957,83957,83958,83959,83959,
83959,83959,83959,83959,83959,83959,83959,83959,83959,83962,
83963,83964,83965,83965,83966,83967,83968,83969,83970,83971,
83988,84007,84024,84041,84042,84043,84043,84044,84045,84046,
84046,84046,84046,84046,84046,84046,84046,84046,84046,84047,
84047,84047,84048,84048,84048,84048,84048,84048,84048,84048,
84048,84049,84051,84052,84057,84058,84063,84067,84070,84071,
84076,84081,84081,84081,84081,84081,84081,84081,84081,84081,
84081,84081,84082,84083,84084,84085,84086,84087,84088,84088,
84088,84088,84088,84088,84088,84088,84088,84093,84093,84093,
84093,84093,84094,84095,84100,84101,84102,84102,84102,84102,
84102,84102,84102,84102,84102,84102,84102,84103,84104,84105,
84106,84106,84106,84106,84106,84106,84106,84106,84106,84106,
84106,84106,84106,84106,84106,84106,84106,84106,84106,84107,
84107,84107,84108,84108,84108,84108,84108,84108,84108,84109,
84110,84111,84112,84112,84112,84112,84112,84112,84112,84112,
84112,84112,84112,84113,84114,84116,84116,84117,84118,84119,
84122,84128,84129,84130,84131,84132,84133,84134,84135,84135,
84157,84157,84180,84180,84185,84185,84185,84188,84189,84190,
84190,84190,84200,84210,84220,84230,84240,84250,84260,84261,
84271,84281,84281,84281,84281,84281,84281,84281,84281,84281,
84281,84281,84281,84281,84281,84281,84281,84281,84281,84281,
84281,84281,84281,84281,84281,84281,84281,84282,84283,84283,
84288,84289,84289,84291,84292,84292,84293,84294,84294,84295,
84295,84296,84297,84298,84299,84300,84301,84302,84303,84303,
84303,84304,84307,84307,84307,84307,84307,84307,84307,84307,
84307,84307,84307,84307,84307,84308,84309,84310,84311,84311,
84312,84313,84314,84314,84314,84315,84316,84316,84316,84316,
84316,84316,84316,84316,84316,84316,84316,84317,84317,84317,
84317,84317,84317,84317,84324,84325,84326,84328,84328,84329,
84330,84331,84331,84332,84332,84332,84332,84332,84332,84332,
84332,84332,84333,84336,84338,84338,84338,84338,84338,84338,
84338,84338,84338,84338,84338,84338,84338,84338,84338,84338,
84339,84340,84341,84356,84357,84358,84359,84360,84361,84362,
84363,84364,84365,84366,84367,84368,84369,84370,84371,84386,
84401,84416,84431,84446,84461,84467,84482,84497,84512,84513,
84513,84513,84513,84513,84513,84513,84517,84522,84528,84534,
84542,84546,84551,84555,84558,84561,84561,84561,84561,84561,
84561,84561,84561,84561,84561,84561,84562,84564,84565,84566,
84566,84566,84566,84566,84566,84566,84566,84566,84567,84567,
84567,84568,84568,84568,84569,84570,84570,84570,84570,84570,
84570,84570,84570,84582,84583,84584,84587,84588,84589,84590,
84591,84591,84591,84591,84591,84591,84591,84591,84591,84591,
84591,84592,84592,84593,84597,84597,84597,84597,84597,84597,
84597,84597,84597,84597,84597,84597,84597,84597,84597,84597,
84597,84597,84598,84599,84599,84599,84599,84599,84599,84599,
84599,84599,84600,84600,84600,84601,84601,84601,84601,84601,
84601,84601,84601,84601,84601,84601,84601,84601,84601,84601,
84601,84601,84608,84608,84608,84608,84608,84608,84609,84610,
84611,84612,84613,84614,84615,84616,84616,84616,84616,84617,
84618,84619,84620,84621,84624,84624,84630,84632,84632,84632,
84635,84640,84643,84651,84655,84661,84668,84671,84677,84677,
84678,84678,84678,84678,84678,84678,84678,84678,84678,84678,
84678,84678,84678,84678,84678,84679,84680,84680,84681,84682,
84683,84684,84684,84684,84685,84686,84686,84687,84688,84689,
84690,84690,84696,84697,84698,84699,84699,84700,84702,84703,
84708,84709,85165,85166,85167,85168,85169,85169,85169,85169,
85169,85169,85169,85169,85169,85169,85169,85170,85171,85191,
85216,85234,85250,85269,85299,85317,85335,85336,85337,85339,
85340,85340,85340,85340,85340,85340,85340,85340,85340,85341,
85341,85341,85342,85343,85344,85345,85346,85347,85348,85349,
85350,85351,85352,85353,85354,85355,85356,85357,85358,85359,
85360,85360,85363,85365,85370,85375,85377,85378,85378,85378,
85378,85378,85378,85378,85378,85384,85389,85394,85398,85402,
85427,85446,85451,85456,85478,85478,85496,85517,85545,85577,
85602,85602,85602,85602,85602,85602,85602,85617,85617,85632,
85632,85647,85662,85662,85662,85662,85662,85665,85665,85666,
85666,85667,85668,85670,85672,85675,85678,85679,85684,85689,
85690,85690,85690,85690,85690,85690,85691,85692,85692,85692,
85692,85692,85692,85692,85692,85692,85693,85694,85695,85696,
85697,85698,85699,85701,85702,85703,85704,85705,85708,85709,
85710,85712,85716,85721,85721,85721,85721,85721,85721,85721,
85721,85721,85721,85721,85722,85723,85723,85723,85723,85723,
85723,85723,85723,85723,85724,85725,85726,85727,85728,85729,
85730,85731,85732,85740,85741,85745,85746,85747,85752,85752,
85753,85753,85754,85754,85755,85755,85755,85756,85756,85757,
85757,85757,85757,85757,85757,85757,85757,85757,85757,85757,
85757,85757,85757,85757,85757,85757,85757,85757,85758,85759,
85760,85761,85762,85762,85762,85763,86310,86311,86311,86312,
86313,86314,86314,86314,86314,86314,86314,86314,86314,86314,
86314,86314,86315,86315,86315,86316,86317,86317,86317,86317,
86317,86317,86317,86317,86317,86318,86318,86318,86319,86320,
86321,86322,86323,86324,86325,86326,86326,86326,86326,86326,
86326,86326,86326,86326,86326,86326,86327,86328,86329,86329,
86330,86332,86334,86339,86342,86343,86347,86350,86352,86352,
86352,86353,86354,86355,86356,86364,86365,86366,86366,86366,
86366,86366,86366,86366,86366,86366,86381,86382,86397,86398,
86399,86400,86401,86402,86403,86409,86413,86413,86413,86413,
86413,86413,86414,86417,86419,86421,86426,86429,86433,86437,
86437,86442,86444,86445,86446,86448,86448,86448,86448,86449,
86449,86450,86452,86456,86457,86472,86487,86488,86489,86490,
86491,86492,86499,86506,86511,86515,86521,86525,86529,86537,
86538,86543,86547,86547,86547,86547,86547,86547,86547,86547,
86547,86547,86547,86547,86548,86549,86550,86550,86550,86550,
86550,86550,86550,86550,86550,86550,86550,86551,86551,86552,
86553,86553,86553,86557,86557,86557,86557,86557,86557,86557,
86557,86557,86557,86557,86557,86557,86557,86557,86557,86557,
86559,86561,86566,86571,86574,86574,86574,86578,86578,86578,
86579,86580,86580,86580,86580,86580,86580,86580,86580,86580,
86581,86582,86583,86584,86585,86586,86587,86588,86589,86590,
86591,86592,86593,86594,86595,86596,86596,86597,86598,86599,
86600,86602,86603,86604,86604,86605,86606,86607,86608,86609,
86610,86611,86612,86613,86614,86615,86616,86617,86617,86617,
86618,86618,86618,86618,86618,86618,86618,86618,86618,86619,
86619,86619,86623,86623,86623,86623,86623,86623,86623,86623,
86624,86629,86630,86630,86630,86630,86630,86630,86642,86643,
86644,86645,86645,86646,86646,86646,86660,86661,86677,86678,
86694,86710,86711,86711,86711,86711,86711,86711,86711,86711,
86711,86712,86713,86714,86714,86714,86718,86719,86719,86720,
86721,86722,86723,86724,86725,86726,87257,87258,87279,87299,
87318,87337,87356,87367,87386,87413,87414,87428,87444,87444,
87445,87446,87447,87447,87447,87447,87447,87447,87447,87447,
87447,87448,87448,87448,87449,87449,87449,87449,87449,87449,
87449,87449,87450,87456,87457,87457,87457,87457,87457,87457,
87457,87457,87457,87457,87461,87465,87466,87467,87475,87479,
87480,87481,87482,87483,87484,87485,87486,87488,87489,87490,
87494,87494,87494,87494,87494,87494,87495,87495,87495,87495,
87495,87496,87497,87498,87499,87499,87499,87499,87499,87499,
87499,87499,87500,87501,87506,87507,87508,87509,87510,87510,
87510,87510,87510,87510,87510,87510,87516,87516,87516,87517,
87518,87519,87520,87520,87521,87521,87521,87522,87523,87523,
87524,87525,87525,87525,87526,87527,87527,87527,87527,87527,
87527,87527,87527,87527,87528,87529,87529,87529,87529,87529,
87529,87530,87532,87535,87536,87537,87538,87539,87540,87541,
87542,87543,87544,87545,87546,87546,87546,87547,87547,87548,
87549,87549,87549,87549,87549,87549,87549,87549,87549,87550,
87551,87552,87560,87561,87562,87563,87563,87563,87563,87563,
87563,87563,87563,87563,87563,87563,87563,87563,87563,87563,
87563,87563,87563,87563,87563,87563,87563,87563,87563,87563,
87564,87565,87565,87565,87586,87587,87588,87589,87590,87591,
87592,87593,87594,87594,87595,87596,87597,87597,87597,87597,
87597,87597,87597,87597,87598,87599,87600,87601,87602,87602,
87602,87602,87605,87605,87605,87605,87605,87605,87605,87606,
87607,87608,87609,87609,87609,87612,87613,87613,87613,87613,
87613,87613,87613,87613,87613,87615,87616,87617,87617,87618,
87619,87621,87621,87622,87623,87623,87623,87623,87623,87623,
87623,87623,87623,87623,87623,87624,87625,87640,87641,87642,
87657,87672,87687,87702,87717,87732,87747,87762,87763,87764,
87765,87765,87765,87765,87765,87765,87765,87765,87765,87765,
87765,87766,87767,87768,87768,87768,87768,87776,87781,87783,
87793,87793,87793,87796,87796,87796,87796,87796,87796,87807,
87807,87823,87824,87825,87826,87845,87846,87847,87867,87868,
87869,87870,87884,87884,87900,87901,87902,87903,87903,87904,
87905,87906,87907,87908,87909,87909,87909,87909,87909,87909,
87909,87909,87909,87909,87909,87909,87910,87911,87912,87915,
87916,87917,87918,87918,87918,87919,87925,87931,87937,87943,
87944,87949,87955,87961,87962,87966,87970,87970,87974,87974,
87974,87974,87974,87974,87974,87975,87975,87975,87976,87979,
87979,87979,87979,87979,88006,88007,88008,88008,88008,88008,
88014,88014,88014,88014,88014,88015,88016,88018,88019,88019,
88020,88033,88047,88067,88081,88102,88116,88132,88154,88169,
88190,88191,88191,88191,88191,88191,88192,88197,88197,88197,
88197,88197,88197,88197,88197,88197,88198,88199,88199,88199,
88200,88200,88200,88200,88200,88200,88200,88200,88200,88200,
88200,88200,88200,88200,88200,88200,88200,88200,88200,88201,
88202,88203,88204,88205,88206,88207,88208,88210,88210,88210,
88210,88210,88210,88210,88210,88210,88210,88210,88210,88210,
88210,88210,88212,88212,88213,88214,88215,88216,88217,88217,
88217,88217,88217,88217,88217,88217,88217,88219,88221,88222,
88224,88224,88224,88226,88227,88230,88230,88230,88231,88232,
88232,88232,88232,88232,88232,88232,88232,88232,88234,88234,
88237,88242,88245,88247,88248,88252,88253,88254,88255,88259,
88262,88263,88264,88268,88268,88268,88268,88269,88271,88271,
88271,88273,88273,88273,88273,88273,88273,88273,88273,88273,
88274,88275,88276,88282,88283,88283,88283,88283,88283,88283,
88283,88283,88283,88283,88283,88284,88284,88284,88289,88296,
88302,88311,88316,88320,88327,88331,88337,88344,88345,88346,
88347,88347,88350,88351,88352,88352,88353,88353,88354,88354,
88355,88356,88357,88357,88358,88358,88359,88373,88373,88385,
88401,88415,88432,88448,88448,88449,88452,88452,88453,88454,
88454,88455,88456,88457,88458,88459,88460,88460,88460,88460,
88460,88461,88462,88465,88466,88466,88466,88466,88466,88466,
88467,88468,88469,88470,88470,88470,88471,88472,88472,88472,
88472,88472,88472,88472,88472,88472,88476,88477,88478,88479,
88480,88480,88480,88480,88480,88480,88480,88480,88480,88481,
88481,88481,88482,88483,88484,88485,88486,88487,88488,88488,
88489,88490,88492,88493,88493,88494,88495,88496,88497,88498,
88499,88500,88500,88501,88501,88504,88504,88505,88509,88510,
88510,88511,88512,88512,88514,88515,88515,88515,88516,88517,
88519,88521,88525,88530,88532,88536,88540,88543,88546,88551,
88551,88552,88552,88553,88554,88555,88556,88557,88558,88558,
88559,88559,88559,88560,88560,88561,88562,88563,88564,88565,
88566,88567,88568,88569,88570,88570,88571,88572,88573,88575,
88576,88577,88578,88579,88584,88585,88586,88587,88588,88589,
88590,88594,88595,88596,88597,88598,88599,88602,88603,88604,
88605,88606,88607,88608,88609,88610,88611,88612,88612,88612,
88612,88612,88612,88612,88612,88612,88613,88614,88615,88616,
88617,88618,88619,89254,89255,89256,89257,89258,89258,89258,
89258,89258,89258,89258,89258,89259,89260,89261,89261,89261,
89261,89261,89261,89261,89261,89261,89261,89261,89262,89263,
89264,89264,89264,89264,89264,89264,89264,89264,89264,89264,
89264,89264,89265,89266,89267,89268,89269,89270,89271,89273,
89274,89275,89280,89281,89285,89286,89287,89287,89287,89287,
89287,89287,89287,89287,89287,89289,89289,89289,89290,89291,
89292,89293,89293,89322,89322,89323,89323,89324,89325,89326,
89326,89326,89328,89328,89330,89332,89334,89334,89336,89337,
89338,89339,89340,89341,89342,89343,89344,89345,89346,89347,
89349,89350,89351,89351,89351,89351,89351,89351,89351,89351,
89351,89352,89353,89354,89354,89355,89355,89355,89355,89355,
89355,89355,89356,89356,89356,89356,89361,89361,89361,89361,
89361,89361,89361,89361,89361,89401,89410,89430,89430,89430,
89430,89430,89430,89430,89430,89431,89432,89433,89434,89435,
89436,89436,89436,89436,89436,89436,89436,89436,89436,89437,
89437,89437,89438,89439,89440,89441,89442,89443,89444,89445,
89446,89446,89447,89448,89448,89448,89448,89448,89448,89448,
89448,89448,89448,89448,89448,89448,89448,89448,89448,89448,
89448,89448,89448,89449,89450,89451,89452,89453,89454,89455,
89456,89457,89462,89463,89465,89466,89467,89467,89484,89485,
89486,89487,89488,89489,89490,89491,89492,89493,89494,89495,
89510,89525,89540,89541,89556,89571,89586,89601,89616,89631,
89632,89633,89634,89634,89634,89634,89634,89634,89634,89634,
89634,89634,89634,89634,89635,89636,89636,89636,89636,89636,
89636,89636,89636,89636,89640,89640,89640,89640,89640,89641,
89642,89642,89642,89643,89643,89644,89645,89651,89651,89652,
89653,89658,89663,89668,89668,89669,89670,89671,89672,89688,
89689,89690,89691,89691,89697,89697,89698,89698,89698,89698,
89698,89698,89698,89698,89698,89698,89698,89698,89698,89698,
89698,89698,89698,89699,89700,89707,89715,89721,89728,89735,
89740,89745,89747,89748,89748,89753,89757,89758,89759,89760,
89761,89762,89762,89763,89764,89765,89765,89765,89765,89765,
89766,89766,89767,89768,89768,89768,89768,89768,89768,89768,
89768,89768,89769,89769,89770,89771,89772,89773,89774,89775,
89776,89777,89778,89778,89778,89779,89780,89781,89782,89783,
89783,89783,89784,89784,89785,89786,89805,89827,89827,89853,
89874,89895,89917,89940,89954,89971,89971,90770,90770,90771,
90771,90805,90833,90857,90883,90910,90937,90972,91007,91029,
91048,91049,91050,91051,91052,91053,91054,91055,91056,91056,
91057,91057,91057,91057,91057,91057,91057,91057,91057,91058,
91059,91060,91061,91062,91062,91067,91070,91072,91075,91109,
91140,91140,91178,91214,91242,91245,91249,91249,91251,91251,
91251,91251,91251,91251,91253,91254,91254,91255,91256,91256,
91256,91261,91261,91266,91269,91271,91272,91272,91277,91278,
91279,91279,91279,91283,91284,91284,91284,91284,91284,91284,
91284,91284,91284,91284,91285,91286,91289,91290,91291,91291,
91317,91342,91368,91395,91395,91395,91411,91412,91419,91419,
91419,91420,91421,91446,91465,91492,91522,91543,91545,91574,
91603,91625,91626,91627,91628,91628,91629,91630,91631,91631,
91631,91631,91631,91631,91631,91637,91637,91659,91659,91659,
91659,91659,91659,91675,91706,91734,91765,91783,91806,91832,
91863,91864,91865,91866,97782,97786,97790,97793,97793,97796,
97796,97799,97804,97804,97804,97808,97808,97813,97813,97815,
97815,97816,97817,97822,97826,97827,97828,97828,97829,97832,
97835,97839,97844,97845,97848,97850,97850,97850,97853,97854,
97854,97854,97854,97854,97854,98276,98276,98276,98276,98276,
98276,98276,98276,98276,98276,98276,98277,98278,98279,98280,
98281,98283,98284,98284,98288,98289,98290,98290,98290,98291,
98291,98292,98293,98293,98294,98294,98309,98309,98310,98311,
98311,98311,98311,98311,98311,98311,98311,98311,98311,98311,
98311,98311,98311,98311,98311,98311,98311,98311,98312,98312,
98312,98312,98312,98312,98312,98312,98312,98312,98312,98312,
98312,98313,98314,98315,98316,98316,98316,98316,98316,98316,
98316,98316,98316,98317,98317,98317,98318,98319,98320,98321,
98326,98332,98333,98333,98334,98345,98349,98351,98351,98360,
98365,98371,98378,98379,98379,98379,98380,98380,98381,98381,
98385,98393,98394,98402,98410,98413,98417,98419,98423,98430,
98430,98430,98430,98431,98431,98431,98431,98431,98431,98431,
98431,98431,98431,98431,98431,98431,98431,98431,98432,98432,
98433,98433,98433,98433,98433,98433,98433,98433,98433,98433,
98433,98433,98433,98433,98434,98434,98435,98436,98436,98436,
98437,98438,98439,98443,98444,98444,98445,98446,98447,98448,
98449,98450,98451,98452,98456,98457,98458,98459,98460,98461,
98465,98466,98466,98466,98467,98467,98467,98467,98467,98467,
98467,98467,98467,98467,98467,98468,98468,98469,98469,98469,
98469,98469,98469,98469,98469,98469,98469,98470,98470,98471,
98472,98473,98473,98474,98475,98476,98477,98478,98479,98479,
98479,98480,98480,98480,98480,98480,98480,98480,98480,98480,
98481,98482,98483,98486,98487,98488,98488,98488,98488,98499,
98499,98499,98499,98499,98499,98499,98499,98499,98499,98499,
98500,98501,98501,98502,98502,98503,98503,98504,98505,98505,
98505,98505,98505,98505,98505,98505,98505,98507,98507,98507,
98507,98507,98507,98507,98507,98507,98507,98507,98507,98507,
98508,98509,98514,98515,98516,98517,98520,98521,98522,98523,
98524,98525,98526,98526,98527,98528,98553,98571,98575,98590,
98613,98633,98664,98686,98710,98735,98765,98795,98796,98797,
98798,98799,98814,98815,98830,98831,98832,98847,98848,98849,
98849,98849,98849,98850,98850,98850,98850,98850,98850,98850,
98850,98850,98850,98850,98851,98852,98853,98854,98855,98856,
98856,98857,98857,98858,98858,98859,98859,98860,98861,98861,
98861,98862,98863,98863,98863,98864,98864,98864,98864,98864,
98864,98864,98864,98864,98868,98878,98884,98896,98900,98907,
98915,98922,98922,98922,98930,98935,98935,98935,98935,98935,
98936,98937,98938,98939,98940,98941,98941,98941,98941,98941,
98941,98941,98941,98941,98941,98941,98942,98943,98944,98944,
98944,98945,98945,98945,98945,98945,98945,98945,98945,98945,
98945,98945,98945,98945,98945,98945,98945,98945,98946,98946,
98946,98946,98947,98948,98949,98950,98951,98952,98952,98952,
98952,98952,98952,98952,98952,98952,98952,98952,98953,98954,
98955,98956,98960,98960,98960,98960,98960,98960,98960,98960,
98960,98960,98960,98960,98961,98962,98963,98968,98969,98969,
98969,98969,98969,98969,98969,98969,98969,98969,98970,98971,
98975,98982,98984,98985,98990,98994,98998,99006,99011,99014,
99022,99023,99023,99031,99040,99040,99041,99051,99055,99061,
99072,99080,99085,99095,99099,99099,99099,99099,99099,99099,
99099,99099,99099,99099,99099,99100,99106,99108,99110,99110,
99114,99118,99118,99119,99120,99120,99120,99120,99120,99121,
99121,99122,99130,99131,99132,99133,99134,99134,99134,99135,
99135,99136,99136,99143,99144,99144,99144,99144,99144,99144,
99144,99144,99144,99144,99144,99145,99145,99145,99146,99146,
99146,99147,99147,99147,99147,99147,99147,99147,99147,99147,
99148,99149,99150,99151,99152,99153,99154,99155,99156,99157,
99158,99159,99162,99163,99163,99163,99163,99163,99163,99163,
99163,99163,99164,99164,99164,99165,99166,99167,99168,99169,
99170,99171,99172,99173,99174,99175,99175,99175,99175,99175,
99175,99175,99175,99175,99176,99176,99176,99177,99178,99195,
99196,99197,99198,99213,99214,99221,99226,99241,99242,99243,
99243,99243,99243,99243,99243,99243,99243,99243,99243,99243,
99243,99244,99250,99250,99251,99274,99275,99279,99279,99284,
99286,99286,99289,99291,99292,99295,99295,99296,99300,99300,
99300,99300,99300,99300,99300,99300,99300,99301,99301,99301,
99302,99303,99304,99304,99305,99306,99307,99308,99309,99310,
99316,99317,99318,99319,99320,99321,99322,99322,99322,99323,
99324,99324,99324,99324,99324,99324,99324,99324,99324,99324,
99324,99324,99341,99359,99375,99375,99375,99375,99375,99376,
99379,99383,99385,99407,99443,99448,99449,99472,99491,99513,
99538,99565,99585,99607,99638,99643,99645,99647,99651,99654,
99654,99657,99658,99658,99659,99659,99659,99660,99660,99660,
99673,99673,99674,99674,99675,99675,99676,99676,99680,99680,
99680,99681,99681,99681,99681,99681,99681,99681,99681,99681,
99681,99681,99682,99682,99683,99683,99683,99683,99683,99683,
99686,99686,99686,99686,99686,99686,99686,99686,99692,99695,
99700,99706,99710,99716,99724,99730,99731,99732,99737,99748,
99749,99764,99765,99766,99767,99768,99769,99770,99771,99772,
99772,99773,99774,99775,99776,99776,99777,99778,99779,99779,
99779,99779,99779,99779,99779,99779,99779,99780,99780,99780,
99781,99782,99782,99782,99782,99782,99782,99782,99782,99782,
99783,99784,99791,99792,99793,99797,99798,99799,99799,99799,
99799,99799,99799,99799,99799,99799,99800,99813,99814,99815,
99816,99816,99816,99816,99816,99816,99816,99816,99816,99816,
99816,99816,99816,99817,99817,99817,99818,99823,99824,99826,
99827,99828,99835,99836,99837,99837,99838,99839,99840,99840,
99840,99840,99840,99840,99840,99840,99840,99841,99841,99841,
99844,99845,99846,99847,99848,99848,99848,99848,99848,99848,
99848,99848,99848,99848,99848,99848,99848,99848,99848,99848,
99848,99848,99848,99848,99848,99848,99848,99848,99848,99848,
99848,99861,99876,99894,99911,99936,99961,99976,99987,99988,
100004,100026,100026,100026,100031,100033,100034,100034,100034,100034,
100038,100038,100038,100038,100038,100038,100038,100038,100042,100043,
100044,100044,100044,100044,100044,100044,100044,100044,100044,100044,
100044,100044,100044,100044,100045,100045,100045,100045,100045,100045,
100045,100045,100045,100045,100045,100045,100045,100045,100045,100047,
100047,100047,100047,100048,100052,100053,100054,100055,100055,100056,
100057,100058,100058,100058,100058,100058,100058,100058,100058,100058,
100058,100059,100059,100059,100060,100060,100060,100060,100060,100060,
100060,100060,100060,100075,100090,100093,100094,100094,100094,100095,
100095,100096,100096,100097,100098,100099,100114,100115,100116,100117,
100117,100118,100119,100120,100121,100122,100123,100124,100125,100147,
100177,100198,100219,100240,100263,100288,100309,100332,100345,100346,
100346,100350,100355,100355,100355,100356,100359,100359,100360,100361,
100361,100362,100365,100366,100381,100382,100383,100383,100383,100383,
100384,100399,100429,100429,100431,100432,100432,100432,100432,100433,
100434,100435,100435,100435,100436,100437,100438,100439,100440,100441,
100442,100443,100444,100449,100456,100462,100470,100479,100486,100493,
100499,100506,100514,100514,100514,100514,100515,100516,100516,100517,
100517,100517,100518,100518,100518,100518,100518,100518,100518,100518,
100518,100518,100518,100518,100518,100518,100518,100518,100518,100518,
100518,100518,100518,100523,100524,100524,100524,100524,100524,100539,
100540,100555,100570,100573,100573,100573,100573,100573,100573,100573,
100573,100573,100573,100573,100573},
{
{22805, 13},{23773, 3},{24016, 17},{14223, 3},{12521, 12},{18430, 3},{23307, 17},{12312, 17},{20357, 17},{22848, 3},
{16043, 3},{8147, 12},{21312, 17},{9660, 17},{7311, 17},{17741, 17},{1407, 17},{16920, 17},{24049, 17},{637, 17},
{12440, 17},{1601, 17},{13267, 17},{17243, 17},{18080, 17},{4044, 17},{2532, 17},{17892, 17},{10213, 17},{15651, 17},
{26273, 17},{3260, 17},{5871, 15},{13600, 15},{25578, 15},{25531, 15},{15449, 3},{4131, 13},{11910, 12},{14690, 17},
{13748, 17},{15717, 3},{5094, 12},{12518, 3},{1010, 3},{8270, 3},{8627, 3},{16886, 17},{18738, 17},{3998, 17},
{13481, 17},{3504, 17},{16768, 17},{4369, 17},{6671, 3},{17630, 17},{16819, 17},{18455, 3},{1429, 12},{677, 3},
{12329, 12},{4360, 3},{2898, 17},{16954, 17},{1095, 17},{6657, 17},{2065, 17},{6702, 17},{965, 17},{25304, 17},
{15789, 17},{11678, 17},{9141, 12},{5023, 13},{15448, 13},{4369, 12},{11173, 12},{21581, 3},{5482, 3},{25293, 3},
{21613, 3},{83, 17},{15968, 15},{12734, 17},{16319, 15},{13254, 15},{1260, 15},{7072, 15},{26195, 17},{19516, 17},
{15993, 17},{757, 8},{8667, 8},{20860, 8},{23156, 8},{6079, 8},{5324, 8},{25847, 8},{7798, 8},{24513, 8},
{14973, 8},{20570, 8},{18701, 8},{10198, 8},{7315, 8},{19325, 8},{24659, 17},{12497, 1},{18107, 15},{25281, 1},
{17826, 1},{16450, 15},{11027, 1},{16452, 15},{19897, 15},{19909, 15},{11482, 15},{6529, 1},{19903, 15},{17828, 1},
{17827, 1},{16453, 15},{19297, 1},{11969, 17},{76, 17},{15788, 17},{758, 8},{7314, 8},{24512, 8},{26367, 8},
{19399, 8},{25844, 8},{12311, 8},{18702, 8},{9808, 8},{6080, 8},{10195, 8},{7801, 8},{23159, 8},{20569, 8},
{6633, 8},{13668, 17},{11812, 17},{4367, 17},{180, 17},{8994, 17},{18243, 17},{21427, 17},{16820, 17},{7870, 17},
{15512, 17},{7378, 17},{22351, 17},{2224, 17},{880, 17},{10963, 17},{17275, 17},{25551, 17},{2003, 3},{1068, 17},
{15188, 17},{9952, 17},{23954, 17},{7424, 17},{26031, 17},{1395, 17},{1898, 17},{3932, 12},{17212, 3},{20395, 13},
{9460, 13},{15113, 17},{21314, 17},{19719, 17},{3473, 17},{8362, 12},{3450, 3},{4050, 3},{15727, 17},{15902, 13},
{9141, 3},{18088, 3},{5166, 17},{11185, 17},{12305, 17},{4060, 17},{26350, 17},{5972, 17},{4134, 12},{3231, 3},
{25008, 3},{15450, 3},{20199, 12},{1942, 3},{21584, 17},{3230, 17},{12308, 17},{8272, 17},{23850, 3},{9453, 12},
{10812, 17},{4266, 17},{23693, 17},{17680, 17},{2462, 3},{17681, 3},{11343, 17},{25371, 17},{19018, 17},{5562, 17},
{10221, 3},{12458, 3},{20401, 13},{13430, 3},{26220, 3},{9032, 17},{9402, 17},{12517, 13},{20192, 12},{9342, 12},
{21816, 17},{14214, 17},{1398, 17},{9081, 17},{3640, 3},{2462, 13},{26356, 12},{1115, 17},{3290, 17},{22417, 17},
{8148, 17},{19301, 17},{21879, 17},{4123, 13},{12687, 17},{14910, 17},{17939, 17},{17943, 17},{10460, 17},{11395, 17},
{5165, 17},{13475, 3},{4142, 3},{21246, 3},{24498, 3},{20082, 3},{4373, 3},{20713, 12},{7334, 17},{6623, 17},
{15906, 17},{13664, 17},{22610, 17},{7382, 17},{11909, 3},{21282, 3},{18784, 13},{5020, 12},{20395, 12},{16171, 17},
{25915, 17},{18733, 17},{16812, 17},{11867, 17},{25359, 17},{17899, 17},{25794, 17},{7675, 17},{24318, 17},{11827, 17},
{2924, 17},{16181, 17},{17596, 17},{1893, 17},{6085, 17},{18996, 17},{14481, 17},{20345, 17},{12901, 17},{1449, 12},
{12519, 12},{20719, 12},{4138, 3},{2326, 12},{26223, 3},{18538, 17},{13048, 17},{9904, 17},{7986, 15},{12948, 15},
{20827, 15},{10775, 15},{20964, 15},{20962, 15},{7345, 15},{5407, 15},{12045, 15},{25658, 15},{5478, 15},{20827, 15},
{10776, 15},{9378, 15},{22712, 15},{9638, 15},{3035, 15},{11221, 15},{5911, 7},{10160, 7},{16932, 7},{10521, 7},
{10156, 7},{13408, 7},{10162, 7},{12956, 7},{20189, 7},{506, 7},{17169, 7},{9738, 7},{23996, 7},{9351, 7},
{4853, 7},{24514, 7},{15391, 7},{21981, 7},{24002, 7},{19473, 7},{23995, 7},{25841, 7},{6994, 7},{2674, 7},
{5161, 7},{15505, 9},{10649, 7},{4775, 7},{24881, 7},{724, 0},{4852, 7},{503, 7},{23302, 7},{7720, 7},
{15505, 9},{17170, 7},{10154, 7},{11126, 7},{22430, 7},{21832, 7},{2672, 7},{15589, 7},{1035, 7},{19472, 7},
{24002, 7},{1036, 7},{2244, 7},{26372, 7},{3620, 7},{4850, 7},{12959, 7},{12114, 7},{7716, 7},{8672, 7},
{12946, 7},{19476, 7},{21828, 7},{17902, 7},{26381, 7},{4773, 7},{516, 7},{20833, 15},{18937, 15},{3034, 15},
{7344, 15},{3035, 15},{1768, 15},{19523, 15},{7343, 15},{13774, 17},{3173, 17},{18232, 17},{875, 3},{15722, 3},
{17686, 17},{12879, 17},{20783, 17},{15299, 17},{3713, 17},{7853, 17},{98, 17},{4953, 17},{15946, 17},{13316, 17},
{18235, 17},{11315, 7},{3083, 7},{18087, 7},{18448, 7},{8270, 7},{11318, 7},{11666, 7},{18086, 7},{25193, 7},
{13151, 9},{25189, 7},{13150, 9},{1920, 7},{18080, 7},{18088, 7},{25198, 7},{11669, 7},{21604, 7},{1921, 7},
{11318, 7},{21389, 7},{23768, 7},{16924, 7},{25922, 9},{18455, 7},{4080, 7},{21605, 7},{21682, 7},{12457, 7},
{21392, 7},{18088, 7},{25922, 9},{12452, 7},{18457, 7},{21609, 7},{16921, 7},{18085, 7},{4076, 7},{21387, 7},
{16920, 7},{1920, 7},{25918, 9},{25191, 7},{5482, 7},{1926, 7},{25926, 9},{25926, 9},{1931, 7},{5484, 7},
{11669, 7},{21384, 7},{16917, 7},{8259, 7},{11827, 7},{24957, 9},{18454, 7},{8263, 7},{16919, 7},{21389, 7},
{13084, 9},{11317, 7},{1924, 7},{18451, 7},{18081, 7},{23766, 7},{13084, 9},{11667, 7},{18458, 7},{12468, 17},
{24995, 17},{22345, 17},{13540, 3},{1539, 3},{26226, 13},{8869, 3},{13439, 3},{17937, 8},{10792, 8},{15629, 8},
{20754, 8},{2149, 8},{25556, 8},{20507, 8},{1077, 8},{22059, 8},{26372, 8},{12682, 8},{11847, 8},{1112, 8},
{21533, 8},{21875, 8},{4256, 17},{3414, 17},{11789, 3},{4973, 3},{22256, 3},{3963, 17},{8365, 3},{2456, 3},
{2747, 3},{9137, 3},{3088, 3},{4133, 12},{1429, 3},{16380, 17},{9957, 17},{7690, 17},{23602, 17},{577, 17},
{18784, 17},{1019, 17},{863, 17},{26188, 17},{12969, 17},{18075, 17},{14687, 17},{23036, 17},{17828, 17},{3529, 17},
{21663, 17},{6423, 7},{10873, 7},{12316, 7},{22141, 7},{800, 7},{25312, 7},{8863, 7},{21100, 7},{16423, 7},
{23452, 7},{12566, 7},{8366, 9},{11450, 7},{21096, 7},{2155, 7},{10261, 7},{10796, 7},{3990, 7},{16820, 7},
{14335, 7},{12256, 7},{7381, 7},{17332, 7},{21225, 0},{3765, 7},{6301, 7},{26329, 7},{17024, 7},{10559, 7},
{15940, 7},{25315, 7},{17446, 7},{800, 7},{24399, 7},{8367, 9},{19325, 7},{5346, 7},{24166, 7},{2162, 7},
{25313, 7},{14337, 7},{3760, 7},{24172, 7},{4486, 7},{16623, 7},{10793, 7},{16814, 7},{5342, 7},{10873, 7},
{10842, 7},{10262, 7},{24165, 7},{10260, 7},{707, 7},{6307, 7},{12313, 7},{8567, 0},{980, 7},{14339, 7},
{14347, 7},{18569, 7},{19324, 7},{8365, 9},{17028, 7},{16618, 7},{3984, 7},{26059, 7},{11226, 7},{13218, 7},
{714, 7},{6305, 7},{3989, 7},{6286, 7},{6303, 7},{8865, 7},{713, 7},{14346, 7},{9928, 7},{13221, 7},
{18558, 7},{24162, 7},{26060, 7},{21106, 7},{23453, 7},{14467, 7},{18562, 7},{26437, 7},{16623, 7},{7381, 7},
{10839, 7},{11414, 7},{23671, 7},{17028, 7},{26402, 7},{20084, 0},{14467, 7},{17446, 7},{17458, 7},{8582, 7},
{24404, 7},{3985, 7},{13225, 7},{19324, 7},{26435, 7},{8366, 9},{3991, 7},{25319, 7},{16819, 7},{709, 7},
{17336, 7},{3758, 7},{22084, 7},{26060, 7},{3759, 7},{17596, 7},{16618, 7},{21096, 7},{25110, 7},{25109, 7},
{14339, 7},{10259, 7},{5594, 7},{3982, 7},{22114, 7},{18684, 7},{8364, 9},{21099, 7},{16619, 7},{16624, 7},
{128, 7},{24162, 7},{3764, 7},{10559, 7},{2155, 7},{4484, 7},{24167, 7},{23446, 7},{23451, 7},{19325, 7},
{120, 7},{25102, 7},{708, 7},{8867, 7},{10792, 7},{17022, 7},{26437, 7},{5545, 7},{23452, 7},{25311, 7},
{23455, 7},{7710, 7},{1544, 0},{16824, 7},{24401, 7},{24398, 7},{127, 7},{5523, 7},{26056, 7},{25318, 7},
{15914, 7},{14347, 7},{16624, 7},{3756, 7},{12563, 7},{17336, 7},{10259, 7},{25315, 7},{20976, 7},{8364, 9},
{6131, 7},{12319, 7},{6608, 7},{10256, 7},{6129, 7},{4477, 7},{17026, 7},{118, 7},{2152, 7},{16415, 7},
{3761, 7},{5600, 7},{8363, 9},{4481, 7},{10794, 7},{17331, 7},{13313, 0},{19995, 7},{7422, 7},{22133, 7},
{26435, 7},{713, 7},{23454, 7},{21095, 7},{7387, 7},{712, 7},{18675, 7},{26053, 7},{12087, 7},{21097, 7},
{26059, 7},{7387, 7},{5588, 7},{8864, 7},{6126, 7},{8363, 9},{3765, 7},{17339, 7},{10864, 7},{19321, 7},
{26052, 7},{14337, 7},{24171, 7},{712, 7},{1393, 7},{128, 7},{17335, 7},{24163, 7},{12312, 7},{19319, 7},
{10254, 7},{26407, 7},{12314, 7},{14467, 7},{19320, 7},{19318, 7},{5545, 7},{10796, 7},{21098, 7},{13319, 0},
{126, 7},{8361, 9},{18558, 7},{14464, 7},{10256, 7},{17603, 7},{2153, 7},{6608, 7},{12316, 7},{710, 7},
{24401, 7},{5536, 7},{9972, 7},{6307, 7},{22141, 7},{6127, 7},{10839, 7},{16433, 7},{16623, 7},{8866, 7},
{17333, 7},{6126, 7},{8362, 9},{17021, 7},{6129, 7},{13223, 7},{13224, 7},{7715, 7},{16825, 7},{17017, 7},
{9911, 7},{16618, 7},{24167, 7},{3765, 7},{16437, 17},{9117, 17},{11966, 17},{11351, 17},{9086, 17},{22519, 17},
{6168, 17},{12488, 17},{4106, 17},{4079, 17},{899, 3},{6174, 17},{8216, 17},{12904, 17},{9082, 17},{13330, 15},
{16616, 15},{13332, 15},{21974, 15},{14540, 15},{190, 15},{6650, 15},{17737, 15},{9179, 15},{21337, 15},{988, 15},
{13123, 15},{24060, 15},{908, 15},{14996, 15},{7233, 15},{22279, 15},{22621, 15},{19230, 15},{15719, 3},{16867, 3},
{13593, 3},{7080, 17},{2260, 15},{24941, 15},{10378, 15},{1781, 15},{4687, 17},{22281, 15},{2868, 15},{9188, 15},
{21967, 15},{1787, 15},{13637, 15},{12382, 15},{17957, 15},{11640, 15},{10239, 15},{22034, 15},{24054, 15},{16444, 15},
{193, 15},{17508, 15},{14226, 15},{13638, 15},{13638, 15},{24217, 17},{13865, 15},{12377, 15},{10240, 15},{22937, 15},
{12779, 15},{14226, 15},{16717, 17},{13625, 17},{4576, 17},{21894, 17},{10159, 17},{5795, 17},{22867, 17},{26274, 17},
{174, 17},{19260, 17},{5658, 15},{16454, 15},{10020, 15},{9740, 15},{23867, 15},{20707, 15},{20710, 15},{11941, 15},
{21327, 15},{2365, 15},{12239, 15},{21714, 15},{13836, 15},{5737, 15},{11032, 15},{10406, 15},{9751, 15},{12242, 15},
{13117, 15},{18272, 15},{18273, 15},{3365, 15},{8057, 15},{2935, 15},{13834, 15},{260, 15},{25089, 15},{24855, 15},
{24855, 15},{18371, 15},{1640, 15},{21713, 15},{25752, 15},{18163, 15},{22805, 17},{7567, 17},{13770, 17},{13917, 15},
{8211, 15},{17746, 15},{21621, 15},{12392, 15},{20009, 15},{10362, 15},{17995, 15},{1773, 15},{12397, 15},{10359, 15},
{14959, 15},{21597, 15},{23186, 15},{16351, 15},{14960, 15},{4698, 15},{11742, 15},{19616, 15},{444, 15},{14110, 15},
{21870, 15},{556, 15},{20003, 15},{3917, 17},{60, 15},{13624, 17},{18702, 17},{24569, 13},{22385, 12},{12331, 3},
{4369, 13},{21001, 3},{4471, 17},{23260, 17},{17208, 17},{26009, 7},{3416, 7},{23847, 7},{26003, 9},{16997, 7},
{26003, 9},{16989, 7},{20363, 7},{3425, 7},{16989, 7},{26221, 9},{24489, 7},{5515, 7},{16990, 7},{7379, 7},
{19286, 7},{24396, 7},{9585, 7},{24488, 7},{16993, 7},{10220, 7},{680, 7},{26221, 9},{679, 7},{26008, 7},
{24494, 7},{675, 7},{24494, 7},{10224, 7},{26223, 9},{23965, 7},{23501, 7},{23852, 7},{7382, 7},{26220, 9},
{24493, 7},{26230, 9},{24490, 7},{5510, 7},{679, 7},{26222, 9},{20354, 7},{23855, 7},{24499, 7},{19283, 7},
{10218, 7},{26229, 9},{16991, 7},{23851, 7},{16990, 7},{23976, 7},{16988, 7},{26011, 7},{3414, 7},{26230, 9},
{23160, 17},{12737, 17},{25289, 17},{20976, 17},{2153, 17},{17425, 15},{15669, 15},{838, 15},{2852, 15},{15116, 15},
{2857, 15},{9991, 15},{12554, 15},{10042, 15},{4032, 15},{9992, 15},{10051, 15},{6483, 15},{21674, 15},{415, 15},
{5927, 15},{8800, 15},{89, 15},{18222, 15},{1328, 15},{7950, 15},{839, 15},{6800, 17},{18310, 17},{662, 17},
{6095, 17},{16521, 17},{22016, 17},{24503, 3},{4212, 3},{11318, 3},{2465, 13},{18598, 17},{10587, 3},{17852, 3},
{5020, 3},{666, 17},{2915, 17},{13044, 17},{3009, 17},{9600, 17},{15994, 17},{972, 17},{1300, 17},{25318, 17},
{9595, 17},{25495, 17},{25907, 17},{895, 12},{632, 3},{8768, 3},{20363, 3},{5285, 3},{16865, 3},{19555, 17},
{3915, 17},{11318, 17},{22410, 17},{15546, 17},{21104, 17},{25781, 17},{12943, 17},{4170, 17},{2405, 17},{4636, 17},
{2817, 17},{4725, 8},{7263, 8},{4000, 8},{6530, 8},{24807, 8},{10665, 8},{10562, 8},{3222, 8},{11125, 8},
{11757, 8},{9618, 8},{22244, 8},{10520, 17},{16960, 17},{10666, 8},{24806, 8},{4724, 8},{11756, 8},{7262, 8},
{9619, 8},{6531, 8},{10873, 8},{3999, 8},{11126, 8},{22534, 8},{22245, 8},{17486, 17},{4252, 17},{23780, 17},
{14757, 17},{20565, 17},{16861, 17},{20400, 17},{23820, 17},{18611, 17},{2242, 17},{4652, 17},{17687, 17},{800, 17},
{25932, 7},{21873, 7},{7185, 9},{19025, 7},{15162, 7},{15168, 7},{104, 7},{25824, 7},{6526, 7},{21918, 7},
{22407, 7},{11208, 7},{2648, 7},{6525, 7},{21875, 7},{25938, 7},{17639, 7},{15166, 7},{6524, 7},{6013, 7},
{12926, 7},{7195, 9},{12927, 7},{15170, 7},{13094, 7},{15166, 7},{103, 7},{11796, 7},{17647, 7},{10818, 7},
{11261, 7},{8178, 7},{15987, 7},{16482, 7},{7975, 7},{14597, 7},{11798, 7},{15999, 7},{15168, 7},{19734, 7},
{6015, 7},{22409, 7},{23034, 7},{3674, 7},{15994, 7},{14819, 0},{6190, 7},{6007, 7},{4901, 7},{15142, 7},
{7186, 9},{2655, 7},{6193, 7},{23354, 7},{2654, 7},{23037, 7},{9327, 7},{23316, 7},{8199, 7},{19020, 7},
{16197, 7},{22400, 7},{23352, 7},{7186, 9},{6526, 7},{15169, 7},{22409, 7},{21882, 7},{18609, 0},{3678, 7},
{23388, 7},{21872, 7},{11251, 7},{4620, 7},{12466, 7},{7193, 9},{23162, 7},{16199, 7},{12534, 7},{25936, 7},
{24275, 7},{25414, 7},{19737, 7},{4912, 7},{19736, 7},{19025, 7},{11208, 7},{24274, 7},{6008, 7},{4903, 7},
{21877, 7},{275, 7},{103, 7},{19737, 7},{22108, 7},{25824, 7},{1014, 0},{8175, 7},{7193, 9},{6192, 7},
{6011, 7},{6010, 7},{15142, 7},{3370, 7},{4020, 7},{23354, 7},{8198, 7},{3673, 7},{21879, 7},{98, 7},
{7194, 9},{16203, 7},{3115, 7},{8192, 7},{12463, 7},{4634, 0},{23530, 7},{6196, 7},{25931, 7},{24554, 7},
{99, 7},{4070, 7},{23035, 7},{22404, 7},{98, 7},{8182, 7},{2647, 7},{9332, 7},{16476, 7},{25754, 7},
{12926, 7},{4900, 7},{23320, 7},{7194, 9},{8199, 7},{11800, 7},{25935, 7},{4472, 0},{23038, 7},{14603, 7},
{8197, 7},{13096, 7},{15166, 7},{23315, 7},{16204, 7},{16202, 7},{22768, 7},{5565, 17},{4911, 7},{11799, 7},
{25931, 7},{4620, 7},{17469, 7},{3670, 7},{21879, 7},{6199, 7},{9469, 9},{25414, 7},{9333, 7},{12466, 7},
{11796, 7},{4019, 7},{23034, 7},{16479, 7},{13739, 7},{98, 7},{21872, 7},{11795, 7},{4902, 7},{9329, 7},
{14599, 7},{100, 7},{14598, 7},{16476, 7},{6006, 7},{9328, 7},{9469, 9},{4620, 7},{16198, 7},{23315, 7},
{8197, 7},{25753, 7},{11261, 7},{15167, 7},{14597, 7},{6007, 7},{3115, 7},{6013, 7},{11797, 7},{6008, 7},
{10820, 7},{4625, 7},{15165, 7},{9327, 7},{15988, 7},{13102, 7},{15036, 15},{15046, 15},{15049, 15},{15050, 15},
{3365, 15},{10307, 1},{16866, 1},{632, 1},{15048, 15},{3009, 1},{15047, 15},{12672, 1},{10655, 15},{6020, 1},
{15045, 15},{11854, 1},{25774, 1},{10636, 15},{13346, 1},{15051, 15},{17676, 1},{6023, 1},{11900, 15},{9524, 1},
{9825, 15},{20110, 1},{7495, 15},{4045, 1},{13756, 1},{8615, 1},{4050, 1},{1900, 1},{10406, 15},{11890, 15},
{7494, 15},{10407, 15},{15482, 1},{11941, 15},{1902, 1},{3019, 1},{11990, 15},{23725, 1},{4046, 1},{9847, 15},
{11950, 15},{11906, 15},{13289, 15},{23857, 15},{23866, 15},{13290, 15},{23862, 15},{23858, 15},{13291, 15},{23867, 15},
{23861, 15},{24503, 1},{23863, 15},{13292, 15},{23865, 15},{23864, 15},{23868, 15},{18592, 1},{16448, 15},{20109, 1},
{16454, 15},{16458, 15},{1341, 1},{4052, 1},{3471, 1},{13347, 1},{1342, 1},{19899, 15},{19906, 15},{8907, 15},
{20106, 1},{16447, 15},{19901, 15},{16459, 15},{6274, 1},{13349, 1},{19905, 15},{10024, 15},{8608, 1},{20637, 15},
{8609, 1},{10020, 15},{10027, 15},{1898, 1},{20635, 15},{20636, 15},{10022, 15},{20633, 15},{20632, 15},{20634, 15},
{17075, 1},{20630, 15},{12039, 1},{10026, 15},{10019, 15},{6026, 1},{9761, 1},{10029, 15},{1346, 1},{3012, 1},
{20631, 15},{10023, 15},{14273, 1},{10028, 15},{15011, 1},{10025, 15},{23726, 1},{3535, 15},{3537, 15},{3536, 15},
{3532, 15},{18836, 1},{13747, 1},{3538, 15},{3539, 15},{15476, 1},{3531, 15},{3540, 15},{24504, 1},{3534, 15},
{4044, 1},{17670, 1},{6634, 1},{3533, 15},{12147, 15},{2365, 15},{12148, 15},{12152, 15},{2817, 1},{2370, 15},
{2369, 15},{12145, 15},{19835, 15},{2371, 15},{10849, 1},{12150, 15},{16865, 1},{12143, 15},{12144, 15},{12149, 15},
{10847, 1},{14538, 15},{12151, 15},{7192, 3},{16868, 3},{3456, 3},{13433, 13},{14815, 3},{24347, 3},{10115, 15},
{9755, 1},{20113, 1},{10107, 15},{7883, 15},{10108, 15},{10111, 15},{10114, 15},{10109, 15},{16868, 1},{7880, 15},
{7882, 15},{8136, 15},{10106, 15},{7885, 15},{20114, 1},{11852, 1},{25379, 1},{10110, 15},{10105, 15},{3928, 1},
{7881, 15},{13354, 1},{635, 1},{9762, 1},{7884, 15},{8067, 15},{23729, 1},{8061, 15},{24587, 15},{22703, 15},
{24589, 15},{8066, 15},{8064, 15},{25474, 15},{17678, 1},{21009, 1},{8063, 15},{4953, 1},{8065, 15},{8059, 15},
{26141, 1},{24588, 15},{8058, 15},{24586, 15},{1345, 1},{14271, 1},{8199, 17},{8897, 15},{18254, 15},{383, 15},
{1153, 15},{1232, 15},{12552, 15},{18257, 15},{12547, 15},{3337, 15},{11716, 15},{21910, 15},{13250, 15},{826, 15},
{23919, 15},{16726, 15},{12550, 15},{12888, 17},{2800, 15},{17305, 15},{22946, 1},{9827, 15},{2797, 15},{10433, 1},
{2794, 15},{882, 1},{2802, 15},{3641, 1},{2795, 15},{3640, 1},{2793, 15},{5994, 15},{24045, 1},{5993, 15},
{2798, 15},{2801, 15},{5799, 1},{2796, 15},{2799, 15},{19568, 15},{9249, 15},{19566, 15},{22347, 1},{19565, 15},
{3331, 15},{23591, 1},{19561, 15},{22603, 1},{19560, 15},{19567, 15},{7560, 1},{19564, 15},{19562, 15},{17949, 1},
{19563, 15},{3337, 15},{9247, 15},{19569, 15},{3339, 15},{25445, 15},{20664, 15},{16317, 15},{16312, 15},{16321, 15},
{25444, 15},{16316, 15},{1836, 1},{153, 1},{16315, 15},{4866, 1},{16314, 15},{25441, 15},{16318, 15},{1840, 1},
{16319, 15},{16311, 15},{19521, 1},{25443, 15},{16320, 15},{3917, 1},{26234, 1},{17212, 1},{22952, 15},{22960, 15},
{22956, 15},{22954, 15},{10015, 1},{7558, 1},{16420, 15},{874, 1},{22951, 15},{11056, 1},{22959, 15},{22957, 15},
{22940, 1},{22958, 15},{22953, 15},{22955, 15},{7459, 15},{9192, 15},{12888, 1},{10896, 1},{7557, 1},{7458, 15},
{22602, 1},{7455, 15},{7454, 15},{7456, 15},{7457, 15},{7452, 15},{7453, 15},{9191, 15},{7461, 15},{7460, 15},
{16223, 15},{16221, 15},{16227, 15},{16218, 15},{16224, 15},{16219, 15},{16225, 15},{16228, 15},{16222, 15},{16220, 15},
{8894, 15},{24347, 1},{8890, 15},{8889, 15},{8667, 1},{8897, 15},{8891, 15},{8892, 15},{17215, 1},{8895, 15},
{8896, 15},{10834, 15},{7105, 1},{8893, 15},{11196, 1},{10835, 15},{17210, 1},{8888, 15},{22612, 1},{5791, 1},
{1969, 1},{11198, 1},{21909, 15},{21911, 15},{21913, 15},{21917, 15},{21914, 15},{26237, 1},{22345, 1},{18111, 1},
{21908, 15},{4361, 1},{21912, 15},{373, 1},{21916, 15},{3642, 1},{21910, 15},{21915, 15},{1342, 17},{9551, 12},
{14048, 3},{8272, 3},{12265, 3},{10844, 13},{2997, 15},{4358, 1},{18877, 15},{3638, 1},{18878, 15},{3002, 15},
{2996, 15},{3007, 15},{8940, 1},{2995, 15},{3006, 15},{3000, 15},{22942, 1},{3001, 15},{18879, 15},{2998, 15},
{2999, 15},{1263, 15},{1265, 15},{22353, 1},{17762, 1},{1261, 15},{1264, 15},{26233, 1},{1262, 15},{1266, 15},
{10018, 1},{3637, 1},{15832, 1},{1258, 15},{1257, 15},{1259, 15},{3907, 1},{1260, 15},{6834, 8},{22013, 8},
{19221, 8},{12194, 8},{26301, 8},{8932, 8},{4534, 8},{18966, 8},{21048, 8},{2288, 8},{1394, 8},{7716, 8},
{17647, 8},{17565, 8},{15011, 8},{17505, 15},{13754, 15},{8354, 15},{9145, 15},{17639, 8},{22109, 8},{7479, 8},
{18970, 8},{8940, 8},{7722, 8},{17561, 8},{26296, 8},{4529, 8},{6842, 8},{22021, 8},{2296, 8},{12189, 8},
{15018, 8},{8582, 8},{4530, 8},{22107, 8},{8941, 8},{18971, 8},{26297, 8},{17640, 8},{2297, 8},{7723, 8},
{12188, 8},{15017, 8},{22020, 8},{8581, 8},{7478, 8},{17560, 8},{6841, 8},{15016, 8},{22019, 8},{22112, 8},
{6840, 8},{2294, 8},{7720, 8},{12187, 8},{17563, 8},{273, 8},{8938, 8},{18972, 8},{19196, 8},{26298, 8},
{11414, 8},{4527, 8},{15015, 8},{4528, 8},{12186, 8},{8939, 8},{26299, 8},{6839, 8},{22018, 8},{7476, 8},
{22111, 8},{17562, 8},{8585, 8},{7721, 8},{18973, 8},{274, 8},{2295, 8},{7726, 8},{17557, 8},{275, 8},
{18974, 8},{7483, 8},{2292, 8},{15022, 8},{26292, 8},{8936, 8},{4525, 8},{6838, 8},{12185, 8},{12564, 8},
{22017, 8},{11450, 8},{12213, 15},{14396, 15},{12183, 8},{18976, 8},{22015, 8},{7724, 8},{8934, 8},{15020, 8},
{22129, 8},{2290, 8},{7481, 8},{4523, 8},{1392, 8},{26294, 8},{6836, 8},{17645, 8},{17559, 8},{12182, 8},
{1391, 8},{17558, 8},{22014, 8},{4524, 8},{2291, 8},{7725, 8},{6835, 8},{7480, 8},{8935, 8},{12565, 8},
{282, 8},{18977, 8},{15019, 8},{26295, 8},{18703, 15},{15480, 15},{23511, 17},{5881, 15},{13754, 15},{11008, 15},
{8373, 15},{14148, 15},{7098, 12},{3908, 3},{3011, 17},{7052, 17},{25914, 8},{22070, 17},{19733, 17},{7799, 17},
{4570, 17},{2119, 3},{4133, 13},{3152, 3},{7877, 3},{18539, 17},{17280, 17},{717, 17},{11070, 17},{25912, 8},
{17809, 17},{25910, 8},{397, 17},{25909, 8},{5601, 17},{4716, 17},{6385, 8},{9127, 8},{20877, 8},{8361, 8},
{8150, 8},{14681, 8},{24569, 8},{17263, 8},{9345, 8},{4369, 8},{23945, 8},{12522, 8},{25918, 8},{2463, 8},
{7092, 8},{20314, 17},{25906, 8},{1690, 17},{24816, 17},{15010, 17},{24393, 17},{5568, 17},{10462, 17},{13734, 17},
{22509, 17},{23338, 17},{17256, 17},{12587, 17},{22120, 17},{13409, 17},{1844, 17},{16704, 17},{12470, 17},{4751, 17},
{5594, 17},{19682, 15},{2287, 15},{23139, 15},{2320, 15},{21980, 17},{8598, 15},{8532, 15},{456, 15},{15666, 15},
{19662, 15},{12442, 17},{25364, 17},{20447, 17},{598, 17},{17176, 17},{3156, 17},{18787, 8},{20719, 8},{12332, 8},
{2624, 8},{22804, 8},{4132, 8},{1448, 8},{5019, 8},{6287, 8},{10846, 8},{19719, 8},{15412, 8},{11071, 8},
{7270, 8},{6296, 8},{11317, 17},{20862, 17},{5020, 8},{4133, 8},{1449, 8},{10845, 8},{19526, 8},{7271, 8},
{14304, 8},{6285, 8},{15902, 8},{12331, 8},{25238, 8},{18788, 8},{22803, 8},{20195, 8},{20718, 8},{14239, 17},
{406, 17},{23852, 17},{23953, 17},{16378, 17},{16080, 15},{14447, 15},{4227, 15},{14523, 15},{14525, 15},{25050, 15},
{7666, 15},{21021, 15},{8734, 15},{11548, 15},{18294, 15},{1191, 15},{2273, 15},{2271, 15},{5273, 15},{2457, 15},
{14907, 15},{1185, 15},{23204, 15},{7659, 15},{8029, 15},{23411, 15},{2235, 15},{23709, 15},{25232, 8},{20193, 8},
{18791, 8},{7277, 8},{11086, 8},{22811, 8},{20722, 8},{26317, 15},{21354, 15},{13399, 15},{67, 17},{4367, 13},
{24570, 12},{15165, 17},{11248, 17},{19022, 17},{11332, 17},{20434, 17},{21836, 17},{199, 17},{11060, 17},{11278, 17},
{24901, 17},{23302, 17},{21614, 17},{14016, 17},{22327, 17},{16806, 17},{2623, 17},{14481, 3},{3080, 17},{7486, 8},
{1951, 8},{12296, 8},{12132, 8},{16549, 8},{435, 8},{9392, 8},{20380, 8},{23791, 8},{24276, 8},{5696, 8},
{18658, 8},{20825, 8},{26084, 8},{9776, 8},{3415, 17},{7268, 17},{18540, 17},{14597, 17},{21604, 17},{17079, 8},
{18154, 8},{7748, 8},{22745, 8},{3785, 8},{1390, 8},{9007, 8},{12630, 8},{16479, 8},{11198, 8},{15403, 8},
{145, 8},{713, 8},{24536, 8},{18921, 8},{14196, 17},{26237, 3},{12731, 3},{2465, 3},{10925, 3},{10962, 17},
{1416, 17},{16687, 17},{10900, 17},{20594, 17},{21096, 17},{4270, 17},{7906, 17},{11322, 17},{3965, 17},{24511, 17},
{1835, 17},{2625, 17},{21938, 17},{12518, 9},{17680, 7},{15482, 7},{13747, 7},{9762, 7},{10849, 7},{1901, 7},
{13350, 7},{10841, 7},{12519, 9},{23721, 7},{17676, 7},{4047, 7},{871, 9},{16868, 7},{629, 7},{15477, 7},
{21009, 7},{15476, 7},{16871, 7},{632, 7},{23725, 7},{20107, 7},{1898, 7},{635, 7},{16871, 7},{872, 9},
{24505, 7},{17669, 7},{629, 7},{13748, 7},{3009, 7},{867, 9},{20109, 7},{3008, 7},{8611, 7},{13352, 7},
{867, 9},{8609, 7},{20107, 7},{12672, 7},{8606, 7},{3011, 7},{12519, 9},{12516, 9},{13351, 7},{3946, 7},
{12516, 9},{13349, 7},{13346, 7},{9759, 7},{17681, 7},{8613, 7},{12517, 9},{1893, 7},{9764, 7},{13349, 7},
{13222, 17},{24020, 17},{19094, 17},{4868, 17},{868, 17},{24044, 17},{23507, 17},{2012, 17},{20193, 3},{7193, 3},
{7190, 13},{2459, 13},{21351, 4},{11109, 4},{19456, 4},{21446, 4},{18470, 4},{19453, 4},{10201, 4},{8430, 4},
{667, 4},{18465, 4},{8831, 4},{7154, 2},{20843, 14},{2459, 2},{20013, 4},{10199, 4},{5718, 4},{17602, 4},
{2116, 4},{12475, 4},{20367, 4},{20345, 4},{22515, 4},{5601, 4},{2876, 4},{18816, 4},{20373, 4},{20347, 4},
{20714, 2},{16625, 4},{5552, 4},{2880, 4},{1623, 4},{22475, 4},{4720, 4},{15716, 4},{15110, 4},{11438, 14},
{22111, 4},{5595, 4},{4007, 4},{9556, 2},{8836, 4},{2119, 4},{13591, 4},{18560, 4},{25204, 4},{18468, 4},
{9821, 4},{11606, 4},{2780, 4},{11607, 4},{17179, 4},{20369, 4},{10892, 4},{16812, 4},{10787, 4},{11435, 14},
{18559, 4},{20371, 4},{3211, 4},{3215, 4},{12577, 4},{20910, 4},{12629, 4},{19267, 4},{25703, 4},{10782, 4},
{12565, 4},{3390, 4},{18671, 4},{23281, 4},{8830, 4},{22129, 4},{663, 4},{16809, 4},{4724, 4},{669, 4},
{15101, 4},{12612, 4},{15106, 4},{7359, 4},{25324, 4},{18813, 4},{15099, 4},{18464, 4},{14324, 4},{14145, 4},
{12564, 4},{16160, 4},{21048, 4},{16744, 2},{25453, 4},{20722, 2},{17172, 4},{19260, 4},{10696, 4},{22479, 4},
{2115, 4},{7707, 4},{22517, 4},{11110, 4},{22107, 4},{5721, 4},{10784, 4},{19266, 4},{22522, 4},{6667, 4},
{5947, 4},{15104, 4},{2462, 2},{3219, 4},{7354, 4},{19999, 4},{17605, 4},{18674, 4},{13048, 4},{3956, 4},
{20717, 2},{4013, 4},{16589, 4},{25461, 4},{1385, 4},{3598, 4},{10684, 4},{18471, 4},{20344, 4},{11111, 4},
{19599, 4},{3550, 4},{20703, 4},{3212, 4},{14460, 4},{16552, 4},{21423, 4},{3217, 4},{2112, 4},{17174, 4},
{4716, 4},{13049, 4},{22477, 4},{10785, 4},{12470, 4},{19261, 4},{13051, 4},{2879, 4},{23282, 4},{11434, 14},
{13589, 4},{20699, 4},{17288, 2},{7390, 4},{1619, 4},{14322, 4},{25697, 4},{6670, 4},{7152, 2},{15188, 4},
{8442, 4},{11603, 4},{22476, 4},{12255, 4},{3393, 4},{15719, 4},{1622, 4},{20712, 2},{2878, 4},{25205, 4},
{2455, 2},{25460, 4},{7353, 4},{22099, 4},{18466, 4},{9551, 2},{13596, 4},{3588, 4},{17599, 4},{25209, 4},
{21997, 4},{10789, 4},{10680, 4},{10411, 4},{5716, 4},{5598, 4},{20870, 4},{2877, 4},{21994, 4},{4715, 4},
{23288, 4},{7356, 4},{1626, 4},{16802, 4},{18820, 4},{2111, 4},{11605, 4},{10677, 4},{15105, 4},{10192, 4},
{13595, 4},{1387, 4},{25696, 4},{14328, 4},{9559, 2},{17606, 4},{2466, 2},{26443, 4},{18467, 4},{6664, 4},
{22519, 4},{20343, 4},{19259, 4},{10198, 4},{22514, 4},{25695, 4},{13590, 4},{16805, 4},{20886, 4},{7391, 4},
{9552, 2},{14330, 4},{22109, 4},{9554, 2},{17171, 4},{20365, 4},{4718, 4},{15210, 4},{2883, 4},{16542, 4},
{18812, 4},{20718, 2},{20717, 6},{5599, 4},{25700, 4},{1397, 4},{16557, 4},{19932, 4},{20346, 4},{21660, 2},
{3584, 4},{10191, 4},{14318, 4},{5722, 4},{26413, 4},{22002, 4},{3214, 4},{15713, 4},{16801, 4},{380, 4},
{4723, 4},{12474, 4},{2460, 2},{3210, 4},{21093, 4},{19896, 4},{25316, 4},{3523, 4},{13587, 4},{11439, 14},
{14325, 4},{7153, 2},{16811, 4},{1398, 4},{20368, 4},{22481, 4},{668, 4},{15718, 4},{14331, 4},{20715, 2},
{6666, 4},{23287, 4},{18556, 4},{3634, 4},{2464, 2},{20724, 4},{12687, 4},{11015, 4},{18665, 4},{3392, 4},
{19454, 4},{3585, 4},{3969, 4},{23289, 4},{10196, 4},{25699, 4},{3394, 4},{9818, 4},{3388, 4},{10197, 4},
{10200, 4},{23290, 4},{2118, 4},{2885, 4},{17597, 4},{22516, 4},{1621, 4},{18461, 4},{8431, 4},{11432, 14},
{6665, 4},{8828, 4},{11108, 4},{5717, 4},{13044, 4},{18815, 4},{1617, 4},{2114, 4},{7386, 4},{1390, 4},
{25200, 4},{10195, 4},{18819, 4},{125, 4},{670, 4},{3599, 4},{15190, 4},{2110, 4},{19264, 4},{18469, 4},
{19998, 4},{12684, 4},{20342, 4},{25455, 4},{20719, 2},{7388, 4},{7155, 2},{9560, 2},{20716, 2},{1388, 4},
{3386, 4},{8835, 4},{1947, 4},{10403, 4},{19447, 4},{3391, 4},{3218, 4},{7597, 4},{6675, 4},{12678, 4},
{664, 4},{17180, 4},{14470, 4},{6671, 4},{16162, 4},{23285, 4},{2463, 2},{25701, 4},{25454, 4},{14326, 4},
{20374, 4},{1620, 4},{7350, 4},{9816, 4},{11429, 14},{17178, 4},{8959, 4},{20713, 2},{13593, 4},{3395, 4},
{3389, 4},{10783, 4},{17604, 4},{22112, 4},{2465, 2},{20348, 4},{6669, 4},{16854, 4},{18557, 4},{17175, 4},
{22006, 4},{23286, 4},{14457, 4},{20366, 4},{19265, 4},{20370, 4},{20867, 4},{2117, 4},{18462, 4},{9831, 4},
{13586, 4},{12682, 4},{25698, 4},{17173, 4},{9558, 2},{12680, 4},{22483, 4},{1386, 4},{23291, 4},{10674, 4},
{22520, 4},{19448, 4},{6668, 4},{2881, 4},{8832, 4},{2886, 4},{19262, 4},{24393, 4},{7383, 4},{4719, 4},
{25125, 4},{7358, 4},{8829, 4},{14329, 4},{24394, 4},{4721, 4},{12472, 4},{5554, 4},{18554, 4},{12573, 4},
{25321, 4},{21371, 4},{20000, 4},{22097, 4},{19994, 4},{19263, 4},{11107, 4},{25201, 4},{3216, 4},{22478, 4},
{8833, 4},{11430, 14},{4722, 4},{25704, 4},{20372, 4},{18561, 4},{14327, 4},{5589, 4},{11112, 4},{22862, 4},
{5590, 4},{11604, 4},{3590, 4},{16808, 4},{2884, 4},{22116, 4},{25457, 4},{11113, 4},{14149, 4},{2456, 2},
{9893, 4},{2014, 4},{16157, 4},{19996, 4},{21107, 4},{2113, 4},{15100, 4},{25210, 4},{21359, 4},{18811, 4},
{23827, 4},{11428, 14},{11602, 4},{1624, 4},{7712, 4},{25208, 4},{12471, 4},{22873, 4},{8827, 4},{15714, 4},
{11433, 14},{25702, 4},{17176, 4},{12618, 4},{1389, 4},{9555, 2},{22518, 4},{2461, 2},{19258, 4},{25206, 4},
{18814, 4},{5596, 4},{15717, 4},{8826, 4},{3213, 4},{7352, 4},{16806, 4},{22482, 4},{9557, 2},{16810, 4},
{7355, 4},{5715, 4},{9553, 2},{9828, 4},{17598, 4},{3385, 4},{22521, 4},{22480, 4},{18818, 4},{22513, 4},
{5538, 4},{4725, 4},{7719, 4},{2882, 4},{11114, 4},{12469, 4},{13592, 4},{11431, 14},{2827, 4},{9908, 4},
{22474, 4},{10791, 4},{12476, 4},{12473, 4},{15109, 4},{17177, 4},{15103, 4},{5965, 4},{16807, 4},{12467, 4},
{10202, 4},{10971, 4},{7384, 4},{13588, 4},{3586, 4},{7392, 4},{10786, 4},{6674, 4},{21094, 4},{15720, 4},
{14321, 4},{18555, 4},{25211, 4},{12468, 4},{18817, 4},{5725, 4},{1574, 17},{18583, 17},{16177, 17},{15018, 17},
{7376, 17},{12536, 3},{13476, 3},{7551, 3},{21648, 3},{3159, 3},{12261, 3},{10920, 17},{26053, 17},{26168, 17},
{3167, 17},{20192, 17},{13661, 17},{3236, 17},{6230, 13},{7696, 3},{16869, 3},{395, 3},{5092, 13},{25279, 3},
{4119, 12},{8749, 17},{22480, 17},{12172, 17},{167, 17},{9211, 17},{7220, 17},{13431, 9},{2744, 7},{22372, 7},
{2743, 7},{3236, 7},{3237, 7},{14064, 7},{17740, 7},{13432, 9},{17099, 7},{17741, 7},{21650, 7},{13432, 9},
{10926, 7},{10927, 7},{9787, 7},{10928, 7},{22371, 7},{2743, 7},{13433, 9},{21261, 7},{67, 7},{18534, 17},
{15710, 15},{15705, 15},{15709, 15},{22043, 1},{15711, 15},{15715, 15},{15712, 15},{17732, 1},{21644, 1},{15708, 15},
{15969, 1},{22878, 1},{15707, 15},{2004, 1},{15212, 15},{15706, 15},{22370, 7},{918, 7},{2009, 7},{13435, 9},
{9783, 7},{3233, 7},{17733, 7},{25824, 17},{21248, 17},{14207, 17},{13478, 17},{10924, 7},{13436, 9},{23827, 17},
{24986, 17},{2749, 7},{13437, 9},{9786, 7},{3232, 7},{17120, 7},{2310, 17},{21477, 17},{3238, 7},{15599, 7},
{920, 7},{1575, 7},{8704, 7},{13437, 9},{13438, 9},{7123, 7},{21268, 7},{21644, 7},{12261, 17},{4981, 17},
{5655, 17},{7825, 17},{17708, 17},{20365, 3},{3157, 12},{874, 3},{7409, 17},{13721, 17},{4091, 17},{17331, 17},
{311, 17},{19302, 10},{11313, 10},{21584, 10},{13318, 10},{2933, 10},{24487, 10},{25289, 10},{10841, 10},{587, 10},
{16589, 10},{5487, 10},{13350, 10},{8574, 10},{26168, 10},{10959, 10},{4250, 10},{1539, 10},{4358, 10},{22482, 10},
{25300, 10},{14068, 10},{2743, 10},{18245, 10},{2744, 10},{23723, 10},{16384, 10},{883, 10},{7382, 10},{14719, 10},
{24677, 10},{21608, 10},{1542, 10},{14053, 10},{23763, 10},{683, 10},{19332, 10},{19521, 10},{11661, 10},{9903, 10},
{3171, 10},{21104, 10},{22373, 10},{15842, 10},{12736, 10},{633, 10},{6698, 10},{16708, 10},{7133, 10},{23853, 10},
{5562, 10},{5564, 10},{20112, 10},{21400, 10},{14658, 10},{717, 10},{20374, 10},{20277, 10},{14815, 10},{21083, 10},
{11056, 10},{3411, 10},{5285, 10},{18439, 10},{4966, 10},{11679, 10},{7682, 10},{15602, 10},{7869, 10},{18435, 10},
{4474, 10},{3641, 10},{4170, 10},{26010, 10},{2175, 10},{1413, 10},{67, 10},{642, 10},{17827, 10},{986, 10},
{25947, 10},{608, 10},{9761, 10},{4472, 10},{12299, 10},{4267, 10},{21591, 10},{18037, 10},{24045, 10},{3426, 10},
{16867, 10},{4142, 10},{15727, 10},{11059, 10},{25952, 10},{3916, 10},{5287, 10},{22479, 10},{14819, 10},{20589, 10},
{1540, 10},{9759, 10},{20686, 10},{6695, 10},{14355, 10},{18584, 10},{4176, 10},{6665, 10},{8602, 10},{5577, 10},
{14358, 10},{4469, 10},{4471, 10},{22942, 10},{15576, 10},{14487, 10},{880, 10},{18616, 10},{17831, 10},{8613, 10},
{20689, 10},{23555, 10},{21647, 10},{21395, 10},{21394, 10},{5486, 10},{3414, 10},{2012, 10},{1414, 10},{14065, 10},
{1014, 10},{591, 10},{8567, 10},{4077, 10},{4139, 10},{16041, 10},{8776, 10},{10983, 10},{19283, 10},{12495, 10},
{25954, 10},{17762, 10},{5482, 10},{6701, 10},{13588, 10},{16919, 10},{3644, 10},{1395, 10},{9705, 10},{21116, 10},
{4174, 10},{14343, 10},{19074, 10},{10849, 10},{18450, 10},{1545, 10},{12458, 10},{4366, 10},{13319, 10},{3213, 10},
{8769, 10},{19282, 10},{6667, 10},{21108, 10},{8777, 10},{12497, 10},{19328, 10},{1941, 10},{9764, 10},{18430, 10},
{17739, 10},{18353, 10},{23504, 10},{21613, 10},{21120, 10},{22843, 10},{19288, 10},{18819, 10},{12459, 10},{4967, 10},
{16042, 10},{4137, 10},{4217, 10},{8615, 10},{12264, 10},{23768, 10},{12961, 10},{3425, 10},{13539, 10},{10219, 10},
{8835, 10},{7678, 10},{12669, 10},{10438, 10},{18252, 10},{12730, 10},{1693, 10},{11665, 10},{20274, 10},{1931, 10},
{22947, 10},{9786, 10},{1623, 10},{18087, 10},{2115, 10},{19516, 10},{10988, 10},{11510, 10},{3702, 10},{16822, 10},
{16771, 10},{644, 10},{18454, 10},{21392, 10},{1942, 10},{25779, 10},{19965, 10},{14668, 10},{4465, 10},{17829, 10},
{4276, 10},{21225, 10},{16383, 10},{1930, 10},{17210, 10},{19322, 10},{22503, 10},{7356, 10},{1400, 10},{3215, 10},
{13544, 10},{20084, 10},{16995, 10},{18431, 10},{16892, 10},{20596, 10},{586, 10},{604, 10},{4641, 10},{153, 10},
{14488, 10},{22477, 10},{7359, 10},{20373, 10},{1937, 10},{11066, 10},{6694, 10},{20356, 10},{14064, 10},{1411, 10},
{17209, 10},{18609, 10},{11316, 10},{4141, 10},{13348, 10},{7557, 10},{16008, 10},{8605, 10},{8885, 10},{12452, 10},
{18457, 10},{24013, 10},{20907, 10},{2062, 10},{11057, 10},{14239, 10},{10224, 10},{4634, 10},{13538, 10},{4045, 10},
{15714, 10},{20362, 10},{15476, 10},{10213, 10},{13545, 10},{17232, 10},{1541, 10},{16788, 10},{24673, 10},{16389, 10},
{3234, 10},{23554, 10},{13352, 10},{26026, 10},{8833, 10},{18433, 10},{25277, 10},{7350, 10},{22500, 10},{3233, 10},
{9782, 10},{9760, 10},{25215, 10},{11670, 10},{21110, 10},{631, 10},{16767, 10},{10960, 10},{16772, 10},{14340, 10},
{11680, 10},{9545, 10},{4058, 10},{630, 10},{18248, 10},{26025, 10},{7553, 10},{15716, 10},{3230, 10},{22878, 10},
{10444, 10},{16917, 10},{5510, 10},{9783, 10},{3417, 10},{879, 10},{1019, 10},{24875, 10},{14481, 10},{13756, 10},
{4213, 10},{4074, 10},{16046, 10},{1578, 10},{7872, 10},{25281, 10},{2011, 10},{718, 10},{724, 10},{8848, 10},
{8920, 10},{3216, 10},{4248, 10},{18247, 10},{6703, 10},{8626, 10},{14356, 10},{10132, 10},{12499, 10},{2006, 10},
{16988, 10},{14345, 10},{23725, 10},{7867, 10},{14657, 10},{4969, 10},{11314, 10},{20272, 10},{3019, 10},{1619, 10},
{1544, 10},{9913, 10},{22848, 10},{14665, 10},{25953, 10},{4169, 10},{2745, 10},{9961, 10},{1940, 10},{25307, 10},
{22501, 10},{10177, 10},{1690, 10},{22256, 10},{23764, 10},{17853, 10},{16868, 10},{17676, 10},{3236, 10},{9755, 10},
{12258, 10},{13322, 10},{23727, 10},{20694, 10},{8837, 10},{4212, 10},{13625, 10},{23728, 10},{21081, 10},{595, 10},
{2117, 10},{9548, 10},{23851, 10},{20360, 10},{18817, 10},{8614, 10},{11065, 10},{13477, 10},{5488, 10},{8829, 10},
{8772, 10},{13616, 10},{13313, 10},{18452, 10},{2066, 10},{16989, 10},{12731, 10},{22374, 10},{15726, 10},{25009, 10},
{21716, 10},{21849, 10},{12537, 10},{8850, 10},{9893, 10},{20278, 10},{20082, 10},{603, 10},{25986, 17},{603, 3},
{17263, 13},{11174, 12},{17120, 3},{905, 13},{12677, 13},{7611, 3},{4332, 17},{20880, 17},{16430, 17},{3088, 17},
{26351, 17},{9370, 17},{12170, 17},{12653, 17},{24471, 17},{7808, 17},{3990, 17},{3216, 3},{4074, 3},{5485, 17},
{15940, 17},{7448, 17},{8619, 17},{24449, 17},{684, 17},{19321, 17},{11666, 17},{23472, 17},{14732, 17},{16995, 17},
{7991, 17},{12519, 13},{4109, 3},{4110, 13},{19329, 3},{7272, 17},{11128, 17},{11178, 17},{12703, 17},{16835, 17},
{15514, 3},{10219, 3},{18782, 17},{26260, 15},{13201, 15},{26262, 15},{26264, 15},{360, 15},{23992, 15},{23994, 15},
{12053, 15},{23993, 15},{2025, 15},{2027, 15},{2026, 15},{14849, 15},{14848, 15},{17806, 15},{20936, 15},{20935, 15},
{21220, 3},{9453, 3},{17165, 17},{3792, 17},{6013, 17},{4542, 17},{22847, 17},{6893, 17},{15582, 17},{14830, 17},
{18798, 17},{6144, 17},{15576, 17},{373, 17},{21705, 17},{5980, 17},{10587, 17},{19282, 17},{21812, 7},{18699, 7},
{18702, 7},{9063, 7},{16832, 7},{13066, 7},{25501, 7},{3085, 7},{15284, 7},{19964, 7},{21532, 7},{595, 0},
{10808, 7},{17967, 7},{3259, 7},{21815, 7},{22206, 7},{26269, 7},{3087, 7},{10803, 7},{12712, 7},{23689, 7},
{15430, 7},{12710, 7},{18761, 7},{4405, 7},{15102, 7},{4123, 9},{5762, 7},{15285, 7},{15424, 7},{10459, 7},
{23177, 7},{11076, 7},{10465, 7},{19958, 7},{22746, 7},{3255, 7},{2375, 7},{10804, 7},{4407, 7},{11019, 7},
{22809, 9},{12705, 7},{9063, 7},{6137, 7},{22751, 7},{4406, 7},{2377, 7},{4199, 7},{18182, 7},{6140, 7},
{4200, 7},{24076, 7},{3078, 7},{18168, 7},{6138, 7},{4404, 7},{12681, 7},{21530, 7},{2373, 7},{15425, 7},
{5761, 7},{13061, 7},{11615, 7},{19147, 7},{25887, 7},{22749, 7},{22204, 7},{22750, 7},{22809, 9},{6143, 7},
{3592, 7},{4403, 7},{5757, 7},{15949, 7},{9059, 7},{10805, 7},{25407, 7},{11216, 7},{11018, 7},{10811, 7},
{16830, 7},{21306, 7},{17248, 7},{16829, 7},{5719, 7},{6145, 7},{6324, 7},{11333, 7},{2373, 7},{17243, 7},
{12679, 7},{19535, 7},{21817, 7},{24069, 7},{23690, 7},{17569, 7},{18700, 7},{22747, 7},{25451, 7},{24875, 0},
{15426, 7},{4123, 9},{15430, 7},{22021, 7},{12681, 7},{22438, 7},{11070, 7},{17853, 0},{11611, 7},{25416, 7},
{22203, 7},{4005, 7},{9059, 7},{13057, 7},{25887, 7},{22748, 7},{4201, 7},{10808, 7},{11336, 7},{18769, 7},
{25501, 7},{12705, 7},{18880, 7},{3078, 7},{12685, 7},{22811, 9},{22021, 7},{16835, 7},{12712, 7},{23696, 7},
{22810, 9},{10465, 7},{15291, 7},{3255, 7},{2379, 7},{11010, 7},{12781, 7},{26265, 7},{21394, 0},{25500, 7},
{15357, 7},{15360, 7},{5729, 7},{25497, 7},{17246, 7},{14689, 7},{19455, 7},{16827, 7},{25416, 7},{18771, 7},
{4409, 7},{5728, 7},{19144, 7},{13060, 7},{603, 0},{4203, 7},{6142, 7},{22810, 9},{14690, 7},{23177, 7},
{4205, 7},{11217, 7},{5759, 7},{6667, 3},{20718, 13},{5281, 3},{631, 3},{21103, 3},{14866, 3},{22357, 17},
{15766, 17},{22028, 17},{11524, 17},{24629, 17},{18430, 17},{24809, 17},{5344, 17},{21118, 17},{1389, 8},{18922, 8},
{3786, 8},{22744, 8},{712, 8},{18153, 8},{12905, 8},{146, 8},{7749, 8},{15402, 8},{24096, 8},{9006, 8},
{11199, 8},{23639, 8},{16480, 8},{20362, 17},{4063, 17},{17850, 17},{19529, 17},{25302, 17},{5092, 3},{15507, 3},
{22333, 12},{18788, 13},{25550, 17},{9215, 17},{7264, 17},{8800, 15},{26067, 15},{12693, 15},{20134, 15},{20460, 15},
{24419, 15},{15120, 15},{3585, 17},{20594, 3},{6231, 3},{17089, 3},{18584, 3},{11064, 3},{6069, 15},{3200, 15},
{23349, 15},{18514, 15},{8513, 15},{6076, 15},{9692, 15},{9857, 15},{21239, 15},{11358, 15},{18746, 15},{8446, 15},
{23830, 15},{8517, 15},{22686, 15},{13166, 15},{2959, 15},{9950, 15},{21515, 15},{23357, 15},{13144, 15},{9856, 15},
{4939, 15},{14282, 15},{4944, 15},{5254, 17},{19969, 15},{19971, 15},{19970, 15},{19968, 15},{19972, 15},{8817, 15},
{8816, 15},{8814, 15},{8815, 15},{21956, 15},{8110, 15},{21964, 15},{13832, 15},{12093, 15},{6307, 17},{19323, 17},
{26377, 1},{23933, 15},{23934, 15},{19706, 1},{3915, 1},{23935, 15},{21572, 15},{21570, 15},{21573, 15},{7285, 1},
{5790, 1},{1842, 1},{21564, 15},{9406, 1},{4362, 1},{16881, 1},{23932, 15},{23936, 15},{21569, 15},{21565, 15},
{21567, 15},{11062, 1},{21571, 15},{21566, 15},{20781, 1},{21568, 15},{18084, 17},{1582, 15},{1585, 15},{7068, 15},
{12755, 1},{1972, 1},{7070, 15},{7072, 15},{21633, 1},{7065, 15},{7066, 15},{1583, 15},{7559, 1},{17209, 1},
{876, 1},{26236, 1},{7069, 15},{26239, 1},{16714, 15},{1579, 15},{7061, 15},{25183, 1},{14237, 1},{14737, 1},
{1580, 15},{7067, 15},{1584, 15},{4259, 1},{7071, 15},{1581, 15},{1586, 15},{22574, 15},{19704, 1},{7554, 1},
{17208, 1},{22568, 15},{22949, 1},{3913, 1},{18255, 15},{22566, 15},{24048, 1},{22571, 15},{18254, 15},{22941, 1},
{22570, 15},{22572, 15},{22569, 15},{18259, 15},{18113, 1},{18257, 15},{18256, 15},{22567, 15},{26367, 1},{22565, 15},
{22573, 15},{16729, 15},{16720, 15},{15961, 15},{16725, 15},{7282, 1},{17297, 15},{17298, 15},{15962, 15},{17299, 15},
{15968, 15},{15963, 15},{15960, 15},{1976, 1},{11053, 1},{16723, 15},{17302, 15},{20774, 1},{17300, 15},{16726, 15},
{1229, 15},{19208, 15},{23592, 1},{19211, 15},{12303, 1},{1232, 15},{19207, 15},{1234, 15},{3908, 1},{19215, 15},
{19209, 15},{19206, 15},{1226, 15},{22611, 1},{7556, 1},{16878, 1},{1231, 15},{7528, 15},{1227, 15},{19216, 15},
{1233, 15},{19213, 15},{7102, 1},{19210, 15},{1228, 15},{875, 1},{19212, 15},{10438, 1},{24038, 1},{24407, 15},
{24412, 15},{172, 1},{2423, 15},{8939, 1},{2430, 15},{2426, 15},{24408, 15},{2706, 1},{2420, 15},{24410, 15},
{2427, 15},{24411, 15},{24413, 15},{10439, 1},{19517, 1},{2424, 15},{8662, 1},{18398, 1},{2421, 15},{24415, 15},
{2425, 15},{14741, 1},{7555, 1},{2429, 15},{24417, 15},{7553, 1},{24416, 15},{2428, 15},{24414, 15},{879, 1},
{15075, 17},{24038, 3},{21485, 3},{20279, 3},{1924, 3},{20401, 12},{18168, 17},{24674, 7},{9905, 7},{6943, 7},
{11058, 7},{12542, 7},{24669, 7},{7093, 9},{5561, 7},{24670, 7},{4274, 7},{16703, 7},{7094, 9},{9539, 7},
{16381, 7},{25282, 7},{9906, 7},{25284, 7},{16710, 7},{7094, 9},{9540, 7},{11063, 7},{5565, 7},{6943, 7},
{9541, 7},{4269, 7},{4272, 7},{7091, 9},{24670, 7},{1696, 7},{4271, 7},{4273, 7},{5564, 7},{7092, 9},
{16385, 7},{11064, 7},{9545, 7},{16702, 7},{7092, 9},{23557, 7},{19322, 7},{22503, 7},{11059, 7},{9907, 7},
{9544, 7},{9909, 7},{7089, 9},{11063, 7},{16704, 7},{9810, 7},{22003, 7},{19328, 7},{6933, 7},{11059, 7},
{24678, 7},{4267, 7},{9544, 7},{12535, 7},{7089, 9},{19327, 7},{9538, 7},{7090, 9},{16386, 7},{5562, 7},
{5570, 7},{7090, 9},{4274, 7},{23556, 7},{25292, 7},{16387, 7},{25286, 7},{25288, 7},{1699, 7},{5571, 7},
{25283, 7},{5569, 7},{9340, 17},{6467, 17},{10366, 17},{22414, 17},{18158, 17},{9707, 3},{9459, 3},{2403, 17},
{1630, 17},{12565, 17},{16571, 17},{21506, 17},{16959, 17},{19550, 17},{20348, 17},{146, 17},{5573, 17},{3079, 17},
{25829, 17},{22912, 17},{2218, 17},{25286, 3},{9343, 3},{24044, 3},{22809, 12},{21393, 3},{13203, 13},{11321, 3},
{747, 17},{1926, 4},{26195, 4},{5253, 4},{5254, 4},{19061, 4},{24986, 4},{25188, 4},{16918, 4},{5508, 4},
{8466, 4},{26000, 4},{1929, 4},{10865, 14},{2310, 4},{11316, 4},{6654, 4},{15867, 4},{11321, 4},{13574, 4},
{4077, 4},{77, 4},{20535, 4},{18085, 4},{9011, 4},{10689, 4},{6838, 4},{21390, 4},{10682, 4},{11665, 4},
{10681, 4},{4983, 4},{15449, 2},{8472, 4},{23769, 4},{1924, 4},{19064, 4},{1931, 4},{14564, 4},{1558, 4},
{20533, 4},{8470, 4},{6337, 4},{6472, 4},{14877, 4},{7905, 4},{18454, 4},{82, 4},{164, 4},{3719, 4},
{14556, 4},{10553, 14},{24984, 4},{11667, 4},{15446, 2},{19660, 4},{12488, 4},{12455, 4},{11619, 4},{12451, 4},
{7375, 4},{15447, 2},{74, 4},{7907, 4},{19279, 4},{8263, 4},{6652, 4},{19277, 4},{11313, 4},{10871, 14},
{14833, 4},{15450, 2},{4980, 4},{25926, 2},{13570, 4},{7906, 4},{23010, 4},{23096, 4},{4986, 4},{19270, 4},
{18498, 4},{23114, 4},{9007, 4},{19065, 4},{12486, 4},{10558, 14},{12457, 4},{2308, 4},{13146, 2},{9000, 4},
{11590, 4},{24459, 4},{14885, 4},{16922, 4},{22662, 4},{12333, 2},{11670, 4},{21604, 4},{6470, 4},{9006, 4},
{6335, 4},{7062, 4},{3713, 4},{18086, 4},{163, 4},{19062, 4},{19280, 4},{11751, 4},{24463, 4},{18492, 4},
{13708, 4},{5257, 4},{23016, 4},{5488, 4},{5262, 4},{26198, 4},{6471, 4},{26037, 4},{14835, 4},{8475, 4},
{14834, 4},{19399, 4},{8465, 4},{4112, 2},{21607, 4},{13770, 4},{6659, 4},{2313, 4},{25218, 4},{21385, 4},
{18497, 4},{81, 4},{21613, 4},{18088, 4},{24990, 4},{20531, 4},{13712, 4},{12249, 4},{13150, 2},{8476, 4},
{15448, 2},{13716, 4},{21759, 4},{26006, 4},{6467, 4},{20538, 4},{21392, 4},{12243, 4},{3083, 4},{1920, 4},
{19670, 4},{10499, 4},{2306, 4},{13084, 2},{21387, 4},{1921, 4},{4078, 4},{19060, 4},{12492, 4},{20856, 4},
{7904, 4},{13569, 4},{23764, 4},{18087, 4},{8469, 4},{11668, 4},{21661, 4},{9274, 4},{17536, 4},{25092, 4},
{170, 4},{18457, 4},{23766, 4},{2309, 4},{20507, 4},{23944, 4},{11756, 4},{17511, 4},{8266, 4},{21605, 4},
{16926, 4},{6768, 4},{15451, 2},{1549, 4},{12489, 4},{4074, 4},{25194, 4},{78, 4},{21612, 4},{79, 4},
{12458, 4},{5260, 4},{9009, 4},{8473, 4},{15869, 4},{17527, 4},{17881, 4},{1548, 4},{7908, 4},{19271, 4},
{13718, 4},{5259, 4},{5507, 4},{16440, 14},{13769, 4},{13709, 4},{4081, 4},{23941, 4},{11757, 4},{13149, 2},
{1927, 4},{23105, 4},{1170, 4},{8259, 4},{14094, 4},{19273, 4},{169, 4},{20536, 4},{13575, 4},{25193, 4},
{4981, 4},{23020, 4},{19664, 4},{6842, 4},{14826, 4},{75, 4},{17535, 4},{13775, 4},{17513, 4},{6466, 4},
{13768, 4},{10683, 4},{24461, 4},{7899, 4},{25196, 4},{25223, 4},{11314, 4},{23014, 4},{19070, 4},{8471, 4},
{20869, 4},{13714, 4},{12456, 4},{18230, 4},{24023, 4},{4083, 4},{18232, 4},{21389, 4},{6339, 4},{13571, 4},
{6833, 4},{8277, 4},{23086, 4},{15452, 2},{21454, 4},{6835, 4},{1928, 4},{23017, 4},{13774, 4},{17541, 4},
{13151, 2},{9005, 4},{20528, 4},{21609, 4},{19274, 4},{26199, 4},{25228, 4},{4982, 4},{3716, 4},{1552, 4},
{24471, 4},{11662, 4},{12331, 2},{6464, 4},{14825, 4},{10496, 4},{24987, 4},{10685, 4},{20491, 4},{4084, 4},
{18488, 4},{7901, 4},{8268, 4},{20868, 4},{18453, 4},{14830, 4},{3710, 4},{23111, 4},{24982, 4},{4111, 2},
{6836, 4},{12330, 2},{18493, 4},{7981, 2},{12490, 4},{11320, 4},{11827, 4},{1555, 4},{4987, 4},{19651, 4},
{12235, 4},{167, 4},{4079, 4},{23767, 4},{17554, 4},{18448, 4},{6839, 4},{5255, 4},{23768, 4},{23013, 4},
{11663, 4},{15870, 4},{12329, 2},{5489, 4},{12485, 4},{13713, 4},{10859, 14},{5487, 4},{21606, 4},{11315, 4},
{14829, 4},{6840, 4},{7903, 4},{26197, 4},{5256, 4},{21383, 4},{2304, 4},{10500, 4},{20860, 4},{18229, 4},
{11728, 4},{3711, 4},{20537, 4},{3712, 4},{21388, 4},{12334, 2},{19067, 4},{25195, 4},{17515, 4},{18487, 4},
{20862, 4},{13148, 2},{5261, 4},{5511, 4},{13567, 4},{19309, 4},{10132, 4},{4076, 4},{3709, 4},{13773, 4},
{1169, 4},{8270, 4},{11664, 4},{18233, 4},{12328, 2},{21611, 4},{18449, 4},{8474, 4},{21771, 4},{25023, 4},
{2305, 4},{1167, 4},{11669, 4},{26194, 4},{7244, 4},{26044, 4},{15453, 2},{168, 4},{24462, 4},{10495, 4},
{24464, 4},{6463, 4},{4106, 2},{10492, 4},{4109, 2},{18452, 4},{161, 4},{1553, 4},{18490, 4},{18081, 4},
{26007, 4},{21452, 4},{24989, 4},{19066, 4},{4107, 2},{18235, 4},{15866, 4},{21682, 4},{18084, 4},{20529, 4},
{5482, 4},{5485, 4},{4984, 4},{19889, 14},{13764, 4},{15876, 4},{6778, 4},{20509, 4},{13772, 4},{2312, 4},
{15868, 4},{16921, 4},{23015, 4},{11754, 4},{4985, 4},{19069, 4},{10493, 4},{26196, 4},{18238, 4},{5484, 4},
{13568, 4},{23011, 4},{25189, 4},{12233, 14},{13573, 4},{5504, 4},{6658, 4},{12245, 4},{3088, 4},{20534, 4},
{19063, 4},{1175, 4},{14886, 4},{19395, 4},{24988, 4},{19872, 14},{5486, 4},{1168, 4},{12244, 4},{23762, 4},
{12459, 4},{23943, 4},{1554, 4},{18458, 4},{26040, 4},{11317, 4},{6837, 4},{23012, 4},{19278, 4},{16923, 4},
{83, 4},{25918, 2},{24465, 4},{25229, 4},{25999, 4},{19391, 4},{13771, 4},{11322, 4},{8272, 4},{12250, 4},
{6769, 4},{21391, 4},{12452, 4},{1171, 4},{14828, 4},{25197, 4},{1172, 4},{16919, 4},{165, 4},{13572, 4},
{15871, 4},{18486, 4},{25080, 4},{3718, 4},{26032, 4},{16917, 4},{23019, 4},{7900, 4},{13765, 4},{12328, 6},
{4075, 4},{14831, 4},{12332, 2},{20532, 4},{14101, 4},{11749, 4},{2307, 4},{26005, 4},{11661, 4},{10497, 4},
{24991, 4},{17509, 4},{14883, 4},{13717, 4},{10688, 4},{21608, 4},{25191, 4},{9001, 4},{25224, 4},{13711, 4},
{21461, 4},{6653, 4},{12487, 4},{10561, 14},{18451, 4},{4080, 4},{18089, 4},{80, 4},{23763, 4},{24985, 4},
{18450, 4},{24983, 4},{7902, 4},{25198, 4},{11318, 4},{26029, 4},{15458, 2},{8276, 4},{7376, 4},{13566, 4},
{1930, 4},{162, 4},{6834, 4},{21453, 4},{15865, 4},{12246, 4},{4110, 2},{9010, 4},{1550, 4},{23092, 4},
{18231, 4},{10501, 4},{11666, 4},{11319, 4},{2311, 4},{15864, 4},{166, 4},{10498, 4},{3715, 4},{18491, 4},
{7348, 4},{15443, 4},{13715, 4},{26410, 14},{23770, 4},{18455, 4},{24460, 4},{15457, 2},{15383, 4},{19276, 4},
{6655, 4},{26004, 4},{26200, 4},{18489, 4},{6469, 4},{8274, 4},{76, 4},{4108, 2},{23771, 4},{1173, 4},
{14092, 4},{10687, 4},{21386, 4},{6468, 4},{12460, 4},{25922, 2},{1176, 4},{23765, 4},{20858, 4},{24957, 2},
{16925, 4},{6841, 4},{25192, 4},{18234, 4},{16924, 4},{10554, 14},{18236, 4},{23108, 4},{6344, 4},{23091, 4},
{6657, 4},{13147, 2},{19877, 14},{21384, 4},{6465, 4},{10870, 14},{14880, 4},{10861, 14},{6771, 4},{21758, 4},
{24458, 4},{18080, 4},{19275, 4},{9004, 4},{11758, 4},{1551, 4},{16920, 4},{4978, 4},{9008, 4},{10494, 4},
{14881, 4},{5258, 4},{10686, 4},{18237, 4},{26049, 4},{1557, 4},{19389, 4},{6338, 4},{7351, 4},{25998, 4},
{24470, 4},{4979, 4},{2881, 17},{10178, 17},{12464, 17},{21144, 17},{23667, 17},{24047, 17},{24572, 13},{15580, 3},
{17102, 3},{1571, 3},{3929, 13},{22850, 15},{19428, 15},{7894, 15},{22712, 15},{5828, 15},{5834, 15},{1823, 15},
{11244, 15},{20828, 15},{3035, 15},{13851, 15},{11259, 15},{3028, 15},{22069, 15},{11214, 15},{19522, 15},{2023, 15},
{12044, 15},{20265, 15},{20960, 15},{2022, 15},{22851, 15},{6774, 15},{1770, 15},{13679, 15},{20269, 15},{11255, 15},
{12952, 15},{20960, 15},{1764, 15},{2015, 15},{9377, 15},{14211, 17},{13975, 17},{18479, 17},{22407, 17},{22518, 17},
{13802, 17},{8612, 17},{5725, 17},{631, 17},{11300, 17},{12262, 17},{7271, 12},{26150, 15},{19773, 15},{12000, 15},
{3736, 15},{5192, 15},{12128, 15},{21813, 15},{3738, 15},{11153, 15},{9678, 15},{25568, 15},{11979, 15},{15528, 15},
{11984, 15},{3736, 15},{19830, 15},{6548, 15},{13781, 15},{13781, 15},{25568, 15},{5886, 15},{11835, 15},{19876, 15},
{26150, 15},{23805, 15},{11391, 15},{13786, 15},{4822, 15},{8375, 15},{13605, 15},{4375, 15},{10443, 17},{4139, 17},
{21064, 17},{14206, 17},{12534, 17},{19859, 17},{19125, 17},{9334, 17},{23509, 17},{5623, 17},{707, 17},{897, 13},
{14060, 3},{8567, 3},{4166, 15},{3851, 15},{18905, 15},{24757, 15},{20665, 15},{5085, 15},{8975, 15},{7593, 15},
{22923, 15},{7593, 15},{18414, 15},{17915, 15},{12825, 15},{26070, 15},{8966, 15},{614, 15},{10067, 15},{2409, 17},
{10674, 17},{6474, 17},{26367, 17},{8215, 17},{5863, 17},{3404, 17},{21267, 17},{17640, 17},{1041, 17},{13475, 17},
{10444, 17},{9070, 17},{2392, 17},{8150, 13},{26230, 13},{12653, 12},{15825, 17},{15272, 8},{24752, 8},{26233, 3},
{11171, 13},{14053, 3},{8266, 3},{4331, 17},{15066, 8},{19954, 8},{17022, 17},{23441, 8},{13175, 8},{8204, 8},
{17612, 8},{25909, 17},{15145, 17},{14372, 17},{11510, 17},{6003, 17},{9128, 17},{16386, 17},{16313, 10},{18858, 10},
{24592, 10},{12493, 10},{16577, 10},{5798, 10},{2035, 10},{8968, 10},{790, 10},{6843, 10},{13056, 10},{753, 10},
{687, 10},{18857, 10},{23921, 10},{4668, 10},{7116, 10},{16733, 10},{4684, 10},{15496, 10},{20911, 10},{13993, 10},
{1402, 10},{14888, 10},{15612, 10},{2450, 10},{5861, 10},{13082, 10},{24951, 10},{3024, 10},{3824, 10},{3733, 10},
{22218, 10},{7959, 10},{12515, 10},{20652, 10},{25020, 10},{25016, 10},{1569, 10},{19436, 10},{11820, 10},{13755, 10},
{2784, 10},{16158, 10},{23313, 10},{18129, 10},{23173, 10},{15008, 10},{20981, 10},{2573, 10},{25033, 10},{13686, 10},
{26131, 10},{25842, 10},{4860, 10},{5111, 10},{7338, 10},{14533, 10},{18982, 10},{25607, 10},{16436, 10},{14406, 10},
{3380, 10},{6462, 10},{24063, 10},{7988, 10},{1859, 10},{17723, 10},{23066, 10},{20306, 10},{23930, 10},{13294, 10},
{17841, 10},{12807, 10},{6581, 10},{25576, 10},{17650, 10},{24908, 10},{19741, 10},{11311, 10},{24833, 10},{22305, 10},
{20659, 10},{25237, 10},{20909, 10},{4616, 10},{23372, 10},{8014, 10},{23587, 10},{5051, 10},{9271, 10},{7774, 10},
{21799, 10},{22723, 10},{13190, 10},{4881, 10},{10298, 10},{16940, 10},{17929, 10},{21635, 10},{17656, 10},{474, 10},
{2184, 10},{12631, 10},{16113, 10},{14106, 10},{17423, 10},{19191, 10},{22765, 10},{16738, 10},{6830, 10},{8808, 10},
{13021, 10},{14644, 10},{24141, 10},{21563, 10},{17195, 10},{2502, 10},{12803, 10},{4264, 10},{17254, 10},{5124, 10},
{11273, 10},{9676, 10},{15098, 10},{4928, 10},{21124, 10},{4762, 10},{2889, 10},{8460, 10},{19359, 10},{1225, 10},
{17186, 10},{8113, 10},{12404, 10},{25483, 10},{23890, 10},{7561, 10},{1537, 10},{21577, 10},{18215, 10},{16894, 10},
{16556, 10},{17914, 10},{17755, 10},{13921, 10},{22674, 10},{2074, 10},{10704, 10},{4317, 10},{9414, 10},{21685, 10},
{1528, 10},{3466, 10},{19911, 10},{20540, 10},{11515, 10},{4480, 10},{8942, 10},{3488, 10},{10605, 10},{18830, 10},
{22195, 10},{1830, 10},{13858, 10},{14462, 10},{18577, 10},{8188, 10},{18964, 10},{20321, 10},{4550, 10},{21404, 10},
{18634, 10},{21148, 10},{14553, 10},{12146, 10},{7934, 10},{5330, 10},{9254, 10},{15014, 10},{23397, 10},{24201, 10},
{131, 10},{9491, 10},{19643, 10},{465, 10},{7630, 10},{22854, 10},{18054, 10},{249, 10},{23234, 10},{12266, 10},
{8222, 10},{26283, 10},{21796, 10},{10356, 10},{20105, 10},{22615, 10},{20606, 10},{4096, 10},{18689, 10},{19136, 10},
{19809, 10},{16740, 10},{17132, 10},{16, 10},{15413, 10},{5670, 10},{870, 10},{22983, 10},{16338, 10},{13931, 10},
{11780, 10},{9606, 10},{16211, 10},{15217, 10},{16637, 10},{5120, 10},{7421, 10},{20798, 10},{2556, 10},{18985, 10},
{12816, 10},{379, 10},{23754, 10},{12973, 10},{1523, 10},{4340, 10},{11169, 10},{16137, 10},{22861, 10},{3268, 10},
{22976, 10},{9050, 10},{20497, 10},{20684, 10},{3714, 10},{9718, 10},{9051, 10},{12932, 10},{19232, 10},{1794, 10},
{11537, 10},{13154, 10},{12096, 10},{2093, 10},{18018, 10},{18636, 10},{9781, 10},{8915, 10},{19904, 10},{23431, 10},
{8098, 10},{12085, 10},{18957, 10},{8051, 10},{24723, 10},{11891, 10},{13729, 10},{20791, 10},{15797, 10},{22328, 10},
{24036, 10},{5188, 10},{21158, 10},{16613, 10},{17555, 10},{12361, 10},{4241, 10},{20977, 10},{4414, 10},{16464, 10},
{9026, 10},{17758, 10},{327, 10},{3023, 10},{490, 10},{2505, 10},{25941, 10},{488, 10},{15860, 10},{24522, 10},
{22542, 10},{26278, 10},{15179, 10},{8287, 10},{4003, 10},{7254, 10},{16251, 10},{25021, 10},{11705, 10},{18141, 10},
{3129, 10},{16068, 10},{4125, 10},{1291, 10},{5672, 10},{10455, 10},{16070, 10},{18370, 10},{15182, 10},{10697, 10},
{10167, 10},{13531, 10},{4948, 10},{9789, 10},{15780, 10},{1868, 10},{9988, 10},{15254, 10},{24814, 10},{6900, 10},
{9733, 10},{23627, 10},{25330, 10},{20287, 10},{261, 10},{5518, 10},{23832, 10},{13418, 10},{24575, 10},{5440, 10},
{12209, 10},{6341, 10},{20047, 10},{17124, 10},{16049, 10},{12788, 10},{14972, 10},{16016, 10},{10053, 10},{10656, 10},
{9852, 10},{3954, 10},{17455, 10},{6442, 10},{4730, 10},{12634, 10},{16029, 10},{24328, 10},{11689, 10},{4659, 10},
{13736, 10},{6828, 10},{25271, 10},{25548, 10},{1906, 10},{3377, 10},{921, 10},{19353, 10},{14981, 10},{16862, 10},
{14746, 10},{20191, 10},{25493, 10},{1816, 10},{5151, 10},{111, 10},{21236, 10},{21797, 10},{16734, 10},{25542, 10},
{11560, 10},{3355, 10},{11532, 10},{2359, 10},{4463, 10},{10917, 10},{8928, 10},{15198, 10},{17460, 10},{24230, 10},
{9832, 10},{24641, 10},{3717, 10},{15091, 10},{8114, 10},{1230, 10},{23636, 10},{22598, 10},{13508, 10},{23439, 10},
{13338, 10},{5041, 10},{8233, 10},{108, 10},{22412, 10},{18375, 10},{2054, 10},{12411, 10},{6586, 10},{23131, 10},
{9241, 10},{12293, 10},{22898, 10},{4642, 10},{20990, 10},{9854, 10},{21985, 10},{248, 10},{6163, 10},{25472, 10},
{21045, 10},{2197, 10},{16346, 10},{10489, 10},{16006, 10},{17583, 10},{7640, 10},{6299, 10},{8819, 10},{2039, 10},
{13129, 10},{11368, 10},{25777, 10},{2090, 10},{26069, 10},{20478, 10},{10148, 10},{13908, 10},{4875, 10},{14984, 10},
{17777, 10},{301, 10},{7763, 10},{6953, 10},{24395, 10},{4053, 10},{9073, 10},{2468, 10},{4224, 10},{22846, 10},
{14126, 10},{10188, 10},{24843, 10},{26373, 10},{17756, 10},{21657, 10},{12454, 10},{1021, 10},{9335, 10},{22104, 10},
{24720, 10},{18862, 10},{1217, 10},{7606, 10},{7304, 10},{16135, 10},{932, 10},{9563, 10},{16083, 10},{11546, 10},
{16086, 10},{3815, 10},{14752, 10},{6136, 10},{310, 10},{12723, 10},{21422, 10},{2908, 10},{12821, 10},{15986, 10},
{8429, 10},{9268, 10},{21846, 10},{25789, 10},{26189, 10},{10914, 10},{9968, 10},{5560, 10},{22659, 10},{15929, 10},
{2828, 10},{25979, 10},{13261, 10},{23063, 10},{20834, 10},{10628, 10},{5033, 10},{4495, 10},{5690, 10},{16375, 10},
{5239, 10},{8117, 10},{12619, 10},{7132, 10},{23049, 10},{7308, 10},{24510, 10},{15371, 10},{24436, 10},{24803, 10},
{1849, 10},{22072, 10},{13924, 10},{17231, 10},{15980, 10},{12579, 10},{5200, 10},{24615, 10},{2358, 10},{8916, 10},
{18755, 10},{2533, 10},{12983, 10},{8096, 10},{238, 10},{15655, 10},{18323, 10},{24282, 10},{13499, 10},{10524, 10},
{5674, 10},{24474, 10},{1142, 10},{26442, 10},{25925, 10},{12815, 10},{23050, 10},{3722, 10},{22616, 10},{14671, 10},
{15414, 10},{11324, 10},{13164, 10},{24801, 10},{3919, 10},{22588, 10},{5277, 10},{5876, 10},{7218, 10},{7293, 10},
{3387, 10},{11954, 10},{22630, 10},{25881, 10},{19608, 10},{19645, 10},{14133, 10},{10522, 10},{5252, 10},{6336, 10},
{13458, 10},{2641, 10},{24726, 10},{23424, 10},{18496, 10},{6983, 10},{21745, 10},{8599, 10},{18420, 10},{3486, 10},
{17252, 10},{26247, 10},{14031, 10},{2862, 10},{25489, 10},{25022, 10},{5123, 10},{2804, 10},{5572, 10},{11012, 10},
{19882, 10},{18130, 10},{21741, 10},{2299, 10},{10538, 10},{15326, 10},{72, 10},{21731, 10},{18651, 10},{19243, 10},
{3043, 10},{18855, 10},{26314, 10},{69, 10},{4185, 10},{4441, 10},{11841, 10},{2832, 10},{18395, 10},{6693, 10},
{6916, 10},{6579, 10},{17189, 10},{1149, 10},{19836, 10},{7035, 10},{21574, 10},{17697, 10},{15658, 10},{8755, 10},
{13087, 10},{7550, 10},{6875, 10},{17187, 10},{10592, 10},{15133, 10},{18777, 10},{254, 10},{21551, 10},{18240, 10},
{11737, 10},{23112, 10},{16182, 10},{289, 10},{21482, 10},{6609, 10},{12610, 10},{1166, 10},{16403, 10},{23295, 10},
{20428, 10},{10646, 10},{2181, 10},{19468, 10},{12796, 10},{13298, 10},{19409, 10},{7711, 10},{4496, 10},{23590, 10},
{7428, 10},{10951, 10},{6912, 10},{9364, 10},{6505, 10},{1050, 10},{20734, 10},{11292, 10},{6275, 10},{19114, 10},
{16250, 10},{8956, 10},{9953, 10},{9113, 10},{12326, 10},{19244, 10},{4895, 10},{12847, 10},{8552, 10},{1365, 10},
{1478, 10},{20196, 10},{26361, 10},{24849, 10},{8279, 10},{12867, 10},{25751, 10},{19668, 10},{8328, 10},{1664, 10},
{13429, 10},{14034, 10},{24369, 10},{3312, 10},{904, 10},{21852, 10},{1269, 10},{3748, 10},{19483, 10},{2390, 10},
{24112, 10},{8238, 10},{1660, 10},{7463, 10},{12285, 10},{25957, 10},{25591, 10},{25983, 10},{24864, 10},{25477, 10},
{17253, 10},{3816, 10},{17061, 10},{284, 10},{21601, 10},{16139, 10},{1867, 10},{20023, 10},{8884, 10},{8913, 10},
{6114, 10},{23437, 10},{5764, 10},{16408, 10},{17772, 10},{3623, 10},{22853, 10},{4318, 10},{24654, 10},{21260, 10},
{19401, 10},{8715, 10},{20425, 10},{24180, 10},{7507, 10},{25227, 10},{19919, 10},{20108, 10},{2746, 10},{1061, 10},
{18590, 10},{7203, 10},{5633, 10},{16472, 10},{12683, 10},{20140, 10},{3241, 10},{18056, 10},{18810, 10},{25819, 10},
{22271, 10},{9436, 10},{21302, 10},{25333, 10},{5497, 10},{24358, 10},{20628, 10},{8282, 10},{20618, 10},{24947, 10},
{1888, 10},{11631, 10},{24551, 10},{24111, 10},{26047, 10},{6360, 10},{740, 10},{2088, 10},{6065, 10},{21537, 10},
{14701, 10},{18945, 10},{3119, 10},{9768, 10},{16136, 10},{3922, 10},{3045, 10},{16693, 10},{23582, 10},{12640, 10},
{4156, 10},{17997, 10},{10773, 10},{19117, 10},{3498, 10},{22037, 10},{3344, 10},{10190, 10},{15215, 10},{8806, 10},
{294, 10},{6717, 10},{22637, 10},{7942, 10},{130, 10},{16749, 10},{9995, 10},{9435, 10},{16747, 10},{10249, 10},
{19068, 10},{9047, 10},{6238, 10},{14035, 10},{3689, 10},{18263, 10},{14234, 10},{8152, 10},{16066, 10},{17071, 10},
{18740, 10},{6326, 10},{7223, 10},{16692, 10},{10695, 10},{23734, 10},{20989, 10},{23266, 10},{12853, 10},{21500, 10},
{5400, 10},{9080, 10},{17934, 10},{13949, 10},{17498, 10},{24798, 10},{6803, 10},{10545, 10},{6515, 10},{23383, 10},
{8184, 10},{12369, 10},{5445, 10},{6317, 10},{9404, 10},{17229, 10},{11864, 10},{10299, 10},{17416, 10},{11072, 10},
{4874, 10},{10813, 10},{12732, 10},{7177, 10},{13080, 10},{20992, 10},{23361, 10},{0, 10},{14539, 10},{9814, 10},
{5772, 10},{6756, 10},{10412, 10},{7698, 10},{16465, 10},{12985, 10},{15905, 10},{23894, 10},{2163, 10},{14990, 10},
{26166, 10},{14266, 10},{9155, 10},{3430, 10},{8952, 10},{25303, 10},{16115, 10},{4626, 10},{22543, 10},{24657, 10},
{18226, 10},{24214, 10},{6329, 10},{21257, 10},{22457, 10},{231, 10},{12465, 10},{2073, 10},{22876, 10},{7226, 10},
{20207, 10},{5907, 10},{8709, 10},{218, 10},{14248, 10},{24075, 10},{23193, 10},{15673, 10},{13484, 10},{15565, 10},
{17345, 10},{22455, 10},{25254, 10},{14365, 10},{12401, 10},{10166, 10},{25202, 10},{12257, 10},{1381, 10},{12098, 10},
{17582, 10},{25190, 10},{15911, 10},{12557, 10},{593, 10},{19869, 10},{15263, 10},{15678, 10},{1461, 10},{26134, 10},
{21203, 10},{5543, 10},{22079, 10},{240, 10},{5895, 10},{11940, 10},{23109, 10},{2, 10},{10993, 10},{15186, 10},
{570, 10},{23514, 10},{20489, 10},{24451, 10},{13789, 10},{4458, 10},{18155, 10},{8720, 10},{4339, 10},{12689, 10},
{7758, 10},{1710, 10},{15824, 10},{15055, 10},{2199, 10},{21689, 10},{14832, 10},{10470, 10},{6034, 10},{1305, 10},
{22560, 10},{5238, 10},{19180, 10},{24953, 10},{22706, 10},{5842, 10},{11088, 10},{2480, 10},{10104, 10},{7451, 10},
{17015, 10},{7474, 10},{12126, 10},{1610, 10},{23468, 10},{19197, 10},{4520, 10},{17682, 10},{22113, 10},{25595, 10},
{10606, 10},{6642, 10},{20799, 10},{14931, 10},{18648, 10},{1848, 10},{4155, 10},{18948, 10},{22073, 10},{12322, 10},
{23044, 10},{17709, 10},{18913, 10},{14477, 10},{2323, 10},{1885, 10},{15704, 10},{20270, 10},{7600, 10},{10073, 10},
{1297, 10},{417, 10},{17329, 10},{16899, 10},{24663, 10},{26432, 10},{16699, 10},{19188, 10},{12356, 10},{25766, 10},
{11608, 10},{3980, 10},{22168, 10},{3797, 10},{19953, 10},{14030, 10},{25817, 10},{9804, 10},{18638, 10},{17750, 10},
{24224, 10},{24713, 10},{7783, 10},{16652, 10},{3936, 10},{16333, 10},{19374, 10},{23192, 10},{8660, 10},{11477, 10},
{16059, 10},{9877, 10},{2666, 10},{309, 10},{19989, 10},{7432, 10},{13687, 10},{21142, 17},{18967, 17},{21785, 17},
{17857, 15},{1441, 15},{390, 15},{26206, 15},{21073, 15},{14156, 15},{13935, 15},{19752, 15},{12160, 15},{7626, 15},
{25346, 15},{21006, 15},{24925, 15},{24188, 15},{12156, 15},{10209, 15},{25249, 15},{2590, 15},{26412, 15},{4204, 15},
{7625, 15},{11654, 15},{18643, 15},{17471, 17},{21873, 17},{20257, 15},{11556, 15},{2497, 15},{11581, 15},{16242, 15},
{1524, 15},{26355, 17},{26108, 17},{16924, 17},{17541, 17},{17322, 17},{21644, 17},{22239, 17},{1602, 17},{4297, 17},
{9702, 3},{20689, 3},{872, 13},{8641, 3},{12629, 17},{6141, 17},{18037, 17},{24509, 17},{5632, 17},{4362, 8},
{16990, 8},{723, 8},{604, 8},{14812, 8},{22476, 8},{5283, 8},{23556, 8},{7409, 8},{21608, 8},{13538, 8},
{20086, 8},{3010, 8},{25280, 8},{17740, 8},{9879, 17},{2604, 17},{23551, 8},{5278, 8},{21613, 8},{22481, 8},
{25277, 8},{16995, 8},{20083, 8},{14815, 8},{601, 8},{7404, 8},{718, 8},{4365, 8},{3015, 8},{13541, 8},
{918, 8},{19287, 17},{20084, 8},{23554, 8},{7403, 8},{3012, 8},{24023, 8},{17734, 8},{16996, 8},{14818, 8},
{172, 8},{25274, 8},{5281, 8},{717, 8},{22482, 8},{13540, 8},{598, 8},{13769, 17},{5119, 7},{21730, 7},
{23639, 7},{3474, 7},{18627, 7},{12653, 9},{8040, 7},{13173, 7},{10314, 7},{4652, 7},{7329, 7},{11519, 7},
{3492, 7},{2821, 7},{12944, 7},{3475, 7},{11457, 7},{22863, 7},{2824, 7},{20340, 7},{22867, 7},{14798, 7},
{18600, 7},{21737, 7},{11454, 7},{6638, 7},{3185, 7},{6629, 7},{24659, 7},{18840, 7},{12033, 7},{12657, 9},
{14270, 7},{3496, 7},{15016, 7},{1347, 7},{665, 7},{24319, 7},{24318, 7},{20338, 7},{13558, 7},{3478, 7},
{11849, 7},{18599, 7},{7853, 7},{16998, 7},{11520, 7},{16205, 17},{3496, 7},{11519, 7},{14273, 7},{24882, 7},
{7328, 7},{4655, 7},{15019, 7},{18623, 7},{13553, 7},{23662, 7},{18624, 7},{13557, 7},{21736, 7},{6634, 7},
{529, 7},{21738, 7},{24665, 7},{13562, 7},{10846, 9},{25371, 7},{8038, 7},{18837, 7},{11453, 7},{25373, 7},
{568, 7},{7847, 7},{7843, 7},{25994, 7},{11523, 7},{14267, 7},{12943, 7},{9521, 7},{6274, 7},{13554, 7},
{9516, 7},{3474, 7},{534, 7},{10846, 9},{14269, 7},{630, 0},{4648, 7},{5112, 7},{11847, 7},{18623, 7},
{6272, 7},{6265, 7},{10313, 7},{25776, 7},{6024, 7},{12038, 7},{18625, 7},{7840, 7},{26139, 7},{21734, 7},
{2824, 7},{17087, 7},{3190, 7},{20334, 7},{10309, 7},{1344, 7},{10312, 7},{21733, 7},{12037, 7},{18840, 7},
{24321, 7},{17079, 7},{5734, 7},{7333, 7},{24816, 7},{10848, 9},{16868, 0},{14803, 7},{11852, 7},{8793, 7},
{4955, 7},{25995, 7},{13551, 7},{21442, 7},{18836, 7},{6271, 7},{1345, 7},{1346, 7},{3471, 7},{8044, 7},
{7335, 7},{8792, 7},{10313, 7},{10845, 9},{10287, 7},{18591, 7},{6023, 7},{11523, 7},{25377, 7},{14796, 7},
{25996, 7},{9515, 7},{26140, 7},{12941, 7},{14263, 7},{7328, 7},{15020, 7},{24324, 7},{17087, 7},{8615, 0},
{7331, 7},{4651, 7},{7844, 7},{12034, 7},{24809, 7},{3189, 7},{25772, 7},{4953, 7},{9519, 7},{12938, 7},
{14804, 7},{5117, 7},{10311, 7},{21738, 7},{11848, 7},{5116, 7},{26138, 7},{6272, 7},{20335, 7},{22868, 7},
{7842, 7},{4650, 7},{18627, 7},{13561, 7},{8043, 7},{7328, 7},{14795, 7},{10304, 7},{8044, 7},{8613, 0},
{3496, 7},{18622, 7},{13554, 7},{12677, 9},{25774, 7},{12039, 7},{18836, 7},{17074, 7},{24807, 7},{4953, 7},
{18624, 7},{15019, 7},{665, 7},{1343, 7},{10848, 9},{18630, 7},{4955, 7},{659, 7},{24317, 7},{6269, 7},
{14796, 7},{3475, 7},{9761, 0},{655, 7},{13556, 7},{25994, 7},{21735, 7},{11461, 7},{545, 7},{6635, 7},
{1339, 7},{18623, 7},{7335, 7},{15011, 7},{11525, 7},{20337, 7},{6022, 7},{11520, 7},{657, 7},{20339, 7},
{14795, 7},{3185, 7},{6028, 7},{14973, 7},{1348, 7},{18838, 7},{25768, 7},{11852, 7},{25769, 7},{655, 7},
{26140, 7},{4952, 7},{3499, 7},{12657, 9},{3495, 7},{13551, 7},{6022, 7},{7330, 7},{3497, 7},{3473, 7},
{16998, 7},{9755, 0},{6637, 7},{7331, 7},{22870, 7},{21729, 7},{14272, 7},{26144, 7},{5115, 7},{18626, 7},
{3471, 7},{17079, 7},{12677, 9},{6274, 7},{11845, 7},{8041, 7},{15018, 7},{18628, 7},{24665, 7},{4653, 7},
{6023, 7},{18835, 7},{8039, 7},{4953, 7},{22869, 7},{11456, 7},{660, 7},{566, 7},{18625, 7},{18840, 17},
{5322, 17},{10214, 8},{21394, 8},{20107, 8},{4084, 8},{16709, 8},{1403, 8},{4963, 8},{13314, 8},{10443, 8},
{22839, 8},{3219, 8},{21083, 8},{6694, 8},{12268, 8},{8707, 8},{4083, 8},{16710, 8},{10213, 8},{3218, 8},
{13313, 8},{1404, 8},{21393, 8},{12269, 8},{4964, 8},{10444, 8},{8706, 8},{6695, 8},{21082, 8},{22840, 8},
{20106, 8},{4077, 8},{16701, 8},{6703, 8},{22843, 8},{4970, 8},{10242, 8},{20111, 8},{3215, 8},{21081, 8},
{10222, 8},{12258, 8},{10015, 8},{13316, 8},{21402, 8},{8704, 8},{16702, 8},{10221, 8},{4971, 8},{4076, 8},
{21401, 8},{6704, 8},{21080, 8},{12259, 8},{3214, 8},{13315, 8},{22844, 8},{1414, 8},{20110, 8},{8703, 8},
{10018, 8},{21400, 8},{10432, 8},{1411, 8},{20109, 8},{22841, 8},{6701, 8},{4075, 8},{12260, 8},{4972, 8},
{21079, 8},{16703, 8},{8702, 8},{3217, 8},{10224, 8},{13318, 8},{14639, 8},{6702, 8},{4074, 8},{12261, 8},
{3216, 8},{4973, 8},{21399, 8},{16704, 8},{8696, 8},{21078, 8},{67, 8},{13317, 8},{10223, 8},{10433, 8},
{22842, 8},{3211, 8},{10218, 8},{4081, 8},{4966, 8},{21077, 8},{12262, 8},{1409, 8},{6699, 8},{22847, 8},
{10438, 8},{16705, 8},{8700, 8},{21398, 8},{13320, 8},{20115, 8},{1410, 8},{10217, 8},{16706, 8},{21076, 8},
{4967, 8},{4080, 8},{13319, 8},{12263, 8},{22848, 8},{3210, 8},{6700, 8},{10439, 8},{8699, 8},{21397, 8},
{20114, 8},{22878, 8},{20113, 8},{21396, 8},{13322, 8},{10220, 8},{3213, 8},{21075, 8},{12264, 8},{17762, 8},
{22845, 8},{4079, 8},{4968, 8},{16707, 8},{1407, 8},{6697, 8},{3212, 8},{4078, 8},{5054, 8},{17774, 8},
{20112, 8},{13321, 8},{16708, 8},{6698, 8},{8697, 8},{4969, 8},{21395, 8},{12265, 8},{10158, 8},{21074, 8},
{10219, 8},{2226, 8},{15071, 8},{14804, 8},{21664, 8},{25461, 8},{14741, 8},{11394, 8},{11217, 8},{22319, 8},
{7038, 8},{12748, 8},{24392, 8},{14781, 8},{25092, 8},{8192, 8},{10925, 17},{16997, 17},{14811, 17},{21845, 17},
{26230, 12},{13146, 3},{5261, 17},{340, 17},{14795, 8},{21669, 8},{15078, 8},{26194, 8},{20724, 8},{8202, 8},
{11405, 8},{22315, 8},{2221, 8},{24399, 8},{14690, 8},{12745, 8},{14733, 8},{14785, 8},{7031, 8},{25587, 8},
{2877, 8},{11957, 8},{2162, 8},{15144, 8},{1102, 8},{21307, 8},{13991, 8},{18622, 8},{19689, 8},{10501, 8},
{6994, 8},{2380, 8},{12759, 8},{12760, 8},{10500, 8},{2381, 8},{2161, 8},{25588, 8},{6995, 8},{18666, 8},
{21306, 8},{11279, 8},{2876, 8},{19690, 8},{18621, 8},{1101, 8},{1100, 8},{13988, 8},{2879, 8},{11969, 8},
{25583, 8},{6988, 8},{11248, 8},{2388, 8},{10499, 8},{2153, 8},{12757, 8},{21317, 8},{18626, 8},{19691, 8},
{18625, 8},{13987, 8},{6989, 8},{2389, 8},{25584, 8},{11970, 8},{10498, 8},{19692, 8},{12758, 8},{2878, 8},
{1099, 8},{2152, 8},{11251, 8},{21316, 8},{21315, 8},{11967, 8},{10497, 8},{2881, 8},{25585, 8},{12755, 8},
{2155, 8},{19693, 8},{1098, 8},{18624, 8},{25414, 8},{2386, 8},{13990, 8},{6986, 8},{2154, 8},{12756, 8},
{13989, 8},{2387, 8},{10496, 8},{11261, 8},{21314, 8},{6987, 8},{1097, 8},{18623, 8},{25586, 8},{2880, 8},
{19694, 8},{11968, 8},{25579, 8},{13984, 8},{2384, 8},{6992, 8},{11965, 8},{12753, 8},{2157, 8},{18630, 8},
{21313, 8},{2883, 8},{10495, 8},{15140, 8},{19695, 8},{1096, 8},{12672, 3},{7410, 3},{3914, 3},{9539, 3},
{2885, 8},{1094, 8},{10493, 8},{13986, 8},{18628, 8},{6876, 8},{19697, 8},{12751, 8},{25581, 8},{13165, 8},
{21311, 8},{15142, 8},{6990, 8},{2382, 8},{15143, 8},{2884, 8},{1093, 8},{21310, 8},{6991, 8},{2383, 8},
{10492, 8},{19698, 8},{11964, 8},{13985, 8},{25582, 8},{12752, 8},{18627, 8},{2158, 8},{5820, 17},{20439, 17},
{4910, 17},{2221, 17},{15351, 17},{25314, 10},{23975, 10},{15066, 10},{1530, 10},{15272, 10},{12253, 10},{1143, 10},
{8204, 10},{12232, 10},{19954, 10},{17612, 10},{24752, 10},{13175, 10},{23441, 10},{10576, 10},{14688, 12},{26230, 3},
{20397, 17},{7565, 17},{1011, 17},{10926, 17},{6667, 17},{9069, 17},{7750, 17},{22474, 3},{14688, 3},{25120, 12},
{11508, 3},{6618, 3},{25918, 12},{17741, 3},{24069, 17},{17139, 17},{8473, 17},{18489, 17},{3411, 17},{11363, 17},
{12580, 17},{6385, 13},{19486, 3},{9552, 12},{8474, 17},{23500, 17},{9253, 17},{639, 17},{2304, 17},{17251, 17},
{4274, 17},{9759, 3},{22327, 3},{7096, 3},{22843, 3},{22373, 3},{13355, 3},{2462, 12},{15451, 3},{25166, 3},
{1019, 3},{19331, 3},{16384, 3},{19090, 17},{15610, 17},{22200, 17},{909, 17},{23965, 17},{14346, 17},{22020, 17},
{17445, 17},{7333, 17},{19999, 17},{205, 17},{9585, 3},{25276, 3},{6622, 3},{5094, 3},{20193, 13},{24363, 3},
{898, 17},{1841, 17},{15190, 3},{22804, 17},{18966, 17},{20274, 17},{10619, 17},{13292, 15},{3538, 15},{13558, 17},
{10108, 15},{15088, 15},{5658, 15},{13307, 15},{14166, 15},{25805, 15},{21176, 15},{9748, 15},{25810, 15},{12240, 15},
{21319, 15},{19835, 15},{13306, 15},{10110, 15},{9750, 15},{20633, 15},{10022, 15},{9977, 15},{21668, 7},{16651, 7},
{19792, 7},{7483, 7},{3111, 7},{6083, 7},{9117, 7},{4170, 0},{1499, 7},{7481, 7},{17090, 7},{13031, 7},
{14951, 7},{19221, 7},{14426, 7},{4786, 7},{22769, 7},{1493, 7},{14308, 9},{14955, 7},{2102, 7},{2385, 17},
{13317, 3},{16008, 3},{3451, 13},{17223, 15},{5422, 15},{24889, 15},{18151, 17},{8337, 15},{11378, 15},{24452, 15},
{14607, 15},{19760, 15},{17240, 15},{17268, 15},{19661, 15},{11374, 15},{24888, 15},{9501, 15},{13966, 15},{20331, 15},
{1713, 15},{5749, 15},{8332, 15},{25435, 15},{24693, 15},{8413, 15},{10955, 15},{25549, 15},{23845, 15},{2672, 17},
{9941, 15},{24159, 15},{3901, 15},{4808, 15},{2189, 15},{21515, 15},{14573, 15},{22686, 15},{11755, 15},{3201, 15},
{1908, 15},{11167, 15},{9323, 15},{26240, 15},{2964, 15},{6068, 15},{12601, 15},{21517, 15},{23839, 15},{9692, 15},
{14675, 15},{12763, 15},{15508, 17},{18038, 7},{7341, 7},{20879, 9},{8679, 7},{16765, 7},{20878, 9},{21590, 7},
{1408, 7},{5279, 7},{16764, 7},{7529, 17},{20980, 7},{15113, 7},{9416, 9},{21584, 7},{16769, 7},{19079, 7},
{9961, 7},{18039, 7},{18042, 7},{9416, 9},{11302, 7},{5278, 7},{12268, 7},{20882, 9},{25008, 7},{18037, 7},
{12269, 7},{16780, 7},{14048, 7},{12262, 7},{14053, 7},{18042, 7},{20882, 9},{21254, 7},{21248, 7},{14054, 7},
{21705, 7},{21584, 7},{20883, 9},{21585, 7},{5287, 7},{25008, 7},{12261, 7},{19075, 7},{20883, 9},{20881, 9},
{16768, 7},{18245, 7},{21587, 7},{19078, 7},{20880, 9},{18349, 7},{12258, 7},{8876, 7},{4247, 7},{8627, 7},
{21282, 9},{6703, 7},{14340, 7},{21108, 7},{4251, 7},{15505, 9},{8651, 7},{13616, 7},{24568, 9},{6695, 7},
{8869, 7},{24569, 9},{719, 7},{717, 7},{4251, 7},{14342, 7},{15727, 7},{15725, 7},{6698, 7},{21105, 7},
{15728, 7},{716, 7},{20211, 9},{15500, 9},{15721, 7},{14724, 7},{4250, 7},{15505, 9},{14345, 7},{6703, 7},
{15722, 7},{13617, 7},{20211, 9},{1395, 7},{19868, 17},{8634, 7},{723, 7},{1400, 7},{8624, 7},{6702, 7},
{21309, 9},{13624, 7},{8641, 7},{1396, 7},{8627, 7},{20875, 7},{14720, 7},{20216, 9},{22606, 17},{3407, 17},
{16718, 17},{16160, 17},{21641, 17},{1611, 17},{3621, 17},{4571, 17},{656, 17},{5511, 17},{9540, 17},{19361, 15},
{10999, 15},{3577, 15},{15528, 15},{26152, 15},{8500, 15},{5900, 15},{971, 15},{18704, 15},{5882, 15},{15636, 15},
{15918, 15},{13607, 15},{16037, 15},{9680, 15},{25332, 15},{9145, 15},{12000, 15},{15705, 15},{16273, 15},{26151, 15},
{14896, 15},{5647, 15},{14042, 15},{2735, 15},{8501, 15},{10999, 15},{6676, 15},{13609, 15},{11004, 15},{4375, 15},
{14397, 15},{24088, 15},{21897, 15},{21808, 15},{100, 17},{863, 5},{6387, 5},{14680, 5},{26225, 5},{22811, 5},
{26146, 5},{10709, 5},{5023, 5},{6386, 5},{9418, 5},{9128, 5},{1197, 5},{9457, 5},{12520, 5},{868, 5},
{9339, 5},{7268, 5},{6885, 17},{17607, 17},{17256, 5},{906, 5},{24571, 5},{16744, 5},{865, 5},{8148, 5},
{13146, 5},{13147, 5},{25240, 5},{26226, 5},{20192, 5},{8154, 5},{13438, 5},{4370, 5},{1445, 5},{3161, 5},
{9469, 5},{18792, 5},{7192, 5},{17257, 5},{10844, 5},{25119, 5},{20396, 5},{9460, 5},{3155, 5},{2630, 5},
{6389, 5},{1446, 5},{24570, 5},{5225, 5},{3154, 5},{20888, 5},{19937, 5},{1447, 5},{6283, 5},{12329, 5},
{5017, 5},{9127, 5},{12512, 5},{9556, 5},{3448, 5},{20200, 5},{7093, 5},{20401, 5},{25028, 5},{13437, 5},
{4135, 5},{7191, 5},{3157, 5},{18784, 5},{20395, 5},{17261, 5},{12522, 5},{11784, 3},{9764, 3},{17629, 5},
{9342, 5},{12517, 5},{20399, 5},{18781, 5},{4133, 5},{13203, 5},{14683, 5},{1449, 5},{7273, 5},{14311, 5},
{3153, 5},{22805, 5},{24568, 5},{22910, 5},{12513, 5},{9343, 5},{10848, 5},{8362, 5},{8146, 5},{895, 5},
{2629, 5},{4134, 5},{18788, 5},{6388, 5},{9345, 5},{22912, 5},{26223, 5},{22810, 5},{19357, 5},{19139, 5},
{9033, 5},{22911, 5},{12518, 5},{25120, 5},{3156, 5},{26227, 5},{4120, 5},{8153, 5},{20201, 5},{12331, 5},
{1619, 3},{6296, 3},{24077, 17},{12299, 17},{17440, 17},{1304, 17},{11619, 17},{7427, 17},{7062, 17},{6146, 17},
{8366, 17},{2308, 17},{1695, 17},{11789, 17},{10303, 17},{5256, 17},{4110, 12},{15519, 17},{15509, 17},{17096, 17},
{4271, 17},{12450, 17},{3608, 15},{20861, 15},{22122, 15},{21891, 15},{13282, 15},{23272, 15},{19397, 15},{24775, 15},
{13840, 15},{13386, 15},{20732, 15},{13288, 15},{260, 15},{22494, 15},{5741, 15},{23278, 15},{21890, 15},{806, 15},
{13285, 15},{3556, 17},{3605, 15},{19406, 15},{7124, 15},{24771, 15},{21455, 15},{11039, 15},{2382, 17},{7167, 17},
{17829, 3},{15578, 3},{17262, 12},{7277, 12},{12330, 3},{2464, 13},{21262, 3},{12962, 3},{4255, 3},{21667, 17},
{18630, 17},{12498, 17},{20603, 17},{10255, 17},{20113, 17},{1970, 17},{12678, 17},{8626, 17},{24173, 17},{10284, 17},
{11145, 17},{1394, 17},{9460, 12},{6388, 12},{3405, 13},{21899, 17},{21083, 3},{605, 3},{9905, 3},{24490, 3},
{7191, 12},{22839, 17},{25039, 17},{11669, 3},{18818, 3},{18581, 3},{14719, 17},{23691, 17},{12513, 17},{2406, 17},
{8179, 17},{8161, 15},{21789, 15},{12830, 15},{4583, 15},{8988, 15},{26071, 15},{7598, 15},{12436, 15},{8163, 15},
{615, 15},{7202, 15},{4586, 15},{15220, 15},{18069, 15},{8164, 15},{16463, 15},{5083, 15},{26071, 15},{10504, 15},
{5172, 15},{22924, 15},{21394, 17},{24604, 17},{26057, 17},{2624, 17},{17261, 17},{3947, 3},{7977, 13},{13538, 3},
{5568, 3},{10421, 17},{16380, 7},{11787, 7},{4130, 9},{23556, 7},{12537, 7},{11061, 7},{22510, 7},{12539, 7},
{19331, 7},{4129, 9},{11787, 7},{24678, 7},{4266, 7},{9910, 7},{1700, 7},{22504, 7},{12533, 7},{4272, 7},
{9542, 7},{16701, 7},{4128, 9},{22506, 7},{11061, 7},{9810, 7},{1690, 7},{4135, 9},{1692, 7},{24674, 7},
{1690, 7},{25285, 7},{22501, 7},{19326, 7},{4135, 9},{11057, 7},{24673, 7},{4134, 9},{5566, 7},{9903, 7},
{23546, 7},{23554, 7},{16390, 7},{4134, 9},{22507, 7},{23551, 7},{11064, 7},{11789, 7},{1694, 7},{9904, 7},
{19326, 7},{22505, 7},{4275, 7},{4133, 9},{11787, 7},{11788, 7},{16384, 7},{16707, 7},{16388, 7},{5564, 7},
{11065, 7},{4132, 9},{1333, 15},{8593, 15},{8532, 15},{1990, 15},{15116, 15},{12934, 17},{2902, 17},{23132, 17},
{6387, 3},{8148, 12},{1896, 3},{9342, 13},{22178, 17},{7192, 17},{16919, 3},{5286, 3},{11673, 3},{10181, 17},
{14658, 17},{16831, 17},{1926, 17},{3503, 17},{21143, 17},{26034, 17},{20712, 13},{9123, 12},{19322, 3},{14363, 3},
{14698, 17},{12457, 3},{18580, 3},{3913, 3},{9416, 12},{25944, 3},{7101, 17},{9444, 17},{17468, 17},{4573, 17},
{16755, 17},{18147, 17},{16040, 17},{19994, 17},{16756, 17},{14338, 17},{1937, 17},{4772, 17},{10980, 17},{9596, 17},
{20432, 17},{21075, 17},{3010, 17},{6267, 17},{19097, 17},{2897, 17},{25714, 17},{6869, 17},{16824, 17},{14358, 3},
{12328, 12},{8848, 3},{589, 8},{25287, 8},{15124, 8},{12458, 8},{17674, 8},{21267, 8},{15514, 8},{18673, 17},
{15512, 8},{591, 8},{25289, 8},{21269, 8},{12460, 8},{11303, 8},{17676, 8},{8363, 13},{2463, 12},{22262, 3},
{638, 3},{3447, 13},{20399, 12},{23210, 3},{16563, 15},{16564, 15},{16565, 15},{16562, 15},{16561, 15},{24630, 17},
{809, 15},{808, 15},{19471, 17},{9250, 17},{878, 17},{6527, 17},{15161, 17},{24516, 17},{26115, 17},{2818, 17},
{20348, 8},{23824, 8},{25312, 8},{5290, 8},{14833, 8},{3965, 8},{4685, 8},{17325, 8},{17470, 8},{25369, 8},
{24280, 8},{16522, 8},{2714, 8},{14268, 8},{21747, 8},{6355, 17},{20347, 8},{3964, 8},{4686, 8},{21746, 8},
{17471, 8},{2715, 8},{24281, 8},{9274, 8},{8436, 8},{14267, 8},{25368, 8},{23825, 8},{17326, 8},{16523, 8},
{19984, 8},{630, 3},{898, 3},{13149, 13},{23847, 3},{10432, 3},{2159, 17},{19278, 17},{11676, 17},{18684, 17},
{14721, 17},{9261, 17},{20880, 3},{1299, 13},{24491, 3},{25196, 3},{4906, 17},{7319, 17},{17163, 17},{25041, 17},
{15730, 17},{17467, 8},{4690, 8},{25315, 8},{17322, 8},{2711, 8},{21815, 8},{24285, 8},{14271, 8},{9589, 8},
{21750, 8},{23821, 8},{14828, 8},{16527, 8},{20343, 8},{3960, 8},{21882, 17},{9060, 17},{24280, 17},{21818, 8},
{23818, 8},{20342, 8},{19993, 8},{17468, 8},{14831, 8},{24286, 8},{16524, 8},{21753, 8},{4691, 8},{3959, 8},
{17319, 8},{2708, 8},{9592, 8},{14274, 8},{19721, 17},{3727, 17},{2119, 17},{21642, 17},{16162, 8},{17469, 8},
{24287, 8},{4692, 8},{14830, 8},{23819, 8},{17320, 8},{14273, 8},{21752, 8},{25313, 8},{2709, 8},{21817, 8},
{3958, 8},{9591, 8},{16525, 8},{1899, 17},{25305, 3},{13149, 3},{23722, 3},{4967, 3},{18246, 3},{345, 17},
{748, 17},{24017, 17},{24498, 17},{19260, 1},{19999, 1},{2119, 1},{21278, 15},{21275, 15},{21276, 15},{21280, 15},
{21277, 15},{19261, 1},{6674, 1},{21273, 15},{21279, 15},{21274, 15},{20665, 15},{21071, 15},{20663, 15},{668, 1},
{15190, 1},{14329, 1},{6664, 1},{21070, 15},{21067, 15},{1621, 1},{17393, 17},{7594, 15},{7596, 15},{7591, 15},
{7593, 15},{7589, 15},{7598, 15},{7592, 15},{7595, 15},{3956, 1},{7590, 15},{4587, 15},{14330, 1},{20910, 1},
{2881, 1},{15718, 1},{4582, 15},{11015, 1},{16812, 1},{4583, 15},{4586, 15},{3213, 1},{2116, 1},{4584, 15},
{20369, 1},{2114, 1},{4581, 15},{4585, 15},{8826, 1},{15714, 1},{18414, 15},{18411, 15},{18417, 15},{18412, 15},
{9908, 1},{15099, 1},{13587, 1},{18413, 15},{22478, 1},{25148, 15},{25153, 15},{25152, 15},{25150, 15},{25154, 15},
{25151, 15},{15106, 1},{25461, 1},{20366, 1},{25155, 15},{7350, 1},{16810, 1},{15717, 1},{25156, 15},{25157, 15},
{16801, 1},{18817, 1},{1626, 1},{18069, 15},{18818, 1},{18068, 15},{18067, 15},{18066, 15},{18065, 15},{22476, 1},
{21359, 1},{6602, 15},{15188, 1},{11605, 1},{10971, 1},{3219, 1},{6606, 15},{6605, 15},{6601, 15},{6600, 15},
{6604, 15},{7359, 1},{6603, 15},{8405, 15},{8401, 15},{12476, 1},{8402, 15},{8403, 15},{8406, 15},{8404, 15},
{1385, 1},{20371, 1},{1622, 1},{22522, 1},{20346, 1},{22482, 1},{5583, 15},{5582, 15},{6670, 1},{8835, 1},
{5581, 15},{7356, 1},{7674, 15},{5584, 15},{3882, 17},{9699, 3},{1576, 3},{26225, 12},{12677, 3},{6530, 17},
{4254, 17},{6026, 17},{23689, 17},{852, 10},{23525, 10},{5108, 10},{20547, 10},{18521, 10},{3840, 10},{18529, 10},
{26344, 10},{6849, 10},{5525, 10},{22392, 10},{17360, 10},{12429, 10},{1735, 10},{22795, 10},{26021, 10},{12509, 10},
{19894, 10},{16144, 10},{8070, 10},{12027, 10},{23519, 10},{21066, 10},{8131, 10},{5110, 10},{25220, 10},{7361, 10},
{25613, 10},{12062, 10},{25168, 10},{25132, 10},{19924, 10},{5524, 10},{20548, 10},{8690, 10},{19577, 10},{17358, 10},
{14511, 10},{5512, 10},{2760, 10},{10551, 10},{23520, 10},{2757, 10},{3768, 10},{22646, 10},{23979, 10},{20235, 10},
{8564, 10},{19857, 10},{7159, 10},{19666, 10},{25137, 10},{16257, 10},{7817, 10},{18956, 10},{20553, 10},{17620, 10},
{16265, 10},{10088, 10},{19292, 10},{14512, 10},{17816, 10},{5435, 10},{23983, 10},{14258, 10},{14309, 10},{12063, 10},
{7149, 10},{22796, 10},{16451, 10},{19585, 10},{17356, 10},{18952, 10},{5459, 10},{25134, 10},{25221, 10},{14254, 10},
{7157, 10},{2656, 10},{1357, 10},{19581, 10},{3317, 10},{8071, 10},{14253, 10},{24387, 10},{22649, 10},{20240, 10},
{11760, 10},{8072, 10},{17351, 10},{3770, 10},{5101, 10},{7693, 10},{16285, 10},{22708, 10},{3316, 10},{23981, 10},
{5505, 10},{11762, 10},{23462, 10},{19606, 10},{20233, 10},{22304, 10},{7541, 10},{19928, 10},{2764, 10},{4310, 10},
{17151, 10},{16903, 10},{22398, 10},{19586, 10},{12483, 10},{7143, 10},{20544, 10},{26017, 10},{14307, 10},{21772, 10},
{19601, 10},{26342, 10},{20237, 10},{7363, 10},{1743, 10},{10095, 10},{6854, 10},{3772, 10},{23528, 10},{3771, 10},
{5109, 10},{23978, 10},{402, 10},{7365, 10},{11761, 10},{7250, 10},{12431, 10},{26345, 10},{19290, 10},{12430, 10},
{10876, 10},{5434, 10},{1363, 10},{8105, 10},{12500, 10},{15856, 10},{3270, 10},{11568, 10},{19929, 10},{18528, 10},
{1740, 10},{16455, 10},{20550, 10},{14662, 10},{5105, 10},{7248, 10},{3275, 10},{21249, 10},{10393, 10},{5513, 10},
{8689, 10},{1741, 10},{14255, 10},{26020, 10},{20546, 10},{22652, 10},{537, 10},{25130, 10},{7542, 10},{22158, 10},
{7162, 10},{22651, 10},{19922, 10},{8080, 10},{8559, 10},{5452, 10},{22395, 10},{5841, 10},{7246, 10},{12479, 10},
{16906, 10},{25612, 10},{8286, 10},{7004, 10},{23458, 10},{8133, 10},{23464, 10},{26022, 10},{2643, 10},{12058, 10},
{7006, 10},{25606, 10},{8132, 10},{5506, 10},{20610, 10},{11567, 10},{16142, 10},{19931, 10},{11566, 10},{14510, 10},
{5450, 10},{3267, 10},{16259, 10},{11777, 10},{3273, 10},{6931, 10},{25135, 10},{18526, 10},{8227, 10},{10089, 10},
{2653, 10},{5430, 10},{12478, 10},{6293, 10},{18951, 10},{14506, 10},{2758, 10},{4315, 10},{11116, 10},{5456, 10},
{11769, 10},{8128, 10},{2761, 10},{19296, 10},{26018, 10},{5132, 10},{12508, 10},{17149, 10},{22799, 10},{8563, 10},
{7368, 10},{10400, 10},{25610, 10},{10099, 10},{5104, 10},{19855, 10},{12477, 10},{5527, 10},{7373, 10},{14509, 10},
{26016, 10},{14175, 10},{22394, 10},{5134, 10},{5424, 10},{7145, 10},{854, 10},{7160, 10},{11766, 10},{8103, 10},
{19295, 10},{10100, 10},{6300, 10},{19602, 10},{15800, 10},{8130, 10},{8135, 10},{16905, 10},{11119, 10},{3767, 10},
{25605, 10},{25267, 10},{14660, 10},{10098, 10},{4705, 10},{20242, 10},{19850, 10},{4707, 10},{19293, 10},{24822, 10},
{22792, 10},{5843, 10},{12024, 10},{8101, 10},{25609, 10},{5130, 10},{8558, 10},{18954, 10},{16146, 10},{24389, 10},
{25616, 10},{10124, 10},{11779, 10},{7252, 10},{12503, 10},{25264, 10},{22647, 10},{8226, 10},{12029, 10},{16286, 10},
{22301, 10},{6853, 10},{12626, 10},{14257, 10},{15039, 10},{12916, 10},{14302, 10},{7364, 10},{4313, 10},{12059, 10},
{16147, 10},{2755, 10},{16904, 10},{11781, 10},{16907, 10},{11764, 10},{20660, 10},{12614, 10},{19583, 10},{18523, 10},
{7689, 10},{858, 10},{23463, 10},{5432, 10},{16141, 10},{22309, 10},{10395, 10},{4306, 10},{538, 10},{16145, 10},
{14249, 10},{15852, 10},{8692, 10},{14661, 10},{4311, 10},{16985, 10},{12900, 10},{12067, 10},{6922, 10},{8557, 10},
{19856, 10},{8106, 10},{17148, 10},{26339, 10},{2763, 10},{20239, 10},{19927, 10},{19604, 10},{5531, 10},{11564, 10},
{535, 10},{5847, 10},{14515, 10},{18522, 10},{24381, 10},{7161, 10},{25268, 10},{7247, 10},{6924, 10},{1745, 10},
{5460, 10},{5138, 10},{7819, 10},{20616, 10},{9278, 10},{20592, 10},{24384, 10},{856, 10},{5425, 10},{11768, 10},
{19925, 10},{1358, 10},{7692, 10},{12491, 10},{26023, 10},{17359, 10},{18525, 10},{12857, 10},{6850, 10},{10394, 10},
{3276, 10},{10121, 10},{24382, 10},{6921, 10},{4714, 10},{12061, 10},{16258, 10},{12502, 10},{5137, 10},{18955, 10},
{25219, 10},{5107, 10},{20085, 10},{16264, 10},{22388, 10},{10547, 10},{18949, 10},{10679, 10},{15862, 10},{20623, 10},
{17354, 10},{19467, 10},{25269, 10},{4309, 10},{10392, 10},{11746, 10},{17573, 10},{14184, 10},{7013, 10},{22798, 10},
{10664, 10},{7251, 10},{9568, 10},{6310, 10},{7826, 10},{8079, 10},{5103, 10},{22653, 10},{16149, 10},{25614, 10},
{26340, 10},{5047, 10},{14305, 10},{4312, 10},{5431, 10},{8100, 10},{12028, 10},{3319, 10},{22650, 10},{14303, 10},
{7366, 10},{19603, 10},{21069, 10},{401, 10},{14514, 10},{25263, 10},{8562, 10},{10396, 10},{11763, 10},{8047, 10},
{1738, 10},{18527, 10},{14179, 10},{5129, 10},{2642, 10},{5453, 10},{10093, 10},{3769, 10},{22307, 10},{8561, 10},
{12427, 10},{17146, 10},{19806, 10},{855, 10},{22396, 10},{19605, 10},{12022, 10},{7369, 10},{1354, 10},{22797, 10},
{7012, 10},{23984, 10},{11772, 10},{12025, 10},{20554, 10},{19926, 10},{26013, 10},{23527, 10},{10550, 10},{22393, 10},
{6856, 10},{22303, 10},{16456, 10},{14851, 10},{7357, 10},{11782, 10},{19469, 10},{17154, 10},{22801, 10},{8069, 10},
{542, 10},{14507, 10},{15857, 10},{3318, 10},{862, 10},{14659, 10},{14310, 10},{20238, 10},{7818, 10},{25131, 10},
{11572, 10},{25262, 10},{12480, 10},{23459, 10},{8565, 10},{14174, 10},{6851, 10},{5455, 10},{5849, 10},{12066, 10},
{14868, 10},{12506, 10},{12064, 10},{16449, 10},{25611, 10},{20549, 10},{7539, 10},{7241, 10},{19291, 10},{25138, 10},
{4314, 10},{10398, 10},{11767, 10},{10552, 10},{25222, 10},{1739, 10},{2756, 10},{7245, 10},{5845, 10},{7821, 10},
{25615, 10},{16902, 10},{1359, 10},{8099, 10},{11570, 10},{7816, 10},{19923, 10},{9566, 10},{8685, 10},{19613, 10},
{10397, 10},{7003, 10},{23980, 10},{7475, 10},{5428, 10},{14251, 10},{10096, 10},{5503, 10},{17355, 10},{10673, 10},
{19582, 10},{16143, 10},{7147, 10},{20561, 10},{26012, 10},{15853, 10},{1744, 10},{5135, 10},{10094, 10},{12030, 10},
{12868, 10},{7163, 10},{7543, 10},{14183, 10},{24388, 10},{10126, 10},{8127, 10},{4713, 10},{20597, 10},{19848, 10},
{23982, 10},{5451, 10},{8556, 10},{16262, 10},{22391, 10},{10391, 10},{14181, 10},{9041, 10},{5528, 10},{6930, 10},
{23460, 10},{853, 10},{4307, 10},{22800, 10},{11719, 10},{10676, 10},{6927, 10},{26343, 10},{6316, 10},{12507, 10},
{25172, 10},{19294, 10},{22306, 10},{5529, 10},{25173, 10},{5840, 10},{3271, 10},{7007, 10},{11569, 10},{19853, 10},
{857, 10},{1742, 10},{8134, 10},{15854, 10},{3320, 10},{14508, 10},{20593, 10},{25266, 10},{12060, 10},{20234, 10},
{2759, 10},{859, 10},{24380, 10},{1904, 10},{7150, 10},{12425, 10},{5102, 10},{14177, 10},{7158, 10},{2640, 10},
{17152, 10},{10125, 10},{19849, 10},{23523, 10},{14182, 10},{21230, 10},{21068, 10},{8695, 10},{26371, 10},{14180, 10},
{7002, 10},{16140, 10},{5454, 10},{25169, 10},{16261, 10},{2661, 10},{8108, 10},{12434, 10},{25171, 10},{18953, 10},
{11776, 10},{11571, 10},{5846, 10},{4711, 10},{7164, 10},{8126, 10},{536, 10},{17145, 10},{4712, 10},{540, 10},
{7146, 10},{8970, 10},{11573, 10},{12023, 10},{5530, 10},{4308, 10},{16284, 10},{19580, 10},{18520, 10},{5433, 10},
{3266, 10},{3774, 10},{8687, 10},{6928, 10},{17147, 10},{3775, 10},{3277, 10},{16897, 10},{12504, 10},{2762, 10},
{10549, 10},{20241, 10},{11118, 10},{17352, 10},{23987, 10},{19854, 10},{10660, 10},{18524, 10},{7367, 10},{12505, 10},
{6923, 10},{12031, 10},{8686, 10},{1736, 10},{5457, 10},{22387, 10},{10658, 10},{24385, 10},{26019, 10},{19930, 10},
{22793, 10},{7165, 10},{7685, 10},{3766, 10},{861, 10},{1364, 10},{10127, 10},{20236, 10},{18960, 10},{8688, 10},
{10129, 10},{8102, 10},{6857, 10},{7249, 10},{7688, 10},{25265, 10},{11120, 10},{6855, 10},{5509, 10},{23461, 10},
{12428, 10},{543, 10},{12482, 10},{19579, 10},{539, 10},{4708, 10},{8129, 10},{16256, 10},{8076, 10},{12426, 10},
{24383, 10},{7005, 10},{544, 10},{10120, 10},{10840, 10},{5850, 10},{7141, 10},{16901, 10},{25256, 10},{25136, 10},
{17357, 10},{10857, 10},{11565, 10},{6858, 10},{7540, 10},{15861, 10},{4709, 10},{22170, 10},{17610, 10},{7242, 10},
{16150, 10},{14250, 10},{10128, 10},{16255, 10},{21226, 10},{24386, 10},{3773, 10},{26341, 10},{15859, 10},{26338, 10},
{10097, 10},{19852, 10},{22644, 10},{5502, 10},{3274, 10},{22397, 10},{4706, 10},{6925, 10},{16900, 10},{14861, 10},
{10640, 10},{23986, 10},{20545, 10},{12065, 10},{16053, 10},{1360, 10},{8048, 10},{20658, 10},{5106, 10},{7142, 10},
{7370, 10},{22302, 10},{5429, 10},{7156, 10},{7148, 10},{17353, 10},{8560, 10},{19578, 10},{23465, 10},{16260, 10},
{7694, 10},{8691, 10},{25225, 10},{22802, 10},{5533, 10},{11722, 10},{541, 10},{10669, 10},{14513, 10},{20088, 10},
{19584, 10},{3272, 10},{3321, 10},{2658, 10},{14252, 10},{8075, 10},{7691, 10},{23977, 10},{26347, 10},{10123, 10},
{12026, 10},{10130, 10},{6852, 10},{7008, 10},{5136, 10},{23529, 10},{18542, 10},{5133, 10},{8107, 10},{16898, 10},
{12424, 10},{8073, 10},{17155, 10},{5131, 10},{4710, 10},{15855, 10},{25139, 10},{20653, 10},{19851, 10},{18959, 10},
{17150, 10},{23526, 10},{14854, 10},{22308, 10},{14178, 10},{9579, 10},{7362, 10},{14856, 10},{7009, 10},{25133, 10},
{8104, 10},{15858, 10},{11115, 10},{12484, 10},{18950, 10},{22300, 10},{22648, 10},{20588, 10},{10854, 10},{11774, 10},
{14256, 10},{7144, 10},{12481, 10},{11117, 10},{20543, 10},{26346, 10},{5844, 10},{5848, 10},{10399, 10},{11778, 10},
{12435, 10},{2387, 17},{10849, 17},{12472, 17},{5757, 17},{20758, 17},{12522, 17},{16764, 3},{12970, 3},{11074, 3},
{17288, 13},{22476, 7},{8832, 7},{20370, 7},{18812, 7},{6667, 7},{20714, 9},{13591, 7},{13586, 7},{18819, 7},
{11604, 7},{20713, 9},{20374, 7},{13586, 7},{15190, 7},{20369, 7},{18814, 7},{13587, 7},{3213, 7},{20715, 9},
{22476, 7},{15210, 7},{8827, 7},{11605, 7},{20714, 9},{20716, 9},{20715, 9},{18811, 7},{11606, 7},{20373, 7},
{3213, 7},{22479, 7},{6669, 7},{13590, 7},{8833, 7},{18815, 7},{3215, 7},{11606, 7},{20717, 9},{1623, 7},
{8826, 7},{2111, 7},{20716, 9},{22483, 7},{20365, 7},{18817, 7},{20371, 7},{7359, 7},{20719, 9},{18811, 7},
{6664, 7},{7355, 7},{3217, 7},{3214, 7},{3211, 7},{20718, 9},{8829, 7},{11603, 7},{20367, 7},{13592, 7},
{21849, 17},{16432, 3},{5579, 3},{12485, 17},{17023, 17},{14681, 3},{6390, 3},{17848, 3},{18791, 3},{17966, 17},
{3711, 17},{20338, 17},{10423, 17},{8874, 17},{6562, 17},{10929, 17},{23508, 17},{2244, 17},{17264, 17},{23764, 17},
{19266, 17},{82, 17},{11068, 12},{8700, 3},{18782, 13},{13436, 3},{7869, 3},{12456, 3},{4384, 17},{23476, 17},
{3887, 8},{4478, 8},{15992, 8},{7286, 8},{16174, 8},{15787, 8},{10783, 8},{18493, 8},{2903, 8},{580, 8},
{8041, 8},{17902, 8},{23693, 8},{17903, 8},{18492, 8},{15788, 8},{7287, 8},{2904, 8},{4477, 8},{10782, 8},
{8040, 8},{3888, 8},{16175, 8},{23692, 8},{579, 8},{15993, 8},{578, 8},{800, 8},{23691, 8},{10785, 8},
{3885, 8},{16176, 8},{7284, 8},{8039, 8},{15789, 8},{15994, 8},{18491, 8},{17900, 8},{2901, 8},{10784, 8},
{23690, 8},{4479, 8},{17901, 8},{3886, 8},{15790, 8},{18490, 8},{16177, 8},{8038, 8},{2902, 8},{577, 8},
{15995, 8},{7285, 8},{4482, 8},{18489, 8},{16178, 8},{15996, 8},{15783, 8},{7282, 8},{8045, 8},{17906, 8},
{576, 8},{10787, 8},{23689, 8},{2899, 8},{3883, 8},{2900, 8},{575, 8},{4481, 8},{15997, 8},{15784, 8},
{3884, 8},{7283, 8},{16179, 8},{8044, 8},{23688, 8},{18488, 8},{10786, 8},{17907, 8},{15785, 8},{18487, 8},
{10789, 8},{15998, 8},{8043, 8},{4484, 8},{7280, 8},{574, 8},{23687, 8},{16180, 8},{17904, 8},{2897, 8},
{3881, 8},{8037, 8},{3895, 8},{15791, 8},{18498, 8},{2895, 8},{17898, 8},{4486, 8},{16170, 8},{572, 8},
{23696, 8},{10791, 8},{15987, 8},{7288, 8},{7289, 8},{16171, 8},{380, 8},{4485, 8},{23695, 8},{571, 8},
{17899, 8},{2896, 8},{18497, 8},{8036, 8},{15988, 8},{15792, 8},{3896, 8},{10408, 17},{11813, 17},{9886, 17},
{13794, 17},{26026, 17},{12451, 3},{25783, 3},{3406, 12},{1921, 3},{20358, 3},{13438, 3},{11875, 3},{18089, 17},
{782, 17},{26235, 17},{25709, 17},{4017, 17},{15586, 17},{14799, 17},{7195, 17},{25215, 17},{12194, 17},{20772, 17},
{23546, 17},{14791, 17},{18120, 17},{5823, 17},{10618, 1},{9966, 1},{3051, 15},{2687, 15},{16581, 1},{24625, 1},
{19078, 1},{2683, 15},{2691, 15},{21247, 1},{2690, 15},{16780, 1},{2684, 15},{2685, 15},{10008, 1},{3060, 15},
{3056, 15},{21585, 1},{13242, 1},{3052, 15},{3058, 15},{18339, 1},{3055, 15},{20433, 1},{2692, 15},{2688, 15},
{3054, 15},{8343, 1},{3053, 15},{3057, 15},{3059, 15},{2686, 15},{16768, 1},{18242, 1},{21716, 1},{2689, 15},
{6202, 15},{9468, 15},{2634, 15},{6198, 15},{9471, 15},{11249, 15},{11409, 1},{11211, 15},{9470, 15},{25972, 15},
{11262, 15},{9473, 15},{6201, 15},{6189, 15},{6197, 15},{9472, 15},{14923, 1},{17281, 1},{7341, 1},{20642, 1},
{16788, 1},{19075, 1},{8753, 1},{9467, 15},{6204, 15},{12265, 1},{23239, 15},{21587, 1},{13142, 15},{21586, 1},
{20980, 1},{24238, 1},{15789, 1},{19073, 1},{1633, 1},{13136, 15},{13137, 15},{16582, 1},{23244, 15},{13143, 15},
{23240, 15},{23242, 15},{13139, 15},{13141, 15},{13144, 15},{18359, 1},{13135, 15},{2409, 1},{13138, 15},{23241, 15},
{13140, 15},{15792, 1},{11300, 1},{19549, 1},{23243, 15},{16767, 1},{2616, 15},{744, 1},{16677, 15},{16673, 15},
{2612, 15},{16676, 15},{16671, 15},{16669, 15},{21135, 1},{16674, 15},{1412, 1},{2615, 15},{16672, 15},{2611, 15},
{14051, 1},{12258, 1},{18252, 1},{16668, 15},{2614, 15},{16670, 15},{2613, 15},{16675, 15},{22547, 1},{22980, 15},
{3280, 15},{17440, 1},{3278, 15},{10061, 1},{22977, 15},{22979, 15},{11402, 1},{5287, 1},{3282, 15},{3284, 15},
{3285, 15},{11302, 1},{22974, 15},{3288, 15},{22978, 15},{3279, 15},{3281, 15},{3283, 15},{22975, 15},{3289, 15},
{19077, 1},{6091, 17},{25323, 17},{18485, 17},{21058, 17},{4622, 17},{13596, 17},{25672, 7},{26372, 7},{319, 7},
{3614, 7},{6694, 0},{17692, 7},{24566, 9},{17690, 7},{23997, 7},{15391, 7},{4323, 7},{7723, 7},{23996, 7},
{6995, 7},{6986, 7},{24878, 7},{24876, 7},{2247, 7},{9356, 7},{321, 7},{9369, 7},{4855, 7},{12114, 7},
{4781, 7},{17685, 7},{4130, 12},{13436, 13},{20402, 3},{2750, 3},{9906, 3},{24837, 3},{22319, 7},{17309, 7},
{9367, 7},{4849, 7},{18916, 7},{21895, 7},{15246, 9},{9372, 7},{8215, 7},{23300, 7},{4329, 7},{2240, 7},
{4853, 7},{2635, 7},{10427, 7},{8217, 7},{15577, 7},{10528, 7},{10157, 7},{2248, 7},{9350, 7},{8225, 7},
{4326, 7},{9353, 7},{23305, 7},{17311, 7},{8671, 7},{17687, 7},{23996, 7},{17898, 7},{12119, 7},{24568, 9},
{10642, 7},{12984, 7},{24508, 7},{14225, 7},{10159, 7},{6989, 7},{17907, 7},{9350, 7},{17685, 7},{11612, 17},
{4772, 7},{21896, 7},{13405, 7},{17165, 7},{9374, 7},{10155, 7},{11131, 7},{13407, 7},{21831, 7},{9356, 7},
{314, 7},{21983, 7},{5915, 7},{23300, 7},{20187, 7},{2243, 7},{22310, 7},{25667, 7},{18920, 7},{4849, 7},
{24517, 7},{9370, 7},{5911, 7},{10426, 7},{2242, 7},{5165, 7},{24511, 7},{4856, 7},{498, 7},{24569, 9},
{1033, 7},{4329, 7},{17907, 7},{6986, 7},{1034, 7},{2670, 7},{10423, 7},{24569, 9},{25672, 7},{17687, 7},
{12115, 7},{8216, 7},{11127, 7},{11123, 7},{17317, 7},{25669, 7},{12116, 7},{498, 7},{16933, 7},{22432, 7},
{4328, 7},{22313, 7},{3527, 17},{19480, 7},{17905, 7},{4327, 7},{21833, 7},{9373, 7},{7915, 7},{14241, 7},
{13409, 7},{19477, 7},{12956, 7},{17691, 7},{8669, 7},{21282, 9},{8602, 0},{21831, 7},{10161, 7},{18917, 7},
{20189, 7},{6992, 7},{16933, 7},{21901, 7},{9954, 17},{22432, 7},{19477, 7},{23303, 7},{4781, 7},{9346, 7},
{8675, 7},{21282, 9},{16521, 7},{8219, 7},{318, 7},{3620, 7},{21836, 7},{17161, 7},{1039, 7},{7726, 7},
{5166, 7},{23309, 7},{20190, 7},{11129, 7},{4782, 7},{4331, 7},{3616, 7},{23336, 7},{6995, 7},{9354, 7},
{10424, 7},{16938, 7},{10314, 17},{15240, 17},{7695, 17},{23723, 17},{22510, 3},{26028, 3},{13431, 13},{17310, 17},
{26376, 17},{17245, 17},{16415, 17},{16425, 17},{17101, 7},{14680, 9},{1571, 7},{14685, 9},{14070, 7},{1577, 7},
{21649, 7},{14679, 9},{3237, 7},{14069, 7},{15601, 7},{8703, 7},{17739, 7},{17734, 7},{14059, 7},{14679, 9},
{14683, 9},{22371, 7},{21265, 7},{9782, 7},{21262, 7},{2745, 7},{14684, 9},{3232, 7},{14686, 9},{2003, 7},
{14060, 7},{21261, 7},{2005, 7},{1574, 7},{17740, 7},{10921, 7},{4139, 7},{22370, 7},{14686, 9},{4137, 7},
{918, 7},{9785, 7},{2748, 7},{4143, 7},{17732, 7},{14065, 7},{14682, 9},{4140, 7},{22367, 7},{3233, 7},
{9783, 7},{14682, 9},{4139, 7},{21649, 7},{10805, 17},{23721, 8},{684, 8},{20309, 8},{16380, 8},{2119, 8},
{882, 8},{8869, 8},{20575, 8},{21392, 8},{4092, 8},{10982, 8},{15845, 8},{9969, 8},{10929, 8},{4632, 8},
{10983, 8},{986, 8},{683, 8},{4183, 8},{16381, 8},{23720, 8},{2118, 8},{9970, 8},{883, 8},{10928, 8},
{20310, 8},{4091, 8},{4633, 8},{21391, 8},{15844, 8},{9067, 8},{16125, 8},{25741, 8},{9738, 8},{5195, 8},
{14330, 8},{5655, 8},{25296, 8},{3492, 8},{10059, 8},{14334, 8},{22423, 8},{6196, 8},{21502, 8},{6335, 8},
{23264, 17},{17677, 17},{346, 8},{4408, 8},{3527, 8},{14921, 8},{4867, 8},{6470, 8},{126, 8},{7843, 8},
{15167, 8},{8431, 8},{2672, 8},{2439, 8},{5776, 8},{21490, 8},{11580, 8},{14922, 8},{7842, 8},{5775, 8},
{17603, 8},{4407, 8},{2438, 8},{4868, 8},{2673, 8},{8430, 8},{6469, 8},{16394, 8},{15168, 8},{345, 8},
{3529, 8},{21491, 8},{6468, 8},{21492, 8},{11578, 8},{128, 8},{2437, 8},{4406, 8},{8846, 8},{4865, 8},
{15169, 8},{3522, 8},{344, 8},{7841, 8},{14923, 8},{2670, 8},{5722, 8},{15170, 8},{6467, 8},{14924, 8},
{5777, 8},{21493, 8},{127, 8},{7840, 8},{4405, 8},{343, 8},{5721, 8},{2436, 8},{2671, 8},{3524, 8},
{4866, 8},{11579, 8},{342, 8},{4404, 8},{14925, 8},{15163, 8},{21486, 8},{7847, 8},{3520, 8},{2676, 8},
{2443, 8},{5780, 8},{5716, 8},{118, 8},{4863, 8},{11576, 8},{6466, 8},{15164, 8},{341, 8},{21487, 8},
{3521, 8},{7846, 8},{6465, 8},{115, 8},{2442, 8},{5715, 8},{5779, 8},{14926, 8},{2677, 8},{4403, 8},
{11577, 8},{4864, 8},{13546, 8},{340, 8},{11574, 8},{4861, 8},{15165, 8},{4402, 8},{5718, 8},{2441, 8},
{2674, 8},{7845, 8},{6464, 8},{5782, 8},{21488, 8},{4938, 8},{14927, 8},{3516, 8},{4862, 8},{16378, 8},
{2440, 8},{14928, 8},{5717, 8},{15166, 8},{21489, 8},{5781, 8},{339, 8},{2675, 8},{4401, 8},{6463, 8},
{120, 8},{7844, 8},{4683, 17},{4908, 17},{13028, 17},{14929, 8},{2434, 8},{7853, 8},{21495, 8},{4934, 8},
{6472, 8},{11582, 8},{5787, 8},{2678, 8},{17596, 8},{4410, 8},{15161, 8},{4869, 8},{8442, 8},{337, 8},
{6471, 8},{17595, 8},{5786, 8},{11583, 8},{2679, 8},{4935, 8},{4409, 8},{14930, 8},{4870, 8},{15162, 8},
{2433, 8},{21496, 8},{7852, 8},{5725, 8},{336, 8},{21749, 17},{7760, 17},{4720, 17},{23963, 17},{877, 17},
{12000, 15},{13778, 15},{16031, 15},{2559, 15},{4379, 15},{4378, 15},{12819, 15},{10841, 3},{11495, 15},{25337, 15},
{14895, 15},{2585, 15},{8353, 15},{11389, 15},{2718, 15},{25339, 15},{10472, 15},{25532, 15},{16033, 15},{8953, 15},
{15712, 15},{3172, 17},{18627, 17},{893, 17},{18041, 17},{10618, 7},{15787, 7},{25855, 7},{10617, 7},{1628, 7},
{16851, 7},{17287, 7},{20887, 9},{16578, 7},{8528, 7},{19126, 7},{11402, 7},{20434, 7},{966, 7},{8519, 7},
{7426, 7},{13245, 7},{10611, 7},{22556, 7},{24630, 7},{21132, 7},{14376, 7},{4692, 7},{3292, 7},{17797, 7},
{10620, 7},{21130, 7},{8520, 7},{17286, 7},{2918, 7},{9617, 7},{19130, 7},{12309, 7},{2409, 7},{24091, 7},
{19129, 7},{25581, 7},{976, 7},{23539, 7},{5815, 7},{5820, 7},{17704, 7},{18672, 7},{20650, 7},{19124, 7},
{20877, 9},{26293, 7},{18311, 7},{13488, 7},{17702, 7},{24238, 7},{17281, 7},{20437, 7},{25588, 7},{16578, 7},
{14930, 7},{8747, 7},{8744, 7},{25848, 7},{21130, 7},{12786, 7},{5321, 7},{10057, 7},{3293, 7},{19555, 7},
{24091, 7},{24236, 7},{19556, 7},{14371, 7},{6440, 7},{18306, 7},{755, 7},{1630, 7},{18248, 0},{19551, 7},
{20879, 9},{13245, 7},{18312, 7},{10009, 7},{7426, 7},{15647, 7},{24096, 7},{8524, 7},{5313, 7},{11404, 7},
{26301, 7},{9615, 7},{25045, 7},{978, 7},{16514, 7},{17436, 7},{17441, 7},{3290, 7},{18252, 0},{16586, 7},
{2413, 7},{25856, 7},{14929, 7},{14930, 7},{16579, 7},{18338, 7},{20878, 9},{20651, 7},{8523, 7},{1630, 7},
{8526, 7},{17436, 7},{18669, 7},{20650, 7},{25043, 7},{24859, 7},{4568, 7},{17801, 7},{17704, 7},{10007, 7},
{4574, 7},{20878, 9},{5317, 7},{16581, 7},{3295, 7},{22549, 7},{10059, 7},{19555, 7},{21135, 7},{24625, 7},
{20433, 7},{2918, 7},{25038, 7},{17802, 7},{17274, 7},{18339, 7},{14372, 7},{17438, 7},{8753, 7},{8748, 7},
{19554, 7},{8752, 7},{19551, 7},{23533, 7},{21132, 7},{25855, 7},{5312, 7},{22832, 7},{5816, 7},{3297, 7},
{20881, 9},{25856, 7},{24626, 7},{19124, 7},{24629, 7},{17708, 7},{5819, 7},{24623, 7},{25588, 7},{22055, 7},
{21130, 7},{754, 7},{20439, 7},{21128, 7},{10006, 7},{20877, 9},{4692, 7},{13247, 7},{4688, 7},{3293, 7},
{17445, 7},{18343, 7},{26296, 7},{24239, 7},{16582, 7},{12302, 7},{19557, 7},{10059, 7},{20648, 7},{1627, 7},
{17436, 7},{12638, 7},{18883, 7},{24236, 7},{20876, 9},{10060, 7},{18334, 7},{15785, 7},{4690, 7},{5308, 7},
{744, 7},{20437, 7},{18353, 0},{5321, 7},{22836, 7},{750, 7},{1629, 7},{746, 7},{14929, 7},{18344, 7},
{20876, 9},{20433, 7},{20646, 7},{15788, 7},{26301, 7},{8745, 7},{14930, 7},{746, 7},{2410, 7},{976, 7},
{745, 7},{7431, 7},{22550, 7},{10613, 7},{2414, 7},{5313, 7},{17283, 7},{5312, 7},{16576, 7},{2409, 7},
{15647, 7},{24097, 7},{25036, 7},{8751, 7},{20436, 7},{12258, 0},{17444, 7},{13247, 7},{22553, 7},{5823, 7},
{10011, 7},{6421, 7},{19124, 7},{20644, 7},{5322, 7},{11408, 7},{19125, 7},{20879, 9},{17282, 7},{13488, 7},
{973, 7},{19549, 7},{10061, 7},{17885, 17},{13589, 17},{12500, 8},{16898, 8},{22387, 8},{12031, 8},{16897, 8},
{22388, 8},{12030, 8},{9278, 8},{12508, 8},{11120, 8},{3321, 8},{12023, 8},{22395, 8},{14856, 8},{24822, 8},
{16901, 8},{25219, 8},{14659, 8},{7539, 8},{12626, 8},{3320, 8},{16900, 8},{14660, 8},{12509, 8},{22396, 8},
{12022, 8},{11119, 8},{20085, 8},{7540, 8},{12506, 8},{16903, 8},{3319, 8},{25221, 8},{22397, 8},{12025, 8},
{7541, 8},{11118, 8},{14851, 8},{14661, 8},{25220, 8},{22398, 8},{14662, 8},{11117, 8},{12024, 8},{3318, 8},
{16902, 8},{12507, 8},{14854, 8},{7542, 8},{19666, 8},{20088, 8},{12027, 8},{16905, 8},{12504, 8},{3317, 8},
{7543, 8},{11116, 8},{22391, 8},{8286, 8},{14868, 8},{11115, 8},{22392, 8},{12026, 8},{25222, 8},{3316, 8},
{16904, 8},{12505, 8},{12502, 8},{12029, 8},{22393, 8},{25225, 8},{16907, 8},{14861, 8},{22133, 17},{7093, 13},
{6232, 13},{2827, 17},{15105, 17},{18450, 17},{19487, 17},{17264, 12},{5017, 3},{11171, 3},{18448, 17},{25349, 17},
{7611, 17},{8037, 17},{756, 17},{6698, 17},{25775, 17},{21397, 17},{24145, 17},{20190, 17},{4853, 17},{26224, 13},
{17249, 17},{5284, 17},{4608, 17},{4052, 3},{7155, 3},{3155, 13},{26356, 13},{20319, 17},{17377, 17},{11280, 17},
{12638, 17},{1392, 17},{81, 17},{784, 17},{12741, 17},{14953, 17},{17073, 17},{21101, 17},{17205, 17},{20204, 17},
{3218, 3},{22909, 3},{5789, 17},{12752, 17},{5652, 17},{18916, 17},{8145, 17},{23177, 17},{2115, 3},{22943, 3},
{7095, 12},{2063, 3},{13667, 17},{5510, 17},{12959, 17},{4479, 17},{21145, 17},{15076, 17},{6887, 17},{21815, 17},
{7678, 3},{25307, 17},{4917, 17},{4364, 17},{24900, 17},{25234, 17},{9259, 17},{18668, 17},{17093, 17},{5636, 17},
{23662, 17},{5730, 17},{14348, 15},{12201, 15},{7329, 17},{10990, 17},{2647, 17},{8623, 17},{7091, 17},{20650, 17},
{14639, 17},{10322, 17},{10991, 17},{19020, 17},{24223, 17},{6079, 17},{602, 17},{19907, 17},{12495, 17},{11026, 17},
{22416, 17},{3085, 17},{23770, 17},{10289, 17},{14640, 17},{22866, 8},{6864, 8},{3589, 8},{9355, 8},{11798, 8},
{17093, 8},{4909, 8},{25364, 8},{1602, 8},{25211, 8},{22825, 8},{21629, 8},{14877, 8},{6308, 8},{5468, 8},
{1601, 8},{6771, 8},{11799, 8},{6865, 8},{25210, 8},{25845, 8},{24127, 8},{6307, 8},{21996, 8},{5469, 8},
{4910, 8},{9356, 8},{22865, 8},{17092, 8},{25363, 8},{11800, 8},{3591, 8},{22589, 8},{5466, 8},{1600, 8},
{25366, 8},{6862, 8},{25846, 8},{21627, 8},{17095, 8},{12079, 8},{9353, 8},{25209, 8},{14881, 8},{22868, 8},
{5467, 8},{1599, 8},{25208, 8},{21628, 8},{22832, 8},{22000, 8},{17094, 8},{6305, 8},{25365, 8},{11801, 8},
{9354, 8},{22867, 8},{6863, 8},{10117, 8},{14880, 8},{14885, 8},{6868, 8},{5464, 8},{19599, 8},{4905, 8},
{11794, 8},{21633, 8},{9351, 8},{6304, 8},{22870, 8},{1606, 8},{21989, 8},{25848, 8},{25360, 8},{23667, 8},
{5465, 8},{25359, 8},{6869, 8},{22869, 8},{17088, 8},{21988, 8},{4906, 8},{25206, 8},{11795, 8},{6303, 8},
{9352, 8},{14883, 8},{22836, 8},{1605, 8},{21634, 8},{6866, 8},{9349, 8},{25205, 8},{21631, 8},{11796, 8},
{3587, 8},{17091, 8},{1604, 8},{5462, 8},{20245, 8},{6302, 8},{22838, 8},{6778, 8},{22872, 8},{4907, 8},
{22871, 8},{21993, 8},{17090, 8},{20244, 8},{5463, 8},{6867, 8},{21632, 8},{6301, 8},{9350, 8},{11797, 8},
{16851, 8},{4908, 8},{14886, 8},{1603, 8},{25204, 8},{22864, 8},{1608, 8},{21625, 8},{17097, 8},{6769, 8},
{5470, 8},{25855, 8},{12087, 8},{3369, 8},{6870, 8},{11802, 8},{9346, 8},{25201, 8},{3593, 8},{20204, 8},
{21626, 8},{5471, 8},{6871, 8},{11803, 8},{6768, 8},{1607, 8},{25200, 8},{3592, 8},{25856, 8},{9347, 8},
{6311, 8},{17096, 8},{20203, 8},{4898, 8},{22863, 8},{22836, 17},{23062, 17},{23453, 17},{4900, 17},{6812, 17},
{15763, 17},{11968, 17},{6296, 17},{3532, 15},{2524, 15},{8907, 15},{13302, 15},{2525, 15},{8062, 15},{20710, 15},
{12143, 15},{15147, 15},{6437, 15},{15048, 15},{18270, 15},{15086, 15},{12152, 15},{21177, 15},{896, 9},{22940, 7},
{879, 7},{7557, 7},{26239, 7},{13301, 15},{16459, 15},{21328, 15},{22940, 7},{22950, 7},{906, 9},{3907, 7},
{4362, 7},{17256, 9},{23591, 7},{22947, 7},{878, 7},{17774, 7},{2338, 15},{20949, 15},{11890, 15},{3351, 15},
{23866, 15},{3350, 15},{20630, 15},{21176, 15},{2519, 15},{18581, 17},{11616, 17},{15071, 17},{14720, 3},{19073, 3},
{20715, 3},{15479, 3},{20763, 17},{21307, 17},{25235, 17},{2115, 17},{632, 17},{22180, 17},{15166, 17},{9308, 17},
{17265, 13},{7409, 3},{19937, 13},{26014, 3},{20897, 15},{2318, 15},{7953, 15},{9226, 15},{14308, 13},{4046, 3},
{2112, 3},{16681, 17},{4957, 17},{23474, 17},{8675, 17},{25908, 17},{12735, 17},{7284, 17},{8618, 17},{21251, 7},
{14054, 7},{21001, 7},{22326, 9},{21247, 7},{20422, 7},{21426, 17},{5343, 17},{25672, 17},{12244, 17},{22333, 9},
{8679, 7},{18248, 7},{19073, 7},{8676, 7},{5284, 7},{12880, 17},{19077, 7},{1413, 7},{14053, 7},{1412, 7},
{22332, 9},{21001, 7},{21584, 7},{22331, 9},{9962, 7},{18040, 7},{19072, 7},{21588, 7},{18359, 7},{18245, 7},
{12261, 7},{3168, 17},{22330, 9},{9966, 7},{5281, 7},{9965, 7},{12260, 7},{12259, 7},{16767, 7},{5279, 7},
{18042, 7},{16294, 17},{2630, 9},{8343, 7},{14055, 7},{2933, 7},{16822, 7},{5281, 7},{16765, 7},{14053, 7},
{1799, 15},{1717, 15},{14607, 15},{5423, 15},{5923, 15},{14681, 17},{1330, 15},{7958, 15},{24426, 15},{10368, 17},
{4782, 17},{599, 17},{12573, 17},{7186, 13},{684, 3},{7268, 13},{7797, 17},{24876, 17},{20422, 17},{9911, 17},
{2408, 17},{13566, 17},{6199, 17},{7847, 17},{21527, 17},{4370, 13},{25115, 13},{20360, 3},{20575, 17},{20448, 17},
{9884, 17},{630, 17},{11111, 17},{3718, 17},{4123, 17},{25946, 17},{7330, 17},{6471, 17},{24910, 17},{24518, 17},
{13539, 17},{10322, 1},{17836, 1},{2280, 15},{18537, 1},{21079, 1},{19823, 15},{19821, 15},{19816, 15},{19826, 15},
{18428, 15},{19815, 15},{21080, 1},{13946, 15},{10952, 1},{19824, 15},{11783, 1},{19819, 15},{13948, 15},{8539, 15},
{19820, 15},{10181, 1},{13952, 15},{19822, 15},{10179, 1},{2277, 15},{1498, 1},{21075, 1},{19825, 15},{20320, 15},
{12496, 1},{1493, 1},{20349, 15},{5948, 15},{5941, 15},{5945, 15},{5943, 15},{10276, 15},{5946, 15},{18530, 1},
{12220, 15},{20324, 15},{5944, 15},{5949, 15},{25602, 15},{25468, 15},{5940, 15},{5942, 15},{12216, 15},{4174, 1},
{5939, 15},{22773, 1},{13896, 15},{17838, 15},{13898, 15},{17839, 15},{13897, 15},{17842, 15},{13895, 15},{13903, 15},
{1591, 15},{13904, 15},{13899, 15},{13900, 15},{13902, 15},{17840, 15},{13901, 15},{25277, 1},{18402, 15},{18407, 15},
{18404, 15},{18403, 15},{18406, 15},{18401, 15},{9466, 15},{9464, 15},{18410, 15},{18409, 15},{15972, 1},{4172, 1},
{18405, 15},{21851, 1},{18408, 15},{9465, 15},{17831, 1},{22767, 1},{13279, 15},{20004, 15},{269, 15},{271, 15},
{279, 15},{19303, 1},{264, 15},{2100, 1},{277, 15},{262, 15},{13281, 15},{13464, 1},{2419, 15},{13283, 15},
{267, 15},{17094, 1},{16084, 15},{16089, 15},{12499, 1},{16095, 15},{16093, 15},{10176, 1},{13446, 1},{16090, 15},
{18539, 1},{16091, 15},{16094, 15},{16088, 15},{16085, 15},{16092, 15},{4930, 15},{3698, 15},{4927, 15},{17832, 1},
{3691, 15},{4932, 15},{4926, 15},{4923, 15},{4929, 15},{14466, 15},{4925, 15},{3465, 15},{3697, 15},{10174, 1},
{4931, 15},{4924, 15},{6577, 15},{18893, 15},{18889, 15},{7480, 1},{18890, 15},{6572, 15},{25274, 1},{6578, 15},
{18894, 15},{18896, 15},{14953, 1},{18892, 15},{6574, 15},{6575, 15},{6569, 15},{6573, 15},{6576, 15},{6571, 15},
{18891, 15},{18895, 15},{6570, 15},{11882, 15},{11884, 15},{13526, 15},{11885, 15},{13525, 15},{11888, 15},{11887, 15},
{19304, 1},{11880, 15},{11881, 15},{11889, 15},{11883, 15},{11886, 15},{2132, 15},{2130, 15},{9574, 15},{2121, 15},
{2131, 15},{2120, 15},{13070, 15},{13069, 15},{9572, 15},{9569, 15},{9570, 15},{13074, 15},{12495, 1},{13072, 15},
{17830, 1},{13067, 15},{9573, 15},{9575, 15},{9571, 15},{9623, 17},{1642, 15},{24263, 15},{11036, 15},{8852, 15},
{24368, 15},{21711, 15},{23269, 15},{24940, 15},{19408, 15},{18368, 15},{13837, 15},{24366, 15},{6364, 15},{26260, 15},
{13386, 15},{21889, 15},{11096, 15},{25083, 15},{9584, 15},{1644, 15},{19032, 15},{751, 17},{23763, 17},{20369, 17},
{15426, 17},{9345, 17},{12313, 17},{1425, 17},{3598, 17},{25378, 17},{25939, 17},{15016, 17},{12307, 17},{9964, 17},
{8611, 17},{4748, 17},{22754, 15},{15229, 15},{8406, 15},{13501, 15},{16111, 15},{26076, 15},{8401, 15},{8404, 15},
{21070, 15},{4162, 15},{2566, 15},{18900, 15},{12830, 15},{4584, 15},{8403, 15},{16127, 15},{7198, 15},{24763, 15},
{21070, 15},{8975, 15},{4505, 15},{18721, 15},{18065, 15},{21356, 15},{8163, 15},{18905, 15},{2008, 17},{11267, 17},
{9965, 17},{1606, 17},{2585, 15},{8496, 15},{2571, 15},{11998, 15},{15927, 15},{25337, 15},{15710, 15},{9679, 15},
{4821, 15},{18707, 15},{15715, 15},{12129, 15},{19876, 15},{13607, 15},{15709, 15},{2718, 15},{11149, 15},{8951, 15},
{25575, 15},{11499, 15},{4822, 15},{15623, 15},{24579, 15},{11499, 15},{8352, 15},{10715, 15},{21897, 15},{6338, 17},
{26234, 3},{9554, 3},{9123, 3},{24507, 3},{4854, 17},{13593, 17},{15726, 17},{11409, 17},{25120, 17},{11505, 17},
{15542, 17},{21504, 17},{18732, 17},{8607, 17},{17385, 17},{8585, 17},{22059, 7},{4297, 7},{25009, 0},{8520, 7},
{21136, 7},{21129, 7},{11403, 7},{1636, 7},{15651, 7},{17803, 7},{10006, 7},{18306, 7},{10617, 7},{14377, 7},
{15650, 7},{14928, 7},{1632, 7},{4689, 7},{4577, 7},{2417, 7},{2630, 9},{21049, 7},{10989, 7},{22832, 7},
{1637, 7},{1634, 7},{17708, 7},{10617, 7},{17286, 7},{748, 7},{22056, 7},{18303, 7},{3291, 7},{18897, 7},
{2630, 9},{13240, 7},{14928, 7},{22053, 7},{5322, 7},{13505, 7},{10055, 7},{13084, 13},{21682, 3},{20317, 3},
{7195, 13},{4972, 3},{11059, 3},{1449, 3},{23059, 12},{10223, 3},{16077, 17},{965, 7},{8529, 7},{5324, 7},
{15903, 9},{7427, 7},{4567, 7},{22056, 7},{10011, 7},{4297, 7},{20439, 7},{15647, 7},{5317, 7},{2408, 7},
{20644, 7},{18306, 7},{978, 7},{13247, 7},{18341, 7},{15650, 7},{15791, 7},{2627, 9},{25588, 7},{17798, 7},
{13244, 7},{22057, 7},{15788, 7},{22838, 7},{744, 7},{14925, 7},{12785, 7},{4570, 7},{17442, 7},{10984, 7},
{24239, 7},{15792, 7},{25039, 7},{24098, 7},{10615, 7},{20445, 7},{8522, 7},{1627, 7},{748, 7},{14375, 7},
{13237, 7},{2624, 9},{10055, 7},{24096, 7},{8748, 7},{1634, 7},{14371, 7},{24097, 7},{20648, 7},{11405, 7},
{10614, 7},{20444, 7},{10007, 7},{13243, 7},{2415, 7},{14926, 7},{10060, 7},{15902, 9},{25042, 7},{4577, 7},
{17287, 7},{22551, 7},{14369, 7},{11409, 7},{17275, 7},{25579, 7},{18897, 7},{11407, 7},{8528, 7},{4574, 7},
{17444, 7},{4570, 7},{2915, 7},{25580, 7},{17804, 7},{19129, 7},{2629, 9},{15790, 7},{20439, 7},{8749, 7},
{23537, 7},{25856, 7},{4571, 7},{10054, 7},{973, 7},{18311, 7},{24241, 7},{19554, 7},{24621, 7},{24630, 7},
{5816, 7},{8520, 7},{26293, 7},{24626, 7},{13488, 7},{17281, 7},{12311, 7},{17282, 7},{22825, 7},{19128, 7},
{16788, 0},{5825, 7},{25846, 7},{18305, 7},{4691, 7},{17441, 7},{26294, 7},{11404, 7},{2629, 9},{19125, 7},
{2411, 7},{24092, 7},{17704, 7},{17804, 7},{17284, 7},{26295, 7},{22838, 7},{16582, 7},{17438, 7},{15792, 7},
{10060, 7},{965, 7},{20435, 7},{10059, 7},{2627, 9},{22556, 7},{24235, 7},{17441, 7},{8520, 7},{975, 7},
{18338, 7},{26292, 7},{17280, 7},{2933, 0},{18881, 7},{21135, 7},{2414, 7},{19128, 7},{25579, 7},{7430, 7},
{20650, 7},{24630, 7},{755, 7},{4573, 7},{15790, 7},{12309, 7},{2920, 7},{20842, 7},{18337, 7},{11404, 7},
{2628, 9},{16586, 7},{17437, 7},{22555, 7},{19548, 7},{8751, 7},{5319, 7},{16581, 7},{6440, 7},{14369, 7},
{15651, 7},{2413, 7},{19866, 17},{3111, 17},{8220, 17},{3912, 17},{9782, 17},{7803, 17},{10796, 17},{6655, 17},
{9115, 17},{12729, 17},{16620, 17},{18833, 17},{14015, 17},{2375, 17},{26221, 3},{21612, 3},{900, 13},{26003, 13},
{14000, 17},{7794, 17},{102, 17},{2878, 7},{17288, 9},{10195, 7},{14322, 7},{3956, 7},{3586, 7},{7390, 7},
{5595, 7},{17176, 7},{17173, 7},{19454, 7},{12678, 7},{1388, 7},{670, 7},{10200, 7},{19266, 7},{25697, 7},
{23285, 7},{21094, 7},{5721, 7},{1385, 7},{19264, 7},{1386, 7},{3584, 7},{22873, 7},{25208, 7},{16160, 7},
{17288, 9},{18461, 7},{15101, 7},{3393, 7},{22518, 7},{14331, 7},{16802, 7},{22513, 7},{7388, 7},{11112, 7},
{19448, 7},{3523, 7},{10787, 7},{17172, 7},{10791, 7},{19896, 7},{4013, 7},{12472, 7},{7597, 7},{10684, 7},
{19994, 7},{16157, 7},{19262, 7},{7719, 7},{380, 7},{20347, 7},{1623, 0},{7155, 9},{14324, 7},{10782, 7},
{21359, 7},{14326, 7},{16807, 7},{14325, 7},{7383, 7},{20703, 7},{3389, 7},{7386, 7},{7155, 9},{22517, 7},
{14331, 7},{25210, 7},{5589, 7},{1390, 7},{12612, 7},{23285, 7},{23286, 7},{25209, 7},{12564, 7},{18555, 7},
{4721, 7},{7391, 7},{25205, 7},{670, 7},{13044, 7},{12687, 7},{19999, 7},{8833, 0},{12469, 7},{10789, 7},
{25460, 7},{9828, 7},{4718, 7},{23281, 7},{7154, 9},{10191, 7},{12629, 7},{12573, 7},{10200, 7},{22112, 7},
{17598, 7},{19261, 7},{7153, 9},{22873, 7},{18674, 7},{17604, 7},{12473, 7},{25697, 7},{1397, 7},{19263, 7},
{25316, 7},{18466, 7},{20870, 7},{1386, 7},{670, 7},{668, 7},{21359, 7},{17174, 7},{25125, 7},{20344, 7},
{2886, 7},{23281, 7},{3598, 7},{23288, 7},{18110, 17},{4108, 17},{3755, 17},{16625, 17},{22427, 17},{26056, 17},
{23470, 17},{13562, 17},{18490, 17},{21611, 17},{25080, 17},{13352, 17},{12041, 17},{10495, 17},{15407, 17},{15542, 12},
{6943, 3},{11314, 3},{18534, 3},{9343, 12},{14773, 17},{15822, 17},{10782, 17},{11202, 17},{17260, 3},{12249, 17},
{12232, 8},{1530, 8},{10576, 8},{1143, 8},{9366, 17},{25314, 8},{15600, 17},{1168, 17},{18613, 17},{21502, 17},
{23768, 17},{1627, 17},{23321, 17},{605, 17},{18595, 17},{1927, 17},{3671, 17},{21261, 3},{9133, 3},{3946, 3},
{1445, 3},{25299, 3},{14486, 17},{21265, 3},{20690, 3},{6628, 17},{25102, 17},{23765, 17},{8153, 17},{16989, 3},
{20091, 3},{20865, 12},{17161, 8},{766, 8},{25890, 8},{18836, 8},{13244, 8},{19280, 8},{3759, 8},{15136, 8},
{6452, 8},{2788, 8},{16552, 8},{13245, 8},{6453, 8},{25889, 8},{19279, 8},{767, 8},{17162, 8},{15137, 8},
{3758, 8},{16542, 8},{18835, 8},{2787, 8},{6450, 8},{13246, 8},{3761, 8},{15138, 8},{13048, 8},{19278, 8},
{764, 8},{2786, 8},{17159, 8},{18834, 8},{25888, 8},{765, 8},{6451, 8},{2785, 8},{18833, 8},{3760, 8},
{13247, 8},{16557, 8},{25887, 8},{15139, 8},{17160, 8},{19277, 8},{18840, 8},{19276, 8},{22070, 8},{762, 8},
{6448, 8},{25886, 8},{11263, 8},{13240, 8},{17165, 8},{3763, 8},{25125, 8},{2783, 8},{6449, 8},{19275, 8},
{25885, 8},{13241, 8},{3762, 8},{763, 8},{17166, 8},{18839, 8},{13049, 8},{15141, 8},{19274, 8},{3765, 8},
{17163, 8},{11267, 8},{25884, 8},{2782, 8},{13242, 8},{18838, 8},{760, 8},{6446, 8},{16625, 8},{25883, 8},
{761, 8},{11270, 8},{2781, 8},{3764, 8},{13243, 8},{18837, 8},{6447, 8},{19273, 8},{17164, 8},{13051, 8},
{19363, 15},{19365, 15},{19364, 15},{19361, 15},{19362, 15},{24361, 15},{24362, 15},{24359, 15},{24360, 15},{26152, 15},
{26150, 15},{26153, 15},{26151, 15},{23679, 15},{452, 15},{14498, 15},{17080, 15},{19612, 15},{2815, 15},{16349, 15},
{14956, 15},{23187, 15},{15084, 15},{14116, 15},{2667, 15},{18286, 15},{14501, 15},{17077, 15},{18291, 15},{12725, 15},
{15087, 15},{1245, 15},{20008, 15},{25103, 15},{8257, 15},{5059, 15},{14067, 17},{21079, 17},{1554, 17},{19304, 3},
{13756, 3},{7683, 3},{8885, 3},{23952, 17},{16702, 17},{19381, 17},{22204, 17},{17965, 17},{23501, 17},{20931, 15},
{18221, 15},{22311, 1},{18216, 15},{17903, 1},{18220, 15},{18219, 15},{14341, 1},{18217, 15},{2677, 1},{20929, 15},
{18224, 15},{18225, 15},{20930, 15},{20927, 15},{723, 1},{4856, 1},{20928, 15},{3880, 15},{20932, 15},{18222, 15},
{18223, 15},{17031, 15},{20139, 15},{721, 1},{17030, 15},{17033, 15},{20138, 15},{20137, 15},{17037, 15},{17035, 15},
{4250, 1},{20134, 15},{8601, 1},{17038, 15},{17032, 15},{14340, 1},{15177, 15},{20133, 15},{17039, 15},{17034, 15},
{20136, 15},{17036, 15},{20135, 15},{23568, 15},{23567, 15},{23572, 15},{9267, 15},{9266, 15},{23574, 15},{8602, 1},
{23564, 15},{23570, 15},{23571, 15},{4247, 1},{6698, 1},{23573, 15},{23569, 15},{4851, 1},{23563, 15},{17312, 1},
{8872, 1},{9265, 15},{17426, 15},{6703, 1},{17425, 15},{2175, 1},{17432, 15},{17428, 15},{15724, 1},{17430, 15},
{17427, 15},{15721, 1},{17429, 15},{17517, 15},{17431, 15},{17424, 15},{23336, 1},{17433, 15},{2853, 15},{2854, 15},
{839, 15},{20404, 1},{2855, 15},{2851, 15},{14332, 1},{2856, 15},{840, 15},{2857, 15},{2850, 15},{842, 15},
{2859, 15},{6699, 1},{837, 15},{9351, 1},{2852, 15},{841, 15},{2858, 15},{844, 15},{838, 15},{843, 15},
{415, 15},{8878, 1},{411, 15},{408, 15},{6704, 1},{409, 15},{421, 15},{410, 15},{413, 15},{412, 15},
{414, 15},{420, 15},{15728, 1},{5698, 15},{720, 1},{22433, 1},{462, 15},{8632, 1},{459, 15},{463, 15},
{456, 15},{14724, 1},{20460, 15},{20462, 15},{17159, 1},{460, 15},{454, 15},{455, 15},{20978, 1},{20461, 15},
{20463, 15},{461, 15},{458, 15},{457, 15},{15723, 1},{725, 1},{14298, 15},{12699, 15},{89, 15},{13404, 1},
{8627, 1},{4249, 1},{6120, 15},{12693, 15},{12717, 15},{88, 15},{6125, 15},{17686, 1},{10856, 15},{91, 15},
{20183, 1},{10860, 15},{502, 15},{6474, 1},{90, 15},{6121, 15},{86, 15},{87, 15},{6132, 15},{10858, 15},
{23307, 1},{20897, 15},{6879, 15},{6883, 15},{6880, 15},{14345, 1},{508, 1},{17162, 1},{6877, 15},{20901, 15},
{4254, 1},{8651, 1},{20898, 15},{318, 1},{6881, 15},{9355, 1},{5163, 1},{15727, 1},{3614, 1},{20904, 15},
{6882, 15},{20899, 15},{20895, 15},{6694, 1},{20896, 15},{20894, 15},{13617, 1},{20875, 1},{20903, 15},{6884, 15},
{16426, 1},{16432, 1},{20900, 15},{6878, 15},{1038, 1},{20018, 15},{16435, 1},{5908, 15},{24690, 15},{5913, 15},
{9735, 15},{18867, 15},{20016, 15},{15722, 1},{5906, 15},{5909, 15},{20015, 15},{24879, 1},{18826, 15},{6987, 1},
{5910, 15},{1041, 1},{4774, 1},{15589, 1},{20017, 15},{20019, 15},{5905, 15},{6617, 7},{1301, 9},{6624, 7},
{8773, 7},{13537, 7},{17194, 7},{640, 7},{1300, 9},{6622, 7},{8774, 7},{25948, 7},{22844, 7},{1302, 9},
{2066, 7},{3168, 7},{2070, 7},{22847, 7},{6622, 7},{13542, 7},{642, 7},{8772, 7},{12735, 7},{1301, 9},
{22845, 7},{2112, 17},{18159, 17},{12193, 17},{9245, 17},{13432, 12},{15457, 12},{1301, 3},{16772, 3},{12306, 17},
{2307, 17},{22806, 17},{4541, 17},{16957, 17},{22481, 17},{17336, 17},{5345, 17},{12759, 17},{21225, 3},{13147, 12},
{21218, 3},{21633, 17},{21647, 3},{4220, 3},{4254, 3},{16931, 17},{10896, 17},{1036, 17},{11870, 17},{13065, 17},
{22055, 17},{20353, 17},{21059, 17},{10527, 17},{5976, 17},{9333, 17},{25393, 17},{12873, 17},{5630, 8},{10327, 8},
{11814, 8},{4911, 8},{19572, 8},{18310, 8},{2239, 8},{10254, 8},{6897, 8},{19124, 8},{18462, 8},{204, 8},
{12444, 8},{18105, 8},{75, 8},{11520, 17},{3164, 17},{22429, 17},{10556, 17},{7977, 17},{16811, 17},{14834, 17},
{3791, 17},{22006, 17},{19017, 17},{4752, 17},{24039, 17},{24237, 17},{3956, 17},{18994, 17},{7028, 17},{25366, 17},
{18836, 17},{23446, 17},{10615, 17},{16205, 8},{5260, 8},{20778, 8},{12327, 8},{18596, 8},{22002, 8},{15657, 8},
{17437, 8},{20808, 8},{2534, 8},{3259, 8},{503, 8},{19955, 8},{16820, 8},{10371, 8},{6804, 17},{18602, 8},
{5258, 8},{20776, 8},{17439, 8},{3585, 8},{3112, 8},{3257, 8},{19959, 8},{2532, 8},{509, 8},{16814, 8},
{24042, 8},{20806, 8},{10369, 8},{16199, 8},{18601, 8},{19952, 8},{24043, 8},{10370, 8},{16200, 8},{3584, 8},
{20777, 8},{16813, 8},{5257, 8},{20807, 8},{3258, 8},{17440, 8},{3111, 8},{510, 8},{2531, 8},{14955, 17},
{8047, 8},{16285, 8},{26371, 8},{1018, 17},{5280, 3},{2918, 17},{2798, 15},{2802, 15},{2421, 15},{18259, 15},
{21573, 15},{25441, 15},{13257, 15},{1263, 15},{2797, 15},{21914, 15},{16714, 15},{2428, 15},{8892, 15},{19215, 15},
{17298, 15},{21569, 15},{1226, 15},{9249, 15},{16220, 15},{19211, 15},{16725, 15},{15488, 15},{2796, 15},{14623, 15},
{20114, 17},{7458, 15},{22957, 15},{23928, 15},{18256, 15},{26239, 17},{11728, 17},{26017, 8},{5850, 8},{22648, 8},
{19852, 8},{8133, 8},{16258, 8},{25614, 8},{25168, 8},{19602, 8},{25268, 8},{1358, 8},{11778, 8},{17357, 8},
{10400, 8},{6851, 8},{10399, 8},{5849, 8},{22649, 8},{26016, 8},{19853, 8},{19601, 8},{25169, 8},{6852, 8},
{17358, 8},{25269, 8},{16257, 8},{25613, 8},{8132, 8},{11779, 8},{1357, 8},{5848, 8},{25616, 8},{17355, 8},
{8135, 8},{19604, 8},{22646, 8},{16256, 8},{1360, 8},{6853, 8},{10398, 8},{25266, 8},{19854, 8},{26019, 8},
{11776, 8},{12916, 8},{1359, 8},{19855, 8},{25615, 8},{25171, 8},{22647, 8},{16255, 8},{17356, 8},{10397, 8},
{8134, 8},{5847, 8},{25267, 8},{11777, 8},{6854, 8},{19603, 8},{26018, 8},{16985, 8},{25610, 8},{10396, 8},
{25264, 8},{22652, 8},{11774, 8},{6855, 8},{19467, 8},{19848, 8},{8129, 8},{19606, 8},{26021, 8},{17353, 8},
{5846, 8},{16262, 8},{5845, 8},{16261, 8},{10395, 8},{25609, 8},{26020, 8},{8128, 8},{6856, 8},{22653, 8},
{8227, 8},{19605, 8},{25265, 8},{12857, 8},{17620, 8},{19849, 8},{17354, 8},{19469, 8},{26023, 8},{6857, 8},
{17351, 8},{1364, 8},{5844, 8},{25262, 8},{11772, 8},{10394, 8},{19850, 8},{25612, 8},{22650, 8},{16260, 8},
{8131, 8},{11722, 8},{19851, 8},{25611, 8},{25263, 8},{11719, 8},{1363, 8},{22651, 8},{12868, 8},{26022, 8},
{10393, 8},{16259, 8},{8130, 8},{6858, 8},{17610, 8},{17352, 8},{5843, 8},{11340, 17},{17359, 8},{26013, 8},
{1354, 8},{19856, 8},{10392, 8},{11781, 8},{6849, 8},{16265, 8},{8127, 8},{11746, 8},{25606, 8},{5841, 8},
{25172, 8},{22644, 8},{25256, 8},{19613, 8},{25173, 8},{8126, 8},{19857, 8},{26012, 8},{5840, 8},{3840, 8},
{16053, 8},{16264, 8},{25605, 8},{6850, 8},{17360, 8},{11782, 8},{10391, 8},{19806, 8},{20810, 17},{5973, 17},
{15399, 17},{7315, 17},{21136, 17},{7314, 17},{14047, 17},{5995, 17},{11188, 17},{23914, 17},{12112, 17},{9443, 17},
{15167, 17},{19517, 3},{18582, 3},{9415, 3},{12677, 12},{25787, 7},{4636, 7},{1426, 9},{12969, 7},{12970, 7},
{18611, 7},{14818, 7},{1430, 9},{4969, 7},{18613, 7},{4970, 7},{12966, 7},{12969, 7},{20691, 7},{1012, 7},
{12963, 7},{4470, 7},{7871, 7},{4471, 7},{4963, 7},{1431, 9},{14812, 7},{20687, 7},{4641, 7},{1428, 9},
{4634, 7},{4475, 7},{1429, 9},{25782, 7},{11868, 7},{1429, 9},{11506, 7},{11505, 7},{12964, 7},{11504, 7},
{4134, 17},{1784, 15},{10379, 15},{2584, 15},{13130, 15},{22280, 15},{15072, 17},{18832, 17},{22777, 17},{9408, 17},
{1109, 17},{22608, 17},{25197, 3},{21604, 3},{20275, 3},{17256, 12},{15545, 13},{6389, 3},{1302, 13},{18308, 17},
{7558, 3},{1299, 12},{22945, 3},{16780, 3},{5776, 17},{9218, 17},{3188, 17},{17690, 17},{21776, 17},{12323, 17},
{3636, 17},{2748, 17},{21727, 3},{9910, 3},{9761, 3},{25374, 17},{24991, 17},{19722, 17},{20360, 17},{9406, 17},
{14055, 17},{4061, 17},{1094, 17},{3299, 17},{16288, 17},{25788, 3},{13148, 12},{20396, 3},{18815, 3},{13431, 3},
{25175, 3},{4132, 13},{17904, 17},{25787, 17},{4778, 17},{6619, 17},{3393, 17},{6231, 8},{3405, 8},{4107, 8},
{21309, 8},{1427, 8},{15542, 8},{11907, 8},{11172, 8},{17288, 8},{22386, 8},{1300, 8},{17813, 8},{24830, 8},
{5097, 8},{26355, 8},{17888, 17},{16882, 7},{22612, 7},{20779, 7},{18110, 7},{15829, 7},{1838, 7},{364, 7},
{4392, 7},{20993, 7},{7051, 7},{14231, 7},{9410, 7},{11176, 9},{1839, 7},{14005, 7},{13999, 7},{18114, 7},
{8663, 7},{8934, 7},{7765, 7},{11197, 7},{7110, 7},{15829, 7},{22602, 7},{14209, 7},{2714, 7},{22345, 7},
{2709, 7},{1067, 7},{5792, 7},{11175, 9},{12893, 7},{367, 7},{14001, 7},{17958, 7},{21626, 7},{21503, 7},
{10896, 7},{12754, 7},{18110, 7},{12891, 7},{367, 7},{18115, 7},{15830, 7},{1075, 7},{12888, 7},{19713, 7},
{1073, 7},{4389, 7},{4388, 7},{2713, 7},{7102, 7},{369, 7},{16881, 7},{13734, 7},{11199, 7},{14210, 7},
{17261, 9},{18398, 7},{1076, 7},{366, 7},{7280, 7},{4392, 7},{1972, 7},{8935, 7},{2708, 7},{12892, 7},
{12897, 7},{1843, 7},{11198, 7},{2710, 7},{12896, 7},{22346, 7},{5795, 7},{22607, 7},{21634, 7},{10438, 0},
{17262, 9},{1841, 7},{16878, 7},{24127, 7},{8664, 7},{4869, 7},{7055, 7},{7052, 7},{18115, 7},{15828, 7},
{19521, 0},{7105, 7},{12759, 7},{15575, 7},{7764, 7},{9402, 7},{14206, 7},{4390, 7},{22611, 7},{19711, 7},
{14735, 7},{14008, 7},{17955, 7},{4870, 7},{17263, 9},{1971, 7},{4868, 7},{1079, 7},{7051, 7},{15825, 7},
{12753, 7},{5790, 7},{19711, 7},{1843, 7},{5791, 7},{7289, 7},{2392, 7},{14742, 7},{15826, 7},{14205, 7},
{363, 7},{17263, 9},{7280, 7},{19710, 7},{17948, 7},{20778, 7},{21633, 7},{7759, 7},{4863, 7},{8934, 7},
{12891, 7},{20774, 7},{20993, 7},{7284, 7},{22349, 7},{22353, 7},{15822, 7},{22612, 7},{21503, 7},{7106, 7},
{4358, 0},{17264, 9},{8663, 7},{14229, 7},{7281, 7},{12895, 7},{14737, 7},{7760, 7},{17265, 9},{1835, 7},
{20779, 7},{12894, 7},{7557, 0},{12755, 7},{21629, 7},{7765, 7},{9410, 7},{22349, 7},{8662, 7},{16882, 7},
{15832, 7},{8661, 7},{18423, 7},{14734, 7},{19706, 7},{8936, 7},{2712, 7},{10899, 7},{7768, 7},{365, 7},
{17959, 7},{14739, 7},{14736, 7},{1972, 7},{10902, 7},{22351, 7},{14007, 7},{20778, 7},{7766, 7},{4862, 7},
{21629, 7},{17265, 9},{7762, 7},{20772, 7},{19712, 7},{4389, 7},{9412, 7},{11200, 7},{4385, 7},{4867, 7},
{1974, 7},{880, 0},{4867, 7},{1835, 7},{7105, 7},{14006, 7},{18109, 7},{220, 7},{373, 7},{8665, 7},
{12760, 7},{14229, 7},{14204, 7},{7283, 7},{5794, 7},{7051, 7},{21627, 7},{1836, 7},{5784, 9},{11582, 17},
{11342, 17},{6449, 17},{20693, 17},{25932, 17},{3165, 16},{24610, 16},{1404, 16},{25722, 16},{12331, 16},{3395, 16},
{19689, 16},{20310, 16},{20716, 16},{22873, 16},{16832, 16},{2548, 16},{915, 16},{11713, 16},{20451, 16},{23780, 16},
{22517, 16},{5966, 16},{9523, 16},{6670, 16},{15425, 16},{25200, 16},{15295, 16},{19124, 16},{6305, 16},{19479, 16},
{9965, 16},{17247, 16},{2442, 16},{1626, 16},{14334, 16},{24985, 16},{7690, 16},{18701, 16},{19376, 16},{13022, 16},
{20198, 16},{7335, 16},{13469, 16},{14655, 16},{5292, 16},{19300, 16},{19535, 16},{1067, 16},{2672, 16},{18075, 16},
{5580, 16},{5598, 16},{25414, 16},{16811, 16},{14070, 16},{16833, 16},{13774, 16},{16288, 16},{11847, 16},{10690, 16},
{4015, 16},{3702, 16},{20864, 16},{7167, 16},{16047, 16},{21781, 16},{21389, 16},{20538, 16},{3639, 16},{15138, 16},
{4255, 16},{23011, 16},{15840, 16},{12183, 16},{23941, 16},{1394, 16},{18815, 16},{22238, 16},{9460, 16},{18042, 16},
{24471, 16},{3983, 16},{7810, 16},{20203, 16},{1700, 16},{24675, 16},{18627, 16},{5575, 16},{17210, 16},{15144, 16},
{10458, 16},{9819, 16},{22107, 16},{4546, 16},{4746, 16},{150, 16},{19229, 16},{5344, 16},{5627, 16},{17340, 16},
{21991, 16},{2240, 16},{1408, 16},{22044, 16},{23912, 16},{15071, 16},{769, 16},{15886, 16},{11909, 16},{15210, 16},
{6, 16},{10432, 16},{1113, 16},{3599, 16},{805, 16},{6083, 16},{15830, 16},{12940, 16},{22016, 16},{5471, 16},
{4921, 16},{6805, 16},{12965, 16},{10444, 16},{1400, 16},{14825, 16},{3621, 16},{19550, 16},{25464, 16},{20866, 16},
{23255, 16},{17562, 16},{19453, 16},{13706, 16},{14337, 16},{18818, 16},{11062, 16},{23316, 16},{21606, 16},{24676, 16},
{3107, 16},{10613, 16},{5196, 16},{975, 16},{22520, 16},{2417, 16},{14457, 16},{6265, 16},{397, 16},{11178, 16},
{7083, 16},{5018, 16},{25918, 16},{9963, 16},{2536, 16},{21779, 16},{19127, 16},{18037, 16},{11852, 16},{24882, 16},
{3405, 16},{17250, 16},{8177, 16},{5779, 16},{17963, 16},{21247, 16},{21470, 16},{19473, 16},{13587, 16},{6335, 16},
{13787, 16},{2407, 16},{1077, 16},{14345, 16},{17678, 16},{21510, 16},{4545, 16},{13620, 16},{2623, 16},{4980, 16},
{11131, 16},{25775, 16},{17669, 16},{6471, 16},{19061, 16},{19995, 16},{12467, 16},{6894, 16},{15998, 16},{11071, 16},
{13816, 16},{3803, 16},{4575, 16},{15600, 16},{1393, 16},{21384, 16},{22943, 16},{10374, 16},{14689, 16},{22481, 16},
{2382, 16},{5599, 16},{19599, 16},{17884, 16},{6534, 16},{4774, 16},{25910, 16},{12967, 16},{21902, 16},{12583, 16},
{16619, 16},{3805, 16},{2148, 16},{11798, 16},{24611, 16},{25892, 16},{22246, 16},{15955, 16},{23323, 16},{5119, 16},
{17335, 16},{1447, 16},{19865, 16},{23058, 16},{4922, 16},{1903, 16},{8990, 16},{18079, 16},{6863, 16},{12744, 16},
{664, 16},{26051, 16},{13355, 16},{15457, 16},{23943, 16},{3415, 16},{5816, 16},{644, 16},{26059, 16},{14487, 16},
{13029, 16},{5655, 16},{13, 16},{7797, 16},{2886, 16},{7028, 16},{24045, 16},{8830, 16},{24324, 16},{19861, 16},
{13470, 16},{4473, 16},{15831, 16},{10783, 16},{17095, 16},{21879, 16},{21115, 16},{4141, 16},{25930, 16},{18533, 16},
{16077, 16},{25038, 16},{11313, 16},{23602, 16},{11129, 16},{7939, 16},{7185, 16},{12533, 16},{25893, 16},{19534, 16},
{10848, 16},{2295, 16},{9726, 16},{18916, 16},{18820, 16},{13146, 16},{10365, 16},{2387, 16},{24902, 16},{8662, 16},
{8041, 16},{21398, 16},{24673, 16},{7764, 16},{16728, 16},{15301, 16},{13818, 16},{16710, 16},{6621, 16},{23015, 16},
{10459, 16},{21651, 16},{8523, 16},{25841, 16},{2744, 16},{3113, 16},{14356, 16},{22040, 16},{9049, 16},{5254, 16},
{17481, 16},{3160, 16},{22367, 16},{22409, 16},{7439, 16},{11340, 16},{16078, 16},{14215, 16},{19391, 16},{6455, 16},
{4536, 16},{7844, 16},{9516, 16},{24154, 16},{756, 16},{16807, 16},{21898, 16},{21434, 16},{18343, 16},{18538, 16},
{9880, 16},{7908, 16},{20971, 16},{24811, 16},{5553, 16},{5659, 16},{13203, 16},{19270, 16},{14774, 16},{1107, 16},
{18993, 16},{532, 16},{23086, 16},{13102, 16},{8178, 16},{14488, 16},{578, 16},{1573, 16},{7696, 16},{21737, 16},
{22410, 16},{22513, 16},{3166, 16},{9116, 16},{16192, 16},{5574, 16},{17805, 16},{9542, 16},{16170, 16},{4271, 16},
{22778, 16},{25581, 16},{4217, 16},{20112, 16},{24076, 16},{14383, 16},{5892, 16},{22043, 16},{10810, 16},{16523, 16},
{10442, 16},{21584, 16},{12964, 16},{22027, 16},{127, 16},{12876, 16},{12956, 16},{9557, 16},{17284, 16},{7804, 16},
{21838, 16},{4110, 16},{26117, 16},{18774, 16},{18124, 16},{20645, 16},{23474, 16},{16685, 16},{23480, 16},{24808, 16},
{16524, 16},{11795, 16},{9082, 16},{17944, 16},{23725, 16},{10924, 16},{21397, 16},{2562, 16},{146, 16},{25376, 16},
{18816, 16},{5319, 16},{22539, 16},{10419, 16},{6015, 16},{22389, 16},{20907, 16},{23350, 16},{13557, 16},{10556, 16},
{9088, 16},{74, 16},{158, 16},{19301, 16},{8436, 16},{1446, 16},{9120, 16},{1011, 16},{6987, 16},{22949, 16},
{16171, 16},{9701, 16},{5565, 16},{2405, 16},{17175, 16},{22476, 16},{17831, 16},{16760, 16},{7482, 16},{498, 16},
{2308, 16},{9903, 16},{4720, 16},{24909, 16},{13173, 16},{10788, 16},{12712, 16},{16930, 16},{19530, 16},{25394, 16},
{9754, 16},{24150, 16},{14379, 16},{19670, 16},{19478, 16},{24162, 16},{16621, 16},{20770, 16},{17647, 16},{1110, 16},
{13316, 16},{11065, 16},{10314, 16},{14924, 16},{273, 16},{20362, 16},{17177, 16},{3982, 16},{16767, 16},{10790, 16},
{3173, 16},{15365, 16},{8043, 16},{4543, 16},{14800, 16},{17286, 16},{12038, 16},{22612, 16},{4609, 16},{25708, 16},
{16684, 16},{14696, 16},{18435, 16},{8617, 16},{10582, 16},{6207, 16},{14911, 16},{18917, 16},{24459, 16},{16475, 16},
{22524, 16},{9119, 16},{23554, 16},{21896, 16},{3984, 16},{18562, 16},{18451, 16},{6633, 16},{6669, 16},{19799, 16},
{16481, 16},{18668, 16},{1628, 16},{15444, 16},{10674, 16},{4529, 16},{17166, 16},{3559, 16},{4371, 16},{4902, 16},
{427, 16},{10284, 16},{640, 16},{23764, 16},{707, 16},{9248, 16},{15947, 16},{1920, 16},{11108, 16},{16937, 16},
{9250, 16},{9135, 16},{3112, 16},{25498, 16},{14048, 16},{13433, 16},{2607, 16},{895, 16},{17309, 16},{3494, 16},
{197, 16},{5792, 16},{22414, 16},{24239, 16},{14717, 16},{15544, 16},{23609, 16},{3563, 16},{22023, 16},{2221, 16},
{9355, 16},{8214, 16},{13347, 16},{3477, 16},{4001, 16},{2913, 16},{13220, 16},{7562, 16},{11574, 16},{13354, 16},
{12043, 16},{10583, 16},{26002, 16},{4111, 16},{18122, 16},{12040, 16},{2374, 16},{10614, 16},{23134, 16},{2313, 16},
{25999, 16},{9828, 16},{395, 16},{8218, 16},{11604, 16},{2883, 16},{14191, 16},{316, 16},{23138, 16},{21254, 16},
{909, 16},{18338, 16},{15403, 16},{25279, 16},{5998, 16},{6993, 16},{7309, 16},{23447, 16},{16009, 16},{18247, 16},
{8639, 16},{3291, 16},{14053, 16},{9068, 16},{17472, 16},{7806, 16},{25547, 16},{152, 16},{24621, 16},{6825, 16},
{5199, 16},{4201, 16},{10320, 16},{26003, 16},{9782, 16},{15762, 16},{7768, 16},{11512, 16},{17513, 16},{17607, 16},
{24235, 16},{21009, 16},{11896, 16},{11871, 16},{25550, 16},{14382, 16},{25124, 16},{16177, 16},{8519, 16},{23473, 16},
{21371, 16},{9519, 16},{16990, 16},{19220, 16},{14328, 16},{18738, 16},{6230, 16},{14101, 16},{2881, 16},{25413, 16},
{13452, 16},{6890, 16},{5999, 16},{366, 16},{20784, 16},{2326, 16},{21751, 16},{18309, 16},{9879, 16},{15358, 16},
{7407, 16},{3015, 16},{6820, 16},{25324, 16},{920, 16},{2459, 16},{24991, 16},{19551, 16},{21529, 16},{4364, 16},
{15720, 16},{767, 16},{22941, 16},{18775, 16},{17141, 16},{20528, 16},{15510, 16},{4910, 16},{22111, 16},{9833, 16},
{3081, 16},{9763, 16},{15841, 16},{1340, 16},{17852, 16},{21383, 16},{10403, 16},{12486, 16},{22838, 16},{8154, 16},
{25461, 16},{10666, 16},{1397, 16},{4387, 16},{8869, 16},{4608, 16},{2631, 16},{21736, 16},{8620, 16},{22865, 16},
{14322, 16},{7822, 16},{5465, 16},{8476, 16},{20808, 16},{4117, 16},{25827, 16},{24378, 16},{13570, 16},{22372, 16},
{23335, 16},{10439, 16},{15974, 16},{2288, 16},{23771, 16},{19447, 16},{7264, 16},{12512, 16},{22892, 16},{13476, 16},
{15409, 16},{6007, 16},{17091, 16},{14734, 16},{26060, 16},{8871, 16},{4077, 16},{12703, 16},{9262, 16},{18629, 16},
{2625, 16},{23300, 16},{22190, 16},{20509, 16},{14329, 16},{20359, 16},{20786, 16},{18478, 16},{12496, 16},{15505, 16},
{12263, 16},{19286, 16},{22745, 16},{9405, 16},{14953, 16},{20404, 16},{23259, 16},{2411, 16},{7259, 16},{24470, 16},
{11058, 16},{10579, 16},{21118, 16},{4109, 16},{21246, 16},{8997, 16},{20575, 16},{8263, 16},{24677, 16},{21442, 16},
{19863, 16},{1037, 16},{3786, 16},{17811, 16},{24989, 16},{3513, 16},{2647, 16},{6992, 16},{17170, 16},{2599, 16},
{5482, 16},{4530, 16},{3170, 16},{1431, 16},{23907, 16},{21851, 16},{9352, 16},{14595, 16},{2783, 16},{10262, 16},
{6535, 16},{25276, 16},{3412, 16},{18974, 16},{22319, 16},{1844, 16},{4716, 16},{4472, 16},{21267, 16},{16433, 16},
{25908, 16},{10257, 16},{15108, 16},{9705, 16},{2786, 16},{9521, 16},{10220, 16},{21632, 16},{14949, 16},{14267, 16},
{19445, 16},{22370, 16},{7675, 16},{13247, 16},{13537, 16},{19993, 16},{678, 16},{4970, 16},{19175, 16},{11666, 16},
{16934, 16},{15231, 16},{24502, 16},{22239, 16},{21705, 16},{10202, 16},{9821, 16},{20337, 16},{1555, 16},{21218, 16},
{26118, 16},{1969, 16},{13719, 16},{1424, 16},{19711, 16},{24321, 16},{19145, 16},{2785, 16},{3963, 16},{16435, 16},
{17339, 16},{6472, 16},{14803, 16},{22589, 16},{787, 16},{2819, 16},{6897, 16},{17317, 16},{18616, 16},{15288, 16},
{17733, 16},{5594, 16},{21492, 16},{22869, 16},{25754, 16},{25370, 16},{21095, 16},{19987, 16},{17853, 16},{20785, 16},
{23304, 16},{5312, 16},{15792, 16},{8625, 16},{11186, 16},{14721, 16},{10366, 16},{22515, 16},{9818, 16},{25228, 16},
{7719, 16},{24356, 16},{3645, 16},{19998, 16},{4719, 16},{7712, 16},{12246, 16},{21581, 16},{14802, 16},{8219, 16},
{1412, 16},{14427, 16},{5823, 16},{5585, 16},{21314, 16},{5113, 16},{24017, 16},{3522, 16},{25043, 16},{22771, 16},
{4295, 16},{10457, 16},{2531, 16},{24092, 16},{9558, 16},{24491, 16},{4057, 16},{20693, 16},{18434, 16},{19327, 16},
{11521, 16},{23509, 16},{21667, 16},{10323, 16},{23338, 16},{19150, 16},{21270, 16},{10585, 16},{23320, 16},{23729, 16},
{12115, 16},{25938, 16},{6352, 16},{3715, 16},{17212, 16},{24670, 16},{20766, 16},{14342, 16},{4718, 16},{8039, 16},
{7112, 16},{4567, 16},{754, 16},{21818, 16},{9808, 16},{24284, 16},{3413, 16},{24316, 16},{19356, 16},{10988, 16},
{18773, 16},{12409, 16},{2294, 16},{22896, 16},{25555, 16},{4865, 16},{17603, 16},{19305, 16},{19090, 16},{10192, 16},
{681, 16},{337, 16},{20751, 16},{3709, 16},{4020, 16},{4332, 16},{5355, 16},{4390, 16},{16866, 16},{13712, 16},
{16289, 16},{1550, 16},{2918, 16},{3447, 16},{5092, 16},{10181, 16},{24314, 16},{1409, 16},{25671, 16},{18976, 16},
{10784, 16},{4681, 16},{2895, 16},{11068, 16},{7313, 16},{19525, 16},{3636, 16},{19480, 16},{13823, 16},{9441, 16},
{4476, 16},{5343, 16},{4981, 16},{20111, 16},{24494, 16},{5997, 16},{24651, 16},{3926, 16},{3235, 16},{3617, 16},
{5526, 16},{2884, 16},{21244, 16},{6868, 16},{7330, 16},{11618, 16},{20714, 16},{18554, 16},{10156, 16},{25787, 16},
{3216, 16},{25740, 16},{18732, 16},{12051, 16},{24127, 16},{1490, 16},{10426, 16},{17851, 16},{16960, 16},{15349, 16},
{5587, 16},{17554, 16},{2248, 16},{11609, 16},{24237, 16},{657, 16},{11160, 16},{22002, 16},{1012, 16},{6840, 16},
{24241, 16},{18168, 16},{15842, 16},{4199, 16},{2406, 16},{3958, 16},{21629, 16},{3334, 16},{8274, 16},{1694, 16},
{125, 16},{26032, 16},{7529, 16},{22241, 16},{18834, 16},{7, 16},{148, 16},{16517, 16},{26351, 16},{24465, 16},
{604, 16},{20454, 16},{21666, 16},{21495, 16},{6143, 16},{22607, 16},{13107, 16},{7191, 16},{25716, 16},{6824, 16},
{2715, 16},{20535, 16},{4074, 16},{17442, 16},{8259, 16},{16921, 16},{23770, 16},{16415, 16},{23339, 16},{18674, 16},
{6080, 16},{17803, 16},{4294, 16},{17468, 16},{579, 16},{24900, 16},{18617, 16},{19450, 16},{14380, 16},{5260, 16},
{22550, 16},{10006, 16},{22871, 16},{18697, 16},{1623, 16},{9787, 16},{26413, 16},{25363, 16},{21935, 16},{23153, 16},
{4528, 16},{14693, 16},{7427, 16},{8793, 16},{17211, 16},{10498, 16},{23353, 16},{13665, 16},{1497, 16},{21252, 16},
{26273, 16},{26053, 16},{18614, 16},{6003, 16},{3561, 16},{1935, 16},{5317, 16},{12194, 16},{1695, 16},{13097, 16},
{4254, 16},{18970, 16},{8641, 16},{18992, 16},{26329, 16},{516, 16},{21989, 16},{22870, 16},{9518, 16},{10962, 16},
{3798, 16},{13561, 16},{22750, 16},{5636, 16},{14355, 16},{14664, 16},{1459, 16},{18452, 16},{18089, 16},{18735, 16},
{675, 16},{10408, 16},{17708, 16},{20699, 16},{17889, 16},{153, 16},{16920, 16},{19521, 16},{13798, 16},{22534, 16},
{12521, 16},{11751, 16},{12559, 16},{16988, 16},{13350, 16},{24317, 16},{8870, 16},{24021, 16},{4906, 16},{25198, 16},
{6020, 16},{10291, 16},{15587, 16},{9374, 16},{6524, 16},{19144, 16},{9964, 16},{20333, 16},{23508, 16},{9005, 16},
{11172, 16},{2385, 16},{7358, 16},{20182, 16},{7480, 16},{19996, 16},{4907, 16},{24607, 16},{1076, 16},{20399, 16},
{17953, 16},{16527, 16},{8582, 16},{18975, 16},{2560, 16},{20842, 16},{7760, 16},{22746, 16},{15302, 16},{14428, 16},
{21849, 16},{26184, 16},{8679, 16},{7448, 16},{20570, 16},{17515, 16},{10242, 16},{2825, 16},{4392, 16},{20347, 16},
{1971, 16},{16178, 16},{13667, 16},{10864, 16},{6619, 16},{13483, 16},{17089, 16},{17173, 16},{19021, 16},{10322, 16},
{5100, 16},{3588, 16},{14797, 16},{14214, 16},{13228, 16},{26367, 16},{24223, 16},{21224, 16},{25845, 16},{659, 16},
{7284, 16},{4909, 16},{12175, 16},{14695, 16},{4326, 16},{25201, 16},{9906, 16},{867, 16},{26029, 16},{21081, 16},
{15610, 16},{17215, 16},{21822, 16},{11346, 16},{8197, 16},{4285, 16},{19014, 16},{8050, 16},{12307, 16},{14927, 16},
{9555, 16},{19169, 16},{11406, 16},{8217, 16},{8932, 16},{15300, 16},{4969, 16},{5723, 16},{26349, 16},{23017, 16},
{5166, 16},{9614, 16},{9373, 16},{5972, 16},{6286, 16},{3918, 16},{21749, 16},{21493, 16},{16780, 16},{4677, 16},
{21882, 16},{14268, 16},{11013, 16},{17336, 16},{9698, 16},{17027, 16},{24219, 16},{14785, 16},{2384, 16},{7876, 16},
{16992, 16},{1841, 16},{24352, 16},{16815, 16},{14196, 16},{11682, 16},{22012, 16},{8873, 16},{4782, 16},{7877, 16},
{21747, 16},{5625, 16},{2009, 16},{6986, 16},{22244, 16},{17832, 16},{11265, 16},{22794, 16},{14929, 16},{5718, 16},
{21099, 16},{11331, 16},{25364, 16},{9416, 16},{77, 16},{18150, 16},{8831, 16},{22203, 16},{18308, 16},{711, 16},
{4953, 16},{11200, 16},{2218, 16},{23546, 16},{2441, 16},{15978, 16},{12189, 16},{19698, 16},{9541, 16},{14947, 16},
{15975, 16},{23917, 16},{19787, 16},{21268, 16},{22042, 16},{26294, 16},{7099, 16},{24200, 16},{3712, 16},{17477, 16},
{11579, 16},{9656, 16},{20774, 16},{14599, 16},{25501, 16},{9126, 16},{15249, 16},{25009, 16},{25123, 16},{24837, 16},
{11334, 16},{26269, 16},{14914, 16},{25120, 16},{25165, 16},{8363, 16},{25851, 16},{8182, 16},{11619, 16},{24148, 16},
{10007, 16},{144, 16},{2381, 16},{26112, 16},{5163, 16},{755, 16},{26031, 16},{21055, 16},{7442, 16},{19284, 16},
{21783, 16},{19024, 16},{19476, 16},{5820, 16},{11364, 16},{13244, 16},{15103, 16},{19297, 16},{24401, 16},{18454, 16},
{18596, 16},{4373, 16},{2651, 16},{19801, 16},{21778, 16},{3154, 16},{14703, 16},{17333, 16},{5787, 16},{22257, 16},
{6799, 16},{15433, 16},{2644, 16},{18591, 16},{6302, 16},{23010, 16},{20768, 16},{4061, 16},{11800, 16},{15839, 16},
{21128, 16},{10467, 16},{23133, 16},{9369, 16},{18611, 16},{18587, 16},{16043, 16},{26033, 16},{7052, 16},{20340, 16},
{11315, 16},{4850, 16},{5904, 16},{1339, 16},{9457, 16},{15825, 16},{19958, 16},{25317, 16},{17814, 16},{15448, 16},
{20886, 16},{1852, 16},{22404, 16},{23449, 16},{11649, 16},{20245, 16},{22553, 16},{12174, 16},{13346, 16},{1452, 16},
{4331, 16},{22521, 16},{14225, 16},{11223, 16},{1837, 16},{18602, 16},{1098, 16},{4854, 16},{81, 16},{6140, 16},
{16073, 16},{8611, 16},{3152, 16},{1606, 16},{10527, 16},{4247, 16},{16879, 16},{8938, 16},{8750, 16},{11314, 16},
{17969, 16},{2436, 16},{3784, 16},{25234, 16},{10405, 16},{6821, 16},{7754, 16},{9417, 16},{2222, 16},{26011, 16},
{6137, 16},{21936, 16},{1299, 16},{3637, 16},{19262, 16},{11680, 16},{15446, 16},{14772, 16},{14639, 16},{13985, 16},
{2290, 16},{10818, 16},{14484, 16},{23768, 16},{6698, 16},{15979, 16},{25296, 16},{23091, 16},{5730, 16},{14324, 16},
{23645, 16},{25934, 16},{9338, 16},{20309, 16},{4063, 16},{14667, 16},{24515, 16},{21264, 16},{13043, 16},{14757, 16},
{11603, 16},{866, 16},{23624, 16},{3674, 16},{17968, 16},{23291, 16},{24273, 16},{4867, 16},{11278, 16},{992, 16},
{6088, 16},{5724, 16},{6011, 16},{9449, 16},{7337, 16},{20453, 16},{2386, 16},{10435, 16},{18885, 16},{14385, 16},
{6990, 16},{4577, 16},{18692, 16},{6816, 16},{15907, 16},{9274, 16},{19864, 16},{23511, 16},{15078, 16},{23105, 16},
{17604, 16},{21058, 16},{2922, 16},{12581, 16},{20491, 16},{19025, 16},{15143, 16},{19026, 16},{3801, 16},{4215, 16},
{18106, 16},{203, 16},{16681, 16},{20338, 16},{1576, 16},{25946, 16},{19179, 16},{18437, 16},{719, 16},{16294, 16},
{24987, 16},{4918, 16},{17179, 16},{400, 16},{13488, 16},{18760, 16},{13023, 16},{17316, 16},{23639, 16},{18152, 16},
{4672, 16},{13431, 16},{1082, 16},{4323, 16},{21063, 16},{25847, 16},{25456, 16},{25931, 16},{1405, 16},{22242, 16},
{10056, 16},{21225, 16},{25995, 16},{4952, 16},{8704, 16},{25183, 16},{22055, 16},{23976, 16},{9972, 16},{8992, 16},
{2535, 16},{16542, 16},{7555, 16},{20184, 16},{18121, 16},{12672, 16},{22108, 16},{18321, 16},{23384, 16},{13031, 16},
{9784, 16},{2226, 16},{9885, 16},{18086, 16},{14784, 16},{9453, 16},{8147, 16},{14209, 16},{23302, 16},{17905, 16},
{21076, 16},{13593, 16},{18996, 16},{16056, 16},{23158, 16},{15901, 16},{4084, 16},{6145, 16},{9455, 16},{24659, 16},
{13551, 16},{16851, 16},{10461, 16},{154, 16},{9347, 16},{9001, 16},{18455, 16},{18800, 16},{6268, 16},{14016, 16},
{668, 16},{25936, 16},{7842, 16},{14186, 16},{16705, 16},{8, 16},{13240, 16},{25402, 16},{13990, 16},{25209, 16},
{1018, 16},{4021, 16},{19066, 16},{16625, 16},{16688, 16},{17232, 16},{13590, 16},{25282, 16},{17161, 16},{2377, 16},
{17681, 16},{24903, 16},{12534, 16},{1843, 16},{6463, 16},{7903, 16},{7381, 16},{3155, 16},{26299, 16},{6659, 16},
{4650, 16},{25996, 16},{6090, 16},{9329, 16},{3219, 16},{20569, 16},{15169, 16},{25720, 16},{26276, 16},{9567, 16},
{5258, 16},{14816, 16},{23264, 16},{21144, 16},{14817, 16},{4091, 16},{15398, 16},{20718, 16},{21738, 16},{6129, 16},
{15075, 16},{9368, 16},{163, 16},{21075, 16},{5017, 16},{25166, 16},{6127, 16},{12171, 16},{15996, 16},{7261, 16},
{4092, 16},{11181, 16},{8268, 16},{10214, 16},{7846, 16},{25770, 16},{22531, 16},{25377, 16},{6768, 16},{24990, 16},
{6887, 16},{22774, 16},{6281, 16},{17176, 16},{5280, 16},{5463, 16},{12451, 16},{1108, 16},{18114, 16},{10217, 16},
{7352, 16},{22875, 16},{22371, 16},{2679, 16},{868, 16},{10826, 16},{22611, 16},{9831, 16},{5284, 16},{1548, 16},
{18817, 16},{11347, 16},{21501, 16},{5279, 16},{24236, 16},{6311, 16},{3167, 16},{1611, 16},{14205, 16},{20507, 16},
{1835, 16},{23816, 16},{14650, 16},{10548, 16},{17214, 16},{7714, 16},{16824, 16},{978, 16},{8471, 16},{11787, 16},
{566, 16},{20648, 16},{4572, 16},{13351, 16},{4527, 16},{10255, 16},{10782, 16},{4219, 16},{13084, 16},{18108, 16},
{17390, 16},{11967, 16},{15232, 16},{16876, 16},{2410, 16},{7847, 16},{13718, 16},{21832, 16},{13970, 16},{7190, 16},
{5613, 16},{17446, 16},{6841, 16},{3678, 16},{24393, 16},{13714, 16},{6344, 16},{11360, 16},{3369, 16},{17595, 16},
{11789, 16},{21387, 16},{11145, 16},{19694, 16},{20865, 16},{17965, 16},{21878, 16},{2630, 16},{4655, 16},{7054, 16},
{17381, 16},{19320, 16},{20367, 16},{24504, 16},{25546, 16},{19141, 16},{3083, 16},{6159, 16},{23108, 16},{10293, 16},
{24876, 16},{21938, 16},{26234, 16},{3258, 16},{15784, 16},{18148, 16},{23676, 16},{13446, 16},{19531, 16},{7386, 16},
{21753, 16},{11678, 16},{24013, 16},{18922, 16},{23671, 16},{4979, 16},{639, 16},{4401, 16},{26196, 16},{3758, 16},
{8609, 16},{22344, 16},{19540, 16},{23825, 16},{3454, 16},{12036, 16},{15906, 16},{21730, 16},{7105, 16},{20805, 16},
{6862, 16},{20271, 16},{22327, 16},{9410, 16},{10456, 16},{15481, 16},{24613, 16},{15476, 16},{25729, 16},{19714, 16},
{15405, 16},{26226, 16},{7824, 16},{3408, 16},{13412, 16},{16300, 16},{20406, 16},{13352, 16},{8699, 16},{25368, 16},
{9602, 16},{14764, 16},{5586, 16},{18302, 16},{14064, 16},{9258, 16},{6870, 16},{3550, 16},{4786, 16},{7256, 16},
{22062, 16},{24448, 16},{9064, 16},{16962, 16},{8551, 16},{67, 16},{12757, 16},{4676, 16},{25704, 16},{4250, 16},
{23610, 16},{25665, 16},{21608, 16},{19862, 16},{20370, 16},{13096, 16},{6026, 16},{2144, 16},{17702, 16},{6193, 16},
{11602, 16},{665, 16},{21634, 16},{23967, 16},{24511, 16},{14881, 16},{1554, 16},{15728, 16},{20316, 16},{23683, 16},
{4524, 16},{9786, 16},{20402, 16},{9960, 16},{21831, 16},{12747, 16},{1385, 16},{4637, 16},{24498, 16},{14682, 16},
{23512, 16},{13148, 16},{25211, 16},{21828, 16},{17322, 16},{25215, 16},{25312, 16},{16571, 16},{8920, 16},{16295, 16},
{12488, 16},{2646, 16},{22179, 16},{17436, 16},{5342, 16},{12539, 16},{5346, 16},{574, 16},{18110, 16},{3394, 16},
{11672, 16},{14787, 16},{4214, 16},{25321, 16},{15713, 16},{12472, 16},{23677, 16},{17285, 16},{26229, 16},{7258, 16},
{1620, 16},{19513, 16},{18559, 16},{20643, 16},{3761, 16},{25369, 16},{12347, 16},{3414, 16},{14697, 16},{9706, 16},
{8634, 16},{5996, 16},{13246, 16},{4772, 16},{10807, 16},{10319, 16},{21585, 16},{3527, 16},{17683, 16},{13243, 16},
{11197, 16},{25772, 16},{22841, 16},{11402, 16},{23019, 16},{16939, 16},{8829, 16},{22201, 16},{4486, 16},{14759, 16},
{8959, 16},{10925, 16},{7410, 16},{10009, 16},{9450, 16},{5488, 16},{13213, 16},{6994, 16},{15783, 16},{9884, 16},
{3613, 16},{10310, 16},{25206, 16},{8472, 16},{17213, 16},{24901, 16},{11403, 16},{10794, 16},{3616, 16},{403, 16},
{13546, 16},{16478, 16},{18105, 16},{6324, 16},{18115, 16},{5225, 16},{16204, 16},{9616, 16},{2012, 16},{20775, 16},
{17835, 16},{13026, 16},{5350, 16},{26296, 16},{5717, 16},{15547, 16},{20596, 16},{17264, 16},{11219, 16},{20589, 16},
{1545, 16},{21780, 16},{342, 16},{7681, 16},{4249, 16},{14336, 16},{23157, 16},{9115, 16},{21453, 16},{605, 16},
{3930, 16},{17696, 16},{14885, 16},{708, 16},{4302, 16},{12679, 16},{23607, 16},{15871, 16},{14973, 16},{22844, 16},
{14239, 16},{21901, 16},{14374, 16},{25393, 16},{22809, 16},{17615, 16},{25556, 16},{20725, 16},{5566, 16},{367, 16},
{18794, 16},{2112, 16},{6454, 16},{13999, 16},{15909, 16},{4679, 16},{3524, 16},{20452, 16},{2006, 16},{21094, 16},
{2304, 16},{15162, 16},{2710, 16},{8570, 16},{2564, 16},{7100, 16},{12541, 16},{14818, 16},{21131, 16},{3492, 16},
{24072, 16},{10661, 16},{4272, 16},{7101, 16},{9702, 16},{966, 16},{3907, 16},{9110, 16},{25667, 16},{26058, 16},
{22769, 16},{12259, 16},{21106, 16},{16757, 16},{6356, 16},{21843, 16},{18113, 16},{20603, 16},{23530, 16},{24320, 16},
{7189, 16},{25289, 16},{11076, 16},{6452, 16},{25949, 16},{22766, 16},{13571, 16},{4864, 16},{22429, 16},{11673, 16},
{23500, 16},{18473, 16},{4112, 16},{6381, 16},{8645, 16},{8664, 16},{9594, 16},{10651, 16},{14801, 16},{12585, 16},
{10062, 16},{4360, 16},{4200, 16},{19549, 16},{10920, 16},{20566, 16},{23688, 16},{23016, 16},{19018, 16},{14049, 16},
{25494, 16},{20187, 16},{21716, 16},{23823, 16},{23388, 16},{2414, 16},{10059, 16},{5971, 16},{3987, 16},{19281, 16},
{2298, 16},{15977, 16},{128, 16},{15100, 16},{23773, 16},{9328, 16},{24147, 16},{12334, 16},{12169, 16},{14192, 16},
{19448, 16},{26009, 16},{15632, 16},{8700, 16},{15768, 16},{17026, 16},{14332, 16},{17900, 16},{21396, 16},{26236, 16},
{1010, 16},{24626, 16},{312, 16},{20685, 16},{24630, 16},{23311, 16},{5716, 16},{4183, 16},{22245, 16},{5975, 16},
{2921, 16},{6028, 16},{15574, 16},{11132, 16},{8220, 16},{13411, 16},{20562, 16},{21064, 16},{23289, 16},{15101, 16},
{6464, 16},{4913, 16},{7710, 16},{5261, 16},{19454, 16},{10500, 16},{3449, 16},{4750, 16},{10663, 16},{20967, 16},
{16954, 16},{5297, 16},{5799, 16},{13242, 16},{13535, 16},{9411, 16},{25118, 16},{12442, 16},{3996, 16},{9440, 16},
{25553, 16},{23448, 16},{5780, 16},{19063, 16},{10989, 16},{4920, 16},{22373, 16},{11911, 16},{25753, 16},{26237, 16},
{26182, 16},{23533, 16},{9913, 16},{24167, 16},{21108, 16},{14804, 16},{9652, 16},{22028, 16},{19552, 16},{9083, 16},
{7378, 16},{22480, 16},{11248, 16},{7390, 16},{16388, 16},{17732, 16},{18070, 16},{24877, 16},{21648, 16},{12562, 16},
{25944, 16},{6703, 16},{891, 16},{21582, 16},{20346, 16},{12630, 16},{18563, 16},{20448, 16},{22133, 16},{2373, 16},
{23995, 16},{8792, 16},{3916, 16},{15999, 16},{6839, 16},{13453, 16},{4297, 16},{17939, 16},{10681, 16},{14725, 16},
{23132, 16},{878, 16},{17441, 16},{1456, 16},{4938, 16},{22348, 16},{26227, 16},{26109, 16},{9543, 16},{16765, 16},
{9331, 16},{9415, 16},{23766, 16},{23908, 16},{4018, 16},{4916, 16},{12886, 16},{19446, 16},{18109, 16},{22676, 16},
{15407, 16},{15102, 16},{24835, 16},{9909, 16},{16179, 16},{25188, 16},{21895, 16},{3404, 16},{15967, 16},{11614, 16},
{20185, 16},{8179, 16},{196, 16},{23161, 16},{1041, 16},{2878, 16},{1449, 16},{15949, 16},{7751, 16},{18675, 16},
{3940, 16},{6086, 16},{20201, 16},{9591, 16},{23817, 16},{7076, 16},{22310, 16},{12327, 16},{18736, 16},{22329, 16},
{21531, 16},{2067, 16},{21996, 16},{16552, 16},{12035, 16},{4466, 16},{21402, 16},{10424, 16},{5577, 16},{6146, 16},
{6426, 16},{19258, 16},{20403, 16},{23177, 16},{2224, 16},{18250, 16},{9259, 16},{26008, 16},{2146, 16},{1616, 16},
{4122, 16},{8074, 16},{10796, 16},{20878, 16},{26026, 16},{20345, 16},{17684, 16},{5759, 16},{5160, 16},{3497, 16},
{5978, 16},{19142, 16},{3927, 16},{3474, 16},{25663, 16},{13664, 16},{23064, 16},{6171, 16},{4674, 16},{18585, 16},
{5024, 16},{2434, 16},{18797, 16},{9251, 16},{3990, 16},{6304, 16},{18469, 16},{3783, 16},{25459, 16},{4722, 16},
{11873, 16},{18344, 16},{23779, 16},{21933, 16},{102, 16},{7195, 16},{11320, 16},{19395, 16},{5462, 16},{4361, 16},
{18609, 16},{18088, 16},{8616, 16},{2676, 16},{8150, 16},{17941, 16},{5597, 16},{25586, 16},{23306, 16},{17257, 16},
{3638, 16},{18307, 16},{23401, 16},{14989, 16},{586, 16},{16072, 16},{723, 16},{5468, 16},{22551, 16},{2903, 16},
{12573, 16},{7094, 16},{14666, 16},{21077, 16},{16998, 16},{11801, 16},{22890, 16},{12301, 16},{2709, 16},{26115, 16},
{4206, 16},{25738, 16},{21729, 16},{14704, 16},{9136, 16},{17243, 16},{9439, 16},{7085, 16},{26274, 16},{8470, 16},
{8706, 16},{18788, 16},{974, 16},{24014, 16},{26049, 16},{16624, 16},{7079, 16},{18337, 16},{20084, 16},{4218, 16},
{5567, 16},{21631, 16},{6002, 16},{26261, 16},{6666, 16},{3455, 16},{12193, 16},{11130, 16},{23958, 16},{20186, 16},
{13801, 16},{11969, 16},{21817, 16},{12460, 16},{2706, 16},{677, 16},{26280, 16},{8697, 16},{22315, 16},{25365, 16},
{9213, 16},{9407, 16},{10991, 16},{7387, 16},{23726, 16},{17605, 16},{19278, 16},{1577, 16},{21393, 16},{4175, 16},
{3105, 16},{25462, 16},{22015, 16},{6285, 16},{11079, 16},{9354, 16},{7383, 16},{1399, 16},{10200, 16},{16198, 16},
{20107, 16},{22748, 16},{15019, 16},{24499, 16},{24044, 16},{12945, 16},{16993, 16},{9623, 16},{18484, 16},{1893, 16},
{20189, 16},{18761, 16},{4620, 16},{5726, 16},{4949, 16},{8837, 16},{8667, 16},{23999, 16},{25730, 16},{13817, 16},
{18995, 16},{3644, 16},{9409, 16},{23472, 16},{9008, 16},{12746, 16},{18123, 16},{4409, 16},{9969, 16},{15168, 16},
{4052, 16},{18536, 16},{13802, 16},{23505, 16},{15790, 16},{2897, 16},{18881, 16},{25884, 16},{10521, 16},{8224, 16},
{11442, 16},{18623, 16},{607, 16},{4574, 16},{22345, 16},{11710, 16},{1083, 16},{2456, 16},{6453, 16},{4147, 16},
{22326, 16},{26025, 16},{11458, 16},{21980, 16},{8744, 16},{12903, 16},{11459, 16},{24566, 16},{25986, 16},{20086, 16},
{1941, 16},{12894, 16},{3584, 16},{18335, 16},{6694, 16},{21591, 16},{7975, 16},{4542, 16},{3168, 16},{21461, 16},
{20204, 16},{5538, 16},{10289, 16},{7311, 16},{2712, 16},{11109, 16},{25309, 16},{2117, 16},{15140, 16},{10212, 16},
{21630, 16},{21590, 16},{17734, 16},{16997, 16},{6123, 16},{2106, 16},{15458, 16},{25585, 16},{14376, 16},{25773, 16},
{12249, 16},{12759, 16},{5621, 16},{14594, 16},{23282, 16},{7476, 16},{19129, 16},{1343, 16},{3470, 16},{12172, 16},
{14952, 16},{3670, 16},{4404, 16},{25196, 16},{25718, 16},{15965, 16},{22770, 16},{4407, 16},{9211, 16},{9849, 16},
{12452, 16},{14930, 16},{11506, 16},{20087, 16},{6168, 16},{2289, 16},{25278, 16},{22260, 16},{4954, 16},{340, 16},
{14235, 16},{5995, 16},{6081, 16},{9133, 16},{13660, 16},{12685, 16},{16817, 16},{10313, 16},{5253, 16},{24213, 16},
{638, 16},{19357, 16},{1838, 16},{1386, 16},{10839, 16},{9765, 16},{21248, 16},{10465, 16},{25319, 16},{26435, 16},
{9596, 16},{7285, 16},{3896, 16},{22259, 16},{1604, 16},{14360, 16},{23910, 16},{720, 16},{8021, 16},{7385, 16},
{1630, 16},{9721, 16},{19023, 16},{15450, 16},{21316, 16},{20761, 16},{2008, 16},{25193, 16},{15657, 16},{713, 16},
{16870, 16},{3158, 16},{17836, 16},{15508, 16},{1040, 16},{13979, 16},{6528, 16},{13884, 16},{23315, 16},{25697, 16},
{20273, 16},{7106, 16},{670, 16},{12182, 16},{22417, 16},{7441, 16},{12906, 16},{4950, 16},{6229, 16},{11345, 16},
{6358, 16},{506, 16},{17262, 16},{20809, 16},{9974, 16},{11056, 16},{9961, 16},{2464, 16},{7434, 16},{6131, 16},
{7095, 16},{16482, 16},{24280, 16},{23160, 16},{21432, 16},{11756, 16},{18249, 16},{5256, 16},{19514, 16},{11216, 16},
{2904, 16},{25948, 16},{18076, 16},{17260, 16},{21937, 16},{8475, 16},{7745, 16},{25551, 16},{12566, 16},{26113, 16},
{19811, 16},{21508, 16},{7053, 16},{3078, 16},{21646, 16},{17018, 16},{22054, 16},{18153, 16},{21833, 16},{15577, 16},
{1102, 16},{16830, 16},{2005, 16},{4651, 16},{4136, 16},{26052, 16},{25301, 16},{4298, 16},{4267, 16},{15583, 16},
{4568, 16},{17101, 16},{11808, 16},{4393, 16},{19519, 16},{14185, 16},{21049, 16},{10054, 16},{20571, 16},{16933, 16},
{10957, 16},{19378, 16},{9332, 16},{15651, 16},{8202, 16},{21395, 16},{11783, 16},{7841, 16},{101, 16},{14304, 16},
{2101, 16},{12188, 16},{11405, 16},{4912, 16},{4358, 16},{15599, 16},{11395, 16},{6012, 16},{23774, 16},{12438, 16},
{12111, 16},{7220, 16},{22103, 16},{16995, 16},{11063, 16},{8995, 16},{21048, 16},{16378, 16},{972, 16},{9336, 16},
{15106, 16},{3187, 16},{3807, 16},{23454, 16},{3956, 16},{17382, 16},{3232, 16},{19318, 16},{13149, 16},{6530, 16},
{8199, 16},{11199, 16},{9214, 16},{9764, 16},{22155, 16},{7078, 16},{5159, 16},{17813, 16},{25112, 16},{13464, 16},
{5118, 16},{19907, 16},{3713, 16},{22418, 16},{5715, 16},{12580, 16},{5722, 16},{750, 16},{16834, 16},{17560, 16},
{19722, 16},{1175, 16},{718, 16},{13716, 16},{19323, 16},{79, 16},{1617, 16},{5967, 16},{17387, 16},{19532, 16},
{7059, 16},{6021, 16},{14361, 16},{16500, 16},{6807, 16},{17251, 16},{11582, 16},{642, 16},{12881, 16},{7750, 16},
{20880, 16},{10562, 16},{10671, 16},{9761, 16},{21612, 16},{22029, 16},{22084, 16},{21845, 16},{17541, 16},{17025, 16},
{26099, 16},{6562, 16},{17902, 16},{4904, 16},{869, 16},{23425, 16},{20644, 16},{13064, 16},{25387, 16},{22839, 16},
{25306, 16},{4986, 16},{25386, 16},{21074, 16},{20845, 16},{7384, 16},{7597, 16},{3792, 16},{25389, 16},{13435, 16},
{6531, 16},{26194, 16},{17205, 16},{7747, 16},{26142, 16},{17511, 16},{12323, 16},{13721, 16},{19131, 16},{18182, 16},
{21056, 16},{3252, 16},{3593, 16},{6174, 16},{17386, 16},{1418, 16},{319, 16},{8192, 16},{18251, 16},{22057, 16},
{24145, 16},{11677, 16},{25008, 16},{6173, 16},{25785, 16},{100, 16},{23013, 16},{17740, 16},{4613, 16},{11853, 16},
{8572, 16},{12968, 16},{24612, 16},{22070, 16},{25275, 16},{11607, 16},{14955, 16},{20275, 16},{2111, 16},{24572, 16},
{18458, 16},{4855, 16},{23762, 16},{26277, 16},{25844, 16},{6423, 16},{4384, 16},{6301, 16},{20754, 16},{7435, 16},
{14306, 16},{19355, 16},{22749, 16},{8077, 16},{15287, 16},{10422, 16},{9007, 16},{1090, 16},{24048, 16},{9121, 16},
{26183, 16},{17438, 16},{2107, 16},{20447, 16},{770, 16},{4259, 16},{5514, 16},{18038, 16},{17687, 16},{25496, 16},
{9970, 16},{3620, 16},{6667, 16},{18804, 16},{6450, 16},{22207, 16},{8917, 16},{8702, 16},{26271, 16},{11518, 16},
{1073, 16},{9067, 16},{3634, 16},{21385, 16},{1413, 16},{3520, 16},{1970, 16},{24350, 16},{10303, 16},{24669, 16},
{14722, 16},{9905, 16},{5638, 16},{19739, 16},{16197, 16},{22829, 16},{22184, 16},{6468, 16},{23065, 16},{17092, 16},
{12516, 16},{8525, 16},{10172, 16},{667, 16},{18341, 16},{19029, 16},{23947, 16},{12927, 16},{15575, 16},{19173, 16},
{1599, 16},{3116, 16},{20750, 16},{21263, 16},{21120, 16},{1428, 16},{7564, 16},{19950, 16},{8642, 16},{22312, 16},
{10158, 16},{6169, 16},{3991, 16},{11351, 16},{7359, 16},{17445, 16},{19266, 16},{25703, 16},{26352, 16},{1605, 16},
{15356, 16},{20280, 16},{19866, 16},{15451, 16},{23827, 16},{26179, 16},{19333, 16},{14858, 16},{18540, 16},{8864, 16},
{10425, 16},{18782, 16},{25670, 16},{9311, 16},{26143, 16},{3478, 16},{12935, 16},{14726, 16},{15015, 16},{2162, 16},
{8993, 16},{14339, 16},{3808, 16},{8768, 16},{9114, 16},{7314, 16},{8520, 16},{19178, 16},{5466, 16},{19329, 16},
{9548, 16},{18468, 16},{6307, 16},{12928, 16},{20353, 16},{19332, 16},{12896, 16},{2119, 16},{9084, 16},{16706, 16},
{12318, 16},{12457, 16},{6817, 16},{4648, 16},{17893, 16},{13267, 16},{9350, 16},{15283, 16},{13165, 16},{1632, 16},
{17739, 16},{6631, 16},{24001, 16},{22888, 16},{22536, 16},{3260, 16},{25167, 16},{596, 16},{287, 16},{3214, 16},
{18991, 16},{22112, 16},{21750, 16},{4143, 16},{8036, 16},{14325, 16},{15431, 16},{9553, 16},{22552, 16},{18336, 16},
{6695, 16},{11503, 16},{11461, 16},{2673, 16},{16291, 16},{12244, 16},{22482, 16},{13477, 16},{10786, 16},{13313, 16},
{15290, 16},{879, 16},{20870, 16},{16802, 16},{7825, 16},{24671, 16},{11201, 16},{13589, 16},{7436, 16},{11365, 16},
{16868, 16},{14241, 16},{20400, 16},{6995, 16},{19723, 16},{2249, 16},{25374, 16},{23642, 16},{23035, 16},{3502, 16},
{13709, 16},{20810, 16},{11279, 16},{1038, 16},{3108, 16},{18534, 16},{7283, 16},{15822, 16},{14377, 16},{16046, 16},
{3212, 16},{3508, 16},{12618, 16},{16583, 16},{25460, 16},{25932, 16},{19078, 16},{6122, 16},{18958, 16},{11177, 16},
{17444, 16},{22840, 16},{7082, 16},{20860, 16},{19322, 16},{1458, 16},{25037, 16},{17249, 16},{1395, 16},{23510, 16},
{3082, 16},{21622, 16},{15946, 16},{9554, 16},{16205, 16},{25175, 16},{22895, 16},{21877, 16},{17606, 16},{4130, 16},
{11408, 16},{15836, 16},{20877, 16},{10659, 16},{13270, 16},{22357, 16},{20689, 16},{11877, 16},{17174, 16},{3882, 16},
{3885, 16},{22806, 16},{12114, 16},{660, 16},{14796, 16},{16468, 16},{16766, 16},{23136, 16},{22199, 16},{3493, 16},
{19148, 16},{11185, 16},{2463, 16},{1689, 16},{16381, 16},{10842, 16},{20433, 16},{16864, 16},{24238, 16},{15483, 16},
{16869, 16},{580, 16},{22120, 16},{11202, 16},{17804, 16},{13061, 16},{24674, 16},{22946, 16},{18230, 16},{21670, 16},
{394, 16},{16759, 16},{17314, 16},{11576, 16},{17642, 16},{23477, 16},{10577, 16},{8676, 16},{25313, 16},{10496, 16},
{12308, 16},{9087, 16},{21400, 16},{4142, 16},{25164, 16},{5778, 16},{2915, 16},{19693, 16},{3172, 16},{10688, 16},
{746, 16},{4169, 16},{4079, 16},{18630, 16},{18081, 16},{6704, 16},{7820, 16},{20672, 16},{19517, 16},{15514, 16},
{12386, 16},{3183, 16},{1690, 16},{3298, 16},{1975, 16},{5793, 16},{10223, 16},{10847, 16},{16882, 16},{8173, 16},
{12556, 16},{25776, 16},{14877, 16},{3788, 16},{10161, 16},{18582, 16},{10178, 16},{22427, 16},{12587, 16},{3564, 16},
{14211, 16},{25300, 16},{17812, 16},{7872, 16},{14736, 16},{9759, 16},{4934, 16},{21934, 16},{17800, 16},{22116, 16},
{4098, 16},{14690, 16},{4274, 16},{25714, 16},{15517, 16},{8527, 16},{21315, 16},{21530, 16},{15298, 16},{2675, 16},
{4919, 16},{1839, 16},{14338, 16},{13062, 16},{2061, 16},{18149, 16},{14194, 16},{281, 16},{15829, 16},{23778, 16},
{10899, 16},{318, 16},{15139, 16},{23137, 16},{12590, 16},{26195, 16},{9346, 16},{5624, 16},{1973, 16},{5782, 16},
{24463, 16},{14820, 16},{6196, 16},{24643, 16},{4870, 16},{14021, 16},{18565, 16},{20106, 16},{10433, 16},{5293, 16},
{6620, 16},{17558, 16},{4106, 16},{5781, 16},{26224, 16},{345, 16},{22477, 16},{10499, 16},{24022, 16},{10218, 16},
{2880, 16},{17467, 16},{641, 16},{2708, 16},{712, 16},{9810, 16},{19959, 16},{22827, 16},{8068, 16},{12794, 16},
{24609, 16},{3726, 16},{2650, 16},{2916, 16},{5116, 16},{800, 16},{4134, 16},{20701, 16},{4856, 16},{18581, 16},
{12087, 16},{3585, 16},{2655, 16},{715, 16},{25824, 16},{5489, 16},{21486, 16},{12789, 16},{6313, 16},{12711, 16},
{21477, 16},{19477, 16},{9118, 16},{275, 16},{5614, 16},{20841, 16},{24171, 16},{6283, 16},{23450, 16},{4481, 16},
{21265, 16},{7431, 16},{17629, 16},{3711, 16},{5818, 16},{2247, 16},{25779, 16},{14640, 16},{10811, 16},{21628, 16},
{25299, 16},{9327, 16},{8939, 16},{2399, 16},{13216, 16},{13668, 16},{20450, 16},{25318, 16},{15887, 16},{1836, 16},
{1926, 16},{14019, 16},{10990, 16},{6943, 16},{25783, 16},{12709, 16},{25452, 16},{14318, 16},{10662, 16},{12315, 16},
{21625, 16},{6657, 16},{4221, 16},{8040, 16},{16777, 16},{24164, 16},{221, 16},{23060, 16},{9337, 16},{5903, 16},
{19867, 16},{8508, 16},{8832, 16},{25119, 16},{7827, 16},{5973, 16},{22265, 16},{1173, 16},{23551, 16},{9893, 16},
{16922, 16},{25385, 16},{5776, 16},{15578, 16},{15240, 16},{18942, 16},{10584, 16},{22407, 16},{339, 16},{3787, 16},
{14828, 16},{14386, 16},{24068, 16},{22474, 16},{4640, 16},{2003, 16},{5822, 16},{11332, 16},{9351, 16},{8272, 16},
{25886, 16},{23690, 16},{21583, 16},{18700, 16},{7744, 16},{22346, 16},{18303, 16},{5595, 16},{4093, 16},{25907, 16},
{6885, 16},{24832, 16},{12536, 16},{22834, 16},{7318, 16},{18340, 16},{23537, 16},{268, 16},{25418, 16},{15868, 16},
{23114, 16},{14362, 16},{9006, 16},{17475, 16},{9882, 16},{5508, 16},{22678, 16},{5345, 16},{6539, 16},{14925, 16},
{18398, 16},{21103, 16},{5592, 16},{15576, 16},{26007, 16},{17888, 16},{22323, 16},{15412, 16},{18531, 16},{13065, 16},
{9412, 16},{14369, 16},{22506, 16},{15, 16},{8522, 16},{8867, 16},{8665, 16},{22419, 16},{20401, 16},{24077, 16},
{8581, 16},{22475, 16},{8610, 16},{10897, 16},{4647, 16},{17178, 16},{16383, 16},{6000, 16},{24872, 16},{507, 16},
{19079, 16},{18304, 16},{23348, 16},{10285, 16},{17261, 16},{21619, 16},{25495, 16},{17024, 16},{14830, 16},{9738, 16},
{22681, 16},{5815, 16},{9524, 16},{22445, 16},{24507, 16},{5023, 16},{5194, 16},{18650, 16},{23692, 16},{10327, 16},
{8752, 16},{20373, 16},{8773, 16},{20790, 16},{10696, 16},{17885, 16},{15582, 16},{23290, 16},{1304, 16},{15994, 16},
{12745, 16},{748, 16},{8661, 16},{7351, 16},{2147, 16},{11457, 16},{4269, 16},{21614, 16},{25672, 16},{12875, 16},
{7716, 16},{2292, 16},{22848, 16},{3237, 16},{19528, 16},{25935, 16},{1075, 16},{17140, 16},{23039, 16},{3560, 16},
{7554, 16},{22433, 16},{11525, 16},{2378, 16},{6139, 16},{600, 16},{9699, 16},{17886, 16},{2064, 16},{11198, 16},
{24281, 16},{3389, 16},{8145, 16},{13413, 16},{20197, 16},{6637, 16},{8568, 16},{5824, 16},{23682, 16},{18610, 16},
{13095, 16},{7051, 16},{25709, 16},{529, 16},{3417, 16},{22261, 16},{14190, 16},{14681, 16},{17478, 16},{16386, 16},
{8934, 16},{393, 16},{11407, 16},{4963, 16},{25741, 16},{15408, 16},{7186, 16},{7402, 16},{3759, 16},{25003, 16},
{1033, 16},{1557, 16},{19660, 16},{25937, 16},{25668, 16},{19718, 16},{19451, 16},{26302, 16},{8343, 16},{24988, 16},
{18966, 16},{6974, 16},{24462, 16},{9621, 16},{4116, 16},{1421, 16},{7762, 16},{344, 16},{16203, 16},{13321, 16},
{25771, 16},{23288, 16},{13099, 16},{12731, 16},{19075, 16},{19070, 16},{505, 16},{12739, 16},{21132, 16},{20756, 16},
{7802, 16},{23955, 16},{13586, 16},{23062, 16},{4025, 16},{7060, 16},{18127, 16},{7570, 16},{1429, 16},{20435, 16},
{17203, 16},{2601, 16},{4683, 16},{4540, 16},{17958, 16},{1398, 16},{12260, 16},{7275, 16},{986, 16},{11799, 16},
{18353, 16},{10665, 16},{10036, 16},{12119, 16},{7707, 16},{3591, 16},{10587, 16},{1035, 16},{15719, 16},{22204, 16},
{20910, 16},{669, 16},{7904, 16},{10683, 16},{14371, 16},{2818, 16},{143, 16},{17245, 16},{20339, 16},{10254, 16},
{17907, 16},{15381, 16},{18040, 16},{24442, 16},{13094, 16},{4366, 16},{10981, 16},{18564, 16},{1613, 16},{16387, 16},
{13569, 16},{25849, 16},{9, 16},{9122, 16},{18769, 16},{26138, 16},{20757, 16},{14007, 16},{17200, 16},{9830, 16},
{17648, 16},{760, 16},{17563, 16},{23937, 16},{2398, 16},{16881, 16},{24217, 16},{4251, 16},{4721, 16},{4474, 16},
{5552, 16},{16041, 16},{7567, 16},{22548, 16},{15964, 16},{9339, 16},{8876, 16},{23720, 16},{3476, 16},{6892, 16},
{16925, 16},{2118, 16},{26040, 16},{12476, 16},{4389, 16},{15429, 16},{11590, 16},{18159, 16},{25195, 16},{4080, 16},
{10903, 16},{15428, 16},{25285, 16},{5523, 16},{23856, 16},{12969, 16},{24205, 16},{5356, 16},{21527, 16},{18728, 16},
{496, 16},{20445, 16},{1601, 16},{4639, 16},{6617, 16},{18579, 16},{15404, 16},{12330, 16},{10838, 16},{21388, 16},
{99, 16},{13263, 16},{3589, 16},{16831, 16},{9559, 16},{2876, 16},{504, 16},{25467, 16},{17265, 16},{10423, 16},
{5507, 16},{20875, 16},{18615, 16},{23507, 16},{4776, 16},{7282, 16},{4058, 16},{364, 16},{25723, 16},{20202, 16},
{11398, 16},{5626, 16},{10460, 16},{8410, 16},{788, 16},{21506, 16},{6802, 16},{898, 16},{16476, 16},{10369, 16},
{11303, 16},{13322, 16},{25359, 16},{5294, 16},{16769, 16},{22350, 16},{13558, 16},{16935, 16},{22864, 16},{6988, 16},
{26443, 16},{5970, 16},{25791, 16},{22501, 16},{6130, 16},{20686, 16},{3718, 16},{17691, 16},{17137, 16},{16704, 16},
{17892, 16},{13353, 16},{25322, 16},{18613, 16},{577, 16},{20720, 16},{11302, 16},{10867, 16},{26279, 16},{21734, 16},
{7389, 16},{15357, 16},{7404, 16},{8431, 16},{15453, 16},{369, 16},{10926, 16},{22891, 16},{1084, 16},{20344, 16},
{3716, 16},{14601, 16},{18880, 16},{10173, 16},{10410, 16},{24283, 16},{15606, 16},{4633, 16},{2711, 16},{13438, 16},
{22247, 16},{4958, 16},{6871, 16},{1019, 16},{10894, 16},{13566, 16},{25451, 16},{17263, 16},{14663, 16},{23914, 16},
{19965, 16},{11615, 16},{4081, 16},{6388, 16},{10873, 16},{11317, 16},{4248, 16},{18784, 16},{13358, 16},{396, 16},
{6451, 16},{20439, 16},{7746, 16},{11114, 16},{16717, 16},{10409, 16},{25952, 16},{14426, 16},{10952, 16},{5789, 16},
{9620, 16},{26298, 16},{23301, 16},{24218, 16},{17323, 16},{1389, 16},{900, 16},{23305, 16},{24202, 16},{14657, 16},
{2598, 16},{15787, 16},{2103, 16},{18837, 16},{13540, 16},{1100, 16},{18583, 16},{10434, 16},{11848, 16},{3558, 16},
{7133, 16},{4638, 16},{18239, 16},{22432, 16},{5825, 16},{22262, 16},{17283, 16},{12758, 16},{4903, 16},{8675, 16},
{25582, 16},{17802, 16},{5351, 16},{8618, 16},{23686, 16},{22369, 16},{16292, 16},{6655, 16},{11520, 16},{3641, 16},
{21061, 16},{568, 16},{24101, 16},{3472, 16},{1301, 16},{17527, 16},{23111, 16},{1578, 16},{18897, 16},{12684, 16},
{19000, 16},{8777, 16},{10153, 16},{2900, 16},{19128, 16},{16827, 16},{147, 16},{21143, 16},{3504, 16},{8746, 16},
{15585, 16},{19471, 16},{7348, 16},{8622, 16},{4385, 16},{17887, 16},{314, 16},{3471, 16},{24204, 16},{12311, 16},
{18799, 16},{751, 16},{3755, 16},{14950, 16},{21351, 16},{21423, 16},{17937, 16},{9219, 16},{16892, 16},{17843, 16},
{25129, 16},{24149, 16},{24806, 16},{10, 16},{341, 16},{2227, 16},{25238, 16},{11605, 16},{10501, 16},{22422, 16},
{24986, 16},{6447, 16},{9066, 16},{8827, 16},{2674, 16},{15726, 16},{21755, 16},{23322, 16},{973, 16},{20978, 16},
{6029, 16},{12492, 16},{13227, 16},{11267, 16},{24198, 16},{15234, 16},{25990, 16},{20277, 16},{16994, 16},{15867, 16},
{6383, 16},{7798, 16},{1840, 16},{5570, 16},{6689, 16},{14326, 16},{7906, 16},{19516, 16},{11060, 16},{5165, 16},
{24488, 16},{11123, 16},{9334, 16},{21104, 16},{23354, 16},{25320, 16},{7479, 16},{14204, 16},{3523, 16},{25992, 16},
{18863, 16},{22505, 16},{5562, 16},{10013, 16},{10633, 16},{5579, 16},{23135, 16},{13066, 16},{7843, 16},{22465, 16},
{9928, 16},{14733, 16},{12890, 16},{15511, 16},{883, 16},{18457, 16},{2649, 16},{16826, 16},{25448, 16},{864, 16},
{5347, 16},{16581, 16},{20356, 16},{7097, 16},{13439, 16},{7315, 16},{21997, 16},{11810, 16},{25912, 16},{11775, 16},
{17690, 16},{22832, 16},{13536, 16},{15722, 16},{4410, 16},{23422, 16},{12329, 16},{21660, 16},{103, 16},{18578, 16},
{19094, 16},{6888, 16},{8529, 16},{11359, 16},{23319, 16},{17096, 16},{16384, 16},{21534, 16},{4482, 16},{5536, 16},
{17104, 16},{14732, 16},{11059, 16},{5622, 16},{18378, 16},{20348, 16},{25906, 16},{1894, 16},{1426, 16},{25453, 16},
{17021, 16},{5980, 16},{26185, 16},{22183, 16},{23965, 16},{14054, 16},{21988, 16},{25036, 16},{13349, 16},{19389, 16},
{14742, 16},{20890, 16},{1342, 16},{14814, 16},{11462, 16},{15843, 16},{1109, 16},{18430, 16},{25699, 16},{3254, 16},
{26111, 16},{19067, 16},{20813, 16},{13451, 16},{13475, 16},{1615, 16},{786, 16},{12317, 16},{8850, 16},{16958, 16},
{10680, 16},{3557, 16},{10825, 16},{20115, 16},{5322, 16},{2113, 16},{24678, 16},{24091, 16},{10326, 16},{20437, 16},
{4745, 16},{6176, 16},{17688, 16},{22430, 16},{10253, 16},{714, 16},{11811, 16},{25277, 16},{3516, 16},{19932, 16},
{892, 16},{23606, 16},{17643, 16},{2624, 16},{12490, 16},{8146, 16},{6098, 16},{20758, 16},{4753, 16},{10368, 16},
{5517, 16},{25092, 16},{7556, 16},{11670, 16},{8935, 16},{24040, 16},{23307, 16},{8606, 16},{19306, 16},{2747, 16},
{19733, 16},{6079, 16},{508, 16},{19710, 16},{2561, 16},{12176, 16},{13987, 16},{17435, 16},{3469, 16},{1603, 16},
{17143, 16},{4652, 16},{15141, 16},{17206, 16},{709, 16},{18586, 16},{11814, 16},{11849, 16},{11342, 16},{22431, 16},
{6006, 16},{7336, 16},{19377, 16},{8673, 16},{13704, 16},{16518, 16},{6608, 16},{10845, 16},{19697, 16},{17202, 16},
{17312, 16},{1430, 16},{12680, 16},{2245, 16},{13430, 16},{13764, 16},{19557, 16},{4688, 16},{9310, 16},{25769, 16},
{24880, 16},{2455, 16},{1425, 16},{19524, 16},{9654, 16},{20397, 16},{17319, 16},{12612, 16},{20863, 16},{18235, 16},
{6533, 16},{22662, 16},{6618, 16},{23256, 16},{17207, 16},{11124, 16},{20315, 16},{23963, 16},{12934, 16},{18772, 16},
{12740, 16},{3250, 16},{12312, 16},{22097, 16},{18438, 16},{16437, 16},{2742, 16},{10961, 16},{7354, 16},{7092, 16},
{6674, 16},{6440, 16},{2896, 16},{12501, 16},{4649, 16},{8751, 16},{16801, 16},{18915, 16},{13027, 16},{19721, 16},
{9851, 16},{1015, 16},{19302, 16},{21391, 16},{15167, 16},{1415, 16},{26295, 16},{10797, 16},{13482, 16},{4174, 16},
{10787, 16},{10321, 16},{14479, 16},{1068, 16},{83, 16},{4983, 16},{22608, 16},{20565, 16},{5653, 16},{9914, 16},
{19074, 16},{12041, 16},{14834, 16},{3009, 16},{12904, 16},{21664, 16},{17204, 16},{23129, 16},{6385, 16},{10687, 16},
{14654, 16},{11874, 16},{14341, 16},{346, 16},{13562, 16},{24318, 16},{10615, 16},{18439, 16},{13794, 16},{9255, 16},
{21130, 16},{4687, 16},{25051, 16},{3640, 16},{19265, 16},{22048, 16},{10983, 16},{205, 16},{24399, 16},{26004, 16},
{19303, 16},{10015, 16},{10817, 16},{18921, 16},{17828, 16},{9958, 16},{19696, 16},{12668, 16},{22374, 16},{15972, 16},
{17557, 16},{21245, 16},{14004, 16},{5545, 16},{19095, 16},{3044, 16},{7676, 16},{23531, 16},{23953, 16},{10010, 16},
{24708, 16},{12909, 16},{7300, 16},{15714, 16},{22682, 16},{25497, 16},{17849, 16},{17799, 16},{2919, 16},{10063, 16},
{13408, 16},{5504, 16},{12300, 16},{10820, 16},{18491, 16},{9522, 16},{15903, 16},{13825, 16},{4075, 16},{26015, 16},
{18733, 16},{13554, 16},{6823, 16},{6337, 16},{7720, 16},{18119, 16},{11815, 16},{17964, 16},{12324, 16},{25280, 16},
{4680, 16},{19481, 16},{23164, 16},{15589, 16},{12755, 16},{10155, 16},{362, 16},{17326, 16},{12449, 16},{24347, 16},
{19287, 16},{5093, 16},{1633, 16},{3785, 16},{7811, 16},{13826, 16},{12112, 16},{9059, 16},{5632, 16},{14718, 16},
{6084, 16},{6638, 16},{10805, 16},{7433, 16},{11321, 16},{23964, 16},{2242, 16},{18801, 16},{25850, 16},{15509, 16},
{9887, 16},{7288, 16},{404, 16},{25987, 16},{16293, 16},{14741, 16},{14067, 16},{14815, 16},{15190, 16},{5571, 16},
{9966, 16},{2011, 16},{12471, 16},{5720, 16},{11399, 16},{15299, 16},{7873, 16},{1392, 16},{21538, 16},{24002, 16},
{1422, 16},{26168, 16},{18601, 16},{8669, 16},{9367, 16},{23014, 16},{24487, 16},{22311, 16},{21735, 16},{721, 16},
{3799, 16},{4866, 16},{22843, 16},{18768, 16},{16380, 16},{18305, 16},{16752, 16},{18248, 16},{25666, 16},{9617, 16},
{11788, 16},{18556, 16},{3221, 16},{6194, 16},{658, 16},{9372, 16},{22114, 16},{18147, 16},{20739, 16},{20211, 16},
{9618, 16},{25044, 16},{1897, 16},{11674, 16},{20847, 16},{11845, 16},{11048, 16},{14713, 16},{10058, 16},{20357, 16},
{6004, 16},{17881, 16},{4270, 16},{166, 16},{373, 16},{10198, 16},{8874, 16},{10689, 16},{7391, 16},{7438, 16},
{21251, 16},{872, 16},{13669, 16},{25721, 16},{6627, 16},{25829, 16},{977, 16},{5964, 16},{18078, 16},{9349, 16},
{25739, 16},{14685, 16},{17936, 16},{17324, 16},{24517, 16},{12874, 16},{3293, 16},{2156, 16},{372, 16},{13592, 16},
{9257, 16},{26301, 16},{23398, 16},{12962, 16},{4208, 16},{22546, 16},{4636, 16},{23292, 16},{3450, 16},{21261, 16},
{7449, 16},{11194, 16},{9402, 16},{13821, 16},{7356, 16},{1039, 16},{14812, 16},{23612, 16},{12033, 16},{14206, 16},
{23952, 16},{874, 16},{14835, 16},{22516, 16},{21793, 16},{23446, 16},{22400, 16},{24042, 16},{3964, 16},{6087, 16},
{11174, 16},{17901, 16},{9593, 16},{8153, 16},{10923, 16},{17281, 16},{22683, 16},{20882, 16},{13769, 16},{9353, 16},
{3619, 16},{19001, 16},{2105, 16},{19309, 16},{19740, 16},{25272, 16},{14919, 16},{18997, 16},{11870, 16},{22909, 16},
{12878, 16},{6024, 16},{12173, 16},{4899, 16},{8994, 16},{3294, 16},{13984, 16},{23855, 16},{9139, 16},{7686, 16},
{15236, 16},{20753, 16},{10219, 16},{19735, 16},{15518, 16},{12037, 16},{11526, 16},{6818, 16},{9342, 16},{23128, 16},
{16582, 16},{24274, 16},{14387, 16},{14482, 16},{10194, 16},{16180, 16},{17074, 16},{22540, 16},{1419, 16},{14464, 16},
{1085, 16},{7277, 16},{18567, 16},{4853, 16},{19449, 16},{18073, 16},{13225, 16},{4120, 16},{25715, 16},{22045, 16},
{24287, 16},{12459, 16},{3933, 16},{14346, 16},{21250, 16},{9956, 16},{18312, 16},{24875, 16},{12588, 16},{22947, 16},
{22863, 16},{12880, 16},{17565, 16},{17208, 16},{10620, 16},{20482, 16},{3789, 16},{5485, 16},{21487, 16},{23647, 16},
{745, 16},{26108, 16},{13715, 16},{17102, 16},{25046, 16},{15289, 16},{9137, 16},{21138, 16},{12902, 16},{23501, 16},
{22742, 16},{11523, 16},{1538, 16},{11784, 16},{2741, 16},{679, 16},{14311, 16},{1898, 16},{18492, 16},{684, 16},
{11188, 16},{16709, 16},{21098, 16},{11527, 16},{6538, 16},{10497, 16},{20781, 16},{22504, 16},{2788, 16},{24883, 16},
{1622, 16},{15891, 16},{18673, 16},{6664, 16},{17564, 16},{24097, 16},{722, 16},{11339, 16},{22555, 16},{3565, 16},
{11337, 16},{12116, 16},{1614, 16},{11669, 16},{23847, 16},{19060, 16},{5821, 16},{5914, 16},{12905, 16},{19147, 16},
{3671, 16},{13448, 16},{25914, 16},{19527, 16},{11456, 16},{8612, 16},{11086, 16},{17633, 16},{23822, 16},{23553, 16},
{17471, 16},{8195, 16},{18836, 16},{19713, 16},{5515, 16},{2567, 16},{5777, 16},{21215, 16},{18238, 16},{4171, 16},
{18618, 16},{12316, 16},{16525, 16},{18339, 16},{15838, 16},{16932, 16},{25856, 16},{16474, 16},{18464, 16},{11813, 16},
{26054, 16},{2104, 16},{24039, 16},{26044, 16},{18819, 16},{16040, 16},{3087, 16},{24957, 16},{12786, 16},{4470, 16},
{4049, 16},{24070, 16},{13237, 16},{17280, 16},{10292, 16},{11187, 16},{15914, 16},{6446, 16},{6303, 16},{22945, 16},
{1900, 16},{14813, 16},{12458, 16},{23059, 16},{23911, 16},{18811, 16},{14063, 16},{25192, 16},{2538, 16},{16816, 16},
{20869, 16},{22021, 16},{16007, 16},{25102, 16},{14223, 16},{6991, 16},{12729, 16},{12931, 16},{9065, 16},{21221, 16},
{12889, 16},{11081, 16},{15447, 16},{13552, 16},{21392, 16},{17275, 16},{14737, 16},{15426, 16},{7262, 16},{9070, 16},
{10812, 16},{19080, 16},{10162, 16},{7565, 16},{1498, 16},{118, 16},{21613, 16},{19738, 16},{889, 16},{18791, 16},
{17948, 16},{12494, 16},{4289, 16},{10792, 16},{4330, 16},{19842, 16},{23591, 16},{23040, 16},{15828, 16},{5725, 16},
{1494, 16},{9910, 16},{26403, 16},{17847, 16},{18595, 16},{16708, 16},{6312, 16},{22020, 16},{2779, 16},{10611, 16},
{5255, 16},{12333, 16},{7062, 16},{1976, 16},{5283, 16},{21918, 16},{18628, 16},{10616, 16},{220, 16},{10199, 16},
{17556, 16},{4985, 16},{17090, 16},{8605, 16},{5054, 16},{11850, 16},{19554, 16},{24554, 16},{19168, 16},{13541, 16},
{636, 16},{16809, 16},{12938, 16},{18151, 16},{3164, 16},{9345, 16},{11414, 16},{11113, 16},{4911, 16},{20594, 16},
{199, 16},{23944, 16},{3985, 16},{9445, 16},{2376, 16},{10557, 16},{3503, 16},{7353, 16},{7103, 16},{744, 16},
{14273, 16},{12897, 16},{10011, 16},{13973, 16},{19100, 16},{19298, 16},{12463, 16},{17943, 16},{8848, 16},{23475, 16},
{22775, 16},{25695, 16},{23820, 16},{6634, 16},{8571, 16},{4359, 16},{1500, 16},{24490, 16},{510, 16},{20334, 16},
{2923, 16},{17171, 16},{20000, 16},{17850, 16},{22942, 16},{17377, 16},{17337, 16},{22351, 16},{15109, 16},{25121, 16},
{12795, 16},{20089, 16},{3290, 16},{13799, 16},{4982, 16},{19455, 16},{14237, 16},{17139, 16},{11867, 16},{25316, 16},
{9109, 16},{20807, 16},{22897, 16},{21496, 16},{6089, 16},{25388, 16},{12186, 16},{19383, 16},{18487, 16},{11844, 16},
{26030, 16},{12440, 16},{11182, 16},{1009, 16},{16829, 16},{23451, 16},{2827, 16},{6474, 16},{26199, 16},{3236, 16},
{7154, 16},{204, 16},{3256, 16},{19027, 16},{25310, 16},{9366, 16},{9545, 16},{10057, 16},{8933, 16},{4220, 16},
{8621, 16},{18795, 16},{14602, 16},{6812, 16},{7684, 16},{21102, 16},{9452, 16},{4362, 16},{5795, 16},{17256, 16},
{4325, 16},{6022, 16},{18234, 16},{23303, 16},{21611, 16},{17209, 16},{4537, 16},{17310, 16},{19399, 16},{1539, 16},
{1034, 16},{1387, 16},{2443, 16},{11912, 16},{17311, 16},{17466, 16},{3598, 16},{16805, 16},{21313, 16},{6652, 16},
{906, 16},{21386, 16},{25724, 16},{24207, 16},{1089, 16},{6179, 16},{8663, 16},{24400, 16},{26265, 16},{25756, 16},
{14771, 16},{23854, 16},{15724, 16},{7678, 16},{24038, 16},{16955, 16},{2466, 16},{16812, 16},{1036, 16},{16686, 16},
{4685, 16},{20363, 16},{15022, 16},{4016, 16},{18450, 16},{1345, 16},{13544, 16},{23038, 16},{8585, 16},{16389, 16},
{20608, 16},{12738, 16},{4778, 16},{2408, 16},{4673, 16},{18665, 16},{509, 16},{10215, 16},{25122, 16},{9246, 16},
{16936, 16},{10288, 16},{24240, 16},{5020, 16},{23333, 16},{12450, 16},{662, 16},{19282, 16},{1414, 16},{14786, 16},
{15611, 16},{4966, 16},{17692, 16},{6085, 16},{22255, 16},{24161, 16},{4107, 16},{9724, 16},{14020, 16},{5357, 16},
{10132, 16},{1943, 16},{19984, 16},{16206, 16},{16175, 16},{7483, 16},{278, 16},{23092, 16},{4128, 16},{12185, 16},
{24319, 16},{22141, 16},{22911, 16},{9078, 16},{16996, 16},{21607, 16},{11679, 16},{25725, 16},{2671, 16},{7075, 16},
{22606, 16},{14763, 16},{13820, 16},{10684, 16},{3612, 16},{17180, 16},{10174, 16},{11107, 16},{25991, 16},{16718, 16},
{9218, 16},{23539, 16},{9540, 16},{5982, 16},{7753, 16},{881, 16},{10463, 16},{576, 16},{4723, 16},{20868, 16},
{10286, 16},{3790, 16},{8270, 16},{2062, 16},{7333, 16},{21140, 16},{6769, 16},{18043, 16},{15017, 16},{6869, 16},
{23347, 16},{26268, 16},{4275, 16},{24043, 16},{17509, 16},{21078, 16},{25048, 16},{22000, 16},{17675, 16},{747, 16},
{20976, 16},{22416, 16},{1927, 16},{7725, 16},{22202, 16},{2438, 16},{8778, 16},{15430, 16},{23337, 16},{20759, 16},
{5911, 16},{21135, 16},{17389, 16},{3184, 16},{22849, 16},{3390, 16},{12754, 16},{25742, 16},{15648, 16},{22320, 16},
{8574, 16},{9556, 16},{11261, 16},{4686, 16},{7794, 16},{2306, 16},{25174, 16},{25818, 16},{13978, 16},{12735, 16},
{14926, 16},{1551, 16},{18467, 16},{19022, 16},{6357, 16},{3295, 16},{9446, 16},{5286, 16},{9138, 16},{1942, 16},
{1427, 16},{3385, 16},{15072, 16},{20713, 16},{24069, 16},{5358, 16},{12261, 16},{11970, 16},{1542, 16},{10157, 16},
{11024, 16},{12039, 16},{9538, 16},{4013, 16},{14913, 16},{9604, 16},{11663, 16},{2305, 16},{22603, 16},{20814, 16},
{7828, 16},{16473, 16},{19382, 16},{4777, 16},{10822, 16},{20874, 16},{9117, 16},{6697, 16},{17072, 16},{3008, 16},
{23012, 16},{12677, 16},{24275, 16},{20374, 16},{9520, 16},{10984, 16},{17599, 16},{20881, 16},{22677, 16},{7403, 16},
{6178, 16},{18243, 16},{13663, 16},{20343, 16},{14698, 16},{18914, 16},{21642, 16},{1575, 16},{2201, 16},{18803, 16},
{25177, 16},{19151, 16},{4095, 16},{2291, 16},{15727, 16},{16758, 16},{16762, 16},{25955, 16},{10176, 16},{16074, 16},
{8524, 16},{9904, 16},{9600, 16},{4635, 16},{19999, 16},{23405, 16},{632, 16},{7278, 16},{17371, 16},{25274, 16},
{14333, 16},{17332, 16},{22502, 16},{6175, 16},{3895, 16},{6010, 16},{3946, 16},{7049, 16},{15303, 16},{4534, 16},
{16917, 16},{14001, 16},{1629, 16},{11396, 16},{18077, 16},{16480, 16},{21097, 16},{3251, 16},{26200, 16},{4124, 16},
{12752, 16},{17810, 16},{13988, 16},{23727, 16},{23557, 16},{343, 16},{5352, 16},{11653, 16},{15406, 16},{25669, 16},
{11349, 16},{19275, 16},{16075, 16},{25713, 16},{4957, 16},{21262, 16},{24166, 16},{12907, 16},{11019, 16},{11427, 16},
{19381, 16},{13796, 16},{23430, 16},{16579, 16},{10617, 16},{22866, 16},{3189, 16},{23504, 16},{7129, 16},{8042, 16},
{24349, 16},{3210, 16},{17075, 16},{2781, 16},{21668, 16},{18584, 16},{24355, 16},{23724, 16},{25311, 16},{18990, 16},
{13348, 16},{14600, 16},{15477, 16},{13708, 16},{1197, 16},{9967, 16},{15383, 16},{12466, 16},{10411, 16},{25416, 16},
{23950, 16},{17087, 16},{12314, 16},{10555, 16},{4100, 16},{2677, 16},{4914, 16},{16810, 16},{16877, 16},{15161, 16},
{23317, 16},{17798, 16},{24874, 16},{16623, 16},{24074, 16},{26197, 16},{16886, 16},{10841, 16},{22047, 16},{13409, 16},
{14200, 16},{4987, 16},{14791, 16},{5469, 16},{6833, 16},{24461, 16},{3452, 16},{2100, 16},{5094, 16},{19868, 16},
{4119, 16},{26376, 16},{19170, 16},{20772, 16},{15500, 16},{8866, 16},{1095, 16},{12113, 16},{25115, 16},{18973, 16},
{4146, 16},{886, 16},{9515, 16},{16520, 16},{23667, 16},{656, 16},{12926, 16},{13713, 16},{311, 16},{22847, 16},
{14193, 16},{16299, 16},{22773, 16},{17248, 16},{17393, 16},{6702, 16},{3186, 16},{5324, 16},{4170, 16},{7341, 16},
{20856, 16},{8878, 16},{162, 16},{21785, 16},{8674, 16},{5301, 16},{12561, 16},{21282, 16},{25702, 16},{7566, 16},
{19267, 16},{23957, 16},{14739, 16},{10495, 16},{10927, 16},{17830, 16},{3085, 16},{8859, 16},{2440, 16},{25208, 16},
{3418, 16},{19073, 16},{591, 16},{6804, 16},{20355, 16},{7683, 16},{3115, 16},{23165, 16},{14788, 16},{16819, 16},
{6668, 16},{6023, 16},{4374, 16},{11809, 16},{285, 16},{17848, 16},{24620, 16},{15237, 16},{21641, 16},{15966, 16},
{12304, 16},{4051, 16},{4046, 16},{10922, 16},{2296, 16},{6025, 16},{6671, 16},{18231, 16},{8201, 16},{11505, 16},
{10686, 16},{21812, 16},{10709, 16},{764, 16},{6699, 16},{23455, 16},{10821, 16},{25696, 16},{12629, 16},{7795, 16},
{10005, 16},{16808, 16},{26293, 16},{21079, 16},{10304, 16},{11409, 16},{21399, 16},{5298, 16},{17469, 16},{13573, 16},
{7272, 16},{11854, 16},{7568, 16},{4781, 16},{21645, 16},{15764, 16},{24653, 16},{15837, 16},{18598, 16},{11613, 16},
{25455, 16},{19715, 16},{7715, 16},{18237, 16},{10619, 16},{2324, 16},{2882, 16},{13317, 16},{7268, 16},{18449, 16},
{11851, 16},{3299, 16},{14460, 16},{2920, 16},{8769, 16},{17321, 16},{8651, 16},{22205, 16},{12564, 16},{19020, 16},
{11524, 16},{6837, 16},{21837, 16},{18710, 16},{16878, 16},{11111, 16},{25288, 16},{18111, 16},{8627, 16},{11270, 16},
{23409, 16},{20879, 16},{8840, 16},{15823, 16},{18802, 16},{23453, 16},{6665, 16},{6093, 16},{11394, 16},{12704, 16},
{7153, 16},{4908, 16},{4047, 16},{877, 16},{6700, 16},{21981, 16},{3014, 16},{22825, 16},{13775, 16},{17325, 16},
{7829, 16},{3475, 16},{14207, 16},{15791, 16},{22519, 16},{25885, 16},{3233, 16},{22240, 16},{6271, 16},{5561, 16},
{20811, 16},{21532, 16},{6629, 16},{6228, 16},{643, 16},{5719, 16},{4625, 16},{10428, 16},{10586, 16},{6192, 16},
{15163, 16},{10819, 16},{1054, 16},{9000, 16},{7379, 16},{2532, 16},{3188, 16},{14485, 16},{3226, 16},{4863, 16},
{2014, 16},{22889, 16},{21060, 16},{1116, 16},{10033, 16},{13711, 16},{18919, 16},{22743, 16},{16931, 16},{4517, 16},
{14723, 16},{1448, 16},{7991, 16},{11318, 16},{5863, 16},{3915, 16},{1097, 16},{20534, 16},{9589, 16},{23850, 16},
{12785, 16},{282, 16},{17677, 16},{4273, 16},{105, 16},{14556, 16},{9217, 16},{9920, 16},{8221, 16},{20318, 16},
{17458, 16},{5299, 16},{10670, 16},{9661, 16},{18074, 16},{7331, 16},{17904, 16},{887, 16},{22019, 16},{11612, 16},
{4139, 16},{23691, 16},{26006, 16},{9544, 16},{18770, 16},{5728, 16},{18972, 16},{9085, 16},{22503, 16},{21100, 16},
{26230, 16},{21307, 16},{3111, 16},{168, 16},{980, 16},{12560, 16},{21452, 16},{10443, 16},{22118, 16},{16678, 16},
{11196, 16},{2246, 16},{19132, 16},{1947, 16},{2379, 16},{23470, 16},{1112, 16},{11027, 16},{11450, 16},{13595, 16},
{13406, 16},{16679, 16},{25293, 16},{18785, 16},{17163, 16},{6272, 16},{12669, 16},{21633, 16},{10462, 16},{3765, 16},
{6270, 16},{22003, 16},{15076, 16},{21748, 16},{18557, 16},{17079, 16},{26014, 16},{20274, 16},{15878, 16},{2389, 16},
{14954, 16},{24023, 16},{12255, 16},{1929, 16},{1549, 16},{15940, 16},{8602, 16},{13670, 16},{17949, 16},{6819, 16},
{1547, 16},{25292, 16},{4216, 16},{1691, 16},{2149, 16},{12, 16},{9141, 16},{630, 16},{9911, 16},{21507, 16},
{25041, 16},{18112, 16},{7677, 16},{22483, 16},{22685, 16},{20114, 16},{11907, 16},{3156, 16},{14755, 16},{18600, 16},
{25224, 16},{321, 16},{24622, 16},{8941, 16},{9069, 16},{6835, 16},{98, 16},{3966, 16},{5484, 16},{16701, 16},
{4533, 16},{7193, 16},{16687, 16},{11070, 16},{11336, 16},{26270, 16},{6274, 16},{13553, 16},{4292, 16},{595, 16},
{20789, 16},{15581, 16},{20651, 16},{12538, 16},{14920, 16},{9622, 16},{15391, 16},{14018, 16},{14798, 16},{4744, 16},
{17645, 16},{20647, 16},{9888, 16},{21982, 16},{25911, 16},{11362, 16},{17596, 16},{10804, 16},{14050, 16},{21359, 16},
{23641, 16},{7281, 16},{14330, 16},{17535, 16},{3887, 16},{21834, 16},{20360, 16},{16751, 16},{20312, 16},{11757, 16},
{7194, 16},{11957, 16},{13556, 16},{5019, 16},{12268, 16},{9451, 16},{5276, 16},{24905, 16},{1168, 16},{791, 16},
{12893, 16},{21082, 16},{8225, 16},{14811, 16},{22025, 16},{5359, 16},{7031, 16},{3416, 16},{14375, 16},{3407, 16},
{25737, 16},{6269, 16},{18813, 16},{12705, 16},{11251, 16},{13081, 16},{16861, 16},{3998, 16},{26180, 16},{7055, 16},
{11519, 16},{7375, 16},{2626, 16},{26287, 16},{13048, 16},{11665, 16},{22610, 16},{15235, 16},{2820, 16},{18786, 16},
{20780, 16},{13058, 16},{9408, 16},{18580, 16},{14208, 16},{4133, 16},{14866, 16},{15988, 16},{20192, 16},{16202, 16},
{22413, 16},{4252, 16},{15110, 16},{25554, 16},{2627, 16},{15869, 16},{4357, 16},{1495, 16},{14347, 16},{9517, 16},
{12682, 16},{22181, 16},{2116, 16},{5190, 16},{24608, 16},{24234, 16},{12960, 16},{17320, 16},{24514, 16},{3995, 16},
{23159, 16},{15170, 16},{15246, 16},{12265, 16},{7749, 16},{21771, 16},{25040, 16},{7287, 16},{12470, 16},{5963, 16},
{22031, 16},{9660, 16},{20444, 16},{22385, 16},{12943, 16},{17826, 16},{22046, 16},{24020, 16},{22680, 16},{12332, 16},
{2465, 16},{26382, 16},{6771, 16},{18246, 16},{24878, 16},{7424, 16},{11508, 16},{3675, 16},{11348, 16},{16164, 16},
{3961, 16},{1093, 16},{25305, 16},{22059, 16},{9657, 16},{8045, 16},{24172, 16},{26292, 16},{15432, 16},{20531, 16},
{26355, 16},{5576, 16},{3234, 16},{21113, 16},{4483, 16},{683, 16},{3411, 16},{12513, 16},{758, 16},{3800, 16},
{4367, 16},{9881, 16},{16578, 16},{21874, 16},{24604, 16},{22024, 16},{24071, 16},{11226, 16},{26140, 16},{8175, 16},
{11796, 16},{12168, 16},{15137, 16},{24449, 16},{12371, 16},{1826, 16},{10971, 16},{16989, 16},{21900, 16},{871, 16},
{10843, 16},{4775, 16},{7765, 16},{24363, 16},{2745, 16},{14370, 16},{20769, 16},{15997, 16},{6190, 16},{20371, 16},
{18621, 16},{15602, 16},{7793, 16},{8624, 16},{14686, 16},{13100, 16},{979, 16},{3169, 16},{9703, 16},{7090, 16},
{4897, 16},{2223, 16},{23503, 16},{7559, 16},{23824, 16},{2412, 16},{22109, 16},{4299, 16},{571, 16},{10581, 16},
{9134, 16},{8473, 16},{26027, 16},{11578, 16},{19792, 16},{20432, 16},{10945, 16},{22053, 16},{11053, 16},{17689, 16},
{10850, 16},{2901, 16},{7560, 16},{15584, 16},{26144, 16},{19324, 16},{12306, 16},{4044, 16},{11026, 16},{25852, 16},
{10008, 16},{20694, 16},{11968, 16},{13063, 16},{11509, 16},{8937, 16},{9959, 16},{12892, 16},{15953, 16},{14781, 16},
{14014, 16},{11583, 16},{7845, 16},{7913, 16},{23479, 16},{15774, 16},{14425, 16},{13241, 16},{661, 16},{23954, 16},
{21062, 16},{5162, 16},{23476, 16},{17495, 16},{19133, 16},{13542, 16},{13734, 16},{4539, 16},{20563, 16},{21502, 16},
{4388, 16},{7270, 16},{1607, 16},{16034, 16},{4060, 16},{10928, 16},{11773, 16},{11675, 16},{9086, 16},{25768, 16},
{26381, 16},{10612, 16},{587, 16},{6800, 16},{9758, 16},{25384, 16},{14470, 16},{6838, 16},{7096, 16},{15969, 16},
{24212, 16},{19838, 16},{12901, 16},{1445, 16},{10060, 16},{1902, 16},{24315, 16},{7152, 16},{5761, 16},{25712, 16},
{2437, 16},{15789, 16},{19475, 16},{7563, 16},{21129, 16},{7444, 16},{7102, 16},{757, 16},{20993, 16},{17242, 16},
{20529, 16},{602, 16},{17641, 16},{7981, 16},{14052, 16},{994, 16},{724, 16},{26005, 16},{2108, 16},{18349, 16},
{25281, 16},{19130, 16},{9551, 16},{782, 16},{4749, 16},{23070, 16},{25998, 16},{4135, 16},{2433, 16},{7411, 16},
{902, 16},{16585, 16},{7571, 16},{14066, 16},{22331, 16},{13151, 16},{15018, 16},{18236, 16},{17385, 16},{16430, 16},
{6653, 16},{24623, 16},{23163, 16},{20722, 16},{19707, 16},{21116, 16},{14699, 16},{1420, 16},{19724, 16},{1619, 16},
{15542, 16},{7899, 16},{20396, 16},{25855, 16},{11797, 16},{2244, 16},{22032, 16},{15904, 16},{6078, 16},{7382, 16},
{8466, 16},{6899, 16},{25933, 16},{13596, 16},{11758, 16},{21528, 16},{22056, 16},{9142, 16},{15359, 16},{7680, 16},
{14883, 16},{22353, 16},{4779, 16},{10694, 16},{3114, 16},{13271, 16},{9619, 16},{9326, 16},{11128, 16},{18787, 16},
{3190, 16},{15900, 16},{6273, 16},{6162, 16},{23547, 16},{8877, 16},{19016, 16},{2175, 16},{17959, 16},{18798, 16},
{13315, 16},{16918, 16},{13264, 16},{24516, 16},{4675, 16},{23552, 16},{15767, 16},{1096, 16},{19064, 16},{22940, 16},
{10649, 16},{22178, 16},{5095, 16},{22026, 16},{6339, 16},{14758, 16},{1600, 16},{18493, 16},{5596, 16},{4751, 16},
{4328, 16},{21133, 16},{16871, 16},{23763, 16},{12657, 16},{15995, 16},{26181, 16},{26222, 16},{18555, 16},{20449, 16},
{9443, 16},{16081, 16},{6172, 16},{24376, 16},{20688, 16},{14335, 16},{1939, 16},{23309, 16},{10960, 16},{21816, 16},
{1172, 16},{3967, 16},{25205, 16},{4682, 16},{1491, 16},{13574, 16},{20703, 16},{14069, 16},{13822, 16},{18120, 16},
{25939, 16},{19304, 16},{20190, 16},{17536, 16},{5290, 16},{21223, 16},{7280, 16},{3764, 16},{3719, 16},{17561, 16},
{13538, 16},{2933, 16},{21219, 16},{24464, 16},{6532, 16},{5486, 16},{16290, 16},{11300, 16},{10307, 16},{18812, 16},
{1540, 16},{3677, 16},{4132, 16},{25954, 16},{15443, 16},{8668, 16},{17686, 16},{3556, 16},{17486, 16},{26267, 16},
{13150, 16},{10260, 16},{18909, 16},{21983, 16},{25552, 16},{25587, 16},{201, 16},{16788, 16},{15650, 16},{4715, 16},
{1114, 16},{20905, 16},{18831, 16},{20752, 16},{12687, 16},{15449, 16},{18306, 16},{12743, 16},{4978, 16},{14229, 16},
{23721, 16},{21835, 16},{14321, 16},{20765, 16},{6675, 16},{10667, 16},{18483, 16},{21746, 16},{20083, 16},{24203, 16},
{23346, 16},{16160, 16},{22314, 16},{19709, 16},{21875, 16},{5333, 16},{6654, 16},{14680, 16},{23261, 16},{22014, 16},
{7905, 16},{11875, 16},{12877, 16},{20272, 16},{22061, 16},{19126, 16},{15725, 16},{24173, 16},{4724, 16},{19271, 16},
{17028, 16},{10427, 16},{4917, 16},{21605, 16},{5539, 16},{7273, 16},{635, 16},{14819, 16},{25307, 16},{20395, 16},
{2462, 16},{23210, 16},{20110, 16},{11749, 16},{655, 16},{1450, 16},{21220, 16},{3642, 16},{21669, 16},{198, 16},
{7388, 16},{3297, 16},{14669, 16},{17282, 16},{21306, 16},{2618, 16},{11066, 16},{3391, 16},{17844, 16},{22258, 16},
{17685, 16},{26037, 16},{894, 16},{14833, 16},{8595, 16},{14015, 16},{8044, 16},{23260, 16},{12741, 16},{21222, 16},
{4692, 16},{9060, 16},{6801, 16},{14373, 16},{17315, 16},{7977, 16},{20763, 16},{26353, 16},{4955, 16},{5588, 16},
{23996, 16},{5976, 16},{23281, 16},{1696, 16},{1543, 16},{25049, 16},{9459, 16},{21754, 16},{11193, 16},{13797, 16},
{15021, 16},{15020, 16},{20779, 16},{10588, 16},{21942, 16},{22362, 16},{20873, 16},{21661, 16},{2060, 16},{24243, 16},
{23956, 16},{7188, 16},{865, 16},{13474, 16},{15291, 16},{3090, 16},{20642, 16},{13268, 16},{9458, 16},{172, 16},
{2137, 16},{3506, 16},{19289, 16},{11015, 16},{23032, 16},{16618, 16},{11074, 16},{8608, 16},{5467, 16},{22518, 16},
{26235, 16},{725, 16},{20776, 16},{15766, 16},{19172, 16},{13024, 16},{7155, 16},{21454, 16},{23452, 16},{25349, 16},
{4405, 16},{18423, 16},{6338, 16},{4138, 16},{11661, 16},{631, 16},{15107, 16},{8872, 16},{22017, 16},{23502, 16},
{4205, 16},{14917, 16},{25580, 16},{14384, 16},{5262, 16},{25302, 16},{6014, 16},{8364, 16},{1572, 16},{10210, 16},
{18466, 16},{21671, 16},{10806, 16},{25042, 16},{19797, 16},{6231, 16},{1115, 16},{19171, 16},{3521, 16},{23728, 16},
{21894, 16},{14795, 16},{9615, 16},{19358, 16},{20368, 16},{23069, 16},{9962, 16},{8567, 16},{17700, 16},{18599, 16},
{2461, 16},{24807, 16},{18448, 16},{20109, 16},{2219, 16},{19484, 16},{2898, 16},{785, 16},{2654, 16},{22377, 16},
{23119, 16},{13621, 16},{14189, 16},{12653, 16},{16956, 16},{10117, 16},{23036, 16},{9308, 16},{246, 16},{1936, 16},
{23336, 16},{21881, 16},{14245, 16},{18479, 16},{17437, 16},{3386, 16},{12187, 16},{13616, 16},{24834, 16},{24098, 16},
{11708, 16},{12468, 16},{17120, 16},{21587, 16},{888, 16},{18560, 16},{11807, 16},{2537, 16},{10154, 16},{12963, 16},
{11806, 16},{6889, 16},{12908, 16},{22767, 16},{13222, 16},{23421, 16},{7109, 16},{6465, 16},{8745, 16},{20193, 16},
{15111, 16},{761, 16},{9244, 16},{26266, 16},{26407, 16},{7376, 16},{25450, 16},{21727, 16},{21119, 16},{26233, 16},
{3762, 16},{15512, 16},{4868, 16},{13025, 16},{14270, 16},{16394, 16},{14831, 16},{9344, 16},{14354, 16},{3079, 16},
{4967, 16},{23722, 16},{10849, 16},{15785, 16},{19221, 16},{21523, 16},{11322, 16},{24199, 16},{22915, 16},{6144, 16},
{4861, 16},{4622, 16},{3962, 16},{1341, 16},{18530, 16},{17679, 16},{19196, 16},{25746, 16},{4291, 16},{10437, 16},
{7726, 16},{3965, 16},{1451, 16},{4951, 16},{9704, 16},{9981, 16},{19553, 16},{4391, 16},{18158, 16},{2115, 16},
{25127, 16},{8796, 16},{11664, 16},{22256, 16},{13449, 16},{24096, 16},{25557, 16},{20438, 16},{13444, 16},{5721, 16},
{23321, 16},{6989, 16},{3932, 16},{13465, 16},{534, 16},{202, 16},{1624, 16},{21732, 16},{19319, 16},{21939, 16},
{11341, 16},{19794, 16},{17694, 16},{3451, 16},{14679, 16},{4266, 16},{22549, 16},{10222, 16},{16923, 16},{6623, 16},
{4363, 16},{7759, 16},{9256, 16},{3230, 16},{23156, 16},{19379, 16},{9700, 16},{18622, 16},{13819, 16},{2154, 16},
{25781, 16},{15870, 16},{16157, 16},{3249, 16},{9883, 16},{19706, 16},{20568, 16},{16919, 16},{8196, 16},{18626, 16},
{11217, 16},{9341, 16},{3883, 16},{11344, 16},{5115, 16},{4571, 16},{588, 16},{1016, 16},{6380, 16},{1899, 16},
{26221, 16},{14327, 16},{20804, 16},{10367, 16},{19092, 16},{20091, 16},{5784, 16},{26114, 16},{499, 16},{13989, 16},
{11453, 16},{17201, 16},{17640, 16},{21312, 16},{2158, 16},{7557, 16},{15716, 16},{15976, 16},{24859, 16},{2243, 16},
{15604, 16},{22772, 16},{24506, 16},{3171, 16},{18910, 16},{12781, 16},{4900, 16},{18792, 16},{23033, 16},{7871, 16},
{8176, 16},{4747, 16},{12984, 16},{16860, 16},{6842, 16},{21758, 16},{21993, 16},{23723, 16},{11401, 16},{2885, 16},
{8875, 16},{19274, 16},{10436, 16},{13666, 16},{26001, 16},{8748, 16},{22140, 16},{23601, 16},{9456, 16},{19474, 16},
{12734, 16},{25210, 16},{7808, 16},{13480, 16},{13624, 16},{4773, 16},{19331, 16},{12444, 16},{18568, 16},{1541, 16},
{11333, 16},{3512, 16},{5516, 16},{6009, 16},{21083, 16},{4971, 16},{8637, 16},{25883, 16},{17602, 16},{9406, 16},
{25994, 16},{7128, 16},{6195, 16},{25233, 16},{2157, 16},{4002, 16},{18301, 16},{21759, 16},{14765, 16},{18734, 16},
{21253, 16},{19487, 16},{21317, 16},{17598, 16},{21401, 16},{10191, 16},{14024, 16},{9955, 16},{4485, 16},{14368, 16},
{22808, 16},{3157, 16},{4905, 16},{759, 16},{25063, 16},{875, 16},{7852, 16},{24019, 16},{22092, 16},{15958, 16},
{3255, 16},{8149, 16},{19125, 16},{3756, 16},{7967, 16},{2110, 16},{11668, 16},{17559, 16},{4140, 16},{22189, 16},
{25700, 16},{14724, 16},{17440, 16},{23257, 16},{7792, 16},{24445, 16},{20888, 16},{629, 16},{18561, 16},{545, 16},
{14670, 16},{25588, 16},{9212, 16},{1933, 16},{14008, 16},{19280, 16},{22243, 16},{13437, 16},{2161, 16},{26056, 16},
{976, 16},{21776, 16},{18832, 16},{7192, 16},{13971, 16},{25997, 16},{16131, 16},{8828, 16},{17093, 16},{25236, 16},
{18737, 16},{19691, 16},{21059, 16},{20342, 16},{9552, 16},{15950, 16},{18838, 16},{2902, 16},{3988, 16},{24492, 16},
{13028, 16},{7902, 16},{17159, 16},{167, 16},{24627, 16},{17318, 16},{25315, 16},{7355, 16},{19146, 16},{897, 16},
{17099, 16},{24049, 16},{11908, 16},{13545, 16},{5122, 16},{14263, 16},{9307, 16},{1014, 16},{24836, 16},{12118, 16},
{22805, 16},{19651, 16},{5022, 16},{9592, 16},{2917, 16},{12879, 16},{15971, 16},{25782, 16},{19456, 16},{11082, 16},
{19955, 16},{5969, 16},{22867, 16},{575, 16},{18739, 16},{16924, 16},{3238, 16},{19077, 16},{12474, 16},{13030, 16},
{2822, 16},{13717, 16},{11966, 16},{17646, 16},{4078, 16},{22052, 16},{15866, 16},{13479, 16},{24404, 16},{15579, 16},
{918, 16},{7761, 16},{1972, 16},{6635, 16},{18592, 16},{12895, 16},{20902, 16},{14363, 16},{22842, 16},{13625, 16},
{20533, 16},{5979, 16},{2403, 16},{25204, 16},{22609, 16},{18771, 16},{7392, 16},{18537, 16},{9658, 16},{25239, 16},
{603, 16},{15239, 16},{24047, 16},{905, 16},{20436, 16},{7853, 16},{11263, 16},{24323, 16},{21899, 16},{20090, 16},
{3473, 16},{9309, 16},{15136, 16},{12563, 16},{8367, 16},{21504, 16},{10785, 16},{5819, 16},{5601, 16},{2307, 16},
{21093, 16},{15351, 16},{174, 16},{2010, 16},{9952, 16},{7038, 16},{25080, 16},{11964, 16},{25701, 16},{16390, 16},
{17670, 16},{2372, 16},{893, 16},{7868, 16},{10929, 16},{6199, 16},{26356, 16},{13060, 16},{14770, 16},{22102, 16},
{8772, 16},{176, 16},{5660, 16},{3505, 16},{15424, 16},{8361, 16},{19283, 16},{12910, 16},{15166, 16},{25390, 16},
{3791, 16},{11455, 16},{12473, 16},{5934, 16},{2392, 16},{2145, 16},{13972, 16},{3159, 16},{1086, 16},{9444, 16},
{16953, 16},{19708, 16},{7032, 16},{2622, 16},{8613, 16},{8747, 16},{25909, 16},{20536, 16},{24458, 16},{21111, 16},
{9128, 16},{585, 16},{24353, 16},{4070, 16},{23959, 16},{22605, 16},{4469, 16},{12170, 16},{4256, 16},{20717, 16},
{8511, 16},{18480, 16},{18977, 16},{12733, 16},{4725, 16},{8576, 16},{11280, 16},{3239, 16},{5977, 16},{9560, 16},
{18242, 16},{8868, 16},{10846, 16},{14231, 16},{5568, 16},{21394, 16},{2648, 16},{13059, 16},{766, 16},{18461, 16},
{22510, 16},{22322, 16},{1300, 16},{23020, 16},{11350, 16},{1553, 16},{9253, 16},{16521, 16},{26034, 16},{10441, 16},
{7104, 16},{8882, 16},{16865, 16},{1896, 16},{1391, 16},{9127, 16},{9004, 16},{13739, 16},{10370, 16},{1442, 16},
{21994, 16},{399, 16},{5320, 16},{19486, 16},{10182, 16},{8465, 16},{11057, 16},{22368, 16},{15987, 16},{12455, 16},
{13450, 16},{24816, 16},{11616, 16},{23342, 16},{2778, 16},{2297, 16},{15601, 16},{21626, 16},{13432, 16},{12445, 16},
{3912, 16},{16768, 16},{21426, 16},{13768, 16},{9340, 16},{22810, 16},{21550, 16},{25378, 16},{22100, 16},{5654, 16},
{22514, 16},{12589, 16},{25915, 16},{7799, 16},{3959, 16},{8666, 16},{14928, 16},{8604, 16},{15717, 16},{8174, 16},
{25711, 16},{20980, 16},{14006, 16},{26139, 16},{6536, 16},{13503, 16},{19380, 16},{11803, 16},{23262, 16},{5354, 16},
{2311, 16},{2402, 16},{4202, 16},{20762, 16},{25744, 16},{3106, 16},{14023, 16},{25232, 16},{13445, 16},{12245, 16},
{12891, 16},{8696, 16},{24603, 16},{4859, 16},{7081, 16},{21503, 16},{680, 16},{14923, 16},{15479, 16},{11707, 16},
{2416, 16},{12966, 16},{3409, 16},{21752, 16},{11868, 16},{6467, 16},{11184, 16},{11171, 16},{24460, 16},{2604, 16},
{24221, 16},{608, 16},{1931, 16},{15603, 16},{15080, 16},{12235, 16},{7350, 16},{24812, 16},{24508, 16},{9264, 16},
{5634, 16},{7123, 16},{20113, 16},{7409, 16},{21872, 16},{24813, 16},{14738, 16},{3529, 16},{11175, 16},{22317, 16},
{10287, 16},{23913, 16},{1621, 16},{17328, 16},{14145, 16},{22423, 16},{26174, 16},{4402, 16},{6001, 16},{19731, 16},
{12542, 16},{24505, 16},{7723, 16},{19725, 16},{3507, 16},{5631, 16},{10559, 16},{9131, 16},{4099, 16},{1176, 16},
{9539, 16},{15011, 16},{19328, 16},{5947, 16},{15165, 16},{13223, 16},{22013, 16},{22479, 16},{16477, 16},{1344, 16},
{23096, 16},{3913, 16},{18072, 16},{2924, 16},{15297, 16},{26366, 16},{18490, 16},{20199, 16},{9762, 16},{10953, 16},
{16814, 16},{16867, 16},{15765, 16},{20787, 16},{8365, 16},{23400, 16},{10823, 16},{21139, 16},{23782, 16},{3986, 16},
{6527, 16},{95, 16},{22438, 16},{4475, 16},{5464, 16},{18128, 16},{16813, 16},{3999, 16},{16385, 16},{783, 16},
{5630, 16},{2766, 16},{25788, 16},{23287, 16},{19387, 16},{9245, 16},{18436, 16},{8366, 16},{1631, 16},{17827, 16},
{4972, 16},{3489, 16},{3929, 16},{8277, 16},{2914, 16},{9140, 16},{10464, 16},{13410, 16},{3673, 16},{19299, 16},
{2530, 16},{5121, 16},{19692, 16},{3084, 16},{9812, 16},{10466, 16},{16744, 16},{24153, 16},{14880, 16},{12256, 16},
{23648, 16},{12499, 16},{3388, 16},{20276, 16},{23556, 16},{11335, 16},{14094, 16},{17970, 16},{9585, 16},{1252, 16},
{14381, 16},{24536, 16},{15832, 16},{23558, 16},{15367, 16},{17094, 16},{10700, 16},{17569, 16},{19883, 16},{78, 16},
{24447, 16},{22845, 16},{12756, 16},{19690, 16},{22347, 16},{17388, 16},{6267, 16},{21782, 16},{2312, 16},{8183, 16},
{10317, 16},{10004, 16},{4137, 16},{8607, 16},{10308, 16},{16428, 16},{16753, 16},{6466, 16},{6658, 16},{21485, 16},
{2225, 16},{18488, 16},{25853, 16},{17274, 16},{3881, 16},{9081, 16},{16442, 16},{5760, 16},{149, 16},{7037, 16},
{26188, 16},{12461, 16},{22478, 16},{2409, 16},{9375, 16},{18085, 16},{15786, 16},{11754, 16},{26146, 16},{1346, 16},
{25284, 16},{21427, 16},{19737, 16},{16835, 16},{25717, 16},{7769, 16},{4478, 16},{1417, 16},{3218, 16},{23821, 16},
{25454, 16},{21430, 16},{6284, 16},{21644, 16},{20764, 16},{380, 16},{20567, 16},{1094, 16},{19860, 16},{10896, 16},
{22893, 16},{406, 16},{18233, 16},{6279, 16},{4479, 16},{14017, 16},{19062, 16},{12577, 16},{8569, 16},{14665, 16},
{5623, 16},{23998, 16},{21733, 16},{13588, 16},{25950, 16},{12946, 16},{82, 16},{10318, 16},{3908, 16},{15586, 16},
{7796, 16},{8474, 16},{2439, 16},{23693, 16},{25726, 16},{1974, 16},{11910, 16},{315, 16},{17097, 16},{7721, 16},
{20771, 16},{12348, 16},{25047, 16},{23286, 16},{16423, 16},{12522, 16},{20013, 16},{9785, 16},{25491, 16},{25500, 16},
{4408, 16},{15513, 16},{7947, 16},{7553, 16},{5628, 16},{7271, 16},{22421, 16},{20279, 16},{10494, 16},{2239, 16},
{5308, 16},{14372, 16},{3425, 16},{18699, 16},{633, 16},{2823, 16},{6622, 16},{26000, 16},{19330, 16},{3884, 16},
{20537, 16},{12117, 16},{23318, 16},{7426, 16},{4173, 16},{547, 16},{11127, 16},{24873, 16},{7695, 16},{22185, 16},
{7429, 16},{1403, 16},{9783, 16},{24984, 16},{25951, 16},{15876, 16},{3213, 16},{17287, 16},{17088, 16},{9957, 16},
{16961, 16},{24665, 16},{9009, 16},{20755, 16},{8469, 16},{4538, 16},{21425, 16},{25905, 16},{12736, 16},{17135, 16},
{20872, 16},{12537, 16},{4484, 16},{12495, 16},{19259, 16},{5788, 16},{8835, 16},{7091, 16},{1170, 16},{13731, 16},
{2628, 16},{19288, 16},{5511, 16},{10324, 16},{12321, 16},{6834, 16},{21672, 16},{8276, 16},{21057, 16},{2824, 16},
{12485, 16},{25360, 16},{14092, 16},{20366, 16},{20188, 16},{22363, 16},{1455, 16},{20782, 16},{706, 16},{4968, 16},
{12638, 16},{11173, 16},{3018, 16},{19734, 16},{880, 16},{601, 16},{3760, 16},{3947, 16},{12748, 16},{8573, 16},
{7093, 16},{1829, 16},{8623, 16},{17246, 16},{25579, 16},{24571, 16},{10956, 16},{15360, 16},{14886, 16},{11208, 16},
{7408, 16},{7274, 16},{22386, 16},{16425, 16},{14951, 16},{17626, 16},{24982, 16},{22206, 16},{1407, 16},{12882, 16},
{12032, 16},{8266, 16},{17891, 16},{23916, 16},{9954, 16},{10793, 16},{6470, 16},{1627, 16},{7551, 16},{14769, 16},
{11827, 16},{7332, 16},{13977, 16},{11170, 16},{22420, 16},{22684, 16},{16557, 16},{6200, 16},{9442, 16},{8885, 16},
{6141, 16},{1924, 16},{4570, 16},{25457, 16},{634, 16},{2309, 16},{24403, 16},{14915, 16},{26104, 16},{21433, 16},
{17890, 16},{16199, 16},{4129, 16},{5794, 16},{2534, 16},{3448, 16},{11125, 16},{1574, 16},{10373, 16},{26055, 16},
{15993, 16},{17705, 16},{25922, 16},{7029, 16},{4355, 16},{9063, 16},{26402, 16},{19174, 16},{6865, 16},{26178, 16},
{5589, 16},{18125, 16},{12944, 16},{25229, 16},{8865, 16},{17774, 16},{14358, 16},{6266, 16},{4852, 16},{4097, 16},
{24392, 16},{20082, 16},{26057, 16},{8528, 16},{20862, 16},{16044, 16},{22836, 16},{16176, 16},{11454, 16},{12303, 16},
{13318, 16},{6448, 16},{3935, 16},{11110, 16},{6387, 16},{789, 16},{3496, 16},{1978, 16},{17597, 16},{11507, 16},
{1544, 16},{8991, 16},{16514, 16},{23767, 16},{573, 16},{16125, 16},{4365, 16},{9123, 16},{11600, 16},{13591, 16},
{11580, 16},{25323, 16},{15788, 16},{15956, 16},{6701, 16},{12309, 16},{23781, 16},{10372, 16},{8771, 16},{1570, 16},
{7805, 16},{21114, 16},{22679, 16},{23662, 16},{17639, 16},{7310, 16},{5600, 16},{25446, 16},{13756, 16},{20455, 16},
{22868, 16},{4691, 16},{13975, 16},{5321, 16},{18489, 16},{4576, 16},{18814, 16},{11452, 16},{24206, 16},{6095, 16},
{9816, 16},{11126, 16},{1634, 16},{20788, 16},{13265, 16},{4632, 16},{22208, 16},{7901, 16},{24493, 16},{4964, 16},
{15124, 16},{1388, 16},{15286, 16},{10809, 16},{8703, 16},{19276, 16},{9951, 16},{1396, 16},{13245, 16},{11611, 16},
{6191, 16},{10844, 16},{8442, 16},{6421, 16},{3635, 16},{13101, 16},{11794, 16},{3181, 16},{22747, 16},{25888, 16},
{3679, 16},{16162, 16},{19736, 16},{7056, 16},{6836, 16},{17076, 16},{23849, 16},{16771, 16},{17903, 16},{4207, 16},
{3727, 16},{17397, 16},{20719, 16},{14596, 16},{1901, 16},{6639, 16},{16580, 16},{11018, 16},{3802, 16},{18558, 16},
{14946, 16},{7084, 16},{23258, 16},{4617, 16},{23852, 16},{11203, 16},{14762, 16},{16479, 16},{16174, 16},{26239, 16},
{2670, 16},{11812, 16},{21431, 16},{15145, 16},{12535, 16},{13320, 16},{14684, 16},{10789, 16},{11356, 16},{1977, 16},
{13319, 16},{17164, 16},{21137, 16},{1303, 16},{13224, 16},{9755, 16},{12079, 16},{17473, 16},{18471, 16},{145, 16},
{25993, 16},{5629, 16},{24160, 16},{11522, 16},{2368, 16},{15970, 16},{17383, 16},{25189, 16},{6092, 16},{5167, 16},
{18696, 16},{22352, 16},{24163, 16},{16008, 16},{24242, 16},{19472, 16},{10963, 16},{12710, 16},{14683, 16},{4748, 16},
{7907, 16},{9707, 16},{4005, 16},{20278, 16},{12751, 16},{15104, 16},{15284, 16},{7440, 16},{7089, 16},{7478, 16},
{2460, 16},{15507, 16},{8037, 16},{365, 16},{16426, 16},{20216, 16},{1072, 16},{15233, 16},{12250, 16},{13974, 16},
{18462, 16},{5564, 16},{24830, 16},{17138, 16},{22129, 16},{14598, 16},{10421, 16},{4477, 16},{12489, 16},{12888, 16},
{3960, 16},{18624, 16},{4290, 16},{11067, 16},{24809, 16},{17635, 16},{23605, 16},{20434, 16},{25379, 16},{24391, 16},
{15363, 16},{17165, 16},{15452, 16},{15845, 16},{7260, 16},{7216, 16},{9908, 16},{4654, 16},{22390, 16},{3763, 16},
{10018, 16},{6628, 16},{19705, 16},{7329, 16},{599, 16},{13238, 16},{20314, 16},{13147, 16},{25191, 16},{19572, 16},
{3010, 16},{10256, 16},{6355, 16},{21536, 16},{17568, 16},{10159, 16},{15010, 16},{12565, 16},{16755, 16},{8441, 16},
{24015, 16},{7766, 16},{14331, 16},{2380, 16},{3975, 16},{16432, 16},{16854, 16},{13555, 16},{4370, 16},{126, 16},
{13795, 16},{17439, 16},{23646, 16},{20183, 16},{8614, 16},{280, 16},{11728, 16},{20852, 16},{12959, 16},{180, 16},
{2748, 16},{22910, 16},{21146, 16},{14046, 16},{21309, 16},{13404, 16},{13617, 16},{18883, 16},{11316, 16},{7098, 16},
{21141, 16},{24518, 16},{17801, 16},{6891, 16},{10371, 16},{10618, 16},{18497, 16},{752, 16},{11363, 16},{19994, 16},
{3509, 16},{14799, 16},{10580, 16},{16201, 16},{7928, 16},{368, 16},{5620, 16},{1608, 16},{1928, 16},{11064, 16},
{13269, 16},{26141, 16},{2821, 16},{17331, 16},{22406, 16},{7312, 16},{6027, 16},{22878, 16},{8172, 16},{14340, 16},
{15888, 16},{22777, 16},{6296, 16},{24396, 16},{13770, 16},{18994, 16},{13486, 16},{18666, 16},{26350, 16},{24906, 16},
{20806, 16},{8753, 16},{4535, 16},{25028, 16},{15442, 16},{19964, 16},{23034, 16},{3590, 16},{1930, 16},{19452, 16},
{24509, 16},{18431, 16},{23851, 16},{19719, 16},{21105, 16},{4121, 16},{10061, 16},{8193, 16},{10259, 16},{10589, 16},
{19695, 16},{3928, 16},{4172, 16},{22912, 16},{2004, 16},{2155, 16},{20358, 16},{19099, 16},{2714, 16},{15826, 16},
{5278, 16},{23853, 16},{25023, 16},{11010, 16},{4465, 16},{7552, 16},{10224, 16},{23471, 16},{8148, 16},{4007, 16},
{7265, 16},{18698, 16},{9263, 16},{24625, 16},{17971, 16},{16589, 16},{274, 16},{14308, 16},{5635, 16},{24569, 16},
{17704, 16},{21216, 16},{19263, 16},{25045, 16},{14005, 16},{7727, 16},{21784, 16},{12498, 16},{9907, 16},{4324, 16},
{19664, 16},{5117, 16},{3615, 16},{9401, 16},{24831, 16},{19260, 16},{17160, 16},{14921, 16},{4059, 16},{4984, 16},
{8774, 16},{4024, 16},{18833, 16},{13649, 16},{21815, 16},{17172, 16},{6008, 16},{16576, 16},{17938, 16},{21136, 16},
{4394, 16},{24614, 16},{10959, 16},{16683, 16},{6822, 16},{20200, 16},{13793, 16},{18671, 16},{7748, 16},{14761, 16},
{1618, 16},{20690, 16},{20336, 16},{170, 16},{12258, 16},{20398, 16},{7823, 16},{18453, 16},{24216, 16},{24351, 16},
{19937, 16},{12313, 16},{2069, 16},{6624, 16},{26198, 16},{16761, 16},{22787, 16},{2678, 16},{2780, 16},{14210, 16},
{18334, 16},{15079, 16},{4131, 16},{4083, 16},{9010, 16},{3185, 16},{5965, 16},{15605, 16},{2383, 16},{19096, 16},
{25223, 16},{104, 16},{9011, 16},{9252, 16},{19017, 16},{18840, 16},{26377, 16},{19384, 16},{13771, 16},{4544, 16},
{22099, 16},{21775, 16},{22529, 16},{14060, 16},{23351, 16},{24568, 16},{11510, 16},{7319, 16},{24073, 16},{21142, 16},
{20649, 16},{25743, 16},{1602, 16},{8775, 16},{17142, 16},{14687, 16},{676, 16},{21311, 16},{23608, 16},{5259, 16},
{6278, 16},{22049, 16},{3410, 16},{14658, 16},{1099, 16},{23695, 16},{1636, 16},{4471, 16},{3614, 16},{17258, 16},
{876, 16},{12941, 16},{9370, 16},{5915, 16},{16764, 16},{10980, 16},{6227, 16},{15519, 16},{2787, 16},{1453, 16},
{13266, 16},{8362, 16},{25719, 16},{13661, 16},{23263, 16},{23308, 16},{7801, 16},{592, 16},{8601, 16},{4689, 16},
{12302, 16},{2635, 16},{18783, 16},{637, 16},{20724, 16},{7050, 16},{6094, 16},{11965, 16},{5974, 16},{15718, 16},
{115, 16},{5734, 16},{8151, 16},{11802, 16},{5510, 16},{14051, 16},{2065, 16},{2568, 16},{12760, 16},{15649, 16},
{16772, 16},{21110, 16},{21001, 16},{15721, 16},{24222, 16},{10668, 16},{18486, 16},{12034, 16},{23061, 16},{23611, 16},
{24881, 16},{2102, 16},{19072, 16},{1080, 16},{20369, 16},{20313, 16},{7033, 16},{2151, 16},{22872, 16},{18535, 16},
{13436, 16},{14068, 16},{21117, 16},{7111, 16},{4043, 16},{2400, 16},{15402, 16},{22803, 16},{4212, 16},{14149, 16},
{8526, 16},{25584, 16},{9129, 16},{200, 16},{7717, 16},{17144, 16},{6806, 16},{25889, 16},{24041, 16},{25286, 16},
{21943, 16},{6170, 16},{26225, 16},{14768, 16},{76, 16},{19097, 16},{4213, 16},{19859, 16},{8647, 16},{4610, 16},
{4300, 16},{4406, 16},{21080, 16},{9210, 16},{6390, 16},{14047, 16},{2401, 16},{10791, 16},{8216, 16},{18781, 16},
{3495, 16},{15902, 16},{3257, 16},{7870, 16},{17906, 16},{12520, 16},{24398, 16},{9454, 16},{10195, 16},{15230, 16},
{12120, 16},{13976, 16},{21107, 16},{3222, 16},{18918, 16},{21511, 16},{885, 16},{5257, 16},{25887, 16},{1081, 16},
{6526, 16},{13539, 16},{9032, 16},{21604, 16},{14059, 16},{4641, 16},{9418, 16},{18039, 16},{6210, 16},{1571, 16},
{20687, 16},{17899, 16},{11400, 16},{21873, 16},{7110, 16},{6287, 16},{10898, 16},{6091, 16},{22751, 16},{2063, 16},
{26010, 16},{8863, 16},{1552, 16},{15016, 16},{10795, 16},{19386, 16},{503, 16},{5981, 16},{24286, 16},{18625, 16},
{24146, 16},{13049, 16},{25039, 16},{11667, 16},{1496, 16},{19548, 16},{22200, 16},{901, 16},{3676, 16},{20422, 16},
{13478, 16},{17288, 16},{14922, 16},{22332, 16},{18084, 16},{17833, 16},{14948, 16},{8843, 16},{17296, 16},{18311, 16},
{18310, 16},{5191, 16},{15546, 16},{2749, 16},{25109, 16},{9760, 16},{16926, 16},{1079, 16},{21535, 16},{13983, 16},
{18472, 16},{11511, 16},{11, 16},{8940, 16},{18566, 16},{7334, 16},{18465, 16},{13765, 16},{5573, 16},{11009, 16},
{2415, 16},{16938, 16},{19795, 16},{25287, 16},{18154, 16},{6886, 16},{5791, 16},{21490, 16},{22862, 16},{6013, 16},
{15164, 16},{18702, 16},{10958, 16},{7328, 16},{4050, 16},{19264, 16},{8626, 16},{7269, 16},{2070, 16},{5532, 16},
{18839, 16},{12873, 16},{19143, 16},{16957, 16},{19277, 16},{5569, 16},{18920, 16},{899, 16},{25240, 16},{7874, 16},
{3012, 16},{17797, 16},{15910, 16},{15545, 16},{6126, 16},{15296, 16},{14910, 16},{9261, 16},{2388, 16},{3456, 16},
{20778, 16},{13218, 16},{25953, 16},{5912, 16},{12586, 16},{19962, 16},{18118, 16},{18835, 16},{16586, 16},{17796, 16},
{14720, 16},{4203, 16},{5287, 16},{12497, 16},{14564, 16},{5790, 16},{4653, 16},{20244, 16},{22556, 16},{4541, 16},
{2707, 16},{6389, 16},{270, 16},{16042, 16},{8038, 16},{7722, 16},{4634, 16},{9601, 16},{10221, 16},{11047, 16},
{24168, 16},{4288, 16},{13044, 16},{4869, 16},{14790, 16},{10578, 16},{5096, 16},{16522, 16},{21533, 16},{5313, 16},
{5281, 16},{3943, 16},{25194, 16},{21647, 16},{6449, 16},{22030, 16},{10808, 16},{1111, 16},{4045, 16},{8215, 16},
{10420, 16},{10492, 16},{2153, 16},{6353, 16},{22050, 16},{16825, 16},{7405, 16},{11183, 16},{9356, 16},{21649, 16},
{22018, 16},{1940, 16},{11176, 16},{6778, 16},{7425, 16},{9125, 16},{9260, 16},{169, 16},{21876, 16},{1558, 16},
{21488, 16},{22807, 16},{7900, 16},{4862, 16},{3618, 16},{18481, 16},{24394, 16},{21586, 16},{9330, 16},{5727, 16},
{13986, 16},{4573, 16},{7244, 16},{16181, 16},{4000, 16},{21616, 16},{4064, 16},{20195, 16},{17244, 16},{7406, 16},
{14603, 16},{7027, 16},{21310, 16},{21101, 16},{5114, 16},{7803, 16},{16756, 16},{25458, 16},{12264, 16},{14826, 16},
{26372, 16},{17966, 16},{24904, 16},{26110, 16},{3153, 16},{6277, 16},{20372, 16},{18245, 16},{5487, 16},{18684, 16},
{10258, 16},{10682, 16},{2750, 16},{5593, 16},{14916, 16},{8936, 16},{19529, 16},{22500, 16},{17023, 16},{24503, 16},
{14688, 16},{24450, 16},{3215, 16},{3426, 16},{9325, 16},{7422, 16},{10179, 16},{17854, 16},{4690, 16},{23513, 16},
{11343, 16},{12523, 16},{1390, 16},{24346, 16},{5441, 16},{16651, 16},{15952, 16},{24165, 16},{17741, 16},{16836, 16},
{8615, 16},{4019, 16},{13405, 16},{10160, 16},{1454, 16},{25821, 16},{4062, 16},{17169, 16},{9124, 16},{14700, 16},
{24046, 16},{10196, 16},{12742, 16},{18727, 16},{18967, 16},{9215, 16},{11112, 16},{3997, 16},{2529, 16},{5554, 16},
{4752, 16},{7976, 16},{7437, 16},{16822, 16},{4276, 16},{22411, 16},{80, 16},{3296, 16},{5578, 16},{22426, 16},
{710, 16},{24018, 16},{7558, 16},{4369, 16},{12487, 16},{4253, 16},{22006, 16},{589, 16},{16806, 16},{17330, 16},
{7611, 16},{25583, 16},{10290, 16},{5968, 16},{14912, 16},{3370, 16},{26275, 16},{17313, 16},{13481, 16},{22804, 16},
{716, 16},{14343, 16},{6384, 16},{11577, 16},{6798, 16},{20783, 16},{15973, 16},{1937, 16},{15827, 16},{23041, 16},
{13568, 16},{11397, 16},{7289, 16},{15865, 16},{21390, 16},{21665, 16},{8575, 16},{4956, 16},{10493, 16},{20883, 16},
{16818, 16},{6876, 16},{17022, 16},{17136, 16},{13991, 16},{14767, 16},{6785, 16},{12243, 16},{14359, 16},{25298, 16},
{15844, 16},{18485, 16},{4327, 16},{5652, 16},{4901, 16},{19952, 16},{24348, 16},{2743, 16},{4526, 16},{22507, 16},
{21134, 16},{1493, 16},{24638, 16},{1693, 16},{24870, 16},{317, 16},{14423, 16},{3886, 16},{15142, 16},{25235, 16},
{24907, 16},{25375, 16},{20691, 16},{20319, 16},{5021, 16},{18612, 16},{11872, 16},{23314, 16},{12708, 16},{9130, 16},
{19796, 16},{14357, 16},{2220, 16},{717, 16},{14195, 16},{24672, 16},{7724, 16},{25366, 16},{4678, 16},{165, 16},
{6537, 16},{17384, 16},{20646, 16},{25848, 16},{9469, 16},{23352, 16},{3720, 16},{151, 16},{24512, 16},{13314, 16},
{22768, 16},{4915, 16},{12456, 16},{15957, 16},{1411, 16},{25846, 16},{15647, 16},{2375, 16},{2713, 16},{15889, 16},
{3969, 16},{17630, 16},{10900, 16},{2066, 16},{10404, 16},{882, 16},{17474, 16},{6893, 16},{15077, 16},{23592, 16},
{22744, 16},{5637, 16},{2602, 16},{14668, 16},{12730, 16},{1302, 16},{12707, 16},{14269, 16},{11610, 16},{19069, 16},
{7709, 16},{24624, 16},{10852, 16},{5282, 16},{18971, 16},{762, 16},{12518, 16},{7800, 16},{11361, 16},{4656, 16},
{5348, 16},{17017, 16},{15188, 16},{1699, 16},{12319, 16},{25745, 16},{6097, 16},{15105, 16},{12961, 16},{6525, 16},
{17259, 16},{16820, 16},{8846, 16},{320, 16},{17162, 16},{21836, 16},{3019, 16},{4004, 16},{25125, 16},{6082, 16},
{17967, 16},{18080, 16},{9312, 16},{3586, 16},{19555, 16},{3217, 16},{23949, 16},{21821, 16},{16959, 16},{6138, 16},
{1348, 16},{20317, 16},{6354, 16},{5757, 16},{26220, 16},{14262, 16},{25372, 16},{21446, 16},{13800, 16},{1087, 16},
{9547, 16},{3211, 16},{20407, 16},{15763, 16},{12517, 16},{19948, 16},{12970, 16},{21145, 16},{17940, 16},{25371, 16},
{2114, 16},{1410, 16},{14756, 16},{18229, 16},{24910, 16},{22182, 16},{5762, 16},{10520, 16},{10312, 16},{6142, 16},
{1692, 16},{20564, 16},{12737, 16},{22894, 16},{15629, 16},{6308, 16},{25926, 16},{24983, 16},{23696, 16},{22415, 16},
{10197, 16},{3406, 16},{23769, 16},{6232, 16},{12584, 16},{2404, 16},{15427, 16},{22602, 16},{15885, 16},{1842, 16},
{17497, 16},{23644, 16},{11084, 16},{13773, 16},{18432, 16},{11330, 16},{3917, 16},{10902, 16},{10311, 16},{18232, 16},
{10213, 16},{24629, 16},{19704, 16},{10175, 16},{8619, 16},{7034, 16},{572, 16},{784, 16},{2606, 16},{4176, 16},
{18470, 16},{2899, 16},{10803, 16},{2817, 16},{18087, 16},{25947, 16},{10177, 16},{4403, 16},{12464, 16},{14271, 16},
{18539, 16},{2877, 16},{12310, 16},{13272, 16},{19896, 16},{3080, 16},{7915, 16},{15864, 16},{25391, 16},{9891, 16},
{22428, 16},{4017, 16},{13057, 16},{17898, 16},{3562, 16},{4356, 16},{6867, 16},{10642, 16},{3710, 16},{7807, 16},
{23162, 16},{23687, 16},{1074, 16},{17829, 16},{12305, 16},{17194, 16},{9033, 16},{25774, 16},{5605, 16},{5195, 16},
{21429, 16},{3011, 16},{12262, 16},{3330, 16},{11876, 16},{18359, 16},{18415, 16},{17935, 16},{19800, 16},{23945, 16},
{3592, 16},{25218, 16},{19273, 16},{5758, 16},{749, 16},{12519, 16},{13772, 16},{10982, 16},{1013, 16},{15948, 16},
{9371, 16},{17644, 16},{17693, 16},{3888, 16},{19279, 16},{12706, 16},{4849, 16},{22180, 16},{12686, 16},{5729, 16},
{3086, 16},{120, 16},{19093, 16},{13407, 16},{23818, 16},{4076, 16},{7569, 16},{10261, 16},{19091, 16},{19139, 16},
{20712, 16},{17809, 16},{11404, 16},{965, 16},{11662, 16},{25116, 16},{19326, 16},{1171, 16},{4851, 16},{22944, 16},
{16991, 16},{19526, 16},{22950, 16},{1347, 16},{26437, 16},{5786, 16},{7809, 16},{15951, 16},{890, 16},{13103, 16},
{24815, 16},{15730, 16},{11504, 16},{16682, 16},{15729, 16},{26024, 16},{14694, 16},{6933, 16},{12469, 16},{2605, 16},
{17972, 16},{16702, 16},{11061, 16},{75, 16},{14065, 16},{3680, 16},{14782, 16},{14002, 16},{4048, 16},{5470, 16},
{22547, 16},{15992, 16},{18569, 16},{15399, 16},{2310, 16},{16526, 16},{15588, 16},{5619, 16},{8749, 16},{23915, 16},
{10055, 16},{16039, 16},{20354, 16},{15073, 16},{5590, 16},{10921, 16},{20858, 16},{15723, 16},{21428, 16},{24220, 16},
{17762, 16},{1078, 16},{8671, 16},{6636, 16},{8922, 16},{4935, 16},{25373, 16},{25698, 16},{3499, 16},{9595, 16},
{23555, 16},{3259, 16},{3911, 16},{24513, 16},{7080, 16},{8430, 16},{18482, 16},{20650, 16},{5161, 16},{1101, 16},
{7263, 16},{12930, 16},{22349, 16},{2629, 16},{1612, 16},{9216, 16},{1637, 16},{6469, 16},{21609, 16},{21489, 16},
{1546, 16},{25890, 16},{13572, 16},{7867, 16},{1042, 16},{1416, 16},{14486, 16},{3453, 16},{15580, 16},{16200, 16},
{12753, 16},{13748, 16},{8198, 16},{7687, 16},{14719, 16},{26028, 16},{6864, 16},{8672, 16},{21266, 16},{4858, 16},
{14032, 16},{14, 16},{22811, 16},{13505, 16},{4525, 16},{161, 16},{20446, 16},{7679, 16},{13567, 16},{21588, 16},
{24810, 16},{21940, 16},{2159, 16},{12475, 16},{14274, 16},{14481, 16},{10677, 16},{5097, 16},{21682, 16},{2007, 16},
{4898, 16},{3804, 16},{763, 16},{164, 16},{18433, 16},{19712, 16},{3261, 16},{12269, 16},{18041, 16},{20365, 16},
{20341, 16},{14754, 16},{2603, 16},{22333, 16},{12929, 16},{8833, 16},{863, 16},{25197, 16},{19065, 16},{5341, 16},
{18669, 16},{7682, 16},{21627, 16},{26187, 16},{5606, 16},{3161, 16},{12328, 16},{7255, 16},{6866, 16},{19798, 16},
{19556, 16},{398, 16},{22330, 16},{14760, 16},{22522, 16},{22264, 16},{21505, 16},{7869, 16},{17334, 16},{21829, 16},
{4372, 16},{4973, 16},{7840, 16},{3292, 16},{19285, 16},{24489, 16},{17479, 16},{10560, 16},{21096, 16},{19325, 16},
{11617, 16},{2558, 16},{21650, 16},{10824, 16},{20335, 16},{5800, 16},{6529, 16},{8368, 16},{17676, 16},{12167, 16},
{8836, 16},{9886, 16},{23689, 16},{8632, 16},{2645, 16},{20876, 16},{25304, 16},{17073, 16},{14789, 16},{15292, 16},
{12184, 16},{3989, 16},{2293, 16},{19720, 16},{4286, 16},{5112, 16},{4118, 16},{1625, 16},{674, 16},{21663, 16},
{5164, 16},{18672, 16},{1167, 16},{6386, 16},{22313, 16},{2413, 16},{16483, 16},{7481, 16},{11606, 16},{15285, 16},
{14378, 16},{363, 16},{11319, 16},{25283, 16},{598, 16},{5285, 16},{5353, 16},{336, 16},{10892, 16},{10685, 16},
{14344, 16},{19321, 16},{24995, 16},{17955, 16},{15074, 16},{24016, 16},{19533, 16},{2099, 16},{14773, 16},{663, 16},
{1169, 16},{17680, 16},{9079, 16},{2879, 16},{20715, 16},{25110, 16},{25784, 16},{15482, 16},{24285, 16},{14272, 16},
{11681, 16},{20767, 16},{4123, 16},{13447, 16},{8707, 16},{3392, 16},{24570, 16},{14000, 16},{16620, 16},{10528, 16},
{20532, 16},{10523, 16},{7286, 16},{18508, 16},{14735, 16},{20867, 16},{3393, 16},{1921, 16},{4523, 16},{12299, 16},
{12678, 16},{10012, 16},{15099, 16},{23765, 16},{4287, 16},{12681, 16},{8655, 16},{19791, 16},{17674, 16},{3088, 16},
{10309, 16},{11676, 16},{14467, 16},{13051, 16},{19019, 16},{2600, 16},{20777, 16},{3914, 16},{25407, 16},{26137, 16},
{6626, 16},{22509, 16},{26223, 16},{666, 16},{18498, 16},{7030, 16},{14597, 16},{23037, 16},{2782, 16},{22058, 16},
{20887, 16},{13221, 16},{3587, 16},{11338, 16},{7316, 16},{896, 16},{2152, 16},{25794, 16},{1457, 16},{4329, 16},
{13575, 16},{94, 16},{10201, 16},{10438, 16},{26297, 16},{5775, 16},{13747, 16},{9343, 16},{765, 16},{21269, 16},
{16707, 16},{9333, 16},{14055, 16},{24879, 16},{8776, 16},{23997, 16},{7430, 16},{5168, 16},{17470, 16},{18252, 16},
{23819, 16},{1499, 16},{12933, 16},{16703, 16},{19261, 16},{14829, 16},{23535, 16},{4108, 16},{15113, 16},{3231, 16},
{23285, 16},{25662, 16},{8826, 16},{21491, 16},{11079, 17},{20759, 17},{20450, 17},{26181, 17},{11027, 17},{12496, 3},
{4108, 13},{8366, 3},{17814, 17},{5734, 17},{21487, 17},{25407, 17},{20753, 17},{11009, 17},{8875, 17},{22003, 3},
{22371, 3},{8153, 12},{7195, 12},{19516, 3},{16744, 3},{22912, 12},{18238, 17},{26200, 17},{14693, 17},{3560, 17},
{534, 17},{367, 17},{10892, 17},{1694, 3},{588, 3},{13320, 3},{1301, 13},{4545, 17},{3448, 17},{20245, 17},
{21934, 17},{19270, 17},{10666, 17},{9346, 7},{3447, 9},{23999, 7},{17688, 7},{23342, 7},{20184, 7},{8671, 7},
{1042, 7},{20183, 7},{16517, 7},{321, 7},{10421, 7},{22427, 7},{19475, 7},{25665, 7},{17900, 7},{24872, 7},
{12119, 7},{11128, 7},{3612, 7},{318, 7},{9347, 7},{8224, 7},{17683, 7},{8410, 7},{21108, 0},{3613, 7},
{10651, 7},{9371, 7},{25671, 7},{19473, 7},{24508, 7},{17339, 17},{10894, 17},{25930, 17},{10060, 17},{26114, 17},
{1010, 17},{3154, 17},{14680, 17},{1494, 17},{20883, 10},{17264, 10},{16744, 10},{26003, 10},{25926, 10},{12513, 10},
{6388, 10},{180, 10},{9128, 10},{9131, 10},{6383, 10},{20882, 10},{2462, 10},{7098, 10},{24572, 10},{26002, 10},
{24571, 10},{25922, 10},{8145, 10},{14684, 10},{8148, 10},{23950, 10},{9129, 10},{8154, 10},{24957, 10},{9339, 10},
{4367, 10},{23949, 10},{17256, 10},{9127, 10},{2466, 10},{17263, 10},{14681, 10},{10709, 10},{17260, 10},{8146, 10},
{17262, 10},{4370, 10},{13146, 10},{7094, 10},{12522, 10},{24568, 10},{13147, 10},{9124, 10},{17629, 10},{20876, 10},
{13148, 10},{4371, 10},{7095, 10},{7092, 10},{12517, 10},{2463, 10},{6381, 10},{20877, 10},{24569, 10},{6389, 10},
{26146, 10},{14679, 10},{4369, 10},{26001, 10},{9343, 10},{9130, 10},{13149, 10},{20880, 10},{6390, 10},{20887, 10},
{25918, 10},{9342, 10},{12523, 10},{8361, 10},{6385, 10},{23937, 10},{20878, 10},{8149, 10},{14683, 10},{17259, 10},
{14680, 10},{8368, 10},{8151, 10},{8366, 10},{9345, 10},{6386, 10},{7096, 10},{2465, 10},{14686, 10},{24566, 10},
{20879, 10},{17265, 10},{12521, 10},{14687, 10},{3929, 10},{17258, 10},{11442, 10},{6384, 10},{8364, 10},{2456, 10},
{23947, 10},{8363, 10},{17261, 10},{12520, 10},{5784, 10},{2464, 10},{3932, 10},{6380, 10},{4374, 10},{23945, 10},
{12518, 10},{14685, 10},{13084, 10},{7091, 10},{7090, 10},{12519, 10},{8153, 10},{2459, 10},{20888, 10},{12512, 10},
{8150, 10},{7097, 10},{20881, 10},{17257, 10},{23292, 10},{8367, 10},{13151, 10},{2460, 10},{8365, 10},{3926, 10},
{14688, 10},{4372, 10},{8147, 10},{2461, 10},{15246, 10},{14682, 10},{9125, 10},{9123, 10},{2455, 10},{9344, 10},
{12516, 10},{6387, 10},{24570, 10},{7089, 10},{8362, 10},{9122, 10},{9126, 10},{4373, 10},{13150, 10},{7093, 10},
{21737, 17},{7388, 17},{8871, 17},{1090, 17},{2618, 8},{26112, 8},{16514, 8},{8472, 8},{25498, 8},{26140, 8},
{6171, 8},{2407, 8},{2635, 8},{25497, 8},{2406, 8},{26113, 8},{10989, 8},{26139, 8},{6172, 8},{8471, 8},
{25496, 8},{2405, 8},{13505, 8},{8470, 8},{12956, 8},{26138, 8},{6169, 8},{26114, 8},{6170, 8},{26137, 8},
{14655, 8},{26115, 8},{25495, 8},{12959, 8},{8469, 8},{2404, 8},{12946, 8},{26144, 8},{6175, 8},{8476, 8},
{25494, 8},{10984, 8},{26108, 8},{2403, 8},{13649, 8},{2402, 8},{20971, 8},{8475, 8},{26143, 8},{26109, 8},
{6176, 8},{16468, 8},{2401, 8},{6173, 8},{26110, 8},{20967, 8},{26142, 8},{8474, 8},{13488, 8},{2548, 8},
{8473, 8},{26111, 8},{516, 8},{25491, 8},{26141, 8},{16500, 8},{2400, 8},{6174, 8},{10980, 8},{2399, 8},
{12984, 8},{26117, 8},{6178, 8},{8466, 8},{25501, 8},{24160, 8},{6179, 8},{25500, 8},{26118, 8},{10981, 8},
{2398, 8},{8465, 8},{17891, 17},{25036, 8},{20334, 8},{7566, 8},{7900, 8},{8220, 8},{14383, 8},{22346, 8},
{26329, 8},{20786, 8},{12930, 8},{21433, 8},{12307, 8},{5728, 8},{21446, 8},{19799, 8},{12931, 8},{7567, 8},
{12306, 8},{7899, 8},{5727, 8},{19798, 8},{5600, 8},{22347, 8},{20333, 8},{21434, 8},{14382, 8},{8221, 8},
{26443, 8},{20787, 8},{25037, 8},{21423, 8},{1252, 8},{14385, 8},{7902, 8},{19801, 8},{20788, 8},{25038, 8},
{22344, 8},{20336, 8},{12305, 8},{5730, 8},{8218, 8},{7564, 8},{21431, 8},{7715, 8},{22345, 8},{12933, 8},
{14384, 8},{7565, 8},{21432, 8},{8219, 8},{5729, 8},{2886, 8},{7901, 8},{20845, 8},{20789, 8},{25039, 8},
{19800, 8},{20335, 8},{26287, 8},{20338, 8},{18669, 8},{21429, 8},{7904, 8},{20782, 8},{7570, 8},{12926, 8},
{20874, 8},{2827, 8},{8216, 8},{22350, 8},{5724, 8},{19795, 8},{23535, 8},{14379, 8},{12927, 8},{7903, 8},
{20337, 8},{20783, 8},{7571, 8},{2780, 8},{14378, 8},{21430, 8},{19794, 8},{22351, 8},{7710, 8},{12310, 8},
{5723, 8},{18672, 8},{8217, 8},{1266, 15},{17969, 17},{6669, 17},{22882, 15},{17297, 15},{21915, 15},{15032, 15},
{15961, 15},{500, 15},{22951, 15},{22882, 15},{2425, 15},{21867, 15},{2800, 15},{3337, 15},{14622, 15},{17491, 15},
{13134, 15},{24415, 15},{25443, 15},{17299, 15},{17487, 15},{9455, 12},{25239, 3},{6122, 3},{22389, 13},{19719, 12},
{23058, 17},{18565, 17},{13482, 3},{17257, 13},{7872, 3},{7687, 3},{1301, 17},{16868, 17},{16387, 17},{13541, 1},
{22841, 1},{5248, 15},{6618, 1},{9584, 15},{22847, 1},{20565, 1},{640, 1},{22842, 1},{642, 1},{9578, 15},
{9580, 15},{9583, 15},{9587, 15},{5234, 15},{13536, 1},{9581, 15},{9586, 15},{9582, 15},{25813, 15},{8773, 1},
{18371, 15},{24147, 1},{5054, 1},{3790, 1},{15296, 1},{18368, 15},{8771, 1},{18366, 15},{2066, 1},{18363, 15},
{20314, 1},{11350, 1},{13537, 1},{6864, 1},{18364, 15},{18367, 15},{4657, 15},{18362, 15},{18365, 15},{13542, 1},
{18361, 15},{20709, 15},{25810, 15},{3639, 17},{17323, 1},{9792, 15},{16046, 1},{9793, 15},{3172, 1},{11344, 1},
{9790, 15},{9791, 15},{12731, 1},{9788, 15},{2065, 1},{15298, 1},{3784, 1},{22839, 1},{2604, 1},{21771, 17},
{11876, 3},{4120, 13},{17810, 13},{11664, 3},{6385, 12},{12729, 3},{25999, 17},{20786, 17},{25724, 17},{3563, 17},
{22845, 17},{4013, 17},{11807, 17},{12148, 15},{8013, 15},{25807, 15},{9751, 15},{25728, 15},{3365, 15},{10196, 17},
{9125, 17},{14828, 17},{14768, 17},{508, 17},{2913, 17},{4106, 3},{9456, 12},{21351, 17},{15843, 17},{13355, 17},
{644, 17},{23996, 17},{23040, 17},{16766, 17},{25754, 17},{12245, 17},{23346, 17},{15964, 17},{3418, 17},{17810, 3},
{20202, 3},{26227, 13},{11302, 3},{6387, 12},{5021, 12},{9786, 3},{5465, 17},{22895, 17},{1414, 17},{19277, 17},
{679, 3},{16430, 3},{17214, 3},{3116, 17},{13220, 17},{9907, 17},{25784, 17},{2442, 17},{17154, 8},{862, 8},
{5137, 8},{4713, 8},{6930, 8},{7362, 8},{26346, 8},{15862, 8},{18521, 8},{10876, 8},{20241, 8},{14175, 8},
{25130, 8},{5460, 8},{9566, 8},{25092, 17},{15605, 17},{3959, 17},{10804, 17},{4635, 17},{21747, 17},{20203, 17},
{19481, 17},{20013, 17},{15974, 17},{5544, 15},{12236, 15},{22640, 15},{18057, 15},{18273, 15},{26445, 15},{19003, 15},
{14164, 15},{9973, 15},{15152, 15},{8063, 15},{24105, 15},{8067, 15},{25078, 15},{25809, 15},{18270, 15},{10115, 15},
{6437, 15},{25868, 15},{13114, 15},{25076, 15},{19905, 15},{25077, 15},{19005, 15},{13299, 15},{23864, 15},{23865, 15},
{14687, 3},{3237, 3},{11615, 17},{14929, 17},{3896, 17},{3191, 15},{6418, 15},{11166, 15},{10635, 15},{2966, 15},
{20503, 15},{809, 15},{26245, 15},{6404, 15},{9323, 15},{19696, 17},{25922, 17},{1902, 17},{5299, 17},{15719, 17},
{17474, 17},{3255, 17},{19527, 17},{4181, 15},{17266, 15},{21469, 15},{14607, 15},{5749, 15},{9503, 15},{25685, 15},
{24891, 15},{11741, 15},{13079, 15},{16763, 15},{10820, 17},{9655, 15},{24888, 15},{25682, 15},{21721, 15},{21338, 15},
{2867, 15},{9672, 15},{982, 15},{22619, 15},{12623, 15},{25239, 12},{3230, 3},{6647, 15},{9182, 15},{14222, 15},
{9873, 15},{924, 15},{189, 15},{9182, 15},{16445, 15},{14541, 15},{11647, 15},{18816, 17},{6675, 17},{26111, 17},
{22431, 17},{25737, 17},{4234, 15},{14044, 15},{14043, 15},{10445, 15},{10446, 15},{12870, 15},{12866, 15},{12872, 15},
{16646, 15},{16647, 15},{16644, 15},{16643, 15},{16645, 15},{23562, 15},{23560, 15},{23561, 15},{15267, 15},{15269, 15},
{15270, 15},{15268, 15},{15271, 15},{15840, 17},{595, 17},{3507, 17},{11673, 1},{1124, 15},{23693, 1},{17844, 1},
{19234, 15},{18435, 1},{19231, 15},{16835, 1},{19236, 15},{19146, 1},{19237, 15},{1125, 15},{19230, 15},{1123, 15},
{4200, 1},{19241, 15},{1122, 15},{19235, 15},{14657, 1},{19239, 15},{19240, 15},{7947, 1},{19238, 15},{23773, 1},
{22623, 15},{4097, 1},{2143, 15},{22622, 15},{13130, 15},{21394, 1},{16008, 1},{23781, 1},{588, 1},{608, 1},
{22621, 15},{13110, 15},{21042, 15},{22620, 15},{6277, 1},{13111, 15},{25451, 1},{22618, 15},{13482, 1},{18431, 1},
{2140, 15},{2141, 15},{2136, 15},{4099, 1},{4098, 1},{13123, 15},{22619, 15},{20939, 15},{10243, 15},{10238, 15},
{10246, 15},{10237, 15},{13478, 1},{23688, 1},{10240, 15},{10241, 15},{10244, 15},{10239, 15},{10245, 15},{21528, 1},
{2261, 15},{2260, 15},{14391, 15},{19201, 15},{16609, 15},{587, 1},{16610, 15},{16606, 15},{16611, 15},{16607, 15},
{16608, 15},{19202, 15},{17849, 1},{18433, 1},{19199, 15},{16612, 15},{16605, 15},{16616, 15},{20271, 1},{22438, 1},
{11217, 1},{19200, 15},{16615, 15},{7680, 1},{22937, 15},{22933, 15},{22929, 15},{12623, 15},{23779, 1},{22936, 15},
{12622, 15},{22935, 15},{12621, 15},{5757, 1},{22934, 15},{19958, 1},{22939, 15},{4093, 1},{12625, 15},{22932, 15},
{22938, 15},{12620, 15},{13481, 1},{12624, 15},{22930, 15},{17853, 1},{26281, 15},{8313, 15},{13200, 15},{8315, 15},
{19076, 15},{13198, 15},{20589, 1},{8318, 15},{17843, 1},{8302, 15},{11613, 1},{13202, 15},{13199, 15},{13196, 15},
{13197, 15},{13483, 1},{21306, 1},{8340, 15},{8300, 15},{8304, 15},{17246, 1},{8303, 15},{19081, 15},{14663, 1},
{25166, 1},{984, 15},{5217, 15},{5223, 15},{988, 15},{985, 15},{5218, 15},{5220, 15},{982, 15},{5221, 15},
{25175, 1},{981, 15},{20594, 1},{983, 15},{990, 15},{5222, 15},{22902, 15},{987, 15},{5216, 15},{989, 15},
{20219, 15},{20224, 15},{19484, 1},{20222, 15},{9183, 15},{9187, 15},{9180, 15},{5761, 1},{9184, 15},{20221, 15},
{14670, 1},{9185, 15},{9189, 15},{9179, 15},{9186, 15},{9188, 15},{9182, 15},{20223, 15},{11646, 15},{11637, 15},
{11635, 15},{11642, 15},{14541, 15},{4402, 1},{11640, 15},{11674, 1},{20596, 1},{2379, 1},{11641, 15},{7684, 1},
{11647, 15},{14540, 15},{21396, 1},{11638, 15},{11678, 1},{18761, 1},{14542, 15},{11636, 15},{11333, 1},{19445, 1},
{11639, 15},{4117, 13},{5489, 3},{11175, 13},{4638, 3},{21630, 17},{12118, 17},{6357, 1},{23169, 15},{19632, 15},
{19630, 15},{23171, 15},{19633, 15},{9907, 1},{19637, 15},{19623, 15},{14756, 1},{19634, 15},{23170, 15},{9904, 1},
{23167, 15},{23172, 15},{19631, 15},{23168, 15},{1083, 1},{19636, 15},{19635, 15},{17205, 1},{19622, 15},{12583, 1},
{25720, 1},{19744, 15},{24671, 1},{19747, 15},{10207, 15},{10206, 15},{19752, 15},{19749, 15},{19743, 15},{19751, 15},
{19748, 15},{1690, 1},{24676, 1},{21991, 1},{5562, 1},{18970, 1},{19746, 15},{17481, 1},{19750, 15},{6933, 1},
{10208, 15},{19745, 15},{10209, 15},{2220, 1},{4269, 1},{10205, 15},{2499, 15},{16331, 15},{2500, 15},{2493, 15},
{11556, 15},{25730, 1},{2494, 15},{11561, 15},{11559, 15},{2492, 15},{14762, 1},{23553, 1},{11558, 15},{2496, 15},
{2498, 15},{16704, 1},{9541, 1},{2495, 15},{24669, 1},{11555, 15},{2497, 15},{2501, 15},{11557, 15},{11562, 15},
{6352, 1},{11547, 15},{9879, 1},{19332, 1},{9909, 1},{4267, 1},{9883, 1},{19461, 15},{15607, 15},{9538, 1},
{2591, 15},{19460, 15},{2223, 1},{17818, 15},{12586, 1},{17865, 15},{19463, 15},{23554, 1},{2592, 15},{12173, 1},
{2588, 15},{19466, 15},{19462, 15},{19327, 1},{19465, 15},{15630, 15},{19459, 15},{2590, 15},{19464, 15},{15637, 15},
{21544, 15},{9540, 1},{1689, 1},{24280, 1},{22502, 1},{23651, 15},{15910, 1},{23655, 15},{15264, 15},{16388, 1},
{21058, 1},{23652, 15},{23654, 15},{15282, 15},{174, 1},{16180, 1},{23653, 15},{8670, 15},{19695, 1},{11972, 15},
{8693, 15},{8681, 15},{16706, 1},{23643, 15},{8684, 15},{23656, 15},{4272, 1},{23649, 15},{15273, 15},{24049, 1},
{1406, 15},{15248, 15},{23650, 15},{19381, 1},{24449, 1},{16975, 15},{11388, 15},{11387, 15},{15626, 15},{22501, 1},
{9906, 1},{2226, 1},{16381, 1},{16982, 15},{1699, 1},{16983, 15},{16974, 15},{19387, 1},{23907, 1},{1700, 1},
{16980, 15},{2224, 1},{16978, 15},{15613, 15},{16977, 15},{16979, 15},{16976, 15},{3163, 15},{13731, 1},{16981, 15},
{19017, 1},{21493, 1},{14965, 15},{12160, 15},{16390, 1},{5570, 1},{9310, 1},{10087, 15},{12156, 15},{12163, 15},
{12161, 15},{12158, 15},{14723, 1},{12155, 15},{11060, 1},{22589, 1},{10077, 15},{10080, 15},{14961, 15},{9810, 1},
{12162, 15},{7748, 1},{12154, 15},{9830, 1},{10085, 15},{12159, 15},{10081, 15},{10091, 15},{12157, 15},{12327, 1},
{16126, 15},{16129, 15},{21489, 1},{25288, 1},{18662, 15},{17100, 15},{20322, 15},{19326, 1},{20328, 15},{16047, 1},
{11960, 15},{11962, 15},{11955, 15},{20327, 15},{16148, 15},{11961, 15},{11963, 15},{20323, 15},{12876, 1},{11956, 15},
{5569, 1},{14463, 15},{20329, 15},{24307, 15},{11959, 15},{11958, 15},{23803, 15},{5644, 15},{1596, 15},{19361, 15},
{19771, 15},{9153, 15},{8352, 15},{5617, 15},{12214, 15},{11155, 15},{3738, 15},{17505, 15},{16037, 15},{16036, 15},
{25575, 15},{15715, 15},{15928, 15},{11498, 15},{25837, 15},{11003, 15},{8780, 15},{14397, 15},{3575, 15},{8950, 15},
{19773, 15},{26152, 15},{1596, 15},{21452, 17},{21837, 17},{22829, 17},{10199, 17},{9764, 17},{2536, 17},{10262, 17},
{5162, 17},{505, 17},{25003, 3},{24875, 3},{13147, 13},{19479, 3},{15412, 12},{6675, 3},{20201, 12},{867, 3},
{2061, 3},{2099, 17},{17136, 17},{8194, 15},{16092, 15},{24475, 15},{18, 15},{24532, 15},{4932, 15},{5945, 15},
{5949, 15},{9795, 15},{2132, 15},{3827, 15},{18103, 15},{12142, 15},{1355, 15},{18101, 15},{25244, 15},{14483, 15},
{7848, 15},{518, 15},{9172, 15},{16095, 15},{18099, 15},{21, 15},{2280, 15},{6569, 15},{16488, 15},{10591, 15},
{22, 15},{16091, 15},{18892, 15},{12999, 15},{11680, 3},{25119, 3},{18237, 17},{25309, 17},{5653, 17},{2605, 17},
{24669, 17},{4183, 7},{17814, 9},{11783, 7},{17814, 9},{26033, 7},{19297, 7},{19842, 7},{17633, 7},{26034, 7},
{18539, 7},{17810, 9},{19302, 7},{21081, 7},{19305, 7},{17830, 7},{10175, 7},{26030, 7},{17809, 9},{4175, 7},
{10953, 7},{17635, 7},{21845, 7},{17829, 7},{17813, 9},{17810, 9},{26026, 7},{21851, 7},{17626, 7},{17829, 7},
{10952, 7},{10689, 17},{8937, 17},{19533, 17},{9216, 17},{14738, 17},{15044, 15},{11166, 15},{14552, 15},{24437, 15},
{22686, 15},{11165, 15},{1278, 15},{24786, 15},{15307, 15},{25429, 15},{18511, 15},{14641, 15},{12601, 15},{23099, 15},
{24666, 15},{5331, 15},{21516, 15},{24322, 15},{5323, 15},{14569, 15},{3197, 15},{25358, 15},{3191, 15},{1283, 15},
{22524, 17},{14657, 17},{3456, 13},{11674, 3},{3157, 3},{23300, 8},{805, 8},{10819, 8},{2821, 8},{15425, 8},
{13573, 8},{18122, 8},{21131, 8},{24608, 8},{23092, 17},{23611, 17},{580, 17},{21588, 7},{18040, 7},{15111, 7},
{21246, 7},{2628, 9},{1172, 17},{4650, 17},{13351, 3},{4214, 3},{12494, 3},{6697, 3},{8774, 3},{16705, 3},
{15606, 3},{7053, 17},{14208, 17},{19131, 17},{7422, 17},{25583, 17},{413, 15},{9994, 15},{411, 15},{9603, 15},
{13233, 15},{12554, 15},{463, 15},{18645, 15},{16469, 15},{17426, 15},{6883, 15},{8533, 15},{18356, 15},{18222, 15},
{19047, 15},{20896, 15},{9224, 15},{15664, 15},{7953, 15},{15523, 15},{3860, 15},{24422, 15},{15521, 15},{3650, 15},
{5929, 15},{13232, 15},{6132, 15},{2853, 15},{456, 15},{2314, 15},{20137, 15},{10051, 15},{5275, 15},{20083, 17},
{1428, 17},{6868, 17},{10008, 17},{3964, 17},{19714, 17},{18782, 12},{18438, 3},{864, 3},{9059, 17},{19632, 15},
{6236, 15},{19749, 15},{9765, 17},{14158, 15},{17007, 15},{13932, 15},{385, 15},{10209, 15},{26238, 15},{16977, 15},
{11592, 15},{16975, 15},{17004, 15},{16980, 15},{19636, 15},{19463, 15},{4434, 15},{19747, 15},{16235, 15},{1440, 15},
{9744, 15},{22323, 17},{18252, 17},{25454, 17},{7102, 17},{26269, 17},{21119, 17},{20569, 17},{11845, 17},{2922, 17},
{4477, 17},{2712, 17},{5787, 7},{6091, 7},{23950, 9},{24350, 7},{26275, 7},{19093, 7},{18798, 7},{4675, 7},
{24346, 7},{25844, 7},{17565, 7},{11341, 7},{23853, 0},{9849, 7},{16995, 0},{3959, 7},{19092, 7},{25553, 7},
{23949, 9},{5777, 7},{13816, 7},{3964, 7},{15398, 7},{9251, 7},{17558, 7},{22829, 7},{2568, 7},{9244, 7},
{25555, 7},{20765, 7},{1602, 7},{20845, 7},{13990, 7},{23949, 9},{20768, 7},{25041, 7},{1606, 7},{13823, 7},
{12741, 7},{3960, 7},{19099, 7},{19950, 7},{18302, 7},{25448, 7},{25044, 7},{8846, 7},{19787, 7},{1600, 7},
{3958, 7},{3249, 7},{3962, 7},{4302, 7},{17556, 7},{2562, 7},{13983, 7},{12306, 7},{25554, 7},{13819, 7},
{17564, 7},{3963, 7},{11427, 7},{23947, 9},{14989, 7},{26275, 7},{22178, 7},{12308, 7},{22185, 7},{5781, 7},
{5777, 7},{5780, 7},{9251, 7},{4302, 7},{25553, 7},{10215, 7},{13821, 7},{3959, 7},{1602, 7},{19950, 7},
{8508, 7},{15398, 7},{3964, 7},{11335, 7},{18804, 7},{25049, 7},{19100, 7},{25557, 7},{9246, 7},{23947, 9},
{24353, 7},{23945, 9},{24349, 7},{13987, 7},{1603, 7},{18692, 7},{18803, 7},{5780, 7},{12746, 7},{15402, 7},
{22829, 7},{11160, 7},{12310, 7},{20845, 7},{26279, 7},{19100, 7},{6091, 7},{20762, 7},{23641, 7},{25851, 7},
{24350, 7},{22180, 7},{1600, 7},{6893, 7},{20356, 0},{17565, 7},{24349, 7},{10212, 7},{6227, 9},{23648, 7},
{6097, 7},{22185, 7},{22180, 7},{18800, 7},{19524, 7},{5776, 7},{6887, 7},{18804, 7},{9252, 7},{18304, 7},
{3966, 7},{6227, 9},{5779, 7},{12741, 7},{18799, 7},{3250, 7},{24356, 7},{13818, 7},{25546, 7},{25041, 7},
{25413, 7},{15517, 7},{4679, 7},{4286, 7},{10215, 7},{13989, 7},{6095, 7},{10633, 7},{4673, 7},{26280, 7},
{6228, 9},{17561, 7},{6885, 7},{19531, 7},{20769, 7},{12747, 7},{12748, 7},{15407, 7},{26276, 7},{11337, 7},
{12306, 7},{25467, 7},{6228, 9},{6889, 7},{12301, 7},{19533, 7},{19095, 7},{3250, 7},{20762, 7},{6888, 7},
{25550, 7},{24487, 0},{25044, 7},{13821, 7},{15398, 17},{26355, 3},{13347, 3},{9451, 3},{16442, 13},{3410, 13},
{26226, 3},{17739, 17},{14886, 17},{20280, 17},{18415, 17},{13586, 17},{25228, 17},{18781, 17},{15978, 17},{5517, 17},
{878, 3},{25287, 3},{25238, 3},{21244, 3},{13542, 3},{3156, 13},{871, 13},{23945, 3},{22200, 8},{19480, 8},
{1424, 8},{9914, 8},{9524, 8},{14368, 8},{285, 8},{14094, 8},{287, 8},{1425, 8},{14092, 8},{19481, 8},
{1625, 8},{9523, 8},{22199, 8},{14369, 8},{18302, 17},{2463, 17},{9518, 8},{1421, 8},{6659, 8},{1618, 8},
{14374, 8},{19473, 8},{22208, 8},{268, 8},{22207, 8},{9891, 8},{9517, 8},{19474, 8},{1422, 8},{14375, 8},
{270, 8},{6658, 8},{17641, 8},{19471, 8},{1419, 8},{14376, 8},{9516, 8},{22206, 8},{6657, 8},{1616, 8},
{14377, 8},{1420, 8},{14101, 8},{1615, 8},{19472, 8},{9515, 8},{22205, 8},{17642, 8},{14370, 8},{19477, 8},
{1417, 8},{1614, 8},{22204, 8},{6655, 8},{9522, 8},{17643, 8},{9521, 8},{6654, 8},{1418, 8},{278, 8},
{1613, 8},{19478, 8},{14371, 8},{22203, 8},{6653, 8},{9520, 8},{19475, 8},{22202, 8},{280, 8},{1415, 8},
{14372, 8},{1612, 8},{22201, 8},{17646, 8},{14373, 8},{1611, 8},{6652, 8},{1416, 8},{9519, 8},{19476, 8},
{12753, 17},{23384, 17},{2793, 15},{3339, 15},{11715, 15},{1584, 15},{1156, 15},{3337, 15},{7061, 15},{16725, 15},
{1157, 15},{1262, 15},{22571, 15},{15032, 15},{21572, 15},{16725, 15},{18254, 15},{16316, 15},{7459, 15},{7070, 15},
{2998, 15},{19798, 1},{24480, 15},{24484, 15},{10177, 1},{25278, 1},{24481, 15},{24479, 15},{3504, 1},{24483, 15},
{15970, 1},{24482, 15},{26027, 1},{24485, 15},{16651, 1},{24475, 15},{17630, 1},{24476, 15},{15979, 1},{10961, 1},
{24486, 15},{26034, 1},{19300, 1},{18103, 15},{18102, 15},{18104, 15},{18101, 15},{18095, 15},{18099, 15},{11398, 1},
{18100, 15},{18097, 15},{18531, 1},{19298, 1},{18098, 15},{14947, 1},{14480, 15},{4170, 1},{7227, 15},{13447, 1},
{3112, 1},{7229, 15},{3625, 15},{10957, 1},{2104, 1},{9116, 1},{14483, 15},{17829, 1},{3825, 15},{3831, 15},
{10321, 1},{3827, 15},{3828, 15},{10182, 1},{3830, 15},{4169, 1},{3832, 15},{3829, 15},{10319, 1},{3826, 15},
{19305, 1},{10960, 1},{5360, 15},{26031, 1},{5363, 15},{10956, 1},{5362, 15},{6081, 1},{5361, 15},{11773, 1},
{17607, 1},{13028, 1},{15973, 1},{10172, 1},{2105, 1},{5365, 15},{15877, 15},{18535, 1},{16105, 15},{15883, 15},
{17626, 1},{18538, 1},{21074, 1},{16099, 15},{15882, 15},{4176, 1},{16114, 15},{15881, 15},{19796, 1},{3508, 1},
{11784, 1},{17635, 1},{16102, 15},{21849, 1},{24821, 15},{24829, 15},{6802, 1},{21076, 1},{25387, 1},{18536, 1},
{6804, 1},{13083, 15},{24825, 15},{24823, 15},{10178, 1},{11057, 17},{24242, 17},{15830, 17},{23163, 17},{10179, 17},
{6866, 17},{11279, 17},{20342, 17},{8150, 17},{788, 17},{7092, 17},{16383, 3},{23725, 3},{12087, 17},{25887, 17},
{15602, 17},{5777, 17},{8524, 17},{25713, 17},{16474, 17},{19689, 17},{25532, 10},{8588, 10},{6433, 10},{24186, 10},
{24444, 10},{25809, 10},{5917, 10},{6364, 10},{18404, 10},{14524, 10},{18165, 10},{6155, 10},{19105, 10},{5374, 10},
{13998, 10},{14568, 10},{2584, 10},{8972, 10},{455, 10},{20221, 10},{26291, 10},{13368, 10},{21243, 10},{5909, 10},
{19633, 10},{5899, 10},{5547, 10},{21956, 10},{4701, 10},{14450, 10},{17668, 10},{13619, 10},{18409, 10},{4941, 10},
{22145, 10},{23758, 10},{16490, 10},{5475, 10},{12222, 10},{10028, 10},{18223, 10},{15711, 10},{19769, 10},{4805, 10},
{2967, 10},{23204, 10},{11865, 10},{11554, 10},{6128, 10},{22691, 10},{23027, 10},{5939, 10},{7706, 10},{7882, 10},
{9238, 10},{22725, 10},{10999, 10},{20710, 10},{11163, 10},{2016, 10},{23189, 10},{1992, 10},{822, 10},{1226, 10},
{14461, 10},{18720, 10},{16319, 10},{8739, 10},{2948, 10},{3279, 10},{2019, 10},{23190, 10},{1678, 10},{21515, 10},
{10717, 10},{17783, 10},{6111, 10},{14566, 10},{20488, 10},{24137, 10},{19202, 10},{737, 10},{8200, 10},{2128, 10},
{20636, 10},{13132, 10},{18373, 10},{15609, 10},{6673, 10},{23845, 10},{1805, 10},{22733, 10},{479, 10},{2685, 10},
{2857, 10},{17058, 10},{4432, 10},{24920, 10},{21370, 10},{13783, 10},{13618, 10},{21948, 10},{34, 10},{19390, 10},
{1190, 10},{739, 10},{19034, 10},{3602, 10},{6132, 10},{11950, 10},{24159, 10},{12241, 10},{24476, 10},{23377, 10},
{16675, 10},{26214, 10},{5746, 10},{24556, 10},{16220, 10},{17379, 10},{4088, 10},{14164, 10},{11379, 10},{10533, 10},
{1919, 10},{16350, 10},{1772, 10},{15149, 10},{389, 10},{18646, 10},{22727, 10},{1854, 10},{15032, 10},{2667, 10},
{458, 10},{9182, 10},{24770, 10},{19108, 10},{1154, 10},{2798, 10},{23408, 10},{22284, 10},{24227, 10},{18100, 10},
{3144, 10},{25812, 10},{6541, 10},{8310, 10},{11466, 10},{8589, 10},{13941, 10},{17217, 10},{2611, 10},{22128, 10},
{8109, 10},{17034, 10},{21950, 10},{24866, 10},{68, 10},{5361, 10},{5197, 10},{11149, 10},{17992, 10},{13958, 10},
{11646, 10},{16763, 10},{7919, 10},{3898, 10},{16085, 10},{7041, 10},{6076, 10},{19637, 10},{26305, 10},{18099, 10},
{17942, 10},{7704, 10},{6963, 10},{25761, 10},{18744, 10},{1769, 10},{12093, 10},{24106, 10},{1332, 10},{20904, 10},
{19561, 10},{11384, 10},{14400, 10},{3143, 10},{15520, 10},{11857, 10},{6361, 10},{15954, 10},{12204, 10},{12954, 10},
{9643, 10},{2273, 10},{18161, 10},{7061, 10},{13838, 10},{20584, 10},{3365, 10},{15461, 10},{25077, 10},{23563, 10},
{19630, 10},{3338, 10},{14463, 10},{22623, 10},{10715, 10},{3827, 10},{11039, 10},{20006, 10},{26257, 10},{13137, 10},
{8816, 10},{15559, 10},{9534, 10},{15305, 10},{2125, 10},{24156, 10},{22703, 10},{21012, 10},{17951, 10},{6068, 10},
{839, 10},{17957, 10},{14455, 10},{3534, 10},{7625, 10},{1232, 10},{18987, 10},{6516, 10},{18221, 10},{13850, 10},
{2858, 10},{2231, 10},{18705, 10},{21892, 10},{8298, 10},{20512, 10},{2124, 10},{14393, 10},{5272, 10},{15154, 10},
{16094, 10},{16331, 10},{14398, 10},{24135, 10},{11101, 10},{6263, 10},{26307, 10},{14301, 10},{22921, 10},{12152, 10},
{17517, 10},{14282, 10},{23759, 10},{13678, 10},{13933, 10},{18724, 10},{19748, 10},{20637, 10},{23413, 10},{22757, 10},
{14350, 10},{23324, 10},{19408, 10},{21820, 10},{25154, 10},{56, 10},{5323, 10},{22574, 10},{9788, 10},{19037, 10},
{20916, 10},{12205, 10},{20078, 10},{3736, 10},{21886, 10},{12530, 10},{8257, 10},{7887, 10},{1644, 10},{26154, 10},
{8988, 10},{19750, 10},{15669, 10},{25181, 10},{11887, 10},{17763, 10},{19752, 10},{13849, 10},{29, 10},{14469, 10},
{5360, 10},{25859, 10},{3138, 10},{8029, 10},{19393, 10},{10244, 10},{6547, 10},{5900, 10},{12046, 10},{12993, 10},
{21319, 10},{11558, 10},{5316, 10},{8858, 10},{9682, 10},{6403, 10},{9496, 10},{21480, 10},{12996, 10},{22498, 10},
{7045, 10},{4511, 10},{12597, 10},{4939, 10},{10504, 10},{11137, 10},{15705, 10},{8387, 10},{23139, 10},{14692, 10},
{23934, 10},{21564, 10},{20679, 10},{11551, 10},{23737, 10},{1250, 10},{3284, 10},{1638, 10},{25435, 10},{18160, 10},
{24595, 10},{9667, 10},{2272, 10},{10048, 10},{20127, 10},{19106, 10},{6150, 10},{11102, 10},{13901, 10},{1801, 10},
{23269, 10},{10243, 10},{20139, 10},{735, 10},{17512, 10},{17380, 10},{19673, 10},{14492, 10},{5913, 10},{15923, 10},
{8587, 10},{22295, 10},{12529, 10},{18255, 10},{18206, 10},{6605, 10},{13008, 10},{20663, 10},{11739, 10},{1716, 10},
{5234, 10},{13091, 10},{462, 10},{17731, 10},{16896, 10},{4806, 10},{9743, 10},{156, 10},{7896, 10},{9533, 10},
{11548, 10},{9992, 10},{14294, 10},{6431, 10},{2350, 10},{9693, 10},{20962, 10},{1181, 10},{11097, 10},{23543, 10},
{17864, 10},{9247, 10},{13841, 10},{15115, 10},{25007, 10},{12380, 10},{13139, 10},{3606, 10},{19430, 10},{5646, 10},
{21458, 10},{3435, 10},{16095, 10},{15920, 10},{25259, 10},{23004, 10},{11164, 10},{24333, 10},{9132, 10},{7594, 10},
{15668, 10},{20726, 10},{19745, 10},{24579, 10},{22958, 10},{8402, 10},{16610, 10},{11750, 10},{26072, 10},{5944, 10},
{9322, 10},{8231, 10},{8500, 10},{20853, 10},{14901, 10},{12599, 10},{19634, 10},{8762, 10},{25085, 10},{3110, 10},
{2419, 10},{22734, 10},{18013, 10},{22763, 10},{3285, 10},{2141, 10},{18298, 10},{17372, 10},{19007, 10},{6603, 10},
{2865, 10},{12955, 10},{1182, 10},{18510, 10},{24891, 10},{7596, 10},{22403, 10},{2302, 10},{22621, 10},{22952, 10},
{16080, 10},{12215, 10},{19153, 10},{18254, 10},{8351, 10},{5368, 10},{22923, 10},{4375, 10},{19760, 10},{2233, 10},
{9473, 10},{24108, 10},{14399, 10},{2136, 10},{21455, 10},{12157, 10},{2590, 10},{17300, 10},{1871, 10},{3540, 10},
{15225, 10},{2329, 10},{18292, 10},{8447, 10},{13902, 10},{23000, 10},{11264, 10},{10901, 10},{14160, 10},{15551, 10},
{9655, 10},{22995, 10},{15049, 10},{14898, 10},{15223, 10},{7855, 10},{4160, 10},{25442, 10},{11835, 10},{8855, 10},
{13280, 10},{1771, 10},{9647, 10},{2963, 10},{3848, 10},{25000, 10},{23744, 10},{16317, 10},{21858, 10},{1639, 10},
{7198, 10},{24532, 10},{19751, 10},{17921, 10},{5648, 10},{8895, 10},{13662, 10},{12198, 10},{10066, 10},{25653, 10},
{16450, 10},{9694, 10},{18640, 10},{821, 10},{2527, 10},{20828, 10},{15085, 10},{26308, 10},{2940, 10},{624, 10},
{3352, 10},{13426, 10},{20854, 10},{10643, 10},{20576, 10},{26264, 10},{13392, 10},{2942, 10},{6501, 10},{12924, 10},
{21042, 10},{14117, 10},{18751, 10},{15880, 10},{20705, 10},{13334, 10},{2229, 10},{1355, 10},{2238, 10},{25528, 10},
{17552, 10},{9172, 10},{13141, 10},{21713, 10},{21345, 10},{4163, 10},{13834, 10},{12220, 10},{8332, 10},{25651, 10},
{19774, 10},{2282, 10},{22884, 10},{2351, 10},{3852, 10},{21516, 10},{14896, 10},{11561, 10},{17110, 10},{7201, 10},
{15873, 10},{12100, 10},{84, 10},{25512, 10},{20582, 10},{14936, 10},{2997, 10},{20461, 10},{10049, 10},{8161, 10},
{7892, 10},{4166, 10},{21863, 10},{2855, 10},{21478, 10},{480, 10},{24054, 10},{3605, 10},{6113, 10},{21258, 10},
{23194, 10},{2334, 10},{15534, 10},{20974, 10},{16566, 10},{17238, 10},{15925, 10},{21973, 10},{15128, 10},{4381, 10},
{15881, 10},{23739, 10},{19563, 10},{24790, 10},{25811, 10},{14821, 10},{19161, 10},{9143, 10},{9587, 10},{9642, 10},
{9178, 10},{25545, 10},{16315, 10},{26409, 10},{15491, 10},{24893, 10},{22716, 10},{9147, 10},{13525, 10},{6306, 10},
{13198, 10},{6518, 10},{4380, 10},{4825, 10},{6677, 10},{10512, 10},{16971, 10},{18844, 10},{16469, 10},{14897, 10},
{25558, 10},{14431, 10},{21412, 10},{13903, 10},{23023, 10},{1480, 10},{11640, 10},{24425, 10},{6434, 10},{23862, 10},
{19051, 10},{21280, 10},{25433, 10},{25434, 10},{11221, 10},{984, 10},{3051, 10},{560, 10},{968, 10},{24998, 10},
{16887, 10},{13281, 10},{25633, 10},{6650, 10},{12383, 10},{21353, 10},{8248, 10},{5736, 10},{21947, 10},{14997, 10},
{21278, 10},{21931, 10},{23271, 10},{11154, 10},{1731, 10},{6436, 10},{11581, 10},{1715, 10},{10024, 10},{9946, 10},
{23363, 10},{25253, 10},{16314, 10},{12143, 10},{26272, 10},{13681, 10},{15046, 10},{2501, 10},{24853, 10},{19888, 10},
{15921, 10},{11641, 10},{11963, 10},{25807, 10},{10856, 10},{20959, 10},{25089, 10},{9570, 10},{20514, 10},{18356, 10},
{24533, 10},{14961, 10},{5745, 10},{3849, 10},{13098, 10},{11686, 10},{23595, 10},{10359, 10},{25468, 10},{8454, 10},
{13494, 10},{489, 10},{1802, 10},{3654, 10},{10379, 10},{1361, 10},{17408, 10},{17008, 10},{17549, 10},{1263, 10},
{18503, 10},{11657, 10},{9855, 10},{26231, 10},{25356, 10},{17550, 10},{25808, 10},{15918, 10},{4513, 10},{12122, 10},
{1799, 10},{1437, 10},{15040, 10},{13511, 10},{3632, 10},{8034, 10},{8063, 10},{19033, 10},{1989, 10},{18641, 10},
{9502, 10},{17411, 10},{414, 10},{8493, 10},{1987, 10},{6418, 10},{26262, 10},{5373, 10},{14573, 10},{1985, 10},
{22753, 10},{8733, 10},{20267, 10},{13230, 10},{6198, 10},{9500, 10},{13843, 10},{352, 10},{22036, 10},{7663, 10},
{8965, 10},{7990, 10},{1406, 10},{3514, 10},{25942, 10},{19249, 10},{10206, 10},{11862, 10},{14040, 10},{1820, 10},
{4283, 10},{7888, 10},{6656, 10},{5737, 10},{12832, 10},{20494, 10},{20949, 10},{21238, 10},{22567, 10},{5063, 10},
{1186, 10},{20327, 10},{17546, 10},{18204, 10},{19886, 10},{15961, 10},{26244, 10},{10105, 10},{19905, 10},{10207, 10},
{16239, 10},{24423, 10},{7023, 10},{9730, 10},{17431, 10},{24438, 10},{13526, 10},{19820, 10},{21240, 10},{24231, 10},
{193, 10},{26368, 10},{1994, 10},{23095, 10},{3905, 10},{25568, 10},{15248, 10},{4504, 10},{39, 10},{5583, 10},
{22125, 10},{21473, 10},{15221, 10},{12995, 10},{16453, 10},{6060, 10},{8391, 10},{12593, 10},{24743, 10},{4023, 10},
{808, 10},{1352, 10},{16720, 10},{18711, 10},{5423, 10},{26253, 10},{7044, 10},{20076, 10},{24888, 10},{7703, 10},
{12592, 10},{11134, 10},{2522, 10},{15264, 10},{19871, 10},{19462, 10},{19761, 10},{21568, 10},{14285, 10},{17548, 10},
{19655, 10},{15151, 10},{17234, 10},{11690, 10},{24484, 10},{13786, 10},{3195, 10},{21514, 10},{19560, 10},{9985, 10},
{2868, 10},{17922, 10},{1583, 10},{23007, 10},{25251, 10},{4887, 10},{15489, 10},{841, 10},{12624, 10},{18190, 10},
{12436, 10},{19831, 10},{8950, 10},{5066, 10},{1917, 10},{13397, 10},{23926, 10},{24412, 10},{12918, 10},{23412, 10},
{2799, 10},{10728, 10},{16673, 10},{7461, 10},{17735, 10},{3007, 10},{18645, 10},{22146, 10},{1043, 10},{12378, 10},
{9176, 10},{17788, 10},{17268, 10},{24192, 10},{14643, 10},{20472, 10},{3001, 10},{13140, 10},{13236, 10},{8300, 10},
{1277, 10},{16605, 10},{1524, 10},{14893, 10},{843, 10},{14939, 10},{17761, 10},{9578, 10},{8514, 10},{9740, 10},
{9152, 10},{7781, 10},{20299, 10},{16828, 10},{13414, 10},{5828, 10},{22926, 10},{13501, 10},{21967, 10},{8352, 10},
{7446, 10},{3539, 10},{1160, 10},{4586, 10},{11556, 10},{23140, 10},{4182, 10},{12129, 10},{15924, 10},{2570, 10},
{23103, 10},{7345, 10},{17302, 10},{8061, 10},{20286, 10},{15525, 10},{8455, 10},{11958, 10},{8355, 10},{16970, 10},
{22162, 10},{16644, 10},{7460, 10},{2213, 10},{19566, 10},{18216, 10},{11759, 10},{3220, 10},{19775, 10},{19884, 10},
{3857, 10},{12923, 10},{13917, 10},{16982, 10},{26251, 10},{3859, 10},{17508, 10},{25257, 10},{3569, 10},{17425, 10},
{19241, 10},{16355, 10},{11999, 10},{19215, 10},{190, 10},{1353, 10},{24759, 10},{24784, 10},{8350, 10},{1782, 10},
{21917, 10},{9689, 10},{13188, 10},{5831, 10},{22277, 10},{13867, 10},{10944, 10},{23593, 10},{2936, 10},{16735, 10},
{1258, 10},{1681, 10},{10340, 10},{2142, 10},{21380, 10},{21178, 10},{5833, 10},{15416, 10},{20324, 10},{3897, 10},
{9146, 10},{4566, 10},{19048, 10},{5902, 10},{12625, 10},{12158, 10},{24480, 10},{19030, 10},{7921, 10},{14396, 10},
{5987, 10},{1245, 10},{10531, 10},{16488, 10},{14349, 10},{18904, 10},{8207, 10},{23885, 10},{3432, 10},{9746, 10},
{6349, 10},{25513, 10},{23242, 10},{8907, 10},{23705, 10},{7854, 10},{19463, 10},{18721, 10},{24564, 10},{6149, 10},
{13781, 10},{22728, 10},{5829, 10},{13371, 10},{11391, 10},{17036, 10},{22855, 10},{10509, 10},{5198, 10},{9858, 10},
{25687, 10},{11834, 10},{18205, 10},{9672, 10},{15212, 10},{12719, 10},{10344, 10},{1910, 10},{447, 10},{16643, 10},
{3574, 10},{17424, 10},{20634, 10},{7897, 10},{135, 10},{1938, 10},{6569, 10},{10241, 10},{15874, 10},{14577, 10},
{16611, 10},{18288, 10},{14520, 10},{8313, 10},{15229, 10},{23142, 10},{19762, 10},{10046, 10},{11161, 10},{19970, 10},
{7772, 10},{4431, 10},{17601, 10},{5090, 10},{10510, 10},{20706, 10},{2524, 10},{23655, 10},{14611, 10},{13255, 10},
{5315, 10},{3653, 10},{18102, 10},{5483, 10},{9949, 10},{21955, 10},{1191, 10},{21067, 10},{19511, 10},{6262, 10},
{9494, 10},{1234, 10},{24567, 10},{12078, 10},{18411, 10},{11636, 10},{2423, 10},{7043, 10},{21450, 10},{11099, 10},
{13289, 10},{8290, 10},{10347, 10},{26038, 10},{8515, 10},{827, 10},{22935, 10},{16091, 10},{382, 10},{1504, 10},
{14221, 10},{20332, 10},{21621, 10},{20897, 10},{24740, 10},{2802, 10},{6544, 10},{14451, 10},{6773, 10},{24821, 10},
{4893, 10},{445, 10},{3033, 10},{8517, 10},{25602, 10},{20983, 10},{525, 10},{142, 10},{3201, 10},{1484, 10},
{25508, 10},{14446, 10},{14500, 10},{26255, 10},{23402, 10},{3575, 10},{6233, 10},{18286, 10},{22988, 10},{1105, 10},
{4434, 10},{908, 10},{23574, 10},{8456, 10},{16272, 10},{20510, 10},{12948, 10},{21176, 10},{20929, 10},{16305, 10},
{16489, 10},{25358, 10},{16804, 10},{2285, 10},{19887, 10},{14899, 10},{10978, 10},{23278, 10},{24825, 10},{23838, 10},
{13299, 10},{5227, 10},{1990, 10},{355, 10},{6513, 10},{12547, 10},{23808, 10},{11856, 10},{21325, 10},{1264, 10},
{5657, 10},{4942, 10},{2585, 10},{15087, 10},{561, 10},{16312, 10},{4240, 10},{23100, 10},{18270, 10},{7984, 10},
{1717, 10},{22859, 10},{15561, 10},{18285, 10},{14161, 10},{16446, 10},{13231, 10},{10043, 10},{11956, 10},{24060, 10},
{15498, 10},{19005, 10},{354, 10},{4184, 10},{11377, 10},{10205, 10},{17865, 10},{4510, 10},{9231, 10},{22927, 10},
{18905, 10},{11045, 10},{12247, 10},{22119, 10},{18052, 10},{13948, 10},{12045, 10},{12819, 10},{4823, 10},{22920, 10},
{9377, 10},{21474, 10},{16353, 10},{15148, 10},{1189, 10},{12992, 10},{2277, 10},{23802, 10},{4944, 10},{19858, 10},
{8009, 10},{13234, 10},{2015, 10},{5555, 10},{8414, 10},{26414, 10},{1773, 10},{14353, 10},{11488, 10},{19039, 10},
{6959, 10},{6365, 10},{24587, 10},{9629, 10},{18368, 10},{4452, 10},{4430, 10},{6574, 10},{18642, 10},{11941, 10},
{20135, 10},{18518, 10},{8985, 10},{22972, 10},{18900, 10},{20257, 10},{13865, 10},{1240, 10},{8249, 10},{13386, 10},
{17277, 10},{1487, 10},{14932, 10},{19607, 10},{4180, 10},{23141, 10},{23652, 10},{16307, 10},{11656, 10},{20005, 10},
{23184, 10},{20826, 10},{3002, 10},{19036, 10},{8250, 10},{11562, 10},{2268, 10},{9468, 10},{25577, 10},{13219, 10},
{2318, 10},{25361, 10},{23148, 10},{19747, 10},{11093, 10},{24926, 10},{24526, 10},{33, 10},{20931, 10},{16438, 10},
{7069, 10},{20939, 10},{24426, 10},{14567, 10},{20707, 10},{9847, 10},{21908, 10},{20583, 10},{14283, 10},{21070, 10},
{10734, 10},{24767, 10},{23094, 10},{3600, 10},{15271, 10},{18725, 10},{21808, 10},{9388, 10},{17216, 10},{2938, 10},
{23544, 10},{10692, 10},{6517, 10},{11166, 10},{25509, 10},{23932, 10},{18726, 10},{22954, 10},{26243, 10},{17664, 10},
{10722, 10},{16237, 10},{11168, 10},{25759, 10},{6772, 10},{2025, 10},{2120, 10},{7445, 10},{2499, 10},{8853, 10},
{23002, 10},{20731, 10},{13959, 10},{13424, 10},{1996, 10},{5242, 10},{24738, 10},{1502, 10},{13252, 10},{19749, 10},
{5418, 10},{16445, 10},{13904, 10},{9581, 10},{421, 10},{16564, 10},{15890, 10},{5236, 10},{21415, 10},{2683, 10},
{18722, 10},{7627, 10},{12942, 10},{19616, 10},{10534, 10},{16278, 10},{26151, 10},{12239, 10},{20074, 10},{3096, 10},
{21276, 10},{53, 10},{4161, 10},{7229, 10},{20411, 10},{12363, 10},{10230, 10},{15156, 10},{8781, 10},{4450, 10},
{11900, 10},{19682, 10},{12986, 10},{8311, 10},{3032, 10},{17526, 10},{2852, 10},{528, 10},{3698, 10},{20296, 10},
{24937, 10},{1760, 10},{3699, 10},{17856, 10},{6606, 10},{24999, 10},{14576, 10},{17237, 10},{21968, 10},{21233, 10},
{15037, 10},{23376, 10},{22494, 10},{9569, 10},{3283, 10},{11479, 10},{23239, 10},{13521, 10},{26258, 10},{11655, 10},
{5365, 10},{9379, 10},{21677, 10},{16800, 10},{17269, 10},{8033, 10},{18203, 10},{7660, 10},{1682, 10},{7893, 10},
{20120, 10},{8013, 10},{13963, 10},{6203, 10},{17080, 10},{23927, 10},{21241, 10},{9648, 10},{18512, 10},{9976, 10},
{6632, 10},{17168, 10},{9979, 10},{1506, 10},{11711, 10},{3147, 10},{16354, 10},{18289, 10},{13603, 10},{5192, 10},
{5924, 10},{25507, 10},{8989, 10},{10472, 10},{21618, 10},{3608, 10},{1156, 10},{2965, 10},{2264, 10},{21909, 10},
{19969, 10},{7519, 10},{22167, 10},{1249, 10},{9464, 10},{16441, 10},{6407, 10},{8503, 10},{12147, 10},{20664, 10},
{25006, 10},{1585, 10},{7347, 10},{1046, 10},{6546, 10},{521, 10},{23532, 10},{23273, 10},{3434, 10},{24524, 10},
{19009, 10},{20894, 10},{15307, 10},{8788, 10},{1486, 10},{4582, 10},{9148, 10},{5881, 10},{17781, 10},{8305, 10},
{19803, 10},{21725, 10},{19568, 10},{279, 10},{15663, 10},{831, 10},{26066, 10},{8851, 10},{11539, 10},{2188, 10},
{8136, 10},{4822, 10},{12099, 10},{21279, 10},{25867, 10},{11498, 10},{18708, 10},{837, 10},{18401, 10},{24408, 10},
{12763, 10},{4456, 10},{5221, 10},{13498, 10},{11092, 10},{21884, 10},{15633, 10},{9584, 10},{21335, 10},{7120, 10},
{11241, 10},{6236, 10},{16079, 10},{20827, 10},{23810, 10},{16968, 10},{8861, 10},{21379, 10},{25561, 10},{4090, 10},
{14848, 10},{9983, 10},{13042, 10},{13145, 10},{8166, 10},{7457, 10},{4509, 10},{10868, 10},{2283, 10},{23241, 10},
{5582, 10},{13306, 10},{20896, 10},{25630, 10},{9471, 10},{25017, 10},{21481, 10},{386, 10},{11358, 10},{8516, 10},
{16459, 10},{7952, 10},{20631, 10},{10022, 10},{22938, 10},{24368, 10},{14043, 10},{16037, 10},{14162, 10},{12783, 10},
{8209, 10},{20598, 10},{2867, 10},{10571, 10},{21910, 10},{9630, 10},{18357, 10},{2371, 10},{1282, 10},{5064, 10},
{13067, 10},{18890, 10},{5377, 10},{13606, 10},{9191, 10},{19623, 10},{9869, 10},{2566, 10},{12000, 10},{7661, 10},
{9495, 10},{23404, 10},{192, 10},{2687, 10},{24397, 10},{21357, 10},{17782, 10},{18709, 10},{54, 10},{13047, 10},
{2164, 10},{134, 10},{14614, 10},{21710, 10},{11242, 10},{11218, 10},{13754, 10},{24597, 10},{7127, 10},{25005, 10},
{9180, 10},{5941, 10},{12829, 10},{17987, 10},{23357, 10},{25752, 10},{10488, 10},{17505, 10},{23863, 10},{8374, 10},
{16447, 10},{20328, 10},{7130, 10},{25258, 10},{18365, 10},{17100, 10},{19609, 10},{21417, 10},{2688, 10},{524, 10},
{23866, 10},{10525, 10},{15527, 10},{12716, 10},{25339, 10},{24416, 10},{17235, 10},{19947, 10},{22974, 10},{619, 10},
{8308, 10},{17667, 10},{8741, 10},{7517, 10},{19194, 10},{9695, 10},{5193, 10},{6404, 10},{22929, 10},{24373, 10},
{18067, 10},{4657, 10},{21323, 10},{4237, 10},{20256, 10},{10775, 10},{1761, 10},{19210, 10},{13683, 10},{13966, 10},
{13337, 10},{17912, 10},{14498, 10},{14483, 10},{1349, 10},{5929, 10},{1483, 10},{11637, 10},{2356, 10},{21456, 10},
{10567, 10},{4094, 10},{2870, 10},{9384, 10},{14538, 10},{15664, 10},{3000, 10},{13010, 10},{14962, 10},{20922, 10},
{15877, 10},{21814, 10},{5086, 10},{8591, 10},{22762, 10},{25865, 10},{11997, 10},{21073, 10},{11475, 10},{5490, 10},
{15548, 10},{17272, 10},{23358, 10},{16218, 10},{25438, 10},{19238, 10},{1918, 10},{19366, 10},{15083, 10},{14905, 10},
{25207, 10},{20600, 10},{8966, 10},{12834, 10},{22978, 10},{3056, 10},{14942, 10},{7705, 10},{18200, 10},{19461, 10},
{8011, 10},{8254, 10},{24415, 10},{23922, 10},{13012, 10},{6651, 10},{11032, 10},{8533, 10},{828, 10},{15116, 10},
{18351, 10},{11823, 10},{5906, 10},{16444, 10},{20476, 10},{14542, 10},{11243, 10},{24855, 10},{15564, 10},{15308, 10},
{381, 10},{6575, 10},{1350, 10},{25929, 10},{9187, 10},{23181, 10},{8890, 10},{1803, 10},{16609, 10},{17426, 10},
{22619, 10},{20219, 10},{10026, 10},{8252, 10},{20899, 10},{17196, 10},{20661, 10},{11095, 10},{7626, 10},{1231, 10},
{19909, 10},{3571, 10},{8058, 10},{20475, 10},{19103, 10},{1243, 10},{3199, 10},{8159, 10},{20599, 10},{3433, 10},
{24420, 10},{7048, 10},{23596, 10},{5218, 10},{16105, 10},{18224, 10},{25178, 10},{3054, 10},{23994, 10},{3037, 10},
{19237, 10},{3099, 10},{24925, 10},{5920, 10},{9866, 10},{17039, 10},{26359, 10},{5415, 10},{16890, 10},{8531, 10},
{6420, 10},{13900, 10},{5419, 10},{20077, 10},{26205, 10},{13517, 10},{7982, 10},{23920, 10},{3059, 10},{24361, 10},
{8897, 10},{19012, 10},{15892, 10},{26203, 10},{7585, 10},{6966, 10},{3060, 10},{2209, 10},{24739, 10},{17913, 10},
{7344, 10},{11906, 10},{8767, 10},{23679, 10},{2500, 10},{25439, 10},{11474, 10},{17450, 10},{23650, 10},{24134, 10},
{17613, 10},{25573, 10},{5948, 10},{11165, 10},{15618, 10},{14849, 10},{2278, 10},{2875, 10},{18414, 10},{9472, 10},
{16889, 10},{484, 10},{2659, 10},{7595, 10},{23406, 10},{9382, 10},{13113, 10},{9628, 10},{21977, 10},{20137, 10},
{25002, 10},{10376, 10},{12600, 10},{8307, 10},{9747, 10},{1256, 10},{3532, 10},{16243, 10},{22993, 10},{16219, 10},
{21674, 10},{20676, 10},{823, 10},{2322, 10},{1505, 10},{11094, 10},{25826, 10},{10363, 10},{2851, 10},{18201, 10},
{25088, 10},{360, 10},{8396, 10},{13076, 10},{13111, 10},{9631, 10},{11002, 10},{17784, 10},{139, 10},{9993, 10},
{15707, 10},{18937, 10},{9164, 10},{25758, 10},{13636, 10},{20004, 10},{2614, 10},{19906, 10},{16470, 10},{25441, 10},
{9573, 10},{1763, 10},{18208, 10},{1925, 10},{1786, 10},{11688, 10},{19893, 10},{3095, 10},{2939, 10},{24528, 10},
{21573, 10},{12621, 10},{6416, 10},{13855, 10},{9380, 10},{19879, 10},{6151, 10},{2689, 10},{25659, 10},{4565, 10},
{11225, 10},{23375, 10},{8291, 10},{14998, 10},{806, 10},{9827, 10},{12155, 10},{15310, 10},{24157, 10},{17220, 10},
{3421, 10},{19002, 10},{4894, 10},{11959, 10},{6258, 10},{25639, 10},{17760, 10},{9671, 10},{64, 10},{23356, 10},
{22953, 10},{12548, 10},{17952, 10},{6877, 10},{8329, 10},{6503, 10},{13302, 10},{18007, 10},{11237, 10},{14448, 10},
{13186, 10},{25805, 10},{15222, 10},{2020, 10},{14037, 10},{15117, 10},{9737, 10},{19944, 10},{6400, 10},{8055, 10},
{10086, 10},{10591, 10},{11098, 10},{20950, 10},{16494, 10},{2686, 10},{88, 10},{16036, 10},{26416, 10},{17764, 10},
{18662, 10},{22161, 10},{19081, 10},{25972, 10},{9735, 10},{23675, 10},{11043, 10},{5753, 10},{7923, 10},{5501, 10},
{24125, 10},{1764, 10},{14649, 10},{7665, 10},{2130, 10},{26207, 10},{14895, 10},{14579, 10},{6156, 10},{10232, 10},
{2845, 10},{19038, 10},{6061, 10},{15123, 10},{9466, 10},{2937, 10},{19364, 10},{826, 10},{1351, 10},{22149, 10},
{3097, 10},{26212, 10},{141, 10},{8008, 10},{23714, 10},{18719, 10},{21377, 10},{16275, 10},{17057, 10},{21889, 10},
{9537, 10},{21336, 10},{18166, 10},{7885, 10},{23349, 10},{5661, 10},{3535, 10},{21341, 10},{16222, 10},{11004, 10},
{26232, 10},{8243, 10},{21890, 10},{15309, 10},{9751, 10},{3649, 10},{11005, 10},{26453, 10},{16088, 10},{24152, 10},
{15493, 10},{7494, 10},{9990, 10},{11890, 10},{9381, 10},{9145, 10},{5752, 10},{23362, 10},{13069, 10},{2578, 10},
{13045, 10},{1188, 10},{25637, 10},{20901, 10},{13133, 10},{21571, 10},{16969, 10},{19567, 10},{32, 10},{6437, 10},
{11630, 10},{16349, 10},{21326, 10},{18299, 10},{14526, 10},{12150, 10},{6070, 10},{4239, 10},{23708, 10},{590, 10},
{8053, 10},{16496, 10},{24889, 10},{12446, 10},{13685, 10},{9868, 10},{26156, 10},{4885, 10},{556, 10},{25255, 10},
{8030, 10},{21273, 10},{16084, 10},{17052, 10},{20605, 10},{24690, 10},{13377, 10},{24360, 10},{14902, 10},{2338, 10},
{13092, 10},{19206, 10},{353, 10},{19892, 10},{12242, 10},{20080, 10},{13184, 10},{23329, 10},{24525, 10},{6189, 10},
{6602, 10},{21870, 10},{24737, 10},{14352, 10},{16495, 10},{23005, 10},{2998, 10},{6548, 10},{15094, 10},{15005, 10},
{21475, 10},{8163, 10},{11557, 10},{615, 10},{9639, 10},{1255, 10},{12720, 10},{1488, 10},{13516, 10},{11855, 10},
{1440, 10},{10998, 10},{25505, 10},{8892, 10},{11687, 10},{12088, 10},{1791, 10},{8507, 10},{18361, 10},{924, 10},
{8406, 10},{11464, 10},{4087, 10},{10595, 10},{6647, 10},{25013, 10},{8376, 10},{18902, 10},{2430, 10},{13046, 10},
{25185, 10},{18516, 10},{26153, 10},{1934, 10},{24261, 10},{6201, 10},{14711, 10},{6428, 10},{13633, 10},{16561, 10},
{12531, 10},{13489, 10},{4700, 10},{2369, 10},{11008, 10},{5550, 10},{26451, 10},{8976, 10},{14540, 10},{2354, 10},
{11151, 10},{3322, 10},{23743, 10},{25813, 10},{7022, 10},{10047, 10},{4820, 10},{10027, 10},{22736, 10},{22957, 10},
{23663, 10},{17267, 10},{18999, 10},{3094, 10},{21274, 10},{2958, 10},{11642, 10},{2718, 10},{5993, 10},{20300, 10},
{20850, 10},{14289, 10},{19043, 10},{26256, 10},{2854, 10},{9867, 10},{21350, 10},{13282, 10},{12162, 10},{21891, 10},
{25103, 10},{7046, 10},{21897, 10},{1642, 10},{11003, 10},{16420, 10},{20678, 10},{2691, 10},{22499, 10},{21471, 10},
{21565, 10},{19429, 10},{26311, 10},{4457, 10},{12101, 10},{23936, 10},{3578, 10},{26250, 10},{18259, 10},{9719, 10},
{26215, 10},{21467, 10},{23101, 10},{14168, 10},{26219, 10},{21005, 10},{9942, 10},{10644, 10},{14116, 10},{18222, 10},
{3353, 10},{18015, 10},{11955, 10},{14454, 10},{13934, 10},{8513, 10},{11153, 10},{25071, 10},{13604, 10},{24418, 10},
{12528, 10},{3577, 10},{17500, 10},{13899, 10},{12200, 10},{1720, 10},{6119, 10},{20930, 10},{16132, 10},{551, 10},
{11743, 10},{22687, 10},{5476, 10},{7211, 10},{19199, 10},{21866, 10},{16121, 10},{17487, 10},{12382, 10},{22711, 10},
{18300, 10},{9150, 10},{9170, 10},{20580, 10},{15224, 10},{15048, 10},{2143, 10},{4583, 10},{2287, 10},{5711, 10},
{19899, 10},{3537, 10},{13257, 10},{14295, 10},{5832, 10},{26321, 10},{5916, 10},{9668, 10},{5421, 10},{15706, 10},
{24586, 10},{2315, 10},{89, 10},{1915, 10},{19659, 10},{22922, 10},{24370, 10},{12835, 10},{13011, 10},{21174, 10},
{3423, 10},{11555, 10},{9673, 10},{21328, 10},{19744, 10},{25728, 10},{9870, 10},{6063, 10},{26163, 10},{12673, 10},
{12377, 10},{9189, 10},{7443, 10},{17786, 10},{13196, 10},{10913, 10},{10535, 10},{24006, 10},{59, 10},{4089, 10},
{22689, 10},{25658, 10},{5265, 10},{15563, 10},{10051, 10},{14216, 10},{13077, 10},{14456, 10},{4376, 10},{24007, 10},
{4553, 10},{451, 10},{18369, 10},{9716, 10},{444, 10},{10111, 10},{23099, 10},{3036, 10},{2496, 10},{10569, 10},
{9734, 10},{7071, 10},{6075, 10},{23524, 10},{18723, 10},{12360, 10},{486, 10},{17412, 10},{9571, 10},{3536, 10},
{20604, 10},{23867, 10},{9633, 10},{5263, 10},{11001, 10},{14875, 10},{24788, 10},{11833, 10},{7624, 10},{15884, 10},
{2191, 10},{2317, 10},{24479, 10},{24191, 10},{8764, 10},{20848, 10},{1586, 10},{16359, 10},{6125, 10},{2856, 10},
{9627, 10},{25640, 10},{18392, 10},{9266, 10},{25531, 10},{15555, 10},{18899, 10},{16965, 10},{7992, 10},{25083, 10},
{4932, 10},{18217, 10},{1333, 10},{17233, 10},{14435, 10},{2425, 10},{25437, 10},{8194, 10},{14496, 10},{1916, 10},
{12144, 10},{18364, 10},{21407, 10},{18843, 10},{22970, 10},{21021, 10},{160, 10},{4888, 10},{17007, 10},{1995, 10},
{8448, 10},{14996, 10},{10115, 10},{22732, 10},{15257, 10},{4368, 10},{3055, 10},{2495, 10},{7042, 10},{17839, 10},
{11831, 10},{21476, 10},{16033, 10},{21023, 10},{14153, 10},{3182, 10},{13232, 10},{21893, 10},{11140, 10},{6414, 10},
{15228, 10},{5856, 10},{1227, 10},{20964, 10},{736, 10},{1438, 10},{11723, 10},{18408, 10},{16492, 10},{22211, 10},
{1284, 10},{22686, 10},{2684, 10},{25357, 10},{19231, 10},{12765, 10},{21235, 10},{5081, 10},{11928, 10},{16729, 10},
{20585, 10},{20293, 10},{10719, 10},{20675, 10},{18848, 10},{21517, 10},{1151, 10},{15492, 10},{24760, 10},{19946, 10},
{970, 10},{10511, 10},{5647, 10},{8315, 10},{2234, 10},{12830, 10},{17227, 10},{17223, 10},{26429, 10},{14616, 10},
{17490, 10},{2096, 10},{13229, 10},{2121, 10},{7202, 10},{617, 10},{5402, 10},{137, 10},{16770, 10},{11752, 10},
{26242, 10},{9378, 10},{21465, 10},{12379, 10},{2999, 10},{15131, 10},{14623, 10},{11691, 10},{18707, 10},{10389, 10},
{20577, 10},{4382, 10},{18961, 10},{13425, 10},{8534, 10},{1807, 10},{3442, 10},{9636, 10},{24530, 10},{7926, 10},
{9580, 10},{13684, 10},{22142, 10},{26240, 10},{9503, 10},{9431, 10},{8951, 10},{11136, 10},{10362, 10},{17373, 10},
{4433, 10},{25342, 10},{6497, 10},{1184, 10},{13785, 10},{9728, 10},{17081, 10},{20953, 10},{19158, 10},{63, 10},
{1911, 10},{24679, 10},{9727, 10},{18273, 10},{23188, 10},{22690, 10},{23416, 10},{5481, 10},{25757, 10},{15047, 10},
{24158, 10},{14120, 10},{11886, 10},{14466, 10},{23205, 10},{21957, 10},{11717, 10},{4177, 10},{26216, 10},{19004, 10},
{24997, 10},{15626, 10},{20900, 10},{25443, 10},{620, 10},{6124, 10},{12042, 10},{14907, 10},{5216, 10},{10239, 10},
{22645, 10},{13969, 10},{23098, 10},{19776, 10},{10052, 10},{6964, 10},{16360, 10},{8360, 10},{5897, 10},{6183, 10},
{614, 10},{19230, 10},{6495, 10},{13332, 10},{8373, 10},{5923, 10},{14673, 10},{11489, 10},{4698, 10},{16975, 10},
{6120, 10},{9498, 10},{16669, 10},{13074, 10},{19940, 10},{13522, 10},{7776, 10},{18191, 10},{26259, 10},{1508, 10},
{7197, 10},{5534, 10},{22537, 10},{25638, 10},{6148, 10},{3900, 10},{14641, 10},{22642, 10},{2314, 10},{5084, 10},
{9691, 10},{5645, 10},{21342, 10},{5932, 10},{19770, 10},{17085, 10},{13836, 10},{14434, 10},{9532, 10},{15090, 10},
{14570, 10},{11960, 10},{5882, 10},{18363, 10},{26046, 10},{15153, 10},{7954, 10},{13512, 10},{3441, 10},{5477, 10},
{8392, 10},{7527, 10},{24359, 10},{9173, 10},{263, 10},{7591, 10},{12698, 10},{24829, 10},{15041, 10},{22979, 10},
{21348, 10},{9792, 10},{4282, 10},{8338, 10},{6427, 10},{2796, 10},{13333, 10},{12396, 10},{9624, 10},{17489, 10},
{17030, 10},{21711, 10},{14904, 10},{5885, 10},{15919, 10},{17544, 10},{58, 10},{18050, 10},{22933, 10},{12213, 10},
{26202, 10},{21675, 10},{12988, 10},{6570, 10},{11497, 10},{5417, 10},{14995, 10},{20926, 10},{14039, 10},{9572, 10},
{25866, 10},{20138, 10},{2520, 10},{23203, 10},{11373, 10},{21339, 10},{14158, 10},{18847, 10},{14119, 10},{25511, 10},
{21824, 10},{13401, 10},{555, 10},{36, 10},{8787, 10},{15474, 10},{4157, 10},{12725, 10},{14038, 10},{18290, 10},
{14154, 10},{11858, 10},{13395, 10},{16569, 10},{10233, 10},{24057, 10},{25355, 10},{21320, 10},{22, 10},{3339, 10},
{12721, 10},{1259, 10},{10044, 10},{16668, 10},{3092, 10},{3850, 10},{7521, 10},{7956, 10},{24655, 10},{13932, 10},
{8896, 10},{13143, 10},{6197, 10},{742, 10},{13283, 10},{10380, 10},{26404, 10},{9944, 10},{15001, 10},{14627, 10},
{2842, 10},{6057, 10},{17659, 10},{15524, 10},{8258, 10},{25163, 10},{23201, 10},{9975, 10},{24475, 10},{19032, 10},
{5174, 10},{24771, 10},{24940, 10},{21519, 10},{21346, 10},{25176, 10},{1873, 10},{15630, 10},{12791, 10},{1793, 10},
{8191, 10},{20350, 10},{24130, 10},{10341, 10},{8736, 10},{449, 10},{23, 10},{18895, 10},{1485, 10},{5474, 10},
{5741, 10},{390, 10},{18428, 10},{14903, 10},{24936, 10},{6881, 10},{14900, 10},{7884, 10},{23844, 10},{4696, 10},
{9625, 10},{12203, 10},{3052, 10},{21862, 10},{11390, 10},{7210, 10},{26150, 10},{3424, 10},{8590, 10},{7666, 10},
{25362, 10},{23093, 10},{12722, 10},{12598, 10},{21239, 10},{2843, 10},{12972, 10},{15036, 10},{20986, 10},{9249, 10},
{25474, 10},{5266, 10},{21709, 10},{1762, 10},{8790, 10},{21865, 10},{5884, 10},{18513, 10},{1153, 10},{14609, 10},
{25157, 10},{15045, 10},{26206, 10},{20414, 10},{22930, 10},{1247, 10},{23992, 10},{18852, 10},{2941, 10},{8066, 10},
{16973, 10},{2498, 10},{1643, 10},{23359, 10},{6321, 10},{24852, 10},{19201, 10},{9669, 10},{1503, 10},{22980, 10},
{12999, 10},{3826, 10},{6417, 10},{13936, 10},{11389, 10},{10336, 10},{17661, 10},{8891, 10},{6062, 10},{15044, 10},
{9323, 10},{10361, 10},{348, 10},{10240, 10},{13641, 10},{8987, 10},{26316, 10},{11828, 10},{10566, 10},{13303, 10},
{1780, 10},{1444, 10},{19816, 10},{12237, 10},{990, 10},{25755, 10},{5880, 10},{13852, 10},{5059, 10},{17032, 10},
{2525, 10},{20136, 10},{4699, 10},{4891, 10},{2571, 10},{454, 10},{20632, 10},{13256, 10},{11552, 10},{7240, 10},
{13254, 10},{11386, 10},{24265, 10},{3626, 10},{7374, 10},{9574, 10},{9227, 10},{19235, 10},{7068, 10},{11289, 10},
{9230, 10},{26417, 10},{9641, 10},{7814, 10},{5087, 10},{22973, 10},{7456, 10},{16035, 10},{21177, 10},{12554, 10},
{2215, 10},{20292, 10},{24, 10},{8532, 10},{5698, 10},{2612, 10},{3350, 10},{7986, 10},{7880, 10},{3880, 10},
{5082, 10},{17765, 10},{6041, 10},{3288, 10},{2587, 10},{4435, 10},{10987, 10},{6181, 10},{23935, 10},{5378, 10},
{11375, 10},{11714, 10},{5267, 10},{11258, 10},{14166, 10},{7851, 10},{7072, 10},{25148, 10},{5830, 10},{11309, 10},
{5274, 10},{5498, 10},{2235, 10},{388, 10},{4703, 10},{20330, 10},{20119, 10},{13677, 10},{22280, 10},{16362, 10},
{5712, 10},{17224, 10},{18163, 10},{5709, 10},{10384, 10},{14608, 10},{3570, 10},{16126, 10},{6121, 10},{26309, 10},
{3839, 10},{21175, 10},{5608, 10},{23407, 10},{14610, 10},{22713, 10},{3904, 10},{518, 10},{8303, 10},{12555, 10},
{13680, 10},{13287, 10},{6184, 10},{17730, 10},{25032, 10},{23560, 10},{4937, 10},{9188, 10},{22147, 10},{4585, 10},
{10235, 10},{3093, 10},{19757, 10},{20921, 10},{1278, 10},{5544, 10},{13336, 10},{10081, 10},{19647, 10},{6363, 10},
{14615, 10},{981, 10},{5070, 10},{19523, 10},{16223, 10},{10337, 10},{2563, 10},{2426, 10},{23628, 10},{12151, 10},
{22565, 10},{11150, 10},{20298, 10},{13615, 10},{2613, 10},{13605, 10},{17298, 10},{3289, 10},{24419, 10},{2593, 10},
{19512, 10},{9991, 10},{10083, 10},{21337, 10},{87, 10},{25535, 10},{18066, 10},{12951, 10},{1804, 10},{18889, 10},
{19433, 10},{22959, 10},{16646, 10},{6152, 10},{1329, 10},{16979, 10},{16274, 10},{8742, 10},{17077, 10},{25515, 10},
{13496, 10},{8419, 10},{16551, 10},{5235, 10},{813, 10},{9750, 10},{527, 10},{2355, 10},{19835, 10},{15521, 10},
{14115, 10},{3102, 10},{19615, 10},{21416, 10},{10647, 10},{19631, 10},{9603, 10},{12831, 10},{14286, 10},{21321, 10},
{66, 10},{9153, 10},{9752, 10},{21916, 10},{4234, 10},{2579, 10},{6498, 10},{11490, 10},{23024, 10},{4926, 10},
{2961, 10},{136, 10},{10245, 10},{234, 10},{12622, 10},{14675, 10},{4889, 10},{9859, 10},{1872, 10},{9945, 10},
{18417, 10},{23835, 10},{8794, 10},{2236, 10},{1766, 10},{22209, 10},{12149, 10},{383, 10},{14531, 10},{10023, 10},
{19814, 10},{5069, 10},{20711, 10},{17600, 10},{19988, 10},{8974, 10},{8031, 10},{1986, 10},{6071, 10},{2177, 10},
{15050, 10},{24594, 10},{21466, 10},{21576, 10},{11378, 10},{16108, 10},{8318, 10},{6560, 10},{10276, 10},{4923, 10},
{14452, 10},{20035, 10},{17239, 10},{19152, 10},{351, 10},{6182, 10},{22618, 10},{25964, 10},{22955, 10},{25810, 10},
{8297, 10},{6056, 10},{17449, 10},{10508, 10},{19569, 10},{6776, 10},{17491, 10},{12552, 10},{4929, 10},{20633, 10},
{8375, 10},{11547, 10},{18297, 10},{7920, 10},{25762, 10},{25354, 10},{4178, 10},{4514, 10},{12925, 10},{7951, 10},
{17082, 10},{12219, 10},{1185, 10},{19825, 10},{2337, 10},{24693, 10},{10231, 10},{8537, 10},{2237, 10},{25150, 10},
{13116, 10},{23207, 10},{17846, 10},{7662, 10},{90, 10},{5420, 10},{3856, 10},{14280, 10},{26042, 10},{20410, 10},
{19041, 10},{21688, 10},{23327, 10},{1723, 10},{6882, 10},{2150, 10},{9790, 10},{13331, 10},{21813, 10},{6500, 10},
{21969, 10},{23640, 10},{8786, 10},{26375, 10},{24088, 10},{20923, 10},{25431, 10},{21953, 10},{20431, 10},{18894, 10},
{25502, 10},{20960, 10},{18275, 10},{24865, 10},{1104, 10},{12105, 10},{15268, 10},{9753, 10},{1770, 10},{21807, 10},
{16273, 10},{11007, 10},{2866, 10},{2286, 10},{22754, 10},{18896, 10},{3832, 10},{17451, 10},{11249, 10},{6066, 10},
{12217, 10},{21673, 10},{1721, 10},{23712, 10},{2803, 10},{9225, 10},{5651, 10},{24531, 10},{23025, 10},{11658, 10},
{6774, 10},{7020, 10},{734, 10},{4035, 10},{12447, 10},{24924, 10},{8512, 10},{18405, 10},{18717, 10},{3436, 10},
{7653, 10},{21024, 10},{13968, 10},{2869, 10},{16232, 10},{26412, 10},{14521, 10},{5945, 10},{16277, 10},{12221, 10},
{21237, 10},{16309, 10},{19656, 10},{17305, 10},{7458, 10},{8357, 10},{25575, 10},{9183, 10},{17915, 10},{22879, 10},
{5067, 10},{14114, 10},{23861, 10},{25090, 10},{12532, 10},{623, 10},{15147, 10},{17086, 10},{22596, 10},{14219, 10},
{19234, 10},{24857, 10},{9681, 10},{12381, 10},{20408, 10},{15439, 10},{1152, 10},{20224, 10},{21949, 10},{8815, 10},
{9186, 10},{13330, 10},{16276, 10},{7891, 10},{24535, 10},{9688, 10},{3034, 10},{14401, 10},{23928, 10},{25182, 10},
{8304, 10},{8247, 10},{17409, 10},{5886, 10},{3142, 10},{21338, 10},{1765, 10},{6430, 10},{502, 10},{22083, 10},
{5406, 10},{13942, 10},{3431, 10},{9680, 10},{9940, 10},{11553, 10},{17271, 10},{23654, 10},{17746, 10},{265, 10},
{17516, 10},{22279, 10},{13851, 10},{16031, 10},{11245, 10},{11252, 10},{20017, 10},{13335, 10},{11467, 10},{5382, 10},
{2944, 10},{15613, 10},{23597, 10},{10532, 10},{18879, 10},{22530, 10},{6960, 10},{6766, 10},{14572, 10},{8296, 10},
{7227, 10},{15637, 10},{9977, 10},{11961, 10},{7453, 10},{7447, 10},{989, 10},{9860, 10},{6259, 10},{5901, 10},
{7126, 10},{20412, 10},{9918, 10},{13870, 10},{9745, 10},{20011, 10},{24681, 10},{19211, 10},{8734, 10},{11543, 10},
{25444, 10},{20008, 10},{16228, 10},{12717, 10},{25445, 10},{13128, 10},{12602, 10},{6147, 10},{22144, 10},{14159, 10},
{21970, 10},{24741, 10},{24688, 10},{9659, 10},{23868, 10},{6645, 10},{24588, 10},{10445, 10},{9744, 10},{10229, 10},
{20925, 10},{35, 10},{2284, 10},{11765, 10},{23272, 10},{20322, 10},{13513, 10},{519, 10},{12980, 10},{8418, 10},
{18332, 10},{5331, 10},{26213, 10},{9586, 10},{13600, 10},{23564, 10},{19805, 10},{18220, 10},{8862, 10},{5384, 10},
{8789, 10},{12148, 10},{13869, 10},{18867, 10},{6432, 10},{15152, 10},{9649, 10},{17662, 10},{18406, 10},{16270, 10},
{3420, 10},{25864, 10},{20349, 10},{26421, 10},{2569, 10},{24786, 10},{6153, 10},{8336, 10},{10020, 10},{13642, 10},
{26075, 10},{8791, 10},{133, 10},{3604, 10},{5271, 10},{12400, 10},{8420, 10},{18878, 10},{17917, 10},{11587, 10},
{23812, 10},{7067, 10},{6965, 10},{11712, 10},{17078, 10},{21349, 10},{16616, 10},{2581, 10},{9644, 10},{17660, 10},
{26064, 10},{5559, 10},{10908, 10},{20832, 10},{11215, 10},{6325, 10},{18202, 10},{1441, 10},{23848, 10},{3038, 10},
{20269, 10},{19464, 10},{15523, 10},{25078, 10},{3005, 10},{8852, 10},{20266, 10},{17222, 10},{446, 10},{17745, 10},
{10776, 10},{25034, 10},{25578, 10},{2692, 10},{11105, 10},{2497, 10},{23924, 10},{26071, 10},{13779, 10},{14522, 10},
{138, 10},{12981, 10},{23674, 10},{23172, 10},{8333, 10},{10572, 10},{3902, 10},{24704, 10},{12919, 10},{9679, 10},
{5403, 10},{13607, 10},{2126, 10},{5383, 10},{62, 10},{7088, 10},{123, 10},{22497, 10},{14497, 10},{8446, 10},
{2320, 10},{12145, 10},{17617, 10},{5407, 10},{23200, 10},{18403, 10},{2960, 10},{24768, 10},{13250, 10},{10106, 10},
{16967, 10},{14876, 10},{11034, 10},{8256, 10},{7124, 10},{23710, 10},{26419, 10},{19935, 10},{23741, 10},{24761, 10},
{19255, 10},{7066, 10},{13090, 10},{1125, 10},{9185, 10},{7883, 10},{21462, 10},{191, 10},{5946, 10},{11485, 10},
{6067, 10},{8205, 10},{3861, 10},{12104, 10},{11585, 10},{22495, 10},{5494, 10},{5942, 10},{14958, 10},{1439, 10},
{23923, 10},{8309, 10},{13300, 10},{8888, 10},{16607, 10},{23325, 10},{23202, 10},{13965, 10},{24576, 10},{19763, 10},
{21859, 10},{24424, 10},{15607, 10},{2494, 10},{23169, 10},{1789, 10},{14003, 10},{7199, 10},{4165, 10},{13253, 10},
{19636, 10},{3631, 10},{21406, 10},{7767, 10},{18276, 10},{5480, 10},{24927, 10},{7983, 10},{385, 10},{1922, 10},
{16793, 10},{15397, 10},{20917, 10},{17278, 10},{13307, 10},{9675, 10},{18939, 10},{13389, 10},{9674, 10},{12827, 10},
{25635, 10},{21376, 10},{5079, 10},{8064, 10},{14291, 10},{16236, 10},{22148, 10},{967, 10},{13938, 10},{15247, 10},
{9599, 10},{13996, 10},{20073, 10},{11715, 10},{8405, 10},{7518, 10},{25084, 10},{18269, 10},{10985, 10},{23001, 10},
{18845, 10},{21869, 10},{19819, 10},{11291, 10},{1914, 10},{12044, 10},{10226, 10},{7598, 10},{16093, 10},{26218, 10},
{10388, 10},{19823, 10},{60, 10},{8779, 10},{11542, 10},{14157, 10},{18387, 10},{9226, 10},{7039, 10},{7989, 10},
{19050, 10},{2528, 10},{11753, 10},{13995, 10},{4927, 10},{13001, 10},{25249, 10},{13518, 10},{1909, 10},{19610, 10},
{18294, 10},{14626, 10},{23545, 10},{7026, 10},{13391, 10},{9666, 10},{6483, 10},{18104, 10},{13946, 10},{26306, 10},
{13384, 10},{20709, 10},{3058, 10},{8856, 10},{8299, 10},{21718, 10},{2793, 10},{8417, 10},{987, 10},{22566, 10},
{14226, 10},{12674, 10},{24486, 10},{11100, 10},{24929, 10},{16725, 10},{5177, 10},{6102, 10},{21964, 10},{12540, 10},
{20851, 10},{16089, 10},{14391, 10},{13440, 10},{6235, 10},{8457, 10},{11257, 10},{1327, 10},{8983, 10},{11106, 10},
{2211, 10},{18097, 10},{25004, 10},{5918, 10},{20473, 10},{2966, 10},{25260, 10},{13305, 10},{8499, 10},{8586, 10},
{24935, 10},{26070, 10},{24482, 10},{16224, 10},{21888, 10},{11103, 10},{24421, 10},{5662, 10},{13916, 10},{22991, 10},
{19160, 10},{11741, 10},{5750, 10},{18893, 10},{2428, 10},{19897, 10},{20928, 10},{19076, 10},{22535, 10},{15270, 10},
{7025, 10},{22643, 10},{25440, 10},{19945, 10},{23756, 10},{7918, 10},{12102, 10},{2192, 10},{6760, 10},{3825, 10},
{23572, 10},{15306, 10},{12142, 10},{357, 10},{20264, 10},{19011, 10},{24371, 10},{24789, 10},{11144, 10},{16439, 10},
{26074, 10},{4378, 10},{12550, 10},{6439, 10},{5658, 10},{19520, 10},{23637, 10},{9825, 10},{8783, 10},{25629, 10},
{23707, 10},{20704, 10},{16645, 10},{7200, 10},{6600, 10},{6775, 10},{24289, 10},{2230, 10},{11297, 10},{22532, 10},
{14941, 10},{23653, 10},{6154, 10},{21572, 10},{21524, 10},{19502, 10},{16714, 10},{7924, 10},{20829, 10},{7654, 10},
{25804, 10},{2586, 10},{26238, 10},{12218, 10},{12206, 10},{8986, 10},{15710, 10},{20122, 10},{18257, 10},{18413, 10},
{12870, 10},{155, 10},{16357, 10},{6571, 10},{11888, 10},{18362, 10},{9856, 10},{16321, 10},{24402, 10},{2212, 10},
{24558, 10},{25212, 10},{23777, 10},{17407, 10},{16129, 10},{11135, 10},{18750, 10},{25517, 10},{20919, 10},{23208, 10},
{11495, 10},{11476, 10},{11962, 10},{8397, 10},{11881, 10},{13866, 10},{14298, 10},{26152, 10},{17818, 10},{14937, 10},
{3691, 10},{8743, 10},{14172, 10},{19046, 10},{17742, 10},{10563, 10},{9224, 10},{22992, 10},{14220, 10},{14110, 10},
{22990, 10},{18644, 10},{23925, 10},{20460, 10},{16311, 10},{23542, 10},{11255, 10},{12159, 10},{9865, 10},{21457, 10},
{23988, 10},{11884, 10},{10377, 10},{8670, 10},{3860, 10},{15466, 10},{1511, 10},{11393, 10},{24269, 10},{22924, 10},
{21975, 10},{20961, 10},{20601, 10},{1228, 10},{10976, 10},{14530, 10},{22164, 10},{25574, 10},{2017, 10},{24596, 10},
{11638, 10},{11374, 10},{25649, 10},{5303, 10},{16097, 10},{22035, 10},{7667, 10},{11824, 10},{21463, 10},{17571, 10},
{7848, 10},{23673, 10},{12921, 10},{8302, 10},{3737, 10},{7036, 10},{1265, 10},{5921, 10},{4886, 10},{2844, 10},
{10237, 10},{13007, 10},{17918, 10},{21912, 10},{10986, 10},{7122, 10},{14622, 10},{21809, 10},{3573, 10},{20861, 10},
{16606, 10},{5080, 10},{9590, 10},{18502, 10},{10067, 10},{18511, 10},{10385, 10},{10333, 10},{18407, 10},{2131, 10},
{16032, 10},{14873, 10},{460, 10},{14218, 10},{25503, 10},{14569, 10},{10342, 10},{13515, 10},{18745, 10},{23742, 10},
{22533, 10},{8684, 10},{5883, 10},{8167, 10},{10736, 10},{3351, 10},{23634, 10},{16358, 10},{24934, 10},{25760, 10},
{24302, 10},{21022, 10},{3903, 10},{19565, 10},{25350, 10},{16491, 10},{9497, 10},{1242, 10},{13079, 10},{20222, 10},
{17916, 10},{271, 10},{21794, 10},{6679, 10},{23864, 10},{2964, 10},{10737, 10},{14571, 10},{11550, 10},{2271, 10},
{9994, 10},{8404, 10},{12238, 10},{18057, 10},{24362, 10},{28, 10},{9731, 10},{2429, 10},{10979, 10},{10208, 10},
{10109, 10},{24758, 10},{11733, 10},{16563, 10},{5739, 10},{22281, 10},{20951, 10},{24780, 10},{14459, 10},{4453, 10},
{15665, 10},{17743, 10},{11385, 10},{8984, 10},{4162, 10},{25, 10},{23549, 10},{19743, 10},{22688, 10},{20511, 10},
{21915, 10},{17374, 10},{2518, 10},{10406, 10},{20430, 10},{17037, 10},{11141, 10},{16347, 10},{15667, 10},{4159, 10},
{9386, 10},{18749, 10},{16102, 10},{25250, 10},{816, 10},{20123, 10},{14155, 10},{5416, 10},{12161, 10},{9670, 10},
{16148, 10},{22033, 10},{19213, 10},{22932, 10},{13214, 10},{21322, 10},{23846, 10},{3053, 10},{23993, 10},{7668, 10},
{10378, 10},{20635, 10},{16045, 10},{8059, 10},{7778, 10},{14607, 10},{2022, 10},{5994, 10},{19652, 10},{24446, 10},
{13493, 10},{16538, 10},{20952, 10},{14493, 10},{2841, 10},{3853, 10},{23168, 10},{11889, 10},{18892, 10},{13000, 10},
{14965, 10},{16570, 10},{11220, 10},{6519, 10},{8334, 10},{930, 10},{23672, 10},{12939, 10},{21624, 10},{21946, 10},
{4277, 10},{15114, 10},{17572, 10},{13510, 10},{18649, 10},{25636, 10},{985, 10},{9653, 10},{23387, 10},{12128, 10},
{6413, 10},{20015, 10},{8502, 10},{19890, 10},{19239, 10},{971, 10},{3854, 10},{6962, 10},{10904, 10},{9583, 10},
{9318, 10},{9742, 10},{461, 10},{13050, 10},{2214, 10},{25836, 10},{23435, 10},{11861, 10},{4508, 10},{4505, 10},
{2523, 10},{12828, 10},{10265, 10},{1158, 10},{10905, 10},{12398, 10},{4031, 10},{18826, 10},{22977, 10},{11239, 10},
{2800, 10},{23738, 10},{4804, 10},{10860, 10},{18107, 10},{10339, 10},{6117, 10},{4824, 10},{25086, 10},{2023, 10},
{21868, 10},{6578, 10},{7592, 10},{22165, 10},{5930, 10},{20294, 10},{3830, 10},{24869, 10},{7700, 10},{11540, 10},
{17492, 10},{17736, 10},{24762, 10},{17375, 10},{10721, 10},{7196, 10},{17370, 10},{3901, 10},{25344, 10},{11155, 10},
{23865, 10},{22758, 10},{14288, 10},{26208, 10},{5656, 10},{3437, 10},{22569, 10},{11222, 10},{20019, 10},{5581, 10},
{1768, 10},{2365, 10},{20602, 10},{6415, 10},{2018, 10},{19200, 10},{3028, 10},{21072, 10},{18514, 10},{9634, 10},
{18103, 10},{8598, 10},{2427, 10},{19460, 10},{23185, 10},{19193, 10},{20994, 10},{20920, 10},{13142, 10},{25868, 10},
{26447, 10},{22034, 10},{500, 10},{7651, 10},{2263, 10},{18, 10},{21952, 10},{18199, 10},{23933, 10},{13187, 10},
{24262, 10},{25641, 10},{11211, 10},{15879, 10},{2353, 10},{15522, 10},{19110, 10},{16895, 10},{22121, 10},{17083, 10},
{21712, 10},{15487, 10},{23569, 10},{12872, 10},{22951, 10},{22496, 10},{4225, 10},{17657, 10},{22882, 10},{11388, 10},
{5405, 10},{21791, 10},{10506, 10},{15042, 10},{18293, 10},{22573, 10},{23600, 10},{23776, 10},{1262, 10},{15666, 10},
{12790, 10},{3651, 10},{19432, 10},{11880, 10},{21343, 10},{24187, 10},{18256, 10},{24058, 10},{20551, 10},{4319, 10},
{10446, 10},{3465, 10},{24439, 10},{8738, 10},{20133, 10},{15494, 10},{12216, 10},{20830, 10},{11138, 10},{22622, 10},
{20001, 10},{16221, 10},{1525, 10},{7650, 10},{18716, 10},{13676, 10},{554, 10},{8239, 10},{5275, 10},{2557, 10},
{6883, 10},{24666, 10},{24004, 10},{9175, 10},{13144, 10},{9597, 10},{14613, 10},{5220, 10},{5270, 10},{14495, 10},
{17001, 10},{24763, 10},{10386, 10},{13423, 10},{25248, 10},{24769, 10},{24109, 10},{20463, 10},{17988, 10},{19885, 10},
{13777, 10},{25861, 10},{3223, 10},{3531, 10},{24956, 10},{20295, 10},{14445, 10},{11860, 10},{11482, 10},{12443, 10},
{23152, 10},{1261, 10},{4034, 10},{5940, 10},{24930, 10},{17054, 10},{2210, 10},{12240, 10},{25538, 10},{8766, 10},
{456, 10},{20985, 10},{13848, 10},{23411, 10},{16493, 10},{413, 10},{3278, 10},{19253, 10},{23097, 10},{16672, 10},
{11716, 10},{6486, 10},{17270, 10},{2252, 10},{22737, 10},{8403, 10},{817, 10},{6678, 10},{25117, 10},{14432, 10},
{23809, 10},{25050, 10},{20898, 10},{8593, 10},{22166, 10},{1281, 10},{11244, 10},{17447, 10},{4377, 10},{5068, 10},
{25536, 10},{11830, 10},{13288, 10},{3627, 10},{9836, 10},{549, 10},{10069, 10},{2370, 10},{17488, 10},{842, 10},
{13919, 10},{8975, 10},{10390, 10},{9987, 10},{12397, 10},{23274, 10},{17432, 10},{16670, 10},{17427, 10},{26201, 10},
{17859, 10},{2316, 10},{12154, 10},{1280, 10},{24367, 10},{12163, 10},{19040, 10},{13249, 10},{14871, 10},{22735, 10},
{22641, 10},{12699, 10},{12825, 10},{23196, 10},{15269, 10},{6072, 10},{11096, 10},{9711, 10},{17779, 10},{3576, 10},
{2962, 10},{15262, 10},{4924, 10},{13415, 10},{983, 10},{17869, 10},{11152, 10},{23858, 10},{10080, 10},{3035, 10},
{18515, 10},{1482, 10},{8894, 10},{11647, 10},{2521, 10},{11294, 10},{24372, 10},{19365, 10},{22568, 10},{19431, 10},
{11478, 10},{23270, 10},{12866, 10},{22969, 10},{6424, 10},{12779, 10},{26254, 10},{20513, 10},{16562, 10},{450, 10},
{17433, 10},{16099, 10},{13191, 10},{11376, 10},{1784, 10},{1283, 10},{7343, 10},{523, 10},{13138, 10},{21231, 10},
{12595, 10},{8395, 10},{22709, 10},{18366, 10},{23199, 10},{10526, 10},{15712, 10},{20927, 10},{19662, 10},{21911, 10},
{24322, 10},{11500, 10},{22960, 10},{5083, 10},{8359, 10},{22937, 10},{9729, 10},{5479, 10},{14959, 10},{11883, 10},
{17053, 10},{23197, 10},{17430, 10},{14171, 10},{12001, 10},{19759, 10},{13682, 10},{23009, 10},{16361, 10},{1479, 10},
{481, 10},{10360, 10},{14103, 10},{4587, 10},{16612, 10},{12920, 10},{25155, 10},{3117, 10},{2330, 10},{25151, 10},
{14674, 10},{20409, 10},{13640, 10},{6520, 10},{2269, 10},{5989, 10},{23635, 10},{22041, 10},{8539, 10},{8294, 10},
{459, 10},{17658, 10},{24781, 10},{3178, 10},{21566, 10},{12121, 10},{19254, 10},{25180, 10},{13599, 10},{18706, 10},
{9749, 10},{11985, 10},{13896, 10},{18402, 10},{1713, 10},{3140, 10},{26319, 10},{25332, 10},{25336, 10},{9640, 10},
{7024, 10},{8010, 10},{20010, 10},{2795, 10},{24823, 10},{22712, 10},{13639, 10},{20223, 10},{23830, 10},{501, 10},
{2996, 10},{21966, 10},{1124, 10},{15273, 10},{19434, 10},{22490, 10},{15227, 10},{24010, 10},{6676, 10},{9465, 10},
{4032, 10},{11998, 10},{13285, 10},{24992, 10},{22956, 10},{7524, 10},{6482, 10},{8393, 10},{1908, 10},{24437, 10},
{18101, 10},{844, 10},{7070, 10},{13135, 10},{25688, 10},{21340, 10},{17995, 10},{20301, 10},{9820, 10},{11982, 10},
{24774, 10},{24136, 10},{7525, 10},{6398, 10},{10387, 10},{24307, 10},{5738, 10},{22756, 10},{9943, 10},{18354, 10},
{11465, 10},{23561, 10},{347, 10},{16676, 10},{23186, 10},{17514, 10},{4449, 10},{2853, 10},{10029, 10},{23570, 10},
{8398, 10},{10234, 10},{16782, 10},{19157, 10},{15557, 10},{13083, 10},{8312, 10},{20700, 10},{2026, 10},{21914, 10},
{11006, 10},{17376, 10},{23170, 10},{15497, 10},{17218, 10},{5742, 10},{12395, 10},{20924, 10},{9467, 10},{23643, 10},
{21071, 10},{19830, 10},{2366, 10},{25825, 10},{23326, 10},{5065, 10},{13199, 10},{8388, 10},{9857, 10},{1988, 10},
{14447, 10},{24332, 10},{11882, 10},{15089, 10},{1646, 10},{24782, 10},{19208, 10},{14222, 10},{16092, 10},{20984, 10},
{17297, 10},{22881, 10},{23833, 10},{17857, 10},{13490, 10},{25634, 10},{13952, 10},{12953, 10},{12103, 10},{24133, 10},
{13393, 10},{229, 10},{1214, 10},{1641, 10},{5409, 10},{20323, 10},{11470, 10},{12937, 10},{15043, 10},{13898, 10},
{10735, 10},{5749, 10},{809, 10},{14938, 10},{6542, 10},{7881, 10},{12214, 10},{22601, 10},{20581, 10},{15004, 10},
{17738, 10},{18643, 10},{5888, 10},{23803, 10},{17547, 10},{420, 10},{5422, 10},{10858, 10},{1229, 10},{11721, 10},
{18410, 10},{13202, 10},{15304, 10},{19216, 10},{21954, 10},{20932, 10},{19003, 10},{5617, 10},{13052, 10},{3650, 10},
{22759, 10},{15556, 10},{819, 10},{15034, 10},{1783, 10},{20578, 10},{13679, 10},{26420, 10},{8413, 10},{6543, 10},
{2180, 10},{10225, 10},{13136, 10},{9470, 10},{24598, 10},{19, 10},{25681, 10},{2690, 10},{11036, 10},{4943, 10},
{11592, 10},{21864, 10},{25353, 10},{6961, 10},{22069, 10},{21951, 10},{10102, 10},{21006, 10},{24132, 10},{13382, 10},
{12399, 10},{24008, 10},{13853, 10},{12374, 10},{411, 10},{17055, 10},{2335, 10},{2572, 10},{11050, 10},{12979, 10},
{17838, 10},{19818, 10},{1435, 10},{18009, 10},{10655, 10},{15003, 10},{7238, 10},{15441, 10},{5223, 10},{24155, 10},
{19008, 10},{6502, 10},{24485, 10},{8160, 10},{15488, 10},{15620, 10},{12544, 10},{4451, 10},{23003, 10},{2732, 10},
{559, 10},{9732, 10},{14963, 10},{21885, 10},{16565, 10},{8337, 10},{19518, 10},{11147, 10},{2959, 10},{18517, 10},
{20859, 10},{24892, 10},{14491, 10},{14394, 10},{7849, 10},{13964, 10},{16452, 10},{8012, 10},{8057, 10},{20673, 10},
{1526, 10},{520, 10},{11473, 10},{5925, 10},{12936, 10},{22860, 10},{3735, 10},{13564, 10},{1266, 10},{18748, 10},
{21, 10},{22068, 10},{18704, 10},{23839, 10},{23649, 10},{8164, 10},{2140, 10},{12551, 10},{22122, 10},{18069, 10},
{14874, 10},{15031, 10},{23656, 10},{21723, 10},{23680, 10},{3648, 10},{16356, 10},{25682, 10},{8982, 10},{20, 10},
{7655, 10},{6496, 10},{1907, 10},{5222, 10},{2331, 10},{3630, 10},{8814, 10},{15177, 10},{11736, 10},{5414, 10},
{26062, 10},{14292, 10},{22538, 10},{2421, 10},{1241, 10},{17701, 10},{22934, 10},{11139, 10},{16227, 10},{14109, 10},
{19661, 10},{5748, 10},{5273, 10},{7522, 10},{10733, 10},{21330, 10},{1233, 10},{19459, 10},{9582, 10},{6487, 10},
{8977, 10},{6521, 10},{26209, 10},{6202, 10},{10507, 10},{22571, 10},{26155, 10},{1785, 10},{17551, 10},{18068, 10},
{12952, 10},{1434, 10},{18092, 10},{2216, 10},{23571, 10},{15084, 10},{26418, 10},{13115, 10},{15872, 10},{12048, 10},
{15530, 10},{5743, 10},{15962, 10},{15121, 10},{14429, 10},{7495, 10},{17842, 10},{1806, 10},{2995, 10},{24417, 10},
{5240, 10},{13422, 10},{11744, 10},{10042, 10},{2591, 10},{16567, 10},{19107, 10},{12393, 10},{16608, 10},{11469, 10},
{24887, 10},{19104, 10},{2582, 10},{23831, 10},{21026, 10},{4455, 10},{9319, 10},{12543, 10},{23410, 10},{13394, 10},
{17225, 10},{4584, 10},{20121, 10},{23167, 10},{20016, 10},{3629, 10},{9973, 10},{24481, 10},{11990, 10},{24890, 10},
{10064, 10},{16674, 10},{18192, 10},{8007, 10},{1584, 10},{21788, 10},{9320, 10},{3006, 10},{9383, 10},{11286, 10},
{20857, 10},{26450, 10},{13304, 10},{25572, 10},{3139, 10},{10381, 10},{13290, 10},{12053, 10},{3202, 10},{19268, 10},
{24264, 10},{17452, 10},{616, 10},{10654, 10},{6576, 10},{2333, 10},{7131, 10},{18742, 10},{23102, 10},{19054, 10},
{8415, 10},{9179, 10},{21714, 10},{4179, 10},{188, 10},{23573, 10},{24923, 10},{10107, 10},{8889, 10},{15875, 10},
{3831, 10},{19826, 10},{7898, 10},{9796, 10},{21007, 10},{14523, 10},{4807, 10},{7659, 10},{2864, 10},{22885, 10},
{1123, 10},{15120, 10},{7455, 10},{10910, 10},{7770, 10},{9748, 10},{13088, 10},{17510, 10},{8785, 10},{19972, 10},
{17787, 10},{15960, 10},{9598, 10},{1285, 10},{23806, 10},{12124, 10},{5949, 10},{23275, 10},{13251, 10},{2027, 10},
{26158, 10},{13623, 10},{8693, 10},{4227, 10},{20987, 10},{1759, 10},{24928, 10},{4579, 10},{19658, 10},{21468, 10},
{8253, 10},{13340, 10},{16233, 10},{24941, 10},{19648, 10},{7652, 10},{2123, 10},{13935, 10},{9184, 10},{21411, 10},
{2794, 10},{9296, 10},{13189, 10},{7955, 10},{9989, 10},{13398, 10},{5707, 10},{15118, 10},{9864, 10},{5708, 10},
{3281, 10},{8857, 10},{230, 10},{19400, 10},{20503, 10},{4940, 10},{1122, 10},{387, 10},{9798, 10},{23718, 10},
{20081, 10},{11983, 10},{23841, 10},{22640, 10},{1509, 10},{14906, 10},{11541, 10},{23709, 10},{3145, 10},{25549, 10},
{409, 10},{11293, 10},{6435, 10},{26210, 10},{12768, 10},{18274, 10},{9168, 10},{21692, 10},{24776, 10},{13217, 10},
{23711, 10},{21567, 10},{7235, 10},{5318, 10},{21965, 10},{24939, 10},{25346, 10},{15922, 10},{1596, 10},{14348, 10},
{20895, 10},{24440, 10},{5478, 10},{17780, 10},{552, 10},{13396, 10},{15635, 10},{11146, 10},{8854, 10},{24931, 10},
{10407, 10},{9321, 10},{5943, 10},{19968, 10},{23360, 10},{23598, 10},{11091, 10},{26161, 10},{13943, 10},{15927, 10},
{22856, 10},{16966, 10},{15440, 10},{13634, 10},{5922, 10},{19212, 10},{16316, 10},{21414, 10},{8293, 10},{24452, 10},
{19156, 10},{23328, 10},{21413, 10},{20462, 10},{21570, 10},{8737, 10},{16238, 10},{13997, 10},{8371, 10},{1591, 10},
{24366, 10},{18095, 10},{8025, 10},{24529, 10},{5710, 10},{10570, 10},{3609, 10},{16352, 10},{9739, 10},{8203, 10},
{8535, 10},{11214, 10},{3227, 10},{6968, 10},{24785, 10},{24124, 10},{10345, 10},{10718, 10},{9871, 10},{13114, 10},
{2138, 10},{8701, 10},{25563, 10},{19438, 10},{9651, 10},{7204, 10},{19256, 10},{8354, 10},{25858, 10},{13637, 10},
{2127, 10},{20477, 10},{5500, 10},{10364, 10},{5380, 10},{86, 10},{21544, 10},{23840, 10},{2319, 10},{21792, 10},
{18065, 10},{2493, 10},{10720, 10},{14351, 10},{14578, 10},{85, 10},{26449, 10},{14612, 10},{15081, 10},{9710, 10},
{23568, 10},{12766, 10},{6073, 10},{21324, 10},{14541, 10},{825, 10},{22968, 10},{20630, 10},{4226, 10},{11298, 10},
{19611, 10},{17448, 10},{21789, 10},{9267, 10},{15035, 10},{14217, 10},{3109, 10},{11499, 10},{15529, 10},{1725, 10},
{5549, 10},{8110, 10},{3607, 10},{19052, 10},{838, 10},{24744, 10},{12207, 10},{11167, 10},{6545, 10},{21472, 10},
{23713, 10},{24933, 10},{13854, 10},{23008, 10},{15220, 10},{24772, 10},{6648, 10},{25261, 10},{19562, 10},{4236, 10},
{3118, 10},{13868, 10},{13610, 10},{19163, 10},{14165, 10},{26217, 10},{15614, 10},{1362, 10},{16320, 10},{10564, 10},
{12601, 10},{7664, 10},{22987, 10},{5908, 10},{16972, 10},{3348, 10},{5264, 10},{2352, 10},{22572, 10},{9192, 10},
{2321, 10},{1581, 10},{26252, 10},{16038, 10},{10834, 10},{24863, 10},{14118, 10},{14453, 10},{21347, 10},{25863, 10},
{17299, 10},{10635, 10},{18367, 10},{17507, 10},{14449, 10},{19466, 10},{2129, 10},{20674, 10},{8372, 10},{7950, 10},
{621, 10},{23206, 10},{13918, 10},{16888, 10},{14957, 10},{8292, 10},{18743, 10},{26160, 10},{16114, 10},{24742, 10},
{23240, 10},{23651, 10},{9715, 10},{14107, 10},{11496, 10},{18747, 10},{522, 10},{26076, 10},{19162, 10},{14167, 10},
{6419, 10},{3191, 10},{1246, 10},{1714, 10},{3198, 10},{22851, 10},{1328, 10},{24757, 10},{9171, 10},{24443, 10},
{22126, 10},{17226, 10},{25514, 10},{19632, 10},{21558, 10},{20003, 10},{11654, 10},{9980, 10},{7454, 10},{2492, 10},
{12107, 10},{19903, 10},{6204, 10},{5248, 10},{19006, 10},{19159, 10},{11037, 10},{24266, 10},{22971, 10},{8330, 10},
{20556, 10},{3192, 10},{13420, 10},{25534, 10},{7065, 10},{22919, 10},{25156, 10},{8211, 10},{19997, 10},{22857, 10},
{9575, 10},{3029, 10},{5229, 10},{21356, 10},{21378, 10},{10228, 10},{3490, 10},{1640, 10},{10238, 10},{2816, 10},
{19053, 10},{5381, 10},{11259, 10},{8800, 10},{6878, 10},{6601, 10},{448, 10},{23632, 10},{16891, 10},{16980, 10},
{16454, 10},{18371, 10},{17035, 10},{13201, 10},{21715, 10},{20265, 10},{14044, 10},{22883, 10},{9950, 10},{26452, 10},
{21344, 10},{26434, 10},{4204, 10},{14677, 10},{7702, 10},{11104, 10},{25529, 10},{733, 10},{13895, 10},{3422, 10},
{4022, 10},{18355, 10},{10383, 10},{5075, 10},{8027, 10},{7526, 10},{57, 10},{10636, 10},{25179, 10},{4029, 10},
{13994, 10},{20075, 10},{23243, 10},{8062, 10},{2190, 10},{26157, 10},{13608, 10},{3899, 10},{8996, 10},{23045, 10},
{17273, 10},{11262, 10},{1279, 10},{11238, 10},{2260, 10},{24005, 10},{4930, 10},{11033, 10},{13134, 10},{20855, 10},
{24550, 10},{4702, 10},{17429, 10},{23534, 10},{14964, 10},{25806, 10},{16448, 10},{3628, 10},{260, 10},{15122, 10},
{10568, 10},{11575, 10},{18219, 10},{20936, 10},{16458, 10},{23365, 10},{6777, 10},{2348, 10},{5754, 10},{10762, 10},
{19042, 10},{20935, 10},{10565, 10},{14999, 10},{26159, 10},{25631, 10},{12726, 10},{558, 10},{23678, 10},{5551, 10},
{7953, 10},{18207, 10},{17406, 10},{26304, 10},{8893, 10},{14169, 10},{21676, 10},{13782, 10},{4454, 10},{14392, 10},
{7346, 10},{2565, 10},{10351, 10},{8498, 10},{14148, 10},{26448, 10},{8165, 10},{1579, 10},{12676, 10},{18272, 10},
{21275, 10},{25075, 10},{18412, 10},{18746, 10},{13301, 10},{20320, 10},{20903, 10},{12362, 10},{12160, 10},{10077, 10},
{17059, 10},{9873, 10},{13226, 10},{24413, 10},{17785, 10},{4515, 10},{23026, 10},{4419, 10},{22902, 10},{26241, 10},
{24267, 10},{12971, 10},{14293, 10},{140, 10},{159, 10},{3438, 10},{13915, 10},{13609, 10},{19653, 10},{19773, 10},
{14284, 10},{3282, 10},{13118, 10},{2267, 10},{19236, 10},{24773, 10},{21841, 10},{4512, 10},{26446, 10},{830, 10},
{22755, 10},{13839, 10},{9626, 10},{16443, 10},{13248, 10},{17950, 10},{16471, 10},{12437, 10},{25337, 10},{11693, 10},
{17038, 10},{13495, 10},{15000, 10},{23757, 10},{13292, 10},{17428, 10},{26436, 10},{2395, 10},{4892, 10},{10068, 10},
{15558, 10},{18008, 10},{15490, 10},{13070, 10},{16615, 10},{26068, 10},{453, 10},{16308, 10},{3057, 10},{13284, 10},
{21887, 10},{21004, 10},{24189, 10},{18296, 10},{11392, 10},{17240, 10},{10108, 10},{4925, 10},{25492, 10},{16647, 10},
{6672, 10},{1792, 10},{20331, 10},{1645, 10},{11054, 10},{15963, 10},{10727, 10},{15759, 10},{3603, 10},{22123, 10},
{1582, 10},{267, 10},{14156, 10},{3538, 10},{8067, 10},{6484, 10},{12998, 10},{10375, 10},{820, 10},{8978, 10},
{15150, 10},{25153, 10},{21354, 10},{16797, 10},{24190, 10},{8032, 10},{21464, 10},{18934, 10},{22283, 10},{1257, 10},
{5874, 10},{5541, 10},{19055, 10},{5644, 10},{3572, 10},{7985, 10},{20326, 10},{25252, 10},{9535, 10},{21790, 10},
{9646, 10},{20729, 10},{16119, 10},{11486, 10},{22939, 10},{20831, 10},{17766, 10},{13123, 10},{7233, 10},{408, 10},
{13962, 10},{8295, 10},{17056, 10},{7850, 10},{17031, 10},{8681, 10},{18225, 10},{13402, 10},{2424, 10},{2336, 10},
{14113, 10},{5296, 10},{8246, 10},{21974, 10},{23630, 10},{8445, 10},{1788, 10},{16463, 10},{18014, 10},{2279, 10},
{2850, 10},{11143, 10},{26035, 10},{22127, 10},{14909, 10},{12594, 10},{26415, 10},{8740, 10},{13778, 10},{2332, 10},
{9229, 10},{11832, 10},{11859, 10},{1510, 10},{22383, 10},{16127, 10},{5642, 10},{17266, 10},{21234, 10},{25499, 10},
{15883, 10},{21787, 10},{4931, 10},{15033, 10},{3601, 10},{22880, 10},{24407, 10},{19049, 10},{24573, 10},{5905, 10},
{8065, 10},{10955, 10},{5871, 10},{13286, 10},{1244, 10},{8255, 10},{7925, 10},{26260, 10},{12762, 10},{3829, 10},
{4581, 10},{11254, 10},{23244, 10},{6260, 10},{15562, 10},{20118, 10},{1779, 10},{25001, 10},{12784, 10},{15038, 10},
{1798, 10},{21355, 10},{20134, 10},{2270, 10},{2024, 10},{17069, 10},{12715, 10},{8801, 10},{20079, 10},{11829, 10},
{21819, 10},{15258, 10},{15260, 10},{5362, 10},{9678, 10},{19824, 10},{19771, 10},{12549, 10},{21521, 10},{12202, 10},
{3697, 10},{22570, 10},{8121, 10},{5755, 10},{18903, 10},{25537, 10},{13967, 10},{1680, 10},{264, 10},{17033, 10},
{15086, 10},{10343, 10},{13124, 10},{8782, 10},{11357, 10},{15539, 10},{452, 10},{14935, 10},{5887, 10},{23403, 10},
{1489, 10},{15093, 10},{4379, 10},{13235, 10},{11040, 10},{9265, 10},{26310, 10},{15709, 10},{415, 10},{12236, 10},
{10114, 10},{12949, 10},{23195, 10},{7957, 10},{15155, 10},{11979, 10},{13842, 10},{8356, 10},{14395, 10},{21459, 10},
{11559, 10},{24107, 10},{14397, 10},{19943, 10},{16076, 10},{12991, 10},{21867, 10},{1260, 10},{19758, 10},{22858, 10},
{6058, 10},{21708, 10},{20018, 10},{235, 10},{14430, 10},{13108, 10},{2634, 10},{19240, 10},{1331, 10},{2953, 10},
{11468, 10},{18846, 10},{3378, 10},{21127, 10},{1998, 10},{18164, 10},{6540, 10},{14527, 10},{10835, 10},{8765, 10},
{10246, 10},{19815, 10},{20665, 10},{11487, 10},{8251, 10},{16726, 10},{20007, 10},{21277, 10},{17989, 10},{6646, 10},
{12603, 10},{1787, 10},{13614, 10},{21721, 10},{22710, 10},{13403, 10},{12441, 10},{20255, 10},{5931, 10},{25351, 10},
{20948, 10},{9243, 10},{20268, 10},{19209, 10},{13291, 10},{2519, 10},{832, 10},{15560, 10},{13399, 10},{9637, 10},
{21256, 10},{4555, 10},{18703, 10},{6969, 10},{23804, 10},{17806, 10},{11718, 10},{12553, 10},{11287, 10},{23562, 10},
{5834, 10},{16318, 10},{11471, 10},{11972, 10},{26246, 10},{24527, 10},{21479, 10},{22994, 10},{2588, 10},{17219, 10},
{9791, 10},{21861, 10},{11589, 10},{12989, 10},{25152, 10},{3855, 10},{24059, 10},{16981, 10},{1679, 10},{17378, 10},
{19612, 10},{6261, 10},{814, 10},{21451, 10},{13185, 10},{17279, 10},{10505, 10},{15636, 10},{24867, 10},{8496, 10},
{20849, 10},{7523, 10},{26204, 10},{1912, 10},{14494, 10},{16348, 10},{3103, 10},{15088, 10},{8331, 10},{22986, 10},
{21460, 10},{1822, 10},{1106, 10},{12604, 10},{17221, 10},{19363, 10},{2232, 10},{23834, 10},{16974, 10},{13166, 10},
{1187, 10},{18162, 10},{24858, 10},{19746, 10},{7917, 10},{3652, 10},{23022, 10},{463, 10},{1580, 10},{412, 10},
{18291, 10},{12394, 10},{13089, 10},{8971, 10},{11246, 10},{11491, 10},{12761, 10},{5540, 10},{4033, 10},{23857, 10},
{23198, 10},{26164, 10},{22489, 10},{23811, 10},{13215, 10},{26245, 10},{6485, 10},{26067, 10},{2189, 10},{10019, 10},
{11826, 10},{8416, 10},{5268, 10},{19635, 10},{22975, 10},{840, 10},{15928, 10},{8795, 10},{7674, 10},{37, 10},
{6644, 10},{8208, 10},{14872, 10},{15119, 10},{21963, 10},{1870, 10},{4697, 10},{3633, 10},{9501, 10},{9314, 10},
{21913, 10},{26444, 10},{12792, 10},{14552, 10},{20965, 10},{15226, 10},{2347, 10},{8026, 10},{19564, 10},{3196, 10},
{5408, 10},{14625, 10},{13500, 10},{12364, 10},{2859, 10},{25087, 10},{12156, 10},{10716, 10},{14908, 10},{21998, 10},
{22620, 10},{15282, 10},{23837, 10},{20730, 10},{8335, 10},{19821, 10},{2139, 10},{5379, 10},{13197, 10},{24691, 10},
{1823, 10},{12248, 10},{16497, 10},{8817, 10},{91, 10},{5919, 10},{16351, 10},{9793, 10},{10091, 10},{23775, 10},
{3141, 10},{19614, 10},{7520, 10},{17990, 10},{269, 10},{21051, 10},{8949, 10},{13780, 10},{14111, 10},{9986, 10},
{14956, 10},{6604, 10},{6577, 10},{16677, 10},{13279, 10},{8028, 10},{15627, 10},{13856, 10},{4429, 10},{16723, 10},
{25837, 10},{13514, 10},{25010, 10},{2559, 10},{7528, 10},{11240, 10},{10085, 10},{7590, 10},{16235, 10},{22090, 10},
{5443, 10},{2615, 10},{13840, 10},{19891, 10},{7623, 10},{358, 10},{24787, 10},{16983, 10},{6185, 10},{6348, 10},
{1781, 10},{12049, 10},{20413, 10},{19109, 10},{23364, 10},{13072, 10},{1155, 10},{19941, 10},{17956, 10},{19901, 10},
{16123, 10},{23842, 10},{12767, 10},{1724, 10},{14940, 10},{9499, 10},{26065, 10},{5751, 10},{485, 10},{17107, 10},
{15531, 10},{23171, 10},{14287, 10},{11635, 10},{19435, 10},{5835, 10},{21569, 10},{22714, 10},{257, 10},{25430, 10},
{10529, 10},{20325, 10},{4085, 10},{15708, 10},{18012, 10},{24422, 10},{12693, 10},{8536, 10},{15670, 10},{12384, 10},
{16964, 10},{5172, 10},{5496, 10},{11224, 10},{818, 10},{22726, 10},{10338, 10},{22925, 10},{3625, 10},{12047, 10},
{24868, 10},{23807, 10},{7452, 10},{38, 10},{24427, 10},{25571, 10},{988, 10},{12623, 10},{6549, 10},{12199, 10},
{13491, 10},{6550, 10},{262, 10},{19047, 10},{5314, 10},{1722, 10},{20737, 10},{19936, 10},{15661, 10},{18891, 10},
{8597, 10},{19942, 10},{21025, 10},{20116, 10},{24268, 10},{14290, 10},{4086, 10},{11692, 10},{25076, 10},{12106, 10},
{8158, 10},{25533, 10},{11296, 10},{7593, 10},{19465, 10},{15259, 10},{5404, 10},{1869, 10},{14480, 10},{11035, 10},
{18505, 10},{12545, 10},{24260, 10},{17004, 10},{19778, 10},{17744, 10},{25436, 10},{3828, 10},{5610, 10},{23006, 10},
{21719, 10},{2735, 10},{5078, 10},{4238, 10},{5058, 10},{11387, 10},{19246, 10},{20833, 10},{10025, 10},{6504, 10},
{10110, 10},{618, 10},{26281, 10},{10209, 10},{9645, 10},{13920, 10},{19406, 10},{14458, 10},{13419, 10},{157, 10},
{14042, 10},{24562, 10},{10402, 10},{20579, 10},{4808, 10},{24182, 10},{15623, 10},{16234, 10},{22760, 10},{11301, 10},
{15082, 10},{3098, 10},{2863, 10},{2840, 10},{2797, 10},{7894, 10},{5542, 10},{20708, 10},{10087, 10},{23117, 10},
{14676, 10},{21810, 10},{11148, 10},{9144, 10},{3858, 10},{23836, 10},{23330, 10},{23740, 10},{16978, 10},{277, 10},
{10045, 10},{9978, 10},{21327, 10},{9713, 10},{16977, 10},{13233, 10},{4164, 10},{19031, 10},{23805, 10},{2021, 10},
{25685, 10},{3163, 10},{25570, 10},{7459, 10},{23187, 10},{457, 10},{6366, 10},{18647, 10},{7413, 10},{24441, 10},
{21469, 10},{11984, 10},{18287, 10},{22936, 10},{9149, 10},{5927, 10},{9683, 10},{9795, 10},{24856, 10},{20732, 10},
{9982, 10},{24151, 10},{3349, 10},{12201, 10},{2251, 10},{4936, 10},{1157, 10},{6551, 10},{11253, 10},{5363, 10},
{23104, 10},{3419, 10},{10503, 10},{13117, 10},{19657, 10},{2261, 10},{483, 10},{2420, 10},{11825, 10},{24783, 10},
{11299, 10},{12127, 10},{4945, 10},{17545, 10},{22210, 10},{13622, 10},{2592, 10},{19428, 10},{24188, 10},{20947, 10},
{19822, 10},{22038, 10},{24105, 10},{26445, 10},{12139, 10},{22692, 10},{732, 10},{1767, 10},{6522, 10},{6884, 10},
{7922, 10},{3851, 10},{11288, 10},{18295, 10},{24414, 10},{7125, 10},{21811, 10},{4890, 10},{5546, 10},{25352, 10},
{16242, 10},{15554, 10},{13200, 10},{15051, 10},{13897, 10},{17863, 10},{13009, 10},{5085, 10},{2253, 10},{22715, 10},
{19876, 10},{13130, 10},{23760, 10},{3337, 10},{8497, 10},{26073, 10},{2132, 10},{11885, 10},{25655, 10},{9709, 10},
{6514, 10},{3906, 10},{1790, 10},{22316, 10},{9650, 10},{19772, 10},{6234, 10},{741, 10},{1356, 10},{21418, 10},
{23143, 10},{21597, 10},{7958, 10},{19654, 10},{14994, 10},{23279, 10},{2616, 10},{9941, 10},{969, 10},{10895, 10},
{23567, 10},{12997, 10},{25686, 10},{9947, 10},{4643, 10},{23276, 10},{14624, 10},{24055, 10},{13784, 10},{1993, 10},
{12546, 10},{10382, 10},{9423, 10},{189, 10},{9984, 10},{829, 10},{23843, 10},{5269, 10},{7815, 10},{13126, 10},
{17538, 10},{25011, 10},{3331, 10},{12793, 10},{11041, 10},{12439, 10},{8592, 10},{7589, 10},{410, 10},{12990, 10},
{482, 10},{16271, 10},{13339, 10},{20297, 10},{5171, 10},{3491, 10},{8340, 10},{22124, 10},{11038, 10},{21903, 10},
{19361, 10},{25244, 10},{20009, 10},{17737, 10},{15002, 10},{2935, 10},{2801, 10},{4158, 10},{23594, 10},{16976, 10},
{25565, 10},{18098, 10},{9692, 10},{10758, 10},{11639, 10},{3533, 10},{13832, 10},{24410, 10},{15882, 10},{25569, 10},
{21194, 10},{23183, 10},{19732, 10},{5740, 10},{12392, 10},{4181, 10},{13837, 10},{25521, 10},{1913, 10},{7987, 10},
{7895, 10},{9228, 10},{25510, 10},{23599, 10},{13635, 10},{19397, 10},{13400, 10},{24131, 10},{4014, 10},{9712, 10},
{17868, 10},{19522, 10},{24775, 10},{16111, 10},{24411, 10},{6499, 10},{16893, 10},{5372, 10},{1507, 10},{24938, 10},
{17840, 10},{8401, 10},{25429, 10},{19622, 10},{9174, 10},{9638, 10},{6649, 10},{8394, 10},{9387, 10},{12135, 10},
{7021, 10},{1991, 10},{22850, 10},{982, 10},{13421, 10},{15715, 10},{13937, 10},{11755, 10},{17954, 10},{8973, 10},
{12108, 10},{4821, 10},{8501, 10},{15526, 10},{5609, 10},{8353, 10},{21620, 10},{15480, 10},{14870, 10},{14628, 10},
{3200, 10},{6069, 10},{6880, 10},{8953, 10},{6879, 10},{20329, 10},{2457, 10},{13093, 10},{8494, 10},{12620, 10},
{19971, 10},{22493, 10},{557, 10},{20002, 10},{24854, 10},{13492, 10},{8444, 10},{17919, 10},{10909, 10},{5217, 10},
{21795, 10},{22282, 10},{9741, 10},{25642, 10},{12826, 10},{14501, 10},{2589, 10},{6572, 10},{12690, 10},{1800, 10},
{2349, 10},{20963, 10},{2281, 10},{5643, 10},{18352, 10},{26211, 10},{16568, 10},{12675, 10},{11162, 10},{5910, 10},
{17084, 10},{3031, 10},{6573, 10},{2815, 10},{3280, 10},{16671, 10},{2280, 10},{14960, 10},{16090, 10},{23706, 10},
{22492, 10},{21242, 10},{13565, 10},{21786, 10},{55, 10},{15968, 10},{7701, 10},{13672, 10},{5584, 10},{2274, 10},
{25862, 10},{9177, 10},{8698, 10},{15261, 10},{24056, 10},{21437, 10},{16269, 10},{11742, 10},{926, 10},{24263, 10},
{24483, 10},{1330, 10},{8784, 10},{24009, 10},{356, 10},{16296, 10},{2583, 10},{17493, 10},{19874, 10},{1795, 10},
{1758, 10},{12922, 10},{13638, 10},{8518, 10},{26317, 10},{9690, 10},{11771, 10},{2580, 10},{15528, 10},{9720, 10},
{7228, 10},{17276, 10},{22989, 10},{13110, 10},{14279, 10},{12724, 10},{24996, 10},{20677, 10},{1527, 10},{1117, 10},
{738, 10},{11980, 10},{19362, 10},{14894, 10},{19207, 10},{8162, 10},{20474, 10},{15660, 10},{8306, 10},{13006, 10},
{24589, 10},{3701, 10},{18330, 10},{16225, 10},{6429, 10},{15267, 10},{14525, 10},{4030, 10},{13847, 10},{7040, 10},
{3738, 10},{8780, 10},{11472, 10},{9714, 10},{18877, 10},{1997, 10},{14433, 10},{1436, 10},{23919, 10},{26048, 10},
{25839, 10},{11256, 10},{17663, 10},{24932, 10},{3197, 10},{6892, 17},{11607, 17},{6805, 17},{16993, 17},{19100, 17},
{12188, 17},{7720, 17},{3619, 17},{1075, 17},{8574, 3},{11056, 3},{24990, 17},{25189, 17},{14334, 17},{21982, 17},
{17095, 17},{14268, 17},{24160, 17},{3416, 3},{13620, 3},{12523, 3},{21309, 12},{18922, 17},{12562, 17},{2292, 17},
{25771, 17},{21391, 3},{3452, 13},{14229, 17},{12363, 15},{19944, 15},{8033, 15},{355, 15},{19108, 15},{5270, 15},
{14461, 15},{6388, 17},{10826, 17},{14446, 15},{14909, 15},{16309, 15},{11467, 15},{16361, 15},{14520, 15},{6550, 15},
{353, 15},{5269, 15},{25032, 15},{23410, 15},{2270, 15},{20602, 15},{8031, 15},{20604, 15},{8740, 15},{24956, 15},
{17493, 15},{25634, 15},{13349, 3},{13313, 3},{8634, 3},{3929, 3},{14427, 17},{6083, 17},{15585, 17},{18149, 17},
{7244, 17},{16771, 8},{23774, 8},{4147, 8},{633, 8},{11670, 8},{15729, 8},{4212, 8},{8836, 8},{8568, 8},
{7559, 8},{16861, 8},{11503, 8},{9547, 8},{20363, 8},{10953, 8},{14760, 17},{11669, 8},{634, 8},{8835, 8},
{9548, 8},{16860, 8},{7560, 8},{20362, 8},{11504, 8},{15730, 8},{8567, 8},{4146, 8},{4213, 8},{10952, 8},
{16772, 8},{23773, 8},{21102, 3},{14308, 3},{7091, 12},{1929, 3},{14341, 3},{674, 3},{21384, 3},{13321, 3},
{6423, 17},{11124, 17},{21399, 17},{7274, 8},{20200, 8},{19937, 8},{12329, 8},{4128, 8},{23061, 8},{13503, 8},
{20715, 8},{2628, 8},{25233, 8},{18783, 8},{6313, 8},{12657, 8},{22808, 8},{5023, 8},{20199, 8},{13203, 8},
{14308, 8},{12653, 8},{4129, 8},{18784, 8},{6279, 8},{1445, 8},{5024, 8},{7275, 8},{2629, 8},{25234, 8},
{22807, 8},{12328, 8},{20714, 8},{19529, 8},{22810, 8},{25235, 8},{23059, 8},{20713, 8},{14311, 8},{7272, 8},
{10844, 8},{12330, 8},{5021, 8},{20202, 8},{4130, 8},{1442, 8},{2630, 8},{18781, 8},{18782, 8},{5022, 8},
{20201, 8},{22809, 8},{11074, 8},{7273, 8},{25236, 8},{20712, 8},{4131, 8},{25239, 8},{12334, 8},{20717, 8},
{5017, 8},{15903, 8},{24363, 8},{11068, 8},{25944, 8},{4134, 8},{10848, 8},{18785, 8},{20198, 8},{7268, 8},
{22806, 8},{1446, 8},{20716, 8},{22805, 8},{18786, 8},{6283, 8},{1447, 8},{12333, 8},{5297, 8},{7269, 8},
{2627, 8},{14306, 8},{4135, 8},{25240, 8},{12677, 8},{20197, 8},{5018, 8},{974, 17},{21496, 17},{14329, 17},
{7981, 3},{15457, 13},{26027, 3},{723, 3},{14598, 17},{14370, 17},{2289, 17},{8571, 8},{4136, 8},{15726, 8},
{21727, 8},{7552, 8},{4215, 8},{11661, 8},{8828, 8},{16868, 8},{10960, 8},{638, 8},{10587, 8},{20359, 8},
{9541, 8},{11508, 8},{20510, 15},{6540, 15},{20514, 15},{6545, 15},{6546, 15},{6543, 15},{11504, 1},{6544, 15},
{6542, 15},{20689, 1},{8175, 1},{6550, 15},{6547, 15},{20513, 15},{6551, 15},{6541, 15},{20511, 15},{20512, 15},
{11059, 17},{3887, 17},{6010, 17},{24048, 3},{20407, 3},{17615, 3},{21282, 13},{12501, 3},{24904, 17},{21140, 17},
{11362, 17},{13348, 17},{14694, 17},{11908, 17},{18492, 17},{8679, 17},{12321, 17},{10821, 17},{4407, 17},{19720, 17},
{4291, 8},{25110, 8},{9368, 8},{9117, 8},{24659, 8},{25418, 8},{1555, 8},{17200, 8},{368, 8},{12781, 8},
{24240, 8},{23034, 8},{9816, 8},{22897, 8},{14, 8},{22185, 17},{9585, 17},{21221, 17},{18818, 17},{5347, 17},
{11912, 17},{658, 17},{9557, 17},{14655, 17},{20757, 17},{4688, 17},{15019, 17},{22787, 17},{2011, 17},{17536, 17},
{25464, 17},{16767, 17},{13023, 17},{10899, 17},{9342, 17},{22057, 17},{17906, 17},{9119, 17},{10848, 17},{10787, 17},
{9459, 12},{18586, 3},{4259, 3},{11176, 12},{7358, 3},{4121, 3},{3807, 17},{18727, 17},{3558, 17},{22313, 17},
{24607, 17},{25300, 3},{21385, 3},{9135, 12},{2455, 12},{7845, 17},{1491, 17},{21220, 17},{23907, 17},{10214, 17},
{23713, 15},{14445, 15},{7919, 15},{7925, 15},{4451, 15},{18300, 15},{25640, 15},{7920, 15},{10339, 15},{6550, 15},
{1186, 15},{6542, 15},{5273, 15},{24867, 15},{21231, 15},{26316, 15},{20598, 15},{14447, 15},{2270, 15},{19108, 15},
{8395, 15},{14448, 15},{13398, 15},{8027, 15},{25634, 15},{19947, 15},{25633, 15},{19297, 3},{25119, 13},{6700, 3},
{2062, 3},{23769, 3},{317, 17},{6634, 17},{26044, 17},{14789, 17},{20873, 3},{23554, 3},{6122, 17},{11661, 17},
{14737, 17},{10847, 17},{17282, 17},{587, 17},{10307, 17},{16435, 17},{20315, 3},{20693, 3},{6227, 13},{16886, 3},
{2460, 13},{11602, 3},{4964, 3},{15727, 3},{12755, 17},{26049, 17},{16813, 17},{7098, 13},{11868, 3},{9124, 13},
{11053, 3},{25116, 12},{19792, 17},{23037, 17},{9114, 17},{4302, 17},{7476, 7},{15629, 7},{15979, 7},{6802, 7},
{13444, 7},{25385, 7},{2433, 7},{19029, 7},{13446, 7},{25389, 7},{18153, 7},{14949, 7},{6086, 7},{18150, 7},
{13464, 7},{15973, 7},{6537, 7},{7977, 9},{24907, 7},{14423, 7},{21666, 7},{12497, 0},{21671, 7},{19029, 7},
{3503, 7},{10327, 7},{13446, 7},{21672, 7},{17093, 7},{1500, 7},{11397, 7},{7976, 9},{22771, 7},{2106, 7},
{6805, 7},{786, 7},{13448, 7},{2105, 7},{21750, 7},{14954, 7},{11398, 7},{21669, 7},{18159, 7},{25393, 7},
{17094, 7},{6079, 7},{1494, 7},{21670, 7},{21747, 7},{7976, 9},{1500, 7},{17091, 7},{6799, 7},{25394, 7},
{17829, 0},{24907, 7},{787, 7},{2439, 7},{6532, 7},{4372, 9},{6080, 7},{17092, 7},{6537, 7},{2105, 7},
{10327, 7},{13029, 7},{24013, 0},{1497, 7},{22771, 7},{9119, 7},{14953, 7},{789, 7},{5660, 7},{18147, 7},
{3153, 9},{21752, 7},{25386, 7},{14948, 7},{3512, 7},{783, 7},{13452, 7},{15971, 7},{2101, 7},{2443, 7},
{786, 7},{22767, 7},{13024, 7},{4608, 7},{19800, 7},{1498, 7},{25389, 7},{22769, 7},{3153, 9},{6086, 7},
{13028, 7},{19014, 7},{22767, 7},{15974, 7},{3112, 7},{10320, 7},{8074, 7},{2440, 7},{6529, 7},{791, 7},
{24909, 7},{22775, 7},{3113, 7},{15632, 7},{3508, 7},{6536, 7},{13023, 7},{13444, 7},{9115, 7},{7483, 7},
{10317, 7},{24906, 7},{6539, 7},{15971, 7},{15976, 7},{18152, 7},{15629, 7},{3152, 9},{21747, 7},{15629, 7},
{24900, 7},{10959, 0},{8068, 7},{6087, 7},{6800, 7},{13464, 7},{2442, 7},{6085, 7},{15971, 7},{21665, 7},
{11653, 7},{15976, 7},{3503, 7},{7977, 9},{3513, 7},{6536, 7},{2105, 7},{7481, 7},{13027, 7},{25388, 7},
{783, 7},{21753, 7},{5654, 7},{2099, 7},{782, 7},{15978, 7},{2103, 7},{6804, 7},{11653, 7},{19801, 7},
{14952, 7},{9121, 7},{4372, 9},{15975, 7},{3114, 7},{11399, 7},{6084, 7},{21751, 7},{10327, 7},{2100, 7},
{4371, 9},{3113, 7},{3513, 7},{24902, 7},{3502, 7},{12495, 0},{6087, 7},{6539, 7},{19014, 7},{10326, 7},
{19794, 7},{1079, 17},{14801, 17},{12037, 17},{4374, 17},{3702, 8},{25286, 8},{15513, 8},{21268, 8},{11300, 8},
{12459, 8},{17675, 8},{4373, 13},{21660, 3},{8145, 3},{24571, 3},{21682, 8},{25288, 8},{11302, 8},{592, 8},
{17677, 8},{15511, 8},{21270, 8},{20110, 17},{21793, 8},{12455, 8},{25282, 8},{586, 8},{17679, 8},{15509, 8},
{15111, 8},{21661, 8},{15113, 8},{25283, 8},{21263, 8},{17678, 8},{585, 8},{15510, 8},{25284, 8},{17681, 8},
{21266, 8},{12457, 8},{15507, 8},{588, 8},{15508, 8},{12456, 8},{20422, 8},{25285, 8},{17680, 8},{587, 8},
{21265, 8},{12452, 8},{596, 8},{15518, 8},{17670, 8},{25292, 8},{21262, 8},{12451, 8},{17669, 8},{15519, 8},
{595, 8},{21261, 8},{25293, 8},{5790, 17},{4387, 17},{23064, 17},{21489, 17},{20186, 17},{715, 17},{8526, 17},
{19740, 17},{17645, 17},{3107, 17},{7078, 17},{12891, 17},{22539, 17},{2629, 13},{10181, 3},{10846, 3},{19378, 17},
{6993, 17},{11873, 17},{5508, 17},{14685, 17},{7795, 17},{15767, 17},{10663, 17},{18768, 17},{13773, 17},{4470, 17},
{11177, 17},{20346, 17},{8837, 17},{25166, 17},{17890, 17},{21591, 17},{20395, 17},{1343, 17},{23504, 17},{4545, 8},
{8748, 8},{23914, 8},{23915, 8},{4544, 8},{8749, 8},{4543, 8},{8750, 8},{23916, 8},{4542, 8},{8751, 8},
{23917, 8},{23910, 8},{21982, 8},{4541, 8},{8744, 8},{21983, 8},{4540, 8},{8745, 8},{23911, 8},{21980, 8},
{23912, 8},{4539, 8},{8746, 8},{18533, 17},{23907, 8},{4537, 8},{8752, 8},{4536, 8},{23908, 8},{8753, 8},
{516, 17},{4973, 17},{23257, 17},{15404, 17},{15587, 17},{15453, 17},{22206, 17},{18609, 17},{24499, 17},{8441, 17},
{23945, 17},{6384, 17},{23818, 17},{4530, 17},{7749, 17},{16145, 8},{22708, 8},{10124, 8},{7685, 8},{14512, 8},
{2757, 8},{23464, 8},{8692, 8},{2643, 8},{4309, 8},{5533, 8},{22158, 8},{10096, 8},{5102, 8},{5503, 8},
{3524, 17},{8885, 17},{6380, 17},{10224, 17},{16814, 17},{24989, 17},{11401, 17},{607, 17},{2162, 17},{7280, 17},
{3928, 17},{1405, 17},{3502, 17},{26266, 17},{2116, 17},{18629, 17},{15234, 17},{11068, 17},{14650, 17},{15452, 13},
{8276, 3},{25275, 3},{19713, 17},{17854, 17},{1451, 17},{1410, 3},{21605, 3},{4129, 3},{13203, 3},{872, 3},
{3799, 17},{6162, 17},{2602, 17},{8573, 17},{13043, 17},{2324, 13},{25951, 3},{1302, 12},{25122, 3},{4081, 17},
{12618, 17},{1977, 17},{1541, 3},{3161, 13},{7682, 3},{3417, 3},{900, 12},{5586, 3},{13624, 3},{24832, 12},
{1175, 17},{676, 3},{1926, 3},{20195, 12},{16994, 17},{24238, 17},{20529, 17},{867, 12},{21650, 3},{21425, 17},
{4005, 17},{10327, 17},{16870, 17},{14904, 15},{10344, 15},{2274, 15},{22685, 17},{6546, 15},{24788, 15},{6545, 15},
{11465, 15},{1723, 15},{26305, 15},{7922, 15},{7919, 15},{1186, 15},{8392, 15},{355, 15},{347, 15},{21231, 15},
{11548, 15},{353, 15},{25638, 15},{7088, 15},{25515, 15},{10692, 15},{26306, 15},{18298, 15},{10342, 15},{2274, 15},
{2270, 15},{7844, 17},{20806, 17},{4019, 17},{14069, 17},{7717, 17},{7112, 17},{319, 17},{4750, 17},{22842, 17},
{14946, 17},{8990, 17},{14814, 17},{22259, 17},{22389, 9},{25304, 7},{7405, 7},{11896, 7},{4215, 7},{8625, 7},
{8618, 7},{22258, 7},{10988, 7},{25306, 7},{22390, 9},{5576, 7},{4221, 7},{5579, 7},{8837, 7},{2326, 9},
{5576, 7},{1941, 7},{21110, 7},{5586, 7},{18583, 7},{8696, 7},{22389, 9},{14360, 7},{18582, 7},{21550, 7},
{10158, 7},{8885, 7},{21119, 7},{1411, 7},{1942, 7},{2324, 9},{25299, 7},{14363, 7},{2326, 9},{15514, 7},
{22386, 9},{18586, 7},{14363, 7},{10242, 7},{1941, 7},{22386, 9},{10982, 7},{8859, 7},{15518, 7},{10242, 7},
{22385, 9},{13486, 7},{1404, 7},{1935, 7},{8621, 7},{18583, 7},{25298, 7},{1942, 7},{19965, 7},{5574, 7},
{22385, 9},{20564, 17},{19128, 17},{15839, 17},{9761, 17},{24127, 17},{11512, 17},{4391, 17},{5724, 17},{9401, 17},
{3210, 17},{18484, 1},{8850, 1},{24441, 15},{18513, 15},{14641, 15},{7408, 1},{4059, 1},{24438, 15},{24439, 15},
{21118, 1},{24444, 15},{18514, 15},{18518, 15},{24446, 15},{24021, 1},{18511, 15},{18510, 15},{24443, 15},{18517, 15},
{14649, 15},{6449, 1},{4285, 1},{21538, 1},{1937, 1},{15239, 1},{14360, 1},{5573, 1},{24437, 15},{18512, 15},
{7402, 1},{18516, 15},{18515, 15},{24440, 15},{21416, 15},{21411, 15},{4212, 1},{21414, 15},{5315, 15},{5316, 15},
{21116, 1},{1940, 1},{15235, 1},{6424, 15},{22259, 1},{7405, 1},{20556, 15},{21412, 15},{21407, 15},{21417, 15},
{6427, 15},{15887, 1},{8997, 1},{20503, 15},{5314, 15},{21415, 15},{21115, 1},{23959, 1},{21413, 15},{8840, 1},
{21406, 15},{25302, 1},{21418, 15},{3558, 1},{5323, 15},{20494, 15},{6429, 15},{25305, 1},{6455, 1},{1409, 1},
{2192, 15},{2139, 15},{13118, 15},{2138, 15},{2190, 15},{13113, 15},{13132, 15},{24182, 15},{15232, 1},{13108, 15},
{2142, 15},{2189, 15},{2188, 15},{15512, 1},{13124, 15},{24302, 15},{2191, 15},{8622, 1},{14356, 1},{10990, 1},
{66, 15},{22041, 15},{26188, 1},{16804, 15},{4218, 1},{62, 15},{24780, 15},{5580, 1},{23404, 15},{24786, 15},
{23954, 1},{5576, 1},{68, 15},{8701, 15},{14362, 1},{24789, 15},{23377, 15},{23435, 15},{23387, 15},{8698, 15},
{8620, 1},{21113, 1},{10158, 1},{5100, 1},{23416, 15},{21430, 1},{24790, 15},{9947, 15},{6417, 15},{6414, 15},
{8617, 1},{15514, 1},{9950, 15},{9940, 15},{6419, 15},{6413, 15},{9946, 15},{8619, 1},{3883, 1},{6415, 15},
{4057, 1},{9942, 15},{6420, 15},{5577, 1},{144, 1},{9943, 15},{6418, 15},{9941, 15},{9949, 15},{6416, 15},
{9944, 15},{7410, 1},{9945, 15},{12972, 15},{16131, 1},{24158, 15},{21524, 15},{21514, 15},{8616, 1},{21521, 15},
{24157, 15},{24152, 15},{24014, 1},{18392, 15},{24159, 15},{12971, 15},{24151, 15},{15518, 1},{21517, 15},{21426, 1},
{23349, 15},{21519, 15},{5586, 1},{21781, 1},{4215, 1},{24155, 15},{12986, 15},{24156, 15},{21516, 15},{21515, 15},
{16959, 1},{7701, 15},{21939, 1},{8243, 15},{15513, 1},{8239, 15},{1909, 15},{1919, 15},{7706, 15},{7702, 15},
{7705, 15},{21119, 1},{1908, 15},{21622, 1},{1918, 15},{18586, 1},{7703, 15},{18582, 1},{1907, 15},{16125, 1},
{11765, 15},{145, 1},{1411, 1},{7704, 15},{10667, 1},{14363, 1},{10365, 1},{11771, 15},{7700, 15},{7310, 1},
{21778, 1},{4063, 1},{8258, 15},{3195, 15},{3196, 15},{3200, 15},{1282, 15},{22260, 1},{3192, 15},{3202, 15},
{3201, 15},{8843, 1},{1281, 15},{1280, 15},{1277, 15},{1279, 15},{3191, 15},{1283, 15},{22262, 1},{21943, 1},
{3199, 15},{7406, 1},{1278, 15},{1285, 15},{1284, 15},{5575, 1},{10371, 1},{3197, 15},{1410, 1},{3198, 15},
{4061, 1},{20764, 17},{12183, 17},{18580, 17},{20856, 17},{4394, 17},{23065, 17},{18109, 17},{25779, 17},{882, 3},
{2630, 13},{22264, 3},{20878, 13},{14361, 3},{10848, 3},{13475, 8},{18812, 8},{25189, 8},{1018, 8},{25954, 8},
{21590, 8},{12533, 8},{3907, 8},{4052, 8},{17836, 8},{1933, 8},{4247, 8},{7133, 8},{10304, 17},{13474, 8},
{21991, 8},{25188, 8},{17835, 8},{3908, 8},{23624, 8},{18811, 8},{25955, 8},{21591, 8},{1019, 8},{4051, 8},
{4248, 8},{17120, 8},{8610, 17},{12518, 17},{16034, 17},{5532, 17},{14724, 3},{920, 3},{22333, 13},{14684, 3},
{14235, 3},{8606, 3},{3159, 12},{1621, 3},{9560, 12},{5904, 17},{15427, 17},{23502, 8},{17830, 8},{22003, 8},
{18819, 8},{25949, 8},{3914, 8},{4256, 8},{21582, 8},{15580, 8},{1014, 8},{25191, 8},{13480, 8},{4043, 8},
{1942, 8},{17102, 8},{11611, 17},{23333, 17},{16930, 7},{22426, 7},{24511, 7},{25662, 7},{26376, 7},{16937, 7},
{3621, 7},{26381, 7},{12120, 7},{23304, 7},{4849, 7},{18917, 7},{16524, 7},{25670, 7},{6992, 7},{4328, 7},
{23307, 7},{314, 7},{19475, 7},{25349, 7},{16517, 7},{21899, 7},{17162, 7},{11442, 9},{3615, 7},{17316, 7},
{4774, 7},{17903, 7},{20190, 7},{19476, 7},{312, 7},{11128, 7},{9372, 7},{5912, 7},{8666, 7},{23300, 7},
{16579, 17},{3252, 17},{13478, 8},{23504, 8},{17099, 8},{1936, 8},{25197, 8},{1012, 8},{15574, 8},{4049, 8},
{21588, 8},{25951, 8},{3916, 8},{4250, 8},{12538, 8},{18813, 8},{17828, 8},{900, 3},{21248, 3},{9460, 3},
{22327, 13},{3492, 17},{22547, 17},{8853, 15},{24856, 15},{21456, 15},{22497, 15},{23320, 17},{15972, 17},{24213, 17},
{162, 17},{12706, 17},{4118, 17},{11508, 17},{1450, 17},{7792, 17},{20086, 17},{21672, 17},{14594, 17},{7722, 17},
{16200, 17},{13670, 17},{13402, 15},{13403, 15},{13401, 15},{6400, 15},{23103, 15},{23100, 15},{6403, 15},{6407, 15},
{22211, 15},{22209, 15},{22210, 15},{18503, 15},{18502, 15},{18505, 15},{25631, 15},{25629, 15},{25630, 15},{643, 17},
{11047, 17},{4208, 7},{2373, 7},{15952, 7},{19530, 7},{24077, 7},{9066, 7},{11338, 7},{18775, 7},{22438, 7},
{4206, 7},{10463, 7},{6146, 7},{18168, 7},{10812, 7},{10405, 7},{17966, 7},{15288, 7},{10700, 7},{21395, 0},
{10408, 7},{8551, 7},{6383, 9},{22849, 7},{24074, 7},{13060, 7},{6386, 9},{11026, 7},{25452, 7},{15427, 7},
{19141, 7},{10811, 7},{18431, 0},{21815, 7},{10809, 7},{4406, 7},{9060, 7},{22206, 7},{24071, 7},{15955, 7},
{10804, 7},{2374, 7},{19151, 7},{25368, 7},{10404, 7},{10408, 7},{17246, 7},{17249, 7},{21534, 7},{25450, 7},
{26266, 7},{18880, 7},{6389, 9},{18775, 7},{15950, 7},{8551, 7},{21312, 7},{11081, 7},{19384, 7},{12681, 7},
{21315, 7},{21535, 7},{17248, 7},{15956, 7},{10461, 7},{18760, 7},{20971, 7},{11339, 7},{22199, 7},{10807, 7},
{3702, 0},{21533, 7},{15283, 7},{15951, 7},{26265, 7},{19146, 7},{15427, 7},{21314, 7},{18699, 7},{16833, 7},
{6384, 9},{21533, 7},{11612, 7},{15107, 7},{23689, 7},{11617, 7},{15356, 7},{15288, 7},{13061, 7},{12709, 7},
{20967, 7},{11613, 7},{3252, 7},{18239, 7},{15292, 7},{5726, 7},{22201, 7},{12703, 7},{15290, 7},{12704, 7},
{22206, 7},{12703, 7},{23695, 7},{15286, 7},{15425, 7},{18699, 7},{6385, 9},{19962, 7},{19948, 7},{7913, 7},
{25407, 7},{15426, 7},{22746, 7},{10812, 7},{10410, 7},{3255, 7},{15284, 7},{15358, 7},{25498, 7},{6140, 7},
{23692, 7},{11611, 7},{18774, 7},{16826, 7},{15363, 7},{5727, 7},{12706, 7},{587, 0},{2372, 7},{15292, 7},
{6381, 9},{406, 7},{24073, 7},{10807, 7},{5761, 7},{25459, 7},{9068, 7},{3587, 7},{15955, 7},{6386, 9},
{22013, 7},{11613, 7},{17244, 7},{21315, 7},{22015, 7},{25459, 7},{26265, 7},{21307, 7},{10694, 7},{22748, 7},
{3995, 7},{24074, 7},{11076, 7},{25893, 7},{12709, 7},{21310, 7},{496, 7},{4407, 7},{6140, 7},{22201, 7},
{17242, 7},{5758, 7},{11067, 7},{17249, 7},{21536, 7},{21317, 7},{25496, 7},{25893, 7},{22020, 7},{4403, 7},
{25892, 7},{16831, 7},{26266, 7},{19446, 7},{6385, 9},{7682, 0},{13061, 7},{16826, 7},{11615, 7},{23692, 7},
{26267, 7},{4405, 7},{21313, 7},{15424, 7},{19446, 7},{3084, 7},{25459, 7},{10410, 7},{4199, 7},{9063, 7},
{3996, 7},{22207, 7},{6142, 7},{18168, 7},{11612, 7},{21528, 7},{11009, 7},{5724, 7},{20971, 7},{11338, 7},
{23691, 7},{5723, 7},{21312, 7},{11216, 7},{22745, 7},{10404, 7},{17964, 7},{6380, 9},{15948, 7},{23153, 7},
{23693, 7},{10694, 7},{18697, 7},{15426, 7},{19148, 7},{18771, 7},{21815, 7},{14689, 7},{4200, 7},{9069, 7},
{11339, 7},{18435, 0},{9068, 7},{19145, 7},{7947, 7},{25884, 7},{4004, 7},{10709, 9},{23177, 7},{3995, 7},
{12495, 3},{22390, 13},{24571, 13},{4219, 3},{14657, 3},{21660, 13},{26239, 3},{18043, 3},{13316, 3},{4078, 3},
{20399, 3},{7273, 13},{22332, 3},{25918, 3},{3406, 13},{868, 13},{24072, 17},{11129, 17},{15768, 17},{4291, 17},
{20340, 7},{10287, 7},{4958, 7},{869, 9},{12036, 7},{24806, 7},{14800, 7},{25371, 7},{6270, 7},{8042, 7},
{5117, 7},{9517, 7},{25995, 7},{15021, 7},{14798, 7},{12945, 7},{7332, 7},{2820, 7},{14799, 7},{10286, 7},
{10290, 7},{7336, 7},{10304, 7},{25986, 7},{6025, 7},{3019, 0},{666, 7},{15019, 7},{7329, 7},{6026, 7},
{868, 9},{17075, 7},{6025, 7},{6628, 7},{6634, 7},{5121, 7},{11852, 7},{3189, 7},{23662, 7},{25772, 7},
{20336, 7},{15022, 7},{4958, 7},{5118, 7},{3186, 7},{25986, 7},{24806, 7},{18831, 7},{10286, 7},{21477, 7},
{18628, 7},{24314, 7},{3188, 7},{11849, 7},{14270, 7},{25373, 7},{5114, 7},{4653, 7},{3497, 7},{15022, 7},
{21732, 7},{14799, 7},{12941, 7},{25772, 7},{3470, 7},{23728, 0},{20335, 7},{13557, 7},{6271, 7},{14271, 7},
{21736, 7},{6266, 7},{12938, 7},{26144, 7},{8038, 7},{7846, 7},{24813, 7},{24317, 7},{22872, 7},{18838, 7},
{24882, 7},{8037, 7},{867, 9},{22865, 7},{18627, 7},{11853, 7},{4045, 0},{20335, 7},{5734, 7},{13555, 7},
{6635, 7},{4951, 7},{22866, 7},{10284, 7},{3188, 7},{23662, 7},{25771, 7},{11854, 7},{10303, 7},{9518, 7},
{7847, 7},{867, 9},{3476, 7},{14273, 7},{6029, 7},{10303, 7},{872, 9},{20333, 7},{25773, 7},{6628, 7},
{24813, 7},{1345, 7},{13557, 7},{4954, 7},{14797, 7},{3492, 7},{6267, 7},{4652, 7},{18601, 7},{3183, 7},
{14800, 7},{20339, 7},{18629, 7},{25376, 7},{24813, 7},{26139, 7},{8041, 7},{25995, 7},{10308, 7},{13350, 0},
{18621, 7},{11522, 7},{10291, 7},{15018, 7},{6629, 7},{21737, 7},{14271, 7},{9518, 7},{3187, 7},{872, 9},
{25370, 7},{15020, 7},{10286, 7},{655, 7},{6021, 7},{529, 7},{5112, 7},{13551, 7},{2823, 7},{1343, 7},
{11518, 7},{4949, 7},{7334, 7},{4952, 7},{5119, 7},{547, 7},{12940, 7},{4954, 7},{13553, 7},{661, 7},
{10289, 7},{10304, 7},{871, 9},{14802, 7},{11526, 7},{25375, 7},{17076, 7},{10292, 7},{26138, 7},{4956, 7},
{18621, 7},{12041, 7},{7845, 7},{25997, 7},{18600, 7},{26139, 7},{14973, 7},{24314, 7},{5121, 7},{25993, 7},
{3190, 7},{4655, 7},{21729, 7},{13552, 7},{25370, 7},{24812, 7},{21737, 7},{14973, 7},{11461, 7},{11851, 7},
{12040, 7},{2818, 7},{25994, 7},{11844, 7},{2819, 7},{12669, 0},{18836, 7},{22863, 7},{1341, 7},{11849, 7},
{10310, 7},{12517, 9},{10284, 7},{14973, 7},{14804, 7},{10312, 7},{11524, 7},{7853, 7},{25371, 7},{10309, 7},
{11525, 7},{20336, 7},{11455, 7},{4649, 7},{24812, 7},{10314, 7},{25769, 7},{6265, 7},{25775, 7},{12516, 9},
{2822, 7},{9759, 0},{2823, 7},{14268, 7},{24319, 7},{2821, 7},{21730, 7},{17087, 7},{6022, 7},{24808, 7},
{11521, 7},{20333, 7},{3185, 7},{18839, 7},{7843, 7},{20341, 7},{8040, 7},{6638, 7},{10311, 7},{8044, 7},
{24811, 7},{12041, 7},{12519, 9},{7334, 7},{8792, 7},{11854, 7},{21733, 7},{11522, 7},{1342, 7},{13555, 7},
{22190, 17},{746, 17},{24513, 17},{9726, 17},{19095, 17},{17803, 17},{10405, 17},{20507, 17},{20244, 17},{15140, 17},
{25281, 17},{11108, 17},{11896, 3},{17209, 3},{24489, 3},{3406, 3},{3215, 3},{8832, 17},{708, 17},{2062, 17},
{18801, 17},{21111, 17},{20340, 17},{13541, 17},{25175, 7},{21398, 7},{11907, 9},{7679, 7},{11680, 7},{20608, 7},
{20274, 7},{11907, 9},{14668, 7},{4091, 7},{20589, 7},{13476, 7},{11682, 7},{11910, 9},{18432, 7},{7677, 7},
{11911, 9},{17848, 7},{11676, 7},{24870, 7},{17853, 7},{3702, 7},{11673, 7},{19479, 7},{13474, 7},{601, 7},
{7690, 7},{603, 7},{25165, 7},{7678, 7},{10709, 9},{602, 7},{7686, 7},{21399, 7},{20603, 7},{11911, 9},
{18435, 7},{23781, 7},{2741, 17},{26233, 17},{19070, 17},{661, 17},{12970, 17},{9972, 17},{19000, 17},{16710, 17},
{7676, 17},{4637, 3},{8616, 3},{14192, 17},{20374, 3},{4084, 3},{8832, 3},{869, 17},{20774, 17},{4328, 17},
{3886, 17},{9955, 17},{22873, 17},{17076, 17},{21632, 17},{11602, 17},{6697, 17},{10681, 17},{20718, 17},{26058, 17},
{23138, 17},{14311, 17},{7436, 17},{3295, 17},{14165, 15},{9752, 15},{14167, 15},{9747, 15},{14166, 15},{9748, 15},
{23727, 1},{14164, 15},{9746, 15},{9749, 15},{9523, 1},{14169, 15},{9740, 15},{14168, 15},{655, 1},{13350, 1},
{9751, 15},{9750, 15},{9753, 15},{9739, 15},{7845, 1},{15716, 17},{3012, 17},{24677, 17},{20866, 17},{25206, 17},
{18303, 17},{21532, 17},{19484, 3},{24835, 3},{22323, 12},{14921, 17},{9819, 17},{22050, 17},{22019, 17},{23856, 17},
{9219, 17},{16827, 17},{15547, 17},{12310, 17},{13503, 12},{6383, 13},{14663, 3},{1901, 3},{4465, 3},{2684, 15},
{18846, 15},{18745, 15},{15259, 15},{12202, 15},{23756, 15},{9860, 15},{21346, 15},{2689, 15},{7519, 15},{1505, 15},
{3054, 15},{3285, 15},{4894, 15},{26216, 15},{26214, 15},{11357, 15},{16676, 15},{3056, 15},{14279, 15},{26217, 15},
{3223, 15},{14936, 15},{4088, 15},{23357, 15},{23363, 15},{22979, 15},{11491, 15},{596, 17},{20366, 17},{24166, 17},
{16808, 17},{64, 15},{26008, 1},{53, 15},{8920, 1},{12400, 15},{60, 15},{12398, 15},{5443, 15},{12394, 15},
{16995, 1},{63, 15},{12392, 15},{55, 15},{21357, 15},{58, 15},{12397, 15},{57, 15},{59, 15},{12395, 15},
{12396, 15},{21370, 15},{56, 15},{54, 15},{17849, 17},{3521, 17},{11399, 17},{13587, 17},{7390, 17},{16936, 17},
{11452, 17},{22941, 17},{18105, 17},{3334, 17},{11583, 17},{3726, 17},{23291, 17},{18710, 17},{18585, 3},{20106, 3},
{12520, 12},{15508, 3},{4106, 12},{24569, 3},{17678, 3},{23958, 17},{25233, 9},{12962, 7},{4639, 7},{24708, 7},
{12960, 7},{4964, 7},{4966, 7},{25240, 9},{20688, 7},{4632, 7},{4470, 7},{25240, 9},{11509, 7},{25239, 9},
{20694, 7},{4472, 7},{14820, 7},{25238, 9},{4471, 7},{4474, 7},{25238, 9},{18614, 7},{11506, 7},{1011, 7},
{11509, 7},{7867, 7},{19719, 9},{4473, 7},{14818, 7},{14813, 7},{4465, 7},{4476, 7},{7870, 7},{13787, 7},
{20687, 7},{5779, 17},{14820, 17},{15511, 17},{7764, 17},{605, 7},{19486, 7},{13479, 7},{13477, 7},{13483, 7},
{11909, 9},{17648, 8},{22097, 8},{7717, 8},{15010, 8},{26302, 8},{22012, 8},{12193, 8},{2289, 8},{6833, 8},
{17564, 8},{1393, 8},{8933, 8},{4535, 8},{19220, 8},{18967, 8},{15979, 17},{589, 17},{11912, 9},{20594, 7},
{21394, 7},{17853, 7},{19486, 7},{14663, 7},{16866, 17},{25119, 17},{16805, 17},{20437, 17},{8667, 17},{24287, 17},
{3940, 17},{4084, 17},{19273, 17},{13448, 17},{25888, 17},{25708, 17},{12184, 8},{2293, 8},{7482, 8},{18975, 8},
{7727, 8},{17556, 8},{15021, 8},{8937, 8},{17644, 8},{22016, 8},{26293, 8},{22116, 8},{8595, 8},{4526, 8},
{6837, 8},{21383, 17},{1387, 17},{1894, 3},{8361, 13},{10172, 17},{25498, 17},{25446, 17},{14333, 17},{7570, 17},
{21140, 7},{20752, 7},{25745, 7},{9083, 7},{25712, 7},{2922, 7},{14684, 9},{5967, 7},{17705, 7},{9216, 7},
{572, 7},{580, 7},{20755, 7},{5971, 7},{19179, 7},{25360, 7},{4545, 7},{14767, 7},{24608, 7},{19172, 7},
{20757, 7},{7263, 7},{9210, 7},{25907, 7},{3803, 7},{7255, 7},{752, 7},{18909, 7},{12907, 7},{22414, 7},
{25366, 7},{5637, 7},{25711, 7},{3927, 7},{14684, 9},{1456, 7},{11361, 7},{14186, 7},{579, 7},{24219, 7},
{14383, 7},{24603, 7},{24536, 7},{12185, 7},{25714, 7},{15442, 7},{14380, 7},{18994, 7},{25743, 7},{16717, 7},
{14190, 7},{2787, 7},{22803, 17},{17328, 17},{9595, 7},{1612, 7},{14384, 7},{1093, 7},{23513, 7},{7802, 7},
{7436, 7},{1095, 7},{11362, 7},{21138, 7},{16294, 7},{5969, 7},{577, 7},{2778, 7},{20865, 9},{21142, 7},
{18994, 7},{9596, 7},{7256, 7},{25741, 7},{25909, 7},{7433, 7},{14764, 7},{5995, 7},{752, 7},{5966, 7},
{19179, 7},{1611, 7},{22046, 7},{14379, 7},{18995, 7},{5998, 7},{12182, 7},{7265, 7},{3802, 7},{5353, 7},
{2785, 7},{9337, 7},{19862, 7},{14065, 0},{571, 7},{12901, 7},{7260, 7},{22040, 7},{14384, 7},{24219, 7},
{9341, 7},{339, 7},{2782, 7},{14770, 7},{1456, 7},{5634, 7},{22411, 7},{22047, 7},{21137, 7},{20866, 9},
{18996, 7},{20753, 7},{16077, 7},{2786, 7},{22413, 7},{15964, 7},{18885, 7},{6003, 7},{580, 7},{16728, 7},
{5972, 7},{9450, 7},{7807, 7},{25365, 7},{21143, 7},{1101, 7},{5998, 7},{20866, 9},{5351, 7},{19724, 7},
{7810, 7},{7038, 7},{9446, 7},{21144, 7},{12185, 7},{9083, 7},{2530, 7},{5353, 7},{7264, 7},{21144, 7},
{9445, 7},{24216, 7},{16717, 7},{9439, 7},{14772, 7},{24219, 7},{22889, 7},{9341, 7},{2744, 0},{22414, 7},
{14913, 7},{6001, 7},{20204, 7},{4918, 7},{23500, 7},{19714, 7},{9596, 7},{7258, 7},{5631, 7},{25739, 7},
{25718, 7},{22042, 7},{14192, 7},{2537, 7},{2532, 7},{13430, 9},{23510, 7},{15957, 7},{16074, 7},{19863, 7},
{18996, 7},{18990, 7},{9891, 7},{5999, 7},{5299, 7},{1101, 7},{2534, 7},{9442, 7},{20863, 9},{9591, 7},
{1612, 7},{1459, 7},{9210, 7},{25737, 7},{4137, 0},{24218, 7},{9218, 7},{1096, 7},{19169, 7},{20750, 7},
{5997, 7},{24219, 7},{7030, 7},{343, 7},{25905, 7},{20751, 7},{25911, 7},{20204, 7},{23509, 7},{1096, 7},
{19178, 7},{19174, 7},{2536, 7},{5999, 7},{25359, 7},{16294, 7},{21141, 7},{1098, 7},{2407, 7},{9786, 0},
{24611, 7},{5968, 7},{2537, 7},{16075, 7},{14765, 7},{5969, 7},{9341, 7},{15444, 7},{346, 7},{20863, 9},
{7031, 7},{281, 7},{17696, 7},{12183, 7},{9211, 7},{5632, 7},{15958, 7},{22415, 7},{3233, 0},{578, 7},
{16072, 7},{17705, 7},{7258, 7},{21142, 7},{25914, 7},{20751, 7},{7806, 7},{5971, 7},{4537, 7},{19724, 7},
{20864, 9},{22155, 7},{8436, 7},{14381, 7},{14195, 7},{343, 7},{1578, 0},{8922, 7},{25740, 7},{7437, 7},
{14770, 7},{23509, 7},{5357, 7},{12184, 7},{7433, 7},{22413, 7},{25744, 7},{4538, 7},{23510, 7},{1096, 7},
{5276, 7},{7424, 7},{5967, 7},{9081, 7},{24221, 7},{25742, 7},{5355, 7},{15965, 7},{345, 7},{18909, 7},
{2402, 7},{16290, 7},{5631, 7},{20204, 7},{21146, 7},{2406, 7},{24614, 7},{19862, 7},{12904, 7},{20865, 9},
{25739, 7},{24815, 17},{3592, 17},{24014, 17},{24905, 17},{19328, 3},{26009, 3},{3413, 3},{25120, 3},{24150, 17},
{21251, 17},{11911, 13},{17265, 3},{17244, 17},{6637, 17},{4401, 17},{22377, 17},{11672, 7},{22244, 7},{11184, 7},
{12874, 7},{14717, 7},{8639, 7},{14726, 7},{11811, 7},{15141, 7},{23135, 7},{23912, 7},{16047, 7},{8021, 7},
{1085, 7},{25730, 7},{5621, 7},{19694, 7},{24449, 7},{14718, 7},{22240, 7},{7748, 7},{4907, 7},{17206, 7},
{23917, 7},{23908, 7},{25115, 9},{15907, 7},{21493, 7},{2222, 7},{19377, 7},{7796, 7},{26108, 7},{10817, 7},
{19697, 7},{11808, 7},{14650, 7},{24378, 7},{4908, 7},{19689, 7},{7753, 7},{17201, 7},{16686, 7},{17940, 7},
{5199, 7},{19332, 0},{12175, 7},{20782, 7},{16683, 7},{154, 7},{9657, 7},{25724, 7},{21063, 7},{12880, 7},
{21486, 7},{2219, 7},{16170, 7},{14759, 7},{17938, 7},{1086, 7},{7745, 7},{5606, 7},{19229, 9},{268, 7},
{24442, 7},{14723, 7},{20841, 7},{14754, 7},{154, 7},{16389, 0},{10819, 7},{23137, 7},{21064, 7},{24047, 7},
{22911, 9},{16181, 7},{12590, 7},{10435, 7},{23908, 7},{19383, 7},{11809, 7},{24286, 7},{12167, 7},{2226, 7},
{17940, 7},{5975, 7},{23910, 7},{10033, 7},{15907, 7},{7744, 7},{22241, 7},{5620, 7},{4748, 7},{1086, 7},
{15910, 7},{19695, 7},{15136, 7},{3369, 7},{5619, 7},{25116, 9},{23129, 7},{12583, 7},{9880, 7},{5978, 7},
{19328, 0},{21061, 7},{19379, 7},{19018, 7},{12172, 7},{19019, 7},{24285, 7},{22589, 7},{9887, 7},{7799, 7},
{8637, 7},{16687, 7},{280, 7},{12881, 7},{10826, 7},{21055, 7},{24378, 7},{13265, 7},{12583, 7},{4751, 7},
{18970, 7},{5627, 7},{5974, 7},{5979, 7},{19379, 7},{11807, 7},{9656, 7},{17646, 7},{5613, 7},{8639, 7},
{16708, 0},{5620, 7},{2218, 7},{22239, 7},{9888, 7},{9654, 7},{25123, 9},{17479, 7},{18973, 7},{19690, 7},
{9658, 7},{10442, 7},{10434, 7},{5195, 7},{5981, 7},{17474, 7},{5194, 7},{4745, 7},{10436, 7},{5199, 7},
{24450, 7},{19023, 7},{12875, 7},{23400, 7},{16681, 7},{9884, 7},{11187, 7},{19698, 7},{2221, 7},{5975, 7},
{3726, 7},{25122, 9},{26113, 7},{12450, 7},{16688, 7},{9658, 7},{6352, 7},{7794, 7},{7799, 7},{1083, 7},
{23136, 7},{12581, 7},{1081, 7},{16685, 7},{12875, 7},{4753, 7},{18508, 7},{19693, 7},{16179, 7},{11188, 7},
{13266, 7},{23405, 7},{13263, 7},{9883, 7},{24378, 7},{6355, 7},{19690, 7},{23401, 7},{25827, 7},{10117, 7},
{26110, 7},{25124, 9},{13269, 7},{25720, 7},{11186, 7},{18975, 7},{21062, 7},{12168, 7},{2225, 7},{17478, 7},
{4898, 7},{14725, 7},{5195, 7},{12168, 7},{9309, 7},{25729, 7},{21491, 7},{4355, 7},{17944, 7},{17203, 7},
{13263, 7},{13731, 7},{24280, 7},{21064, 7},{5191, 7},{21059, 7},{2220, 7},{3727, 7},{11814, 7},{9308, 7},
{4356, 7},{20790, 7},{4750, 7},{14757, 7},{8021, 7},{25123, 9},{16682, 7},{4370, 17},{9310, 7},{23915, 7},
{12581, 7},{14650, 7},{20789, 7},{13706, 7},{9881, 7},{6355, 7},{15145, 7},{18971, 7},{19693, 7},{22909, 9},
{23907, 7},{24378, 7},{17941, 7},{11186, 7},{14723, 7},{11807, 7},{19381, 7},{11263, 7},{16679, 7},{10117, 7},
{4753, 7},{5195, 7},{22912, 9},{11808, 7},{12879, 7},{19691, 7},{6353, 7},{22500, 0},{9308, 7},{15137, 7},
{16685, 7},{17642, 7},{2631, 7},{17941, 7},{13265, 7},{2225, 7},{10826, 7},{17203, 7},{8174, 7},{4201, 8},
{25701, 8},{20672, 8},{9340, 8},{22429, 8},{24464, 8},{14599, 8},{13221, 8},{11334, 8},{18079, 8},{24017, 8},
{7106, 8},{21056, 8},{11458, 8},{6800, 8},{681, 17},{6014, 17},{20678, 15},{14043, 15},{14609, 15},{1915, 15},
{8418, 15},{25010, 15},{6966, 15},{8417, 15},{3093, 15},{11143, 15},{3431, 15},{19759, 15},{6183, 15},{1480, 15},
{5416, 15},{12117, 17},{568, 17},{16780, 17},{17477, 8},{667, 8},{23338, 8},{24146, 8},{5523, 8},{2107, 8},
{9406, 8},{16954, 8},{7336, 8},{4982, 8},{23645, 8},{11013, 8},{13721, 8},{8525, 8},{17696, 8},{17835, 3},
{15545, 3},{4136, 17},{76, 7},{4982, 7},{13572, 7},{23017, 7},{14830, 7},{2312, 7},{15871, 7},{26199, 7},
{26194, 7},{5511, 7},{26007, 7},{17515, 7},{17527, 7},{19280, 7},{8471, 7},{8472, 7},{6653, 7},{25926, 9},
{24991, 7},{23086, 7},{6470, 7},{7903, 7},{24458, 7},{24957, 9},{5256, 7},{20533, 7},{21759, 7},{23105, 7},
{1553, 7},{1551, 7},{23111, 7},{24460, 7},{18491, 7},{20491, 7},{23943, 7},{10681, 7},{1552, 7},{5253, 7},
{23764, 0},{4984, 7},{10496, 7},{6840, 7},{6339, 7},{21758, 7},{20507, 7},{23020, 7},{15868, 7},{12490, 7},
{25918, 9},{23108, 7},{3718, 7},{13570, 7},{13774, 7},{13765, 7},{13712, 7},{13717, 7},{26044, 7},{4986, 7},
{6654, 7},{19670, 7},{15383, 7},{13566, 7},{18491, 7},{7899, 7},{2313, 7},{9004, 7},{25218, 7},{6659, 7},
{25998, 7},{11728, 7},{13573, 7},{23096, 7},{7905, 7},{4111, 9},{9011, 7},{23012, 7},{9274, 7},{14881, 7},
{82, 7},{14828, 7},{10682, 7},{6768, 7},{8470, 7},{13713, 7},{6470, 7},{166, 7},{3718, 7},{1557, 7},
{5262, 7},{4986, 7},{23012, 7},{13712, 7},{11316, 0},{13572, 7},{163, 7},{19062, 7},{11749, 7},{9008, 7},
{19395, 7},{9011, 7},{19065, 7},{25999, 7},{7908, 7},{20868, 7},{11619, 7},{13084, 9},{20869, 7},{20531, 7},
{22662, 7},{4979, 7},{18234, 7},{1173, 7},{18492, 7},{10493, 7},{5261, 7},{23678, 15},{20008, 15},{23045, 15},
{8255, 15},{2351, 15},{18492, 7},{18238, 7},{10681, 7},{6838, 7},{75, 7},{10499, 7},{24989, 7},{19664, 7},
{25023, 7},{15867, 7},{21608, 0},{1168, 7},{15864, 7},{23096, 7},{6835, 7},{26005, 7},{6464, 7},{26044, 7},
{6834, 7},{18489, 7},{10496, 7},{3712, 7},{12489, 7},{12250, 7},{4112, 9},{23086, 7},{19276, 7},{9009, 7},
{13711, 7},{14835, 7},{19278, 7},{13568, 7},{4109, 9},{1172, 7},{13572, 7},{6771, 7},{9007, 7},{17535, 7},
{13768, 7},{14101, 7},{13716, 7},{24461, 7},{26049, 7},{1554, 7},{6833, 7},{12485, 7},{3633, 15},{23327, 15},
{21558, 15},{2953, 15},{23188, 15},{17085, 15},{8249, 15},{452, 15},{13614, 15},{2164, 15},{13919, 15},{11742, 15},
{1446, 12},{10317, 17},{14722, 17},{9452, 17},{17647, 17},{23817, 7},{15080, 7},{26184, 7},{18728, 7},{10670, 7},
{9952, 7},{11600, 7},{23954, 7},{26146, 9},{4287, 7},{6450, 7},{6454, 7},{7314, 7},{12445, 7},{7318, 7},
{10370, 7},{23255, 7},{17141, 7},{6823, 7},{10665, 7},{16753, 7},{23609, 7},{9952, 7},{16953, 7},{11710, 7},
{21943, 7},{17142, 7},{15240, 7},{26146, 9},{4295, 7},{10666, 7},{8991, 7},{146, 7},{15074, 7},{18478, 7},
{8991, 7},{10367, 7},{18482, 7},{21429, 7},{8995, 7},{12440, 7},{2294, 7},{21426, 7},{23957, 7},{23612, 7},
{6281, 7},{21778, 7},{24015, 7},{21431, 7},{15076, 7},{2146, 7},{26180, 7},{17892, 7},{23257, 7},{15240, 7},
{6446, 7},{10663, 7},{8145, 9},{18737, 7},{15230, 7},{17371, 7},{3896, 7},{12442, 7},{24017, 7},{15249, 7},
{26099, 7},{18481, 7},{17377, 7},{151, 7},{18738, 7},{23257, 7},{21937, 7},{21939, 7},{23260, 7},{10374, 7},
{21940, 7},{3563, 7},{8145, 9},{17136, 7},{18479, 7},{2297, 7},{14700, 7},{11968, 7},{3562, 7},{4217, 0},
{15230, 7},{23824, 7},{15889, 7},{152, 7},{10369, 7},{6446, 7},{26182, 7},{4287, 7},{15078, 7},{11579, 7},
{6820, 7},{3895, 7},{6446, 7},{2151, 7},{2297, 7},{6818, 7},{7316, 7},{26178, 7},{7312, 7},{5467, 7},
{16756, 7},{23816, 7},{17884, 7},{7314, 7},{9955, 7},{23062, 7},{6449, 7},{7319, 7},{3888, 7},{8146, 9},
{23956, 7},{805, 7},{15075, 7},{3565, 7},{16756, 7},{6819, 7},{11964, 7},{1829, 7},{15073, 7},{12445, 7},
{17888, 7},{6448, 7},{24017, 7},{15232, 7},{16953, 7},{3883, 7},{10367, 7},{15878, 7},{8146, 9},{4285, 7},
{7311, 7},{21619, 7},{16378, 7},{1937, 0},{6450, 7},{11965, 7},{2295, 7},{7313, 7},{12440, 7},{805, 7},
{6817, 7},{8148, 9},{6876, 7},{11968, 7},{6454, 7},{21433, 7},{21775, 7},{16758, 7},{15231, 7},{14703, 7},
{15076, 7},{2145, 7},{149, 7},{23065, 7},{6450, 7},{3881, 7},{8150, 9},{10667, 7},{21630, 7},{5464, 7},
{24018, 7},{7315, 7},{1829, 7},{11574, 7},{10662, 7},{143, 7},{17144, 7},{2288, 7},{15603, 17},{13453, 17},
{7152, 13},{16428, 12},{7275, 12},{25745, 17},{7090, 17},{5793, 17},{18997, 17},{21401, 3},{5486, 3},{6623, 3},
{19747, 15},{16148, 15},{6501, 15},{23655, 15},{19747, 15},{23172, 15},{386, 15},{17470, 17},{19623, 15},{3424, 15},
{19743, 15},{6502, 15},{2496, 15},{12925, 15},{23654, 15},{13941, 15},{11824, 15},{8299, 15},{11388, 15},{11830, 15},
{11556, 15},{14294, 15},{26206, 15},{14155, 15},{11962, 15},{21820, 15},{3420, 15},{4433, 15},{24186, 15},{19465, 15},
{11562, 15},{23652, 15},{19631, 15},{1444, 15},{17781, 15},{14332, 3},{11874, 3},{23737, 15},{5315, 15},{26160, 15},
{3897, 15},{6056, 15},{23099, 15},{10734, 15},{23744, 15},{10735, 15},{15308, 15},{6760, 15},{66, 15},{3899, 15},
{4215, 17},{13319, 17},{915, 17},{23624, 17},{2060, 7},{20309, 7},{20318, 7},{2063, 7},{13545, 7},{9136, 9},
{17320, 17},{21727, 17},{11756, 17},{8775, 7},{3171, 7},{640, 7},{9133, 9},{25947, 7},{11775, 17},{18813, 3},
{24836, 12},{21222, 3},{8932, 17},{21661, 17},{12581, 17},{3259, 17},{22102, 17},{3081, 17},{14723, 17},{25416, 17},
{11679, 17},{16684, 17},{3784, 17},{18797, 17},{4110, 3},{16385, 17},{17828, 3},{7556, 3},{6384, 13},{12333, 13},
{24811, 17},{3411, 3},{14304, 12},{2627, 3},{21118, 7},{25304, 7},{21117, 7},{15509, 7},{4219, 7},{15512, 7},
{20395, 9},{1937, 7},{21117, 7},{20395, 9},{5576, 7},{1939, 7},{8848, 7},{4059, 7},{7403, 7},{18587, 17},
{24101, 17},{4218, 7},{10242, 7},{4060, 7},{1936, 7},{5578, 7},{8620, 7},{4063, 7},{20400, 9},{7402, 7},
{7409, 7},{8696, 7},{20399, 9},{10991, 7},{22259, 7},{4061, 7},{4060, 7},{4221, 7},{1940, 7},{20398, 9},
{4217, 7},{25300, 7},{7408, 7},{22259, 7},{4221, 7},{16428, 9},{8885, 7},{18581, 7},{5577, 7},{20401, 9},
{10158, 7},{1939, 7},{15511, 7},{5577, 7},{14354, 7},{8859, 7},{5022, 9},{14360, 7},{1941, 7},{8885, 7},
{15507, 7},{21485, 7},{8623, 7},{10990, 7},{8843, 7},{20399, 9},{7403, 7},{21115, 7},{25301, 7},{16442, 9},
{25298, 7},{14356, 7},{6122, 7},{22389, 17},{21048, 17},{13350, 17},{21075, 3},{4045, 3},{4374, 3},{3808, 8},
{3807, 8},{13587, 7},{20367, 7},{18814, 7},{7358, 7},{2464, 9},{7359, 7},{15719, 7},{1619, 7},{15188, 7},
{1624, 7},{2463, 9},{7356, 7},{13593, 7},{2112, 7},{13596, 7},{2460, 9},{7352, 7},{8835, 7},{2112, 7},
{3219, 7},{3218, 7},{13595, 7},{16589, 7},{15716, 7},{2459, 9},{1621, 7},{22482, 7},{3217, 7},{2462, 9},
{2115, 7},{2465, 9},{9893, 7},{2117, 7},{22480, 7},{15714, 7},{6664, 7},{8828, 7},{2465, 9},{7359, 7},
{3215, 7},{20368, 7},{6667, 7},{2459, 9},{20365, 7},{6665, 7},{2466, 9},{3211, 7},{22477, 7},{2655, 17},
{25293, 17},{5630, 17},{887, 17},{6084, 17},{25286, 17},{21582, 17},{4647, 17},{16476, 17},{25370, 17},{21843, 17},
{20341, 17},{2144, 17},{3808, 17},{23384, 3},{9344, 12},{16435, 3},{6231, 13},{9126, 12},{18533, 3},{11847, 17},
{16761, 8},{16295, 8},{4746, 8},{14556, 8},{16619, 8},{3620, 8},{744, 8},{13066, 8},{13665, 8},{6270, 8},
{19399, 17},{11170, 17},{23255, 17},{4747, 17},{1631, 17},{7277, 3},{22803, 13},{23724, 3},{898, 13},{22389, 3},
{12371, 3},{25236, 12},{161, 17},{16801, 17},{12986, 15},{23831, 15},{23836, 15},{7754, 17},{1158, 15},{8661, 1},
{7551, 1},{3916, 1},{12758, 1},{1151, 15},{3636, 1},{1153, 15},{1160, 15},{880, 1},{26235, 1},{1156, 15},
{1155, 15},{1154, 15},{25215, 1},{1152, 15},{1157, 15},{3620, 17},{15886, 17},{8221, 17},{2464, 3},{18787, 13},
{1617, 17},{2155, 17},{15144, 17},{20867, 17},{6268, 17},{5624, 17},{20868, 17},{17028, 17},{9455, 17},{19706, 17},
{7375, 8},{6274, 8},{13669, 8},{16291, 8},{4750, 8},{3616, 8},{16757, 8},{13062, 8},{748, 8},{25210, 17},
{8177, 17},{4083, 17},{3617, 8},{6273, 8},{4751, 8},{16290, 8},{5508, 8},{749, 8},{13670, 8},{13061, 8},
{16758, 8},{20398, 17},{2410, 17},{25992, 17},{713, 17},{2567, 17},{8702, 17},{4718, 7},{3585, 7},{10680, 7},
{10201, 7},{10197, 7},{13051, 7},{11015, 7},{18468, 7},{7383, 7},{10677, 7},{22519, 7},{4007, 7},{9553, 9},
{20699, 7},{19265, 7},{12471, 7},{13044, 7},{9554, 9},{25205, 7},{4724, 7},{25206, 7},{5596, 7},{19896, 7},
{8431, 7},{10198, 7},{7712, 7},{10677, 7},{24394, 7},{125, 7},{16811, 7},{16802, 7},{10201, 7},{16805, 7},
{19529, 12},{2117, 3},{1302, 3},{18671, 7},{17606, 7},{16808, 7},{14149, 7},{18559, 7},{19599, 7},{5599, 7},
{22521, 7},{19456, 7},{18469, 7},{16542, 7},{23827, 7},{10784, 7},{22514, 7},{12678, 7},{20712, 9},{17172, 7},
{20867, 7},{25700, 7},{14328, 7},{25698, 7},{17175, 7},{22111, 7},{20712, 9},{4719, 7},{10411, 7},{16854, 7},
{25696, 7},{10787, 7},{19998, 7},{21351, 7},{19267, 7},{8431, 7},{3216, 0},{3590, 7},{18469, 7},{25699, 7},
{4721, 7},{11110, 7},{18467, 7},{25697, 7},{23290, 7},{23286, 7},{14326, 7},{9818, 7},{22513, 7},{20713, 9},
{10197, 7},{25316, 7},{22517, 7},{17599, 7},{380, 7},{3598, 7},{25457, 7},{2886, 7},{22522, 7},{22521, 7},
{15100, 7},{11015, 7},{25703, 7},{17602, 7},{10201, 7},{23282, 7},{18470, 7},{4722, 7},{3598, 7},{3584, 7},
{14321, 7},{664, 7},{19448, 7},{20713, 9},{20348, 7},{25454, 7},{11108, 7},{2884, 7},{7391, 7},{18471, 7},
{1385, 7},{18559, 7},{25460, 7},{18561, 7},{10674, 7},{669, 7},{11107, 7},{19456, 7},{3389, 7},{9551, 9},
{3585, 7},{17176, 7},{7392, 7},{15110, 7},{10786, 7},{1619, 0},{10200, 7},{4715, 7},{12475, 7},{25695, 7},
{16625, 7},{5965, 7},{14457, 7},{18471, 7},{14470, 7},{18468, 7},{1389, 7},{3215, 0},{9551, 9},{25211, 7},
{19261, 7},{18560, 7},{12618, 7},{3391, 7},{19266, 7},{16807, 7},{23286, 7},{4720, 7},{25200, 7},{16625, 7},
{10786, 7},{20344, 7},{12629, 7},{4724, 7},{663, 7},{9552, 9},{13048, 7},{10677, 7},{10784, 7},{23285, 7},
{12687, 7},{4007, 7},{7390, 7},{3550, 7},{12473, 7},{19260, 7},{16589, 0},{2878, 7},{3395, 7},{1390, 7},
{21994, 7},{14460, 7},{23282, 7},{2884, 7},{15103, 7},{17180, 7},{24393, 7},{2780, 7},{22099, 7},{22517, 7},
{17604, 7},{20722, 9},{23288, 7},{17171, 7},{21351, 7},{10789, 7},{3550, 7},{20703, 7},{20345, 7},{9816, 7},
{25209, 7},{12678, 7},{22112, 7},{11112, 7},{20013, 7},{25206, 7},{25947, 17},{3966, 17},{13820, 17},{14774, 17},
{21505, 17},{10642, 17},{10803, 17},{6469, 17},{5970, 17},{4057, 3},{22863, 17},{9116, 17},{17948, 17},{16619, 17},
{13570, 17},{6383, 17},{23108, 17},{7719, 17},{4919, 17},{7429, 17},{8366, 12},{180, 13},{19080, 17},{979, 17},
{2438, 17},{19178, 17},{7975, 17},{21074, 17},{17852, 17},{6536, 17},{2456, 12},{9567, 3},{16706, 3},{20877, 12},
{1545, 3},{25028, 13},{14330, 17},{10903, 17},{21611, 3},{4117, 3},{8147, 13},{23723, 3},{20357, 3},{13715, 17},
{19279, 17},{25462, 17},{11347, 17},{10191, 17},{17635, 17},{2434, 17},{3217, 17},{14324, 8},{6344, 8},{14336, 8},
{25739, 8},{21508, 8},{5613, 8},{17390, 8},{15888, 8},{5911, 8},{21477, 8},{9065, 8},{10061, 8},{5653, 8},
{5934, 8},{6190, 8},{1445, 9},{11053, 7},{12321, 7},{874, 7},{19517, 7},{10444, 7},{24044, 7},{26235, 7},
{19516, 7},{3639, 7},{1445, 9},{15110, 17},{25215, 7},{3917, 7},{3637, 7},{17211, 7},{11048, 7},{1449, 9},
{22941, 7},{19516, 7},{12324, 7},{19513, 7},{3636, 7},{19517, 7},{4259, 7},{12303, 7},{1448, 9},{19519, 7},
{3645, 7},{24039, 7},{24347, 7},{1446, 9},{12303, 7},{7551, 7},{26236, 7},{7557, 7},{26234, 7},{17215, 7},
{10443, 7},{3641, 7},{880, 7},{1446, 9},{1447, 9},{3911, 7},{17208, 7},{1447, 9},{3638, 7},{19937, 9},
{12324, 7},{4362, 7},{883, 7},{19937, 9},{22950, 7},{13731, 17},{4410, 17},{14357, 17},{4218, 17},{601, 17},
{7269, 17},{22347, 17},{18153, 17},{5654, 17},{5726, 17},{14145, 17},{17689, 17},{21783, 17},{22256, 17},{1608, 17},
{11181, 17},{17473, 17},{15542, 3},{16766, 3},{23856, 3},{18615, 3},{15517, 17},{19019, 17},{9591, 17},{2648, 17},
{17140, 17},{25791, 17},{8038, 17},{5290, 17},{6816, 17},{11749, 17},{3986, 17},{20686, 17},{5357, 17},{3385, 17},
{22910, 17},{8850, 17},{16925, 17},{20184, 17},{4475, 17},{17732, 17},{5096, 17},{22369, 3},{18037, 3},{4969, 3},
{9787, 3},{865, 3},{9698, 3},{21390, 3},{4372, 12},{20083, 3},{18242, 17},{21138, 17},{12945, 17},{6335, 17},
{3392, 17},{5278, 17},{21224, 7},{14223, 7},{7101, 7},{394, 7},{7104, 7},{24831, 9},{13321, 7},{396, 7},
{9701, 7},{393, 7},{24830, 9},{399, 7},{8575, 7},{7216, 7},{9703, 7},{15839, 7},{1544, 7},{24830, 9},
{15845, 7},{394, 7},{21219, 7},{21223, 7},{8572, 7},{24837, 9},{14479, 7},{15580, 7},{21222, 7},{15576, 7},
{20089, 7},{24837, 9},{9706, 7},{1542, 7},{15840, 7},{20084, 7},{398, 7},{24836, 9},{8574, 7},{2629, 17},
{12461, 17},{26029, 17},{23937, 12},{3918, 3},{12167, 17},{1171, 17},{16921, 17},{26155, 15},{21061, 17},{19170, 17},
{25461, 17},{17669, 3},{10158, 3},{26261, 17},{7313, 17},{11675, 17},{4685, 17},{20406, 3},{6665, 3},{12332, 13},
{3158, 12},{19025, 17},{21783, 8},{2415, 8},{3988, 8},{14950, 8},{4951, 8},{7760, 8},{19060, 8},{2647, 8},
{7823, 8},{17969, 8},{15587, 8},{18799, 8},{10680, 8},{13974, 8},{11188, 8},{11672, 17},{148, 17},{13245, 17},
{7153, 17},{9515, 17},{8672, 17},{3183, 17},{25944, 17},{8699, 17},{18600, 17},{6620, 17},{17232, 17},{18956, 8},
{8226, 8},{8105, 8},{7157, 8},{22797, 8},{1741, 8},{11571, 8},{16449, 8},{12900, 8},{7144, 8},{22309, 8},
{19928, 8},{7007, 8},{21249, 8},{3270, 8},{7143, 8},{3271, 8},{7821, 8},{18955, 8},{19929, 8},{20588, 8},
{7006, 8},{10658, 8},{8106, 8},{23529, 8},{22798, 8},{22308, 8},{11570, 8},{1740, 8},{7156, 8},{10660, 8},
{19926, 8},{1739, 8},{8107, 8},{19894, 8},{7009, 8},{11573, 8},{23528, 8},{7142, 8},{3272, 8},{22795, 8},
{22307, 8},{7159, 8},{7818, 8},{18954, 8},{7819, 8},{1738, 8},{7158, 8},{22306, 8},{18953, 8},{7141, 8},
{7008, 8},{20561, 8},{19927, 8},{11572, 8},{3273, 8},{23527, 8},{22796, 8},{10664, 8},{8108, 8},{7816, 8},
{20616, 8},{23526, 8},{18952, 8},{10669, 8},{19924, 8},{3274, 8},{7161, 8},{7003, 8},{8101, 8},{7148, 8},
{22801, 8},{1745, 8},{1904, 8},{11567, 8},{23525, 8},{8102, 8},{10673, 8},{11566, 8},{7160, 8},{7817, 8},
{22304, 8},{7147, 8},{19925, 8},{20623, 8},{22802, 8},{7002, 8},{1744, 8},{3275, 8},{18951, 8},{12681, 17},
{7145, 8},{7004, 8},{1742, 8},{22302, 8},{3277, 8},{20610, 8},{19923, 8},{11568, 8},{18949, 8},{22800, 8},
{10679, 8},{23523, 8},{21230, 8},{7162, 8},{8104, 8},{22301, 8},{7150, 8},{3266, 8},{18960, 8},{7826, 8},
{16455, 8},{19930, 8},{10640, 8},{1736, 8},{8099, 8},{7013, 8},{23520, 8},{11565, 8},{7165, 8},{22792, 8},
{18696, 17},{3803, 17},{8867, 17},{5119, 17},{17851, 17},{1449, 17},{2252, 15},{2253, 15},{2251, 15},{2659, 15},
{85, 15},{84, 15},{2948, 15},{18052, 15},{18050, 15},{2953, 15},{5588, 17},{7407, 3},{21108, 17},{11849, 17},
{21994, 17},{4723, 17},{16192, 17},{12684, 17},{25232, 9},{18614, 7},{11873, 7},{25236, 9},{1016, 7},{12961, 7},
{11871, 7},{14819, 7},{18612, 7},{25236, 9},{25787, 7},{4476, 7},{20690, 7},{11872, 7},{4969, 7},{25235, 9},
{7189, 9},{11507, 7},{11875, 7},{18618, 7},{18615, 7},{7870, 7},{4969, 7},{4971, 7},{14811, 7},{1009, 7},
{14813, 7},{7188, 9},{4471, 7},{1010, 7},{18610, 7},{4971, 7},{7188, 9},{14814, 7},{1019, 7},{25781, 7},
{12960, 7},{25232, 9},{4469, 7},{9456, 17},{20687, 7},{18613, 7},{25783, 7},{7190, 9},{4964, 7},{25785, 7},
{4640, 7},{4470, 7},{18613, 7},{21843, 7},{1018, 7},{7189, 9},{17829, 17},{7841, 17},{20182, 17},{4062, 3},
{9548, 3},{24831, 13},{674, 17},{5075, 15},{23446, 1},{22850, 15},{2843, 15},{2845, 15},{12319, 1},{2842, 15},
{4481, 1},{22856, 15},{2153, 1},{2844, 15},{2840, 15},{22857, 15},{18650, 1},{22855, 15},{22858, 15},{22851, 15},
{22860, 15},{2841, 15},{14488, 1},{5090, 15},{22859, 15},{3765, 1},{26297, 17},{25772, 17},{17022, 1},{20582, 15},
{20585, 15},{8567, 1},{9704, 1},{14235, 1},{24997, 15},{4477, 1},{20578, 15},{10102, 15},{20581, 15},{17331, 1},
{8569, 1},{5597, 1},{20087, 1},{18373, 15},{25129, 1},{15836, 1},{20584, 15},{16820, 1},{394, 1},{24556, 15},
{20583, 15},{15580, 1},{20577, 15},{24704, 15},{10086, 15},{1544, 1},{20576, 15},{20579, 15},{4484, 1},{1820, 15},
{20580, 15},{14485, 1},{25011, 15},{24996, 15},{18369, 15},{13850, 15},{13853, 15},{20829, 15},{403, 1},{20831, 15},
{20830, 15},{14239, 1},{13847, 15},{13851, 15},{13856, 15},{13855, 15},{13848, 15},{17458, 1},{16623, 1},{20827, 15},
{13849, 15},{20828, 15},{20832, 15},{15576, 1},{13852, 15},{20826, 15},{13854, 15},{20833, 15},{9640, 15},{5409, 15},
{25207, 15},{5534, 15},{5405, 15},{5407, 15},{9700, 1},{9699, 1},{5490, 15},{14481, 1},{5404, 15},{9638, 15},
{20090, 1},{5498, 15},{15844, 1},{16813, 1},{5494, 15},{8581, 1},{19987, 1},{5408, 15},{25318, 1},{17330, 1},
{9642, 15},{9648, 15},{5403, 15},{25163, 15},{5402, 15},{5406, 15},{15100, 17},{7748, 17},{18040, 17},{15958, 17},
{7687, 17},{3560, 7},{11580, 7},{143, 7},{10365, 7},{21942, 7},{1826, 7},{10670, 7},{805, 7},{24015, 7},
{18485, 7},{21783, 7},{2145, 7},{8151, 9},{22256, 0},{11970, 7},{23957, 7},{148, 7},{21433, 7},{3564, 7},
{15077, 7},{3565, 7},{18479, 7},{15885, 7},{152, 7},{13412, 17},{8198, 17},{16967, 15},{25, 15},{10953, 1},
{16970, 15},{16972, 15},{23, 15},{18, 15},{16973, 15},{16968, 15},{21, 15},{22, 15},{20, 15},{26028, 1},
{16965, 15},{4171, 1},{24, 15},{10317, 1},{19, 15},{16964, 15},{9115, 1},{4173, 1},{26033, 1},{13449, 1},
{18534, 1},{16971, 15},{16966, 15},{16969, 15},{10257, 17},{1571, 17},{5784, 12},{14355, 0},{18732, 7},{2293, 7},
{2291, 7},{18736, 7},{17885, 7},{151, 7},{15078, 7},{21935, 7},{24015, 7},{16378, 7},{18733, 7},{2297, 7},
{8153, 9},{3882, 7},{6284, 7},{13107, 7},{18728, 7},{11969, 7},{23058, 7},{19327, 17},{8997, 7},{16962, 7},
{17137, 7},{17890, 7},{23817, 7},{15234, 7},{7309, 7},{14697, 7},{8994, 7},{21116, 0},{2289, 7},{18479, 7},
{9955, 7},{2144, 7},{23058, 7},{6453, 7},{5468, 7},{16960, 7},{6822, 7},{6817, 7},{6450, 7},{7313, 7},
{2294, 7},{23070, 7},{6819, 7},{23820, 7},{19357, 9},{26178, 7},{19792, 1},{525, 15},{523, 15},{19306, 1},
{26254, 15},{26251, 15},{26256, 15},{26257, 15},{26255, 15},{12498, 1},{13450, 1},{524, 15},{26259, 15},{25276, 1},
{520, 15},{21667, 1},{519, 15},{26250, 15},{26258, 15},{527, 15},{518, 15},{521, 15},{522, 15},{12494, 1},
{26253, 15},{528, 15},{26252, 15},{19259, 17},{3887, 7},{2144, 7},{8990, 7},{16757, 7},{10368, 7},{21775, 7},
{18735, 7},{8151, 9},{11649, 7},{17137, 7},{10983, 0},{9956, 7},{11576, 7},{9032, 12},{26221, 13},{4095, 17},
{5638, 17},{4112, 9},{21388, 7},{10132, 7},{5488, 7},{4111, 9},{16925, 7},{23769, 7},{21666, 17},{16864, 3},
{7876, 3},{20722, 3},{5629, 17},{7351, 17},{17259, 3},{8871, 3},{3161, 3},{9557, 3},{22362, 17},{25317, 17},
{1933, 17},{23281, 17},{8074, 17},{16771, 3},{20788, 17},{6232, 3},{16751, 3},{13348, 3},{12539, 3},{1009, 3},
{16477, 17},{24623, 17},{901, 17},{12494, 17},{8991, 17},{16585, 17},{2246, 17},{4076, 3},{25949, 3},{4147, 3},
{25124, 17},{15785, 17},{24624, 17},{8608, 17},{26403, 17},{3478, 17},{21628, 17},{12931, 17},{9109, 17},{10957, 17},
{13444, 17},{17170, 17},{9830, 17},{6305, 17},{3255, 1},{1780, 15},{19144, 1},{21812, 1},{18437, 1},{14669, 1},
{1787, 15},{7678, 1},{1786, 15},{1781, 15},{25888, 1},{23778, 1},{25165, 1},{19964, 1},{1784, 15},{1783, 15},
{1782, 15},{1779, 15},{10588, 1},{1785, 15},{23782, 1},{191, 15},{10587, 1},{189, 15},{11681, 1},{14667, 1},
{192, 15},{193, 15},{7686, 1},{188, 15},{15284, 1},{10805, 1},{190, 15},{20277, 1},{19133, 17},{22038, 15},
{22033, 15},{24070, 1},{21527, 1},{5762, 1},{22199, 1},{257, 15},{19150, 1},{19449, 1},{22036, 15},{22034, 15},
{18773, 1},{22035, 15},{9674, 15},{9668, 15},{9669, 15},{25890, 1},{22746, 1},{9672, 15},{9675, 15},{4100, 1},
{9670, 15},{9673, 15},{20603, 1},{9671, 15},{9667, 15},{9666, 15},{13997, 15},{7677, 1},{13998, 15},{19384, 1},
{13996, 15},{13476, 1},{591, 1},{13994, 15},{4579, 15},{4566, 15},{11676, 1},{603, 1},{22013, 1},{600, 1},
{15951, 1},{4553, 15},{14003, 15},{21534, 1},{14666, 1},{13995, 15},{13479, 1},{4565, 15},{24740, 15},{24738, 15},
{7683, 1},{24737, 15},{10404, 1},{10589, 1},{24742, 15},{24741, 15},{24744, 15},{4092, 1},{4404, 1},{24739, 15},
{24743, 15},{25164, 1},{14103, 15},{6649, 15},{11682, 1},{585, 1},{13474, 1},{6646, 15},{6648, 15},{599, 1},
{6645, 15},{20971, 1},{6651, 15},{6644, 15},{6650, 15},{17969, 1},{6647, 15},{6656, 15},{19879, 15},{21400, 1},
{21402, 1},{7690, 1},{16438, 15},{17851, 1},{21307, 1},{16439, 15},{19874, 15},{16443, 15},{21398, 1},{16441, 15},
{16446, 15},{16444, 15},{5720, 1},{13477, 1},{9069, 1},{23177, 1},{16445, 15},{17847, 1},{20274, 1},{4205, 1},
{18432, 1},{11675, 1},{595, 1},{14217, 15},{14226, 15},{14218, 15},{589, 1},{4095, 1},{605, 1},{23774, 1},
{14222, 15},{14216, 15},{13475, 1},{5856, 15},{14665, 1},{14221, 15},{13062, 1},{14220, 15},{14219, 15},{20279, 1},
{21395, 1},{12705, 1},{10377, 15},{7682, 1},{10380, 15},{9695, 15},{10379, 15},{17964, 1},{21313, 1},{10378, 15},
{10376, 15},{11679, 1},{3085, 1},{10375, 15},{21530, 1},{12781, 1},{18671, 17},{1009, 17},{1541, 17},{26112, 17},
{12882, 17},{4904, 17},{13240, 17},{21446, 17},{15137, 17},{14764, 17},{18423, 17},{21875, 17},{8508, 17},{21993, 17},
{920, 17},{2415, 17},{12877, 17},{19302, 17},{9558, 17},{16991, 17},{19142, 17},{20200, 13},{14020, 17},{6193, 17},
{13024, 17},{711, 17},{176, 17},{8197, 17},{26024, 17},{8777, 17},{2896, 17},{4122, 12},{10589, 3},{7090, 13},
{15246, 17},{8795, 15},{16955, 17},{20787, 17},{10313, 17},{2288, 17},{1176, 17},{3763, 17},{13793, 17},{22870, 17},
{17160, 17},{8769, 17},{18831, 17},{791, 17},{25768, 17},{2676, 17},{25195, 3},{16390, 17},{1928, 17},{19262, 17},
{19862, 17},{7426, 17},{7793, 17},{11462, 17},{25284, 3},{10957, 3},{25234, 13},{21223, 3},{26225, 13},{4119, 13},
{13503, 13},{15292, 17},{19355, 17},{1397, 17},{24239, 17},{3449, 17},{24614, 17},{9006, 17},{24460, 17},{6865, 17},
{25782, 7},{25233, 9},{13787, 7},{20686, 7},{12961, 7},{20689, 7},{23034, 17},{24610, 17},{19332, 17},{4208, 17},
{4025, 17},{99, 17},{11907, 13},{21119, 3},{876, 3},{18783, 3},{23451, 17},{4253, 3},{14681, 13},{7275, 3},
{602, 3},{7154, 17},{4745, 17},{23401, 17},{11360, 17},{23771, 3},{20115, 3},{21587, 3},{16707, 3},{3450, 13},
{23393, 8},{6104, 8},{11920, 8},{1963, 8},{13750, 8},{10134, 8},{4192, 8},{2694, 8},{9800, 8},{25801, 8},
{21169, 8},{26171, 8},{15742, 8},{12648, 8},{1467, 8},{15741, 8},{25800, 8},{4191, 8},{23394, 8},{1964, 8},
{12647, 8},{9799, 8},{1468, 8},{13751, 8},{6103, 8},{7014, 8},{10135, 8},{2693, 8},{21171, 8},{11921, 8},
{5982, 17},{9801, 8},{10137, 8},{1962, 8},{15739, 8},{5173, 8},{11919, 8},{12645, 8},{23396, 8},{25802, 8},
{2695, 8},{15475, 8},{1470, 8},{24205, 17},{12962, 7},{11870, 7},{14814, 7},{25234, 9},{12961, 7},{20693, 7},
{7874, 7},{5178, 8},{1465, 8},{1957, 8},{15478, 8},{12650, 8},{15736, 8},{11914, 8},{22562, 8},{25799, 8},
{23391, 8},{2700, 8},{6106, 8},{10140, 8},{4196, 8},{3457, 8},{1466, 8},{3458, 8},{12649, 8},{15735, 8},
{6105, 8},{5376, 8},{25798, 8},{11915, 8},{2699, 8},{23392, 8},{1958, 8},{4195, 8},{9797, 8},{22784, 8},
{10141, 8},{4466, 7},{4633, 7},{18616, 7},{20690, 7},{1014, 7},{25784, 7},{25234, 9},{1966, 8},{5170, 8},
{23385, 8},{11922, 8},{12644, 8},{1471, 8},{15485, 8},{10131, 8},{2702, 8},{25793, 8},{5169, 8},{1967, 8},
{8260, 8},{1472, 8},{11923, 8},{15486, 8},{23386, 8},{25792, 8},{2701, 8},{12643, 8},{12747, 17},{13405, 17},
{17959, 17},{10928, 3},{5017, 13},{868, 3},{20880, 12},{1087, 17},{18122, 17},{15142, 17},{23015, 17},{9707, 17},
{15845, 17},{10261, 17},{13284, 15},{18368, 15},{13287, 15},{3110, 15},{11294, 15},{25181, 15},{21890, 15},{11034, 15},
{7125, 15},{21451, 15},{21450, 15},{21892, 15},{3378, 15},{25181, 15},{25085, 15},{13382, 15},{13837, 15},{13841, 15},
{1644, 15},{24937, 15},{24940, 15},{24938, 15},{2937, 15},{11037, 15},{26264, 15},{22383, 15},{6842, 17},{8857, 15},
{9790, 15},{6521, 15},{21450, 15},{2938, 15},{22496, 15},{23271, 15},{23128, 17},{10852, 17},{5824, 17},{8775, 3},
{10920, 3},{9893, 3},{14333, 3},{2461, 12},{25115, 17},{15864, 17},{1540, 17},{17314, 17},{7270, 17},{26068, 15},
{24757, 15},{24134, 15},{21794, 15},{8401, 15},{3145, 15},{24135, 15},{8971, 15},{18067, 15},{20665, 15},{6348, 15},
{17915, 15},{4164, 15},{5086, 15},{24137, 15},{4250, 17},{24493, 17},{11066, 17},{20647, 17},{11107, 17},{23086, 17},
{8663, 17},{20271, 17},{3613, 17},{26316, 8},{15961, 8},{5925, 8},{8305, 8},{3906, 8},{17216, 8},{16983, 8},
{23857, 8},{4643, 8},{2237, 8},{19815, 8},{25929, 8},{15221, 8},{14280, 8},{23403, 8},{26291, 8},{20917, 8},
{8966, 8},{10237, 8},{742, 8},{19215, 8},{2263, 8},{6439, 8},{24524, 8},{12154, 8},{1779, 8},{2355, 8},
{3849, 8},{2959, 8},{9634, 8},{3103, 8},{8734, 8},{4368, 8},{17224, 8},{21564, 8},{22762, 8},{16489, 8},
{5086, 8},{1798, 8},{7525, 8},{12715, 8},{16887, 8},{21407, 8},{22960, 8},{2285, 8},{22850, 8},{1502, 8},
{8387, 8},{623, 8},{8888, 8},{3569, 8},{9982, 8},{8291, 8},{14451, 8},{25148, 8},{2492, 8},{2587, 8},
{1444, 8},{25529, 8},{1266, 8},{11143, 8},{2683, 8},{9387, 8},{12143, 8},{23811, 8},{24475, 8},{9985, 8},
{23009, 8},{7660, 8},{17957, 8},{22090, 8},{14109, 8},{14161, 8},{19778, 8},{2024, 8},{5483, 8},{21042, 8},
{5662, 8},{9667, 8},{21350, 8},{10511, 8},{24152, 8},{16242, 8},{1479, 8},{14110, 8},{6570, 8},{12198, 8},
{3192, 8},{19884, 8},{24790, 8},{11211, 8},{23680, 8},{14649, 8},{21795, 8},{8159, 8},{1916, 8},{11215, 8},
{12128, 8},{8494, 8},{4504, 8},{15094, 8},{9590, 8},{981, 8},{20292, 8},{4022, 8},{19512, 8},{19569, 8},
{3117, 8},{9720, 8},{14902, 8},{18216, 8},{6522, 8},{19622, 8},{1854, 8},{16459, 8},{13339, 8},{13288, 8},
{17818, 8},{7887, 8},{4931, 8},{22490, 8},{16085, 8},{142, 8},{17922, 8},{4166, 8},{13642, 8},{21998, 8},
{14393, 8},{24124, 8},{24767, 8},{21858, 8},{25577, 8},{25362, 8},{19647, 8},{4657, 8},{19081, 8},{13522, 8},
{7598, 8},{6156, 8},{20127, 8},{16714, 8},{10225, 8},{17668, 8},{15497, 8},{7925, 8},{19268, 8},{11293, 8},
{17730, 8},{7131, 8},{20073, 8},{10692, 8},{6969, 8},{13903, 8},{13615, 8},{13518, 8},{14003, 8},{10019, 8},
{10337, 8},{5906, 8},{6075, 8},{15416, 8},{12784, 8},{15660, 8},{25429, 8},{3028, 8},{22083, 8},{23919, 8},
{5274, 8},{17433, 8},{21256, 8},{25503, 8},{9586, 8},{15614, 8},{16311, 8},{19830, 8},{4283, 8},{21955, 8},
{23713, 8},{1362, 8},{14616, 8},{6121, 8},{12247, 8},{26218, 8},{19034, 8},{6551, 8},{21480, 8},{3006, 8},
{14577, 8},{18199, 8},{8247, 8},{1160, 8},{14932, 8},{814, 8},{17507, 8},{25813, 8},{9949, 8},{24269, 8},
{26444, 8},{5949, 8},{23095, 8},{1249, 8},{13564, 8},{12400, 8},{16669, 8},{13414, 8},{9740, 8},{6263, 8},
{421, 8},{11880, 8},{5534, 8},{24996, 8},{18717, 8},{12374, 8},{4894, 8},{11646, 8},{20700, 8},{10955, 8},
{11865, 8},{16438, 8},{1182, 8},{11385, 8},{6496, 8},{489, 8},{3147, 8},{19406, 8},{18402, 8},{277, 8},
{8861, 8},{24923, 8},{2793, 8},{16127, 8},{5746, 8},{11154, 8},{15715, 8},{2338, 8},{8026, 8},{16228, 8},
{1985, 8},{18703, 8},{6656, 8},{21451, 8},{23563, 8},{19230, 8},{20903, 8},{11825, 8},{9737, 8},{23635, 8},
{14530, 8},{23278, 8},{9180, 8},{10571, 8},{21885, 8},{11032, 8},{9847, 8},{8231, 8},{6235, 8},{5331, 8},
{24307, 8},{13778, 8},{12222, 8},{8780, 8},{528, 8},{17039, 8},{18095, 8},{12108, 8},{25858, 8},{3601, 8},
{2421, 8},{12544, 8},{15090, 8},{552, 8},{22573, 8},{8597, 8},{25431, 8},{15044, 8},{13256, 8},{8801, 8},
{14578, 8},{13391, 8},{10727, 8},{8329, 8},{16277, 8},{13941, 8},{22995, 8},{14997, 8},{22929, 8},{9494, 8},
{4094, 8},{29, 8},{7452, 8},{15123, 8},{13226, 8},{19046, 8},{10999, 8},{17780, 8},{20286, 8},{21328, 8},
{13847, 8},{5272, 8},{8359, 8},{444, 8},{3540, 8},{20002, 8},{4937, 8},{16973, 8},{1764, 8},{14500, 8},
{3288, 8},{24427, 8},{2121, 8},{15036, 8},{8670, 8},{11824, 8},{23831, 8},{18750, 8},{13299, 8},{2850, 8},
{19752, 8},{348, 8},{26231, 8},{11238, 8},{15555, 8},{8059, 8},{14957, 8},{12834, 8},{22128, 8},{454, 8},
{2123, 8},{13684, 8},{26163, 8},{11478, 8},{24788, 8},{17526, 8},{14226, 8},{25641, 8},{15927, 8},{22295, 8},
{10114, 8},{12447, 8},{5373, 8},{23364, 8},{21909, 8},{19152, 8},{13042, 8},{24302, 8},{13143, 8},{10978, 8},
{5414, 8},{18649, 8},{21234, 8},{10052, 8},{10382, 8},{15530, 8},{9153, 8},{1918, 8},{21471, 8},{21819, 8},
{16616, 8},{900, 17},{2238, 8},{14392, 8},{9719, 8},{17432, 8},{8965, 8},{3289, 8},{11881, 8},{2420, 8},
{12199, 8},{3905, 8},{25578, 8},{8360, 8},{11033, 8},{8340, 8},{13942, 8},{19623, 8},{15607, 8},{6155, 8},
{23365, 8},{10381, 8},{3570, 8},{8507, 8},{7061, 8},{9739, 8},{16458, 8},{19831, 8},{1480, 8},{2493, 8},
{5661, 8},{5087, 8},{13340, 8},{11647, 8},{21450, 8},{22489, 8},{9495, 8},{25812, 8},{7228, 8},{26219, 8},
{7240, 8},{420, 8},{18217, 8},{10238, 8},{2958, 8},{1503, 8},{25942, 8},{18200, 8},{7526, 8},{19648, 8},
{24789, 8},{5745, 8},{17508, 8},{2586, 8},{23812, 8},{11214, 8},{551, 8},{9648, 8},{6521, 8},{3007, 8},
{18371, 8},{8996, 8},{25502, 8},{21349, 8},{21794, 8},{2023, 8},{14576, 8},{9649, 8},{11963, 8},{15529, 8},
{4579, 8},{8246, 8},{24426, 8},{19607, 8},{11294, 8},{11144, 8},{24924, 8},{9666, 8},{11237, 8},{16243, 8},
{3102, 8},{7990, 8},{982, 8},{22574, 8},{14579, 8},{8330, 8},{17731, 8},{2286, 8},{5273, 8},{18387, 8},
{8025, 8},{18401, 8},{7888, 8},{6236, 8},{8733, 8},{24446, 8},{2851, 8},{14103, 8},{13132, 8},{8290, 8},
{25034, 8},{3191, 8},{26412, 8},{6306, 8},{18751, 8},{16615, 8},{24125, 8},{1361, 8},{23008, 8},{24525, 8},
{19033, 8},{25430, 8},{15928, 8},{20293, 8},{2124, 8},{20904, 8},{23279, 8},{9386, 8},{8058, 8},{7926, 8},
{20001, 8},{7020, 8},{3118, 8},{13287, 8},{11384, 8},{16278, 8},{14901, 8},{12155, 8},{12221, 8},{2794, 8},
{21957, 8},{7659, 8},{26317, 8},{3029, 8},{6495, 8},{10226, 8},{10051, 8},{455, 8},{2337, 8},{13848, 8},
{5415, 8},{23679, 8},{21908, 8},{8158, 8},{16668, 8},{16972, 8},{17956, 8},{4457, 8},{1181, 8},{13565, 8},
{22851, 8},{26201, 8},{21481, 8},{10998, 8},{21258, 8},{19231, 8},{17921, 8},{4932, 8},{24151, 8},{21327, 8},
{5275, 8},{16488, 8},{12078, 8},{4165, 8},{5318, 8},{11990, 8},{9633, 8},{3600, 8},{22127, 8},{21820, 8},
{23830, 8},{1406, 8},{11826, 8},{2356, 8},{12248, 8},{624, 8},{17667, 8},{15093, 8},{23564, 8},{10115, 8},
{13614, 8},{2120, 8},{23920, 8},{13130, 8},{14996, 8},{13777, 8},{14162, 8},{19816, 8},{21859, 8},{19885, 8},
{11155, 8},{8889, 8},{17779, 8},{13415, 8},{13685, 8},{15554, 8},{1799, 8},{24268, 8},{16227, 8},{19568, 8},
{9641, 8},{19216, 8},{7130, 8},{11823, 8},{22930, 8},{16982, 8},{23714, 8},{9179, 8},{15960, 8},{19047, 8},
{21565, 8},{13257, 8},{5374, 8},{8800, 8},{14531, 8},{10979, 8},{26232, 8},{12716, 8},{15212, 8},{17942, 8},
{11479, 8},{8598, 8},{24997, 8},{4282, 8},{15892, 8},{5948, 8},{12543, 8},{6550, 8},{19751, 8},{8862, 8},
{527, 8},{9918, 8},{17077, 8},{17038, 8},{18716, 8},{2815, 8},{347, 8},{10762, 8},{4023, 8},{16888, 8},
{16312, 8},{12835, 8},{14615, 8},{19511, 8},{12142, 8},{6076, 8},{2264, 8},{13521, 8},{12144, 8},{12783, 8},
{4893, 8},{15089, 8},{14279, 8},{25859, 8},{6968, 8},{22994, 8},{13641, 8},{23858, 8},{10728, 8},{21954, 8},
{21406, 8},{3539, 8},{4936, 8},{22316, 8},{13904, 8},{26164, 8},{9152, 8},{15498, 8},{445, 8},{19408, 8},
{13144, 8},{1919, 8},{13500, 8},{15122, 8},{2585, 8},{25103, 8},{12107, 8},{8388, 8},{4505, 8},{10572, 8},
{22763, 8},{6569, 8},{5905, 8},{13392, 8},{2684, 8},{15220, 8},{3848, 8},{10020, 8},{23402, 8},{9986, 8},
{11750, 8},{1915, 8},{8493, 8},{7453, 8},{6189, 8},{21370, 8},{141, 8},{741, 8},{14501, 8},{15661, 8},
{16084, 8},{20916, 8},{5924, 8},{25361, 8},{14956, 8},{19153, 8},{26445, 8},{11103, 8},{10512, 8},{8779, 8},
{14111, 8},{23094, 8},{12127, 8},{25642, 8},{9587, 8},{22959, 8},{6120, 8},{24768, 8},{21235, 8},{10336, 8},
{12446, 8},{21884, 8},{9950, 8},{10636, 8},{24476, 8},{813, 8},{5271, 8},{1250, 8},{1265, 8},{25528, 8},
{279, 8},{28, 8},{9137, 13},{180, 3},{10233, 15},{1446, 17},{20901, 15},{3649, 15},{461, 15},{20896, 15},
{2302, 15},{8597, 15},{20927, 15},{5989, 15},{20932, 15},{20134, 15},{20897, 15},{10043, 15},{9994, 15},{20139, 15},
{6486, 15},{458, 15},{24419, 15},{6881, 15},{20137, 15},{23856, 7},{3426, 7},{11074, 9},{23853, 7},{3412, 7},
{24376, 7},{10222, 7},{23850, 7},{11086, 9},{26014, 7},{23501, 7},{11084, 9},{23851, 7},{10945, 7},{19282, 7},
{10213, 7},{16993, 7},{3417, 7},{26225, 9},{23502, 7},{19281, 7},{26008, 7},{26225, 9},{23849, 7},{23503, 7},
{16992, 7},{3418, 7},{26009, 7},{10219, 7},{20353, 7},{26224, 9},{683, 7},{19283, 7},{23847, 7},{16991, 7},
{19289, 7},{677, 7},{26224, 9},{20358, 7},{20356, 7},{26227, 9},{26015, 7},{19287, 7},{26011, 7},{16992, 7},
{5517, 7},{5516, 7},{3425, 7},{3411, 7},{3417, 7},{23854, 7},{26226, 9},{26015, 7},{23965, 7},{26226, 9},
{20358, 7},{10221, 7},{3674, 17},{10162, 17},{23853, 3},{9417, 3},{11504, 3},{4075, 3},{2383, 17},{22751, 17},
{10688, 8},{3562, 8},{13821, 8},{6535, 8},{5972, 8},{12313, 8},{10287, 8},{10155, 8},{13265, 8},{11108, 8},
{25407, 8},{12894, 8},{2606, 8},{20648, 8},{23348, 8},{6534, 8},{3563, 8},{2607, 8},{10687, 8},{5971, 8},
{12895, 8},{25402, 8},{12312, 8},{13820, 8},{20649, 8},{10156, 8},{10286, 8},{7967, 8},{11107, 8},{13266, 8},
{13823, 8},{10686, 8},{13267, 8},{3560, 8},{5970, 8},{26270, 8},{6533, 8},{23350, 8},{10285, 8},{11110, 8},
{12892, 8},{20890, 8},{10153, 8},{20650, 8},{2604, 8},{20651, 8},{26269, 8},{23351, 8},{10284, 8},{12893, 8},
{10154, 8},{3561, 8},{6532, 8},{12314, 8},{5969, 8},{10685, 8},{13268, 8},{2605, 8},{11109, 8},{13822, 8},
{10159, 8},{13817, 8},{12890, 8},{11728, 8},{5968, 8},{2602, 8},{3558, 8},{6539, 8},{13269, 8},{11112, 8},
{10291, 8},{20644, 8},{26268, 8},{23352, 8},{12317, 8},{6538, 8},{20645, 8},{2603, 8},{11111, 8},{12316, 8},
{13816, 8},{13270, 8},{26267, 8},{23353, 8},{12891, 8},{5967, 8},{3559, 8},{10160, 8},{10683, 8},{10290, 8},
{10682, 8},{5966, 8},{6537, 8},{23354, 8},{3556, 8},{11114, 8},{13271, 8},{20646, 8},{2600, 8},{12319, 8},
{13819, 8},{26266, 8},{10289, 8},{10157, 8},{12888, 8},{19800, 17},{23388, 17},{15891, 17},{3564, 8},{13263, 8},
{20642, 8},{26382, 8},{10293, 8},{11751, 8},{10161, 8},{2598, 8},{13826, 8},{5964, 8},{12896, 8},{23346, 8},
{14149, 8},{6529, 8},{25416, 8},{13264, 8},{2599, 8},{10162, 8},{14145, 8},{5963, 8},{10292, 8},{3565, 8},
{13825, 8},{26273, 8},{23347, 8},{13464, 8},{12897, 8},{12323, 8},{10689, 8},{20643, 8},{21056, 17},{4682, 17},
{21055, 17},{20687, 17},{10321, 17},{20568, 17},{14270, 17},{10009, 17},{3587, 17},{18438, 17},{6004, 8},{15953, 8},
{7390, 8},{2392, 8},{12173, 8},{24903, 8},{25934, 8},{15871, 8},{25667, 8},{10310, 8},{10585, 8},{23064, 8},
{9245, 8},{3290, 8},{21098, 8},{9244, 8},{15870, 8},{10309, 8},{25668, 8},{15952, 8},{18674, 8},{12174, 8},
{17955, 8},{25935, 8},{23065, 8},{3291, 8},{21097, 8},{24902, 8},{10586, 8},{6003, 8},{7265, 17},{6284, 8},
{15950, 8},{9246, 8},{10307, 8},{7391, 8},{12176, 8},{25666, 8},{6001, 8},{3293, 8},{17953, 8},{24900, 8},
{21099, 8},{25937, 8},{10584, 8},{15868, 8},{3294, 8},{10314, 8},{25930, 8},{10581, 8},{25671, 8},{23060, 8},
{15867, 8},{7386, 8},{3334, 8},{24907, 8},{18398, 8},{15949, 8},{6689, 8},{12169, 8},{6000, 8},{9248, 8},
{25931, 8},{18415, 8},{3295, 8},{6281, 8},{25672, 8},{15948, 8},{10582, 8},{10313, 8},{18665, 8},{15866, 8},
{12170, 8},{5999, 8},{6608, 8},{24906, 8},{10312, 8},{24905, 8},{5998, 8},{9251, 8},{7388, 8},{12171, 8},
{25669, 8},{23058, 8},{10579, 8},{15947, 8},{25932, 8},{21096, 8},{17948, 8},{15865, 8},{3296, 8},{15946, 8},
{25670, 8},{18671, 8},{25933, 8},{6278, 8},{10311, 8},{9250, 8},{3297, 8},{15864, 8},{17949, 8},{21095, 8},
{24904, 8},{5997, 8},{10580, 8},{12172, 8},{12167, 8},{7384, 8},{3298, 8},{21106, 8},{15876, 8},{10304, 8},
{25662, 8},{5996, 8},{25938, 8},{24910, 8},{23069, 8},{9253, 8},{17958, 8},{15956, 8},{10577, 8},{20902, 8},
{19309, 8},{17959, 8},{25939, 8},{7383, 8},{5995, 8},{25663, 8},{9252, 8},{10578, 8},{12168, 8},{10303, 8},
{3299, 8},{23070, 8},{15955, 8},{24909, 8},{20312, 17},{25846, 17},{4120, 17},{115, 17},{3418, 3},{10845, 13},
{15902, 12},{4091, 3},{4120, 3},{2066, 3},{7801, 17},{23164, 17},{13795, 17},{22052, 17},{1897, 17},{23447, 17},
{20197, 10},{22803, 10},{12657, 10},{4132, 10},{14308, 10},{19526, 10},{6287, 10},{5022, 10},{5018, 10},{4129, 10},
{5017, 10},{4131, 10},{25240, 10},{18782, 10},{22805, 10},{2627, 10},{20716, 10},{18786, 10},{24363, 10},{10844, 10},
{18781, 10},{11086, 10},{20713, 10},{25944, 10},{4134, 10},{19937, 10},{1446, 10},{22806, 10},{12333, 10},{20192, 10},
{18787, 10},{7277, 10},{12331, 10},{2629, 10},{25236, 10},{1445, 10},{25238, 10},{11068, 10},{13203, 10},{1449, 10},
{6279, 10},{25235, 10},{19529, 10},{12334, 10},{20195, 10},{20202, 10},{25239, 10},{6283, 10},{12332, 10},{2624, 10},
{20201, 10},{18783, 10},{20715, 10},{12653, 10},{7278, 10},{2628, 10},{7275, 10},{11084, 10},{25232, 10},{7268, 10},
{20200, 10},{11071, 10},{15902, 10},{18788, 10},{7270, 10},{12329, 10},{20714, 10},{12330, 10},{20712, 10},{19719, 10},
{20722, 10},{5019, 10},{4135, 10},{22808, 10},{5297, 10},{1442, 10},{15412, 10},{12328, 10},{22807, 10},{7274, 10},
{6296, 10},{25234, 10},{14306, 10},{15903, 10},{10848, 10},{20193, 10},{20719, 10},{4133, 10},{5023, 10},{4128, 10},
{20199, 10},{2630, 10},{4130, 10},{6285, 10},{14304, 10},{5024, 10},{10845, 10},{7272, 10},{18785, 10},{1447, 10},
{6313, 10},{20718, 10},{5020, 10},{7269, 10},{12677, 10},{22810, 10},{14311, 10},{22809, 10},{10846, 10},{22804, 10},
{11074, 10},{13503, 10},{7271, 10},{23061, 10},{18791, 10},{1448, 10},{7273, 10},{20198, 10},{25233, 10},{5021, 10},
{22811, 10},{18792, 10},{20717, 10},{18784, 10},{23059, 10},{10846, 17},{7129, 17},{14332, 17},{13976, 17},{21581, 17},
{24873, 17},{12910, 17},{9373, 17},{22868, 17},{1033, 17},{1600, 17},{13446, 17},{2437, 17},{7405, 17},{12324, 17},
{12496, 17},{676, 17},{16833, 17},{23782, 17},{9327, 17},{18113, 17},{18250, 3},{3154, 13},{18042, 3},{3912, 3},
{1446, 13},{6381, 3},{9127, 12},{749, 17},{16939, 17},{10578, 17},{23605, 17},{6172, 17},{11442, 17},{6312, 17},
{9009, 17},{8696, 17},{9552, 13},{7220, 3},{11603, 3},{600, 3},{26402, 17},{4371, 12},{24832, 17},{17287, 17},
{18321, 3},{9907, 3},{23556, 3},{4466, 3},{16765, 17},{13097, 17},{22888, 17},{6272, 17},{15429, 17},{23425, 7},
{25756, 7},{6012, 7},{7975, 7},{7191, 9},{16197, 7},{23530, 7},{2645, 7},{25939, 7},{4018, 7},{20694, 0},
{9325, 7},{6528, 7},{23036, 7},{23347, 7},{20689, 0},{11799, 7},{8195, 7},{23157, 7},{8196, 7},{9327, 7},
{6191, 7},{4901, 7},{11794, 7},{25932, 7},{12466, 7},{2648, 7},{7192, 9},{2651, 7},{23351, 7},{10818, 7},
{12931, 7},{11251, 7},{22409, 7},{274, 7},{23039, 7},{16204, 7},{6200, 7},{15997, 7},{14598, 7},{12931, 7},
{17644, 7},{14815, 0},{1252, 7},{25936, 7},{19025, 7},{7189, 9},{25753, 7},{15998, 7},{23162, 7},{5863, 7},
{9326, 7},{16474, 7},{282, 7},{3670, 7},{9333, 7},{23158, 7},{13097, 7},{23530, 7},{3674, 7},{6527, 7},
{7190, 9},{7872, 0},{13097, 7},{2646, 7},{6200, 7},{11248, 7},{17468, 7},{13100, 7},{22778, 7},{17469, 7},
{7190, 9},{13100, 7},{14595, 7},{11251, 7},{16477, 7},{22777, 7},{1019, 0},{8178, 7},{15987, 7},{23163, 7},
{4911, 7},{6200, 7},{10824, 7},{11261, 7},{8175, 7},{8202, 7},{2649, 7},{4613, 7},{21882, 7},{2651, 7},
{13099, 7},{17466, 7},{10818, 7},{22772, 7},{12930, 7},{6007, 7},{13470, 7},{25930, 7},{7191, 9},{4966, 0},
{23353, 7},{6011, 7},{23315, 7},{23156, 7},{23346, 7},{11248, 7},{23318, 7},{23425, 7},{15143, 7},{5892, 7},
{17466, 7},{10822, 7},{6899, 7},{105, 7},{8202, 7},{3677, 7},{8196, 7},{18616, 0},{14594, 7},{14600, 7},
{6526, 7},{25236, 9},{22772, 7},{2655, 7},{16198, 7},{8193, 7},{17640, 7},{13103, 7},{21879, 7},{99, 7},
{25821, 7},{13739, 7},{23163, 7},{14594, 7},{23037, 7},{11801, 7},{16475, 7},{3677, 7},{11800, 7},{14601, 7},
{16480, 7},{25933, 7},{2647, 7},{8193, 7},{25232, 9},{102, 7},{23034, 7},{3676, 7},{10821, 7},{15164, 7},
{11795, 7},{16474, 7},{94, 7},{23319, 7},{22915, 7},{21882, 7},{16482, 7},{19735, 7},{11794, 7},{273, 7},
{12931, 7},{15162, 7},{22406, 7},{23350, 7},{4019, 7},{23163, 7},{4969, 0},{24554, 7},{6199, 7},{4015, 7},
{7188, 9},{13095, 7},{22400, 7},{7188, 9},{13465, 7},{2649, 7},{25824, 7},{15988, 7},{6191, 7},{22407, 7},
{4899, 7},{8193, 7},{95, 7},{22108, 7},{15996, 7},{4021, 7},{26141, 17},{9555, 17},{19078, 17},{23350, 17},
{9593, 17},{18568, 17},{4124, 12},{7268, 12},{25192, 3},{4633, 3},{15451, 13},{12492, 17},{17626, 17},{9257, 17},
{396, 3},{23947, 13},{24493, 3},{20280, 3},{20722, 13},{15955, 17},{12259, 17},{24153, 17},{8642, 17},{7050, 17},
{10369, 17},{6390, 9},{3702, 7},{11682, 7},{14658, 7},{585, 7},{14657, 7},{17851, 7},{21262, 17},{17762, 17},
{4360, 17},{15544, 13},{14682, 3},{10844, 12},{16997, 3},{2534, 17},{5569, 7},{16705, 7},{5568, 7},{9548, 7},
{25123, 9},{4680, 17},{26355, 13},{7352, 3},{15726, 3},{15724, 3},{9910, 7},{25293, 7},{22500, 7},{25116, 9},
{2749, 17},{7829, 17},{9903, 7},{12537, 7},{22911, 9},{4270, 7},{23547, 7},{9538, 7},{20720, 7},{4119, 9},
{26269, 7},{11009, 7},{3086, 7},{17970, 7},{23119, 7},{5723, 7},{15287, 7},{427, 7},{21989, 7},{3587, 7},
{9059, 7},{17972, 7},{13066, 7},{12703, 7},{11615, 7},{17971, 7},{10690, 7},{13065, 7},{25885, 7},{16836, 7},
{19452, 7},{23686, 7},{15287, 7},{11618, 7},{21528, 7},{19964, 7},{10694, 7},{18710, 7},{24076, 7},{15425, 7},
{4408, 7},{22751, 7},{4118, 9},{19150, 7},{22744, 7},{18770, 7},{25456, 7},{15283, 7},{4200, 7},{4205, 7},
{19148, 7},{22745, 7},{9065, 7},{22199, 7},{25495, 7},{15946, 7},{4118, 9},{25887, 7},{21821, 7},{21535, 7},
{2375, 7},{3997, 7},{22743, 7},{13066, 7},{24072, 7},{5758, 7},{4002, 7},{11609, 7},{18182, 7},{25888, 7},
{17247, 7},{3257, 7},{11614, 7},{20725, 7},{13064, 7},{3078, 7},{10809, 7},{11010, 7},{22017, 7},{26267, 7},
{19147, 7},{21988, 7},{23695, 7},{15289, 7},{25498, 7},{25500, 7},{25407, 7},{12781, 7},{19147, 7},{4117, 9},
{22016, 7},{10464, 7},{5719, 7},{21306, 7},{14689, 7},{2368, 7},{25450, 7},{6143, 7},{10466, 7},{6139, 7},
{10803, 7},{22202, 7},{21534, 7},{3995, 7},{9060, 7},{22875, 7},{25451, 7},{20967, 7},{21993, 7},{24072, 7},
{19530, 7},{3085, 7},{21307, 7},{4122, 9},{11010, 7},{15428, 7},{18182, 7},{18768, 7},{11018, 7},{23691, 7},
{4002, 7},{3080, 7},{13477, 0},{15949, 7},{18698, 7},{4207, 7},{21316, 7},{6141, 7},{5565, 7},{19328, 7},
{9905, 7},{4276, 7},{25115, 9},{19326, 7},{21822, 7},{4121, 9},{17966, 7},{9068, 7},{15356, 7},{8441, 7},
{6141, 7},{4201, 7},{23153, 7},{19952, 7},{22012, 7},{12686, 7},{19530, 7},{17964, 7},{5758, 7},{18700, 7},
{10464, 7},{10806, 7},{5730, 7},{12704, 7},{12708, 7},{19449, 7},{15285, 7},{22200, 7},{11614, 7},{8441, 7},
{22744, 7},{6142, 7},{9067, 7},{15108, 7},{4120, 9},{6324, 7},{17968, 7},{9070, 7},{25494, 7},{6897, 7},
{11679, 0},{21818, 7},{19948, 7},{21311, 7},{10806, 7},{21532, 7},{10459, 7},{15363, 7},{25496, 7},{4266, 7},
{1696, 7},{25116, 9},{25890, 7},{9819, 7},{10806, 7},{21815, 7},{25451, 7},{4117, 9},{23693, 7},{3079, 7},
{10804, 7},{22849, 7},{23690, 7},{3587, 7},{19150, 7},{9064, 7},{12705, 7},{25498, 7},{25491, 7},{25369, 7},
{4000, 7},{15285, 7},{25892, 7},{23119, 7},{2376, 7},{21532, 7},{20272, 0},{5720, 7},{19534, 7},{12706, 7},
{21306, 7},{21530, 7},{6138, 7},{6812, 7},{15287, 7},{23311, 7},{19449, 7},{5762, 7},{4116, 9},{11067, 7},
{11618, 7},{3998, 7},{11333, 7},{22017, 7},{9070, 7},{17963, 7},{19141, 7},{11024, 7},{17971, 7},{13062, 7},
{3082, 7},{5761, 7},{12686, 7},{4000, 7},{18430, 0},{12679, 7},{13060, 7},{17288, 17},{2377, 17},{22943, 17},
{25841, 17},{7356, 17},{15950, 17},{5600, 17},{25389, 17},{8043, 17},{1921, 17},{20322, 15},{24190, 15},{5571, 17},
{2243, 17},{2561, 17},{714, 17},{14599, 17},{14922, 17},{3645, 17},{6531, 17},{19384, 17},{21309, 3},{13354, 3},
{4060, 3},{4634, 3},{21644, 3},{26279, 17},{5470, 17},{24317, 17},{16074, 17},{3083, 17},{7746, 17},{9966, 17},
{18586, 17},{19322, 17},{9449, 17},{23771, 17},{9552, 17},{591, 17},{1034, 17},{21253, 17},{13474, 17},{22684, 17},
{7275, 17},{866, 3},{400, 3},{8878, 3},{14049, 17},{19477, 17},{13552, 17},{11457, 17},{24171, 17},{19798, 17},
{3589, 17},{8218, 17},{22112, 7},{25208, 7},{16801, 7},{125, 7},{10785, 7},{15099, 7},{23281, 7},{20715, 9},
{4013, 7},{12612, 7},{17597, 7},{7707, 7},{2879, 7},{11110, 7},{20724, 7},{11109, 7},{12680, 7},{25457, 7},
{10201, 7},{21107, 7},{18674, 7},{22515, 7},{17176, 7},{5716, 7},{18665, 7},{17172, 7},{19599, 7},{22111, 7},
{664, 7},{21997, 7},{7391, 7},{667, 7},{25200, 7},{1397, 7},{17604, 7},{14149, 7},{20716, 9},{22517, 7},
{22107, 7},{9893, 0},{19266, 7},{12468, 7},{125, 7},{22097, 7},{18554, 7},{21423, 7},{380, 7},{10684, 7},
{20716, 9},{23289, 7},{10199, 7},{18461, 7},{16806, 7},{3385, 7},{10783, 7},{19448, 7},{23290, 7},{20374, 0},
{22099, 7},{21359, 7},{23287, 7},{22109, 7},{25461, 7},{23289, 7},{25210, 7},{4718, 7},{22516, 7},{2780, 7},
{10199, 7},{4725, 7},{25702, 7},{7712, 7},{25699, 7},{25454, 7},{19263, 7},{20717, 9},{20343, 7},{4013, 7},
{3393, 7},{14326, 7},{10674, 7},{14457, 7},{1388, 7},{15105, 7},{5947, 7},{18556, 7},{18466, 7},{22129, 7},
{7359, 0},{25455, 7},{19998, 7},{4716, 7},{3392, 7},{20718, 9},{17602, 7},{17598, 7},{7390, 7},{11113, 7},
{14470, 7},{4719, 7},{6667, 0},{25695, 7},{14324, 7},{3395, 7},{25697, 7},{4007, 7},{3599, 7},{10199, 7},
{20718, 9},{5590, 7},{12472, 7},{13048, 7},{25704, 7},{22522, 7},{14457, 7},{2876, 7},{22002, 7},{26443, 7},
{20870, 7},{23290, 7},{17597, 7},{18468, 7},{3599, 7},{20346, 7},{14318, 7},{21094, 7},{5552, 7},{16810, 7},
{20719, 9},{3523, 7},{3395, 7},{12565, 7},{18467, 7},{19999, 7},{11109, 7},{12682, 7},{3392, 7},{5718, 7},
{20348, 7},{20910, 7},{16552, 7},{14327, 7},{10196, 7},{3388, 7},{19448, 7},{2877, 7},{22107, 7},{1947, 7},
{18470, 7},{15101, 7},{3385, 7},{22099, 7},{5552, 7},{2117, 0},{15105, 7},{22519, 7},{5554, 7},{4716, 7},
{15106, 7},{18674, 7},{10192, 7},{15103, 7},{19994, 7},{5725, 7},{3584, 7},{20719, 9},{2883, 7},{23726, 17},
{12536, 17},{3586, 7},{17174, 7},{22116, 7},{667, 7},{9821, 7},{2883, 7},{22513, 7},{16812, 7},{10196, 7},
{14460, 7},{22519, 7},{5590, 7},{12470, 7},{8959, 7},{12474, 7},{22006, 7},{18557, 7},{22107, 7},{17598, 7},
{17178, 7},{2877, 7},{25704, 7},{18817, 0},{25321, 7},{19265, 7},{16162, 7},{20714, 9},{16854, 7},{16157, 7},
{16557, 7},{14321, 7},{10782, 7},{4719, 7},{23287, 7},{18557, 7},{16542, 7},{25204, 7},{2880, 7},{3389, 7},
{20715, 9},{22521, 7},{7356, 0},{19454, 7},{18467, 7},{23285, 7},{5595, 7},{14330, 7},{7719, 7},{8442, 7},
{11674, 7},{599, 7},{7681, 7},{14668, 7},{11909, 9},{8201, 17},{4538, 17},{21390, 17},{11251, 17},{7098, 17},
{2065, 3},{11280, 3},{13151, 13},{15447, 12},{25280, 3},{7105, 17},{4916, 17},{20189, 17},{14488, 17},{1975, 17},
{24273, 17},{15599, 17},{14797, 17},{7188, 17},{8703, 17},{22969, 15},{6943, 1},{9548, 1},{22972, 15},{22970, 15},
{1691, 1},{1693, 1},{22973, 15},{22971, 15},{5568, 1},{22968, 15},{14290, 15},{14292, 15},{7792, 1},{14293, 15},
{23912, 1},{23915, 1},{21486, 1},{24678, 1},{4910, 1},{23557, 1},{14294, 15},{14295, 15},{14291, 15},{21379, 15},
{25289, 1},{12539, 1},{21376, 15},{21380, 15},{11064, 1},{21377, 15},{21378, 15},{9545, 1},{22507, 1},{1692, 1},
{24672, 1},{1214, 15},{1104, 15},{17475, 1},{1117, 15},{25292, 1},{1106, 15},{4266, 1},{23555, 1},{1105, 15},
{21492, 1},{9905, 1},{1440, 15},{12541, 1},{13271, 1},{4745, 1},{5194, 1},{1696, 1},{1444, 15},{17646, 1},
{1441, 15},{1439, 15},{24674, 1},{1437, 15},{1435, 15},{1436, 15},{23546, 1},{1438, 15},{19697, 1},{1434, 15},
{20841, 1},{12585, 1},{12922, 15},{16678, 1},{12537, 1},{12925, 15},{12533, 1},{23911, 1},{12923, 15},{12921, 15},
{5619, 1},{12919, 15},{12924, 15},{16386, 1},{12918, 15},{12920, 15},{17004, 15},{9543, 1},{17007, 15},{22500, 1},
{9544, 1},{17001, 15},{2816, 15},{17008, 15},{5571, 1},{23552, 1},{24186, 15},{16703, 1},{24191, 15},{23547, 1},
{11065, 1},{22504, 1},{9652, 1},{24187, 15},{24192, 15},{12878, 1},{16385, 1},{24188, 15},{24190, 15},{16702, 1},
{24189, 15},{385, 15},{389, 15},{390, 15},{25293, 1},{388, 15},{387, 15},{17202, 1},{21064, 1},{386, 15},
{11059, 1},{25251, 15},{25248, 15},{25253, 15},{5561, 1},{4275, 1},{25249, 15},{3726, 1},{25250, 15},{19386, 1},
{22505, 1},{9547, 1},{11066, 1},{25252, 15},{3034, 15},{13680, 15},{12954, 15},{5409, 15},{19523, 15},{19518, 15},
{13490, 15},{13564, 15},{1922, 15},{10727, 15},{20961, 15},{12189, 17},{11408, 17},{1771, 15},{20828, 15},{5403, 15},
{7343, 15},{1623, 17},{10612, 17},{14866, 17},{21221, 3},{4108, 12},{1448, 3},{153, 17},{13150, 17},{17441, 17},
{26059, 17},{25236, 13},{8609, 3},{21523, 3},{13151, 12},{10433, 3},{11826, 15},{20535, 17},{26296, 17},{25557, 17},
{17142, 17},{23720, 17},{25456, 17},{25671, 17},{4979, 7},{80, 7},{12332, 9},{2307, 7},{12490, 7},{14831, 7},
{6837, 7},{7906, 7},{1558, 7},{26200, 7},{21452, 7},{14881, 7},{15868, 7},{1931, 0},{23092, 7},{12486, 7},
{6840, 7},{19273, 7},{8473, 7},{6836, 7},{4981, 7},{17541, 7},{1554, 7},{15867, 7},{77, 7},{6472, 7},
{12332, 9},{7907, 7},{7899, 7},{13709, 7},{5259, 7},{13770, 7},{10499, 7},{19279, 7},{4982, 7},{170, 7},
{24458, 7},{18488, 7},{3719, 7},{26032, 7},{6837, 7},{19391, 7},{10500, 7},{19063, 7},{21453, 7},{11754, 7},
{10498, 7},{26199, 7},{12334, 9},{18232, 7},{25218, 7},{19070, 7},{6834, 7},{26200, 7},{6466, 7},{7903, 7},
{1552, 7},{14833, 7},{23010, 7},{14834, 7},{20529, 7},{18238, 7},{24989, 7},{15443, 7},{6837, 7},{12458, 0},
{12331, 9},{24465, 7},{14877, 7},{18498, 7},{19060, 7},{2311, 7},{18229, 7},{19274, 7},{9007, 7},{13711, 7},
{11758, 7},{170, 7},{13571, 7},{5508, 7},{18232, 7},{15868, 7},{5254, 7},{19273, 7},{6337, 7},{26029, 7},
{15864, 7},{25092, 7},{6659, 7},{19066, 7},{12245, 7},{26195, 7},{25080, 7},{24988, 7},{18231, 7},{12235, 7},
{17881, 7},{20529, 7},{19270, 7},{17535, 7},{11754, 7},{5253, 7},{14556, 7},{6771, 7},{7906, 7},{23114, 7},
{13568, 7},{6655, 7},{20858, 7},{21452, 7},{12333, 9},{6841, 7},{20537, 7},{24460, 7},{5259, 7},{15869, 7},
{14092, 7},{12452, 0},{76, 7},{19270, 7},{10497, 7},{26196, 7},{6338, 7},{13716, 7},{23016, 7},{15383, 7},
{24471, 7},{10687, 7},{24988, 7},{17513, 7},{18486, 7},{20537, 7},{5262, 7},{20491, 7},{12333, 9},{6841, 7},
{18237, 7},{26199, 7},{24986, 7},{79, 7},{10493, 7},{9001, 7},{8471, 7},{12329, 9},{26199, 7},{4985, 7},
{19270, 7},{2308, 7},{20529, 7},{13765, 7},{8465, 7},{12235, 7},{6337, 7},{26007, 7},{2310, 7},{20860, 7},
{19069, 7},{5258, 7},{6842, 7},{25218, 7},{19664, 7},{7904, 7},{20862, 7},{12489, 7},{19063, 7},{19064, 7},
{5255, 7},{23015, 7},{10688, 7},{21461, 7},{10498, 7},{14880, 7},{6842, 7},{12329, 9},{1548, 7},{24989, 7},
{1557, 7},{5486, 0},{19064, 7},{13712, 7},{3715, 7},{11749, 7},{13573, 7},{19660, 7},{77, 7},{21453, 7},
{7905, 7},{18488, 7},{23019, 7},{20535, 7},{18493, 7},{21758, 7},{21613, 0},{7062, 7},{4984, 7},{6839, 7},
{8466, 7},{9006, 7},{24983, 7},{12328, 9},{19064, 7},{25223, 7},{15867, 7},{17509, 7},{11758, 7},{14833, 7},
{169, 7},{9008, 7},{4978, 7},{6842, 7},{20869, 7},{7901, 7},{8471, 7},{18236, 7},{24470, 7},{10685, 7},
{14094, 7},{26040, 7},{21453, 7},{14829, 7},{74, 7},{8472, 7},{168, 7},{2307, 7},{23108, 7},{18492, 7},
{7348, 7},{12487, 7},{8473, 7},{14886, 7},{1175, 7},{14835, 7},{5511, 7},{12328, 9},{19280, 7},{5488, 0},
{24990, 7},{25218, 7},{77, 7},{25953, 17},{20011, 15},{3850, 15},{3851, 15},{3852, 15},{3853, 15},{4237, 15},
{4236, 15},{4240, 15},{4238, 15},{4239, 15},{980, 7},{10262, 7},{17026, 7},{24392, 7},{3988, 7},{12563, 7},
{7709, 7},{20082, 0},{6307, 7},{21099, 7},{24363, 9},{10792, 7},{9920, 7},{7389, 7},{4477, 7},{5345, 7},
{10559, 7},{24399, 7},{12314, 7},{3755, 7},{23448, 7},{2766, 7},{6305, 7},{20739, 7},{24400, 7},{26287, 7},
{3763, 7},{13546, 7},{17025, 7},{20976, 7},{17024, 7},{12312, 7},{22092, 7},{12561, 7},{6285, 9},{1542, 0},
{15914, 7},{3755, 7},{21095, 7},{22100, 7},{25310, 7},{8868, 7},{13221, 7},{12079, 7},{8864, 7},{12566, 7},
{5587, 7},{3986, 7},{17331, 7},{3758, 7},{980, 7},{13165, 7},{26052, 7},{3991, 7},{12079, 7},{25311, 7},
{22100, 7},{26060, 7},{26057, 7},{12560, 7},{5539, 7},{706, 7},{18562, 7},{17458, 7},{17337, 7},{6426, 7},
{14337, 7},{23446, 7},{15940, 7},{18675, 7},{10258, 7},{17595, 7},{24399, 7},{17330, 7},{5343, 7},{12312, 7},
{13225, 7},{2161, 7},{10793, 7},{12562, 7},{6287, 9},{23454, 7},{7714, 7},{17333, 7},{10788, 7},{23449, 7},
{8595, 7},{26329, 7},{22118, 7},{15576, 0},{23451, 7},{6287, 9},{9833, 7},{6426, 7},{17021, 7},{14464, 7},
{10852, 7},{18566, 7},{10261, 7},{8585, 7},{13224, 7},{5345, 7},{16619, 7},{3756, 7},{16621, 7},{19330, 7},
{994, 7},{22092, 7},{16818, 7},{17603, 7},{22118, 7},{126, 7},{11414, 7},{10253, 7},{23061, 9},{6311, 7},
{17330, 7},{23676, 7},{16623, 7},{3759, 7},{26057, 7},{21097, 7},{10258, 7},{1391, 7},{23446, 7},{9920, 7},
{22140, 7},{14467, 7},{10557, 7},{25110, 7},{15914, 7},{13318, 0},{6283, 9},{26055, 7},{19325, 7},{26052, 7},
{16818, 7},{17337, 7},{20739, 7},{127, 7},{10548, 7},{20890, 7},{12319, 7},{6562, 7},{6131, 7},{16815, 7},
{2158, 7},{115, 7},{12561, 7},{2156, 7},{5600, 7},{21097, 7},{18558, 7},{17336, 7},{16433, 7},{16621, 7},
{10259, 7},{7710, 7},{23683, 7},{18563, 7},{14334, 7},{25102, 7},{10838, 7},{18566, 7},{6308, 7},{5532, 7},
{18675, 7},{16620, 7},{13218, 7},{20739, 7},{706, 7},{21100, 7},{17339, 7},{10790, 7},{23421, 7},{714, 7},
{6283, 9},{6426, 7},{10555, 7},{4477, 7},{18564, 7},{18650, 7},{6608, 7},{6689, 7},{26054, 7},{16892, 0},
{24403, 7},{6311, 7},{7714, 7},{12317, 7},{22140, 7},{5347, 7},{3762, 7},{25317, 7},{1391, 7},{13224, 7},
{5593, 7},{24391, 7},{24363, 9},{6130, 7},{6279, 9},{14335, 7},{16621, 7},{25102, 7},{3763, 7},{1392, 7},
{18675, 7},{24161, 7},{20976, 7},{23677, 7},{24167, 7},{17023, 7},{10257, 7},{22141, 7},{10795, 7},{19324, 7},
{4478, 7},{8866, 7},{15940, 7},{1394, 7},{18565, 7},{14464, 7},{26287, 7},{25311, 7},{8870, 7},{5341, 7},
{24391, 7},{18563, 7},{26051, 7},{24164, 7},{25109, 7},{12559, 7},{23451, 7},{23455, 7},{10794, 7},{5594, 7},
{5536, 7},{5593, 7},{6279, 9},{9981, 7},{6562, 7},{5532, 7},{24165, 7},{23430, 7},{6123, 7},{13999, 17},
{11906, 15},{14973, 17},{12668, 17},{17958, 17},{15844, 17},{9369, 17},{23910, 17},{16772, 17},{3802, 17},{9351, 17},
{22386, 12},{4215, 3},{17685, 17},{21263, 17},{25414, 17},{26139, 17},{24494, 17},{14023, 17},{14189, 17},{21353, 15},
{18612, 1},{23160, 1},{14598, 1},{4963, 1},{21355, 15},{18611, 1},{4473, 1},{13399, 15},{14814, 1},{13391, 15},
{21348, 15},{15161, 1},{13392, 15},{13398, 15},{13397, 15},{13394, 15},{13393, 15},{21354, 15},{25787, 1},{13400, 15},
{13395, 15},{13396, 15},{12399, 15},{7088, 15},{5263, 15},{23199, 15},{4973, 1},{5269, 15},{11876, 1},{10822, 1},
{5273, 15},{5265, 15},{5274, 15},{5267, 15},{5266, 15},{4018, 1},{23196, 15},{23351, 1},{23195, 15},{23194, 15},
{5270, 15},{23198, 15},{23200, 15},{16296, 15},{23197, 15},{5268, 15},{22092, 17},{23709, 15},{155, 15},{159, 15},
{22050, 1},{23711, 15},{160, 15},{23705, 15},{12966, 1},{23706, 15},{23156, 1},{157, 15},{23708, 15},{4419, 15},
{23712, 15},{4475, 1},{23714, 15},{23707, 15},{23713, 15},{23710, 15},{156, 15},{13719, 1},{25783, 1},{352, 15},
{3370, 1},{355, 15},{358, 15},{347, 15},{357, 15},{354, 15},{351, 15},{11468, 15},{353, 15},{348, 15},
{11510, 1},{11464, 15},{11467, 15},{11465, 15},{17466, 1},{4015, 1},{4972, 1},{101, 1},{12960, 1},{11466, 15},
{356, 15},{7918, 15},{18297, 15},{18298, 15},{7921, 15},{7926, 15},{7919, 15},{18293, 15},{18299, 15},{7920, 15},
{18296, 15},{18294, 15},{18300, 15},{7922, 15},{7925, 15},{7923, 15},{7917, 15},{25782, 1},{18295, 15},{7924, 15},
{4227, 15},{1188, 15},{1186, 15},{1185, 15},{4225, 15},{1182, 15},{1184, 15},{1189, 15},{1187, 15},{14819, 1},
{1181, 15},{11506, 1},{4226, 15},{1191, 15},{11503, 1},{1190, 15},{14446, 15},{2231, 15},{2234, 15},{2233, 15},
{7873, 1},{2235, 15},{14448, 15},{2238, 15},{2457, 15},{2229, 15},{2232, 15},{4636, 1},{23159, 1},{2237, 15},
{2230, 15},{14450, 15},{14445, 15},{14447, 15},{14449, 15},{23319, 1},{2236, 15},{10345, 15},{12967, 1},{10342, 15},
{10340, 15},{4466, 1},{10341, 15},{18190, 15},{10337, 15},{10339, 15},{10336, 15},{10344, 15},{2645, 1},{10338, 15},
{18191, 15},{15998, 1},{10343, 15},{12929, 1},{18192, 15},{14523, 15},{14525, 15},{5835, 15},{14524, 15},{23315, 1},
{3673, 1},{14531, 15},{14527, 15},{14522, 15},{14818, 1},{5833, 15},{14520, 15},{5832, 15},{9170, 15},{14521, 15},
{14526, 15},{9164, 15},{14530, 15},{4456, 15},{4451, 15},{19109, 15},{11870, 1},{4455, 15},{4457, 15},{19104, 15},
{4964, 1},{19106, 15},{4966, 1},{4454, 15},{4452, 15},{4453, 15},{19105, 15},{4632, 1},{4449, 15},{22090, 15},
{19108, 15},{19103, 15},{4638, 1},{19107, 15},{20693, 1},{19110, 15},{4450, 15},{15603, 3},{6699, 3},{17677, 3},
{3159, 13},{23592, 17},{20084, 17},{17143, 17},{10838, 17},{10694, 17},{10308, 17},{3211, 17},{2535, 17},{18582, 17},
{12951, 15},{22083, 15},{14430, 15},{11578, 17},{20877, 13},{26146, 12},{5022, 12},{3010, 3},{3083, 3},{11216, 17},
{11218, 15},{9168, 15},{14874, 15},{9380, 15},{1822, 15},{3946, 17},{12184, 17},{7133, 3},{10923, 17},{24221, 17},
{393, 3},{8605, 3},{9124, 3},{19288, 3},{23720, 3},{18152, 17},{12460, 17},{4638, 17},{2819, 17},{10671, 17},
{22946, 17},{11504, 17},{4575, 7},{14372, 7},{24623, 7},{8523, 7},{20650, 7},{4571, 7},{20880, 9},{20643, 7},
{2416, 7},{22059, 7},{12630, 7},{14930, 7},{8526, 7},{23537, 7},{24627, 7},{19556, 7},{2917, 7},{25036, 7},
{11402, 7},{15785, 7},{25588, 7},{18303, 7},{21134, 7},{24625, 7},{5324, 7},{20880, 9},{13505, 7},{5322, 7},
{17286, 7},{11395, 7},{12794, 7},{15648, 7},{3299, 7},{2412, 7},{16581, 7},{11408, 7},{8744, 7},{10611, 7},
{6002, 17},{9731, 15},{21721, 15},{11134, 15},{15268, 15},{5923, 15},{9415, 9},{754, 7},{13241, 7},{22547, 7},
{976, 7},{1636, 7},{978, 7},{21136, 7},{1633, 7},{4685, 7},{3292, 7},{25848, 7},{12794, 7},{966, 7},
{2916, 7},{22549, 7},{21133, 7},{4572, 7},{22054, 7},{23533, 7},{7427, 7},{13238, 7},{11403, 7},{4570, 7},
{21135, 7},{10010, 7},{20643, 7},{18344, 7},{25038, 7},{1629, 7},{9416, 9},{750, 7},{16468, 7},{9619, 7},
{17444, 7},{1631, 7},{13246, 7},{19550, 7},{24235, 7},{21131, 7},{17445, 7},{2919, 7},{11405, 7},{24883, 7},
{5815, 7},{10980, 7},{8527, 7},{22056, 7},{24629, 7},{25038, 7},{22838, 7},{18343, 7},{10061, 7},{18247, 0},
{11395, 7},{24621, 7},{14375, 7},{18311, 7},{16576, 7},{10056, 7},{10984, 7},{18340, 7},{25045, 7},{25587, 7},
{23533, 7},{17803, 7},{15787, 7},{9418, 9},{15647, 7},{10010, 7},{19132, 7},{25042, 7},{21134, 7},{4570, 7},
{17708, 7},{9415, 9},{19557, 7},{2408, 7},{3294, 7},{24239, 7},{24092, 7},{20437, 7},{15648, 7},{16581, 7},
{19552, 7},{19549, 7},{4686, 7},{17274, 7},{16580, 7},{20847, 7},{21135, 7},{19883, 7},{5321, 7},{24096, 7},
{17275, 7},{5312, 7},{26294, 7},{26297, 7},{10617, 7},{10008, 7},{755, 7},{14374, 7},{16500, 7},{20645, 7},
{24237, 7},{12785, 7},{2410, 7},{19133, 7},{2408, 7},{22551, 7},{19128, 7},{23533, 7},{10980, 7},{745, 7},
{20883, 9},{5285, 0},{15792, 7},{24101, 7},{25037, 7},{15651, 7},{8750, 7},{22054, 7},{22057, 7},{19126, 7},
{20852, 7},{13241, 7},{22062, 7},{13237, 7},{18301, 7},{10063, 7},{4682, 7},{8747, 7},{21136, 7},{5313, 7},
{20445, 7},{20883, 9},{5819, 7},{12794, 7},{6421, 7},{19554, 7},{21129, 7},{21133, 7},{13243, 7},{11405, 7},
{24098, 7},{24242, 7},{19131, 7},{12309, 7},{20648, 7},{9618, 7},{19074, 0},{22054, 7},{22555, 7},{22062, 7},
{17440, 7},{10981, 7},{18336, 7},{20882, 9},{4297, 7},{10611, 7},{5312, 7},{24101, 7},{19132, 7},{3291, 7},
{2920, 7},{14376, 7},{24622, 7},{11394, 7},{3290, 7},{12304, 7},{3298, 7},{14926, 7},{10058, 7},{8753, 7},
{2414, 7},{22832, 7},{14372, 7},{10620, 7},{26302, 7},{20649, 7},{11409, 7},{22552, 7},{20852, 7},{21131, 7},
{23531, 7},{10615, 7},{4687, 7},{26294, 7},{13238, 7},{5818, 7},{22062, 7},{18910, 7},{24627, 7},{24621, 7},
{18672, 7},{10981, 7},{17800, 7},{22055, 7},{1634, 7},{5819, 7},{20882, 9},{12120, 17},{2624, 13},{9049, 3},
{13146, 13},{4216, 3},{2175, 3},{10956, 3},{4276, 17},{12705, 17},{641, 17},{2322, 15},{2315, 15},{8589, 15},
{8588, 15},{1400, 1},{8593, 15},{8598, 15},{2314, 15},{15725, 1},{19478, 1},{2678, 1},{8587, 15},{2316, 15},
{2321, 15},{24877, 1},{8590, 15},{8597, 15},{2319, 15},{8586, 15},{8592, 15},{2317, 15},{8869, 1},{8591, 15},
{13625, 1},{9346, 1},{2320, 15},{2318, 15},{1990, 15},{8877, 1},{1987, 15},{1988, 15},{15520, 15},{22426, 1},
{1986, 15},{15526, 15},{15523, 15},{12139, 15},{21831, 1},{15525, 15},{15527, 15},{17683, 1},{15524, 15},{15522, 15},
{15521, 15},{717, 1},{15530, 15},{15529, 15},{1989, 15},{15666, 15},{13231, 15},{13234, 15},{15663, 15},{23335, 1},
{15660, 15},{13236, 15},{15667, 15},{13235, 15},{15670, 15},{10420, 1},{13229, 15},{21101, 1},{13230, 15},{6697, 1},
{13233, 15},{24509, 1},{6700, 1},{15661, 15},{20184, 1},{15668, 15},{8604, 1},{13232, 15},{15664, 15},{15665, 15},
{15669, 15},{8634, 1},{24423, 15},{4029, 15},{15730, 1},{24418, 15},{14722, 1},{2248, 1},{21102, 1},{4034, 15},
{4032, 15},{24419, 15},{24425, 15},{24426, 15},{4030, 15},{24427, 15},{4031, 15},{24424, 15},{4251, 1},{24421, 15},
{4035, 15},{24422, 15},{4033, 15},{24420, 15},{10233, 15},{22428, 1},{10235, 15},{1331, 15},{1327, 15},{8871, 1},
{1329, 15},{6991, 1},{1330, 15},{1328, 15},{15729, 1},{1332, 15},{10228, 15},{10229, 15},{10231, 15},{15726, 1},
{10232, 15},{10230, 15},{1333, 15},{1036, 1},{10234, 15},{10225, 15},{10226, 15},{2302, 15},{19732, 15},{6701, 1},
{8655, 1},{12554, 15},{8791, 15},{20974, 15},{8789, 15},{8795, 15},{8801, 15},{12553, 15},{21104, 1},{12555, 15},
{12532, 15},{9352, 1},{2287, 15},{9374, 1},{8790, 15},{12540, 15},{12545, 15},{8800, 15},{549, 15},{8794, 15},
{17701, 15},{18355, 15},{9993, 15},{9991, 15},{9987, 15},{16430, 1},{18352, 15},{18354, 15},{9989, 15},{18357, 15},
{9985, 15},{23301, 1},{2159, 1},{9990, 15},{9992, 15},{9986, 15},{9994, 15},{8874, 1},{4329, 1},{3619, 1},
{18356, 15},{716, 1},{9227, 15},{9224, 15},{10045, 15},{9231, 15},{9225, 15},{20402, 1},{10043, 15},{718, 1},
{9228, 15},{9229, 15},{10042, 15},{10051, 15},{9226, 15},{10052, 15},{10048, 15},{9230, 15},{10049, 15},{10047, 15},
{10044, 15},{10046, 15},{21817, 17},{7952, 15},{11471, 15},{7957, 15},{2675, 1},{7950, 15},{11479, 15},{11478, 15},
{986, 1},{7954, 15},{7953, 15},{11475, 15},{20397, 1},{7955, 15},{2635, 1},{11474, 15},{11469, 15},{11473, 15},
{11472, 15},{7956, 15},{11470, 15},{21841, 15},{7958, 15},{7951, 15},{21108, 1},{11476, 15},{5303, 15},{4777, 1},
{5275, 15},{20189, 1},{9599, 15},{14720, 1},{5296, 15},{9598, 15},{24515, 1},{3701, 15},{20905, 1},{23524, 15},
{590, 15},{19662, 15},{23997, 1},{3699, 15},{19673, 15},{23534, 15},{9597, 15},{9590, 15},{9603, 15},{19682, 15},
{17691, 1},{21918, 17},{21309, 17},{723, 17},{783, 17},{17612, 14},{12232, 14},{15272, 14},{10576, 14},{1530, 14},
{13175, 14},{19954, 14},{23975, 14},{14686, 13},{25314, 14},{12253, 14},{15066, 14},{1143, 14},{8204, 14},{24752, 14},
{23441, 14},{16934, 17},{15724, 17},{4673, 17},{15999, 17},{2374, 17},{11217, 17},{17202, 17},{21261, 17},{19099, 17},
{8602, 3},{1940, 3},{14954, 17},{9325, 8},{9213, 8},{17139, 8},{23286, 8},{10194, 8},{14007, 8},{10463, 8},
{14020, 8},{20186, 8},{24991, 8},{4363, 8},{25775, 8},{10615, 8},{23676, 8},{22769, 8},{6974, 17},{20398, 12},
{4653, 17},{21647, 17},{4690, 17},{5359, 8},{5358, 8},{5357, 8},{5356, 8},{8676, 17},{5354, 8},{24572, 12},
{15611, 3},{5024, 3},{5019, 12},{9345, 12},{22002, 17},{17458, 17},{36, 15},{15449, 17},{5659, 17},{13498, 15},
{10068, 15},{20663, 15},{7593, 15},{4160, 15},{23600, 15},{12439, 15},{24131, 15},{25148, 15},{4163, 15},{3853, 15},
{4508, 15},{4164, 15},{18725, 15},{3712, 7},{18497, 7},{13774, 7},{4980, 7},{20509, 7},{6835, 7},{25918, 9},
{19389, 7},{14828, 7},{24990, 7},{19060, 7},{6339, 7},{6659, 7},{13574, 7},{12235, 7},{74, 7},{5257, 7},
{24985, 7},{7062, 7},{13570, 7},{20856, 7},{9010, 7},{82, 7},{3711, 7},{4986, 7},{17515, 7},{11859, 15},
{17987, 15},{17913, 15},{18719, 15},{15229, 15},{18899, 15},{20411, 15},{17812, 17},{21938, 7},{18480, 7},{4291, 7},
{4288, 7},{17884, 7},{23823, 7},{19356, 9},{21933, 7},{12438, 7},{21616, 7},{18485, 7},{4212, 0},{10662, 7},
{15878, 7},{5465, 7},{23259, 7},{15878, 7},{18480, 7},{2144, 7},{15889, 7},{17371, 7},{8991, 7},{5462, 7},
{11574, 7},{16394, 7},{11583, 7},{15237, 7},{19355, 9},{23823, 7},{4289, 7},{23822, 7},{21780, 7},{24021, 7},
{15231, 7},{6825, 7},{144, 7},{26187, 7},{16757, 7},{2292, 7},{11967, 7},{23964, 7},{23258, 7},{12438, 7},
{15233, 7},{1054, 7},{15249, 7},{5462, 7},{15072, 7},{10365, 7},{21430, 7},{14696, 7},{23955, 7},{3563, 7},
{11582, 7},{2288, 7},{3557, 7},{2295, 7},{10662, 7},{16960, 7},{6818, 7},{18739, 7},{7300, 7},{4289, 7},
{20396, 9},{15891, 7},{3883, 7},{10668, 7},{6278, 7},{6819, 7},{4294, 7},{11600, 7},{21782, 7},{15079, 7},
{8993, 7},{23959, 7},{5469, 7},{6454, 7},{20395, 9},{21940, 7},{16125, 7},{21780, 7},{11966, 7},{23264, 7},
{15237, 7},{14699, 7},{24014, 7},{11578, 7},{12444, 7},{7315, 7},{23064, 7},{14698, 7},{18483, 7},{11970, 7},
{5100, 7},{16758, 7},{20395, 9},{3560, 7},{2137, 7},{23060, 7},{21120, 0},{21938, 7},{6448, 7},{26185, 7},
{23259, 7},{6278, 7},{21935, 7},{5470, 7},{21939, 7},{7313, 7},{23070, 7},{5462, 7},{21426, 7},{17137, 7},
{18728, 7},{10662, 7},{14703, 7},{16961, 7},{18479, 7},{23610, 7},{16957, 7},{17135, 7},{4294, 7},{147, 7},
{18584, 0},{21431, 7},{150, 7},{23820, 7},{23825, 7},{10661, 7},{3559, 7},{21619, 7},{6824, 7},{4289, 7},
{20398, 9},{24019, 7},{2147, 7},{24018, 7},{23822, 7},{18473, 7},{7319, 7},{3887, 7},{21630, 7},{17886, 7},
{23256, 7},{14698, 7},{21781, 7},{1852, 7},{9958, 7},{16759, 7},{23955, 7},{149, 7},{11649, 7},{14703, 7},
{19355, 9},{16125, 7},{5464, 7},{15071, 7},{8997, 7},{21785, 7},{21425, 7},{11967, 7},{18472, 7},{805, 7},
{20407, 9},{3885, 7},{21614, 7},{3888, 7},{4295, 7},{23956, 7},{11968, 7},{9956, 7},{16957, 7},{14356, 0},
{23070, 7},{21431, 7},{21425, 7},{4285, 7},{17891, 7},{15885, 7},{23608, 7},{24022, 7},{21934, 7},{17886, 7},
{15239, 7},{10372, 7},{5468, 7},{26185, 7},{6876, 7},{21776, 7},{11967, 7},{2289, 7},{20406, 9},{7907, 7},
{4112, 9},{15443, 7},{23114, 7},{26195, 7},{12246, 7},{6466, 7},{13774, 7},{12489, 7},{6463, 7},{24464, 7},
{14830, 7},{25998, 7},{6337, 7},{21771, 7},{19395, 7},{15865, 7},{23096, 7},{6335, 7},{13567, 7},{21454, 7},
{81, 7},{23010, 7},{12235, 7},{6657, 7},{2307, 7},{4077, 0},{3165, 17},{10054, 17},{24957, 9},{8476, 7},
{24991, 7},{13717, 7},{9001, 7},{20531, 7},{8469, 7},{26194, 7},{1167, 7},{12249, 7},{6335, 7},{18087, 0},
{8474, 7},{19280, 7},{19670, 7},{83, 7},{6771, 7},{15774, 17},{13219, 15},{13619, 15},{18289, 15},{22145, 15},
{22994, 15},{2815, 15},{7312, 17},{10758, 15},{8209, 15},{2564, 17},{1037, 17},{9210, 17},{25950, 17},{19144, 17},
{6169, 17},{5821, 17},{23454, 17},{17169, 17},{9646, 15},{2959, 15},{7705, 15},{3903, 15},{6066, 15},{5709, 15},
{25212, 15},{23152, 15},{6417, 15},{14573, 15},{21516, 15},{6415, 15},{8515, 15},{13188, 15},{1791, 15},{9651, 15},
{7705, 15},{12601, 15},{13185, 15},{7701, 15},{23435, 15},{11688, 15},{12529, 15},{14573, 15},{13188, 15},{17257, 17},
{5719, 17},{4249, 17},{22478, 17},{6006, 17},{1458, 17},{17120, 17},{22199, 17},{21254, 3},{23947, 12},{7185, 12},
{22333, 3},{3715, 17},{4966, 3},{9904, 3},{15600, 3},{3160, 12},{15458, 12},{22483, 3},{8608, 3},{1690, 3},
{22257, 3},{20882, 3},{716, 17},{13621, 3},{15453, 13},{678, 3},{9831, 17},{22840, 3},{3641, 3},{11666, 3},
{16704, 3},{12653, 13},{6447, 17},{22404, 17},{19479, 17},{5721, 17},{3881, 17},{19077, 17},{4540, 17},{12115, 17},
{7762, 17},{10242, 17},{7154, 12},{22475, 3},{16958, 7},{3885, 7},{17137, 7},{10671, 7},{21427, 7},{4288, 7},
{15891, 7},{21784, 7},{8147, 9},{17141, 7},{7316, 7},{18484, 7},{26188, 7},{15235, 7},{14358, 0},{2293, 7},
{24021, 7},{7096, 9},{16381, 7},{22500, 7},{6943, 7},{22909, 9},{9830, 7},{24670, 7},{19331, 7},{16389, 7},
{24676, 7},{19333, 7},{4274, 7},{1696, 7},{22909, 9},{23558, 7},{9547, 7},{4276, 7},{11060, 7},{9913, 7},
{7097, 9},{22003, 7},{25286, 7},{11065, 7},{16710, 7},{9910, 7},{23555, 7},{22910, 9},{9830, 7},{6933, 7},
{7098, 9},{25287, 7},{11066, 7},{9539, 7},{9548, 7},{16708, 7},{7097, 9},{19333, 7},{9913, 7},{24676, 7},
{22501, 7},{9907, 7},{7095, 9},{16709, 7},{23551, 7},{9545, 7},{9830, 7},{4273, 7},{9542, 7},{7095, 9},
{25285, 7},{25313, 17},{12781, 17},{4691, 17},{7807, 17},{23016, 17},{21829, 17},{2538, 17},{9411, 17},{1942, 17},
{5294, 17},{19447, 17},{665, 17},{23105, 17},{14719, 3},{5054, 3},{1430, 13},{6698, 3},{25448, 17},{11053, 17},
{18453, 17},{19169, 17},{25726, 17},{25459, 17},{13817, 17},{14912, 17},{13465, 17},{3388, 17},{19958, 17},{5259, 17},
{15957, 17},{11414, 17},{5998, 17},{18815, 17},{10688, 17},{95, 7},{4613, 7},{23163, 7},{23319, 7},{17468, 7},
{4020, 7},{11279, 7},{2650, 7},{12927, 7},{12928, 7},{23322, 7},{23039, 7},{8195, 7},{16203, 7},{15993, 7},
{1431, 9},{11251, 7},{98, 7},{23036, 7},{19737, 7},{16198, 7},{13721, 7},{23348, 7},{12935, 7},{8202, 7},
{22768, 7},{23159, 7},{1430, 9},{13465, 7},{13099, 7},{8192, 7},{6196, 7},{16205, 7},{19738, 7},{12463, 7},
{23314, 7},{23348, 7},{8199, 7},{17469, 7},{4474, 0},{23165, 7},{6013, 7},{4911, 7},{16206, 7},{6193, 7},
{6012, 7},{3680, 7},{9325, 7},{1427, 9},{274, 7},{23352, 7},{4900, 7},{9327, 7},{11279, 7},{17647, 7},
{17644, 7},{17471, 7},{23348, 7},{9334, 7},{16205, 7},{11802, 7},{12934, 7},{12933, 7},{22770, 7},{23530, 7},
{23350, 7},{103, 7},{13096, 7},{3671, 7},{22777, 7},{23321, 7},{3673, 7},{4025, 7},{15163, 7},{12449, 7},
{23317, 7},{12928, 7},{11797, 7},{1427, 9},{12961, 0},{23351, 7},{5863, 7},{2647, 7},{13469, 7},{14600, 7},
{25756, 7},{24273, 7},{4017, 7},{22768, 7},{23351, 7},{19731, 7},{15993, 7},{25933, 7},{22103, 7},{99, 7},
{1426, 9},{10824, 7},{15142, 7},{17470, 7},{16202, 7},{23610, 17},{6139, 17},{603, 17},{26226, 17},{20651, 17},
{24202, 17},{22807, 13},{1154, 15},{1155, 15},{8891, 15},{13254, 15},{3337, 15},{829, 15},{832, 15},{16218, 15},
{15968, 15},{19206, 15},{1157, 15},{16224, 15},{2426, 15},{2430, 15},{24417, 15},{10835, 15},{13009, 15},{16729, 15},
{16319, 15},{19565, 15},{18877, 15},{17814, 3},{22323, 3},{13432, 13},{14342, 8},{11056, 8},{18245, 8},{12497, 8},
{8277, 8},{10971, 8},{7378, 8},{11063, 8},{2066, 8},{19487, 8},{5579, 8},{7104, 8},{2750, 8},{12964, 8},
{15477, 8},{11064, 8},{8276, 8},{7103, 8},{7356, 8},{14343, 8},{15476, 8},{2749, 8},{18246, 8},{5510, 8},
{5580, 8},{19486, 8},{12496, 8},{2067, 8},{11062, 8},{24708, 8},{11065, 8},{18247, 8},{5577, 8},{19484, 8},
{7359, 8},{2064, 8},{12966, 8},{8274, 8},{11053, 8},{14340, 8},{7382, 8},{13748, 8},{2748, 8},{12495, 8},
{16892, 8},{12967, 8},{13747, 8},{12494, 8},{8272, 8},{7379, 8},{2747, 8},{19521, 8},{5578, 8},{19479, 8},
{2065, 8},{14341, 8},{11066, 8},{7358, 8},{18248, 8},{16886, 8},{8270, 8},{12501, 8},{2062, 8},{7100, 8},
{16483, 8},{25167, 8},{5575, 8},{15481, 8},{7353, 8},{12960, 8},{18249, 8},{11048, 8},{20978, 8},{11059, 8},
{5515, 8},{6474, 8},{16876, 8},{19519, 8},{12961, 8},{2063, 8},{21845, 8},{8268, 8},{25166, 8},{5514, 8},
{13756, 8},{2745, 8},{18250, 8},{5576, 8},{11060, 8},{7352, 8},{18251, 8},{12962, 8},{7355, 8},{14344, 8},
{8266, 8},{19516, 8},{5517, 8},{25165, 8},{12499, 8},{5573, 8},{2060, 8},{15479, 8},{2744, 8},{11061, 8},
{16879, 8},{19517, 8},{25164, 8},{14345, 8},{7101, 8},{5516, 8},{2061, 8},{12498, 8},{12963, 8},{5574, 8},
{13884, 8},{7354, 8},{18252, 8},{8263, 8},{2743, 8},{21009, 8},{2295, 17},{11957, 17},{18242, 8},{10892, 8},
{2742, 8},{21851, 8},{12969, 8},{15483, 8},{11057, 8},{24396, 8},{14332, 8},{7112, 8},{10132, 8},{2069, 8},
{19513, 8},{5585, 8},{25175, 8},{14333, 8},{2070, 8},{15482, 8},{25174, 8},{21849, 8},{7111, 8},{19514, 8},
{11058, 8},{18243, 8},{24376, 8},{2741, 8},{12970, 8},{7350, 8},{8259, 8},{5586, 8},{4527, 17},{273, 17},
{14596, 17},{11662, 17},{24351, 17},{16777, 3},{10178, 3},{14919, 17},{10015, 17},{5585, 17},{21393, 17},{16527, 17},
{9469, 13},{21642, 3},{7269, 3},{21222, 17},{13775, 8},{11523, 8},{25446, 8},{24874, 8},{5818, 8},{12877, 8},
{15831, 8},{15290, 8},{22114, 8},{11348, 8},{23320, 8},{21939, 8},{18559, 8},{4922, 8},{17568, 8},{21940, 8},
{14423, 8},{5538, 8},{11522, 8},{7714, 8},{12878, 8},{11349, 8},{15832, 8},{15289, 8},{13774, 8},{23321, 8},
{8511, 8},{5819, 8},{4921, 8},{11521, 8},{13773, 8},{23322, 8},{24872, 8},{11346, 8},{15829, 8},{11145, 8},
{21937, 8},{12879, 8},{22140, 8},{15288, 8},{5820, 8},{18561, 8},{4920, 8},{1106, 15},{7709, 8},{11344, 8},
{13771, 8},{21935, 8},{15286, 8},{18555, 8},{11527, 8},{14428, 8},{25462, 8},{23316, 8},{5822, 8},{24878, 8},
{12873, 8},{15827, 8},{4918, 8},{4917, 8},{5823, 8},{7422, 8},{14427, 8},{11345, 8},{21936, 8},{23317, 8},
{12874, 8},{11160, 8},{24879, 8},{13770, 8},{11526, 8},{15828, 8},{18554, 8},{15285, 8},{24876, 8},{5824, 8},
{11525, 8},{4916, 8},{5597, 8},{11342, 8},{15284, 8},{14426, 8},{18557, 8},{21933, 8},{15825, 8},{13769, 8},
{12875, 8},{25467, 8},{23318, 8},{18556, 8},{15283, 8},{25464, 8},{11343, 8},{5825, 8},{22092, 8},{11524, 8},
{14425, 8},{15826, 8},{21934, 8},{24877, 8},{23319, 8},{13768, 8},{4915, 8},{12876, 8},{19799, 17},{11519, 8},
{5588, 8},{23314, 8},{4914, 8},{11350, 8},{12881, 8},{15822, 8},{24880, 8},{21942, 8},{13765, 8},{8508, 8},
{5554, 8},{15292, 8},{5815, 8},{15291, 8},{13764, 8},{11351, 8},{11518, 8},{5816, 8},{11047, 8},{24881, 8},
{23315, 8},{5552, 8},{12882, 8},{15823, 8},{5587, 8},{21943, 8},{4913, 8},{20870, 17},{2416, 17},{15518, 17},
{4620, 17},{3911, 17},{4129, 17},{12268, 3},{3454, 12},{26001, 3},{13319, 3},{12668, 3},{15359, 17},{4142, 17},
{9130, 17},{12744, 17},{19484, 17},{2635, 17},{3232, 17},{5115, 17},{2061, 17},{10959, 3},{8225, 17},{14804, 17},
{4371, 17},{11018, 17},{9329, 17},{12, 17},{9123, 17},{1417, 17},{12876, 17},{24859, 17},{22947, 17},{25741, 17},
{7060, 17},{7480, 17},{5487, 17},{24669, 10},{5284, 10},{22945, 10},{4091, 10},{9909, 10},{21851, 10},{21116, 10},
{5054, 10},{21081, 10},{14668, 10},{7695, 10},{10958, 10},{5565, 10},{10438, 10},{7872, 10},{22946, 10},{10988, 10},
{4170, 10},{23763, 10},{3083, 10},{17830, 10},{7675, 10},{22260, 10},{17633, 10},{18539, 10},{9962, 10},{21386, 10},
{6622, 10},{16892, 10},{14665, 10},{25951, 10},{22362, 10},{20087, 10},{17212, 10},{25307, 10},{26034, 10},{588, 10},
{13318, 10},{4062, 10},{25195, 10},{14866, 10},{4637, 10},{10945, 10},{6624, 10},{13587, 10},{21607, 10},{15841, 10},
{13542, 10},{21103, 10},{11058, 10},{26027, 10},{8831, 10},{4080, 10},{16918, 10},{2110, 10},{16386, 10},{4045, 10},
{23774, 10},{21077, 10},{23967, 10},{6943, 10},{24039, 10},{15508, 10},{1894, 10},{153, 10},{15479, 10},{1400, 10},
{2748, 10},{16430, 10},{13351, 10},{3217, 10},{13756, 10},{1547, 10},{18819, 10},{8626, 10},{22476, 10},{2004, 10},
{4639, 10},{23501, 10},{14667, 10},{21388, 10},{1620, 10},{14066, 10},{6671, 10},{16867, 10},{1920, 10},{8575, 10},
{1012, 10},{9910, 10},{4636, 10},{12497, 10},{21267, 10},{16869, 10},{8568, 10},{25177, 10},{18618, 10},{18540, 10},
{4638, 10},{20363, 10},{1893, 10},{14818, 10},{4466, 10},{21244, 10},{4218, 10},{6621, 10},{3645, 10},{8276, 10},
{18458, 10},{11666, 10},{6933, 10},{21390, 10},{7128, 10},{1617, 10},{721, 10},{24502, 10},{18430, 10},{9701, 10},
{3418, 10},{10982, 10},{18450, 10},{4474, 10},{12961, 10},{4358, 10},{8618, 10},{7103, 10},{631, 10},{22941, 10},
{24672, 10},{3914, 10},{9755, 10},{7557, 10},{4470, 10},{18454, 10},{26024, 10},{25193, 10},{14663, 10},{23854, 10},
{15843, 10},{18245, 10},{15578, 10},{16007, 10},{4064, 10},{5578, 10},{10222, 10},{14065, 10},{7408, 10},{5510, 10},
{18533, 10},{24673, 10},{14059, 10},{2006, 10},{15513, 10},{22943, 10},{20397, 10},{8835, 10},{21395, 10},{23546, 10},
{2747, 10},{1009, 10},{1626, 10},{9758, 10},{7406, 10},{725, 10},{7409, 10},{1403, 10},{18435, 10},{12321, 10},
{9567, 10},{6701, 10},{3638, 10},{20980, 10},{20403, 10},{16380, 10},{20090, 10},{629, 10},{4063, 10},{17762, 10},
{19281, 10},{3412, 10},{676, 10},{25272, 10},{25277, 10},{1404, 10},{14361, 10},{17826, 10},{14052, 10},{8848, 10},
{25781, 10},{172, 10},{3170, 10},{3415, 10},{4964, 10},{13540, 10},{9906, 10},{15511, 10},{20278, 10},{7554, 10},
{13787, 10},{14487, 10},{9787, 10},{879, 10},{12969, 10},{11676, 10},{9913, 10},{14670, 10},{10173, 10},{18538, 10},
{9908, 10},{17829, 10},{5487, 10},{6669, 10},{4176, 10},{18038, 10},{25009, 10},{18432, 10},{10181, 10},{5577, 10},
{1935, 10},{639, 10},{7410, 10},{21079, 10},{13352, 10},{10221, 10},{22510, 10},{10219, 10},{644, 10},{14064, 10},
{15722, 10},{10925, 10},{14664, 10},{14340, 10},{9903, 10},{875, 10},{21581, 10},{6668, 10},{17734, 10},{4473, 10},
{26174, 10},{18437, 10},{21400, 10},{5482, 10},{21608, 10},{20272, 10},{18613, 10},{4357, 10},{24676, 10},{18583, 10},
{21076, 10},{18815, 10},{25287, 10},{16009, 10},{7686, 10},{26011, 10},{18434, 10},{4253, 10},{14817, 10},{4059, 10},
{14488, 10},{20086, 10},{2742, 10},{15840, 10},{17832, 10},{19965, 10},{16704, 10},{12460, 10},{14359, 10},{19283, 10},
{17774, 10},{18436, 10},{14354, 10},{5287, 10},{4061, 10},{678, 10},{24499, 10},{16922, 10},{1690, 10},{10850, 10},
{9765, 10},{3171, 10},{7216, 10},{22374, 10},{26008, 10},{15514, 10},{22003, 10},{23781, 10},{7560, 10},{4074, 10},
{11320, 10},{21215, 10},{20402, 10},{10920, 10},{10217, 10},{14053, 10},{21402, 10},{12729, 10},{25275, 10},{22949, 10},
{14050, 10},{14819, 10},{3012, 10},{13479, 10},{11602, 10},{8877, 10},{4141, 10},{25274, 10},{8263, 10},{26033, 10},
{23764, 10},{11896, 10},{14054, 10},{25779, 10},{595, 10},{11606, 10},{21606, 10},{14360, 10},{722, 10},{24038, 10},
{15476, 10},{19299, 10},{13537, 10},{17740, 10},{7378, 10},{4100, 10},{7411, 10},{16995, 10},{1694, 10},{3015, 10},
{7402, 10},{4972, 10},{4136, 10},{20575, 10},{20314, 10},{23728, 10},{8882, 10},{2061, 10},{15518, 10},{3635, 10},
{5564, 10},{7555, 10},{13541, 10},{4139, 10},{4084, 10},{7677, 10},{8704, 10},{4220, 10},{21254, 10},{12261, 10},
{4050, 10},{11319, 10},{12501, 10},{2011, 10},{21268, 10},{20596, 10},{16385, 10},{23765, 10},{20319, 10},{17214, 10},
{25301, 10},{4254, 10},{8850, 10},{12455, 10},{11061, 10},{21262, 10},{3165, 10},{9763, 10},{14358, 10},{8625, 10},
{13588, 10},{16996, 10},{3235, 10},{23724, 10},{19519, 10},{16919, 10},{12269, 10},{681, 10},{397, 10},{8771, 10},
{10892, 10},{9703, 10},{17741, 10},{599, 10},{11874, 10},{7101, 10},{23502, 10},{679, 10},{22942, 10},{15190, 10},
{26030, 10},{24670, 10},{9543, 10},{15726, 10},{6670, 10},{16917, 10},{23554, 10},{11680, 10},{18616, 10},{9704, 10},
{6627, 10},{13315, 10},{20905, 10},{9893, 10},{12672, 10},{4097, 10},{14639, 10},{3946, 10},{22947, 10},{18820, 10},
{21394, 10},{13884, 10},{17208, 10},{8613, 10},{18610, 10},{11682, 10},{11603, 10},{20694, 10},{17615, 10},{7167, 10},
{7350, 10},{4366, 10},{21645, 10},{4967, 10},{21250, 10},{25194, 10},{11783, 10},{4251, 10},{16870, 10},{13313, 10},
{8775, 10},{14363, 10},{403, 10},{7611, 10},{5569, 10},{3216, 10},{877, 10},{8641, 10},{11302, 10},{718, 10},
{24048, 10},{16879, 10},{1930, 10},{20367, 10},{4274, 10},{21082, 10},{14032, 10},{17733, 10},{1692, 10},{637, 10},
{11066, 10},{14481, 10},{12668, 10},{18251, 10},{20309, 10},{21611, 10},{4471, 10},{4078, 10},{11317, 10},{16860, 10},
{10443, 10},{9698, 10},{23778, 10},{587, 10},{12268, 10},{15719, 10},{14048, 10},{6703, 10},{3426, 10},{21224, 10},
{18359, 10},{6702, 10},{11677, 10},{21523, 10},{20357, 10},{20353, 10},{18812, 10},{22475, 10},{1543, 10},{13475, 10},
{20370, 10},{22842, 10},{1936, 10},{23210, 10},{9760, 10},{21102, 10},{15716, 10},{3166, 10},{23721, 10},{16989, 10},
{19513, 10},{19479, 10},{20280, 10},{4475, 10},{4973, 10},{18587, 10},{23725, 10},{1413, 10},{16990, 10},{634, 10},
{12260, 10},{21651, 10},{23855, 10},{21682, 10},{21647, 10},{26028, 10},{25280, 10},{13616, 10},{1942, 10},{18537, 10},
{11056, 10},{1010, 10},{3411, 10},{18439, 10},{1018, 10},{11315, 10},{26026, 10},{17674, 10},{15717, 10},{4362, 10},
{15599, 10},{20354, 10},{5574, 10},{643, 10},{13620, 10},{14479, 10},{2010, 10},{15713, 10},{16387, 10},{8571, 10},
{2114, 10},{21705, 10},{25304, 10},{6704, 10},{15729, 10},{9707, 10},{21216, 10},{2113, 10},{9905, 10},{14820, 10},
{18043, 10},{25950, 10},{19298, 10},{17232, 10},{12452, 10},{24491, 10},{16822, 10},{10018, 10},{21247, 10},{21269, 10},
{14223, 10},{12456, 10},{8259, 10},{4970, 10},{16767, 10},{22474, 10},{5286, 10},{12733, 10},{24489, 10},{3164, 10},
{13480, 10},{16992, 10},{14666, 10},{20689, 10},{16042, 10},{9785, 10},{18247, 10},{17679, 10},{20359, 10},{4259, 10},
{19297, 10},{15576, 10},{883, 10},{8706, 10},{18586, 10},{17851, 10},{25953, 10},{15113, 10},{4635, 10},{1898, 10},
{25283, 10},{13482, 10},{4219, 10},{23768, 10},{16993, 10},{5485, 10},{10983, 10},{11048, 10},{25306, 10},{8777, 10},
{11876, 10},{23727, 10},{2067, 10},{683, 10},{11868, 10},{23762, 10},{16044, 10},{12737, 10},{1897, 10},{8627, 10},
{16777, 10},{16866, 10},{5585, 10},{22262, 10},{18039, 10},{1929, 10},{24013, 10},{10172, 10},{19842, 10},{12541, 10},
{10928, 10},{20362, 10},{8703, 10},{21398, 10},{20374, 10},{4963, 10},{25954, 10},{12736, 10},{20111, 10},{8836, 10},
{4634, 10},{12967, 10},{4249, 10},{17739, 10},{16868, 10},{11877, 10},{17210, 10},{1940, 10},{20279, 10},{4476, 10},
{25783, 10},{24506, 10},{1572, 10},{14055, 10},{9904, 10},{20907, 10},{14343, 10},{8700, 10},{25788, 10},{18248, 10},
{633, 10},{4138, 10},{8622, 10},{12970, 10},{15728, 10},{395, 10},{25785, 10},{18452, 10},{13317, 10},{1541, 10},
{21612, 10},{6700, 10},{14815, 10},{23853, 10},{1015, 10},{19285, 10},{6620, 10},{7123, 10},{4060, 10},{12458, 10},
{10220, 10},{10439, 10},{7244, 10},{16390, 10},{21583, 10},{12263, 10},{22847, 10},{16483, 10},{19302, 10},{8645, 10},
{25281, 10},{5570, 10},{1396, 10},{7354, 10},{8617, 10},{4047, 10},{1624, 10},{3214, 10},{12299, 10},{22478, 10},
{13625, 10},{5281, 10},{8776, 10},{12964, 10},{17102, 10},{21385, 10},{3911, 10},{600, 10},{18037, 10},{15720, 10},
{7873, 10},{25300, 10},{13545, 10},{19300, 10},{8570, 10},{3018, 10},{17849, 10},{19326, 10},{16702, 10},{20356, 10},
{8827, 10},{20089, 10},{22844, 10},{4142, 10},{17680, 10},{4971, 10},{25784, 10},{7133, 10},{21251, 10},{14049, 10},
{1411, 10},{7358, 10},{11504, 10},{21550, 10},{17827, 10},{16034, 10},{5562, 10},{8859, 10},{3916, 10},{25949, 10},
{15844, 10},{10961, 10},{23771, 10},{9547, 10},{11314, 10},{20608, 10},{16381, 10},{6618, 10},{22255, 10},{25165, 10},
{874, 10},{18250, 10},{9538, 10},{21588, 10},{8774, 10},{24498, 10},{16708, 10},{8274, 10},{8679, 10},{4256, 10},
{1619, 10},{10176, 10},{4052, 10},{1622, 10},{19287, 10},{7111, 10},{11665, 10},{13586, 10},{11788, 10},{11313, 10},
{8605, 10},{15512, 10},{3416, 10},{13748, 10},{8885, 10},{22373, 10},{7341, 10},{10963, 10},{16864, 10},{19301, 10},
{26237, 10},{1928, 10},{3907, 10},{4146, 10},{4169, 10},{20369, 10},{16924, 10},{25782, 10},{18530, 10},{21075, 10},
{14658, 10},{20277, 10},{8840, 10},{18579, 10},{9967, 10},{11789, 10},{1693, 10},{16705, 10},{17670, 10},{21074, 10},
{22363, 10},{6619, 10},{26235, 10},{1921, 10},{22479, 10},{11871, 10},{22480, 10},{25952, 10},{2111, 10},{22256, 10},
{23851, 10},{15111, 10},{2012, 10},{17852, 10},{3231, 10},{22840, 10},{1695, 10},{12535, 10},{12457, 10},{9784, 10},
{3641, 10},{12963, 10},{11505, 10},{10444, 10},{591, 10},{16768, 10},{11661, 10},{8270, 10},{8569, 10},{3238, 10},
{9964, 10},{10178, 10},{21265, 10},{21538, 10},{8619, 10},{21266, 10},{21105, 10},{2116, 10},{6664, 10},{1540, 10},
{4360, 10},{11059, 10},{14051, 10},{4969, 10},{22257, 10},{19306, 10},{16041, 10},{18243, 10},{20358, 10},{1902, 10},
{4252, 10},{23505, 10},{15610, 10},{1699, 10},{26168, 10},{8676, 10},{23558, 10},{23856, 10},{24503, 10},{21584, 10},
{20115, 10},{3637, 10},{9540, 10},{5285, 10},{24490, 10},{3702, 10},{18535, 10},{5571, 10},{17215, 10},{605, 10},
{19327, 10},{11679, 10},{20318, 10},{18585, 10},{680, 10},{22482, 10},{14482, 10},{23849, 10},{15605, 10},{21104, 10},
{592, 10},{21114, 10},{3928, 10},{9965, 10},{16923, 10},{18457, 10},{17677, 10},{1395, 10},{21396, 10},{9764, 10},
{10924, 10},{2069, 10},{13346, 10},{1542, 10},{4365, 10},{7359, 10},{1414, 10},{8707, 10},{18089, 10},{5282, 10},
{18817, 10},{19514, 10},{20271, 10},{21849, 10},{608, 10},{4076, 10},{8623, 10},{21113, 10},{3930, 10},{8773, 10},
{11675, 10},{20366, 10},{2063, 10},{8826, 10},{19073, 10},{25946, 10},{10175, 10},{2159, 10},{13592, 10},{20109, 10},
{25183, 10},{7356, 10},{26236, 10},{11506, 10},{18580, 10},{21642, 10},{2003, 10},{16709, 10},{10957, 10},{7552, 10},
{19303, 10},{394, 10},{24376, 10},{24678, 10},{4271, 10},{4051, 10},{632, 10},{399, 10},{4247, 10},{18455, 10},
{9585, 10},{11064, 10},{25305, 10},{8612, 10},{5514, 10},{1574, 10},{22507, 10},{16383, 10},{14720, 10},{3211, 10},
{14811, 10},{13483, 10},{11300, 10},{8272, 10},{26015, 10},{4137, 10},{16772, 10},{2744, 10},{10926, 10},{20687, 10},
{6623, 10},{23723, 10},{19078, 10},{20603, 10},{3414, 10},{7553, 10},{11062, 10},{21108, 10},{21009, 10},{2118, 10},
{7874, 10},{11507, 10},{4075, 10},{9699, 10},{8624, 10},{19079, 10},{21727, 10},{8620, 10},{6617, 10},{9700, 10},
{7870, 10},{24487, 10},{16861, 10},{67, 10},{8872, 10},{5488, 10},{13316, 10},{21245, 10},{4174, 10},{19328, 10},
{4212, 10},{4469, 10},{920, 10},{3640, 10},{4143, 10},{23722, 10},{1544, 10},{6626, 10},{15580, 10},{20082, 10},
{15839, 10},{9702, 10},{18584, 10},{10589, 10},{5486, 10},{19080, 10},{4099, 10},{14362, 10},{18581, 10},{25192, 10},
{8277, 10},{13535, 10},{12498, 10},{20112, 10},{8606, 10},{13355, 10},{13354, 10},{11875, 10},{716, 10},{21401, 10},
{22509, 10},{398, 10},{8696, 10},{25285, 10},{18614, 10},{17678, 10},{6665, 10},{23847, 10},{4465, 10},{601, 10},
{22505, 10},{15477, 10},{21117, 10},{1539, 10},{5576, 10},{25302, 10},{3913, 10},{1538, 10},{10921, 10},{4175, 10},
{10971, 10},{20372, 10},{1927, 10},{19322, 10},{21253, 10},{14067, 10},{8871, 10},{26025, 10},{10179, 10},{719, 10},
{9541, 10},{16926, 10},{14235, 10},{4267, 10},{10015, 10},{26239, 10},{11678, 10},{22481, 10},{2008, 10},{25787, 10},
{20404, 10},{18041, 10},{10223, 10},{24870, 10},{10922, 10},{11027, 10},{11867, 10},{23976, 10},{17854, 10},{674, 10},
{23766, 10},{3915, 10},{1933, 10},{16389, 10},{17853, 10},{1016, 10},{4966, 10},{17831, 10},{10182, 10},{1941, 10},
{19333, 10},{20273, 10},{16921, 10},{13481, 10},{8614, 10},{8829, 10},{17626, 10},{4248, 10},{21397, 10},{5489, 10},
{25293, 10},{23591, 10},{4043, 10},{14356, 10},{5568, 10},{7220, 10},{9761, 10},{17676, 10},{22372, 10},{5575, 10},
{3212, 10},{4092, 10},{9963, 10},{20310, 10},{20084, 10},{20276, 10},{4081, 10},{1545, 10},{1899, 10},{11784, 10},
{25292, 10},{9754, 10},{21843, 10},{8828, 10},{881, 10},{14657, 10},{14063, 10},{15730, 10},{4173, 10},{909, 10},
{23779, 10},{21649, 10},{14813, 10},{589, 10},{3236, 10},{21641, 10},{14333, 10},{20422, 10},{7405, 10},{17847, 10},
{19907, 10},{18084, 10},{1019, 10},{21387, 10},{724, 10},{23720, 10},{2745, 10},{16988, 10},{5566, 10},{1696, 10},
{24023, 10},{12730, 10},{15724, 10},{15727, 10},{13347, 10},{8768, 10},{19077, 10},{25175, 10},{15837, 10},{1571, 10},
{3917, 10},{18042, 10},{22501, 10},{13617, 10},{1408, 10},{15509, 10},{16388, 10},{14724, 10},{21716, 10},{8837, 10},
{21604, 10},{25174, 10},{7679, 10},{24507, 10},{11668, 10},{22848, 10},{7869, 10},{3215, 10},{26233, 10},{1011, 10},
{14060, 10},{5580, 10},{10213, 10},{22265, 10},{8601, 10},{10432, 10},{18080, 10},{10587, 10},{21118, 10},{22940, 10},
{4140, 10},{7556, 10},{1575, 10},{8576, 10},{16707, 10},{16703, 10},{17675, 10},{14485, 10},{6695, 10},{23557, 10},
{21383, 10},{15725, 10},{9542, 10},{9970, 10},{14068, 10},{25276, 10},{4093, 10},{12966, 10},{11065, 10},{22369, 10},
{2119, 10},{876, 10},{12258, 10},{4632, 10},{12371, 10},{22878, 10},{16043, 10},{10927, 10},{9907, 10},{24504, 10},
{642, 10},{11775, 10},{8833, 10},{18081, 10},{677, 10},{21219, 10},{4058, 10},{7353, 10},{22259, 10},{4098, 10},
{8702, 10},{14047, 10},{638, 10},{10177, 10},{10132, 10},{6674, 10},{20373, 10},{11667, 10},{17104, 10},{13538, 10},
{4044, 10},{10923, 10},{25196, 10},{16780, 10},{14814, 10},{24494, 10},{636, 10},{15723, 10},{22841, 10},{992, 10},
{17833, 10},{3044, 10},{13474, 10},{2749, 10},{21644, 10},{22370, 10},{2750, 10},{13589, 10},{5515, 10},{21001, 10},
{21585, 10},{21793, 10},{21270, 10},{8611, 10},{21218, 10},{15603, 10},{9539, 10},{18811, 10},{18252, 10},{7690, 10},
{20589, 10},{4083, 10},{21399, 10},{8607, 10},{14722, 10},{9759, 10},{18813, 10},{21587, 10},{16994, 10},{17099, 10},
{21246, 10},{17835, 10},{16920, 10},{11063, 10},{13593, 10},{11322, 10},{16766, 10},{8832, 10},{12264, 10},{13596, 10},
{3218, 10},{7104, 10},{8615, 10},{4272, 10},{10433, 10},{25282, 10},{4266, 10},{635, 10},{3169, 10},{12259, 10},
{22503, 10},{1926, 10},{18536, 10},{586, 10},{24675, 10},{20113, 10},{11321, 10},{16771, 10},{4095, 10},{882, 10},
{18242, 10},{8651, 10},{4215, 10},{20360, 10},{5586, 10},{11673, 10},{3947, 10},{1412, 10},{22506, 10},{18531, 10},
{23624, 10},{10960, 10},{25299, 10},{14345, 10},{7407, 10},{8697, 10},{20091, 10},{22843, 10},{20873, 10},{15188, 10},
{13319, 10},{15606, 10},{3918, 10},{11053, 10},{915, 10},{3014, 10},{4214, 10},{12536, 10},{3908, 10},{24488, 10},
{4221, 10},{2741, 10},{3172, 10},{13478, 10},{12459, 10},{16751, 10},{9786, 10},{16710, 10},{19331, 10},{18578, 10},
{4046, 10},{11669, 10},{23965, 10},{18353, 10},{11060, 10},{5573, 10},{14070, 10},{15845, 10},{8608, 10},{21650, 10},
{7871, 10},{15602, 10},{25286, 10},{4270, 10},{11872, 10},{25284, 10},{18087, 10},{25188, 10},{598, 10},{7352, 10},
{21591, 10},{20875, 10},{3088, 10},{2115, 10},{23551, 10},{10962, 10},{21080, 10},{11604, 10},{17213, 10},{25215, 10},
{18378, 10},{16765, 10},{22368, 10},{18085, 10},{17850, 10},{12738, 10},{8621, 10},{14719, 10},{17120, 10},{11508, 10},
{19072, 10},{7100, 10},{22944, 10},{14344, 10},{21586, 10},{11318, 10},{8920, 10},{4640, 10},{21220, 10},{18451, 10},
{603, 10},{4049, 10},{8869, 10},{18438, 10},{18534, 10},{21384, 10},{8769, 10},{2117, 10},{4255, 10},{20114, 10},
{21485, 10},{25298, 10},{21590, 10},{880, 10},{16865, 10},{20312, 10},{15210, 10},{24045, 10},{22483, 10},{19517, 10},
{5484, 10},{2175, 10},{918, 10},{2066, 10},{26031, 10},{21120, 10},{7877, 10},{19516, 10},{640, 10},{11787, 10},
{21083, 10},{20594, 10},{13322, 10},{11873, 10},{16886, 10},{9545, 10},{14046, 10},{21263, 10},{2064, 10},{6666, 10},
{25198, 10},{23770, 10},{17089, 10},{14341, 10},{8616, 10},{7868, 10},{12962, 10},{4361, 10},{1901, 10},{22504, 10},
{3168, 10},{24396, 10},{25278, 10},{1900, 10},{8632, 10},{13476, 10},{2009, 10},{17836, 10},{7678, 10},{11511, 10},
{13353, 10},{21222, 10},{8699, 10},{7876, 10},{2112, 10},{21609, 10},{1621, 10},{14069, 10},{7382, 10},{18040, 10},
{11674, 10},{16432, 10},{11512, 10},{23729, 10},{22500, 10},{7681, 10},{4269, 10},{20275, 10},{4048, 10},{5516, 10},
{17194, 10},{8634, 10},{22264, 10},{21845, 10},{8604, 10},{723, 10},{25166, 10},{16425, 10},{25955, 10},{13477, 10},
{18088, 10},{11605, 10},{4216, 10},{21078, 10},{22502, 10},{3173, 10},{20691, 10},{19282, 10},{1939, 10},{23852, 10},
{7559, 10},{9705, 10},{23782, 10},{14858, 10},{13321, 10},{1546, 10},{10959, 10},{4472, 10},{12495, 10},{12960, 10},
{1407, 10},{20371, 10},{12262, 10},{25191, 10},{19075, 10},{8778, 10},{2743, 10},{17732, 10},{10841, 10},{7682, 10},
{19288, 10},{14357, 10},{25948, 10},{12539, 10},{10953, 10},{20083, 10},{720, 10},{3239, 10},{21223, 10},{15482, 10},
{630, 10},{21115, 10},{602, 10},{15842, 10},{14239, 10},{393, 10},{10991, 10},{596, 10},{12303, 10},{17828, 10},
{404, 10},{12537, 10},{10952, 10},{11662, 10},{6675, 10},{13747, 10},{1570, 10},{21605, 10},{23504, 10},{20978, 10},
{19329, 10},{21261, 10},{4213, 10},{17848, 10},{3019, 10},{25289, 10},{1896, 10},{17843, 10},{2070, 10},{16769, 10},
{1931, 10},{25008, 10},{15510, 10},{10174, 10},{6694, 10},{5579, 10},{585, 10},{12538, 10},{18816, 10},{12542, 10},
{12324, 10},{9783, 10},{3413, 10},{16008, 10},{20107, 10},{23384, 10},{14812, 10},{13591, 10},{16039, 10},{3417, 10},
{17681, 10},{11681, 10},{11057, 10},{10843, 10},{19487, 10},{878, 10},{24505, 10},{21225, 10},{15124, 10},{9810, 10},
{10588, 10},{19486, 10},{7696, 10},{19332, 10},{20317, 10},{3213, 10},{16925, 10},{19521, 10},{9961, 10},{5280, 10},
{1691, 10},{1689, 10},{15574, 10},{8609, 10},{15481, 10},{3010, 10},{8843, 10},{2062, 10},{7676, 10},{16437, 10},
{8878, 10},{1700, 10},{12451, 10},{20368, 10},{23767, 10},{14669, 10},{684, 10},{23726, 10},{17607, 10},{22839, 10},
{26009, 10},{7558, 10},{21110, 10},{3234, 10},{4172, 10},{11607, 10},{3008, 10},{21582, 10},{23553, 10},{5279, 10},
{7867, 10},{23780, 10},{23850, 10},{13595, 10},{26010, 10},{20110, 10},{21119, 10},{19289, 10},{4079, 10},{15721, 10},
{10242, 10},{10990, 10},{18609, 10},{11870, 10},{21389, 10},{18431, 10},{5283, 10},{10224, 10},{16788, 10},{4077, 10},
{4057, 10},{22950, 10},{2060, 10},{16764, 10},{20315, 10},{25279, 10},{15519, 10},{18249, 10},{24044, 10},{16435, 10},
{5561, 10},{20355, 10},{24492, 10},{9762, 10},{4275, 10},{14816, 10},{11503, 10},{13350, 10},{23773, 10},{21392, 10},
{11510, 10},{23547, 10},{21393, 10},{9706, 10},{1399, 10},{20686, 10},{5517, 10},{3233, 10},{1013, 10},{18321, 10},
{7680, 10},{20685, 10},{18615, 10},{18453, 10},{23556, 10},{6667, 10},{17211, 10},{22524, 10},{15601, 10},{20693, 10},
{986, 10},{10158, 10},{19484, 10},{9969, 10},{15611, 10},{9548, 10},{6698, 10},{13314, 10},{18349, 10},{11773, 10},
{19305, 10},{11670, 10},{20106, 10},{17669, 10},{1924, 10},{12731, 10},{22261, 10},{9966, 10},{23769, 10},{8573, 10},
{13349, 10},{8875, 10},{18612, 10},{8830, 10},{4171, 10},{3644, 10},{7404, 10},{10218, 10},{8610, 10},{6699, 10},
{14342, 10},{8567, 10},{3090, 10},{8874, 10},{15714, 10},{12735, 10},{21646, 10},{16589, 10},{20690, 10},{21613, 10},
{21111, 10},{2933, 10},{3912, 10},{4641, 10},{5778, 10},{22367, 10},{20316, 10},{2007, 10},{8266, 10},{21248, 10},
{4147, 10},{19074, 10},{23552, 10},{12734, 10},{2005, 10},{1577, 10},{4968, 10},{10214, 10},{24677, 10},{16997, 10},
{717, 10},{12499, 10},{21648, 10},{7551, 10},{3219, 10},{24708, 10},{23592, 10},{3425, 10},{13590, 10},{4273, 10},
{24674, 10},{3011, 10},{1623, 10},{16426, 10},{11663, 10},{20365, 10},{20274, 10},{12265, 10},{13544, 10},{8343, 10},
{8876, 10},{18814, 10},{9544, 10},{15838, 10},{8268, 10},{15718, 10},{3232, 10},{1576, 10},{24347, 10},{12533, 10},
{8574, 10},{8772, 10},{20313, 10},{22477, 10},{19284, 10},{6697, 10},{2065, 10},{7684, 10},{15604, 10},{16384, 10},
{12669, 10},{13348, 10},{4276, 10},{675, 10},{7687, 10},{26234, 10},{1014, 10},{1937, 10},{18246, 10},{400, 10},
{10847, 10},{7129, 10},{16871, 10},{396, 10},{21221, 10},{13486, 10},{1405, 10},{24671, 10},{17844, 10},{24875, 10},
{607, 10},{3009, 10},{6474, 10},{22845, 10},{13320, 10},{14486, 10},{25167, 10},{23503, 10},{4183, 10},{18611, 10},
{25003, 10},{14332, 10},{9049, 10},{1903, 10},{3230, 10},{3636, 10},{1573, 10},{8572, 10},{10929, 10},{17209, 10},
{10849, 10},{3167, 10},{11280, 10},{18582, 10},{9830, 10},{25947, 10},{18433, 10},{11303, 10},{12494, 10},{18086, 10},
{604, 10},{7112, 10},{18818, 10},{15836, 10},{7683, 10},{25197, 10},{15600, 10},{15507, 10},{13621, 10},{1409, 10},
{17635, 10},{25164, 10},{3639, 10},{3210, 10},{17101, 10},{11664, 10},{7403, 10},{9782, 10},{25288, 10},{16876, 10},
{22371, 10},{24493, 10},{11509, 10},{18448, 10},{22258, 10},{25189, 10},{13536, 10},{16991, 10},{14355, 10},{17630, 10},
{13624, 10},{1578, 10},{641, 10},{21101, 10},{19286, 10},{8655, 10},{21391, 10},{16046, 10},{16701, 10},{4217, 10},
{26014, 10},{15483, 10},{18449, 10},{3642, 10},{16040, 10},{21661, 10},{20688, 10},{18617, 10},{16706, 10},{7355, 10},
{11827, 10},{21991, 10},{1410, 10},{3237, 10},{11316, 10},{13539, 10},{8602, 10},{10956, 10},{12496, 10},{23555, 10},
{5278, 10},{19304, 10},{7379, 10},{14484, 10},{6122, 10},{4633, 10},{4250, 10},{22747, 17},{189, 15},{9867, 15},
{6647, 15},{19239, 15},{22621, 15},{13335, 15},{26429, 15},{6645, 15},{2584, 15},{7022, 15},{22621, 15},{12595, 15},
{13199, 15},{21965, 15},{14540, 15},{2141, 15},{19892, 15},{12623, 15},{19240, 15},{481, 15},{19199, 15},{19884, 15},
{7025, 15},{5216, 15},{7021, 15},{2875, 15},{1124, 15},{16610, 15},{22620, 15},{13870, 15},{174, 7},{7089, 9},
{5981, 7},{10823, 7},{22242, 7},{5614, 7},{22238, 7},{22239, 7},{10817, 7},{4359, 7},{17937, 7},{2227, 7},
{12876, 7},{11811, 7},{26114, 7},{9913, 0},{12585, 7},{12170, 7},{13263, 7},{23401, 7},{2298, 7},{10441, 7},
{2622, 7},{18972, 7},{24042, 7},{7800, 7},{2226, 7},{9656, 7},{1082, 7},{19022, 7},{18971, 7},{13272, 7},
{12588, 7},{10033, 7},{12173, 7},{2586, 15},{14219, 15},{10379, 15},{22930, 15},{26042, 15},{20121, 15},{2143, 15},
{5628, 7},{22589, 7},{12581, 7},{20841, 7},{24447, 7},{7091, 9},{1690, 0},{16177, 7},{22246, 7},{15910, 7},
{12589, 7},{7796, 7},{20785, 7},{6352, 7},{4905, 7},{16181, 7},{7795, 7},{270, 7},{7750, 7},{10817, 7},
{21057, 7},{4751, 7},{5625, 7},{270, 7},{23405, 7},{4753, 7},{17201, 7},{11813, 7},{16176, 7},{12589, 7},
{24281, 7},{24448, 7},{17940, 7},{6356, 7},{12588, 7},{5606, 7},{9661, 7},{21489, 7},{15545, 9},{4907, 7},
{3720, 7},{18976, 7},{14763, 7},{10441, 7},{5979, 7},{9652, 7},{11278, 7},{24445, 7},{5627, 7},{21492, 7},
{13731, 7},{5218, 15},{17950, 15},{16682, 7},{6356, 7},{4898, 7},{19691, 7},{21490, 7},{11183, 7},{12175, 7},
{11809, 7},{7793, 7},{24042, 7},{25729, 7},{14758, 7},{11178, 7},{15901, 7},{7744, 7},{15136, 7},{2220, 7},
{23398, 7},{23129, 7},{26117, 7},{1084, 7},{15909, 7},{9660, 7},{7090, 9},{21060, 7},{16681, 7},{17202, 7},
{9654, 7},{5619, 7},{19021, 7},{16175, 7},{7749, 7},{5621, 7},{13272, 7},{12585, 7},{22240, 7},{7744, 7},
{7796, 7},{9885, 7},{5190, 7},{24287, 7},{7798, 7},{3369, 7},{17481, 7},{7090, 9},{9884, 7},{21063, 7},
{16687, 7},{11806, 7},{5973, 7},{17939, 7},{23917, 7},{25794, 7},{6639, 7},{22244, 7},{9883, 7},{23910, 7},
{24046, 7},{9308, 7},{7793, 7},{14654, 7},{5605, 7},{17646, 7},{18966, 7},{12176, 7},{20790, 7},{12586, 7},
{4751, 7},{1087, 7},{21058, 7},{4744, 7},{1083, 7},{12588, 7},{5978, 7},{2623, 7},{24280, 7},{9885, 7},
{15544, 9},{2221, 7},{19380, 7},{19694, 7},{15906, 7},{7753, 7},{2626, 7},{12584, 7},{21061, 7},{13272, 7},
{2220, 7},{15544, 9},{25724, 7},{13267, 7},{14713, 7},{9661, 7},{16174, 7},{5976, 7},{17941, 7},{12873, 7},
{22238, 7},{2227, 7},{7754, 7},{26115, 7},{9312, 7},{17944, 7},{24049, 7},{4908, 7},{11813, 7},{19695, 7},
{11812, 7},{23914, 7},{4748, 7},{17200, 7},{22240, 7},{15145, 7},{17475, 7},{12464, 7},{23911, 7},{11637, 15},
{16480, 17},{4176, 3},{17813, 3},{6283, 13},{20216, 12},{26350, 12},{24396, 17},{21535, 17},{675, 3},{26352, 13},
{1413, 3},{20407, 12},{10961, 3},{5471, 17},{19995, 17},{17250, 17},{1039, 17},{19330, 17},{10819, 17},{2618, 17},
{16517, 17},{22891, 17},{9962, 17},{22314, 17},{3231, 17},{17262, 3},{17809, 12},{11907, 12},{7695, 3},{5575, 3},
{22808, 13},{20714, 3},{3680, 17},{9880, 17},{8771, 3},{3008, 3},{22258, 17},{17435, 17},{3640, 17},{6529, 17},
{14683, 17},{1016, 3},{3449, 12},{25390, 17},{26030, 17},{20563, 17},{14017, 17},{18995, 17},{11877, 17},{4465, 17},
{23165, 17},{7089, 17},{11604, 17},{12043, 7},{5914, 7},{22431, 7},{2675, 7},{23308, 7},{10162, 7},{2676, 7},
{4325, 7},{10422, 7},{12114, 7},{23337, 7},{16517, 7},{23305, 7},{23309, 7},{4772, 7},{316, 7},{7269, 9},
{3615, 7},{5162, 7},{12116, 7},{24873, 7},{3612, 7},{5911, 7},{7721, 7},{7274, 9},{25662, 7},{4782, 7},
{21894, 7},{3617, 7},{21828, 7},{9374, 7},{22312, 7},{2246, 7},{8215, 7},{14241, 7},{16936, 7},{508, 7},
{4852, 7},{3618, 7},{5165, 7},{17898, 7},{2672, 7},{17692, 7},{23302, 7},{9375, 7},{3616, 7},{22319, 7},
{7725, 7},{8218, 7},{20183, 7},{16931, 7},{1042, 7},{24516, 7},{26381, 7},{4772, 7},{2248, 7},{10419, 7},
{19481, 7},{17568, 7},{2679, 7},{1033, 7},{7270, 9},{16932, 7},{17314, 7},{24002, 7},{8225, 7},{3619, 7},
{13406, 7},{17163, 7},{10659, 7},{18921, 7},{26372, 7},{12116, 7},{17159, 7},{21834, 7},{2674, 7},{9347, 7},
{24878, 7},{22428, 7},{16517, 7},{21829, 7},{10426, 7},{7723, 7},{9351, 7},{20186, 7},{15588, 7},{25669, 7},
{9368, 7},{25662, 7},{23335, 7},{23306, 7},{22312, 7},{23342, 7},{9370, 7},{7270, 9},{12113, 7},{5903, 7},
{21832, 7},{508, 7},{8220, 7},{3621, 7},{6986, 7},{21895, 7},{21837, 7},{12051, 7},{6701, 0},{25670, 7},
{7268, 9},{13412, 7},{19477, 7},{498, 7},{9370, 7},{21980, 7},{21834, 7},{24872, 7},{25669, 7},{21831, 7},
{16938, 7},{17311, 7},{11123, 7},{25665, 7},{16520, 7},{24881, 7},{16933, 7},{17160, 7},{9371, 7},{17903, 7},
{13411, 7},{12118, 7},{23995, 7},{23303, 7},{23996, 7},{17318, 7},{19478, 7},{2243, 7},{4858, 7},{21983, 7},
{4859, 7},{2239, 7},{9367, 7},{7274, 9},{13411, 7},{9721, 7},{10523, 7},{317, 7},{5911, 7},{10425, 7},
{2548, 7},{16934, 7},{10419, 7},{15584, 7},{6988, 7},{17678, 7},{23723, 7},{3946, 7},{17674, 7},{5225, 9},
{16861, 7},{15477, 7},{9765, 7},{869, 9},{8614, 7},{4050, 7},{15479, 7},{16868, 7},{24502, 7},{17677, 7},
{1903, 7},{20110, 7},{20109, 7},{863, 9},{13346, 7},{10849, 7},{10850, 7},{17679, 7},{5225, 9},{4052, 7},
{13348, 7},{24505, 7},{16861, 7},{1899, 7},{23720, 7},{864, 9},{4052, 7},{24504, 7},{1893, 7},{20114, 7},
{864, 9},{9765, 7},{13352, 7},{3018, 7},{17675, 7},{3928, 7},{631, 7},{3009, 7},{4049, 7},{23728, 7},
{1894, 7},{24507, 7},{865, 9},{15483, 7},{636, 7},{10849, 7},{16860, 7},{23724, 7},{13355, 7},{24505, 7},
{865, 9},{4045, 7},{4047, 7},{868, 9},{1901, 7},{13747, 7},{13756, 7},{9762, 7},{13353, 7},{13348, 7},
{3930, 7},{3015, 7},{868, 9},{8609, 7},{23337, 17},{8733, 15},{19108, 15},{25639, 15},{23706, 15},{19945, 15},
{20512, 15},{10345, 15},{19943, 15},{11723, 15},{5374, 15},{7663, 15},{8387, 15},{16080, 15},{20984, 15},{8028, 15},
{11464, 15},{10336, 15},{1725, 15},{21023, 15},{21025, 15},{23705, 15},{4457, 15},{10338, 15},{7088, 15},{17500, 15},
{19946, 15},{16076, 15},{123, 15},{18150, 17},{18296, 15},{11554, 15},{20078, 15},{14448, 15},{25050, 15},{1723, 15},
{10345, 15},{3251, 17},{25883, 17},{8707, 17},{16953, 17},{758, 17},{23558, 17},{5163, 17},{20373, 17},{7155, 17},
{14726, 17},{4259, 17},{12745, 17},{2064, 17},{20197, 17},{20276, 17},{21371, 17},{6802, 17},{23965, 3},{7270, 13},
{18434, 17},{22112, 17},{2105, 17},{2201, 17},{15792, 17},{26028, 17},{17259, 13},{24399, 17},{16433, 17},{17936, 17},
{25372, 17},{11400, 17},{4130, 17},{25124, 13},{20716, 12},{6703, 3},{8367, 3},{26221, 12},{10528, 17},{19521, 17},
{11614, 17},{24042, 17},{25129, 17},{24458, 17},{13103, 17},{2411, 17},{11321, 17},{25756, 17},{18039, 17},{19572, 17},
{6703, 17},{24987, 17},{16889, 15},{9172, 15},{16890, 15},{17833, 1},{22601, 15},{9176, 15},{9175, 15},{22596, 15},
{9174, 15},{9173, 15},{17835, 1},{16895, 15},{9177, 15},{6533, 1},{16893, 15},{16888, 15},{9178, 15},{16887, 15},
{16896, 15},{9171, 15},{16891, 15},{23543, 15},{1362, 15},{1356, 15},{8194, 15},{21077, 1},{26025, 1},{1352, 15},
{1361, 15},{10323, 1},{4175, 1},{1351, 15},{1355, 15},{8207, 15},{24013, 1},{2433, 1},{23544, 15},{21081, 1},
{8191, 15},{23545, 15},{23542, 15},{8205, 15},{22750, 17},{7868, 17},{3963, 8},{14270, 8},{21749, 8},{13731, 8},
{17323, 8},{14835, 8},{20346, 8},{25310, 8},{21822, 8},{2712, 8},{16520, 8},{23822, 8},{9596, 8},{4687, 8},
{17472, 8},{24264, 15},{9659, 15},{5555, 15},{18229, 1},{5551, 15},{24267, 15},{11666, 1},{24268, 15},{24266, 15},
{13662, 15},{23718, 15},{9655, 15},{9238, 15},{24265, 15},{5559, 15},{13672, 15},{1930, 1},{24269, 15},{9653, 15},
{24262, 15},{22909, 13},{24678, 3},{9560, 13},{16861, 3},{16483, 3},{12513, 12},{8182, 17},{23728, 17},{22247, 17},
{18958, 17},{3186, 17},{24672, 17},{13970, 17},{25204, 17},{2825, 17},{9699, 17},{17633, 17},{11176, 17},{8772, 17},
{3641, 17},{8610, 3},{14357, 3},{11519, 17},{12032, 17},{642, 17},{13464, 17},{14186, 17},{4546, 17},{16300, 17},
{2010, 17},{5784, 17},{19707, 17},{19383, 17},{15286, 7},{9069, 7},{22201, 7},{21534, 7},{25369, 7},{11908, 9},
{18770, 7},{16831, 7},{15432, 7},{3086, 7},{15430, 7},{22849, 7},{25497, 7},{18701, 7},{6143, 7},{19962, 7},
{18433, 0},{10810, 7},{16832, 7},{25368, 7},{22016, 7},{12711, 7},{8551, 7},{19530, 7},{591, 0},{15291, 7},
{15285, 7},{21988, 7},{19535, 7},{22742, 7},{23686, 7},{22743, 7},{17963, 7},{26269, 7},{25496, 7},{16836, 7},
{11013, 7},{3589, 7},{22017, 7},{16827, 7},{5759, 7},{11908, 9},{22745, 7},{16705, 17},{5023, 12},{4292, 17},
{21434, 17},{12264, 17},{2154, 17},{6637, 7},{3477, 7},{26349, 9},{24314, 7},{25990, 7},{1342, 7},{10285, 7},
{12038, 7},{6272, 7},{9760, 0},{13173, 7},{12037, 7},{4957, 7},{2818, 7},{566, 7},{5116, 7},{23662, 7},
{9522, 7},{1341, 7},{6634, 7},{12033, 7},{26142, 7},{19572, 7},{7847, 7},{4954, 7},{11522, 7},{8045, 7},
{12941, 7},{547, 7},{7333, 7},{25370, 7},{1342, 7},{9518, 7},{26350, 9},{661, 7},{14263, 7},{10290, 7},
{13556, 7},{26141, 7},{18621, 7},{13552, 7},{8042, 7},{25993, 7},{4651, 7},{1345, 7},{6273, 7},{25995, 7},
{3494, 7},{25992, 7},{15015, 7},{8040, 7},{24316, 7},{11850, 7},{6629, 7},{12032, 7},{12940, 7},{7334, 7},
{15011, 7},{14803, 7},{24659, 7},{25769, 7},{5119, 7},{26352, 9},{18839, 7},{5115, 7},{18599, 7},{20334, 7},
{2818, 7},{14795, 7},{17073, 7},{534, 7},{24882, 7},{6023, 7},{13561, 7},{21732, 7},{25776, 7},{21735, 7},
{10307, 7},{26349, 9},{11849, 7},{21477, 7},{19572, 7},{25773, 7},{18601, 7},{11850, 7},{7845, 7},{26141, 7},
{1346, 7},{7335, 7},{4956, 7},{18602, 7},{3473, 7},{25987, 7},{18600, 7},{25772, 7},{14262, 7},{10310, 7},
{11462, 7},{14268, 7},{5113, 7},{26351, 9},{13556, 7},{11453, 7},{11844, 7},{662, 7},{25993, 7},{25774, 7},
{4654, 7},{22869, 7},{6274, 7},{18598, 7},{5734, 7},{6022, 7},{4656, 7},{14269, 7},{13756, 0},{3187, 7},
{11518, 7},{6271, 7},{2822, 7},{14802, 7},{20337, 7},{10287, 7},{25775, 7},{5114, 7},{17074, 7},{8036, 7},
{24809, 7},{18624, 7},{3469, 7},{12041, 7},{7336, 7},{24810, 7},{21729, 7},{3181, 7},{11522, 7},{12513, 9},
{12943, 7},{3184, 7},{6636, 7},{15017, 7},{25372, 7},{11457, 7},{3474, 7},{15018, 7},{11520, 7},{9521, 7},
{10312, 7},{9522, 7},{12036, 7},{6020, 7},{22865, 7},{20112, 0},{11527, 7},{21738, 7},{7844, 7},{24653, 7},
{3493, 7},{4650, 7},{17079, 7},{24810, 7},{7329, 7},{666, 7},{6270, 7},{2820, 7},{12943, 7},{6633, 7},
{8039, 7},{12512, 9},{18596, 7},{25379, 7},{4481, 17},{25986, 7},{26355, 9},{23639, 7},{18595, 7},{12036, 7},
{11523, 7},{8614, 0},{1340, 7},{25994, 7},{25375, 7},{11847, 7},{24808, 7},{7335, 7},{20338, 7},{4957, 7},
{14262, 7},{6268, 7},{24319, 7},{1347, 7},{568, 7},{8043, 7},{14268, 7},{11458, 7},{6271, 7},{25774, 7},
{3470, 7},{4954, 7},{15017, 7},{12032, 7},{10288, 7},{3497, 7},{11462, 7},{10284, 7},{18625, 7},{11455, 7},
{22864, 7},{7846, 7},{24813, 7},{16998, 7},{7337, 7},{2819, 7},{26356, 9},{9764, 0},{18598, 7},{7332, 7},
{9460, 17},{6358, 17},{11788, 17},{2786, 17},{22257, 17},{21759, 17},{18337, 17},{10825, 17},{18229, 17},{679, 17},
{13022, 17},{19124, 17},{18915, 17},{22352, 17},{3512, 17},{10929, 3},{15481, 3},{15836, 3},{9810, 3},{19548, 17},
{4119, 3},{23035, 7},{102, 7},{22794, 7},{282, 7},{25235, 9},{23347, 7},{23353, 7},{275, 7},{2648, 7},
{8178, 7},{19811, 7},{3107, 7},{16201, 7},{25754, 7},{6010, 7},{6012, 7},{17470, 7},{12534, 7},{16203, 7},
{23160, 7},{4912, 7},{2654, 7},{15999, 7},{3107, 7},{15992, 7},{25235, 9},{12933, 7},{11802, 7},{13470, 7},
{23323, 7},{14597, 7},{17473, 7},{22794, 7},{19811, 7},{13721, 7},{23039, 7},{14602, 7},{6190, 7},{13719, 7},
{19736, 7},{25233, 9},{13103, 7},{13095, 7},{3679, 7},{15161, 7},{22404, 7},{4024, 7},{15996, 7},{13469, 7},
{4019, 7},{17469, 7},{10821, 7},{16478, 7},{25938, 7},{13102, 7},{11265, 7},{4469, 0},{9328, 7},{25234, 9},
{11801, 7},{9330, 7},{4016, 7},{6525, 7},{17470, 7},{23352, 7},{17471, 7},{4018, 7},{22770, 7},{23314, 7},
{6006, 7},{15144, 7},{23156, 7},{22777, 7},{6195, 7},{25936, 7},{3106, 7},{22103, 7},{15164, 7},{23315, 7},
{6526, 7},{22915, 7},{25753, 7},{25756, 7},{104, 7},{23351, 7},{273, 7},{23164, 7},{8176, 7},{15995, 7},
{25240, 9},{6196, 7},{12929, 7},{15999, 7},{4015, 7},{9329, 7},{23322, 7},{5863, 7},{8202, 7},{15988, 7},
{3671, 7},{11796, 7},{22404, 7},{20686, 0},{6012, 7},{11801, 7},{16481, 7},{15162, 7},{14602, 7},{19838, 7},
{21878, 7},{101, 7},{12463, 7},{25933, 7},{3107, 7},{25938, 7},{11802, 7},{25240, 9},{15168, 7},{13739, 7},
{25239, 9},{3370, 7},{275, 7},{6010, 7},{25937, 7},{16204, 7},{4902, 7},{21881, 7},{23321, 7},{4017, 7},
{22407, 7},{15169, 7},{23032, 7},{3106, 7},{15994, 7},{11265, 7},{19735, 7},{6194, 7},{17467, 7},{4904, 7},
{12926, 7},{23319, 7},{282, 7},{3116, 7},{14601, 7},{9334, 7},{19734, 7},{17648, 7},{4901, 7},{4899, 7},
{19735, 7},{21873, 7},{16473, 7},{12534, 7},{15988, 7},{23318, 7},{23041, 7},{23158, 7},{23159, 7},{15999, 7},
{25239, 9},{8192, 7},{14594, 7},{11799, 7},{16481, 7},{21876, 7},{4620, 7},{3679, 7},{22766, 7},{16202, 7},
{12935, 7},{19719, 9},{3115, 7},{14603, 7},{4900, 7},{6531, 7},{3370, 7},{23157, 7},{16480, 7},{13096, 7},
{4465, 0},{2644, 7},{19020, 7},{15164, 7},{4019, 7},{11796, 7},{6196, 7},{21874, 7},{8198, 7},{25238, 9},
{19811, 7},{12386, 7},{22794, 7},{13739, 7},{6531, 7},{8175, 7},{4641, 0},{23164, 7},{16204, 7},{3679, 7},
{15166, 7},{100, 7},{4015, 7},{8201, 7},{17639, 7},{17645, 7},{22787, 7},{3190, 17},{7899, 17},{3011, 3},
{3917, 3},{7269, 12},{22844, 3},{3210, 3},{21264, 17},{8674, 17},{3639, 3},{22349, 17},{4062, 17},{7802, 17},
{18910, 17},{13771, 17},{2461, 17},{24346, 17},{2443, 7},{3158, 9},{24910, 7},{21671, 7},{782, 7},{17096, 7},
{10318, 7},{6798, 7},{24900, 7},{2438, 7},{13031, 7},{3512, 7},{19791, 7},{21667, 7},{7476, 7},{15972, 7},
{4622, 7},{18158, 7},{6807, 7},{3503, 7},{3159, 9},{19800, 7},{3505, 7},{17296, 7},{2438, 7},{18158, 7},
{6535, 7},{19196, 7},{19220, 7},{7482, 7},{14950, 7},{14427, 7},{25384, 7},{14954, 7},{3114, 7},{14946, 7},
{13028, 7},{1493, 7},{17088, 7},{19799, 7},{14955, 7},{10318, 7},{18151, 7},{15972, 7},{3155, 9},{788, 7},
{3113, 7},{17092, 7},{6083, 7},{13445, 7},{19794, 7},{14952, 7},{2442, 7},{17827, 0},{3105, 7},{4610, 7},
{791, 7},{6081, 7},{1491, 7},{3156, 9},{2103, 7},{17095, 7},{15970, 7},{6801, 7},{18148, 7},{21669, 7},
{11406, 7},{19799, 7},{19221, 7},{3513, 7},{10322, 7},{17092, 7},{17088, 7},{17296, 7},{21667, 7},{14425, 7},
{15978, 7},{10324, 7},{3503, 7},{21665, 7},{21753, 7},{9116, 7},{3161, 9},{3505, 7},{21750, 7},{3512, 7},
{24904, 7},{6078, 7},{13450, 7},{21667, 7},{23667, 7},{16651, 7},{14947, 7},{25390, 7},{18153, 7},{6080, 7},
{13453, 7},{7483, 7},{15978, 7},{3108, 7},{6538, 7},{3154, 9},{17094, 7},{6087, 7},{15973, 7},{789, 7},
{9110, 7},{2436, 7},{6799, 7},{1493, 7},{7480, 7},{25391, 7},{7481, 7},{9117, 7},{6533, 7},{3504, 7},
{17088, 7},{21670, 7},{25277, 0},{1499, 7},{3160, 9},{7479, 7},{7482, 7},{21754, 7},{10321, 7},{25388, 7},
{7479, 7},{8050, 7},{16651, 7},{19792, 7},{18149, 7},{3161, 9},{17095, 7},{6539, 7},{18159, 7},{14428, 7},
{6082, 7},{1496, 7},{1495, 7},{3159, 9},{18153, 7},{11406, 7},{3111, 7},{11401, 7},{6802, 7},{4617, 7},
{4610, 7},{2434, 7},{14952, 7},{10960, 0},{7476, 7},{791, 7},{7481, 7},{1491, 7},{10327, 7},{13025, 7},
{9119, 7},{13027, 7},{15632, 7},{1497, 7},{2438, 7},{17095, 7},{10317, 7},{18152, 7},{13022, 7},{18154, 7},
{21668, 7},{9109, 7},{6801, 7},{787, 7},{2099, 7},{3160, 9},{6534, 7},{2108, 7},{4358, 17},{24462, 17},
{21495, 17},{17597, 17},{2649, 17},{22238, 17},{1632, 17},{18473, 17},{10737, 15},{7313, 1},{18578, 1},{1935, 1},
{10733, 15},{10736, 15},{10734, 15},{18482, 1},{21114, 1},{10735, 15},{11896, 1},{8626, 1},{3565, 1},{7407, 1},
{9322, 15},{15511, 1},{9323, 15},{7411, 1},{22255, 1},{9320, 15},{21485, 1},{23606, 1},{21120, 1},{9319, 15},
{9321, 15},{4060, 1},{12763, 15},{8992, 1},{12765, 15},{8625, 1},{4295, 1},{1936, 1},{12768, 15},{12762, 15},
{12761, 15},{8618, 1},{4214, 1},{12767, 15},{12766, 15},{23952, 1},{14354, 1},{21117, 1},{12440, 1},{23822, 1},
{13186, 15},{13189, 15},{13185, 15},{13188, 15},{16960, 1},{13187, 15},{13184, 15},{4213, 1},{21110, 1},{5467, 1},
{24666, 15},{19965, 1},{12939, 15},{12942, 15},{25304, 1},{12937, 15},{21784, 1},{8623, 1},{26185, 1},{24655, 15},
{12936, 15},{23602, 1},{8859, 1},{8517, 15},{25429, 15},{15510, 1},{25442, 15},{14697, 1},{8512, 15},{8507, 15},
{8515, 15},{8513, 15},{8514, 15},{22261, 1},{8516, 15},{25306, 1},{8518, 15},{10635, 15},{15038, 15},{14361, 1},
{15043, 15},{15044, 15},{23624, 1},{22258, 1},{18584, 1},{18737, 1},{13486, 1},{15042, 15},{15041, 15},{15037, 15},
{1403, 1},{10242, 1},{21523, 1},{3888, 1},{8837, 1},{10643, 15},{15040, 15},{2459, 12},{21077, 3},{20198, 13},
{22332, 12},{20713, 13},{4217, 1},{16957, 1},{7403, 1},{8311, 15},{8848, 1},{22264, 1},{8307, 15},{25301, 1},
{24322, 15},{14698, 1},{8309, 15},{1414, 1},{8305, 15},{8308, 15},{10991, 1},{8312, 15},{8310, 15},{8306, 15},
{12374, 15},{15304, 15},{18727, 1},{15309, 15},{15307, 15},{15305, 15},{15308, 15},{6122, 1},{10982, 1},{21933, 1},
{15508, 1},{12393, 15},{18734, 1},{15306, 15},{15310, 15},{9592, 17},{20192, 8},{7278, 8},{11084, 8},{18792, 8},
{26294, 17},{9910, 17},{22049, 17},{13266, 17},{12711, 17},{6129, 17},{21590, 17},{10845, 3},{719, 3},{2466, 13},
{1622, 3},{20537, 17},{13775, 17},{21083, 17},{18538, 3},{23292, 13},{3158, 17},{4388, 17},{4920, 4},{25737, 4},
{22890, 4},{7991, 4},{7030, 4},{10923, 4},{1570, 4},{12903, 4},{336, 4},{25709, 4},{5638, 4},{21793, 4},
{25909, 4},{14385, 4},{24536, 4},{7265, 4},{22417, 4},{4140, 4},{25738, 4},{24613, 4},{5354, 4},{9914, 4},
{18991, 4},{21266, 4},{16483, 4},{21142, 4},{19860, 4},{3799, 4},{14769, 4},{1101, 4},{3235, 4},{10921, 4},
{9086, 4},{5966, 4},{9079, 4},{4141, 4},{3230, 4},{14767, 4},{7808, 4},{2914, 4},{1456, 4},{16081, 4},
{23513, 4},{1618, 4},{342, 4},{19168, 4},{576, 4},{7255, 4},{1615, 4},{1102, 4},{5632, 4},{1097, 4},
{14060, 4},{22889, 4},{2003, 4},{575, 4},{9787, 4},{22049, 4},{2008, 4},{25915, 4},{1451, 4},{3940, 4},
{6001, 4},{19000, 4},{18993, 4},{2786, 4},{22414, 4},{7129, 4},{9595, 4},{2748, 4},{11364, 4},{13430, 2},
{7743, 14},{13976, 4},{21646, 4},{67, 4},{918, 4},{25714, 4},{8697, 4},{5968, 4},{16078, 4},{7034, 4},
{22891, 4},{2924, 4},{21265, 4},{2921, 4},{12184, 4},{12193, 4},{11360, 4},{2750, 4},{25365, 4},{9442, 4},
{15606, 4},{12907, 4},{13975, 4},{2785, 4},{15965, 4},{16073, 4},{14772, 4},{7809, 4},{25745, 4},{21262, 4},
{1613, 4},{23511, 4},{21651, 4},{8922, 4},{9085, 4},{21146, 4},{24213, 4},{21270, 4},{4517, 4},{17120, 4},
{10926, 4},{7433, 4},{7260, 4},{25712, 4},{3405, 2},{14915, 4},{2782, 4},{7123, 4},{25906, 4},{4143, 4},
{25708, 4},{20204, 4},{25360, 4},{2405, 4},{19725, 4},{22415, 4},{19868, 4},{9589, 4},{3236, 4},{14186, 4},
{15349, 4},{4919, 4},{4533, 4},{20200, 2},{1573, 4},{14771, 4},{12409, 4},{1578, 4},{10928, 4},{8703, 4},
{19862, 4},{3407, 2},{9974, 4},{5636, 4},{9216, 4},{19866, 4},{25907, 4},{24612, 4},{6002, 4},{2407, 4},
{20753, 4},{22373, 4},{3798, 4},{12908, 4},{15964, 4},{25908, 4},{5635, 4},{14765, 4},{571, 4},{345, 4},
{5970, 4},{20866, 2},{5357, 4},{22044, 4},{9084, 4},{2009, 4},{2401, 4},{14686, 2},{5631, 4},{337, 4},
{22374, 4},{24212, 4},{5995, 4},{6000, 4},{4918, 4},{10927, 4},{21261, 4},{12194, 4},{23500, 4},{20750, 4},
{24604, 4},{4541, 4},{751, 4},{2007, 4},{24607, 4},{20754, 4},{16293, 4},{5353, 4},{13432, 2},{21143, 4},
{14195, 4},{3238, 4},{14910, 4},{578, 4},{14770, 4},{580, 4},{24603, 4},{1459, 4},{7438, 4},{18863, 4},
{5351, 4},{24611, 4},{9083, 4},{7810, 4},{5964, 4},{17089, 4},{7803, 4},{12347, 4},{10925, 4},{12905, 4},
{24216, 4},{2010, 4},{12348, 4},{14066, 4},{20863, 2},{4139, 4},{3800, 4},{19170, 4},{14680, 2},{5963, 4},
{12901, 4},{25713, 4},{22045, 4},{24608, 4},{920, 4},{13973, 4},{2535, 4},{7807, 4},{9592, 4},{13970, 4},
{1455, 4},{3410, 2},{17700, 4},{7735, 14},{9782, 4},{9214, 4},{2536, 4},{339, 4},{25744, 4},{1458, 4},
{2749, 4},{2537, 4},{18997, 4},{9786, 4},{19179, 4},{16291, 4},{3234, 4},{7425, 4},{5972, 4},{15967, 4},
{20759, 4},{12909, 4},{18996, 4},{14192, 4},{25746, 4},{2778, 4},{7739, 14},{573, 4},{14191, 4},{14190, 4},
{2779, 4},{8706, 4},{7435, 4},{21140, 4},{3805, 4},{21268, 4},{24609, 4},{14682, 2},{21145, 4},{9338, 4},
{21263, 4},{22155, 4},{7737, 14},{19714, 4},{25364, 4},{7133, 4},{2406, 4},{12902, 4},{15958, 4},{22363, 4},
{22418, 4},{15602, 4},{14064, 4},{22372, 4},{19861, 4},{14194, 4},{7802, 4},{572, 4},{5969, 4},{16292, 4},
{3802, 4},{4136, 4},{3408, 2},{16288, 4},{13971, 4},{7028, 4},{5355, 4},{4922, 4},{9219, 4},{24614, 4},
{11361, 4},{2402, 4},{2399, 4},{9082, 4},{2787, 4},{13431, 2},{22896, 4},{3237, 4},{4538, 4},{14384, 4},
{19867, 4},{14773, 4},{7262, 4},{21645, 4},{22367, 4},{5634, 4},{17741, 4},{10920, 4},{22416, 4},{7437, 4},
{9088, 4},{756, 4},{18885, 4},{1454, 4},{23512, 4},{24223, 4},{20192, 2},{12187, 4},{10929, 4},{19864, 4},
{22369, 4},{15444, 4},{18909, 4},{2747, 4},{19865, 4},{4915, 4},{22410, 4},{9341, 4},{9450, 4},{17694, 4},
{1614, 4},{2913, 4},{2781, 4},{24221, 4},{20756, 4},{22362, 4},{14069, 4},{574, 4},{19173, 4},{15611, 4},
{4545, 4},{7258, 4},{10924, 4},{20195, 2},{24610, 4},{7736, 14},{7027, 4},{21138, 4},{21269, 4},{18992, 4},
{3808, 4},{25739, 4},{22042, 4},{14919, 4},{5359, 4},{13438, 2},{20201, 6},{11362, 4},{4913, 4},{4146, 4},
{3232, 4},{16289, 4},{7424, 4},{21648, 4},{20757, 4},{5356, 4},{14380, 4},{14386, 4},{16290, 4},{21647, 4},
{22043, 4},{25718, 4},{21644, 4},{25742, 4},{9439, 4},{8702, 4},{21144, 4},{3804, 4},{19171, 4},{9591, 4},
{19175, 4},{2922, 4},{8436, 4},{20198, 2},{9784, 4},{20864, 2},{1093, 4},{12186, 4},{17740, 4},{1576, 4},
{5999, 4},{7742, 14},{9212, 4},{11359, 4},{5996, 4},{12189, 4},{14387, 4},{18990, 4},{4543, 4},{15412, 2},
{17732, 4},{7261, 4},{22878, 4},{4138, 4},{25910, 4},{13436, 2},{22047, 4},{7264, 4},{25366, 4},{9211, 4},
{24218, 4},{8699, 4},{25741, 4},{6004, 4},{1574, 4},{1095, 4},{13977, 4},{2529, 4},{9445, 4},{17497, 4},
{5629, 4},{7038, 4},{2012, 4},{341, 4},{24219, 4},{9215, 4},{14912, 4},{343, 4},{14378, 4},{22070, 4},
{15605, 4},{12188, 4},{22419, 4},{757, 4},{2534, 4},{13433, 2},{7256, 4},{16074, 4},{1197, 2},{13435, 2},
{16728, 4},{17104, 4},{4916, 4},{9449, 4},{7029, 4},{579, 4},{14913, 4},{15966, 4},{3409, 2},{17733, 4},
{12904, 4},{7033, 4},{25914, 4},{5276, 4},{2011, 4},{8707, 4},{2531, 4},{5299, 4},{22897, 4},{25905, 4},
{4544, 4},{7741, 14},{7031, 4},{8700, 4},{19174, 4},{17734, 4},{3943, 4},{19715, 4},{14768, 4},{14379, 4},
{17099, 4},{14193, 4},{22895, 4},{2783, 4},{1098, 4},{3404, 2},{22892, 4},{20245, 4},{18995, 4},{25359, 4},
{8704, 4},{19172, 4},{22040, 4},{4921, 4},{21642, 4},{5997, 4},{16299, 4},{14683, 2},{15442, 4},{21649, 4},
{20244, 4},{14059, 4},{2006, 4},{22888, 4},{20865, 2},{9596, 4},{25717, 4},{759, 4},{14681, 2},{3231, 4},
{20197, 2},{9783, 4},{4542, 4},{19723, 4},{7434, 4},{2403, 4},{14383, 4},{344, 4},{346, 4},{2005, 4},
{17693, 4},{13437, 2},{20199, 2},{14916, 4},{5290, 4},{7037, 4},{11363, 4},{13979, 4},{19718, 4},{2538, 4},
{2400, 4},{4142, 4},{20751, 4},{25363, 4},{19859, 4},{20203, 4},{4539, 4},{4147, 4},{2741, 4},{9567, 4},
{15603, 4},{1452, 4},{1571, 4},{22371, 4},{16718, 4},{23510, 4},{7806, 4},{12910, 4},{16300, 4},{9891, 4},
{20201, 2},{22048, 4},{13439, 2},{3801, 4},{7738, 14},{14382, 4},{4540, 4},{12182, 4},{11356, 4},{22411, 4},
{14920, 4},{2744, 4},{17739, 4},{14688, 2},{7734, 14},{14381, 4},{13974, 4},{19722, 4},{9081, 4},{2532, 4},
{11365, 4},{4137, 4},{1616, 4},{17102, 4},{3233, 4},{1096, 4},{1625, 4},{16295, 4},{5358, 4},{4914, 4},
{19720, 4},{1450, 4},{2742, 4},{13972, 4},{2530, 4},{14070, 4},{9446, 4},{5971, 4},{1577, 4},{15601, 4},
{24217, 4},{17705, 4},{21650, 4},{9441, 4},{12183, 4},{9210, 4},{19863, 4},{3807, 4},{6003, 4},{5350, 4},
{2404, 4},{21137, 4},{17495, 4},{7128, 4},{22893, 4},{15599, 4},{14196, 4},{340, 4},{15957, 4},{4536, 4},
{10922, 4},{1453, 4},{17696, 4},{14065, 4},{19721, 4},{9213, 4},{12185, 4},{25911, 4},{1094, 4},{4537, 4},
{16294, 4},{17101, 4},{3406, 2},{14914, 4},{23507, 4},{9440, 4},{14764, 4},{21267, 4},{15600, 4},{1575, 4},
{14067, 4},{19724, 4},{20202, 2},{21641, 4},{21141, 4},{22420, 4},{16075, 4},{2743, 4},{18994, 4},{9340, 4},
{7439, 4},{14185, 4},{23509, 4},{15604, 4},{19178, 4},{577, 4},{9217, 4},{758, 4},{7740, 14},{14679, 2},
{5967, 4},{7436, 4},{2788, 4},{17486, 4},{7804, 4},{14189, 4},{25715, 4},{15610, 4},{3803, 4},{19001, 4},
{2004, 4},{20193, 2},{3927, 4},{9785, 4},{19169, 4},{3935, 4},{1611, 4},{7811, 4},{16072, 4},{915, 4},
{9336, 4},{4917, 4},{24220, 4},{14063, 4},{9078, 4},{22894, 4},{7259, 4},{3933, 4},{14684, 2},{23508, 4},
{1612, 4},{5637, 4},{281, 4},{21139, 4},{9601, 4},{1100, 4},{14685, 2},{752, 4},{3239, 4},{16717, 4},
{2398, 4},{13978, 4},{14687, 2},{9218, 4},{22368, 4},{5352, 4},{22370, 4},{7263, 4},{15969, 4},{20752, 4},
{25716, 4},{7805, 4},{14774, 4},{25711, 4},{5998, 4},{9087, 4},{1099, 4},{909, 4},{22413, 4},{20758, 4},
{24222, 4},{25912, 4},{25743, 4},{2745, 4},{14917, 4},{20755, 4},{9337, 4},{25740, 4},{9443, 4},{1457, 4},
{14068, 4},{14911, 4},{7032, 4},{5630, 4},{22046, 4},{16077, 4},{9444, 4},{1572, 4},{16825, 17},{15650, 17},
{18449, 17},{2673, 17},{18816, 3},{26236, 3},{10409, 17},{9081, 7},{22046, 7},{571, 7},{5996, 7},{340, 7},
{22045, 7},{16075, 7},{2787, 7},{9337, 7},{9216, 7},{22420, 7},{14771, 7},{9439, 7},{25363, 7},{15442, 7},
{1098, 7},{9783, 0},{5637, 7},{5967, 7},{6001, 7},{5636, 7},{20198, 9},{14384, 7},{19725, 7},{5359, 7},
{1102, 7},{25716, 7},{18990, 7},{5966, 7},{19865, 7},{25366, 7},{22896, 7},{16835, 7},{10700, 7},{4203, 7},
{15433, 7},{4001, 7},{22208, 7},{11070, 7},{608, 0},{11617, 7},{496, 7},{22357, 7},{22807, 9},{15948, 7},
{18769, 7},{18773, 7},{10409, 7},{22875, 7},{3252, 7},{25889, 7},{24070, 7},{24068, 7},{15357, 7},{25458, 7},
{19329, 17},{9, 17},{2743, 17},{22243, 17},{10220, 3},{5585, 3},{7273, 12},{21113, 3},{22374, 3},{4109, 13},
{19267, 17},{11754, 17},{9724, 17},{22534, 17},{22327, 12},{23690, 17},{2901, 17},{23591, 17},{15842, 17},{13026, 17},
{20677, 15},{1489, 15},{8413, 15},{15267, 15},{15113, 7},{5093, 9},{18359, 7},{5280, 7},{9961, 7},{8938, 17},
{17144, 17},{21952, 15},{24891, 15},{734, 15},{7411, 17},{16854, 17},{17225, 15},{25356, 15},{25431, 15},{9657, 17},
{12680, 17},{734, 15},{20325, 15},{10161, 17},{26142, 17},{4356, 17},{2124, 15},{24266, 15},{16643, 15},{3096, 15},
{17218, 15},{13431, 17},{13147, 3},{8146, 12},{1299, 3},{7481, 17},{20482, 17},{20200, 12},{11871, 3},{1448, 12},
{9137, 10},{16428, 10},{9138, 10},{9460, 10},{16442, 10},{9558, 10},{24173, 10},{9559, 10},{22333, 10},{9555, 10},
{863, 10},{7186, 10},{4546, 10},{4117, 10},{7188, 10},{7193, 10},{3159, 10},{19229, 10},{20400, 10},{26229, 10},
{898, 10},{902, 10},{895, 10},{15457, 10},{22326, 10},{3451, 10},{864, 10},{22331, 10},{9557, 10},{13431, 10},
{19355, 10},{22327, 10},{25118, 10},{25116, 10},{4122, 10},{19357, 10},{25120, 10},{3448, 10},{20864, 10},{866, 10},
{13436, 10},{15450, 10},{9551, 10},{26222, 10},{26224, 10},{9416, 10},{20396, 10},{3157, 10},{11082, 10},{7192, 10},
{901, 10},{13430, 10},{865, 10},{867, 10},{7189, 10},{3455, 10},{20865, 10},{9454, 10},{7194, 10},{15458, 10},
{9135, 10},{22332, 10},{25121, 10},{9553, 10},{9140, 10},{22912, 10},{9451, 10},{22330, 10},{7190, 10},{26220, 10},
{9556, 10},{15447, 10},{20395, 10},{4121, 10},{7195, 10},{9458, 10},{5225, 10},{22910, 10},{3155, 10},{25115, 10},
{3454, 10},{900, 10},{22323, 10},{4119, 10},{897, 10},{9134, 10},{15453, 10},{7185, 10},{22322, 10},{19356, 10},
{15446, 10},{9142, 10},{9459, 10},{3158, 10},{3160, 10},{3156, 10},{3447, 10},{1197, 10},{9139, 10},{3456, 10},
{905, 10},{22329, 10},{13437, 10},{899, 10},{4124, 10},{13439, 10},{869, 10},{25122, 10},{3449, 10},{7981, 10},
{9469, 10},{20399, 10},{25119, 10},{9455, 10},{25028, 10},{9133, 10},{3154, 10},{4123, 10},{872, 10},{15451, 10},
{871, 10},{20407, 10},{4120, 10},{7976, 10},{9415, 10},{20401, 10},{4118, 10},{20863, 10},{26227, 10},{13435, 10},
{9033, 10},{15449, 10},{15448, 10},{13438, 10},{3161, 10},{22909, 10},{3153, 10},{19139, 10},{20866, 10},{9136, 10},
{26223, 10},{9554, 10},{9452, 10},{26225, 10},{21660, 10},{26221, 10},{896, 10},{20406, 10},{3452, 10},{7977, 10},
{3450, 10},{9032, 10},{9552, 10},{20398, 10},{9457, 10},{906, 10},{22911, 10},{4116, 10},{26230, 10},{3152, 10},
{15452, 10},{9453, 10},{9417, 10},{25123, 10},{26226, 10},{868, 10},{9418, 10},{19358, 10},{9456, 10},{13433, 10},
{3453, 10},{9560, 10},{7191, 10},{9141, 10},{25124, 10},{13432, 10},{19695, 17},{2780, 17},{26112, 7},{16178, 7},
{12172, 7},{15909, 7},{15351, 7},{12174, 7},{13264, 7},{10825, 7},{16170, 7},{11815, 7},{2219, 7},{13731, 7},
{14718, 7},{13271, 7},{11183, 7},{7754, 7},{1083, 7},{19698, 7},{4355, 7},{2623, 7},{12877, 7},{2221, 7},
{14640, 7},{7747, 7},{12176, 7},{15542, 9},{287, 7},{17641, 7},{3404, 3},{7152, 12},{13437, 13},{5199, 17},
{11330, 17},{6622, 17},{10158, 17},{14004, 17},{4786, 17},{20277, 17},{1399, 17},{3805, 8},{3804, 8},{3803, 8},
{19524, 17},{12584, 17},{23999, 17},{13589, 7},{6666, 7},{2461, 9},{7352, 7},{21269, 3},{10588, 3},{23501, 3},
{17211, 3},{25931, 17},{12894, 17},{21649, 17},{10388, 15},{2151, 17},{10411, 17},{1931, 17},{3801, 17},{23539, 17},
{5816, 17},{12756, 17},{13228, 1},{21215, 1},{26436, 15},{6772, 15},{6777, 15},{1545, 1},{13318, 1},{6773, 15},
{6774, 15},{7111, 1},{6426, 1},{6776, 15},{15843, 1},{6775, 15},{26052, 1},{3987, 1},{13322, 1},{14875, 15},
{14874, 15},{12256, 1},{8864, 1},{14871, 15},{14876, 15},{20890, 1},{17069, 15},{14870, 15},{20089, 1},{14872, 15},
{15837, 1},{14873, 15},{6689, 1},{8573, 1},{12566, 1},{7112, 1},{17549, 15},{393, 1},{120, 1},{1547, 1},
{17545, 15},{17546, 15},{17547, 15},{6302, 1},{17548, 15},{17551, 15},{17550, 15},{20091, 1},{10260, 1},{8568, 1},
{398, 1},{17544, 15},{13313, 1},{7989, 15},{7985, 15},{22069, 15},{7983, 15},{399, 1},{23454, 1},{21224, 1},
{22083, 15},{7982, 15},{7990, 15},{7709, 1},{7986, 15},{7987, 15},{1539, 1},{7984, 15},{6126, 1},{21858, 15},
{16876, 1},{396, 1},{21863, 15},{7387, 1},{21868, 15},{21866, 15},{25651, 15},{25658, 15},{16886, 1},{21859, 15},
{21865, 15},{10258, 1},{9698, 1},{25655, 15},{21221, 1},{25649, 15},{20266, 15},{3984, 1},{26382, 1},{20265, 15},
{20264, 15},{14482, 1},{20268, 15},{9702, 1},{14484, 1},{3975, 1},{20267, 15},{9705, 1},{20269, 15},{24172, 1},
{20086, 1},{20961, 15},{395, 1},{20962, 15},{20959, 15},{20964, 15},{20965, 15},{20963, 15},{15578, 1},{20960, 15},
{17339, 1},{9707, 1},{9703, 1},{19523, 15},{11045, 15},{19520, 15},{11050, 15},{19522, 15},{19511, 15},{19512, 15},
{14223, 1},{11043, 15},{11054, 15},{8576, 1},{1540, 1},{14335, 1},{19518, 15},{14486, 1},{4722, 17},{16815, 17},
{25491, 17},{23721, 17},{8661, 17},{14754, 17},{4059, 17},{20404, 17},{22245, 17},{6227, 17},{14428, 17},{24512, 17},
{16586, 17},{24218, 17},{17027, 17},{18591, 17},{20879, 17},{24199, 17},{20756, 17},{6123, 17},{19736, 17},{1826, 17},
{15099, 17},{23767, 17},{15239, 17},{23309, 17},{3642, 17},{14669, 17},{18433, 17},{7356, 3},{9343, 13},{25123, 13},
{397, 3},{25722, 17},{11509, 17},{5567, 17},{21996, 17},{25668, 17},{6078, 17},{22370, 17},{11397, 17},{20691, 17},
{20279, 17},{9457, 17},{14325, 17},{6653, 17},{23162, 17},{710, 17},{26377, 17},{3015, 3},{17629, 13},{9344, 13},
{22555, 17},{3409, 8},{17811, 8},{1304, 8},{7152, 8},{22390, 8},{4111, 8},{11911, 8},{24834, 8},{1429, 8},
{5093, 8},{6227, 8},{11176, 8},{26351, 8},{21282, 8},{15545, 8},{15577, 17},{13449, 17},{11173, 8},{7155, 8},
{17810, 8},{3408, 8},{5094, 8},{24837, 8},{15500, 8},{15546, 8},{4110, 8},{1301, 8},{2324, 8},{1430, 8},
{6230, 8},{26350, 8},{11910, 8},{15237, 17},{11127, 17},{16685, 17},{5903, 17},{14947, 17},{3407, 8},{6229, 8},
{7154, 8},{15547, 8},{1431, 8},{5095, 8},{20211, 8},{2326, 8},{1302, 8},{24836, 8},{11909, 8},{26349, 8},
{4109, 8},{11174, 8},{17809, 8},{2012, 8},{14658, 8},{3426, 8},{19080, 8},{9913, 8},{11784, 8},{9699, 8},
{21110, 8},{13347, 8},{24347, 8},{11314, 8},{13616, 8},{6675, 8},{3172, 8},{11867, 8},{3425, 8},{6674, 8},
{3173, 8},{8343, 8},{9698, 8},{11783, 8},{6943, 8},{23384, 8},{13346, 8},{13617, 8},{11868, 8},{11313, 8},
{2011, 8},{14657, 8},{21111, 8},{6669, 8},{2010, 8},{11874, 8},{3412, 8},{9907, 8},{13351, 8},{9705, 8},
{11322, 8},{13620, 8},{14670, 8},{19072, 8},{3170, 8},{11775, 8},{21119, 8},{17214, 8},{11875, 8},{9704, 8},
{3171, 8},{13621, 8},{3411, 8},{21120, 8},{13350, 8},{6668, 8},{2009, 8},{19073, 8},{14669, 8},{6933, 8},
{17615, 8},{17215, 8},{11321, 8},{11876, 8},{9707, 8},{13349, 8},{19074, 8},{9909, 8},{17212, 8},{11320, 8},
{3168, 8},{14668, 8},{3414, 8},{21117, 8},{6671, 8},{11773, 8},{2008, 8},{3044, 8},{3413, 8},{19075, 8},
{21118, 8},{13348, 8},{2007, 8},{17213, 8},{9910, 8},{2159, 8},{17607, 8},{11877, 8},{11319, 8},{6670, 8},
{14667, 8},{9706, 8},{3169, 8},{3166, 8},{13355, 8},{11870, 8},{11318, 8},{3416, 8},{6665, 8},{21115, 8},
{14666, 8},{9903, 8},{2006, 8},{17635, 8},{13624, 8},{17210, 8},{9701, 8},{12371, 8},{17633, 8},{9904, 8},
{3167, 8},{2005, 8},{9700, 8},{11317, 8},{21116, 8},{6664, 8},{13354, 8},{11871, 8},{3415, 8},{17211, 8},
{14665, 8},{19077, 8},{13625, 8},{14664, 8},{11872, 8},{6667, 8},{2004, 8},{17630, 8},{11316, 8},{21113, 8},
{3418, 8},{17208, 8},{3164, 8},{19078, 8},{13353, 8},{9905, 8},{9703, 8},{3090, 8},{6666, 8},{3417, 8},
{9906, 8},{21114, 8},{11315, 8},{14663, 8},{17209, 8},{11873, 8},{2003, 8},{3165, 8},{2175, 8},{17626, 8},
{9702, 8},{19079, 8},{13352, 8},{15575, 17},{14304, 17},{17814, 8},{22385, 8},{3406, 8},{26356, 8},{1426, 8},
{20216, 8},{1299, 8},{6232, 8},{4108, 8},{5096, 8},{11171, 8},{11908, 8},{24831, 8},{22550, 17},{17321, 17},
{20491, 8},{21881, 8},{21528, 8},{25547, 8},{1067, 8},{20759, 8},{22061, 8},{16651, 8},{12256, 8},{17943, 8},
{11845, 8},{1115, 8},{16854, 8},{26366, 8},{13107, 8},{8666, 8},{1068, 8},{12235, 8},{20758, 8},{1116, 8},
{2137, 8},{22062, 8},{12678, 8},{17944, 8},{25546, 8},{21527, 8},{11406, 8},{10788, 8},{21882, 8},{11844, 8},
{26199, 17},{4674, 17},{13224, 17},{9459, 9},{21216, 7},{13322, 7},{8569, 7},{9706, 7},{403, 7},{21117, 17},
{11459, 17},{21896, 17},{18247, 17},{4172, 17},{1618, 17},{20358, 17},{5825, 17},{4007, 17},{16919, 17},{5577, 3},
{21076, 3},{20780, 17},{23997, 17},{10786, 17},{4859, 7},{22313, 7},{504, 7},{12043, 7},{15585, 7},{6986, 7},
{21902, 7},{17901, 7},{17683, 7},{10154, 7},{24570, 9},{22428, 7},{11127, 7},{23300, 7},{22429, 7},{9350, 7},
{4854, 7},{13404, 7},{7722, 7},{18918, 7},{7928, 7},{10428, 7},{4858, 7},{9366, 7},{9372, 7},{24878, 7},
{18915, 7},{13408, 7},{22422, 7},{16939, 7},{24571, 9},{17903, 7},{12946, 7},{10156, 7},{9352, 7},{13413, 7},
{16935, 7},{16936, 7},{24160, 7},{15583, 7},{17690, 7},{3618, 7},{10154, 7},{503, 7},{3616, 7},{16523, 7},
{17898, 7},{17686, 7},{13404, 7},{21831, 7},{21838, 7},{4324, 7},{312, 7},{18914, 7},{12984, 7},{7717, 7},
{3621, 7},{1037, 7},{6993, 7},{7721, 7},{13407, 7},{24879, 7},{18922, 7},{15726, 0},{16524, 7},{18917, 7},
{2247, 7},{10157, 7},{7727, 7},{10659, 7},{12051, 7},{10159, 7},{24571, 9},{11132, 7},{15583, 7},{16518, 7},
{18920, 7},{17169, 7},{17686, 7},{1039, 7},{9366, 7},{4323, 7},{12111, 7},{5162, 7},{4853, 7},{23337, 7},
{24572, 9},{17313, 7},{5163, 7},{23306, 7},{7726, 7},{7727, 7},{8674, 7},{9346, 7},{6698, 0},{23302, 7},
{4325, 7},{11130, 7},{17692, 7},{7720, 7},{17316, 7},{12043, 7},{13625, 0},{24513, 7},{24877, 7},{17691, 7},
{3455, 9},{12119, 7},{16520, 7},{24517, 7},{1036, 7},{21898, 7},{4323, 7},{17315, 7},{7928, 7},{6991, 7},
{2674, 7},{21902, 7},{26376, 7},{8672, 7},{7722, 7},{19471, 7},{23342, 7},{6991, 7},{8217, 7},{9367, 7},
{10528, 7},{507, 7},{19474, 7},{9721, 7},{8666, 7},{16930, 7},{12118, 7},{5912, 7},{3455, 9},{20183, 7},
{6995, 7},{23305, 7},{25669, 7},{8675, 7},{1040, 7},{4774, 7},{9347, 7},{7723, 7},{16527, 7},{11129, 7},
{4854, 7},{10649, 7},{22313, 7},{4856, 7},{11127, 7},{25667, 7},{13407, 7},{5159, 7},{13406, 7},{6993, 7},
{15584, 7},{2635, 7},{2677, 7},{9353, 7},{6994, 7},{1035, 7},{25666, 7},{20185, 7},{6987, 7},{17170, 7},
{2239, 7},{5166, 7},{4326, 7},{11125, 7},{7724, 7},{17692, 7},{23308, 7},{6695, 0},{3456, 9},{20189, 7},
{22314, 7},{7915, 7},{17318, 7},{25670, 7},{2245, 7},{17165, 7},{24160, 7},{17904, 7},{318, 7},{24877, 7},
{11082, 9},{8221, 7},{22431, 7},{20188, 7},{17903, 7},{316, 7},{22313, 7},{21104, 0},{11129, 7},{17905, 7},
{21837, 7},{16931, 7},{516, 7},{23998, 7},{8218, 7},{4851, 7},{12113, 7},{24518, 7},{10426, 7},{17161, 7},
{10421, 7},{14719, 0},{15585, 7},{22317, 7},{10156, 7},{23998, 7},{1038, 7},{17687, 7},{8410, 7},{17906, 7},
{12051, 7},{4773, 7},{4855, 7},{24512, 7},{9355, 7},{8666, 7},{499, 7},{9352, 7},{22320, 7},{16931, 7},
{13406, 7},{24572, 9},{3613, 7},{1943, 7},{5914, 7},{4329, 7},{8674, 7},{2676, 7},{5160, 7},{14241, 7},
{19481, 7},{7939, 7},{22421, 7},{16527, 7},{12112, 7},{10420, 7},{21899, 7},{23999, 7},{22317, 7},{16522, 7},
{15246, 9},{17163, 7},{24518, 7},{4776, 7},{2242, 7},{10520, 7},{24512, 7},{4850, 7},{24516, 7},{1395, 0},
{1041, 7},{316, 7},{9368, 7},{18108, 17},{10775, 15},{24556, 15},{1938, 15},{11222, 15},{22709, 15},{1766, 15},
{25011, 15},{18939, 15},{19520, 15},{25163, 15},{139, 15},{9381, 15},{2020, 15},{23007, 15},{19520, 15},{7989, 15},
{22083, 15},{6777, 15},{7891, 15},{25207, 15},{3037, 15},{25011, 15},{10716, 15},{12704, 17},{3616, 17},{25037, 17},
{4918, 17},{25453, 17},{9699, 7},{21222, 7},{8363, 9},{8568, 7},{22114, 17},{6871, 17},{19358, 13},{869, 3},
{14069, 3},{2158, 17},{15668, 15},{1986, 15},{15121, 15},{15666, 15},{4000, 17},{10229, 15},{1328, 15},{22641, 15},
{21319, 15},{20710, 15},{20635, 15},{13117, 15},{3352, 15},{12149, 15},{11906, 15},{18217, 15},{8065, 15},{20633, 15},
{8012, 15},{10407, 15},{25076, 15},{10024, 15},{8055, 15},{20637, 15},{15051, 15},{20705, 15},{25863, 15},{6436, 15},
{5656, 15},{5661, 15},{15045, 15},{5540, 15},{19006, 15},{9740, 15},{15094, 15},{12237, 15},{10019, 15},{3533, 15},
{22640, 15},{9748, 15},{8055, 15},{25864, 15},{10110, 15},{7880, 15},{6420, 15},{3906, 15},{14674, 15},{1281, 15},
{20298, 15},{11753, 15},{15042, 15},{16564, 15},{13189, 15},{22686, 15},{5710, 15},{5709, 15},{2138, 15},{23435, 15},
{1919, 15},{11163, 15},{6429, 15},{9319, 15},{9320, 15},{13128, 15},{11165, 15},{5314, 15},{25355, 15},{23739, 15},
{19047, 15},{5929, 15},{23571, 15},{5905, 15},{6073, 15},{6075, 15},{3650, 15},{15521, 15},{8794, 15},{11472, 15},
{20018, 15},{3719, 17},{8831, 17},{23300, 17},{17509, 17},{9599, 15},{17431, 15},{3860, 15},{13229, 15},{21131, 17},
{463, 15},{90, 15},{24418, 15},{20872, 17},{789, 17},{10613, 17},{13797, 17},{16471, 15},{17036, 15},{8591, 15},
{12371, 17},{975, 17},{20137, 15},{21675, 15},{24426, 15},{6878, 15},{20019, 15},{7392, 17},{11126, 17},{18301, 17},
{23134, 17},{26067, 15},{409, 15},{10226, 15},{18642, 15},{11320, 17},{6670, 17},{23817, 17},{456, 15},{3855, 15},
{12139, 15},{6884, 15},{20015, 15},{6339, 17},{7707, 17},{14782, 17},{4135, 17},{23855, 3},{10990, 3},{23950, 13},
{4271, 3},{4358, 3},{21345, 15},{15402, 17},{11200, 17},{16674, 15},{21343, 15},{822, 15},{7770, 15},{6202, 15},
{16688, 17},{7723, 17},{17691, 17},{708, 7},{24836, 9},{3982, 7},{23455, 7},{709, 7},{19321, 7},{22102, 7},
{8866, 7},{26287, 7},{23453, 7},{6127, 7},{2154, 7},{13043, 7},{12566, 7},{4478, 7},{22133, 7},{19323, 7},
{19993, 7},{10794, 7},{6286, 7},{18564, 7},{24168, 7},{10795, 7},{6562, 7},{8864, 7},{10556, 7},{2157, 7},
{4484, 7},{13165, 7},{10256, 7},{26055, 7},{23677, 7},{17331, 7},{18558, 7},{19987, 7},{13225, 7},{715, 7},
{19318, 7},{26407, 7},{24837, 9},{3990, 7},{25309, 7},{3984, 7},{23676, 7},{23677, 7},{26060, 7},{14347, 7},
{8585, 7},{16621, 7},{23535, 7},{24164, 7},{3758, 7},{25112, 7},{5348, 7},{5597, 7},{25318, 7},{14338, 7},
{19323, 7},{17021, 7},{5526, 7},{17028, 7},{713, 7},{17603, 7},{709, 7},{24830, 9},{7422, 7},{10852, 7},
{4483, 7},{16816, 7},{4486, 7},{6689, 7},{10790, 7},{23683, 7},{26058, 7},{10788, 7},{9833, 7},{8581, 7},
{23449, 7},{5536, 7},{14487, 0},{12323, 7},{12556, 7},{17458, 7},{5344, 7},{24831, 9},{19319, 7},{13227, 7},
{8873, 7},{10796, 7},{26382, 7},{3982, 7},{7709, 7},{4486, 7},{10557, 7},{22084, 7},{12256, 7},{11226, 7},
{12561, 7},{22102, 7},{10257, 7},{19995, 7},{10790, 7},{1541, 0},{15904, 7},{2152, 7},{3759, 7},{5536, 7},
{14488, 0},{3764, 7},{10261, 7},{17330, 7},{2162, 7},{12087, 7},{22140, 7},{13358, 7},{6302, 7},{10255, 7},
{22100, 7},{22102, 7},{10852, 7},{22133, 7},{24834, 9},{17025, 7},{2766, 7},{18568, 7},{8574, 0},{6301, 7},
{2153, 7},{13043, 7},{16815, 7},{25309, 7},{3761, 7},{709, 7},{6608, 7},{10793, 7},{10257, 7},{18668, 7},
{23455, 7},{23671, 7},{6131, 7},{24834, 9},{2157, 7},{26051, 7},{17595, 7},{6426, 7},{25315, 7},{4482, 7},
{16816, 7},{6127, 7},{16817, 7},{23447, 7},{8868, 7},{5348, 7},{11414, 7},{13358, 7},{21095, 7},{7385, 7},
{25322, 7},{5333, 7},{17018, 7},{118, 7},{26058, 7},{25313, 7},{25312, 7},{16624, 7},{23452, 7},{10797, 7},
{5343, 7},{17332, 7},{14346, 7},{18684, 7},{6423, 7},{12313, 7},{10562, 7},{24403, 7},{6302, 7},{24835, 9},
{14239, 0},{7709, 7},{3760, 7},{10556, 7},{18565, 7},{9981, 7},{18673, 7},{24164, 7},{26057, 7},{25320, 7},
{10258, 7},{10842, 7},{10548, 7},{5588, 7},{8585, 7},{2157, 7},{5526, 7},{24163, 7},{24835, 9},{14335, 7},
{25743, 17},{18668, 7},{21100, 7},{9705, 0},{8863, 7},{9808, 7},{5600, 7},{8582, 7},{3982, 7},{10838, 7},
{6308, 7},{15940, 7},{24168, 7},{24832, 9},{23450, 7},{10260, 7},{12323, 7},{4485, 7},{3985, 7},{13218, 7},
{9911, 7},{8595, 7},{19995, 7},{6286, 7},{26402, 7},{21106, 7},{26055, 7},{711, 7},{14894, 15},{11392, 15},
{25572, 15},{5644, 15},{10402, 15},{14899, 15},{15707, 15},{14401, 15},{26153, 15},{11826, 15},{10999, 15},{21903, 15},
{9431, 15},{4825, 15},{8786, 15},{13779, 15},{25533, 15},{7552, 17},{18007, 15},{4378, 15},{2571, 15},{11496, 15},
{16037, 15},{5610, 15},{874, 17},{1920, 3},{3926, 13},{21399, 3},{24504, 17},{10219, 17},{6841, 17},{152, 17},
{18127, 17},{24832, 13},{26225, 17},{15022, 17},{22046, 17},{14885, 17},{17210, 3},{22949, 3},{2008, 3},{20396, 13},
{11170, 3},{3155, 17},{25110, 17},{18398, 17},{23955, 17},{7727, 17},{25009, 17},{11649, 17},{14818, 17},{6140, 17},
{14755, 17},{15867, 17},{14267, 17},{400, 17},{24206, 17},{9142, 3},{22326, 12},{14311, 3},{21267, 3},{363, 17},
{6191, 17},{23644, 17},{7095, 17},{275, 17},{12760, 17},{572, 17},{17168, 15},{18368, 15},{24767, 15},{13288, 15},
{23276, 15},{7124, 15},{25758, 15},{21714, 15},{6453, 17},{13841, 15},{21869, 15},{13045, 15},{11298, 15},{14821, 15},
{13419, 15},{5741, 15},{11093, 15},{234, 15},{9643, 15},{21892, 15},{5234, 15},{5575, 17},{19309, 17},{18897, 17},
{17940, 17},{15287, 17},{2455, 17},{17283, 17},{683, 3},{1301, 12},{3014, 3},{18583, 3},{15843, 3},{16871, 3},
{4286, 17},{26222, 3},{5562, 3},{18781, 13},{1431, 13},{3239, 17},{15477, 17},{21668, 17},{18920, 17},{10983, 17},
{15791, 17},{15453, 3},{2461, 3},{12333, 12},{10953, 3},{4367, 12},{22014, 17},{3453, 17},{9331, 17},{5552, 17},
{2568, 17},{12347, 8},{614, 15},{10985, 15},{18067, 15},{6149, 15},{18723, 15},{20476, 15},{15880, 15},{623, 15},
{15227, 15},{8406, 15},{18417, 15},{4236, 15},{20409, 15},{11543, 15},{8977, 15},{15556, 15},{4583, 15},{23595, 15},
{18068, 15},{22927, 15},{24134, 15},{5086, 15},{21939, 17},{20475, 15},{21787, 15},{5171, 15},{24133, 15},{4237, 15},
{26076, 15},{1909, 15},{11163, 15},{21116, 17},{5800, 17},{14577, 15},{21521, 15},{26158, 15},{4808, 15},{3330, 17},
{20775, 17},{13321, 17},{14426, 17},{6356, 8},{11359, 8},{26241, 15},{5350, 17},{22688, 15},{15307, 15},{12597, 15},
{20755, 17},{18647, 15},{18357, 15},{5927, 15},{18221, 15},{9991, 15},{17430, 15},{18826, 15},{11478, 15},{15521, 15},
{11478, 15},{20134, 15},{457, 15},{10045, 15},{23141, 15},{3649, 15},{18217, 15},{5303, 15},{9226, 15},{10221, 17},
{18612, 17},{4773, 17},{26242, 15},{9693, 15},{9524, 17},{18252, 3},{67, 3},{24569, 12},{7677, 3},{19357, 3},
{1909, 15},{3191, 15},{2899, 17},{22476, 17},{18321, 17},{14788, 17},{7258, 17},{19984, 17},{22521, 17},{13573, 17},
{5996, 17},{10005, 17},{3292, 17},{14269, 17},{21485, 17},{14361, 17},{16170, 17},{9538, 3},{11300, 3},{22322, 12},
{24672, 3},{6027, 17},{11084, 3},{21583, 3},{10846, 13},{8618, 3},{18353, 3},{25285, 3},{1624, 3},{20193, 12},
{26001, 13},{14928, 17},{14689, 17},{12397, 15},{8256, 15},{14118, 15},{22749, 17},{9551, 17},{7431, 17},{18615, 17},
{9410, 17},{145, 17},{3019, 3},{22910, 12},{2459, 3},{17248, 17},{24070, 17},{12444, 17},{1427, 12},{18304, 17},
{15869, 17},{268, 17},{26011, 17},{16468, 17},{9703, 17},{25292, 3},{5096, 13},{18452, 3},{9407, 17},{4004, 17},
{4365, 3},{24499, 3},{18811, 3},{9701, 3},{12522, 12},{9783, 3},{9345, 3},{21387, 3},{23816, 17},{12318, 17},
{12039, 8},{20432, 8},{12051, 8},{22416, 8},{26180, 8},{24643, 8},{23449, 8},{8172, 8},{26007, 8},{16810, 8},
{19144, 8},{7842, 17},{23409, 17},{1632, 8},{5759, 8},{5626, 8},{9083, 8},{17314, 8},{19704, 17},{4692, 17},
{13435, 13},{865, 12},{5018, 12},{17469, 17},{3805, 7},{14770, 7},{25714, 7},{2402, 7},{19178, 7},{20197, 9},
{7804, 7},{22892, 7},{14382, 7},{13977, 7},{23510, 7},{17693, 7},{336, 7},{11364, 7},{1614, 7},{9338, 7},
{11363, 7},{9974, 7},{25708, 7},{13972, 7},{2781, 7},{21139, 7},{24536, 7},{5969, 7},{579, 7},{16718, 7},
{1459, 7},{9217, 7},{758, 7},{16293, 7},{4543, 7},{580, 7},{9218, 7},{14774, 7},{19179, 7},{2006, 0},
{5486, 17},{1636, 8},{17309, 8},{5619, 8},{9079, 8},{9078, 8},{5620, 8},{17310, 8},{1637, 8},{14765, 17},
{5019, 17},{7271, 17},{6269, 17},{8615, 17},{12965, 17},{5342, 17},{2923, 17},{9350, 17},{9140, 3},{9961, 3},
{1442, 12},{4641, 3},{20112, 3},{4098, 17},{23258, 17},{20782, 17},{17092, 17},{14423, 17},{4486, 1},{10720, 15},
{397, 1},{10718, 15},{10716, 15},{15840, 1},{11928, 15},{10719, 15},{10727, 15},{8863, 1},{24688, 15},{10721, 15},
{10717, 15},{3982, 1},{10728, 15},{1391, 1},{4483, 1},{10722, 15},{11240, 15},{11237, 15},{11241, 15},{11242, 15},
{11245, 15},{11246, 15},{1541, 1},{23677, 1},{25313, 1},{13316, 1},{21223, 1},{24391, 1},{11243, 15},{11244, 15},
{11239, 15},{11238, 15},{23682, 17},{12944, 17},{4782, 8},{6007, 8},{13022, 8},{19099, 8},{19266, 8},{18312, 8},
{886, 8},{665, 8},{23119, 8},{14245, 8},{1090, 8},{11708, 8},{21145, 8},{12556, 8},{1175, 8},{16520, 17},
{9418, 17},{7725, 17},{14321, 17},{5904, 7},{509, 7},{2618, 7},{17315, 7},{17686, 7},{6995, 7},{17684, 7},
{10421, 7},{5915, 7},{314, 7},{24873, 7},{7275, 9},{25662, 7},{22421, 7},{15587, 7},{2240, 7},{6703, 0},
{3614, 7},{17313, 7},{10520, 7},{510, 7},{319, 7},{10527, 7},{4329, 7},{505, 7},{9349, 7},{7556, 17},
{10427, 17},{3785, 17},{14223, 17},{14803, 17},{13545, 3},{7337, 17},{16311, 15},{20398, 3},{10923, 3},{5097, 12},
{18792, 12},{20400, 3},{21245, 3},{16765, 3},{3213, 3},{18434, 3},{2064, 3},{22322, 3},{4775, 8},{659, 8},
{13024, 8},{19883, 8},{6013, 8},{22849, 8},{2766, 8},{1170, 8},{19092, 8},{15581, 8},{19264, 8},{1085, 8},
{894, 8},{11713, 8},{21137, 8},{15729, 17},{3962, 17},{1173, 8},{22118, 8},{4772, 8},{19091, 8},{1086, 8},
{19263, 8},{14231, 8},{662, 8},{891, 8},{18303, 8},{21140, 8},{6014, 8},{13027, 8},{11710, 8},{8917, 8},
{21313, 17},{13407, 17},{13026, 8},{1172, 8},{19262, 8},{15579, 8},{12563, 8},{661, 8},{6015, 8},{17371, 8},
{23153, 8},{21139, 8},{1087, 8},{4297, 8},{4773, 8},{892, 8},{19090, 8},{3675, 17},{26117, 17},{7976, 17},
{17681, 17},{17263, 3},{641, 3},{7675, 3},{13971, 17},{20649, 17},{8575, 17},{7551, 17},{3412, 3},{20370, 3},
{14819, 3},{4123, 8},{20401, 8},{7188, 8},{15453, 8},{25118, 8},{3449, 8},{9141, 8},{901, 8},{26225, 8},
{13439, 8},{3157, 8},{9552, 8},{9452, 8},{22330, 8},{866, 8},{16442, 8},{3156, 8},{865, 8},{26224, 8},
{25119, 8},{3450, 8},{15452, 8},{902, 8},{13438, 8},{9142, 8},{9451, 8},{7189, 8},{22331, 8},{4122, 8},
{9551, 8},{4121, 8},{25120, 8},{899, 8},{20399, 8},{15451, 8},{26227, 8},{13437, 8},{7190, 8},{9554, 8},
{3447, 8},{3155, 8},{864, 8},{9454, 8},{22332, 8},{9139, 8},{26226, 8},{3448, 8},{15450, 8},{9553, 8},
{9453, 8},{20400, 8},{7191, 8},{3154, 8},{863, 8},{9140, 8},{22333, 8},{13436, 8},{4120, 8},{25121, 8},
{900, 8},{22326, 8},{26221, 8},{3453, 8},{16428, 8},{13435, 8},{15449, 8},{9556, 8},{9137, 8},{5225, 8},
{4119, 8},{3161, 8},{9456, 8},{897, 8},{7192, 8},{25122, 8},{22327, 8},{9138, 8},{3454, 8},{869, 8},
{9555, 8},{1197, 8},{20398, 8},{898, 8},{15448, 8},{4118, 8},{7193, 8},{3160, 8},{25123, 8},{9455, 8},
{26220, 8},{7194, 8},{9458, 8},{20395, 8},{15447, 8},{3159, 8},{3451, 8},{895, 8},{9558, 8},{868, 8},
{25124, 8},{13433, 8},{4117, 8},{26223, 8},{19139, 8},{9135, 8},{26222, 8},{20396, 8},{19229, 8},{22329, 8},
{896, 8},{9457, 8},{867, 8},{4116, 8},{3452, 8},{15446, 8},{9557, 8},{13432, 8},{3158, 8},{9136, 8},
{7195, 8},{25028, 8},{9560, 8},{15458, 8},{22322, 8},{25115, 8},{905, 8},{20406, 8},{7185, 8},{3153, 8},
{9460, 8},{872, 8},{9133, 8},{13431, 8},{26230, 8},{3455, 8},{13430, 8},{25116, 8},{22323, 8},{871, 8},
{26229, 8},{9459, 8},{7186, 8},{9559, 8},{20407, 8},{3456, 8},{15457, 8},{4124, 8},{9134, 8},{906, 8},
{3152, 8},{25236, 17},{23111, 17},{4473, 17},{12794, 17},{12889, 17},{3416, 17},{18309, 17},{3257, 17},{25890, 17},
{17164, 17},{4956, 17},{14924, 17},{1013, 3},{1427, 3},{8363, 3},{20200, 3},{9129, 12},{12363, 15},{13721, 1},
{12360, 15},{21194, 15},{12364, 15},{11508, 1},{4613, 1},{11867, 1},{12362, 15},{11739, 15},{11718, 15},{6008, 1},
{14816, 1},{102, 1},{10692, 15},{20686, 1},{11208, 1},{11721, 15},{11733, 15},{11736, 15},{11723, 15},{1014, 1},
{11743, 15},{11877, 1},{25013, 15},{4472, 1},{24956, 15},{17600, 15},{25032, 15},{123, 15},{25050, 15},{17601, 15},
{11512, 1},{1013, 1},{4640, 1},{11554, 15},{18616, 1},{4639, 1},{11553, 15},{16309, 15},{17645, 1},{11548, 15},
{4465, 1},{11552, 15},{11550, 15},{6526, 1},{11551, 15},{19739, 1},{12969, 1},{20080, 15},{20074, 15},{20077, 15},
{7867, 1},{20075, 15},{23036, 1},{12970, 1},{20081, 15},{20076, 15},{20073, 15},{6007, 1},{20079, 15},{20078, 15},
{3674, 1},{18609, 1},{20987, 15},{4637, 1},{20983, 15},{21843, 1},{20986, 15},{20985, 15},{6525, 1},{4633, 1},
{14813, 1},{21876, 1},{16201, 1},{20984, 15},{23352, 1},{21024, 15},{21021, 15},{21026, 15},{4474, 1},{14811, 1},
{21023, 15},{13787, 1},{7876, 1},{18613, 1},{14812, 1},{21025, 15},{7871, 1},{21022, 15},{8208, 15},{1010, 1},
{23406, 15},{4970, 1},{23410, 15},{20687, 1},{23402, 15},{23408, 15},{11507, 1},{15165, 1},{12963, 1},{23407, 15},
{23411, 15},{23412, 15},{23413, 15},{25788, 1},{20694, 1},{23403, 15},{1009, 1},{19734, 1},{16800, 15},{14820, 1},
{24788, 15},{11251, 1},{16828, 15},{24784, 15},{24783, 15},{24782, 15},{24785, 15},{24781, 15},{12962, 1},{24787, 15},
{5863, 1},{7877, 1},{4969, 1},{18617, 1},{23208, 15},{23201, 15},{4643, 15},{20685, 1},{23204, 15},{4967, 1},
{23206, 15},{23203, 15},{23205, 15},{23207, 15},{23202, 15},{8198, 1},{11265, 1},{14599, 1},{24372, 15},{24368, 15},
{24207, 1},{14301, 15},{24370, 15},{24774, 15},{24367, 15},{24773, 15},{24768, 15},{24772, 15},{24775, 15},{24776, 15},
{24366, 15},{24769, 15},{6, 1},{24767, 15},{24771, 15},{24770, 15},{24373, 15},{24371, 15},{16044, 1},{5294, 1},
{22499, 15},{22494, 15},{22492, 15},{6624, 1},{9259, 1},{22489, 15},{18078, 1},{22497, 15},{22493, 15},{22498, 15},
{8776, 1},{22496, 15},{22490, 15},{22495, 15},{17389, 1},{10566, 15},{6173, 1},{10565, 15},{3166, 1},{10563, 15},
{3378, 15},{10569, 15},{12736, 1},{10570, 15},{12730, 1},{22840, 1},{17390, 1},{10568, 15},{10571, 15},{10564, 15},
{6621, 1},{10572, 15},{2062, 1},{20814, 1},{767, 1},{10567, 15},{13544, 1},{633, 1},{25954, 1},{21459, 15},
{21450, 15},{22845, 1},{21455, 15},{7650, 15},{7652, 15},{7655, 15},{7651, 15},{7653, 15},{7654, 15},{23093, 15},
{21458, 15},{21456, 15},{21460, 15},{23117, 15},{21457, 15},{21451, 15},{1115, 1},{9602, 1},{235, 15},{23270, 15},
{23272, 15},{234, 15},{23275, 15},{22539, 1},{23279, 15},{23269, 15},{23276, 15},{23271, 15},{23278, 15},{23273, 15},
{23274, 15},{24995, 1},{20916, 15},{1107, 1},{17168, 15},{6623, 1},{889, 1},{20919, 15},{20920, 15},{7570, 1},
{17194, 1},{20924, 15},{20317, 1},{9260, 1},{20921, 15},{20926, 15},{1417, 1},{641, 1},{20922, 15},{20925, 15},
{20923, 15},{20917, 15},{20310, 1},{3110, 15},{3118, 15},{19011, 15},{13535, 1},{9132, 15},{24145, 1},{9820, 15},
{19012, 15},{3117, 15},{19030, 15},{3109, 15},{19032, 15},{9836, 15},{20313, 1},{18128, 1},{6622, 1},{3171, 1},
{25946, 1},{21885, 15},{1110, 1},{21887, 15},{8774, 1},{21892, 15},{25951, 1},{21889, 15},{21886, 15},{20316, 1},
{21884, 15},{21893, 15},{8777, 1},{16041, 1},{21891, 15},{21888, 15},{8769, 1},{21890, 15},{6365, 15},{19406, 15},
{19400, 15},{20859, 15},{6363, 15},{20855, 15},{20857, 15},{19408, 15},{6364, 15},{19390, 15},{2070, 1},{7444, 1},
{19397, 15},{6366, 15},{6361, 15},{22848, 1},{11346, 1},{20861, 15},{893, 1},{19393, 15},{12729, 1},{11349, 1},
{15, 1},{17107, 15},{5236, 15},{3167, 1},{7131, 15},{14114, 15},{5227, 15},{5242, 15},{5240, 15},{7130, 15},
{17110, 15},{7126, 15},{2902, 1},{7124, 15},{7822, 1},{1114, 1},{25947, 1},{7122, 15},{9314, 15},{14117, 15},
{7127, 15},{7125, 15},{16042, 1},{20309, 1},{4200, 17},{1924, 17},{18819, 3},{23319, 17},{18921, 17},{1114, 17},
{507, 17},{7796, 17},{1346, 17},{10682, 17},{1089, 17},{3249, 17},{2627, 17},{10958, 17},{17644, 17},{25993, 17},
{13213, 17},{4075, 17},{663, 17},{5621, 17},{14068, 7},{20199, 9},{17099, 7},{2741, 7},{20199, 9},{15600, 7},
{2010, 7},{4141, 7},{22373, 7},{1573, 7},{7129, 7},{15412, 9},{21263, 7},{8703, 7},{9782, 7},{7123, 7},
{14069, 7},{15412, 9},{9784, 7},{15604, 7},{14067, 7},{22362, 7},{10929, 7},{20195, 9},{9787, 7},{4140, 7},
{915, 7},{21269, 7},{2748, 7},{20198, 9},{1578, 7},{2750, 7},{2742, 7},{2747, 7},{10927, 7},{20197, 9},
{7128, 7},{20197, 9},{21642, 7},{8700, 7},{2008, 7},{22878, 7},{9787, 7},{10925, 7},{909, 7},{1573, 7},
{20200, 9},{21645, 7},{1571, 7},{20200, 9},{2714, 17},{16583, 17},{16682, 17},{16293, 17},{22044, 17},{4968, 17},
{9538, 17},{9543, 17},{5947, 17},{888, 17},{3885, 17},{24154, 17},{18599, 17},{10824, 17},{6082, 17},{14385, 17},
{20905, 3},{11082, 3},{23305, 17},{3018, 3},{13151, 3},{4469, 3},{15476, 3},{9140, 12},{24216, 17},{16582, 17},
{15837, 3},{3160, 3},{1445, 12},{1424, 17},{11810, 17},{14018, 17},{10466, 17},{25377, 17},{5652, 7},{3507, 7},
{9116, 7},{21664, 7},{17814, 9},{19029, 7},{11400, 7},{13450, 7},{21668, 7},{13029, 7},{2441, 7},{6087, 7},
{9115, 7},{23552, 17},{22372, 17},{5262, 17},{1340, 8},{25229, 8},{19868, 8},{14214, 8},{23601, 8},{9593, 8},
{16827, 8},{22555, 8},{22777, 8},{24172, 8},{21828, 8},{20841, 8},{17598, 8},{1339, 8},{24171, 8},{16826, 8},
{21829, 8},{9594, 8},{14215, 8},{25228, 8},{19867, 8},{17597, 8},{3720, 8},{23602, 8},{22556, 8},{22778, 8},
{16836, 8},{24166, 8},{22766, 8},{14206, 8},{1344, 8},{23611, 8},{5947, 8},{22550, 8},{9309, 8},{21837, 8},
{19660, 8},{19866, 8},{5294, 8},{9600, 8},{24165, 8},{9310, 8},{21838, 8},{16835, 8},{15443, 8},{23612, 8},
{22551, 8},{14207, 8},{1343, 8},{19865, 8},{4609, 8},{17599, 8},{17602, 8},{21835, 8},{5292, 8},{9311, 8},
{16834, 8},{1342, 8},{22768, 8},{19651, 8},{22552, 8},{24168, 8},{19864, 8},{14204, 8},{23609, 8},{21836, 8},
{1341, 8},{9312, 8},{19863, 8},{4613, 8},{23610, 8},{25218, 8},{5965, 8},{22553, 8},{14205, 8},{24167, 8},
{16833, 8},{5293, 8},{3726, 8},{14210, 8},{23607, 8},{22770, 8},{22546, 8},{21833, 8},{24162, 8},{19862, 8},
{19670, 8},{5301, 8},{17604, 8},{16832, 8},{1348, 8},{22547, 8},{1347, 8},{4620, 8},{23608, 8},{3727, 8},
{24161, 8},{14211, 8},{19861, 8},{16831, 8},{9604, 8},{25224, 8},{21834, 8},{125, 8},{23605, 8},{1346, 8},
{14208, 8},{5298, 8},{22548, 8},{25223, 8},{9307, 8},{21831, 8},{24164, 8},{22772, 8},{19860, 8},{17606, 8},
{16830, 8},{4080, 17},{20370, 17},{578, 17},{25369, 17},{11263, 17},{25307, 7},{5020, 9},{5573, 7},{10991, 7},
{13486, 7},{4058, 7},{1414, 7},{21114, 7},{18580, 7},{5019, 9},{5018, 9},{7402, 7},{5778, 7},{4059, 7},
{4064, 7},{10988, 7},{5017, 9},{14355, 7},{8837, 7},{25299, 7},{1933, 7},{5575, 7},{4220, 7},{1403, 7},
{5024, 9},{8622, 7},{8850, 7},{4212, 7},{4060, 7},{5023, 9},{14356, 7},{23624, 7},{1933, 7},{7402, 7},
{5021, 9},{5586, 7},{5024, 9},{8696, 7},{5586, 7},{14359, 7},{21538, 7},{22265, 7},{15508, 7},{7406, 7},
{8840, 7},{18580, 7},{5022, 9},{5021, 9},{7407, 7},{25785, 17},{17159, 17},{22018, 17},{18077, 17},{25910, 17},
{18539, 3},{23504, 3},{22507, 3},{3154, 3},{6389, 13},{20883, 3},{22329, 13},{9534, 15},{2060, 1},{9533, 15},
{637, 1},{4535, 1},{9532, 15},{639, 1},{9535, 15},{2599, 1},{8772, 1},{10577, 1},{13545, 1},{9537, 15},
{16034, 1},{634, 1},{20312, 1},{15774, 1},{3792, 1},{20566, 1},{20729, 15},{2385, 1},{14789, 1},{13801, 1},
{7442, 1},{6617, 1},{3527, 1},{20732, 15},{20315, 1},{4530, 1},{25948, 1},{20730, 15},{3168, 1},{20726, 15},
{14788, 1},{20731, 15},{22025, 1},{22843, 1},{25088, 15},{25083, 15},{25090, 15},{25085, 15},{201, 1},{25089, 15},
{25086, 15},{25084, 15},{25087, 15},{3170, 1},{6867, 1},{10582, 1},{25949, 1},{24937, 15},{24934, 15},{24940, 15},
{205, 1},{24939, 15},{8775, 1},{24938, 15},{6619, 1},{13540, 1},{24935, 15},{24933, 15},{24936, 15},{18161, 15},
{18166, 15},{18165, 15},{17232, 1},{6627, 1},{18163, 15},{18164, 15},{12733, 1},{18162, 15},{23471, 1},{18160, 15},
{25950, 1},{3888, 17},{718, 17},{17702, 17},{16206, 17},{26138, 17},{4864, 17},{21534, 17},{6700, 17},{26008, 3},
{9556, 3},{12657, 3},{343, 17},{15889, 17},{18919, 17},{22368, 7},{13431, 9},{909, 7},{13430, 9},{7123, 7},
{8702, 7},{3238, 7},{14066, 7},{21793, 7},{20866, 9},{16483, 7},{21266, 7},{20866, 9},{2003, 7},{15602, 7},
{3230, 7},{20865, 9},{17739, 7},{4146, 7},{3230, 7},{3239, 7},{20865, 9},{1577, 7},{8707, 7},{20864, 9},
{17733, 7},{14066, 7},{14060, 7},{20863, 9},{1576, 7},{10925, 7},{8702, 7},{15603, 7},{2744, 7},{21649, 7},
{20863, 9},{21648, 7},{17741, 7},{10920, 7},{4136, 7},{15599, 7},{14065, 7},{4141, 7},{4146, 7},{14684, 9},
{2012, 7},{18123, 17},{7059, 17},{7093, 17},{23727, 3},{22479, 3},{20750, 17},{10176, 3},{2460, 12},{22727, 15},
{18745, 15},{16468, 1},{18749, 15},{18743, 15},{8519, 1},{22725, 15},{18744, 15},{17274, 1},{22728, 15},{18746, 15},
{14054, 1},{22726, 15},{18742, 15},{18748, 15},{18751, 15},{18747, 15},{18750, 15},{9858, 15},{14286, 15},{12638, 1},
{14287, 15},{14288, 15},{14289, 15},{9855, 15},{9856, 15},{14280, 15},{9961, 1},{21590, 1},{9859, 15},{14285, 15},
{9857, 15},{14283, 15},{20847, 1},{14279, 15},{18243, 1},{14284, 15},{9860, 15},{14282, 15},{8447, 15},{12205, 15},
{12201, 15},{8446, 15},{8445, 15},{9970, 1},{12206, 15},{12199, 15},{20672, 1},{12203, 15},{12200, 15},{8444, 15},
{8448, 15},{12204, 15},{2920, 1},{12207, 15},{4576, 1},{12202, 15},{12198, 15},{19883, 1},{11102, 15},{2412, 1},
{11106, 15},{11099, 15},{11104, 15},{19033, 15},{19043, 15},{14107, 15},{5286, 1},{19037, 15},{19040, 15},{19034, 15},
{19042, 15},{5284, 1},{11105, 15},{19133, 1},{11101, 15},{19036, 15},{11100, 15},{19039, 15},{18251, 1},{19038, 15},
{19041, 15},{14470, 17},{10320, 17},{14697, 17},{19896, 17},{5253, 8},{3251, 8},{18591, 8},{16198, 8},{24041, 8},
{10366, 8},{3598, 8},{499, 8},{20772, 8},{2537, 8},{17445, 8},{3249, 8},{16824, 8},{3113, 8},{20814, 8},
{7278, 17},{23551, 17},{21627, 17},{25165, 17},{12960, 17},{21080, 17},{24200, 17},{7331, 17},{16493, 8},{11152, 8},
{21238, 8},{8514, 8},{14939, 8},{2141, 8},{15042, 8},{4929, 8},{19748, 8},{8295, 8},{18748, 8},{5193, 8},
{1488, 8},{3278, 8},{9584, 8},{17058, 8},{15620, 8},{21863, 8},{4178, 8},{9825, 8},{26035, 8},{18705, 8},
{13997, 8},{19610, 8},{138, 8},{24088, 8},{2332, 8},{19871, 8},{18852, 8},{6777, 8},{21416, 8},{16889, 8},
{5921, 8},{17110, 8},{24933, 8},{20294, 8},{14624, 8},{21809, 8},{12439, 8},{25534, 8},{17225, 8},{13897, 8},
{983, 8},{819, 8},{19897, 8},{21341, 8},{11004, 8},{8255, 8},{6504, 8},{11962, 8},{13141, 8},{19772, 8},
{15667, 8},{5080, 8},{13782, 8},{16097, 8},{21949, 8},{446, 8},{6154, 8},{8306, 8},{25572, 8},{13284, 8},
{8890, 8},{5235, 8},{2125, 8},{10108, 8},{10717, 8},{15121, 8},{15618, 8},{8028, 8},{23809, 8},{17786, 8},
{8501, 8},{3033, 8},{23742, 8},{16232, 8},{3532, 8},{9148, 8},{6204, 8},{7985, 8},{20677, 8},{16269, 8},
{9942, 8},{19901, 8},{19043, 8},{17279, 8},{4581, 8},{6760, 8},{21887, 8},{25515, 8},{7413, 8},{2426, 8},
{19240, 8},{11860, 8},{15709, 8},{19206, 8},{15963, 8},{5498, 8},{1925, 8},{25809, 8},{14495, 8},{22068, 8},
{26319, 8},{20922, 8},{19823, 8},{6576, 8},{11882, 8},{6960, 8},{9727, 8},{9753, 8},{18286, 8},{13498, 8},
{10083, 8},{8684, 8},{7238, 8},{25637, 8},{22883, 8},{11550, 8},{10909, 8},{3573, 8},{15491, 8},{3898, 8},
{2498, 8},{18987, 8},{14520, 8},{14608, 8},{8064, 8},{23840, 8},{16219, 8},{3859, 8},{1802, 8},{19658, 8},
{26404, 8},{23678, 8},{2801, 8},{3632, 8},{20949, 8},{519, 8},{15050, 8},{12921, 8},{17951, 8},{15003, 8},
{7072, 8},{8393, 8},{11034, 8},{13254, 8},{8109, 8},{2231, 8},{12827, 8},{10384, 8},{14898, 8},{22991, 8},
{1766, 8},{14875, 8},{13283, 8},{24927, 8},{24190, 8},{19890, 8},{1907, 8},{4892, 8},{6543, 8},{25153, 8},
{24481, 8},{25685, 8},{16969, 8},{23413, 8},{10901, 8},{25185, 8},{17035, 8},{24769, 8},{11473, 8},{7591, 8},
{24136, 8},{1187, 8},{25867, 8},{735, 8},{8331, 8},{21326, 8},{13306, 8},{13682, 8},{2854, 8},{4456, 8},
{14401, 8},{22954, 8},{11630, 8},{15223, 8},{10234, 8},{20709, 8},{12088, 8},{5942, 8},{8588, 8},{3141, 8},
{22126, 8},{21597, 8},{5656, 8},{8851, 8},{5383, 8},{24443, 8},{1352, 8},{6437, 8},{18365, 8},{4510, 8},
{23571, 8},{10509, 8},{22571, 8},{18225, 8},{7456, 8},{13113, 8},{11240, 8},{12200, 8},{482, 8},{21472, 8},
{22858, 8},{25440, 8},{15128, 8},{16975, 8},{24004, 8},{26304, 8},{24267, 8},{22934, 8},{11712, 8},{24704, 8},
{8782, 8},{10024, 8},{3831, 8},{13490, 8},{20898, 8},{12156, 8},{24784, 8},{829, 8},{23204, 8},{6604, 8},
{5496, 8},{18404, 8},{18826, 8},{24740, 8},{8352, 8},{1264, 8},{17658, 8},{13511, 8},{12725, 8},{2132, 8},
{21463, 8},{15918, 8},{2995, 8},{18724, 8},{19523, 8},{11833, 8},{13006, 8},{7921, 8},{3202, 8},{16318, 8},
{8741, 8},{19004, 8},{25084, 8},{19874, 8},{5303, 8},{15310, 8},{18640, 8},{12972, 8},{4162, 8},{9189, 8},
{17915, 8},{356, 8},{6646, 8},{18166, 8},{16608, 8},{8203, 8},{9710, 8},{409, 8},{8161, 8},{9973, 8},
{1995, 8},{17082, 8},{23841, 8},{7044, 8},{20076, 8},{26245, 8},{16132, 8},{8531, 8},{5418, 8},{4431, 8},
{614, 8},{19162, 8},{15564, 8},{7521, 8},{24528, 8},{19253, 8},{6132, 8},{24562, 8},{20855, 8},{9673, 8},
{14692, 8},{10569, 8},{13332, 8},{12394, 8},{2020, 8},{2180, 8},{26214, 8},{21917, 8},{19805, 8},{3605, 8},
{9380, 8},{23640, 8},{11736, 8},{2271, 8},{10045, 8},{23102, 8},{20350, 8},{22757, 8},{16671, 8},{23001, 8},
{23711, 8},{19761, 8},{12145, 8},{6128, 8},{5268, 8},{9820, 8},{21459, 8},{1506, 8},{8978, 8},{13423, 8},
{14569, 8},{26154, 8},{926, 8},{19636, 8},{14566, 8},{16091, 8},{7664, 8},{23865, 8},{21277, 8},{2687, 8},
{5884, 8},{24425, 8},{16035, 8},{4382, 8},{1242, 8},{13399, 8},{23273, 8},{37, 8},{9695, 8},{12763, 8},
{4943, 8},{21568, 8},{6068, 8},{14216, 8},{13849, 8},{12237, 8},{9646, 8},{456, 8},{14287, 8},{5751, 8},
{7897, 8},{9987, 8},{23362, 8},{24998, 8},{23387, 8},{15877, 8},{24865, 8},{20121, 8},{19050, 8},{2347, 8},
{2279, 8},{3650, 8},{8302, 8},{10339, 8},{11094, 8},{11136, 8},{1155, 8},{10243, 8},{15525, 8},{18201, 8},
{561, 8},{3097, 8},{17548, 8},{11635, 8},{13371, 8},{26446, 8},{1782, 8},{8790, 8},{2963, 8},{8983, 8},
{26368, 8},{9502, 8},{18101, 8},{17427, 8},{14157, 8},{22499, 8},{1438, 8},{12106, 8},{20959, 8},{13640, 8},
{9629, 8},{19565, 8},{26202, 8},{6233, 8},{11168, 8},{14453, 8},{15630, 8},{13933, 8},{12736, 3},{8624, 3},
{3638, 3},{5022, 13},{4272, 3},{14820, 3},{9454, 3},{25189, 3},{3453, 3},{17201, 17},{11784, 17},{14371, 17},
{15302, 17},{21216, 1},{7887, 15},{7895, 15},{21219, 1},{7897, 15},{7888, 15},{10562, 1},{7891, 15},{13320, 1},
{15397, 15},{7892, 15},{7898, 15},{7894, 15},{7896, 15},{7893, 15},{133, 15},{6262, 15},{10797, 1},{126, 1},
{137, 15},{140, 15},{6258, 15},{141, 15},{9706, 1},{136, 15},{135, 15},{138, 15},{6261, 15},{142, 15},
{139, 15},{6260, 15},{6259, 15},{134, 15},{19366, 15},{1917, 15},{5348, 1},{12047, 15},{1925, 15},{13565, 15},
{12044, 15},{1922, 15},{12048, 15},{12046, 15},{12045, 15},{13564, 15},{1938, 15},{9296, 15},{9243, 15},{14866, 1},
{1934, 15},{13314, 1},{12042, 15},{12049, 15},{1914, 15},{15838, 1},{22715, 15},{22710, 15},{9384, 15},{9380, 15},
{9382, 15},{22713, 15},{9381, 15},{22712, 15},{22709, 15},{22711, 15},{22714, 15},{22716, 15},{9378, 15},{9386, 15},
{1543, 1},{9379, 15},{9383, 15},{9387, 15},{9377, 15},{7103, 1},{26287, 1},{19434, 15},{17334, 1},{19435, 15},
{3038, 15},{3037, 15},{3032, 15},{19430, 15},{3029, 15},{3036, 15},{19432, 15},{1538, 1},{3034, 15},{26402, 1},
{19428, 15},{3031, 15},{19431, 15},{17595, 1},{3028, 15},{3033, 15},{13321, 1},{19429, 15},{3035, 15},{19433, 15},
{8574, 1},{23007, 15},{23002, 15},{5829, 15},{23004, 15},{23001, 15},{8570, 1},{23000, 15},{23006, 15},{5834, 15},
{23009, 15},{5828, 15},{26046, 15},{7104, 1},{26051, 1},{9168, 15},{23005, 15},{23003, 15},{5830, 15},{5831, 15},
{23008, 15},{8571, 1},{14431, 15},{1766, 15},{16879, 1},{1764, 15},{15841, 1},{14430, 15},{1767, 15},{14487, 1},
{9928, 1},{1768, 15},{21099, 1},{10775, 15},{14432, 15},{14433, 15},{3756, 1},{10762, 15},{14434, 15},{1771, 15},
{14429, 15},{10776, 15},{1770, 15},{14435, 15},{7216, 1},{1769, 15},{24398, 1},{7413, 15},{23532, 15},{12954, 15},
{23549, 15},{12949, 15},{15574, 1},{12952, 15},{23885, 15},{12953, 15},{12791, 15},{12792, 15},{12793, 15},{12955, 15},
{12948, 15},{404, 1},{12783, 15},{8572, 1},{15845, 1},{12316, 1},{12951, 15},{12784, 15},{3989, 1},{26053, 1},
{12790, 15},{17024, 1},{21220, 1},{13677, 15},{13683, 15},{13685, 15},{22732, 15},{22735, 15},{13317, 1},{400, 1},
{13678, 15},{13680, 15},{13684, 15},{13679, 15},{13676, 15},{13681, 15},{1542, 1},{7101, 1},{22734, 15},{22736, 15},
{7100, 1},{13319, 1},{13682, 15},{13315, 1},{22733, 15},{22737, 15},{14692, 15},{10525, 15},{10647, 15},{10644, 15},
{9318, 15},{11222, 15},{11221, 15},{11220, 15},{11215, 15},{10654, 15},{21218, 1},{11224, 15},{13223, 1},{20082, 1},
{11214, 15},{11225, 15},{20083, 1},{10529, 15},{20661, 15},{10526, 15},{11218, 15},{20356, 8},{7555, 8},{11666, 8},
{641, 8},{8576, 8},{10957, 8},{16865, 8},{23780, 8},{4141, 8},{8833, 8},{15721, 8},{11511, 8},{9544, 8},
{16765, 8},{4218, 8},{25739, 17},{4216, 8},{15727, 8},{20358, 8},{7553, 8},{8827, 8},{8570, 8},{4139, 8},
{23778, 8},{9538, 8},{639, 8},{16767, 8},{10963, 8},{11505, 8},{11664, 8},{16871, 8},{2272, 15},{2268, 15},
{2271, 15},{24708, 1},{24868, 15},{24867, 15},{2273, 15},{2263, 15},{2269, 15},{2267, 15},{2264, 15},{4968, 1},
{24866, 15},{24869, 15},{2274, 15},{4971, 1},{8199, 1},{2270, 15},{15975, 17},{11110, 17},{22896, 8},{4292, 8},
{24241, 8},{9116, 8},{26277, 8},{23035, 8},{1554, 8},{15, 8},{25109, 8},{9369, 8},{17201, 8},{369, 8},
{10403, 8},{12938, 8},{24074, 8},{19061, 17},{24072, 8},{25112, 8},{24243, 8},{13, 8},{9367, 8},{23037, 8},
{4290, 8},{9114, 8},{17203, 8},{24651, 8},{367, 8},{1552, 8},{9818, 8},{26279, 8},{22894, 8},{3550, 8},
{12943, 8},{1551, 8},{10, 8},{24071, 8},{22893, 8},{17204, 8},{4287, 8},{364, 8},{23038, 8},{26274, 8},
{9372, 8},{9121, 8},{24236, 8},{17458, 8},{365, 8},{24237, 8},{24665, 8},{9821, 8},{1550, 8},{25413, 8},
{9120, 8},{11, 8},{24070, 8},{4288, 8},{22892, 8},{9373, 8},{23039, 8},{17446, 8},{17205, 8},{9370, 8},
{4285, 8},{9119, 8},{25129, 8},{9831, 8},{23040, 8},{26276, 8},{22891, 8},{8, 8},{362, 8},{12941, 8},
{24069, 8},{1549, 8},{24238, 8},{17206, 8},{1548, 8},{17207, 8},{9118, 8},{363, 8},{26099, 8},{26275, 8},
{9, 8},{22890, 8},{12940, 8},{24239, 8},{23041, 8},{9828, 8},{25127, 8},{9371, 8},{24068, 8},{9110, 8},
{1558, 8},{12945, 8},{4294, 8},{23032, 8},{21470, 8},{24077, 8},{13043, 8},{24378, 8},{9374, 8},{22889, 8},
{6, 8},{372, 8},{3634, 8},{24234, 8},{12944, 8},{23033, 8},{7, 8},{25102, 8},{9109, 8},{1557, 8},
{6162, 8},{24235, 8},{22888, 8},{373, 8},{24076, 8},{26271, 8},{10411, 8},{4295, 8},{9375, 8},{19274, 17},
{16807, 17},{23347, 17},{20778, 17},{13025, 8},{12566, 8},{14237, 8},{4774, 8},{893, 8},{19265, 8},{6012, 8},
{1084, 8},{18301, 8},{12681, 8},{19093, 8},{21138, 8},{1171, 8},{17377, 8},{660, 8},{15787, 17},{20318, 3},
{15513, 3},{11912, 3},{3160, 13},{7188, 13},{12331, 17},{1112, 17},{8868, 17},{10121, 8},{8080, 8},{14506, 8},
{2755, 8},{5513, 8},{401, 8},{4315, 8},{7693, 8},{5524, 8},{10089, 8},{16150, 8},{5110, 8},{5512, 8},
{7694, 8},{402, 8},{10120, 8},{5109, 8},{4314, 8},{16149, 8},{10088, 8},{2756, 8},{8079, 8},{8695, 8},
{5525, 8},{14507, 8},{13029, 17},{14513, 8},{2758, 8},{22170, 8},{4308, 8},{20592, 8},{5047, 8},{8691, 8},
{10123, 8},{12614, 8},{5502, 8},{10095, 8},{8073, 8},{23465, 8},{5101, 8},{16144, 8},{8690, 8},{2640, 8},
{8076, 8},{20658, 8},{10126, 8},{5505, 8},{23462, 8},{14514, 8},{2759, 8},{20593, 8},{10094, 8},{4307, 8},
{5104, 8},{16147, 8},{5531, 8},{7357, 8},{8075, 8},{2642, 8},{5103, 8},{14515, 8},{20660, 8},{10093, 8},
{23463, 8},{8689, 8},{2760, 8},{16146, 8},{7688, 8},{10125, 8},{7475, 8},{4306, 8},{23460, 8},{7689, 8},
{21068, 8},{14508, 8},{2761, 8},{10128, 8},{4313, 8},{10100, 8},{5106, 8},{8688, 8},{7370, 8},{5529, 8},
{16141, 8},{2658, 8},{8070, 8},{10127, 8},{5530, 8},{2661, 8},{5506, 8},{8687, 8},{23461, 8},{16140, 8},
{10099, 8},{4312, 8},{20597, 8},{21069, 8},{2762, 8},{14509, 8},{8069, 8},{5105, 8},{7691, 8},{14510, 8},
{21066, 8},{5108, 8},{16143, 8},{10130, 8},{2653, 8},{23458, 8},{2763, 8},{8686, 8},{8072, 8},{5509, 8},
{4311, 8},{5527, 8},{10098, 8},{4310, 8},{7692, 8},{20653, 8},{5528, 8},{10097, 8},{8685, 8},{16142, 8},
{14511, 8},{8071, 8},{23459, 8},{7373, 8},{5107, 8},{10129, 8},{2656, 8},{2764, 8},{6668, 17},{22320, 17},
{3113, 17},{20860, 17},{14654, 17},{127, 17},{750, 17},{16762, 17},{19744, 15},{23650, 15},{11823, 15},{21377, 15},
{20329, 15},{14965, 15},{16233, 15},{16238, 15},{10533, 15},{4429, 15},{8297, 15},{6499, 15},{16980, 15},{9710, 15},
{20256, 15},{25509, 15},{12157, 15},{21809, 15},{10403, 17},{24187, 15},{8293, 15},{17782, 15},{15282, 15},{8298, 15},
{6499, 15},{16239, 15},{17784, 15},{20804, 8},{17441, 8},{16201, 8},{2530, 8},{5256, 8},{16816, 8},{21994, 8},
{20774, 8},{11672, 8},{18600, 8},{19029, 8},{507, 8},{3261, 8},{10367, 8},{3255, 8},{754, 17},{4513, 15},
{4510, 15},{3490, 15},{26413, 1},{3491, 15},{4508, 15},{4504, 15},{20374, 1},{4514, 15},{4505, 15},{4512, 15},
{15716, 1},{10785, 1},{18812, 1},{4511, 15},{8829, 1},{25704, 1},{4509, 15},{4515, 15},{22514, 1},{8984, 15},
{8983, 15},{10680, 1},{6669, 1},{8985, 15},{8988, 15},{25205, 1},{3218, 1},{8836, 1},{8996, 15},{8987, 15},
{8989, 15},{1854, 15},{8986, 15},{8982, 15},{19896, 1},{16551, 15},{16463, 15},{13498, 15},{20408, 15},{13501, 15},
{20410, 15},{20412, 15},{11607, 1},{10986, 15},{10985, 15},{20409, 15},{20414, 15},{10987, 15},{10978, 15},{20411, 15},
{17599, 1},{16538, 15},{10979, 15},{20413, 15},{10198, 1},{1624, 1},{12992, 15},{2118, 1},{17915, 15},{2112, 1},
{17913, 15},{2096, 15},{17918, 15},{17917, 15},{12989, 15},{13593, 1},{12995, 15},{12991, 15},{22477, 1},{17916, 15},
{12990, 15},{17922, 15},{17921, 15},{17919, 15},{12988, 15},{17912, 15},{12993, 15},{24130, 15},{24124, 15},{24131, 15},
{24134, 15},{6348, 15},{15719, 1},{24133, 15},{24132, 15},{13590, 1},{24137, 15},{24125, 15},{22517, 1},{19264, 1},
{7352, 1},{6349, 15},{24136, 15},{24135, 15},{11606, 1},{4165, 15},{4162, 15},{20368, 1},{2110, 1},{4157, 15},
{2111, 1},{21997, 1},{4166, 15},{4164, 15},{4160, 15},{4159, 15},{4163, 15},{4161, 15},{13586, 1},{6668, 1},
{4158, 15},{10066, 15},{618, 15},{615, 15},{10068, 15},{3585, 1},{616, 15},{614, 15},{10069, 15},{619, 15},
{13595, 1},{4715, 1},{617, 15},{623, 15},{7353, 1},{2115, 1},{621, 15},{10892, 1},{10064, 15},{620, 15},
{10067, 15},{624, 15},{1619, 1},{6148, 15},{6147, 15},{5595, 1},{24763, 15},{6150, 15},{24758, 15},{6155, 15},
{2827, 1},{18674, 1},{24760, 15},{16854, 1},{7355, 1},{6152, 15},{24762, 15},{24759, 15},{6156, 15},{8833, 1},
{6154, 15},{22480, 1},{6149, 15},{24757, 15},{6675, 1},{6151, 15},{24761, 15},{22479, 1},{6153, 15},{5716, 1},
{12826, 15},{12827, 15},{5596, 1},{12831, 15},{11539, 15},{12834, 15},{3217, 1},{12828, 15},{12832, 15},{12830, 15},
{11542, 15},{11540, 15},{12825, 15},{11543, 15},{11541, 15},{12829, 15},{12835, 15},{20431, 15},{15225, 15},{15229, 15},
{11603, 1},{21994, 1},{3212, 1},{18813, 1},{18816, 1},{10403, 1},{15228, 15},{20430, 15},{15226, 15},{3214, 1},
{15227, 15},{15223, 15},{15221, 15},{15224, 15},{15220, 15},{15222, 15},{5255, 8},{20775, 8},{18599, 8},{2529, 8},
{17442, 8},{19948, 8},{10368, 8},{16202, 8},{12315, 8},{3260, 8},{508, 8},{17296, 8},{20805, 8},{3586, 8},
{16815, 8},{10927, 17},{15601, 3},{9452, 3},{26353, 3},{14683, 3},{7191, 17},{5161, 17},{25228, 7},{13713, 7},
{2304, 7},{24987, 7},{6344, 7},{162, 7},{83, 7},{1553, 7},{18235, 7},{23092, 7},{6337, 7},{12243, 7},
{7375, 7},{12485, 7},{14830, 7},{19399, 7},{10682, 7},{1558, 7},{5258, 7},{14835, 7},{26006, 7},{18454, 0},
{7981, 9},{19070, 7},{25536, 15},{12001, 15},{9683, 15},{2306, 7},{82, 7},{26040, 7},{19061, 7},{23105, 7},
{15870, 7},{13147, 9},{11757, 7},{2309, 7},{78, 7},{24991, 7},{15876, 7},{11590, 7},{17515, 7},{162, 7},
{23019, 7},{12250, 7},{11314, 0},{20509, 7},{17554, 7},{21771, 7},{19063, 7},{7683, 17},{15296, 17},{18489, 7},
{14883, 7},{26032, 7},{22662, 7},{5256, 7},{24990, 7},{161, 7},{21461, 7},{13569, 7},{12492, 7},{15448, 9},
{23105, 7},{19278, 7},{19309, 7},{80, 7},{23020, 7},{25228, 7},{10132, 0},{1172, 7},{6768, 7},{4984, 7},
{25223, 7},{6841, 7},{24999, 15},{2180, 15},{9336, 17},{21648, 17},{25124, 12},{3170, 3},{16437, 3},{16381, 3},
{23765, 3},{12669, 3},{9469, 12},{1539, 17},{4140, 17},{5979, 17},{24620, 17},{2715, 17},{9439, 17},{22319, 17},
{14032, 17},{9000, 17},{15383, 17},{5634, 17},{9903, 17},{24376, 17},{1411, 3},{18457, 3},{18081, 3},{5576, 3},
{7154, 13},{24487, 3},{20272, 17},{2645, 17},{12489, 17},{9371, 17},{14378, 17},{19450, 17},{15966, 17},{12046, 15},
{12784, 15},{5403, 15},{11225, 15},{26436, 15},{13492, 15},{5483, 15},{22712, 15},{14874, 15},{7343, 15},{13494, 15},
{23007, 15},{20828, 15},{20585, 15},{13850, 15},{10526, 15},{22732, 15},{12044, 15},{3028, 15},{1769, 15},{6258, 15},
{3238, 17},{15995, 17},{16390, 3},{6279, 3},{12523, 13},{14687, 12},{398, 3},{24274, 17},{19328, 17},{22024, 17},
{14670, 3},{1544, 3},{403, 3},{4137, 3},{13203, 17},{2335, 15},{13290, 15},{13116, 15},{9914, 17},{6658, 17},
{2330, 15},{23857, 15},{2528, 15},{14538, 15},{19008, 15},{13300, 15},{26446, 15},{20705, 15},{6430, 15},{20711, 15},
{8009, 15},{10109, 15},{25865, 15},{20706, 15},{15046, 15},{24109, 15},{10022, 15},{2365, 15},{7823, 17},{20354, 8},
{7557, 8},{8574, 8},{8831, 8},{16867, 8},{4143, 8},{9542, 8},{643, 8},{11668, 8},{4220, 8},{21716, 8},
{10959, 8},{15723, 8},{11509, 8},{23782, 8},{20879, 12},{3407, 12},{16876, 3},{1933, 3},{17811, 12},{547, 17},
{17262, 9},{17208, 7},{10443, 7},{17262, 9},{24347, 7},{3639, 7},{25215, 7},{17261, 9},{26233, 7},{3641, 7},
{3914, 7},{17261, 9},{3637, 7},{24038, 7},{4366, 7},{3914, 7},{17260, 9},{882, 7},{881, 7},{26237, 7},
{4361, 7},{153, 7},{4365, 7},{17259, 9},{17214, 7},{7557, 7},{17258, 9},{3908, 7},{4259, 7},{17762, 7},
{17258, 9},{3913, 7},{3908, 7},{23384, 7},{17211, 7},{17257, 9},{10433, 7},{23591, 7},{11048, 7},{883, 7},
{172, 7},{17256, 9},{22864, 17},{8651, 3},{6632, 15},{8354, 15},{15919, 15},{11385, 15},{16038, 15},{15555, 15},
{25337, 15},{8354, 15},{10363, 15},{6676, 15},{14399, 15},{2589, 15},{15560, 15},{21661, 3},{17264, 13},{14684, 12},
{19996, 17},{8270, 7},{21661, 7},{23763, 7},{12457, 7},{4110, 9},{18084, 7},{23768, 7},{18449, 7},{21612, 7},
{16917, 7},{4108, 9},{23762, 7},{11661, 7},{18457, 7},{11669, 7},{23767, 7},{21606, 7},{16924, 7},{21608, 7},
{4107, 9},{11316, 7},{12452, 7},{4079, 7},{8272, 7},{11661, 7},{4106, 9},{3088, 7},{18457, 7},{18087, 7},
{5489, 7},{21661, 7},{12456, 7},{21389, 7},{11314, 7},{25193, 7},{21391, 7},{8276, 7},{4108, 9},{18452, 7},
{8268, 7},{24836, 17},{7690, 3},{12533, 3},{8704, 3},{15500, 12},{23070, 17},{6664, 17},{10494, 17},{21491, 17},
{5022, 17},{14379, 17},{2114, 3},{25223, 17},{5353, 17},{20309, 17},{25394, 17},{12520, 17},{13984, 17},{19132, 17},
{8681, 15},{23802, 15},{1434, 15},{21819, 15},{4971, 3},{14685, 13},{13539, 3},{3159, 9},{4170, 7},{12494, 7},
{17836, 7},{10176, 7},{20575, 7},{18539, 7},{18530, 7},{17827, 7},{3159, 9},{21083, 7},{14343, 17},{16917, 17},
{19304, 7},{26030, 7},{17829, 7},{26024, 7},{10173, 7},{3156, 9},{19305, 7},{10960, 7},{11784, 7},{3155, 9},
{10963, 7},{10178, 7},{10962, 7},{10174, 7},{3157, 9},{18539, 7},{10176, 7},{21074, 7},{17607, 7},{11027, 7},
{10181, 7},{25277, 7},{26034, 7},{17630, 7},{17615, 7},{11775, 7},{3156, 9},{4183, 7},{26033, 7},{25274, 7},
{24013, 7},{3160, 9},{10957, 7},{21076, 7},{19302, 7},{12495, 7},{10174, 7},{12496, 7},{4170, 7},{17635, 7},
{21845, 7},{19306, 7},{3160, 9},{12501, 7},{26028, 7},{25275, 7},{19303, 7},{3154, 9},{3161, 9},{17833, 7},
{4174, 7},{11775, 7},{19073, 17},{21063, 17},{14858, 3},{12961, 3},{21989, 17},{6386, 13},{4252, 3},{12331, 13},
{19948, 17},{9702, 17},{17848, 17},{12243, 17},{19486, 17},{7273, 17},{1838, 17},{7103, 3},{8625, 3},{14052, 3},
{20887, 12},{4899, 17},{4866, 17},{24675, 17},{14812, 17},{3144, 15},{22760, 15},{4504, 15},{4157, 15},{16538, 15},
{7281, 17},{21310, 17},{6009, 17},{3562, 17},{12709, 17},{13173, 17},{1621, 17},{14769, 17},{3159, 17},{2496, 15},
{18662, 15},{6503, 15},{24931, 15},{25505, 15},{7627, 15},{12925, 15},{17008, 15},{1444, 15},{8297, 15},{26415, 15},
{8457, 15},{1406, 15},{22968, 15},{17786, 15},{20430, 15},{10207, 15},{11388, 15},{19743, 15},{23656, 15},{12918, 15},
{4575, 17},{11557, 15},{2592, 15},{25346, 15},{24931, 15},{25205, 17},{19229, 17},{9415, 17},{24627, 17},{4097, 17},
{16042, 17},{12467, 17},{23335, 17},{6528, 17},{19258, 17},{22026, 17},{21423, 17},{4045, 17},{19091, 17},{21503, 17},
{22000, 17},{25211, 17},{14274, 17},{18610, 17},{22415, 17},{15143, 17},{19127, 17},{25892, 17},{10217, 3},{1575, 3},
{13430, 12},{11908, 13},{16671, 15},{7523, 15},{2614, 15},{9858, 15},{1503, 15},{3285, 15},{24596, 15},{2279, 15},
{7045, 15},{4889, 15},{18747, 15},{2684, 15},{23357, 15},{13943, 15},{14107, 15},{640, 3},{6621, 3},{21660, 12},
{7042, 15},{1255, 15},{21340, 15},{22977, 15},{21343, 15},{20642, 17},{9755, 3},{8146, 3},{8361, 12},{5317, 17},
{15139, 17},{5097, 17},{21396, 17},{14356, 17},{16299, 17},{15580, 17},{25116, 17},{4143, 17},{15034, 15},{1227, 15},
{24410, 15},{23059, 17},{23336, 17},{16220, 15},{22879, 15},{13007, 15},{1155, 15},{16314, 15},{23308, 17},{3452, 17},
{11803, 17},{15170, 17},{6173, 17},{22109, 17},{12902, 17},{25905, 17},{9405, 17},{7081, 17},{10290, 17},{6446, 17},
{24957, 13},{10018, 3},{11677, 3},{7684, 3},{11173, 3},{25233, 13},{11171, 12},{21550, 3},{12966, 3},{22032, 17},
{5488, 17},{25296, 17},{9786, 17},{20084, 3},{7341, 3},{21584, 3},{18247, 3},{4131, 12},{18112, 17},{23781, 8},
{7558, 8},{11667, 8},{4142, 8},{10958, 8},{11510, 8},{9543, 8},{8573, 8},{16764, 8},{644, 8},{20353, 8},
{15724, 8},{4221, 8},{16866, 8},{8830, 8},{104, 17},{24813, 17},{24643, 17},{883, 17},{25746, 17},{20347, 7},
{5598, 7},{25324, 7},{22519, 7},{19999, 7},{7152, 9},{18469, 7},{11108, 7},{5538, 7},{7386, 7},{2827, 7},
{5717, 7},{18561, 7},{25460, 7},{25699, 7},{25201, 7},{22111, 7},{18465, 7},{18466, 7},{25454, 7},{1398, 7},
{3385, 7},{20724, 7},{17173, 7},{11114, 7},{10191, 7},{21093, 7},{10684, 7},{9831, 7},{2877, 7},{5725, 7},
{25204, 7},{7152, 9},{10789, 7},{20699, 7},{18561, 7},{25316, 7},{20342, 7},{18462, 7},{7707, 7},{25201, 7},
{12473, 7},{14145, 7},{18466, 7},{9738, 17},{24622, 17},{12684, 7},{18464, 7},{12473, 7},{25454, 7},{22002, 7},
{16812, 7},{21107, 7},{26413, 7},{10783, 7},{25699, 7},{11109, 7},{19453, 7},{17178, 7},{14329, 7},{2464, 9},
{5725, 7},{1388, 7},{25461, 7},{12612, 7},{21048, 7},{13048, 7},{22521, 7},{10696, 7},{1386, 7},{5722, 7},
{20373, 0},{3394, 7},{23288, 7},{4007, 7},{11015, 7},{1389, 7},{9816, 7},{18665, 7},{3390, 7},{25460, 7},
{2464, 9},{17179, 7},{4715, 7},{21048, 7},{2881, 7},{25209, 7},{8430, 7},{26413, 7},{16801, 7},{9821, 7},
{22097, 7},{25211, 7},{19932, 7},{20886, 7},{14145, 7},{2115, 0},{17602, 7},{10195, 7},{11112, 7},{19258, 7},
{15109, 7},{19994, 7},{13051, 7},{3969, 7},{22002, 7},{7386, 7},{19264, 7},{12618, 7},{10791, 7},{2463, 9},
{14331, 7},{25701, 7},{19259, 7},{14327, 7},{19896, 7},{3385, 7},{2014, 7},{5590, 7},{18559, 7},{21371, 7},
{16157, 7},{10198, 7},{14318, 7},{14327, 7},{19932, 7},{2878, 7},{20013, 7},{1398, 7},{3523, 7},{18464, 7},
{5715, 7},{3634, 7},{25455, 7},{2463, 9},{3388, 7},{2881, 7},{5725, 7},{20348, 7},{5554, 7},{25208, 7},
{25205, 7},{22006, 7},{16812, 7},{2456, 9},{9828, 7},{19453, 7},{22515, 7},{5716, 7},{16157, 7},{15716, 0},
{3390, 7},{17597, 7},{22862, 7},{24393, 7},{22520, 7},{12469, 7},{15104, 7},{15105, 7},{16810, 7},{14322, 7},
{21997, 7},{13049, 7},{2885, 7},{2455, 9},{17597, 7},{12467, 7},{18462, 7},{4722, 7},{380, 7},{20000, 7},
{5554, 7},{2885, 7},{2886, 7},{10787, 7},{20870, 7},{3634, 7},{2014, 7},{4720, 7},{2878, 7},{2455, 9},
{10411, 7},{3586, 7},{17605, 7},{16810, 7},{14331, 7},{25701, 7},{19453, 7},{10202, 7},{3391, 7},{21446, 7},
{15105, 7},{21371, 7},{3550, 7},{13049, 7},{16809, 7},{4723, 7},{16811, 7},{2827, 7},{18461, 7},{11108, 7},
{11114, 7},{2885, 7},{10196, 7},{3586, 7},{26413, 7},{16160, 7},{16744, 9},{10786, 7},{17180, 7},{10783, 7},
{5599, 7},{25457, 7},{10403, 7},{14145, 7},{14329, 7},{25696, 7},{7390, 7},{24394, 7},{12468, 7},{17171, 7},
{16808, 7},{10195, 7},{13314, 17},{25229, 17},{12738, 3},{14818, 3},{18540, 3},{14046, 3},{24392, 17},{15571, 8},
{17444, 17},{14362, 17},{14355, 17},{578, 7},{25708, 7},{18994, 7},{21141, 7},{2785, 7},{14688, 9},{9595, 7},
{16075, 7},{344, 7},{7806, 7},{4920, 7},{2913, 7},{20757, 7},{19861, 7},{16292, 7},{4540, 7},{19718, 7},
{17700, 7},{25910, 7},{25914, 7},{24216, 7},{4921, 7},{25363, 7},{17497, 7},{16290, 7},{12909, 7},{22410, 7},
{1095, 7},{5635, 7},{572, 7},{25717, 7},{14920, 7},{3927, 7},{12188, 7},{4542, 7},{18995, 7},{1099, 7},
{339, 7},{15349, 7},{15964, 7},{22155, 7},{344, 7},{13976, 7},{21146, 7},{9088, 7},{9338, 7},{5997, 7},
{13979, 7},{24609, 7},{14688, 9},{2398, 7},{10365, 17},{2783, 7},{5966, 7},{1613, 7},{572, 7},{14914, 7},
{24216, 7},{21138, 7},{1457, 7},{24608, 7},{7806, 7},{1625, 7},{1455, 7},{9338, 7},{22411, 7},{3234, 0},
{12189, 7},{18863, 7},{22894, 7},{14386, 7},{9974, 7},{25716, 7},{11359, 7},{14772, 7},{16718, 7},{25740, 7},
{13977, 7},{5356, 7},{19860, 7},{1101, 7},{16077, 7},{2530, 7},{4919, 7},{14378, 7},{14685, 9},{756, 7},
{7033, 7},{9219, 7},{2399, 7},{18997, 7},{3943, 7},{3935, 7},{9439, 7},{16295, 7},{7802, 7},{9215, 7},
{16300, 7},{13976, 7},{14680, 9},{9440, 7},{11364, 7},{17486, 7},{7438, 7},{17696, 7},{5969, 7},{9591, 7},
{9441, 7},{1095, 7},{17694, 7},{2403, 7},{4541, 7},{5359, 7},{24604, 7},{337, 7},{3940, 7},{14683, 9},
{24607, 7},{7262, 7},{7439, 7},{2535, 7},{9443, 7},{19867, 7},{1455, 7},{9336, 7},{22891, 7},{23511, 7},
{12903, 7},{13974, 7},{7438, 7},{25745, 7},{25366, 7},{24223, 7},{11361, 7},{6001, 7},{14381, 7},{14186, 7},
{2011, 0},{22042, 7},{9444, 7},{2914, 7},{24610, 7},{24220, 7},{14768, 7},{2012, 0},{2778, 7},{17705, 7},
{16289, 7},{17495, 7},{14919, 7},{16288, 7},{25744, 7},{339, 7},{3933, 7},{11360, 7},{9441, 7},{14769, 7},
{13978, 7},{2404, 7},{24611, 7},{12908, 7},{14774, 7},{3807, 7},{9082, 7},{14686, 9},{25742, 7},{7439, 7},
{25709, 7},{20753, 7},{13970, 7},{22040, 7},{7434, 7},{343, 7},{16074, 7},{21141, 7},{22047, 7},{14382, 7},
{2788, 7},{2779, 7},{14772, 7},{18863, 7},{6000, 7},{13972, 7},{21138, 7},{14194, 7},{12910, 7},{7256, 7},
{12189, 7},{7802, 7},{1611, 7},{1094, 7},{758, 7},{14681, 9},{23513, 7},{24222, 7},{25360, 7},{25714, 7},
{23508, 7},{25365, 7},{22892, 7},{22888, 7},{12193, 7},{4544, 7},{3799, 7},{2401, 7},{5634, 7},{3933, 7},
{20203, 7},{24608, 7},{14767, 7},{7037, 7},{22070, 7},{9219, 7},{22890, 7},{20245, 7},{20756, 7},{14068, 0},
{336, 7},{5995, 7},{14379, 7},{14681, 9},{23507, 7},{2924, 7},{25359, 7},{14193, 7},{9450, 7},{19721, 7},
{2782, 7},{25740, 7},{9340, 7},{7259, 7},{4921, 7},{20752, 7},{9443, 7},{3799, 7},{9078, 7},{19172, 7},
{14915, 7},{7027, 7},{2400, 7},{575, 7},{2788, 7},{8922, 7},{19722, 7},{1094, 7},{14679, 9},{14383, 7},
{337, 7},{11359, 7},{576, 7},{13972, 7},{7261, 7},{16078, 7},{12187, 7},{14917, 7},{5637, 7},{7031, 7},
{3803, 7},{14682, 9},{21139, 7},{5638, 7},{7028, 7},{9601, 7},{7260, 7},{2401, 7},{9085, 7},{20888, 9},
{18242, 7},{5280, 7},{15111, 7},{21582, 7},{20422, 7},{9496, 15},{15764, 17},{14051, 7},{18243, 7},{20877, 9},
{5283, 7},{21251, 7},{12261, 7},{8676, 7},{20887, 9},{18247, 7},{18245, 7},{21244, 7},{16764, 7},{16769, 7},
{20887, 9},{5286, 7},{21583, 7},{20888, 9},{26174, 7},{9962, 7},{11300, 7},{20879, 9},{12265, 7},{20876, 9},
{25008, 7},{2933, 7},{1413, 7},{14051, 7},{20876, 9},{21581, 7},{21585, 7},{18378, 7},{18251, 7},{14047, 7},
{18249, 7},{20877, 9},{21581, 7},{21001, 7},{19073, 7},{22240, 17},{600, 17},{13739, 17},{9063, 17},{18769, 17},
{4681, 17},{14814, 3},{20879, 3},{22945, 17},{25850, 17},{24146, 17},{14858, 17},{14577, 15},{24786, 15},{14674, 15},
{12768, 15},{6060, 15},{22915, 17},{17569, 17},{5190, 17},{15903, 13},{12521, 13},{24837, 13},{10222, 3},{601, 3},
{15449, 13},{22946, 3},{21716, 17},{14205, 17},{12253, 8},{4366, 17},{18893, 15},{26252, 15},{15881, 15},{4930, 15},
{12220, 15},{4931, 15},{13901, 15},{528, 15},{16968, 15},{13526, 15},{1991, 15},{19824, 15},{1995, 15},{19, 15},
{6574, 15},{4925, 15},{3832, 15},{7848, 15},{16099, 15},{4926, 15},{7854, 15},{17376, 15},{16964, 15},{2419, 15},
{13074, 15},{23542, 15},{2100, 17},{5118, 17},{17515, 17},{23975, 8},{5276, 17},{21120, 3},{24568, 12},{5637, 17},
{9553, 3},{21396, 3},{9547, 3},{4275, 3},{7981, 17},{5467, 17},{2787, 17},{17324, 8},{25309, 8},{14269, 8},
{2713, 8},{21821, 8},{17473, 8},{9595, 8},{21748, 8},{23823, 8},{24283, 8},{4688, 8},{16521, 8},{3962, 8},
{20345, 8},{14834, 8},{22993, 15},{18203, 15},{22990, 15},{22987, 15},{6766, 15},{17844, 17},{2953, 15},{12392, 15},
{23634, 15},{18200, 15},{22989, 15},{14495, 15},{17081, 15},{5064, 15},{23045, 15},{17086, 15},{13615, 15},{5235, 15},
{9983, 15},{22986, 15},{560, 15},{23672, 15},{5069, 15},{14273, 17},{22794, 17},{11166, 15},{9690, 15},{9644, 15},
{23738, 15},{2138, 15},{19474, 17},{18554, 17},{21263, 3},{5020, 13},{3455, 17},{22743, 17},{14195, 17},{20596, 17},
{6876, 17},{23400, 8},{12035, 8},{23453, 8},{7442, 8},{22420, 8},{23998, 8},{16806, 8},{26184, 8},{23944, 8},
{20436, 8},{19148, 8},{26185, 8},{23999, 8},{23943, 8},{12034, 8},{23401, 8},{19147, 8},{18942, 8},{23452, 8},
{20437, 8},{16805, 8},{22419, 8},{23996, 8},{20438, 8},{19146, 8},{12033, 8},{26182, 8},{23941, 8},{23405, 8},
{16808, 8},{23455, 8},{7440, 8},{22418, 8},{23997, 8},{26183, 8},{7441, 8},{12032, 8},{19145, 8},{22417, 8},
{26000, 8},{20439, 8},{16807, 8},{23454, 8},{23409, 8},{17935, 17},{12038, 8},{18958, 8},{23448, 8},{19143, 8},
{26006, 8},{16809, 8},{8173, 8},{20433, 8},{23995, 8},{26181, 8},{22415, 8},{12043, 8},{26178, 8},{20434, 8},
{26005, 8},{22414, 8},{8174, 8},{19142, 8},{23451, 8},{7444, 8},{16812, 8},{12037, 8},{24638, 8},{26179, 8},
{19141, 8},{12036, 8},{22413, 8},{26004, 8},{25349, 8},{16811, 8},{20435, 8},{23450, 8},{23398, 8},{23447, 8},
{19151, 8},{22411, 8},{20444, 8},{16802, 8},{24001, 8},{12041, 8},{7448, 8},{25999, 8},{23422, 8},{26187, 8},
{12040, 8},{25998, 8},{26188, 8},{23446, 8},{7449, 8},{24002, 8},{22410, 8},{8183, 8},{19150, 8},{20445, 8},
{16801, 8},{10435, 17},{8605, 17},{11455, 17},{14602, 17},{2710, 8},{14272, 8},{3961, 8},{5276, 8},{24284, 8},
{17321, 8},{20344, 8},{23820, 8},{16526, 8},{19995, 8},{14829, 8},{4689, 8},{17466, 8},{21751, 8},{21816, 8},
{9139, 17},{1896, 17},{26353, 17},{2750, 17},{16998, 17},{14695, 17},{2007, 3},{11442, 13},{25955, 3},{9520, 17},
{4474, 17},{16990, 17},{6354, 17},{9517, 17},{12685, 17},{10177, 17},{5018, 17},{11876, 17},{6266, 17},{21078, 17},
{22465, 17},{13486, 17},{11186, 17},{4655, 17},{21470, 17},{4357, 17},{6825, 17},{8992, 17},{11848, 17},{11350, 17},
{23727, 17},{1442, 17},{4047, 3},{9970, 3},{7097, 12},{2900, 17},{22265, 17},{22829, 7},{13826, 7},{19525, 7},
{25048, 7},{22189, 7},{22182, 7},{25413, 7},{8846, 7},{24353, 7},{12306, 7},{20770, 7},{11331, 7},{17564, 7},
{19094, 7},{25041, 7},{17565, 7},{9245, 7},{23641, 7},{26224, 9},{9251, 7},{4302, 7},{17561, 7},{17565, 7},
{25552, 7},{5782, 7},{25048, 7},{18798, 7},{23648, 7},{13822, 7},{6886, 7},{24350, 7},{18799, 7},{15405, 7},
{26277, 7},{5787, 7},{11427, 7},{20764, 7},{18800, 7},{26224, 9},{24355, 7},{8508, 7},{25467, 7},{6095, 7},
{9246, 7},{11145, 7},{20874, 7},{2564, 7},{1602, 7},{15406, 7},{12748, 7},{19955, 7},{4681, 7},{9252, 7},
{25048, 7},{11086, 9},{5786, 7},{1608, 7},{22178, 7},{22827, 7},{3961, 7},{1599, 7},{19093, 7},{4680, 7},
{9253, 7},{18802, 7},{2567, 7},{14989, 7},{3411, 0},{22827, 7},{18795, 7},{11074, 9},{10194, 7},{3966, 7},
{25556, 7},{17563, 7},{6886, 7},{10462, 7},{6089, 7},{11330, 7},{4672, 7},{4674, 7},{2561, 7},{13825, 7},
{25546, 7},{20763, 7},{11074, 9},{19955, 7},{25554, 7},{19283, 0},{19092, 7},{12305, 7},{15409, 7},{6891, 7},
{18795, 7},{3959, 7},{2560, 7},{15365, 7},{6885, 7},{18803, 7},{22183, 7},{19097, 7},{1603, 7},{11079, 7},
{4673, 7},{6097, 7},{19787, 7},{17559, 7},{13817, 7},{19099, 7},{25044, 7},{19950, 7},{24352, 7},{4677, 7},
{18310, 7},{12744, 7},{11331, 7},{20765, 7},{25040, 7},{22189, 7},{12745, 7},{13987, 7},{25551, 7},{25041, 7},
{19529, 9},{26280, 7},{25851, 7},{12747, 7},{25047, 7},{23644, 7},{25553, 7},{26104, 7},{10194, 7},{3426, 0},
{19540, 7},{4680, 7},{6886, 7},{26225, 9},{8511, 7},{3256, 7},{10457, 7},{25413, 7},{9851, 7},{2561, 7},
{1600, 7},{26274, 7},{19532, 7},{25462, 7},{5510, 0},{19099, 7},{6887, 7},{17556, 7},{22182, 7},{11331, 7},
{17560, 7},{20768, 7},{25850, 7},{26225, 9},{19527, 7},{4673, 7},{3261, 7},{25040, 7},{6094, 7},{24352, 7},
{20761, 7},{11084, 9},{23644, 7},{19533, 7},{3330, 7},{18310, 7},{11145, 7},{22183, 7},{15403, 7},{25049, 7},
{11337, 7},{26277, 7},{15359, 7},{25550, 7},{11079, 7},{13984, 7},{25850, 7},{10210, 7},{3258, 7},{2568, 7},
{26104, 7},{5775, 7},{2560, 7},{13825, 7},{11086, 9},{12308, 7},{6090, 7},{10460, 7},{24348, 7},{12745, 7},
{4679, 7},{23645, 7},{12746, 7},{3958, 7},{5934, 7},{19950, 7},{12301, 7},{20880, 5},{15448, 5},{24572, 5},
{12521, 5},{5024, 5},{7186, 5},{13436, 5},{9559, 5},{7089, 5},{9135, 5},{872, 5},{16428, 5},{25952, 3},
{15412, 13},{26223, 13},{10989, 17},{2069, 17},{25991, 17},{9754, 17},{22015, 17},{10326, 17},{9137, 17},{9083, 17},
{11174, 17},{16420, 15},{22951, 15},{2430, 15},{13249, 15},{1158, 15},{14625, 15},{25445, 15},{2420, 15},{15963, 15},
{4725, 17},{23933, 15},{8889, 15},{7072, 15},{7061, 15},{1258, 15},{1583, 15},{11715, 15},{4862, 17},{1426, 17},
{26196, 17},{891, 17},{1547, 17},{11663, 17},{6357, 17},{1348, 17},{14362, 3},{722, 3},{4568, 17},{3115, 17},
{17847, 3},{3164, 3},{1300, 12},{17814, 13},{12330, 12},{9453, 17},{10497, 17},{12556, 17},{4002, 17},{19535, 17},
{4482, 17},{8793, 17},{24015, 17},{7285, 17},{4295, 17},{22400, 17},{25949, 17},{5545, 17},{19298, 17},{21528, 17},
{11806, 17},{13436, 12},{19937, 12},{23950, 12},{4656, 17},{2778, 17},{22426, 17},{1552, 17},{6699, 17},{767, 17},
{21838, 17},{23161, 17},{18760, 17},{22420, 17},{22947, 3},{4080, 3},{25922, 3},{4116, 12},{7096, 12},{20864, 13},
{24676, 3},{21077, 17},{22118, 17},{11196, 17},{2009, 3},{25922, 12},{18450, 3},{1426, 12},{4138, 17},{10422, 17},
{18728, 17},{20399, 17},{2742, 17},{16056, 17},{16991, 3},{24832, 3},{20978, 3},{23135, 17},{2714, 7},{20777, 7},
{21628, 7},{22605, 7},{7054, 7},{1067, 7},{11198, 7},{12886, 7},{4864, 7},{25215, 0},{2715, 7},{9408, 7},
{8932, 7},{15827, 7},{221, 7},{2706, 7},{18113, 7},{17259, 9},{14732, 7},{15582, 7},{22347, 7},{7053, 7},
{20482, 7},{9406, 7},{12757, 7},{2715, 7},{1973, 7},{153, 0},{12897, 7},{1839, 7},{9405, 7},{22605, 7},
{5790, 7},{1074, 7},{14005, 7},{15823, 7},{14738, 7},{1975, 7},{14204, 7},{20780, 7},{17258, 9},{369, 7},
{14208, 7},{20771, 7},{1072, 7},{22608, 7},{22602, 7},{15830, 7},{2713, 7},{7765, 7},{15831, 7},{8939, 7},
{7286, 7},{5792, 7},{7761, 7},{17257, 9},{15575, 7},{11194, 7},{17210, 0},{4866, 7},{13734, 7},{12891, 7},
{8662, 7},{18114, 7},{22607, 7},{9409, 7},{22350, 7},{8940, 7},{15582, 7},{1068, 7},{19705, 7},{15581, 7},
{1077, 7},{8938, 7},{18110, 7},{19709, 7},{14742, 7},{16878, 7},{21506, 7},{14231, 7},{17256, 9},{20774, 7},
{22607, 7},{14245, 7},{10898, 7},{21505, 7},{7769, 7},{8937, 7},{7759, 7},{13999, 7},{4387, 7},{10900, 7},
{1978, 7},{14007, 7},{1841, 7},{1074, 7},{363, 7},{19705, 7},{18108, 7},{18106, 7},{21507, 7},{4385, 7},
{12758, 7},{11200, 7},{7056, 7},{18109, 7},{5794, 7},{22610, 7},{16882, 7},{7283, 7},{17948, 7},{22349, 7},
{21626, 7},{17256, 9},{7055, 7},{17074, 17},{23502, 17},{6617, 17},{16389, 4},{7754, 4},{9538, 4},{11789, 4},
{19697, 4},{7865, 14},{16707, 4},{2221, 4},{17205, 4},{23907, 4},{2622, 4},{6352, 4},{24677, 4},{17935, 4},
{22246, 4},{7091, 2},{10036, 4},{14718, 4},{7747, 4},{24285, 4},{14640, 4},{19692, 4},{6210, 4},{23551, 4},
{4129, 2},{280, 4},{24049, 4},{11183, 4},{7792, 4},{4907, 4},{17938, 4},{21496, 4},{9652, 4},{25722, 4},
{19332, 4},{12589, 4},{25827, 4},{12585, 4},{1082, 4},{4269, 4},{9907, 4},{20790, 4},{23134, 4},{14717, 4},
{5975, 4},{12880, 4},{23554, 4},{2223, 4},{4747, 4},{7795, 4},{14757, 4},{7801, 4},{5973, 4},{25286, 4},
{24678, 4},{24676, 4},{4363, 4},{17941, 4},{11807, 4},{268, 4},{4898, 4},{14723, 4},{17936, 4},{12882, 4},
{16683, 4},{12174, 4},{7799, 4},{16176, 4},{12586, 4},{23914, 4},{7856, 14},{12169, 4},{11059, 4},{24378, 4},
{8647, 4},{23132, 4},{21055, 4},{7751, 4},{16684, 4},{16386, 4},{19331, 4},{25119, 2},{25287, 4},{11815, 4},
{19383, 4},{11267, 4},{6933, 4},{7862, 14},{5553, 4},{21487, 4},{11808, 4},{9903, 4},{24448, 4},{12588, 4},
{21061, 4},{11812, 4},{15141, 4},{10033, 4},{6168, 4},{15138, 4},{1080, 4},{17206, 4},{21493, 4},{9910, 4},
{15145, 4},{22502, 4},{25724, 4},{11263, 4},{6356, 4},{25120, 2},{23422, 4},{2222, 4},{25122, 2},{6162, 4},
{19695, 4},{17479, 4},{11058, 4},{23401, 4},{23409, 4},{13731, 4},{20783, 4},{12542, 4},{23136, 4},{23916, 4},
{20786, 4},{19333, 4},{24442, 4},{19387, 4},{1692, 4},{15542, 2},{17200, 4},{19376, 4},{23915, 4},{1087, 4},
{24287, 4},{10437, 4},{21063, 4},{23129, 4},{11672, 4},{18971, 4},{2631, 4},{5980, 4},{10434, 4},{24040, 4},
{25791, 4},{9913, 4},{16685, 4},{12533, 4},{6358, 4},{9884, 4},{9882, 4},{9660, 4},{19690, 4},{9886, 4},
{16170, 4},{5196, 4},{4274, 4},{4908, 4},{7611, 4},{5620, 4},{4746, 4},{21059, 4},{13265, 4},{12879, 4},
{17204, 4},{12176, 4},{24449, 4},{23135, 4},{6355, 4},{7796, 4},{24047, 4},{9310, 4},{4359, 4},{11178, 4},
{9905, 4},{23138, 4},{19386, 4},{14726, 4},{1086, 4},{25288, 4},{14721, 4},{17943, 4},{6159, 4},{2224, 4},
{16686, 4},{15909, 4},{4134, 2},{7798, 4},{16384, 4},{19327, 4},{26110, 4},{19023, 4},{23555, 4},{15907, 4},
{5628, 4},{25719, 4},{4753, 4},{15545, 2},{11787, 4},{21486, 4},{4273, 4},{4744, 4},{12538, 4},{4130, 2},
{4905, 4},{10442, 4},{2218, 4},{8639, 4},{10826, 4},{24043, 4},{9810, 4},{11188, 4},{14761, 4},{10817, 4},
{17643, 4},{9307, 4},{13263, 4},{21491, 4},{12172, 4},{3369, 4},{16381, 4},{17646, 4},{23128, 4},{19381, 4},
{22504, 4},{16710, 4},{2623, 4},{11185, 4},{19329, 4},{3720, 4},{18977, 4},{9654, 4},{19378, 4},{5561, 4},
{25729, 4},{7746, 4},{158, 4},{23546, 4},{14756, 4},{285, 4},{23910, 4},{22505, 4},{9658, 4},{4270, 4},
{17481, 4},{21060, 4},{1089, 4},{11187, 4},{11177, 4},{19380, 4},{26112, 4},{14725, 4},{12539, 4},{17937, 4},
{14760, 4},{17202, 4},{24280, 4},{25289, 4},{11811, 4},{3727, 4},{4364, 4},{5627, 4},{17203, 4},{9309, 4},
{19019, 4},{13706, 4},{23557, 4},{25285, 4},{1083, 4},{25723, 4},{23908, 4},{7800, 4},{16679, 4},{5562, 4},
{19689, 4},{24675, 4},{9887, 4},{4909, 4},{11813, 4},{12537, 4},{11806, 4},{11278, 4},{9883, 4},{24670, 4},
{25721, 4},{25292, 4},{4751, 4},{17207, 4},{12541, 4},{5622, 4},{5194, 4},{4275, 4},{4750, 4},{26111, 4},
{23911, 4},{8173, 4},{9547, 4},{22245, 4},{7749, 4},{2220, 4},{25794, 4},{21488, 4},{6639, 4},{4132, 2},
{5613, 4},{9888, 4},{14762, 4},{14755, 4},{23547, 4},{11063, 4},{17939, 4},{5625, 4},{16180, 4},{21489, 4},
{20787, 4},{17475, 4},{7863, 14},{11065, 4},{12450, 4},{24669, 4},{13884, 4},{4266, 4},{12584, 4},{22244, 4},
{278, 4},{11064, 4},{11066, 4},{22003, 4},{1085, 4},{23553, 4},{21492, 4},{1699, 4},{24046, 4},{5606, 4},
{18967, 4},{26118, 4},{1694, 4},{18970, 4},{22243, 4},{21057, 4},{7753, 4},{16687, 4},{19018, 4},{16388, 4},
{22500, 4},{21490, 4},{3726, 4},{9308, 4},{17629, 2},{12170, 4},{5626, 4},{25725, 4},{9543, 4},{4133, 2},
{25282, 4},{16703, 4},{5977, 4},{22507, 4},{2226, 4},{7797, 4},{6353, 4},{22242, 4},{25116, 2},{5614, 4},
{287, 4},{16688, 4},{11182, 4},{22589, 4},{16705, 4},{9311, 4},{15137, 4},{25121, 2},{4355, 4},{9906, 4},
{24286, 4},{19016, 4},{19694, 4},{19026, 4},{5564, 4},{9885, 4},{12590, 4},{14759, 4},{7095, 2},{10435, 4},
{22239, 4},{16174, 4},{24671, 4},{8172, 4},{19693, 4},{12535, 4},{22241, 4},{16704, 4},{12464, 4},{1691, 4},
{23552, 4},{19382, 4},{7793, 4},{24450, 4},{5570, 4},{16387, 4},{7093, 2},{7748, 4},{22501, 4},{9909, 4},
{26108, 4},{22238, 4},{11810, 4},{176, 4},{20782, 4},{22509, 4},{16390, 4},{23133, 4},{23912, 4},{8642, 4},
{25730, 4},{15901, 4},{23398, 4},{4749, 4},{5623, 4},{21058, 4},{4271, 4},{1693, 4},{6354, 4},{7750, 4},
{12327, 4},{20788, 4},{7098, 2},{7745, 4},{18975, 4},{19022, 4},{5191, 4},{12461, 4},{4356, 4},{7794, 4},
{10436, 4},{12167, 4},{11809, 4},{22506, 4},{5979, 4},{5195, 4},{16385, 4},{4267, 4},{2225, 4},{11270, 4},
{14654, 4},{15351, 4},{16678, 4},{5624, 4},{5978, 4},{9830, 4},{16175, 4},{24445, 4},{12580, 4},{21991, 4},
{23137, 4},{13264, 4},{9545, 4},{154, 4},{10819, 4},{12171, 4},{19027, 4},{16706, 4},{18966, 4},{19377, 4},
{25123, 2},{12878, 4},{9880, 4},{9540, 4},{7861, 14},{270, 4},{7089, 2},{12315, 4},{6357, 4},{24284, 4},
{8021, 4},{9904, 4},{21056, 4},{19326, 4},{8174, 4},{5199, 4},{19322, 4},{9312, 4},{17641, 4},{9656, 4},
{22510, 4},{23917, 4},{4748, 4},{12877, 4},{5605, 4},{20785, 4},{20026, 14},{9539, 4},{22911, 2},{1081, 4},
{19696, 4},{24672, 4},{14754, 4},{16171, 4},{16380, 4},{4128, 2},{24673, 4},{14713, 4},{2626, 4},{7744, 4},
{22240, 4},{4910, 4},{4276, 4},{22503, 4},{4131, 2},{17478, 4},{25720, 4},{2219, 4},{11186, 4},{24674, 4},
{11060, 4},{19328, 4},{25283, 4},{25115, 2},{13270, 4},{19021, 4},{23913, 4},{17474, 4},{12536, 4},{16056, 4},
{1090, 4},{9548, 4},{1700, 4},{9881, 4},{24283, 4},{14763, 4},{17477, 4},{11061, 4},{5566, 4},{12168, 4},
{25726, 4},{23558, 4},{19017, 4},{12581, 4},{13272, 4},{12875, 4},{4745, 4},{15546, 2},{16047, 4},{9657, 4},
{12587, 4},{12583, 4},{25124, 2},{15136, 4},{19691, 4},{16179, 4},{7858, 14},{16181, 4},{6943, 4},{24281, 4},
{5974, 4},{10441, 4},{9541, 4},{23405, 4},{22247, 4},{5981, 4},{13268, 4},{20841, 4},{18974, 4},{5619, 4},
{19379, 4},{22909, 2},{25284, 4},{9661, 4},{19698, 4},{17940, 4},{20789, 4},{24041, 4},{5567, 4},{25818, 4},
{21495, 4},{11814, 4},{17944, 4},{5621, 4},{23400, 4},{18972, 4},{11788, 4},{5565, 4},{12175, 4},{1690, 4},
{4752, 4},{22912, 2},{12881, 4},{2625, 4},{16701, 4},{16708, 4},{17642, 4},{20024, 14},{26117, 4},{25293, 4},
{21062, 4},{7860, 14},{13267, 4},{7859, 14},{21064, 4},{16383, 4},{9542, 4},{4135, 2},{13266, 4},{9544, 4},
{13269, 4},{15544, 2},{10117, 4},{5190, 4},{11057, 4},{16702, 4},{5976, 4},{23556, 4},{174, 4},{5569, 4},
{20025, 14},{10825, 4},{12874, 4},{14650, 4},{25118, 2},{14758, 4},{16682, 4},{24447, 4},{12873, 4},{1695, 4},
{7097, 2},{2227, 4},{15139, 4},{7090, 2},{19229, 2},{26114, 4},{7092, 2},{16709, 4},{1084, 4},{8183, 4},
{7096, 2},{22910, 2},{11184, 4},{4131, 6},{1689, 4},{26113, 4},{7857, 14},{7094, 2},{11181, 4},{18976, 4},
{13271, 4},{15906, 4},{24042, 4},{9879, 4},{2298, 4},{8637, 4},{10823, 4},{18973, 4},{4906, 4},{12173, 4},
{20784, 4},{5982, 4},{15547, 2},{12876, 4},{5571, 4},{17201, 4},{16681, 4},{1696, 4},{15910, 4},{16178, 4},
{16177, 4},{4272, 4},{18508, 4},{5568, 4},{26109, 4},{19024, 4},{26115, 4},{7866, 14},{19201, 15},{5217, 15},
{21975, 15},{19031, 15},{8318, 15},{13334, 15},{1779, 15},{8303, 15},{1782, 15},{16609, 15},{22621, 15},{21338, 15},
{13336, 15},{13994, 15},{12874, 17},{4248, 3},{3448, 3},{25028, 3},{13433, 3},{14813, 17},{24043, 17},{23917, 17},
{23609, 17},{25547, 17},{2379, 17},{26143, 17},{13062, 17},{657, 17},{3988, 17},{22909, 17},{6664, 3},{394, 3},
{8619, 3},{1578, 3},{20319, 3},{17826, 3},{8769, 3},{9355, 17},{1840, 17},{14006, 17},{25191, 17},{9700, 17},
{4897, 17},{15507, 17},{4202, 17},{3293, 17},{25703, 17},{18618, 3},{20339, 17},{15357, 17},{7123, 17},{10493, 17},
{14066, 17},{24442, 17},{20712, 17},{14760, 7},{3720, 7},{17203, 7},{4129, 9},{24043, 7},{25725, 7},{9880, 7},
{26115, 7},{4906, 7},{4745, 7},{12461, 7},{17206, 7},{24450, 7},{14759, 7},{16056, 7},{7754, 7},{22247, 7},
{26114, 7},{10823, 7},{17643, 7},{6168, 7},{6357, 7},{8642, 7},{23400, 7},{24677, 0},{11182, 7},{12938, 17},
{21822, 17},{20400, 12},{4274, 3},{4043, 3},{7093, 3},{5598, 17},{14101, 17},{3166, 17},{18972, 17},{14055, 3},
{1691, 3},{15511, 3},{11681, 3},{1699, 3},{25177, 3},{13031, 17},{16174, 7},{12461, 7},{5981, 7},{17481, 7},
{16685, 7},{25722, 7},{19383, 7},{9311, 7},{4133, 9},{12589, 7},{18966, 7},{16684, 7},{25791, 7},{17936, 7},
{19377, 7},{24445, 7},{270, 7},{24447, 7},{20787, 7},{9882, 7},{4910, 7},{16178, 7},{8021, 7},{4748, 7},
{23913, 7},{5623, 7},{20786, 7},{19021, 7},{26110, 7},{17943, 7},{20784, 7},{24281, 7},{17202, 7},{5978, 7},
{5973, 7},{22242, 7},{4132, 9},{17641, 7},{16171, 7},{14760, 7},{154, 7},{5553, 7},{19387, 7},{20787, 7},
{1080, 7},{17204, 7},{24285, 7},{7793, 7},{19383, 7},{13731, 7},{6354, 7},{24283, 7},{6210, 7},{5980, 7},
{16384, 0},{7748, 7},{19696, 7},{17939, 7},{19378, 7},{8172, 7},{24047, 7},{21487, 7},{12327, 7},{17479, 7},
{4132, 9},{2227, 7},{14755, 7},{4750, 7},{19381, 7},{14754, 7},{17937, 7},{7794, 7},{4744, 7},{21487, 7},
{15351, 7},{176, 7},{21491, 7},{16176, 7},{19024, 7},{5626, 7},{158, 7},{19698, 7},{20786, 7},{11185, 7},
{4905, 7},{24041, 7},{4128, 9},{13706, 7},{24286, 7},{17474, 7},{12450, 7},{5620, 7},{5975, 7},{11059, 0},
{15145, 7},{10374, 17},{2631, 7},{11270, 7},{11808, 7},{9886, 7},{19378, 7},{13271, 7},{11181, 7},{7745, 7},
{4128, 9},{12585, 7},{7746, 7},{11186, 7},{15909, 7},{9879, 7},{14713, 7},{4363, 7},{16682, 7},{11178, 7},
{16174, 7},{19023, 7},{20782, 7},{16056, 7},{21055, 7},{15907, 7},{12590, 7},{24046, 7},{26109, 7},{14758, 7},
{26115, 7},{23129, 7},{17475, 7},{18970, 7},{25289, 0},{10783, 17},{268, 7},{23401, 7},{14757, 7},{21492, 7},
{25719, 7},{4363, 7},{12315, 7},{4746, 7},{1084, 7},{1085, 7},{12169, 7},{285, 7},{8647, 7},{1082, 7},
{6162, 7},{5567, 7},{158, 7},{20788, 7},{16682, 7},{2298, 7},{2221, 7},{19380, 7},{21063, 7},{12464, 7},
{5195, 7},{4134, 9},{14718, 7},{14754, 7},{11263, 7},{12586, 7},{18773, 17},{1090, 7},{15141, 7},{23915, 7},
{9548, 0},{11187, 7},{24046, 7},{21056, 7},{23907, 7},{6357, 7},{25726, 7},{23128, 7},{23135, 7},{12450, 7},
{6358, 7},{12169, 7},{4745, 7},{16678, 7},{12170, 7},{22241, 7},{26110, 7},{2222, 7},{4135, 9},{17200, 7},
{4359, 7},{23912, 7},{4363, 7},{22810, 17},{4679, 17},{4124, 3},{3702, 3},{15903, 12},{20879, 13},{25240, 3},
{8146, 13},{22386, 13},{6279, 12},{19451, 17},{11, 17},{19670, 17},{6524, 17},{24163, 17},{3404, 13},{20875, 3},
{19072, 17},{13800, 17},{26010, 17},{22773, 17},{20851, 15},{20848, 15},{15291, 1},{25369, 1},{13480, 1},{20854, 15},
{20850, 15},{20278, 1},{20853, 15},{14668, 1},{20849, 15},{17179, 17},{11618, 8},{22516, 8},{8868, 8},{7809, 8},
{3712, 8},{23135, 8},{22027, 8},{20764, 8},{320, 8},{18738, 8},{19811, 8},{25375, 8},{18338, 8},{5790, 8},
{15021, 17},{22205, 17},{3557, 17},{19376, 8},{18775, 8},{4851, 8},{22047, 8},{17802, 8},{19377, 8},{4852, 8},
{22046, 8},{17803, 8},{18774, 8},{17804, 8},{22045, 8},{19378, 8},{4849, 8},{18773, 8},{4850, 8},{19379, 8},
{22044, 8},{17805, 8},{18772, 8},{281, 8},{18769, 8},{13081, 8},{4853, 8},{19382, 8},{17800, 8},{15383, 8},
{18768, 8},{22040, 8},{19383, 8},{17801, 8},{4854, 8},{25374, 8},{22515, 8},{22028, 8},{20763, 8},{7808, 8},
{3711, 8},{23136, 8},{321, 8},{23388, 8},{18739, 8},{8867, 8},{18339, 8},{11617, 8},{5791, 8},{22419, 17},
{14713, 17},{15786, 17},{18557, 17},{18148, 17},{17642, 17},{18340, 8},{7807, 8},{8870, 8},{25373, 8},{19838, 8},
{18736, 8},{11616, 8},{23137, 8},{5788, 8},{20766, 8},{22518, 8},{22025, 8},{318, 8},{3710, 8},{1977, 8},
{6095, 8},{8551, 8},{13716, 8},{5441, 8},{7437, 8},{17687, 8},{3395, 8},{14699, 8},{14756, 8},{19735, 8},
{13552, 8},{25385, 8},{13799, 8},{26054, 8},{20720, 8},{14757, 8},{5317, 8},{14700, 8},{17688, 8},{26053, 8},
{25384, 8},{19736, 8},{1978, 8},{6094, 8},{13800, 8},{7436, 8},{3394, 8},{13715, 8},{13551, 8},{13797, 8},
{7439, 8},{13718, 8},{3393, 8},{19737, 8},{13554, 8},{1975, 8},{14697, 8},{17685, 8},{26052, 8},{6093, 8},
{20725, 8},{25387, 8},{6421, 8},{14758, 8},{1976, 8},{26051, 8},{5319, 8},{25456, 8},{19738, 8},{13717, 8},
{14759, 8},{14698, 8},{13798, 8},{25386, 8},{3392, 8},{7438, 8},{6092, 8},{13553, 8},{17686, 8},{25451, 8},
{7433, 8},{13712, 8},{1973, 8},{5320, 8},{14695, 8},{3391, 8},{13556, 8},{26058, 8},{25389, 8},{19731, 8},
{13795, 8},{6091, 8},{17691, 8},{14760, 8},{14761, 8},{18909, 8},{5321, 8},{25388, 8},{26057, 8},{14696, 8},
{17692, 8},{6090, 8},{25450, 8},{3390, 8},{1974, 8},{13796, 8},{12534, 8},{13555, 8},{13711, 8},{14762, 8},
{17569, 8},{1971, 8},{17689, 8},{6089, 8},{3389, 8},{7435, 8},{19733, 8},{13793, 8},{13714, 8},{13558, 8},
{14693, 8},{26056, 8},{25391, 8},{5322, 8},{1972, 8},{19734, 8},{25452, 8},{14694, 8},{13557, 8},{3388, 8},
{6440, 8},{13794, 8},{17690, 8},{25390, 8},{14763, 8},{6088, 8},{7434, 8},{13713, 8},{26055, 8},{5348, 17},
{2747, 17},{13709, 8},{14703, 8},{13562, 8},{7425, 8},{17683, 8},{26060, 8},{6098, 8},{1969, 8},{25394, 8},
{14754, 8},{25459, 8},{3386, 8},{13801, 8},{5312, 8},{19739, 8},{17684, 8},{5313, 8},{14704, 8},{6097, 8},
{3385, 8},{25393, 8},{13561, 8},{26059, 8},{25458, 8},{7424, 8},{19740, 8},{1970, 8},{13802, 8},{13708, 8},
{14755, 8},{786, 17},{3187, 17},{14858, 7},{8573, 7},{9707, 7},{24832, 9},{20083, 7},{4478, 17},{3985, 17},
{319, 8},{20765, 8},{11615, 8},{22517, 8},{7806, 8},{18737, 8},{8175, 8},{25372, 8},{23138, 8},{22026, 8},
{18341, 8},{3709, 8},{980, 8},{5789, 8},{4677, 17},{24515, 17},{17265, 17},{24517, 17},{11606, 8},{20690, 8},
{20274, 8},{8616, 8},{18455, 8},{18039, 8},{14066, 8},{19332, 8},{7167, 8},{19305, 17},{986, 17},{720, 17},
{22031, 8},{18334, 8},{18734, 8},{6639, 8},{8176, 8},{22520, 8},{3716, 8},{20768, 8},{5794, 8},{7805, 8},
{316, 8},{11614, 8},{25379, 8},{8864, 8},{8612, 3},{7751, 17},{9849, 17},{12469, 17},{532, 17},{24651, 17},
{16709, 17},{3638, 17},{9137, 5},{8367, 5},{25918, 5},{20718, 5},{7272, 5},{7269, 5},{19356, 5},{2463, 5},
{5022, 5},{11084, 5},{7189, 5},{9453, 5},{20878, 5},{7188, 5},{9124, 5},{14345, 17},{19513, 17},{10256, 17},
{4476, 3},{20882, 12},{22866, 17},{10585, 17},{2294, 17},{8174, 17},{1197, 17},{9833, 17},{17390, 17},{372, 17},
{16753, 17},{14318, 17},{6277, 17},{11203, 17},{12754, 7},{9402, 7},{4390, 7},{883, 0},{9408, 7},{12753, 7},
{12889, 7},{22606, 7},{14206, 7},{7765, 7},{16878, 7},{1074, 7},{1842, 7},{20774, 7},{9409, 7},{1836, 7},
{20993, 7},{17258, 9},{15581, 7},{7053, 7},{7766, 7},{15828, 7},{22345, 7},{7881, 15},{6430, 15},{6436, 15},
{7881, 15},{9980, 15},{10636, 15},{7880, 15},{7882, 15},{10288, 1},{13353, 1},{24108, 15},{24106, 15},{21328, 15},
{21320, 15},{3489, 1},{1894, 1},{24107, 15},{23722, 1},{21319, 15},{24502, 1},{4047, 1},{11848, 1},{21321, 15},
{24109, 15},{21325, 15},{14639, 1},{21326, 15},{21323, 15},{16861, 1},{11849, 1},{25769, 1},{21324, 15},{21327, 15},
{21322, 15},{24105, 15},{7852, 1},{5549, 15},{25861, 15},{25858, 15},{25859, 15},{13561, 1},{2821, 1},{25863, 15},
{7520, 15},{1899, 1},{25862, 15},{5544, 15},{5546, 15},{25864, 15},{7527, 15},{5540, 15},{25868, 15},{13355, 1},
{25866, 15},{25867, 15},{5547, 15},{5542, 15},{5541, 15},{3008, 1},{25865, 15},{20107, 1},{5550, 15},{8605, 1},
{15154, 15},{15081, 15},{15086, 15},{15088, 15},{3011, 1},{15094, 15},{10908, 15},{3472, 1},{15147, 15},{4048, 1},
{17680, 1},{15152, 15},{3947, 1},{5121, 1},{15093, 15},{10910, 15},{13351, 1},{3018, 1},{1896, 1},{10904, 15},
{15156, 15},{6629, 1},{15155, 15},{10901, 15},{13748, 1},{15151, 15},{10905, 15},{15150, 15},{8038, 1},{15148, 15},
{15153, 15},{17677, 1},{15149, 15},{9980, 15},{7880, 15},{18272, 15},{18275, 15},{631, 1},{2331, 15},{24813, 1},
{18269, 15},{2335, 15},{2329, 15},{2338, 15},{8613, 1},{9765, 1},{2330, 15},{20338, 1},{12669, 1},{18273, 15},
{10287, 1},{17669, 1},{18270, 15},{18274, 15},{18276, 15},{2334, 15},{2332, 15},{2333, 15},{2336, 15},{2337, 15},
{9977, 15},{10028, 15},{12145, 15},{10110, 15},{18154, 17},{4137, 17},{8938, 7},{18109, 7},{14738, 7},{18105, 7},
{8941, 7},{14000, 7},{14214, 7},{7288, 7},{366, 7},{15575, 7},{7286, 7},{22344, 7},{2714, 7},{906, 9},
{2711, 7},{7762, 7},{22606, 7},{9401, 7},{1977, 7},{8937, 7},{22609, 7},{22608, 7},{5627, 17},{4861, 7},
{21511, 7},{15575, 7},{14237, 7},{3641, 0},{10899, 7},{8936, 7},{14000, 7},{905, 9},{12891, 7},{22611, 7},
{1836, 7},{7052, 7},{5790, 7},{7287, 7},{1837, 7},{14209, 7},{12890, 7},{12895, 7},{1835, 7},{8668, 7},
{17955, 7},{21502, 7},{22353, 7},{14002, 17},{12111, 17},{3412, 17},{21607, 17},{13709, 17},{21834, 17},{4637, 17},
{20780, 7},{21629, 7},{10898, 7},{7285, 7},{17259, 9},{21504, 7},{1975, 7},{362, 7},{18115, 7},{4366, 0},
{20776, 7},{4870, 7},{11197, 7},{15579, 7},{15832, 7},{8664, 7},{11196, 7},{1072, 7},{19708, 7},{11203, 7},
{1078, 7},{24045, 17},{1084, 17},{15235, 17},{3448, 9},{3090, 7},{721, 7},{1396, 7},{8651, 7},{6701, 7},
{15722, 7},{3447, 9},{24165, 17},{4254, 7},{20404, 7},{3090, 7},{3449, 9},{8645, 7},{4250, 7},{7278, 9},
{8871, 7},{16435, 7},{15726, 7},{8651, 7},{3447, 9},{16426, 7},{16432, 7},{21105, 7},{4256, 7},{4252, 7},
{725, 7},{15724, 7},{13625, 7},{722, 7},{8871, 7},{3450, 9},{15723, 7},{8878, 7},{7277, 9},{14333, 7},
{724, 7},{4254, 7},{13624, 7},{8878, 7},{7273, 9},{21108, 7},{13621, 7},{16430, 7},{15725, 7},{4249, 7},
{8876, 7},{8645, 7},{6474, 7},{20404, 7},{7278, 9},{8634, 7},{8602, 7},{725, 7},{7277, 9},{18863, 17},
{21790, 15},{8974, 15},{18837, 17},{6278, 17},{1843, 17},{17606, 17},{8866, 17},{14343, 3},{1395, 3},{864, 12},
{11170, 13},{8153, 13},{19300, 17},{7336, 17},{1304, 12},{637, 3},{12328, 13},{9128, 12},{20865, 13},{9558, 13},
{12739, 17},{21246, 17},{15627, 15},{5901, 15},{18009, 15},{9680, 15},{11154, 15},{11148, 15},{6517, 15},{21808, 15},
{16270, 15},{13783, 15},{15560, 15},{5902, 15},{21903, 15},{11003, 15},{18787, 9},{20316, 7},{6626, 7},{6619, 7},
{13538, 7},{3169, 7},{2061, 7},{18787, 9},{6626, 7},{3173, 7},{16034, 7},{18785, 9},{17232, 7},{13536, 7},
{8777, 7},{18788, 9},{17232, 7},{8772, 7},{6623, 7},{18783, 9},{2069, 7},{20309, 7},{633, 7},{13542, 7},
{8778, 7},{5054, 7},{16039, 7},{18786, 9},{2065, 7},{25949, 7},{20314, 7},{2061, 7},{643, 7},{18784, 9},
{16041, 7},{3171, 7},{22839, 7},{18784, 9},{16044, 7},{643, 7},{25952, 7},{2069, 7},{22842, 7},{638, 7},
{18782, 9},{2070, 7},{25951, 7},{16034, 7},{8778, 7},{2062, 7},{3170, 7},{18781, 9},{25946, 7},{8576, 17},
{12881, 17},{1016, 17},{18835, 17},{13049, 17},{10286, 17},{8700, 17},{5718, 17},{12386, 17},{24494, 3},{22803, 3},
{19229, 12},{2116, 3},{3405, 12},{23558, 3},{20198, 12},{13903, 15},{4931, 15},{22601, 15},{12216, 15},{395, 17},
{523, 15},{16453, 15},{6124, 15},{11888, 15},{19159, 15},{1362, 15},{16452, 15},{6117, 15},{16490, 15},{24829, 15},
{24529, 15},{7848, 15},{19897, 15},{19825, 15},{9465, 15},{18890, 15},{9173, 15},{18894, 15},{4932, 15},{16891, 15},
{5363, 15},{1351, 15},{5946, 15},{9171, 15},{25468, 15},{19824, 15},{604, 17},{15948, 17},{5569, 17},{7715, 17},
{24219, 17},{24445, 17},{2385, 8},{12754, 8},{18629, 8},{21312, 8},{13983, 8},{11265, 8},{10494, 8},{6993, 8},
{2156, 8},{19696, 8},{1095, 8},{11966, 8},{25580, 8},{2882, 8},{8404, 15},{21624, 15},{168, 17},{18556, 17},
{2107, 17},{4107, 17},{4938, 17},{1907, 15},{5707, 15},{11161, 15},{1918, 15},{15037, 15},{12762, 15},{20293, 15},
{3202, 15},{2190, 15},{18786, 17},{12542, 3},{21588, 3},{15505, 3},{3157, 13},{2933, 3},{23591, 3},{5092, 12},
{5024, 12},{8668, 17},{13977, 17},{15545, 12},{25236, 3},{4140, 3},{18536, 3},{6821, 17},{20690, 17},{19126, 17},
{15164, 17},{8959, 17},{7406, 17},{3987, 17},{21812, 17},{18403, 15},{3625, 15},{16114, 15},{25588, 17},{23601, 17},
{10791, 17},{25283, 17},{15947, 17},{8219, 17},{18484, 17},{3006, 15},{10834, 15},{15491, 15},{17017, 17},{2562, 17},
{2412, 17},{22569, 15},{1585, 15},{13254, 15},{3477, 17},{22882, 15},{21378, 15},{24924, 15},{12159, 15},{12157, 15},
{1406, 15},{23168, 15},{19748, 15},{2499, 15},{11658, 15},{23656, 15},{1263, 15},{1151, 15},{15033, 15},{11712, 15},
{21568, 15},{11958, 15},{1438, 15},{26205, 15},{11585, 15},{1440, 15},{11657, 15},{19750, 15},{19623, 15},{1441, 15},
{13938, 15},{1105, 15},{3423, 15},{2590, 15},{10218, 1},{22993, 15},{1760, 15},{26015, 1},{1759, 15},{20356, 1},
{676, 1},{1762, 15},{22986, 15},{22994, 15},{22990, 15},{1765, 15},{22987, 15},{1758, 15},{22992, 15},{24488, 1},
{1763, 15},{3417, 1},{22989, 15},{10758, 15},{1772, 15},{22995, 15},{22988, 15},{1761, 15},{22991, 15},{1773, 15},
{10221, 1},{14802, 17},{9983, 15},{5064, 15},{13983, 1},{5067, 15},{14711, 15},{23680, 15},{5065, 15},{23675, 15},
{20358, 1},{5069, 15},{23672, 15},{26009, 1},{5066, 15},{5063, 15},{5059, 15},{23673, 15},{23674, 15},{23678, 15},
{17565, 1},{20360, 1},{5070, 15},{24376, 1},{16992, 1},{23679, 15},{9984, 15},{5068, 15},{12743, 1},{5058, 15},
{5093, 12},{895, 13},{14817, 3},{16078, 17},{19652, 15},{19647, 15},{19653, 15},{19654, 15},{19655, 15},{17742, 15},
{17745, 15},{19097, 1},{19659, 15},{19656, 15},{17746, 15},{19658, 15},{19657, 15},{26011, 1},{17744, 15},{20363, 1},
{17743, 15},{19648, 15},{23850, 1},{9454, 17},{12235, 17},{25893, 17},{7824, 17},{19049, 15},{8641, 1},{6695, 1},
{19053, 15},{19050, 15},{19047, 15},{19054, 15},{14719, 1},{19052, 15},{992, 1},{19048, 15},{13624, 1},{19055, 15},
{13412, 1},{19046, 15},{19051, 15},{4782, 1},{4253, 1},{26302, 17},{25852, 1},{24499, 1},{14493, 15},{19282, 1},
{14498, 15},{14501, 15},{13917, 15},{14500, 15},{14497, 15},{678, 1},{14492, 15},{13916, 15},{19096, 1},{14491, 15},
{14496, 15},{13920, 15},{13919, 15},{14495, 15},{13915, 15},{14494, 15},{25552, 1},{19787, 1},{3425, 1},{13918, 15},
{17384, 17},{2180, 15},{13622, 15},{22145, 15},{13623, 15},{3426, 1},{13615, 15},{22147, 15},{13614, 15},{22149, 15},
{2177, 15},{22146, 15},{2164, 15},{13619, 15},{4555, 15},{16993, 1},{25507, 15},{13618, 15},{24493, 1},{19528, 17},
{24488, 3},{24505, 3},{24396, 3},{14340, 3},{7185, 3},{14664, 3},{20719, 13},{896, 3},{867, 13},{393, 17},
{20571, 17},{6890, 7},{13991, 7},{2561, 7},{5775, 7},{20770, 7},{23504, 0},{25556, 7},{15403, 7},{22834, 7},
{1604, 7},{18800, 7},{20767, 7},{25852, 7},{12740, 7},{10210, 7},{3261, 7},{6232, 9},{18802, 7},{22184, 7},
{12745, 7},{9252, 7},{25462, 7},{23642, 7},{12743, 7},{5786, 7},{3260, 7},{19091, 7},{3254, 7},{6231, 9},
{7382, 0},{8508, 7},{9246, 7},{15517, 7},{2561, 7},{12741, 7},{11332, 7},{4680, 7},{22189, 7},{18794, 7},
{25557, 7},{25040, 7},{6886, 7},{11047, 7},{22182, 7},{18801, 7},{4678, 7},{12310, 7},{10467, 7},{22190, 7},
{23647, 7},{13986, 7},{26271, 7},{25853, 7},{6231, 9},{18794, 7},{6088, 7},{6230, 9},{2568, 7},{6892, 7},
{13818, 7},{15405, 7},{22181, 7},{11079, 7},{10633, 7},{5781, 7},{11340, 7},{20874, 7},{19524, 7},{18799, 7},
{11160, 7},{13825, 7},{23645, 7},{15365, 7},{23646, 7},{23644, 7},{25448, 7},{16192, 7},{18302, 7},{18692, 7},
{16988, 0},{18797, 7},{13987, 7},{22189, 7},{19525, 7},{18802, 7},{6230, 9},{1601, 7},{19094, 7},{2560, 7},
{15406, 7},{12739, 7},{3417, 0},{10215, 7},{24351, 7},{19525, 7},{6894, 7},{6229, 9},{6098, 7},{6888, 7},
{8511, 7},{3965, 7},{10194, 7},{8846, 7},{3961, 7},{1604, 7},{5781, 7},{25551, 7},{23644, 7},{25908, 8},
{2824, 17},{16822, 17},{403, 17},{20089, 17},{11453, 17},{22678, 17},{13469, 17},{14681, 12},{20691, 3},{7189, 3},
{2629, 12},{13134, 15},{13133, 15},{12674, 15},{12675, 15},{12676, 15},{12673, 15},{15033, 15},{15034, 15},{15032, 15},
{15035, 15},{15031, 15},{382, 15},{383, 15},{381, 15},{3182, 15},{3178, 15},{500, 15},{501, 15},{17490, 15},
{17487, 15},{17489, 15},{17492, 15},{17491, 15},{17572, 15},{17571, 15},{14479, 17},{17641, 17},{5258, 17},{9881, 17},
{25906, 17},{15988, 17},{24352, 17},{22409, 17},{25936, 17},{14684, 17},{677, 17},{15965, 17},{2137, 17},{118, 17},
{2530, 17},{12517, 17},{23421, 17},{22059, 17},{10665, 17},{6210, 8},{24614, 8},{18120, 8},{15431, 8},{23306, 8},
{2819, 8},{21133, 8},{13571, 8},{24613, 8},{18121, 8},{12461, 8},{2818, 8},{23307, 8},{15430, 8},{13570, 8},
{21134, 8},{24612, 8},{10823, 8},{18118, 8},{23304, 8},{15429, 8},{13569, 8},{2817, 8},{21135, 8},{16998, 8},
{24611, 8},{18119, 8},{23305, 8},{21136, 8},{13568, 8},{15428, 8},{12464, 8},{24610, 8},{18124, 8},{21129, 8},
{23302, 8},{2823, 8},{13575, 8},{10817, 8},{15427, 8},{6168, 8},{23303, 8},{15426, 8},{21130, 8},{24609, 8},
{2822, 8},{18125, 8},{13574, 8},{9121, 17},{2220, 17},{13221, 17},{15828, 17},{7867, 17},{14485, 17},{10842, 17},
{20980, 17},{3916, 3},{26174, 3},{4092, 3},{19074, 3},{11783, 3},{22326, 13},{4986, 17},{2650, 17},{11713, 17},
{22027, 17},{10115, 15},{21322, 15},{20488, 15},{15020, 17},{18795, 17},{12175, 17},{6704, 17},{14881, 17},{3474, 17},
{8699, 3},{10443, 3},{5018, 13},{21120, 17},{4887, 15},{25630, 15},{3053, 15},{37, 15},{3280, 15},{15466, 15},
{26217, 15},{10383, 15},{3282, 15},{16669, 15},{15466, 15},{3417, 17},{19148, 17},{22311, 17},{11814, 17},{11359, 17},
{8745, 17},{7272, 13},{10015, 3},{16442, 12},{25009, 3},{15547, 3},{23728, 3},{8775, 17},{24691, 15},{21468, 15},
{17266, 15},{24889, 15},{21954, 15},{20675, 15},{1484, 15},{25549, 15},{17222, 15},{11375, 15},{12078, 15},{9625, 15},
{1489, 15},{24269, 15},{5753, 15},{21466, 15},{8420, 15},{1488, 15},{5420, 15},{4234, 15},{3103, 15},{23842, 15},
{21947, 15},{9634, 15},{734, 15},{14911, 17},{20603, 3},{21392, 3},{18569, 17},{9337, 17},{12564, 17},{15249, 17},
{4372, 17},{14231, 17},{1013, 17},{23505, 17},{12329, 17},{19265, 17},{1170, 17},{16768, 3},{14344, 3},{1303, 13},
{11160, 17},{11783, 17},{14831, 17},{11402, 17},{12051, 17},{21431, 17},{588, 17},{21226, 8},{8103, 8},{22799, 8},
{7146, 8},{10676, 8},{16451, 8},{11569, 8},{22303, 8},{7005, 8},{1743, 8},{18950, 8},{19922, 8},{8970, 8},
{7163, 8},{3276, 8},{12256, 17},{15039, 8},{3267, 8},{7012, 8},{9041, 8},{23519, 8},{11564, 8},{22300, 8},
{7164, 8},{8100, 8},{18959, 8},{1735, 8},{7149, 8},{19931, 8},{22793, 8},{16456, 8},{12929, 17},{5613, 17},
{16870, 7},{16869, 7},{3930, 7},{4044, 7},{17675, 7},{4050, 7},{866, 9},{632, 7},{23727, 7},{10847, 7},
{3014, 7},{16867, 7},{1903, 7},{14639, 7},{16865, 7},{866, 9},{9754, 7},{16869, 7},{3947, 7},{9760, 7},
{12657, 9},{20115, 7},{24504, 7},{16860, 7},{12653, 9},{4046, 7},{1894, 7},{11280, 7},{8608, 7},{1900, 7},
{8614, 7},{17670, 7},{13351, 7},{13350, 7},{13353, 7},{4046, 7},{10844, 9},{1897, 7},{629, 7},{10844, 9},
{8612, 7},{10846, 9},{3010, 7},{23729, 7},{16866, 7},{8606, 7},{15481, 7},{632, 7},{10845, 9},{9761, 7},
{18321, 7},{8608, 7},{20115, 7},{10848, 9},{3019, 7},{4050, 7},{8612, 7},{13748, 7},{13352, 7},{4043, 7},
{3009, 7},{12677, 9},{3215, 17},{5354, 17},{21748, 17},{8436, 17},{8768, 7},{13535, 7},{18792, 9},{637, 7},
{13544, 7},{16040, 7},{25953, 7},{2065, 7},{22840, 7},{17194, 7},{18791, 9},{25951, 7},{8218, 1},{3848, 15},
{3858, 15},{3854, 15},{3860, 15},{20188, 1},{7727, 1},{3859, 15},{7723, 1},{3857, 15},{20403, 1},{3856, 15},
{3861, 15},{3849, 15},{21103, 1},{3855, 15},{25952, 7},{9141, 9},{25950, 7},{25954, 7},{6627, 7},{9139, 9},
{16040, 7},{3168, 7},{12734, 7},{13535, 7},{3167, 7},{2062, 7},{13544, 7},{8772, 7},{2061, 7},{25948, 7},
{634, 7},{9142, 9},{22843, 7},{9140, 9},{8769, 7},{3172, 7},{12733, 7},{3165, 7},{644, 7},{13545, 7},
{2065, 7},{6626, 7},{6619, 7},{9139, 9},{9137, 9},{17232, 7},{16042, 7},{2070, 7},{12730, 7},{22839, 7},
{20312, 7},{20310, 7},{13542, 7},{9137, 9},{11125, 17},{7810, 17},{13747, 17},{4133, 3},{9125, 12},{24319, 17},
{10680, 17},{8276, 17},{20790, 17},{3787, 17},{8774, 17},{5720, 17},{6991, 17},{6231, 17},{4450, 15},{12364, 15},
{13392, 15},{5266, 15},{19945, 15},{6540, 15},{12399, 15},{12121, 15},{20598, 15},{20986, 15},{20602, 15},{9164, 15},
{26308, 15},{7918, 15},{14903, 15},{5832, 15},{16361, 15},{11552, 15},{355, 15},{26309, 15},{20602, 15},{20076, 15},
{23413, 15},{4457, 15},{17500, 15},{14448, 15},{17334, 17},{25315, 17},{2463, 3},{2455, 3},{13203, 12},{1615, 17},
{14381, 17},{21129, 17},{23947, 17},{14384, 17},{25467, 17},{16387, 3},{909, 3},{4175, 3},{9616, 17},{24808, 17},
{25704, 17},{18559, 17},{20717, 3},{16870, 3},{4561, 10},{6036, 10},{24662, 10},{10184, 10},{14543, 10},{15916, 10},
{17504, 10},{5870, 10},{6315, 10},{8886, 10},{20065, 10},{12608, 10},{14867, 10},{23893, 10},{2969, 10},{17832, 17},
{17676, 17},{20887, 3},{22480, 3},{18800, 17},{8830, 3},{8621, 3},{18086, 3},{17161, 17},{17562, 7},{20845, 7},
{13203, 9},{12300, 7},{10460, 7},{25849, 7},{12746, 7},{22423, 7},{19092, 7},{19528, 7},{18304, 7},{3414, 0},
{25852, 7},{6893, 7},{1608, 7},{6887, 7},{4678, 7},{12301, 7},{9248, 7},{3250, 7},{17557, 7},{20765, 7},
{15407, 7},{19097, 7},{3254, 7},{18794, 7},{13203, 9},{4681, 7},{11331, 7},{12745, 7},{22182, 7},{6892, 7},
{17560, 7},{13816, 7},{25546, 7},{24355, 7},{25852, 7},{4677, 7},{4673, 7},{13503, 9},{4299, 7},{19531, 7},
{6889, 7},{3958, 7},{13826, 7},{22179, 7},{18804, 7},{13983, 7},{26279, 7},{15517, 7},{18309, 7},{25547, 7},
{13503, 9},{25448, 7},{26280, 7},{11332, 7},{25552, 7},{22181, 7},{22184, 7},{11341, 7},{6091, 7},{24355, 7},
{5297, 9},{10224, 0},{26275, 7},{19955, 7},{5776, 7},{20761, 7},{6889, 7},{15408, 7},{3256, 7},{13819, 7},
{5786, 7},{19094, 7},{1601, 7},{4298, 7},{3965, 7},{18307, 7},{20769, 7},{5297, 9},{25446, 7},{6893, 7},
{9248, 7},{12739, 7},{2562, 7},{25047, 7},{14200, 7},{25413, 7},{15359, 7},{26277, 7},{683, 0},{4298, 7},
{25418, 7},{4679, 7},{14989, 7},{6894, 7},{11337, 7},{8508, 7},{1600, 7},{11068, 9},{10456, 7},{20765, 7},
{25557, 7},{1601, 7},{23642, 7},{12307, 7},{6891, 7},{10467, 7},{5787, 7},{1607, 7},{16192, 7},{10633, 7},
{25446, 7},{11160, 7},{4298, 7},{9252, 7},{9245, 7},{25051, 7},{19526, 9},{25418, 7},{12306, 7},{19528, 7},
{3967, 7},{4672, 7},{23851, 0},{15399, 7},{26276, 7},{3260, 7},{22190, 7},{15404, 7},{19959, 7},{6093, 7},
{18803, 7},{11335, 7},{9248, 7},{12300, 7},{10460, 7},{11330, 7},{26275, 7},{1605, 7},{18692, 7},{25044, 7},
{3963, 7},{3967, 7},{19526, 9},{3962, 7},{13988, 7},{25051, 7},{15408, 7},{25040, 7},{19531, 7},{22185, 7},
{18304, 7},{10212, 7},{13991, 7},{11335, 7},{26010, 0},{3960, 7},{2560, 7},{15402, 7},{3334, 7},{6094, 7},
{15409, 7},{6092, 7},{13990, 7},{19095, 7},{11071, 9},{2567, 7},{25850, 7},{23648, 7},{6889, 7},{13820, 7},
{13318, 17},{22111, 17},{2401, 17},{18701, 17},{14341, 17},{10924, 17},{26110, 17},{18231, 17},{6286, 17},{11194, 17},
{5914, 17},{1347, 17},{18417, 15},{18903, 15},{20663, 15},{7674, 15},{5086, 15},{10987, 15},{18726, 15},{15884, 15},
{8972, 15},{3140, 15},{8165, 15},{25154, 15},{12830, 15},{872, 12},{13503, 3},{25174, 3},{9033, 17},{1169, 17},
{25164, 17},{13451, 17},{7747, 17},{10586, 17},{16394, 17},{4907, 17},{13315, 17},{25852, 17},{19519, 3},{7129, 3},
{10132, 3},{11662, 3},{8077, 17},{3389, 17},{103, 17},{7483, 17},{19322, 8},{26168, 8},{8625, 8},{18458, 8},
{20693, 8},{20280, 8},{14060, 8},{10850, 8},{20279, 8},{26174, 8},{8626, 8},{14059, 8},{9810, 8},{18457, 8},
{20694, 8},{10849, 8},{16289, 17},{12512, 17},{2003, 17},{8617, 17},{2175, 17},{18772, 17},{1487, 15},{5753, 15},
{5419, 15},{5423, 15},{11144, 15},{17217, 15},{9238, 15},{4234, 15},{21465, 15},{9730, 15},{12870, 15},{9500, 15},
{9499, 15},{13958, 15},{23842, 15},{12100, 15},{5750, 15},{17222, 15},{5921, 15},{16643, 15},{3442, 15},{24693, 15},
{21949, 15},{9625, 15},{23845, 15},{6959, 15},{21471, 15},{12104, 15},{20331, 15},{16164, 17},{6646, 15},{21970, 15},
{17868, 15},{2587, 15},{2875, 15},{16444, 15},{14391, 15},{985, 15},{9671, 15},{16610, 15},{17957, 15},{481, 15},
{12595, 15},{24057, 15},{13512, 15},{17737, 15},{15000, 15},{480, 15},{24059, 15},{4579, 15},{3995, 17},{4099, 17},
{7559, 17},{20110, 3},{18040, 3},{4371, 13},{21538, 3},{8367, 17},{13058, 17},{20608, 17},{7283, 17},{752, 17},
{16678, 17},{8751, 17},{4867, 17},{26174, 17},{9441, 17},{1411, 17},{18787, 3},{22509, 3},{7332, 17},{15790, 17},
{13971, 7},{346, 7},{3927, 7},{6003, 7},{5352, 7},{4544, 7},{3940, 7},{2534, 7},{9336, 7},{1455, 7},
{25711, 7},{12903, 7},{23512, 7},{1613, 7},{5964, 7},{24610, 7},{24222, 7},{22417, 7},{2532, 7},{7029, 7},
{9083, 7},{20192, 9},{1099, 7},{11361, 7},{25741, 7},{19001, 7},{19169, 7},{2537, 7},{2405, 7},{25737, 7},
{19027, 17},{20754, 7},{5357, 7},{7991, 7},{11365, 7},{15444, 7},{16078, 7},{22411, 7},{15967, 7},{22048, 7},
{14911, 7},{24609, 7},{5358, 7},{14912, 7},{1458, 7},{22415, 7},{12909, 7},{21140, 7},{19718, 7},{23510, 7},
{2400, 7},{2782, 7},{2743, 0},{574, 7},{6000, 7},{7031, 7},{14189, 7},{5964, 7},{19723, 7},{20193, 9},
{14913, 7},{11132, 17},{24223, 8},{16681, 8},{15648, 8},{16682, 8},{15649, 8},{24222, 8},{16683, 8},{24221, 8},
{15650, 8},{16685, 8},{24219, 8},{24218, 8},{16686, 8},{16687, 8},{24217, 8},{16688, 8},{24216, 8},{24213, 8},
{16678, 8},{16679, 8},{24212, 8},{25232, 3},{8364, 12},{25995, 17},{21453, 17},{5553, 17},{22049, 7},{6002, 7},
{7037, 7},{20759, 7},{12909, 7},{22044, 7},{5636, 7},{13972, 7},{25363, 7},{751, 7},{3943, 7},{18995, 7},
{1457, 7},{14194, 7},{12901, 7},{756, 7},{4918, 7},{4917, 7},{14914, 7},{7804, 7},{3236, 0},{5355, 7},
{7436, 7},{6000, 7},{14192, 7},{5963, 7},{22897, 7},{13438, 9},{11356, 7},{9081, 7},{7029, 7},{19723, 7},
{18993, 7},{5299, 8},{2706, 8},{16517, 8},{16160, 8},{15351, 8},{25821, 8},{14263, 8},{25320, 8},{23816, 8},
{14826, 8},{21755, 8},{4682, 8},{17328, 8},{3967, 8},{21812, 8},{10843, 17},{13801, 7},{6866, 7},{18958, 7},
{22679, 7},{8, 7},{20567, 7},{2607, 7},{10583, 7},{15766, 7},{201, 7},{13800, 7},{6172, 7},{24205, 7},
{10585, 7},{11342, 7},{7564, 7},{764, 7},{767, 7},{21252, 7},{7079, 7},{22032, 7},{2600, 7},{3932, 9},
{10581, 7},{3789, 7},{1418, 7},{12731, 0},{7822, 7},{7448, 7},{197, 7},{14782, 7},{3520, 7},{203, 7},
{21264, 7},{1109, 7},{20455, 7},{9342, 9},{770, 7},{764, 7},{5294, 7},{1113, 7},{22679, 7},{1421, 7},
{8777, 0},{23471, 7},{7444, 7},{6174, 7},{13670, 7},{11350, 7},{4527, 7},{17323, 7},{9264, 7},{4534, 7},
{20814, 7},{13661, 7},{15295, 7},{20571, 7},{14781, 7},{7568, 7},{7825, 7},{9343, 9},{3529, 7},{1112, 7},
{20808, 7},{6785, 7},{2384, 7},{201, 7},{1116, 7},{1417, 7},{14021, 7},{7085, 7},{6869, 7},{6174, 7},
{22534, 7},{18118, 7},{3522, 7},{18942, 7},{7829, 7},{10585, 7},{7564, 7},{7083, 7},{7823, 7},{14784, 7},
{3221, 7},{12965, 7},{13798, 7},{24205, 7},{7829, 7},{24153, 7},{9343, 9},{13660, 7},{3171, 0},{23476, 7},
{23472, 7},{9594, 7},{18078, 7},{4935, 7},{4535, 7},{22025, 7},{17328, 7},{2895, 7},{10578, 7},{2898, 7},
{11, 7},{22027, 7},{9261, 7},{4535, 7},{24638, 7},{4528, 7},{2604, 7},{22676, 7},{20452, 7},{3790, 7},
{20567, 7},{13800, 7},{13663, 7},{14786, 7},{17324, 7},{17325, 7},{6864, 7},{9344, 9},{7820, 7},{1420, 7},
{22030, 7},{24204, 7},{3785, 7},{14788, 7},{765, 7},{2381, 7},{25953, 0},{9257, 7},{10577, 7},{1416, 7},
{20452, 7},{18124, 7},{4535, 7},{2389, 7},{14787, 7},{1110, 7},{6863, 7},{14015, 7},{13795, 7},{6868, 7},
{14020, 7},{1114, 7},{9345, 9},{3791, 7},{14791, 7},{22682, 7},{25947, 0},{20811, 7},{11343, 7},{7569, 7},
{14021, 7},{2380, 7},{22529, 7},{763, 7},{24199, 7},{22539, 7},{12, 7},{6170, 7},{15762, 7},{1421, 7},
{11347, 7},{13081, 7},{1304, 9},{2382, 7},{7078, 7},{7820, 7},{18128, 7},{7083, 7},{9604, 7},{4529, 7},
{3792, 7},{15381, 7},{18073, 7},{13660, 7},{1424, 7},{5298, 7},{13799, 7},{23470, 7},{885, 7},{14016, 7},
{769, 7},{21252, 7},{20569, 7},{2386, 7},{20814, 7},{18075, 7},{7567, 7},{7570, 7},{2604, 7},{198, 7},
{3790, 7},{6172, 7},{15301, 7},{2605, 7},{1303, 9},{7827, 7},{18123, 7},{14015, 7},{18070, 7},{7569, 7},
{642, 0},{13665, 7},{24198, 7},{6866, 7},{9264, 7},{6870, 7},{6868, 7},{22539, 7},{20570, 7},{18074, 7},
{18073, 7},{18123, 7},{10, 7},{1303, 9},{4530, 7},{3784, 7},{3792, 7},{10586, 7},{20563, 7},{20449, 7},
{7, 7},{11, 7},{9259, 7},{8, 7},{9260, 7},{1419, 7},{5293, 7},{20446, 7},{15768, 7},{7824, 7},
{23473, 7},{13794, 7},{3221, 7},{17383, 7},{4534, 7},{20805, 7},{16041, 0},{6196, 17},{24019, 7},{5466, 7},
{15077, 7},{24022, 7},{15076, 7},{17138, 7},{23964, 7},{12440, 7},{9951, 7},{16761, 7},{9960, 7},{23821, 7},
{6821, 7},{23064, 7},{15886, 7},{16131, 7},{21432, 7},{6825, 7},{150, 7},{17139, 7},{11577, 7},{10665, 7},
{23818, 7},{5022, 9},{21937, 7},{15230, 7},{23611, 7},{21933, 7},{6452, 7},{4213, 0},{11574, 7},{7311, 7},
{18736, 7},{26188, 7},{9951, 7},{18484, 7},{2146, 7},{15236, 7},{11710, 7},{21779, 7},{147, 7},{23818, 7},
{11580, 7},{5021, 9},{18734, 7},{1994, 15},{1826, 7},{2148, 7},{17893, 7},{21434, 7},{2151, 7},{16442, 9},
{23957, 7},{3561, 7},{5469, 7},{23606, 7},{17890, 7},{21622, 7},{18480, 7},{151, 7},{23958, 7},{20399, 9},
{21783, 7},{6823, 7},{16752, 7},{4285, 7},{15233, 7},{1852, 7},{16759, 7},{9959, 7},{146, 7},{3886, 7},
{4291, 7},{23610, 7},{17887, 7},{21942, 7},{10366, 7},{1852, 7},{26187, 7},{11574, 7},{23264, 7},{16962, 7},
{4292, 7},{23955, 7},{26179, 7},{6452, 7},{2147, 7},{10369, 7},{10367, 7},{21785, 7},{3559, 7},{18482, 7},
{21432, 7},{23958, 7},{6448, 7},{17371, 7},{2146, 7},{2294, 7},{16955, 7},{20401, 9},{10666, 7},{18481, 7},
{11576, 7},{12445, 7},{15236, 7},{16442, 9},{152, 7},{26099, 7},{18737, 7},{14700, 7},{21934, 7},{23963, 7},
{18482, 7},{21616, 7},{17144, 7},{6451, 7},{21434, 7},{17136, 7},{15079, 7},{17397, 7},{5225, 12},{18359, 3},
{23959, 7},{23816, 7},{23609, 7},{19965, 0},{17140, 7},{26182, 7},{20400, 9},{18738, 7},{17889, 7},{10671, 7},
{18666, 7},{10668, 7},{15886, 7},{23608, 7},{11969, 7},{3884, 7},{23610, 7},{23257, 7},{23606, 7},{7315, 7},
{16958, 7},{11957, 7},{9958, 7},{16957, 7},{6816, 7},{23952, 7},{18666, 7},{21434, 7},{18733, 7},{14694, 7},
{16428, 9},{23611, 7},{6449, 7},{6447, 7},{3558, 7},{23064, 7},{23262, 7},{21942, 7},{15235, 7},{12444, 7},
{26181, 7},{11883, 15},{21, 15},{3831, 15},{5948, 15},{19162, 15},{13952, 15},{16492, 15},{13899, 15},{26253, 15},
{16969, 15},{18614, 17},{19517, 17},{6234, 15},{25252, 15},{1439, 15},{9719, 15},{7625, 15},{13937, 15},{9714, 15},
{14451, 15},{11972, 15},{12924, 15},{9244, 17},{21937, 17},{25278, 17},{77, 17},{14053, 17},{20754, 17},{13096, 8},
{2309, 8},{1500, 8},{12117, 8},{14721, 8},{21094, 8},{17284, 8},{24317, 8},{6822, 8},{4389, 8},{19725, 8},
{18675, 8},{3085, 8},{22179, 8},{23472, 8},{23348, 17},{11751, 17},{1499, 8},{22178, 8},{8642, 8},{7389, 8},
{19724, 8},{3084, 8},{13097, 8},{23473, 8},{4390, 8},{2308, 8},{17285, 8},{21093, 8},{6823, 8},{24316, 8},
{12118, 8},{871, 3},{12259, 3},{2629, 3},{24678, 17},{7712, 17},{3670, 17},{22184, 17},{9127, 17},{5324, 17},
{3169, 17},{10214, 3},{4136, 3},{4139, 3},{21282, 12},{4640, 3},{1456, 17},{25776, 17},{25232, 17},{21775, 17},
{6702, 3},{26226, 12},{4061, 3},{1011, 3},{13313, 17},{23402, 15},{2457, 15},{23705, 15},{26305, 15},{6540, 15},
{26309, 15},{1491, 8},{17274, 8},{3087, 8},{19715, 8},{6824, 8},{12119, 8},{23479, 8},{18650, 8},{14725, 8},
{2305, 8},{24324, 8},{22190, 8},{20910, 8},{4384, 8},{13094, 8},{25503, 15},{17601, 15},{4457, 15},{23204, 15},
{7919, 15},{16358, 15},{24956, 15},{20983, 15},{2267, 15},{2231, 15},{1724, 15},{4299, 17},{6824, 17},{13748, 3},
{8920, 3},{3455, 3},{8828, 3},{19455, 17},{19526, 17},{11331, 17},{15111, 7},{12265, 7},{9965, 7},{9967, 7},
{8343, 7},{9963, 7},{21582, 7},{22329, 9},{5285, 7},{21253, 7},{18349, 7},{4641, 17},{22053, 17},{14059, 17},
{10291, 17},{4543, 17},{4675, 17},{22322, 9},{5285, 7},{12258, 7},{18041, 7},{16767, 7},{15448, 17},{19193, 15},
{19194, 15},{14643, 15},{12592, 15},{12595, 15},{12593, 15},{12594, 15},{7211, 15},{7210, 15},{5479, 15},{5481, 15},
{7233, 15},{11270, 17},{18587, 7},{1409, 7},{15519, 7},{8149, 9},{8622, 7},{14358, 7},{23624, 7},{8150, 9},
{5573, 7},{23624, 7},{22264, 7},{8848, 7},{19965, 7},{1935, 7},{7408, 7},{8147, 9},{10988, 7},{4218, 7},
{21120, 7},{21116, 7},{4212, 7},{7406, 7},{4059, 7},{8148, 9},{22264, 7},{8145, 9},{22256, 7},{21114, 7},
{18579, 7},{8146, 9},{8848, 7},{4064, 7},{25306, 7},{15513, 7},{8150, 9},{10991, 7},{4220, 7},{7411, 7},
{14356, 7},{8850, 7},{8145, 9},{7404, 7},{5585, 7},{14354, 7},{22265, 7},{4058, 7},{5778, 7},{26146, 9},
{10158, 7},{14360, 7},{8618, 7},{8621, 7},{25298, 7},{1935, 7},{8626, 7},{4057, 7},{15512, 7},{26146, 9},
{9343, 17},{25275, 17},{22510, 17},{21586, 7},{12371, 7},{19139, 9},{20699, 17},{22207, 17},{12537, 17},{26194, 17},
{18761, 8},{17796, 8},{19386, 8},{22049, 8},{4858, 8},{7408, 17},{9138, 17},{18760, 8},{4859, 8},{22048, 8},
{19387, 8},{17797, 8},{5312, 17},{13822, 17},{7557, 17},{5778, 3},{20372, 3},{22043, 8},{4855, 8},{18771, 8},
{19380, 8},{17798, 8},{6819, 17},{22042, 8},{17799, 8},{19381, 8},{18770, 8},{4856, 8},{15876, 17},{17025, 17},
{13706, 17},{21062, 17},{15514, 17},{22353, 17},{23683, 17},{12890, 17},{17213, 3},{20397, 3},{5225, 13},{20881, 13},
{25905, 8},{25196, 17},{4719, 17},{14826, 17},{120, 17},{1551, 17},{26005, 17},{23010, 17},{19709, 17},{24831, 17},
{11758, 17},{25239, 17},{1576, 17},{13061, 17},{25123, 17},{24830, 17},{2060, 17},{4609, 17},{5539, 17},{25274, 17},
{282, 17},{7478, 17},{10285, 17},{22869, 17},{21057, 17},{15104, 17},{17903, 17},{5911, 17},{12730, 17},{3932, 17},
{17511, 17},{22506, 17},{3759, 17},{21135, 17},{635, 17},{1978, 17},{12795, 17},{10461, 17},{24068, 7},{3081, 7},
{11013, 7},{15951, 7},{21317, 7},{6141, 7},{22207, 7},{406, 7},{5760, 7},{2375, 7},{6138, 7},{11911, 9},
{11336, 7},{4208, 7},{9064, 7},{19451, 7},{19534, 7},{19455, 7},{12685, 7},{25884, 7},{11217, 7},{25491, 7},
{15289, 7},{10459, 7},{15432, 7},{18239, 7},{21532, 7},{6142, 7},{22018, 7},{17968, 7},{13064, 7},{12781, 7},
{19964, 7},{5726, 7},{6139, 7},{7947, 7},{15291, 7},{7913, 7},{5720, 7},{17246, 7},{11618, 7},{23311, 7},
{3259, 7},{10709, 9},{12706, 7},{604, 0},{22014, 7},{20971, 7},{19451, 7},{11912, 9},{19144, 7},{15427, 7},
{23688, 7},{16834, 7},{2368, 7},{25888, 7},{21400, 0},{24077, 7},{19445, 7},{25368, 7},{15358, 7},{15433, 7},
{4404, 7},{24073, 7},{21989, 7},{11618, 7},{2378, 7},{18702, 7},{11911, 9},{6312, 7},{10812, 7},{15429, 7},
{21821, 7},{22000, 7},{19384, 7},{22014, 7},{10465, 7},{12711, 7},{22749, 7},{23695, 7},{5760, 7},{18769, 7},
{16836, 7},{11909, 9},{3591, 7},{17243, 7},{16830, 7},{18771, 7},{22000, 7},{13058, 7},{13063, 7},{15102, 7},
{19452, 7},{10806, 7},{2372, 7},{13057, 7},{4005, 7},{26268, 7},{11013, 7},{17242, 7},{11609, 7},{15367, 7},
{18773, 7},{10463, 7},{10804, 7},{427, 7},{19449, 7},{18710, 7},{3589, 7},{26266, 7},{21816, 7},{6277, 7},
{11912, 9},{9812, 7},{10408, 7},{15292, 7},{11612, 7},{24068, 7},{11333, 7},{26267, 7},{23693, 7},{25893, 7},
{3081, 7},{18770, 7},{11609, 7},{16834, 7},{22208, 7},{15956, 7},{17969, 7},{16008, 0},{4206, 7},{16833, 7},
{25890, 7},{21988, 7},{23311, 7},{25458, 7},{25402, 7},{4403, 7},{17970, 7},{18760, 7},{17250, 7},{11910, 9},
{19535, 7},{19143, 7},{25495, 7},{22018, 7},{25886, 7},{4202, 7},{23119, 7},{14658, 0},{17967, 7},{4199, 7},
{11070, 7},{12712, 7},{21816, 7},{13063, 7},{22014, 7},{23687, 7},{18702, 7},{22357, 7},{16831, 7},{17247, 7},
{4401, 7},{20967, 7},{21310, 7},{13059, 7},{15946, 7},{21311, 7},{3252, 7},{2377, 7},{16830, 7},{23696, 7},
{11909, 9},{18772, 7},{11907, 9},{18698, 7},{3251, 7},{5724, 7},{586, 0},{4402, 7},{26268, 7},{3591, 7},
{16832, 7},{15955, 7},{3252, 7},{12704, 7},{9069, 7},{11614, 7},{26270, 7},{15290, 7},{11610, 7},{3251, 7},
{22747, 7},{22748, 7},{10808, 7},{24070, 7},{22019, 7},{12712, 7},{15291, 7},{3591, 7},{22013, 7},{15428, 7},
{11910, 9},{17887, 17},{13717, 17},{2651, 17},{4287, 17},{23017, 17},{20716, 17},{22869, 7},{20340, 7},{12938, 7},
{11853, 7},{1346, 7},{1340, 7},{7329, 7},{24651, 7},{8045, 7},{24811, 7},{12513, 9},{18626, 7},{22870, 7},
{9523, 7},{529, 7},{24323, 7},{18602, 7},{18630, 7},{15011, 7},{24807, 7},{7841, 7},{4953, 7},{10304, 7},
{11527, 7},{12037, 7},{10310, 7},{11851, 7},{3183, 7},{4649, 7},{26140, 7},{12037, 7},{14274, 7},{9524, 7},
{6270, 7},{16164, 7},{6269, 7},{6029, 7},{2819, 7},{12522, 9},{18840, 7},{14804, 7},{2819, 7},{24811, 7},
{14804, 7},{15016, 7},{2820, 7},{23723, 0},{11523, 7},{657, 7},{14267, 7},{24815, 7},{22863, 7},{13554, 7},
{14798, 7},{12034, 7},{7331, 7},{24323, 7},{5117, 7},{15010, 7},{655, 7},{11521, 7},{4656, 7},{18839, 7},
{3499, 7},{7337, 7},{7840, 7},{12522, 9},{21734, 7},{13552, 7},{7841, 7},{22864, 7},{6027, 7},{20335, 7},
{659, 7},{21732, 7},{12523, 9},{10288, 7},{662, 7},{24651, 7},{4951, 7},{1341, 7},{3187, 7},{14800, 7},
{6631, 7},{5115, 7},{11459, 7},{3475, 7},{4955, 7},{10285, 7},{658, 7},{7852, 7},{24815, 7},{11853, 7},
{10312, 7},{7332, 7},{656, 7},{25987, 7},{25991, 7},{2825, 7},{4951, 7},{10308, 7},{5734, 7},{20336, 7},
{6028, 7},{22870, 7},{662, 7},{10849, 0},{24809, 7},{18627, 7},{6026, 7},{26138, 7},{12523, 9},{26137, 7},
{20339, 7},{24653, 7},{9516, 7},{3181, 7},{12520, 9},{4950, 7},{8605, 0},{25377, 7},{11455, 7},{22465, 7},
{25379, 7},{18598, 7},{10310, 7},{8036, 7},{2818, 7},{11454, 7},{3492, 7},{18834, 7},{6027, 7},{21733, 7},
{5114, 7},{7843, 7},{3489, 7},{22871, 7},{13551, 7},{14270, 7},{18839, 7},{17079, 7},{4958, 7},{10289, 7},
{18630, 7},{8041, 7},{23725, 0},{8792, 7},{10286, 7},{10314, 7},{9521, 7},{22867, 7},{12521, 9},{9523, 7},
{25379, 7},{6274, 7},{4654, 7},{7337, 7},{17072, 7},{25996, 7},{1348, 7},{18592, 7},{3477, 7},{14801, 7},
{16164, 7},{25992, 7},{4648, 7},{24807, 7},{25372, 7},{24315, 7},{17073, 7},{3495, 7},{6024, 7},{14263, 7},
{20337, 7},{18838, 7},{23727, 0},{14801, 7},{5118, 7},{17087, 7},{11454, 7},{17072, 7},{12521, 9},{3470, 7},
{18596, 7},{25771, 7},{11462, 7},{14271, 7},{24811, 7},{25377, 7},{7336, 7},{7844, 7},{4647, 7},{25990, 7},
{20339, 7},{22866, 7},{6021, 7},{2823, 7},{20334, 7},{1342, 7},{8793, 7},{22866, 7},{18834, 7},{12518, 9},
{15010, 7},{11452, 7},{25374, 7},{6633, 7},{3476, 7},{7852, 7},{10841, 0},{10289, 7},{14802, 7},{11524, 7},
{11527, 7},{21732, 7},{24321, 7},{8038, 7},{25776, 7},{3184, 7},{8042, 7},{6633, 7},{12945, 7},{18837, 7},
{24659, 7},{26142, 7},{18621, 7},{7844, 7},{15022, 7},{659, 7},{7846, 7},{25377, 7},{18622, 7},{665, 7},
{25378, 7},{2824, 7},{3185, 7},{25769, 7},{18623, 7},{3489, 7},{658, 7},{25991, 7},{5122, 7},{4952, 7},
{12518, 9},{3473, 7},{5121, 7},{2417, 17},{14376, 17},{8771, 7},{6617, 7},{6621, 7},{25953, 7},{22847, 7},
{9344, 9},{20312, 7},{22515, 17},{15578, 17},{19029, 17},{20452, 17},{6285, 17},{6768, 17},{1578, 17},{5968, 17},
{14052, 17},{1614, 17},{10557, 17},{7710, 17},{14683, 12},{16802, 17},{3559, 17},{10011, 17},{18838, 17},{9129, 17},
{5596, 17},{9416, 17},{9706, 3},{17850, 3},{4390, 17},{20201, 13},{1442, 3},{6668, 3},{3612, 17},{18739, 17},
{6440, 17},{21401, 7},{595, 7},{19487, 7},{6381, 9},{21402, 7},{11681, 7},{11678, 7},{16924, 3},{20314, 3},
{25121, 13},{16044, 3},{901, 3},{13482, 7},{589, 7},{6390, 9},{20594, 7},{17850, 7},{24870, 7},{6389, 9},
{4095, 7},{11681, 7},{7675, 7},{6384, 9},{19487, 7},{607, 7},{7686, 7},{20273, 7},{6384, 9},{7681, 7},
{585, 7},{17854, 7},{10587, 7},{6383, 9},{596, 7},{23773, 7},{6385, 9},{20280, 7},{7676, 7},{10581, 17},
{11796, 17},{638, 17},{566, 17},{8843, 3},{14685, 12},{7098, 3},{15412, 17},{18697, 17},{9469, 17},{576, 17},
{13764, 17},{16701, 17},{1072, 17},{26271, 17},{4978, 17},{17774, 17},{5283, 17},{4048, 17},{14718, 17},{5484, 17},
{14322, 17},{14724, 17},{16007, 3},{20715, 12},{22810, 12},{22329, 12},{15111, 3},{4128, 13},{346, 17},{9758, 17},
{23533, 17},{7430, 17},{95, 17},{6089, 17},{21103, 17},{9136, 17},{1303, 17},{9784, 17},{1558, 17},{20858, 17},
{23956, 4},{15518, 4},{25301, 4},{5021, 2},{18479, 4},{23952, 4},{26178, 4},{10374, 4},{10371, 4},{21778, 4},
{23605, 4},{23819, 4},{10990, 4},{7311, 4},{17135, 4},{1404, 4},{16758, 4},{17140, 4},{16125, 4},{2290, 4},
{6449, 4},{1829, 4},{17384, 4},{1941, 4},{15236, 4},{24016, 4},{14360, 4},{8885, 4},{11964, 4},{18666, 4},
{11578, 4},{21785, 4},{25965, 14},{23959, 4},{6817, 4},{21485, 4},{18583, 4},{23957, 4},{16752, 4},{6823, 4},
{2296, 4},{21431, 4},{16757, 4},{18482, 4},{21775, 4},{4215, 4},{24015, 4},{21776, 4},{24082, 14},{23823, 4},
{20406, 2},{9956, 4},{23820, 4},{16394, 4},{23608, 4},{147, 4},{8625, 4},{8843, 4},{5579, 4},{3556, 4},
{17142, 4},{14693, 4},{3561, 4},{8840, 4},{16378, 4},{23060, 4},{6446, 4},{16957, 4},{24084, 14},{24018, 4},
{4064, 4},{21942, 4},{21433, 4},{8837, 4},{8626, 4},{9960, 4},{21938, 4},{5467, 4},{10368, 4},{1939, 4},
{17887, 4},{24019, 4},{9951, 4},{8619, 4},{8848, 4},{2146, 4},{18736, 4},{5574, 4},{12440, 4},{10665, 4},
{16755, 4},{21783, 4},{23963, 4},{21550, 4},{5778, 4},{10369, 4},{5466, 4},{12444, 4},{6821, 4},{7411, 4},
{15230, 4},{15233, 4},{20401, 2},{20407, 2},{21115, 4},{15886, 4},{8995, 4},{10666, 4},{10242, 4},{9954, 4},
{22259, 4},{7406, 4},{6281, 4},{15073, 4},{11577, 4},{7408, 4},{4220, 4},{10661, 4},{10983, 4},{21940, 4},
{14699, 4},{3885, 4},{10663, 4},{4218, 4},{15511, 4},{6284, 4},{4212, 4},{4062, 4},{8997, 4},{10373, 4},
{5100, 4},{17884, 4},{1411, 4},{20399, 2},{22390, 2},{10667, 4},{23825, 4},{17139, 4},{4057, 4},{6907, 14},
{5576, 4},{21935, 4},{25304, 4},{21619, 4},{21110, 4},{18733, 4},{5578, 4},{8621, 4},{26099, 4},{4295, 4},
{13107, 4},{1054, 4},{5023, 2},{9959, 4},{21432, 4},{25958, 14},{21781, 4},{14362, 4},{3895, 4},{21429, 4},
{26187, 4},{17893, 4},{4294, 4},{11707, 4},{26180, 4},{23624, 4},{5471, 4},{15080, 4},{6825, 4},{16954, 4},
{23065, 4},{3557, 4},{21430, 4},{148, 4},{22255, 4},{6876, 4},{23064, 4},{4061, 4},{5019, 2},{14356, 4},
{2326, 2},{4288, 4},{23953, 4},{11583, 4},{14361, 4},{1409, 4},{3558, 4},{5575, 4},{6122, 4},{8696, 4},
{15072, 4},{21784, 4},{17888, 4},{3562, 4},{18481, 4},{23609, 4},{10367, 4},{21630, 4},{149, 4},{3564, 4},
{4213, 4},{4219, 4},{21939, 4},{18727, 4},{2288, 4},{23602, 4},{6453, 4},{11968, 4},{15889, 4},{18483, 4},
{16956, 4},{23954, 4},{23817, 4},{21616, 4},{19355, 2},{11969, 4},{5463, 4},{8623, 4},{10671, 4},{15237, 4},
{8617, 4},{14703, 4},{1826, 4},{5017, 2},{8147, 2},{5586, 4},{10982, 4},{11957, 4},{17397, 4},{8859, 4},
{23263, 4},{23816, 4},{15888, 4},{21780, 4},{16753, 4},{13486, 4},{18582, 4},{25302, 4},{4287, 4},{151, 4},
{23260, 4},{15235, 4},{23255, 4},{11708, 4},{4221, 4},{3888, 4},{17393, 4},{11965, 4},{23818, 4},{21538, 4},
{24085, 14},{24014, 4},{14354, 4},{3559, 4},{17371, 4},{22257, 4},{23821, 4},{16759, 4},{11574, 4},{25960, 14},
{8149, 2},{7319, 4},{21111, 4},{18484, 4},{2291, 4},{17137, 4},{7300, 4},{24022, 4},{7407, 4},{8990, 4},
{4059, 4},{8145, 2},{7312, 4},{805, 4},{22258, 4},{19358, 2},{17144, 4},{10365, 4},{11967, 4},{16958, 4},
{8154, 2},{3887, 4},{15512, 4},{16428, 2},{22262, 4},{7313, 4},{14359, 4},{5020, 2},{23958, 4},{17892, 4},
{26182, 4},{145, 4},{15249, 4},{6452, 4},{5018, 2},{15071, 4},{23062, 4},{18584, 4},{14355, 4},{2144, 4},
{14357, 4},{7402, 4},{8618, 4},{21614, 4},{15232, 4},{18480, 4},{18739, 4},{2149, 4},{25299, 4},{25961, 14},
{5020, 6},{1403, 4},{4058, 4},{12442, 4},{14695, 4},{7409, 4},{25968, 14},{10991, 4},{24017, 4},{5024, 2},
{1940, 4},{4291, 4},{16962, 4},{11582, 4},{2148, 4},{14696, 4},{23258, 4},{4060, 4},{7315, 4},{25300, 4},
{15240, 4},{23257, 4},{11710, 4},{8993, 4},{22260, 4},{15509, 4},{22265, 4},{18586, 4},{21934, 4},{5469, 4},
{8991, 4},{16442, 2},{6824, 4},{23824, 4},{22386, 2},{152, 4},{3565, 4},{7405, 4},{2297, 4},{12445, 4},
{15885, 4},{11576, 4},{12438, 4},{18485, 4},{9958, 4},{14363, 4},{10670, 4},{11580, 4},{25963, 14},{17141, 4},
{22264, 4},{1933, 4},{10370, 4},{26146, 2},{25967, 14},{21622, 4},{3884, 4},{5470, 4},{16762, 4},{11713, 4},
{17889, 4},{17136, 4},{15891, 4},{21937, 4},{21426, 4},{21943, 4},{18737, 4},{1410, 4},{26185, 4},{23259, 4},
{21117, 4},{6454, 4},{17377, 4},{3882, 4},{18732, 4},{7403, 4},{7310, 4},{15231, 4},{20395, 2},{16953, 4},
{6278, 4},{26179, 4},{20396, 2},{7314, 4},{8153, 2},{15507, 4},{2147, 4},{18728, 4},{23069, 4},{8150, 2},
{23611, 4},{19357, 2},{4063, 4},{21425, 4},{4290, 4},{18472, 4},{2137, 4},{25959, 14},{4214, 4},{2145, 4},
{15234, 4},{5464, 4},{3883, 4},{6451, 4},{16959, 4},{10158, 4},{8620, 4},{10662, 4},{7316, 4},{14700, 4},
{9955, 4},{17143, 4},{25298, 4},{20400, 2},{5462, 4},{24020, 4},{9952, 4},{21120, 4},{16761, 4},{11966, 4},
{14704, 4},{6816, 4},{2289, 4},{2293, 4},{11896, 4},{7404, 4},{18580, 4},{8148, 2},{6447, 4},{15510, 4},
{18585, 4},{15514, 4},{22256, 4},{6818, 4},{6455, 4},{7318, 4},{1937, 4},{11649, 4},{15513, 4},{23610, 4},
{18734, 4},{21118, 4},{21782, 4},{150, 4},{17891, 4},{1935, 4},{14358, 4},{144, 4},{8850, 4},{18579, 4},
{26181, 4},{25306, 4},{15078, 4},{18578, 4},{18478, 4},{14697, 4},{15878, 4},{15887, 4},{8616, 4},{19965, 4},
{10988, 4},{2294, 4},{22261, 4},{16960, 4},{23264, 4},{23256, 4},{26183, 4},{20398, 2},{25307, 4},{5468, 4},
{11970, 4},{6819, 4},{3563, 4},{143, 4},{17885, 4},{15077, 4},{6450, 4},{4216, 4},{18735, 4},{23261, 4},
{2295, 4},{6448, 4},{1852, 4},{15079, 4},{15508, 4},{8994, 4},{16131, 4},{6820, 4},{21427, 4},{23612, 4},
{4285, 4},{16955, 4},{23822, 4},{11600, 4},{2292, 4},{21523, 4},{146, 4},{5465, 4},{3560, 4},{16961, 4},
{19356, 2},{22120, 4},{23606, 4},{9957, 4},{17890, 4},{10668, 4},{21119, 4},{23955, 4},{21428, 4},{25962, 14},
{2151, 4},{26188, 4},{8146, 2},{15239, 4},{5577, 4},{1407, 4},{8151, 2},{15076, 4},{23058, 4},{1414, 4},
{24021, 4},{10366, 4},{4292, 4},{23601, 4},{14694, 4},{8882, 4},{21779, 4},{15519, 4},{18473, 4},{3896, 4},
{23070, 4},{15075, 4},{5580, 4},{21116, 4},{1936, 4},{22385, 2},{18581, 4},{2324, 2},{17138, 4},{8992, 4},
{15074, 4},{23292, 2},{10372, 4},{18587, 4},{22389, 2},{11579, 4},{21434, 4},{21933, 4},{5022, 2},{21936, 4},
{21113, 4},{1942, 4},{23964, 4},{23607, 4},{7309, 4},{4289, 4},{3881, 4},{25305, 4},{17886, 4},{6822, 4},
{3886, 4},{14698, 4},{21114, 4},{7410, 4},{4217, 4},{23262, 4},{5585, 4},{5573, 4},{18738, 4},{26184, 4},
{16756, 4},{16760, 4},{8622, 4},{18698, 17},{19694, 17},{15832, 17},{21244, 4},{26174, 4},{5815, 4},{17708, 4},
{9962, 4},{18311, 4},{16767, 4},{12785, 4},{21727, 4},{16576, 4},{18344, 4},{18247, 4},{26296, 4},{19126, 4},
{22061, 4},{14053, 4},{8527, 4},{21716, 4},{22825, 4},{17435, 4},{13582, 14},{20647, 4},{14923, 4},{18881, 4},
{10611, 4},{14930, 4},{25037, 4},{25009, 4},{3296, 4},{977, 4},{14054, 4},{14046, 4},{22836, 4},{16468, 4},
{21247, 4},{15651, 4},{14368, 4},{20872, 4},{4687, 4},{2417, 4},{20878, 2},{25043, 4},{14929, 4},{14921, 4},
{12258, 4},{13810, 14},{14032, 4},{24239, 4},{17702, 4},{21132, 4},{17803, 4},{16788, 4},{14373, 4},{19074, 4},
{5822, 4},{12786, 4},{5287, 4},{4577, 4},{5095, 2},{20435, 4},{26425, 14},{2629, 2},{2917, 4},{4685, 4},
{19080, 4},{17441, 4},{20852, 4},{21128, 4},{13241, 4},{18243, 4},{17802, 4},{13812, 14},{17801, 4},{18249, 4},
{25583, 4},{15113, 4},{26292, 4},{7430, 4},{4691, 4},{8528, 4},{22056, 4},{22552, 4},{2630, 2},{26427, 14},
{22323, 2},{24096, 4},{20847, 4},{21254, 4},{2919, 4},{13488, 4},{21049, 4},{10004, 4},{11403, 4},{9961, 4},
{749, 4},{24097, 4},{26293, 4},{14052, 4},{5320, 4},{976, 4},{4572, 4},{19548, 4},{20433, 4},{8752, 4},
{25856, 4},{18338, 4},{19130, 4},{8529, 4},{3290, 4},{14370, 4},{8525, 4},{965, 4},{21136, 4},{14369, 4},
{21131, 4},{24234, 4},{14927, 4},{18039, 4},{14928, 4},{16580, 4},{11402, 4},{12260, 4},{18672, 4},{24629, 4},
{15788, 4},{17804, 4},{18245, 4},{24627, 4},{3298, 4},{14374, 4},{24883, 4},{14926, 4},{17280, 4},{5286, 4},
{10005, 4},{21129, 4},{14371, 4},{9623, 4},{4682, 4},{25586, 4},{4689, 4},{16571, 4},{20876, 2},{12302, 4},
{24238, 4},{11408, 4},{18339, 4},{8524, 4},{15786, 4},{19125, 4},{15787, 4},{17284, 4},{5308, 4},{13237, 4},
{21584, 4},{18248, 4},{16765, 4},{22553, 4},{13811, 14},{18341, 4},{23539, 4},{21582, 4},{20644, 4},{5319, 4},
{14925, 4},{748, 4},{17282, 4},{20444, 4},{18252, 4},{21587, 4},{744, 4},{24236, 4},{22331, 2},{15111, 4},
{12264, 4},{10063, 4},{17286, 4},{22322, 2},{9614, 4},{10054, 4},{19072, 4},{2408, 4},{15650, 4},{745, 4},
{25587, 4},{1413, 4},{21248, 4},{12261, 4},{1637, 4},{4573, 4},{24630, 4},{21130, 4},{16500, 4},{24622, 4},
{4690, 4},{19073, 4},{15902, 2},{12262, 4},{2412, 4},{22326, 2},{18349, 4},{3292, 4},{20646, 4},{2628, 2},
{12304, 4},{24235, 4},{24242, 4},{18251, 4},{14655, 4},{10007, 4},{19132, 4},{10984, 4},{21253, 4},{10981, 4},
{20445, 4},{9618, 4},{18246, 4},{26302, 4},{20643, 4},{5281, 4},{19552, 4},{19555, 4},{7426, 4},{16768, 4},
{17444, 4},{4688, 4},{26261, 4},{5284, 4},{17805, 4},{14048, 4},{17281, 4},{19078, 4},{13803, 14},{19883, 4},
{8679, 4},{4692, 4},{25581, 4},{24626, 4},{4574, 4},{22053, 4},{9418, 2},{4683, 4},{13804, 14},{5819, 4},
{11395, 4},{1630, 4},{17442, 4},{1632, 4},{20650, 4},{14924, 4},{5823, 4},{22059, 4},{10013, 4},{24625, 4},
{10055, 4},{22333, 2},{24243, 4},{2413, 4},{17275, 4},{3299, 4},{14047, 4},{12630, 4},{13505, 4},{25855, 4},
{5824, 4},{16581, 4},{13238, 4},{13809, 14},{4300, 4},{25584, 4},{5092, 2},{2416, 4},{25580, 4},{24623, 4},
{11302, 4},{18041, 4},{18305, 4},{22058, 4},{8746, 4},{22057, 4},{11404, 4},{4571, 4},{5816, 4},{16851, 4},
{9967, 4},{18038, 4},{26431, 14},{1629, 4},{16578, 4},{25045, 4},{10008, 4},{16766, 4},{13247, 4},{15792, 4},
{10615, 4},{9620, 4},{10613, 4},{11407, 4},{20438, 4},{754, 4},{23533, 4},{8751, 4},{18042, 4},{16772, 4},
{21134, 4},{13242, 4},{24098, 4},{18910, 4},{20437, 4},{5324, 4},{10612, 4},{20980, 4},{18242, 4},{17274, 4},
{973, 4},{10058, 4},{25003, 4},{750, 4},{19556, 4},{12269, 4},{14377, 4},{747, 4},{18301, 4},{22549, 4},
{8522, 4},{13245, 4},{16822, 4},{20672, 4},{20881, 2},{14376, 4},{5821, 4},{26298, 4},{2915, 4},{10989, 4},
{1628, 4},{18340, 4},{16585, 4},{10616, 4},{9415, 2},{16771, 4},{22327, 2},{25008, 4},{10060, 4},{24240, 4},
{7431, 4},{15902, 6},{17798, 4},{4570, 4},{8676, 4},{21135, 4},{2410, 4},{20842, 4},{18308, 4},{22555, 4},
{26295, 4},{4575, 4},{20436, 4},{10009, 4},{5279, 4},{18669, 4},{20883, 2},{1405, 4},{21245, 4},{3294, 4},
{9619, 4},{5096, 2},{16582, 4},{15785, 4},{26294, 4},{25039, 4},{22054, 4},{24620, 4},{16780, 4},{26428, 14},
{16586, 4},{12311, 4},{26430, 14},{1408, 4},{19554, 4},{21250, 4},{9966, 4},{13246, 4},{19075, 4},{9616, 4},
{11394, 4},{10057, 4},{17283, 4},{22329, 2},{22055, 4},{18040, 4},{5313, 4},{12795, 4},{5278, 4},{12638, 4},
{24621, 4},{18337, 4},{4568, 4},{20887, 2},{14051, 4},{8745, 4},{2411, 4},{17437, 4},{8747, 4},{10061, 4},
{18359, 4},{25042, 4},{7341, 4},{2627, 2},{25582, 4},{5094, 2},{24237, 4},{9416, 2},{21586, 4},{15790, 4},
{2920, 4},{10619, 4},{2918, 4},{15124, 4},{15783, 4},{21588, 4},{10617, 4},{2409, 4},{5825, 4},{6440, 4},
{17799, 4},{8750, 4},{19549, 4},{966, 4},{16777, 4},{25845, 4},{19131, 4},{1412, 4},{21585, 4},{972, 4},
{10062, 4},{10059, 4},{5321, 4},{26301, 4},{22551, 4},{23537, 4},{18312, 4},{9417, 2},{15791, 4},{22838, 4},
{19129, 4},{15903, 2},{3295, 4},{4576, 4},{14049, 4},{5317, 4},{10010, 4},{18303, 4},{7429, 4},{22546, 4},
{12371, 4},{26168, 4},{8519, 4},{22550, 4},{21583, 4},{1633, 4},{25038, 4},{25579, 4},{11409, 4},{6421, 4},
{15789, 4},{8343, 4},{10012, 4},{13805, 14},{19079, 4},{5312, 4},{13243, 4},{26423, 14},{24091, 4},{14922, 4},
{8744, 4},{2923, 4},{2916, 4},{9615, 4},{4686, 4},{20645, 4},{11405, 4},{17797, 4},{18250, 4},{11300, 4},
{9969, 4},{21705, 4},{24241, 4},{20439, 4},{9965, 4},{9964, 4},{17285, 4},{26403, 4},{8520, 4},{6207, 4},
{14372, 4},{975, 4},{25588, 4},{21246, 4},{22332, 2},{21590, 4},{20651, 4},{12789, 4},{26299, 4},{20877, 2},
{3293, 4},{18343, 4},{17445, 4},{16583, 4},{20422, 4},{20432, 4},{12263, 4},{5093, 2},{974, 4},{20649, 4},
{19551, 4},{8748, 4},{8526, 4},{746, 4},{5097, 2},{24092, 4},{21581, 4},{17438, 4},{18897, 4},{18883, 4},
{17796, 4},{12268, 4},{13806, 14},{18306, 4},{13808, 14},{26297, 4},{11303, 4},{9622, 4},{5283, 4},{5441, 4},
{5282, 4},{10614, 4},{10011, 4},{14050, 4},{20434, 4},{755, 4},{13240, 4},{25036, 4},{2414, 4},{10618, 4},
{15648, 4},{19553, 4},{22547, 4},{20642, 4},{10620, 4},{12309, 4},{5818, 4},{16579, 4},{17800, 4},{19124, 4},
{8749, 4},{9963, 4},{5280, 4},{2415, 4},{21133, 4},{20880, 2},{15647, 4},{25846, 4},{2624, 2},{26426, 14},
{5322, 4},{22052, 4},{20882, 2},{19139, 2},{2933, 4},{14055, 4},{19128, 4},{17287, 4},{21001, 4},{9621, 4},
{12259, 4},{15784, 4},{21251, 4},{7427, 4},{17436, 4},{18336, 4},{20888, 2},{20879, 2},{17704, 4},{12794, 4},
{4297, 4},{14375, 4},{10006, 4},{19077, 4},{19133, 4},{3297, 4},{18037, 4},{22330, 2},{10056, 4},{13244, 4},
{1627, 4},{1631, 4},{9970, 4},{22062, 4},{26424, 14},{1634, 4},{18334, 4},{24624, 4},{5820, 4},{16764, 4},
{8523, 4},{22832, 4},{24101, 4},{23531, 4},{18353, 4},{16769, 4},{22556, 4},{19557, 4},{15649, 4},{17440, 4},
{10980, 4},{26422, 14},{19550, 4},{20648, 4},{17439, 4},{21591, 4},{18043, 4},{9617, 4},{1636, 4},{25585, 4},
{8753, 4},{979, 4},{18335, 4},{18378, 4},{4567, 4},{978, 4},{3291, 4},{5285, 4},{22548, 4},{12265, 4},
{16514, 4},{24859, 4},{25848, 4},{13807, 14},{19127, 4},{15284, 17},{18041, 3},{22912, 3},{13148, 13},{14064, 3},
{23357, 15},{3283, 15},{8767, 15},{18751, 15},{13137, 15},{11489, 15},{22978, 15},{2285, 15},{2278, 15},{1682, 15},
{7517, 15},{8444, 15},{14942, 15},{11211, 15},{21345, 15},{23364, 15},{10983, 3},{7123, 3},{14485, 3},{15367, 17},
{3514, 15},{11105, 15},{32, 15},{21342, 15},{4890, 15},{14352, 15},{22538, 15},{18502, 15},{12875, 17},{26179, 17},
{4856, 17},{15837, 7},{1538, 7},{6279, 9},{14235, 7},{6279, 9},{397, 7},{13318, 7},{15843, 7},{8567, 7},
{15574, 7},{404, 7},{20089, 7},{6283, 9},{13316, 7},{15578, 7},{7111, 7},{23061, 9},{15845, 7},{1541, 7},
{6285, 9},{13313, 7},{14488, 7},{21221, 7},{7103, 7},{24363, 9},{13315, 7},{20086, 7},{20091, 7},{14235, 7},
{403, 7},{398, 7},{20087, 7},{14484, 7},{20090, 7},{14481, 7},{6287, 9},{6287, 9},{15841, 7},{9706, 7},
{15574, 7},{20086, 7},{14481, 7},{23059, 9},{7216, 7},{9452, 9},{22322, 17},{12686, 17},{23767, 3},{14354, 17},
{10922, 17},{1385, 17},{9698, 7},{24834, 9},{1541, 7},{20083, 7},{1547, 7},{8576, 7},{24835, 9},{21221, 7},
{15841, 7},{8571, 7},{9704, 7},{14486, 7},{8576, 7},{8361, 9},{1545, 7},{1540, 7},{9699, 7},{24834, 9},
{395, 7},{14482, 7},{20865, 3},{895, 3},{7103, 7},{8575, 7},{1538, 7},{7100, 7},{8362, 9},{1540, 7},
{403, 7},{21215, 7},{404, 7},{1544, 7},{8567, 7},{8364, 9},{15580, 7},{13318, 7},{13315, 7},{13316, 7},
{15837, 7},{8363, 9},{399, 7},{7112, 7},{14223, 7},{21220, 7},{8366, 9},{398, 7},{7101, 7},{20091, 7},
{1543, 7},{15843, 7},{8365, 9},{399, 7},{2794, 15},{17052, 15},{9191, 15},{4052, 17},{3156, 3},{1620, 3},
{11607, 3},{17740, 3},{9440, 17},{9418, 13},{9503, 15},{9499, 15},{5485, 1},{9497, 15},{21721, 15},{21723, 15},
{16770, 15},{9495, 15},{23096, 1},{16763, 15},{21725, 15},{11754, 1},{13712, 1},{9496, 15},{15869, 1},{21719, 15},
{9498, 15},{9501, 15},{1549, 1},{18450, 1},{9502, 15},{21718, 15},{9494, 15},{161, 1},{11670, 1},{9500, 15},
{3442, 15},{9625, 15},{1926, 1},{18081, 1},{3434, 15},{3435, 15},{1931, 1},{9624, 15},{21608, 1},{9627, 15},
{21613, 1},{9274, 1},{3431, 15},{9629, 15},{4079, 1},{25198, 1},{3438, 15},{19309, 1},{22662, 1},{9630, 15},
{11322, 1},{9631, 15},{3436, 15},{3441, 15},{9634, 15},{3433, 15},{9628, 15},{3432, 15},{10499, 1},{16918, 1},
{3437, 15},{6472, 1},{9626, 15},{9633, 15},{6769, 1},{18230, 1},{25545, 15},{5751, 15},{5753, 15},{25563, 15},
{5748, 15},{5755, 15},{2307, 1},{25561, 15},{5749, 15},{7901, 1},{23765, 1},{13098, 15},{5745, 15},{11320, 1},
{25549, 15},{5746, 15},{21385, 1},{5750, 15},{18085, 1},{23767, 1},{25565, 15},{5754, 15},{5752, 15},{25191, 1},
{13770, 1},{25558, 15},{17267, 15},{24679, 15},{17268, 15},{17269, 15},{1806, 15},{20869, 1},{1799, 15},{17271, 15},
{17881, 1},{24681, 15},{13718, 1},{1807, 15},{1801, 15},{1798, 15},{3083, 1},{24023, 1},{1800, 15},{1803, 15},
{17270, 15},{4076, 1},{12460, 1},{1802, 15},{17266, 15},{5488, 1},{1804, 15},{1805, 15},{75, 1},{6964, 15},
{18087, 1},{6963, 15},{8465, 1},{12456, 1},{1717, 15},{4084, 1},{16917, 1},{1714, 15},{6960, 15},{1716, 15},
{12485, 1},{6966, 15},{1715, 15},{6961, 15},{6959, 15},{21661, 1},{6962, 15},{6965, 15},{12455, 1},{5262, 1},
{11662, 1},{6968, 15},{1713, 15},{6969, 15},{21607, 1},{8419, 15},{2125, 15},{21384, 1},{21391, 1},{2129, 15},
{2124, 15},{2312, 1},{2126, 15},{8418, 15},{2127, 15},{26004, 1},{11664, 1},{8416, 15},{8414, 15},{8415, 15},
{8417, 15},{8470, 1},{7351, 1},{13570, 1},{2123, 15},{2128, 15},{8274, 1},{23771, 1},{13079, 15},{8420, 15},
{13076, 15},{13077, 15},{5487, 1},{18084, 1},{12459, 1},{8413, 15},{4074, 1},{6470, 1},{13958, 15},{13964, 15},
{1915, 15},{13967, 15},{13968, 15},{6658, 1},{21383, 1},{11741, 15},{4078, 1},{2306, 1},{1924, 1},{1910, 15},
{13965, 15},{1913, 15},{13969, 15},{8259, 1},{18088, 1},{1911, 15},{5489, 1},{13963, 15},{21611, 1},{13962, 15},
{2527, 15},{12088, 15},{1916, 15},{13959, 15},{1912, 15},{13966, 15},{11744, 15},{17972, 17},{25911, 17},{6836, 17},
{12487, 8},{20449, 8},{9441, 8},{14650, 8},{6141, 8},{25996, 8},{7429, 8},{13213, 8},{10428, 8},{9956, 8},
{19554, 17},{19737, 17},{9451, 17},{9615, 17},{9007, 17},{9140, 17},{22371, 17},{9658, 17},{13151, 17},{2461, 5},
{9459, 5},{22326, 5},{24173, 5},{3450, 5},{869, 5},{13431, 5},{22333, 5},{11074, 5},{9554, 5},{11068, 5},
{3159, 5},{20771, 17},{11345, 17},{14949, 17},{10867, 17},{2296, 17},{869, 13},{20672, 17},{16810, 17},{13978, 17},
{4093, 3},{21641, 3},{11319, 3},{17206, 17},{11787, 17},{13884, 17},{11313, 17},{22481, 3},{16041, 3},{3911, 3},
{1617, 3},{7097, 13},{25546, 17},{22164, 15},{6198, 15},{14204, 17},{4111, 17},{24835, 17},{5341, 17},{13433, 17},
{22507, 17},{6386, 17},{10981, 17},{13719, 17},{17560, 17},{22847, 3},{11068, 13},{4863, 17},{17099, 17},{23546, 3},
{18433, 3},{6313, 3},{15452, 12},{9543, 3},{11798, 17},{6270, 17},{18918, 17},{12968, 17},{23850, 17},{14486, 3},
{1083, 17},{575, 17},{6525, 17},{2709, 17},{12175, 7},{14755, 7},{7800, 7},{13269, 7},{17200, 7},{17943, 7},
{13268, 7},{12876, 7},{7798, 7},{14721, 7},{10437, 7},{7792, 7},{23913, 7},{17205, 7},{7095, 9},{12874, 7},
{16047, 7},{10441, 7},{21057, 7},{16171, 7},{19378, 7},{7793, 7},{21486, 7},{21492, 7},{5621, 7},{2223, 7},
{5562, 0},{9886, 7},{9887, 7},{7799, 7},{17205, 7},{12878, 7},{17204, 7},{23916, 7},{6358, 7},{16177, 7},
{23132, 7},{19689, 7},{16684, 7},{2224, 7},{21492, 7},{20789, 7},{17939, 7},{23136, 7},{5624, 7},{5196, 7},
{20841, 7},{12327, 7},{11187, 7},{9660, 7},{14758, 7},{4364, 7},{17201, 7},{20785, 7},{12584, 7},{12169, 7},
{11057, 0},{7096, 9},{23400, 7},{25791, 7},{12873, 7},{7747, 7},{17201, 7},{2625, 7},{5191, 7},{26109, 7},
{15137, 7},{12315, 7},{5974, 7},{6355, 7},{9660, 7},{21489, 7},{10033, 7},{14762, 7},{4276, 0},{15906, 7},
{7746, 7},{7097, 9},{9309, 7},{19019, 7},{7797, 7},{12875, 7},{19692, 7},{10819, 7},{278, 7},{16170, 7},
{9658, 7},{19378, 7},{19027, 7},{11177, 7},{8639, 7},{7098, 9},{23138, 7},{9883, 7},{26110, 7},{18974, 7},
{17935, 7},{12174, 7},{11263, 7},{25794, 7},{7797, 7},{270, 7},{16684, 7},{21495, 7},{16047, 7},{23554, 0},
{1087, 7},{8174, 7},{5567, 7},{19690, 7},{19382, 7},{21055, 7},{9652, 7},{2223, 7},{18972, 7},{10434, 7},
{26117, 7},{10036, 7},{23137, 7},{19016, 7},{14725, 7},{12881, 7},{24286, 7},{11806, 7},{12172, 7},{18967, 7},
{3720, 7},{17936, 7},{23398, 7},{12171, 7},{7751, 7},{6356, 7},{19697, 7},{23422, 7},{1085, 7},{4746, 7},
{11188, 7},{22910, 9},{22589, 7},{25719, 7},{11278, 7},{24041, 7},{24673, 0},{16175, 7},{7746, 7},{22239, 7},
{17474, 7},{1089, 7},{17206, 7},{3727, 7},{15145, 7},{12167, 7},{6354, 7},{4747, 7},{5625, 7},{11185, 7},
{21496, 7},{7097, 9},{7750, 7},{18971, 7},{10436, 7},{8642, 7},{11186, 7},{5613, 7},{22243, 7},{12580, 7},
{22247, 7},{19692, 7},{19376, 7},{14761, 7},{22245, 7},{12174, 7},{25720, 7},{10033, 7},{4909, 7},{9307, 7},
{15909, 7},{25723, 7},{7745, 7},{18972, 7},{20789, 7},{19380, 7},{11270, 7},{287, 7},{5567, 7},{9887, 7},
{24448, 7},{22245, 7},{22909, 9},{4747, 7},{19376, 7},{18508, 7},{4752, 7},{19386, 7},{19019, 7},{9310, 7},
{21493, 7},{7748, 7},{10434, 7},{23908, 7},{17477, 7},{16056, 7},{12327, 7},{9545, 0},{11810, 7},{9656, 7},
{2631, 7},{9312, 7},{13706, 7},{21062, 7},{7801, 7},{24049, 7},{14758, 7},{21057, 7},{16383, 0},{23136, 7},
{11267, 7},{17939, 7},{5194, 7},{23134, 7},{25827, 7},{9657, 7},{22910, 9},{18977, 7},{12580, 7},{14725, 7},
{9882, 7},{17700, 17},{16771, 17},{9881, 7},{10825, 7},{19381, 7},{19018, 7},{13269, 7},{16177, 7},{1087, 7},
{10437, 7},{16683, 7},{26117, 7},{26113, 7},{8173, 7},{19017, 7},{1090, 7},{12882, 7},{23128, 7},{7748, 7},
{5976, 7},{1086, 7},{21059, 7},{25794, 7},{2220, 7},{4359, 7},{7093, 9},{23133, 7},{2622, 7},{19026, 7},
{24448, 7},{19027, 7},{9652, 7},{19376, 7},{4906, 7},{11809, 7},{12879, 7},{7094, 9},{2218, 7},{7801, 7},
{19021, 7},{15137, 7},{1089, 7},{2222, 7},{12464, 7},{17204, 7},{19693, 7},{11810, 7},{24049, 7},{23138, 7},
{5622, 7},{13270, 7},{25722, 7},{18975, 7},{26033, 17},{1713, 15},{9498, 15},{5919, 15},{1487, 15},{6181, 15},
{3593, 17},{22950, 3},{3409, 3},{1540, 3},{14304, 13},{25545, 15},{11141, 15},{21462, 15},{11744, 15},{5419, 15},
{6041, 15},{13969, 15},{25682, 15},{1487, 15},{12088, 15},{12105, 15},{23842, 15},{5414, 15},{17239, 15},{1484, 15},
{25434, 15},{2128, 15},{1842, 8},{8993, 8},{18992, 8},{21737, 8},{25720, 8},{24207, 8},{1038, 8},{19549, 8},
{167, 8},{9928, 8},{24350, 8},{2374, 8},{5598, 8},{784, 8},{10822, 8},{16040, 3},{7097, 3},{26220, 13},
{18578, 3},{12299, 3},{13773, 7},{21758, 7},{14564, 7},{10688, 7},{25999, 7},{14092, 7},{1550, 7},{3709, 7},
{168, 7},{11590, 7},{24987, 7},{18230, 7},{12459, 0},{17527, 7},{26037, 7},{13150, 9},{15867, 7},{25223, 7},
{1167, 7},{13151, 9},{16917, 0},{14834, 7},{17509, 7},{6835, 7},{18488, 7},{1550, 7},{23086, 7},{19274, 7},
{18237, 7},{10683, 7},{18487, 7},{19067, 7},{13715, 7},{11749, 7},{13765, 7},{3712, 7},{166, 7},{13571, 7},
{4984, 7},{76, 7},{10687, 7},{7902, 7},{12487, 7},{1549, 7},{20535, 7},{6469, 7},{4985, 7},{6769, 7},
{6471, 7},{24470, 7},{13151, 9},{25092, 7},{169, 7},{15870, 7},{20532, 7},{13772, 7},{13709, 7},{10685, 7},
{10494, 7},{1167, 7},{11661, 0},{13770, 7},{19277, 7},{13712, 7},{13148, 9},{4978, 7},{26004, 7},{20858, 7},
{24985, 7},{11619, 7},{8476, 7},{14556, 7},{24991, 7},{6339, 7},{17513, 7},{23091, 7},{9000, 7},{23017, 7},
{6768, 7},{18234, 7},{16919, 0},{6468, 7},{13574, 7},{3719, 7},{23015, 7},{13567, 7},{18492, 7},{20534, 7},
{13775, 7},{13768, 7},{6769, 7},{7908, 7},{12250, 7},{10496, 7},{3711, 7},{13149, 9},{23944, 7},{18235, 7},
{24989, 7},{20531, 7},{17527, 7},{8476, 7},{14883, 7},{2313, 7},{23019, 7},{11757, 7},{14826, 7},{12488, 7},
{19391, 7},{5511, 7},{24987, 7},{8472, 7},{6655, 7},{23010, 7},{13773, 7},{13146, 9},{5507, 7},{8469, 7},
{7899, 7},{3716, 7},{5511, 7},{19279, 7},{26196, 7},{19399, 7},{10686, 7},{13146, 9},{6470, 7},{6836, 7},
{18233, 7},{4983, 7},{10492, 7},{2309, 7},{2310, 7},{14886, 7},{18450, 0},{79, 7},{20868, 7},{167, 7},
{20536, 7},{17554, 7},{1175, 7},{20507, 7},{26040, 7},{6344, 7},{19271, 7},{5255, 7},{12244, 7},{14880, 7},
{14881, 7},{18490, 7},{23091, 7},{10495, 7},{18233, 7},{26006, 7},{20856, 7},{3715, 7},{13769, 7},{13147, 9},
{15869, 7},{25080, 7},{15865, 7},{1554, 7},{2310, 7},{18491, 7},{26007, 7},{19309, 7},{23944, 7},{4979, 7},
{2311, 7},{4987, 7},{24986, 7},{25224, 7},{1170, 7},{19067, 7},{9274, 7},{1555, 7},{24983, 7},{18234, 7},
{11728, 7},{14885, 7},{25922, 9},{23012, 7},{13571, 7},{6838, 7},{17511, 7},{25948, 3},{11175, 12},{17675, 3},
{1355, 15},{18404, 15},{20, 15},{24481, 15},{9177, 15},{16095, 15},{269, 15},{13948, 15},{26250, 15},{24525, 15},
{10373, 7},{15887, 7},{23824, 7},{23060, 7},{7300, 7},{4290, 7},{21429, 7},{18472, 7},{15232, 7},{13107, 7},
{23819, 7},{144, 7},{3896, 7},{22385, 9},{2289, 7},{8990, 7},{18666, 7},{7309, 7},{23058, 7},{23605, 7},
{17142, 7},{11707, 7},{26178, 7},{16954, 7},{143, 7},{10365, 7},{10668, 7},{24016, 7},{1994, 15},{24528, 15},
{6820, 7},{22386, 9},{21429, 7},{23953, 7},{21938, 7},{3883, 7},{6451, 7},{17141, 7},{23602, 7},{3882, 7},
{23612, 7},{17393, 7},{14704, 7},{12442, 7},{22385, 9},{3556, 7},{16753, 7},{10665, 7},{2149, 7},{24020, 7},
{7309, 7},{15075, 7},{6455, 7},{21933, 7},{18734, 7},{15239, 7},{10988, 0},{1054, 7},{6447, 7},{14693, 7},
{10663, 7},{2148, 7},{18727, 7},{21782, 7},{7310, 7},{5100, 7},{3565, 7},{14697, 7},{15078, 7},{6448, 7},
{147, 7},{152, 7},{17884, 7},{23822, 7},{9957, 7},{18473, 7},{21776, 7},{21619, 7},{24016, 7},{2324, 9},
{21943, 7},{17397, 7},{10667, 7},{18480, 7},{8990, 7},{15077, 7},{3564, 7},{11965, 7},{10366, 7},{2290, 7},
{10365, 7},{2324, 9},{1940, 0},{14704, 7},{23601, 7},{17893, 7},{17384, 7},{21937, 7},{23823, 7},{16756, 7},
{16755, 7},{2288, 7},{6824, 7},{6816, 7},{6455, 7},{6820, 7},{15232, 7},{23605, 7},{2326, 9},{15886, 7},
{17384, 7},{16760, 7},{10661, 7},{26099, 7},{18739, 7},{21426, 7},{8885, 0},{21936, 7},{16394, 7},{21432, 7},
{2137, 7},{6817, 7},{23259, 7},{14699, 7},{10372, 7},{9951, 7},{21778, 7},{14693, 7},{3556, 7},{10668, 7},
{8992, 7},{18732, 7},{15231, 7},{26182, 7},{16762, 7},{1941, 0},{15233, 7},{24017, 7},{2326, 9},{17144, 7},
{11583, 7},{15240, 7},{23959, 7},{15885, 7},{21780, 7},{23825, 7},{4290, 7},{6822, 7},{2292, 7},{10373, 7},
{14694, 7},{2149, 7},{24021, 7},{22390, 9},{23601, 7},{21776, 7},{4289, 7},{2137, 7},{3895, 7},{2295, 7},
{11578, 7},{11708, 7},{15071, 7},{16131, 7},{23258, 7},{14695, 7},{21622, 7},{11970, 7},{18734, 7},{21943, 7},
{18478, 7},{2144, 7},{3561, 7},{5463, 7},{21431, 7},{9952, 7},{17888, 7},{16131, 7},{17142, 7},{10370, 7},
{24021, 7},{3558, 7},{7314, 7},{17393, 7},{1414, 0},{22389, 9},{2291, 7},{15888, 7},{10420, 17},{17813, 17},
{11462, 1},{15481, 1},{13305, 15},{18321, 1},{13299, 15},{13300, 15},{9759, 1},{13306, 15},{6267, 1},{20341, 1},
{13304, 15},{24809, 1},{13302, 15},{17681, 1},{13303, 15},{13307, 15},{13301, 15},{629, 1},{22869, 1},{5651, 15},
{7846, 1},{5662, 15},{5656, 15},{5658, 15},{5657, 15},{3014, 1},{14973, 1},{10850, 1},{13352, 1},{12668, 1},
{5661, 15},{8062, 15},{23720, 1},{8057, 15},{8053, 15},{8055, 15},{16870, 1},{23287, 17},{4095, 3},{16923, 3},
{12459, 3},{12733, 3},{21177, 15},{23724, 1},{15483, 1},{16869, 1},{4051, 1},{21175, 15},{3015, 1},{636, 1},
{21176, 15},{630, 1},{1903, 1},{21178, 15},{545, 1},{21174, 15},{23721, 1},{20706, 15},{20709, 15},{20708, 15},
{20711, 15},{5119, 1},{20112, 1},{20704, 15},{20710, 15},{17074, 1},{20707, 15},{3010, 1},{20705, 15},{20700, 15},
{3350, 15},{3349, 15},{3348, 15},{3353, 15},{3352, 15},{4952, 1},{9519, 1},{2824, 1},{9758, 1},{3351, 15},
{20111, 1},{20952, 15},{20949, 15},{20948, 15},{3946, 1},{21736, 1},{16860, 1},{20950, 15},{26138, 1},{26140, 1},
{4049, 1},{13551, 1},{16871, 1},{20951, 15},{20953, 15},{18596, 1},{1893, 1},{1901, 1},{8792, 1},{20947, 15},
{3930, 1},{19003, 15},{19005, 15},{19008, 15},{11851, 1},{15477, 1},{19002, 15},{24507, 1},{19006, 15},{19004, 15},
{19007, 15},{13117, 15},{16867, 1},{25728, 15},{13116, 15},{13114, 15},{16864, 1},{13115, 15},{9980, 15},{7374, 15},
{9982, 15},{9977, 15},{9975, 15},{17675, 1},{7167, 1},{9976, 15},{3476, 1},{8039, 1},{9979, 15},{9973, 15},
{9978, 15},{6434, 15},{6437, 15},{6439, 15},{534, 1},{6432, 15},{6433, 15},{6430, 15},{6436, 15},{9760, 1},
{8612, 1},{6435, 15},{6431, 15},{19289, 17},{4024, 17},{17604, 17},{22042, 17},{14291, 15},{21072, 15},{13936, 15},
{19752, 15},{15282, 15},{14294, 15},{3423, 15},{22970, 15},{26201, 15},{9743, 15},{9712, 15},{17780, 15},{17864, 15},
{1527, 15},{19635, 15},{14156, 15},{23169, 15},{10208, 15},{9711, 15},{25509, 15},{14687, 13},{22842, 3},{23059, 3},
{9454, 13},{20808, 17},{5625, 17},{7385, 17},{19725, 17},{23729, 17},{7286, 17},{14331, 17},{25048, 17},{2293, 17},
{882, 17},{16961, 17},{14680, 12},{17843, 3},{404, 3},{24173, 13},{23422, 17},{1418, 17},{9913, 17},{17679, 17},
{1599, 17},{22054, 17},{25402, 17},{20685, 3},{23773, 17},{7482, 17},{21430, 7},{16378, 7},{8997, 7},{17885, 7},
{23257, 7},{6818, 7},{15072, 7},{21936, 7},{23262, 7},{23611, 7},{151, 7},{15076, 7},{1411, 0},{18482, 7},
{15073, 7},{10369, 7},{8149, 9},{22120, 7},{13768, 17},{17138, 17},{23913, 17},{7274, 3},{18432, 3},{7153, 12},
{7092, 3},{4110, 9},{24464, 7},{11756, 7},{6655, 7},{19271, 7},{20528, 7},{18497, 7},{13774, 7},{6657, 7},
{12243, 7},{13770, 7},{18486, 7},{10683, 7},{19062, 7},{13772, 7},{75, 7},{10495, 7},{26004, 7},{162, 7},
{24987, 7},{7905, 7},{6467, 7},{25023, 7},{20532, 7},{19670, 7},{24465, 7},{23114, 7},{20862, 7},{22483, 17},
{10061, 17},{10439, 3},{12730, 3},{8364, 13},{681, 3},{25240, 12},{17827, 3},{24662, 11},{20065, 11},{5870, 11},
{2969, 11},{6315, 11},{12608, 11},{17504, 11},{8886, 11},{23893, 11},{4561, 11},{15916, 11},{6036, 11},{14543, 11},
{10184, 11},{14867, 11},{12735, 3},{3155, 12},{10177, 3},{6863, 17},{3676, 17},{4850, 17},{24074, 17},{1546, 3},
{20863, 13},{24222, 17},{7154, 9},{22475, 7},{13596, 7},{8831, 7},{20371, 7},{18818, 7},{7355, 7},{8826, 7},
{3214, 7},{7154, 9},{7153, 9},{2111, 7},{22483, 7},{20372, 7},{1620, 7},{2115, 7},{15188, 7},{3211, 7},
{18820, 7},{8835, 7},{11604, 7},{7153, 9},{20374, 7},{6675, 7},{11607, 7},{7152, 9},{8827, 7},{15716, 7},
{16744, 9},{6667, 7},{10892, 7},{16744, 9},{15210, 7},{6666, 7},{13588, 7},{8830, 7},{2455, 9},{8835, 7},
{15713, 7},{11607, 7},{15190, 7},{3216, 7},{6674, 7},{20368, 7},{6664, 7},{18812, 7},{2455, 9},{8832, 7},
{15717, 7},{2119, 7},{18816, 7},{15718, 7},{7354, 7},{2456, 9},{2111, 7},{2518, 15},{2525, 15},{8041, 1},
{20115, 1},{2520, 15},{12247, 15},{12242, 15},{12239, 15},{2528, 15},{23723, 1},{2524, 15},{12238, 15},{12241, 15},
{8610, 1},{12236, 15},{23728, 1},{12240, 15},{24506, 1},{2523, 15},{12248, 15},{11526, 1},{2522, 15},{17679, 1},
{13348, 1},{12237, 15},{2521, 15},{2519, 15},{10841, 1},{9764, 1},{20488, 15},{7839, 8},{6254, 8},{20045, 8},
{14084, 8},{25065, 8},{15069, 8},{5675, 8},{9835, 8},{10880, 8},{25684, 8},{11448, 8},{20209, 8},{6714, 8},
{18082, 8},{18686, 8},{20117, 8},{20208, 8},{9834, 8},{11449, 8},{10881, 8},{25064, 8},{5676, 8},{6713, 8},
{18083, 8},{7838, 8},{6255, 8},{20046, 8},{18685, 8},{14083, 8},{25683, 8},{10433, 17},{8614, 1},{8012, 15},
{8007, 15},{8011, 15},{25810, 15},{8009, 15},{8611, 1},{8008, 15},{9754, 1},{15479, 1},{25807, 15},{7335, 1},
{8010, 15},{8013, 15},{4043, 1},{11280, 1},{25811, 15},{25813, 15},{10843, 1},{1897, 1},{25808, 15},{25809, 15},
{25805, 15},{25806, 15},{25812, 15},{25804, 15},{18683, 8},{7835, 8},{15807, 8},{5685, 8},{6708, 8},{15502, 8},
{6245, 8},{25061, 8},{20037, 8},{10889, 8},{3075, 8},{9840, 8},{14078, 8},{20126, 8},{25674, 8},{3077, 8},
{5686, 8},{20038, 8},{6246, 8},{25673, 8},{20210, 8},{25060, 8},{9839, 8},{6707, 8},{14077, 8},{18682, 8},
{13180, 8},{10890, 8},{7834, 8},{11443, 8},{9842, 8},{20124, 8},{14080, 8},{6247, 8},{11440, 8},{6706, 8},
{18090, 8},{25059, 8},{7837, 8},{18681, 8},{5683, 8},{20039, 8},{25676, 8},{20213, 8},{10887, 8},{21391, 17},
{3065, 8},{20130, 8},{14074, 8},{10885, 8},{7831, 8},{20041, 8},{25057, 8},{6249, 8},{5681, 8},{18679, 8},
{11446, 8},{6712, 8},{20215, 8},{9844, 8},{25678, 8},{22944, 17},{3072, 8},{20128, 8},{6251, 8},{7833, 8},
{6710, 8},{14076, 8},{18677, 8},{10883, 8},{11444, 8},{5679, 8},{25055, 8},{25680, 8},{9846, 8},{20217, 8},
{20043, 8},{23755, 8},{20129, 8},{18676, 8},{14075, 8},{9845, 8},{20044, 8},{11445, 8},{3073, 8},{25679, 8},
{5680, 8},{25054, 8},{10884, 8},{6252, 8},{6709, 8},{7832, 8},{7939, 17},{2529, 17},{25474, 15},{13117, 15},
{18564, 17},{26236, 17},{2520, 15},{25810, 15},{25807, 15},{18057, 15},{26434, 15},{17674, 1},{26444, 15},{22640, 15},
{22642, 15},{26451, 15},{22641, 15},{26446, 15},{24505, 1},{8606, 1},{18092, 15},{22645, 15},{3839, 15},{17079, 1},
{26453, 15},{26445, 15},{22643, 15},{26447, 15},{9763, 1},{26448, 15},{18249, 3},{1927, 3},{24836, 13},{20712, 12},
{19357, 13},{2748, 3},{4718, 17},{18448, 3},{6701, 3},{8875, 3},{9785, 3},{8571, 3},{3915, 3},{14686, 12},
{17325, 17},{9246, 17},{6820, 17},{3586, 17},{10200, 17},{906, 17},{26140, 17},{7908, 17},{23448, 17},{3637, 17},
{3702, 17},{3181, 17},{3645, 3},{7191, 3},{25122, 13},{20888, 3},{4273, 3},{6659, 17},{15885, 17},{21893, 15},
{7653, 15},{13836, 15},{9836, 15},{17806, 15},{13285, 15},{11301, 15},{18363, 15},{25752, 15},{20855, 15},{1442, 13},
{8632, 3},{24568, 13},{25761, 15},{21709, 15},{24770, 15},{13286, 15},{9533, 15},{11039, 15},{23279, 15},{9788, 15},
{22497, 15},{9820, 15},{24854, 15},{25090, 15},{13050, 15},{14109, 15},{13368, 15},{24769, 15},{9581, 15},{22489, 15},
{21715, 15},{8922, 8},{23500, 8},{8746, 17},{6636, 17},{25954, 17},{22369, 17},{25305, 17},{23261, 17},{20436, 17},
{14337, 17},{21895, 17},{12963, 17},{12263, 17},{26197, 17},{12347, 17},{8833, 17},{26024, 3},{6285, 13},{21402, 3},
{8153, 3},{12499, 3},{6620, 3},{12319, 17},{11802, 17},{13241, 17},{1409, 17},{2114, 17},{15544, 17},{21386, 3},
{6666, 3},{25235, 12},{26223, 12},{13099, 17},{2622, 17},{10797, 17},{22811, 3},{25116, 13},{20863, 3},{22255, 3},
{15365, 17},{10058, 17},{14380, 17},{20807, 17},{24566, 17},{6080, 17},{12940, 17},{4083, 3},{2011, 3},{8611, 3},
{4099, 3},{11907, 3},{12518, 12},{11870, 3},{9554, 13},{19355, 12},{6532, 17},{14327, 17},{6818, 17},{4247, 3},
{19521, 3},{11086, 13},{10956, 17},{22556, 17},{13987, 17},{17200, 17},{18339, 17},{10056, 17},{13263, 17},{10818, 17},
{6992, 17},{23998, 17},{17481, 17},{16836, 17},{25695, 17},{2820, 17},{7194, 17},{16860, 3},{20195, 3},{25304, 3},
{3932, 13},{9339, 12},{3153, 3},{3167, 3},{9760, 17},{722, 17},{22103, 17},{21095, 17},{8368, 17},{14306, 3},
{6313, 12},{4534, 17},{3696, 8},{16911, 8},{22667, 8},{22341, 8},{13033, 8},{21186, 8},{4997, 8},{4472, 17},
{21487, 7},{11807, 7},{11177, 7},{5614, 7},{6162, 7},{25723, 7},{4130, 9},{16176, 7},{9311, 7},{17642, 7},
{23133, 7},{17938, 7},{23915, 7},{11267, 7},{18973, 7},{25719, 7},{23132, 7},{22243, 7},{23422, 7},{14760, 7},
{5553, 7},{19697, 7},{23405, 7},{20783, 7},{19386, 7},{26221, 17},{21250, 17},{10898, 17},{24204, 17},{20646, 17},
{8645, 17},{7907, 17},{19014, 17},{8274, 3},{1445, 13},{8150, 3},{11066, 0},{23128, 7},{22246, 7},{2218, 7},
{1080, 7},{5979, 7},{4131, 9},{17478, 7},{5624, 7},{21060, 7},{19696, 7},{176, 7},{174, 7},{9308, 7},
{25827, 7},{10036, 7},{23916, 7},{1081, 7},{5622, 7},{5621, 7},{1087, 7},{24284, 7},{19026, 7},{25791, 7},
{16679, 7},{14723, 7},{22242, 7},{24442, 7},{23137, 7},{24287, 7},{24286, 7},{24040, 7},{23135, 7},{23134, 7},
{2219, 7},{26108, 7},{5196, 7},{8941, 17},{24568, 17},{8792, 17},{21115, 17},{21940, 17},{14833, 17},{9446, 17},
{15285, 17},{19016, 7},{10825, 7},{11187, 7},{7749, 7},{21055, 7},{9654, 7},{1084, 7},{9310, 7},{7795, 7},
{25818, 7},{22241, 7},{5626, 7},{6357, 7},{10823, 7},{16687, 7},{24046, 7},{9886, 7},{21490, 7},{14762, 7},
{4133, 9},{5624, 7},{4753, 7},{4267, 0},{17207, 7},{5660, 17},{25774, 17},{25188, 17},{21583, 17},{9124, 17},
{15141, 7},{20783, 7},{25730, 7},{13264, 7},{19026, 7},{15351, 7},{4363, 7},{11807, 7},{7799, 7},{19691, 7},
{26113, 7},{22243, 7},{12877, 7},{4359, 7},{14721, 7},{21486, 7},{5564, 0},{17937, 7},{2625, 7},{25119, 9},
{5196, 7},{19697, 7},{18977, 7},{10036, 7},{26118, 7},{24450, 7},{20784, 7},{16170, 7},{12589, 7},{4905, 7},
{25827, 7},{23608, 17},{4128, 3},{6227, 12},{18665, 17},{16851, 17},{19861, 17},{629, 17},{23410, 15},{14449, 15},
{1186, 15},{8736, 15},{25634, 15},{11468, 15},{2273, 15},{23196, 15},{26359, 15},{26309, 15},{23706, 15},{14531, 15},
{8742, 15},{19946, 15},{8736, 15},{4225, 15},{16080, 15},{16076, 15},{20985, 15},{8026, 15},{918, 3},{9033, 3},
{4121, 13},{10018, 17},{15900, 17},{7759, 17},{165, 17},{4987, 17},{10583, 17},{9469, 3},{13150, 13},{3636, 3},
{11065, 3},{20216, 13},{9455, 13},{8622, 3},{7155, 12},{24831, 3},{3221, 17},{4912, 17},{15601, 17},{15904, 17},
{25272, 17},{15901, 17},{22149, 8},{2316, 8},{26075, 8},{2864, 8},{6056, 8},{21348, 8},{1725, 8},{590, 8},
{15466, 8},{24854, 8},{16355, 8},{12949, 8},{55, 8},{20019, 8},{23655, 8},{23187, 8},{7200, 8},{24888, 8},
{1278, 8},{11464, 8},{17838, 8},{16129, 8},{15626, 8},{5559, 8},{1043, 8},{11688, 8},{12046, 8},{10531, 8},
{5647, 8},{23594, 8},{1584, 8},{19988, 8},{68, 8},{24411, 8},{13946, 8},{4034, 8},{17302, 8},{6361, 8},
{17488, 8},{23243, 8},{11997, 8},{9570, 8},{12997, 8},{7447, 8},{12555, 8},{2365, 8},{10064, 8},{17447, 8},
{9247, 8},{3423, 8},{11100, 8},{22279, 8},{13092, 8},{17411, 8},{20927, 8},{5216, 8},{1795, 8},{5737, 8},
{11559, 8},{21708, 8},{14165, 8},{13919, 8},{2732, 8},{14450, 8},{19434, 8},{17270, 8},{25178, 8},{20826, 8},
{23932, 8},{18270, 8},{13233, 8},{13963, 8},{22923, 8},{20636, 8},{10276, 8},{1761, 8},{10205, 8},{14907, 8},
{17746, 8},{5712, 8},{1717, 8},{10525, 8},{1682, 8},{12624, 8},{6672, 8},{24109, 8},{12598, 8},{13841, 8},
{18513, 8},{13610, 8},{18896, 8},{17235, 8},{10595, 8},{21869, 8},{22732, 8},{19947, 8},{11979, 8},{15548, 8},
{6419, 8},{1873, 8},{22161, 8},{23196, 8},{24059, 8},{8375, 8},{16045, 8},{22533, 8},{4703, 8},{10265, 8},
{22974, 8},{6881, 8},{12124, 8},{843, 8},{21718, 8},{8009, 8},{2803, 8},{7651, 8},{22714, 8},{25445, 8},
{8762, 8},{14042, 8},{22640, 8},{6258, 8},{19104, 8},{7700, 8},{13870, 8},{2520, 8},{971, 8},{2366, 8},
{1638, 8},{2844, 8},{2210, 8},{23329, 8},{26046, 8},{15872, 8},{11257, 8},{7025, 8},{21339, 8},{26259, 8},
{10077, 8},{24289, 8},{24366, 8},{9689, 8},{3434, 8},{21, 8},{2192, 8},{7623, 8},{7954, 8},{3055, 8},
{15262, 8},{14114, 8},{7854, 8},{21897, 8},{10364, 8},{7884, 8},{18352, 8},{9679, 8},{6424, 8},{18297, 8},
{11496, 8},{19249, 8},{2559, 8},{15154, 8},{11489, 8},{10351, 8},{20412, 8},{1227, 8},{23167, 8},{10488, 8},
{20219, 8},{8413, 8},{25563, 8},{13202, 8},{24758, 8},{18900, 8},{26449, 8},{6185, 8},{22403, 8},{19464, 8},
{21521, 8},{9860, 8},{502, 8},{1332, 8},{14677, 8},{9472, 8},{20604, 8},{8444, 8},{11539, 8},{22619, 8},
{25244, 8},{5546, 8},{5068, 8},{11373, 8},{2616, 8},{2942, 8},{9871, 8},{25499, 8},{1986, 8},{20582, 8},
{17992, 8},{23022, 8},{14429, 8},{9171, 8},{20136, 8},{18259, 8},{20477, 8},{22688, 8},{20514, 8},{12993, 8},
{12377, 8},{155, 8},{5897, 8},{5403, 8},{21966, 8},{7343, 8},{9225, 8},{9164, 8},{1583, 8},{5711, 8},
{9870, 8},{5177, 8},{11980, 8},{2317, 8},{13869, 8},{23244, 8},{14908, 8},{15261, 8},{18298, 8},{18514, 8},
{20605, 8},{20135, 8},{3223, 8},{5555, 8},{20413, 8},{5227, 8},{21719, 8},{7855, 8},{13948, 8},{5834, 8},
{22162, 8},{12996, 8},{2863, 8},{7885, 8},{22641, 8},{6882, 8},{6420, 8},{5217, 8},{13920, 8},{2615, 8},
{20583, 8},{3056, 8},{16076, 8},{20, 8},{9859, 8},{11495, 8},{5067, 8},{844, 8},{2845, 8},{11256, 8},
{5648, 8},{17234, 8},{25825, 8},{6057, 8},{24058, 8},{10347, 8},{23188, 8},{3433, 8},{970, 8},{16126, 8},
{22733, 8},{12554, 8},{26258, 8},{26281, 8},{8414, 8},{19438, 8},{2735, 8},{9172, 8},{24367, 8},{9678, 8},
{22975, 8},{15461, 8},{2209, 8},{5402, 8},{21811, 8},{22280, 8},{8701, 8},{12047, 8},{19463, 8},{10647, 8},
{8008, 8},{15153, 8},{17412, 8},{23593, 8},{17448, 8},{12625, 8},{12992, 8},{4033, 8},{1724, 8},{7650, 8},
{9688, 8},{4702, 8},{7446, 8},{19435, 8},{14298, 8},{9224, 8},{16331, 8},{17376, 8},{21965, 8},{25010, 8},
{1333, 8},{14164, 8},{23330, 8},{20928, 8},{13962, 8},{3424, 8},{23168, 8},{12378, 8},{21709, 8},{24410, 8},
{25602, 8},{156, 8},{12139, 8},{17271, 8},{18961, 8},{5736, 8},{25505, 8},{7955, 8},{20827, 8},{22687, 8},
{7701, 8},{1277, 8},{24757, 8},{5547, 8},{1760, 8},{20637, 8},{1228, 8},{20476, 8},{23023, 8},{23656, 8},
{19103, 8},{24853, 8},{25179, 8},{1639, 8},{13840, 8},{13609, 8},{9569, 8},{12597, 8},{7026, 8},{11374, 8},
{22713, 8},{25561, 8},{6673, 8},{3701, 8},{13234, 8},{18899, 8},{9471, 8},{56, 8},{10868, 8},{19246, 8},
{15551, 8},{13093, 8},{2941, 8},{24889, 8},{2457, 8},{23195, 8},{7201, 8},{20503, 8},{2521, 8},{8376, 8},
{19997, 8},{17761, 8},{11490, 8},{18269, 8},{26074, 8},{25755, 8},{12948, 8},{22922, 8},{13050, 8},{17233, 8},
{22618, 8},{16356, 8},{14430, 8},{18392, 8},{18895, 8},{11099, 8},{10080, 8},{3338, 8},{19946, 8},{25565, 8},
{4701, 8},{14171, 8},{2866, 8},{14909, 8},{1229, 8},{5372, 8},{24852, 8},{16357, 8},{25176, 8},{3432, 8},
{1793, 8},{2940, 8},{17760, 8},{4035, 8},{11491, 8},{22921, 8},{11375, 8},{14449, 8},{22277, 8},{19945, 8},
{12951, 8},{9168, 8},{2565, 8},{17268, 8},{13843, 8},{20414, 8},{841, 8},{18272, 8},{23328, 8},{20828, 8},
{18511, 8},{10644, 8},{25492, 8},{24397, 8},{2557, 8},{19106, 8},{12048, 8},{20134, 8},{19, 8},{6058, 8},
{12379, 8},{23653, 8},{7445, 8},{11102, 8},{1331, 8},{13965, 8},{23596, 8},{22535, 8},{18299, 8},{22716, 8},
{9571, 8},{9659, 8},{5218, 8},{7956, 8},{24413, 8},{12995, 8},{21814, 8},{2212, 8},{18008, 8},{26257, 8},
{21710, 8},{11259, 8},{9227, 8},{8415, 8},{20328, 8},{23189, 8},{1586, 8},{5646, 8},{2518, 8},{3053, 8},
{53, 8},{13952, 8},{13608, 8},{18894, 8},{17379, 8},{11561, 8},{5405, 8},{24368, 8},{11686, 8},{12553, 8},
{15152, 8},{10333, 8},{20580, 8},{23194, 8},{9173, 8},{20634, 8},{13200, 8},{5070, 8},{25758, 8},{1640, 8},
{19466, 8},{19432, 8},{14431, 8},{8007, 8},{26272, 8},{21519, 8},{24759, 8},{2314, 8},{7702, 8},{969, 8},
{5544, 8},{10081, 8},{6883, 8},{9473, 8},{9869, 8},{5739, 8},{24060, 8},{12220, 8},{26073, 8},{24887, 8},
{26429, 8},{21824, 8},{22686, 8},{87, 8},{20494, 8},{20602, 8},{16763, 8},{1759, 8},{6417, 8},{12600, 8},
{9690, 8},{1280, 8},{13235, 8},{7202, 8},{8416, 8},{9174, 8},{22920, 8},{12049, 8},{3227, 8},{9868, 8},
{20581, 8},{3054, 8},{17269, 8},{16358, 8},{24412, 8},{1792, 8},{11101, 8},{23349, 8},{15474, 8},{26072, 8},
{12599, 8},{19105, 8},{12380, 8},{25757, 8},{14961, 8},{14172, 8},{21963, 8},{15151, 8},{86, 8},{3431, 8},
{18300, 8},{6418, 8},{21330, 8},{7957, 8},{7528, 8},{13964, 8},{21813, 8},{22715, 8},{18893, 8},{17613, 8},
{13236, 8},{2939, 8},{4700, 8},{20974, 8},{26256, 8},{11687, 8},{6884, 8},{20133, 8},{17378, 8},{11562, 8},
{5404, 8},{9226, 8},{3322, 8},{5316, 8},{2566, 8},{13842, 8},{23190, 8},{19433, 8},{11258, 8},{18, 8},
{18512, 8},{23595, 8},{2211, 8},{54, 8},{1279, 8},{7088, 8},{20635, 8},{23654, 8},{13607, 8},{2865, 8},
{1758, 8},{1585, 8},{21711, 8},{1641, 8},{7527, 8},{14301, 8},{18009, 8},{5069, 8},{2519, 8},{20327, 8},
{19944, 8},{20829, 8},{842, 8},{19465, 8},{2315, 8},{20349, 8},{5738, 8},{20511, 8},{1231, 8},{6415, 8},
{9132, 8},{17869, 8},{2563, 8},{2277, 8},{17989, 8},{12698, 8},{20431, 8},{6060, 8},{5174, 8},{15177, 8},
{1329, 8},{13606, 8},{20460, 8},{23935, 8},{18903, 8},{6262, 8},{7950, 8},{25007, 8},{19673, 8},{1527, 8},
{4030, 8},{2214, 8},{22642, 8},{8013, 8},{9175, 8},{25964, 8},{10534, 8},{3005, 8},{17408, 8},{7850, 8},
{11692, 8},{18293, 8},{8698, 8},{21073, 8},{12999, 8},{9229, 8},{6363, 8},{18354, 8},{14540, 8},{7347, 8},
{13837, 8},{6676, 8},{24370, 8},{11376, 8},{13525, 8},{22164, 8},{17451, 8},{7625, 8},{16359, 8},{8765, 8},
{1680, 8},{2840, 8},{5064, 8},{10209, 8},{9653, 8},{9858, 8},{18517, 8},{1791, 8},{20408, 8},{17300, 8},
{15874, 8},{22727, 8},{5832, 8},{14039, 8},{11253, 8},{3339, 8},{23241, 8},{18892, 8},{7655, 8},{7703, 8},
{5323, 8},{5197, 8},{9867, 8},{26255, 8},{21337, 8},{15260, 8},{20324, 8},{5831, 8},{3490, 8},{15613, 8},
{8417, 8},{14463, 8},{5710, 8},{25760, 8},{10362, 8},{24866, 8},{21808, 8},{20830, 8},{24106, 8},{11542, 8},
{12042, 8},{8121, 8},{7021, 8},{12989, 8},{3059, 8},{20256, 8},{17266, 8},{23326, 8},{8371, 8},{10402, 8},
{20632, 8},{21970, 8},{25517, 8},{20600, 8},{2188, 8},{9573, 8},{17766, 8},{12381, 8},{14552, 8},{2938, 8},
{19031, 8},{24333, 8},{25441, 8},{23200, 8},{23183, 8},{15247, 8},{2868, 8},{18877, 8},{15150, 8},{25549, 8},
{6877, 8},{6182, 8},{6348, 8},{14903, 8},{21355, 8},{12602, 8},{16420, 8},{839, 8},{1256, 8},{4699, 8},
{9265, 8},{13088, 8},{6632, 8},{3378, 8},{8248, 8},{89, 8},{13866, 8},{22283, 8},{5698, 8},{9468, 8},
{4226, 8},{22692, 8},{18274, 8},{1282, 8},{6203, 8},{20222, 8},{15397, 8},{17238, 8},{5888, 8},{21004, 8},
{14469, 8},{24415, 8},{13915, 8},{11982, 8},{20578, 8},{11468, 8},{8445, 8},{10529, 8},{13289, 8},{21437, 8},
{17517, 8},{5741, 8},{6548, 8},{59, 8},{10472, 8},{9683, 8},{17168, 8},{1591, 8},{9191, 8},{3419, 8},
{17500, 8},{18256, 8},{9692, 8},{1124, 8},{15439, 8},{5542, 8},{19108, 8},{13199, 8},{24892, 8},{1716, 8},
{23024, 8},{968, 8},{25837, 8},{11555, 8},{21712, 8},{24587, 8},{22710, 8},{17373, 8},{11500, 8},{1870, 8},
{12953, 8},{24055, 8},{8455, 8},{10066, 8},{23543, 8},{5987, 8},{2419, 8},{18014, 8},{21725, 8},{20931, 8},
{3698, 8},{19460, 8},{159, 8},{9466, 8},{24227, 8},{22977, 8},{23775, 8},{3738, 8},{13440, 8},{7443, 8},
{18192, 8},{3438, 8},{5220, 8},{23598, 8},{23651, 8},{2260, 8},{7880, 8},{12622, 8},{24761, 8},{24858, 8},
{6560, 8},{17505, 8},{17305, 8},{24688, 8},{2614, 8},{3629, 8},{22927, 8},{5644, 8},{11309, 8},{14432, 8},
{2524, 8},{1580, 8},{26071, 8},{10834, 8},{14538, 8},{19943, 8},{10085, 8},{5407, 8},{5236, 8},{19254, 8},
{12528, 8},{1990, 8},{11104, 8},{7495, 8},{23171, 8},{1765, 8},{14675, 8},{22146, 8},{19430, 8},{11485, 8},
{17744, 8},{25182, 8},{21517, 8},{3365, 8},{20551, 8},{13967, 8},{2320, 8},{14167, 8},{20016, 8},{1721, 8},
{234, 8},{13229, 8},{5900, 8},{22623, 8},{12000, 8},{20473, 8},{15556, 8},{14447, 8},{19200, 8},{25, 8},
{12545, 8},{13045, 8},{12121, 8},{7196, 8},{22736, 8},{1642, 8},{2213, 8},{17267, 8},{11693, 8},{4698, 8},
{2867, 8},{22926, 8},{15440, 8},{160, 8},{24760, 8},{18643, 8},{2613, 8},{1232, 8},{967, 8},{3420, 8},
{14904, 8},{22978, 8},{22041, 8},{20472, 8},{14040, 8},{6349, 8},{12998, 8},{235, 8},{19942, 8},{12122, 8},
{12382, 8},{12540, 8},{24, 8},{7704, 8},{7346, 8},{12001, 8},{1281, 8},{7951, 8},{26070, 8},{11264, 8},
{2572, 8},{11499, 8},{2261, 8},{14166, 8},{6261, 8},{20461, 8},{6364, 8},{24414, 8},{6878, 8},{17765, 8},
{20004, 8},{5368, 8},{25332, 8},{19662, 8},{4029, 8},{24893, 8},{12601, 8},{1681, 8},{2321, 8},{18015, 8},
{13526, 8},{19107, 8},{22643, 8},{9827, 8},{16360, 8},{20430, 8},{6181, 8},{14117, 8},{21005, 8},{12988, 8},
{20329, 8},{9857, 8},{21338, 8},{1869, 8},{25836, 8},{24586, 8},{1790, 8},{25759, 8},{23184, 8},{5645, 8},
{14107, 8},{23718, 8},{10535, 8},{7654, 8},{15480, 8},{16080, 8},{15539, 8},{22530, 8},{14466, 8},{1715, 8},
{6677, 8},{18355, 8},{20510, 8},{18518, 8},{8446, 8},{17452, 8},{22622, 8},{6061, 8},{5221, 8},{11377, 8},
{11388, 8},{17227, 8},{8418, 8},{24867, 8},{13230, 8},{20664, 8},{1989, 8},{7881, 8},{10835, 8},{24371, 8},
{7197, 8},{18257, 8},{25006, 8},{11983, 8},{23597, 8},{10067, 8},{13865, 8},{20932, 8},{1579, 8},{15149, 8},
{8764, 8},{7520, 8},{25521, 8},{2937, 8},{17237, 8},{23199, 8},{14676, 8},{9866, 8},{12529, 8},{23936, 8},
{17617, 8},{20601, 8},{16351, 8},{20409, 8},{14433, 8},{18428, 8},{17868, 8},{13089, 8},{24263, 8},{13836, 8},
{9691, 8},{18294, 8},{2369, 8},{17299, 8},{10758, 8},{5830, 8},{20015, 8},{11358, 8},{5406, 8},{23172, 8},
{14448, 8},{17372, 8},{17842, 8},{9228, 8},{23242, 8},{22728, 8},{19431, 8},{18878, 8},{10361, 8},{23652, 8},
{10715, 8},{14541, 8},{11467, 8},{6416, 8},{8249, 8},{20221, 8},{18273, 8},{7851, 8},{24332, 8},{18191, 8},
{25545, 8},{5833, 8},{22691, 8},{1526, 8},{7624, 8},{22145, 8},{8012, 8},{20831, 8},{18902, 8},{8372, 8},
{17745, 8},{20556, 8},{13046, 8},{88, 8},{7022, 8},{24105, 8},{10208, 8},{24054, 8},{23327, 8},{18939, 8},
{20320, 8},{12623, 8},{1125, 8},{20255, 8},{20633, 8},{10087, 8},{7494, 8},{11543, 8},{13966, 8},{26452, 8},
{9465, 8},{2841, 8},{13916, 8},{11252, 8},{22709, 8},{21516, 8},{21969, 8},{20035, 8},{5899, 8},{24857, 8},
{13166, 8},{9318, 8},{3737, 8},{14821, 8},{3060, 8},{9176, 8},{20579, 8},{16770, 8},{3491, 8},{13198, 8},
{3628, 8},{3437, 8},{4225, 8},{1720, 8},{5740, 8},{9467, 8},{60, 8},{19366, 8},{22737, 8},{17990, 8},
{9682, 8},{11556, 8},{23025, 8},{15259, 8},{2189, 8},{18891, 8},{1255, 8},{13290, 8},{15873, 8},{6549, 8},
{5063, 8},{20139, 8},{21713, 8},{21072, 8},{12399, 8},{22165, 8},{19199, 8},{9192, 8},{23776, 8},{11486, 8},
{26254, 8},{840, 8},{5709, 8},{19459, 8},{23542, 8},{8454, 8},{3337, 8},{12952, 8},{1330, 8},{9572, 8},
{9266, 8},{13605, 8},{17409, 8},{22284, 8},{2525, 8},{1643, 8},{6879, 8},{20224, 8},{7345, 8},{20576, 8},
{1327, 8},{66, 8},{12216, 8},{9177, 8},{24890, 8},{11378, 8},{23, 8},{23545, 8},{10363, 8},{12991, 8},
{3627, 8},{13047, 8},{17987, 8},{15441, 8},{16148, 8},{20257, 8},{19428, 8},{17298, 8},{14542, 8},{7952, 8},
{21356, 8},{20598, 8},{57, 8},{18905, 8},{91, 8},{11106, 8},{21515, 8},{2569, 8},{9249, 8},{1525, 8},
{1763, 8},{5222, 8},{21335, 8},{10532, 8},{16079, 8},{25180, 8},{17217, 8},{21006, 8},{25005, 8},{23324, 8},
{19202, 8},{6413, 8},{18515, 8},{4227, 8},{23239, 8},{24589, 8},{12955, 8},{9470, 8},{10207, 8},{14673, 8},
{13197, 8},{11487, 8},{1233, 8},{5172, 8},{1122, 8},{22925, 8},{9694, 8},{17375, 8},{24417, 8},{18999, 8},
{9856, 8},{14461, 8},{17954, 8},{1046, 8},{13291, 8},{9231, 8},{13001, 8},{24260, 8},{19814, 8},{1678, 8},
{7198, 8},{6260, 8},{10360, 8},{11998, 8},{9267, 8},{4032, 8},{21968, 8},{7705, 8},{18879, 8},{20630, 8},
{3736, 8},{23777, 8},{19462, 8},{25507, 8},{1988, 8},{23026, 8},{15258, 8},{5642, 8},{3839, 8},{2612, 8},
{14445, 8},{4697, 8},{23185, 8},{25443, 8},{14434, 8},{18190, 8},{9865, 8},{9655, 8},{3421, 8},{18012, 8},
{3057, 8},{24057, 8},{11498, 8},{10091, 8},{1644, 8},{5829, 8},{3691, 8},{13604, 8},{1723, 8},{12530, 8},
{5409, 8},{22712, 8},{5902, 8},{26253, 8},{2522, 8},{17742, 8},{24679, 8},{20410, 8},{157, 8},{14169, 8},
{6429, 8},{18295, 8},{2216, 8},{8011, 8},{8457, 8},{3699, 8},{18276, 8},{8447, 8},{11540, 8},{12044, 8},
{18890, 8},{25509, 8},{12604, 8},{5708, 8},{3436, 8},{7023, 8},{6184, 8},{22166, 8},{8419, 8},{21714, 8},
{18356, 8},{19732, 8},{2318, 8},{22621, 8},{2870, 8},{18937, 8},{14037, 8},{6365, 8},{11466, 8},{2936, 8},
{9575, 8},{1789, 8},{24372, 8},{9464, 8},{13868, 8},{8767, 8},{7882, 8},{1714, 8},{22979, 8},{14905, 8},
{24856, 8},{10654, 8},{7627, 8},{11690, 8},{7653, 8},{20513, 8},{5540, 8},{24868, 8},{837, 8},{19941, 8},
{16361, 8},{1582, 8},{21721, 8},{23600, 8},{20929, 8},{21903, 8},{22734, 8},{2842, 8},{7848, 8},{13090, 8},
{5066, 8},{1284, 8},{11984, 8},{13839, 8},{13231, 8},{6678, 8},{5743, 8},{20462, 8},{20018, 8},{25762, 8},
{5993, 8},{15148, 8},{6062, 8},{9681, 8},{19110, 8},{8373, 8},{20138, 8},{17406, 8},{23649, 8},{20832, 8},
{12620, 8},{13917, 8},{1872, 8},{20475, 8},{22725, 8},{5242, 8},{25558, 8},{22281, 8},{11357, 8},{10068, 8},
{5874, 8},{11557, 8},{17240, 8},{9170, 8},{18254, 8},{24763, 8},{15528, 8},{13191, 8},{11255, 8},{23933, 8},
{3220, 8},{17839, 8},{19256, 8},{23198, 8},{8539, 8},{25339, 8},{21353, 8},{23169, 8},{13969, 8},{2370, 8},
{12383, 8},{11387, 8},{24108, 8},{2190, 8},{22690, 8},{17449, 8},{17764, 8},{17218, 8},{24056, 8},{1762, 8},
{838, 8},{1713, 8},{5065, 8},{12384, 8},{18275, 8},{22689, 8},{5551, 8},{5871, 8},{13000, 8},{23544, 8},
{6414, 8},{8010, 8},{6259, 8},{11254, 8},{5240, 8},{1524, 8},{1722, 8},{17840, 8},{15147, 8},{1328, 8},
{26252, 8},{1731, 8},{19461, 8},{11541, 8},{22726, 8},{24373, 8},{21354, 8},{26068, 8},{21336, 8},{15531, 8},
{11379, 8},{19201, 8},{18296, 8},{25337, 8},{10526, 8},{24588, 8},{3422, 8},{11999, 8},{23599, 8},{24681, 8},
{24416, 8},{13098, 8},{1645, 8},{20474, 8},{20599, 8},{19429, 8},{5643, 8},{7652, 8},{20631, 8},{5223, 8},
{13968, 8},{23197, 8},{22620, 8},{6183, 8},{7024, 8},{12532, 8},{2523, 8},{3163, 8},{2191, 8},{58, 8},
{3331, 8},{19682, 8},{5707, 8},{24107, 8},{6063, 8},{2843, 8},{21723, 8},{18516, 8},{7199, 8},{4204, 8},
{20930, 8},{17239, 8},{2869, 8},{23934, 8},{8456, 8},{17407, 8},{1283, 8},{13867, 8},{15257, 8},{18255, 8},
{62, 8},{17450, 8},{16353, 8},{14674, 8},{14038, 8},{22, 8},{1679, 8},{3735, 8},{19109, 8},{22924, 8},
{10533, 8},{23240, 8},{13603, 8},{2935, 8},{11488, 8},{3435, 8},{5742, 8},{13754, 8},{10591, 8},{19818, 8},
{18889, 8},{1581, 8},{12531, 8},{1871, 8},{17100, 8},{9680, 8},{1234, 8},{25761, 8},{24402, 8},{24762, 8},
{18904, 8},{7626, 8},{24869, 8},{14435, 8},{20137, 8},{20512, 8},{18934, 8},{22645, 8},{8420, 8},{1123, 8},
{4419, 8},{25839, 8},{2371, 8},{2215, 8},{11105, 8},{20223, 8},{9693, 8},{18357, 8},{16362, 8},{2395, 8},
{2611, 8},{3697, 8},{22735, 8},{17493, 8},{11558, 8},{13838, 8},{23186, 8},{2319, 8},{6427, 8},{20411, 8},
{12621, 8},{11497, 8},{26450, 8},{17743, 8},{12954, 8},{9178, 8},{10206, 8},{11691, 8},{6366, 8},{22147, 8},
{17374, 8},{14168, 8},{2570, 8},{7344, 8},{7849, 8},{24855, 8},{5541, 8},{22980, 8},{1788, 8},{6880, 8},
{20463, 8},{5901, 8},{9855, 8},{25181, 8},{10069, 8},{12045, 8},{25004, 8},{5408, 8},{12990, 8},{23325, 8},
{9574, 8},{24891, 8},{14446, 8},{4031, 8},{11465, 8},{22167, 8},{22282, 8},{10359, 8},{13292, 8},{22532, 8},
{2634, 8},{7953, 8},{18013, 8},{4696, 8},{5835, 8},{7706, 8},{21715, 8},{17988, 8},{8374, 8},{5994, 8},
{11985, 8},{19940, 8},{8766, 8},{20833, 8},{8448, 8},{17763, 8},{14906, 8},{9230, 8},{12603, 8},{23650, 8},
{20017, 8},{14965, 8},{15759, 8},{22711, 8},{7883, 8},{90, 8},{25444, 8},{13918, 8},{21967, 8},{21007, 8},
{24261, 8},{21514, 8},{20577, 8},{2280, 8},{25468, 8},{5171, 8},{6679, 8},{15875, 8},{23170, 8},{1987, 8},
{23027, 8},{5828, 8},{13232, 8},{13196, 8},{13091, 8},{17297, 8},{9864, 8},{3058, 8},{19302, 3},{2920, 17},
{7155, 9},{2118, 7},{9893, 7},{9908, 7},{15188, 7},{15714, 7},{22474, 7},{20373, 7},{1546, 17},{200, 17},
{787, 17},{16542, 17},{1616, 17},{344, 17},{8939, 17},{7384, 17},{25702, 17},{21818, 17},{13265, 17},{17811, 3},
{10927, 3},{9704, 3},{2599, 17},{11071, 17},{14835, 17},{147, 17},{7075, 17},{23503, 3},{2005, 3},{9133, 13},
{591, 3},{16892, 3},{2628, 13},{4143, 3},{25235, 13},{21081, 3},{2067, 3},{14051, 3},{7552, 3},{6704, 3},
{9557, 13},{18455, 1},{5918, 15},{5921, 15},{5924, 15},{5917, 15},{5923, 15},{5919, 15},{11661, 1},{8473, 1},
{5916, 15},{5925, 15},{21609, 1},{5922, 15},{5920, 15},{6171, 17},{14008, 17},{13625, 3},{20373, 3},{23695, 17},
{1400, 17},{22838, 17},{25912, 17},{14682, 17},{15102, 17},{21106, 17},{3947, 17},{22807, 17},{4050, 17},{26027, 17},
{6386, 12},{22810, 13},{9138, 12},{18788, 12},{22430, 17},{19664, 1},{16132, 15},{19661, 15},{1928, 1},{20325, 15},
{20332, 15},{20331, 15},{20326, 15},{11317, 1},{21454, 1},{21390, 1},{20330, 15},{21462, 15},{25197, 1},{82, 1},
{25196, 1},{23114, 1},{21469, 15},{18497, 1},{21471, 15},{10681, 1},{13569, 1},{21466, 15},{21468, 15},{21463, 15},
{8268, 1},{21464, 15},{21465, 15},{21467, 15},{7244, 1},{16926, 1},{4978, 1},{5482, 1},{20673, 15},{20679, 15},
{20677, 15},{18451, 1},{20678, 15},{21392, 1},{18453, 1},{20675, 15},{20676, 15},{25188, 1},{20674, 15},{8270, 1},
{742, 15},{741, 15},{739, 15},{734, 15},{11663, 1},{25195, 1},{16922, 1},{7899, 1},{7348, 1},{736, 15},
{738, 15},{5486, 1},{732, 15},{733, 15},{15871, 1},{735, 15},{737, 15},{11314, 1},{165, 1},{17220, 15},
{17223, 15},{25224, 1},{12452, 1},{17222, 15},{17221, 15},{17226, 15},{23762, 1},{17216, 15},{14877, 1},{17225, 15},
{17219, 15},{6655, 1},{24452, 15},{19757, 15},{16924, 1},{19761, 15},{11665, 1},{19762, 15},{8266, 1},{19759, 15},
{11313, 1},{19763, 15},{16921, 1},{19758, 15},{12458, 1},{6837, 1},{5484, 1},{19760, 15},{7185, 9},{25782, 7},
{18618, 7},{11868, 7},{7185, 9},{4963, 7},{16703, 3},{1011, 7},{7195, 9},{14815, 7},{11507, 7},{7877, 7},
{7193, 9},{7194, 9},{4473, 7},{4972, 7},{4635, 7},{1013, 7},{11874, 7},{4465, 7},{4634, 7},{11509, 7},
{7872, 7},{7192, 9},{4641, 7},{1015, 7},{7192, 9},{25779, 7},{7190, 9},{25783, 7},{11510, 7},{11870, 7},
{25788, 7},{14816, 7},{7191, 9},{7901, 17},{17332, 17},{25183, 3},{8149, 3},{18786, 12},{20575, 3},{4112, 3},
{9784, 3},{22504, 3},{19794, 17},{18493, 17},{22242, 8},{3226, 8},{7265, 8},{17554, 8},{9616, 8},{10667, 8},
{11127, 8},{24809, 8},{4723, 8},{10560, 8},{6528, 8},{4002, 8},{2414, 17},{12896, 17},{4077, 17},{4744, 17},
{12730, 4},{887, 4},{3529, 4},{7440, 4},{25955, 4},{15765, 4},{16034, 4},{11350, 4},{7448, 4},{21252, 4},
{197, 4},{10577, 4},{7084, 4},{9256, 4},{22847, 4},{893, 4},{4527, 4},{13541, 4},{17381, 4},{7571, 4},
{9140, 2},{24200, 4},{10581, 4},{2383, 4},{4528, 4},{9133, 2},{1299, 2},{17390, 4},{3786, 4},{1318, 14},
{18077, 4},{9600, 4},{14785, 4},{24148, 4},{24199, 4},{3164, 4},{2384, 4},{2388, 4},{6617, 4},{1418, 4},
{22028, 4},{8778, 4},{13081, 4},{892, 4},{11346, 4},{13542, 4},{765, 4},{3222, 4},{18079, 4},{6169, 4},
{20566, 4},{22683, 4},{1109, 4},{15297, 4},{18118, 4},{644, 4},{3932, 2},{4525, 4},{7565, 4},{10, 4},
{8776, 4},{5293, 4},{20450, 4},{2065, 4},{5292, 4},{13544, 4},{1424, 4},{1110, 4},{6864, 4},{7569, 4},
{9014, 14},{25949, 4},{7, 4},{6624, 4},{201, 4},{20571, 4},{2201, 4},{2387, 4},{4935, 4},{20313, 4},
{24146, 4},{15301, 4},{22030, 4},{20569, 4},{9019, 14},{8769, 4},{1300, 2},{6179, 4},{1321, 14},{9264, 4},
{6173, 4},{2601, 4},{20813, 4},{18078, 4},{3169, 4},{1302, 2},{633, 4},{1425, 4},{7567, 4},{22029, 4},
{17387, 4},{11343, 4},{4530, 4},{9138, 2},{3226, 4},{7563, 4},{2380, 4},{888, 4},{4523, 4},{15763, 4},
{16043, 4},{9261, 4},{9137, 2},{18076, 4},{2901, 4},{3168, 4},{20314, 4},{12735, 4},{10585, 4},{11351, 4},
{7449, 4},{763, 4},{15299, 4},{15298, 4},{18785, 2},{770, 4},{13220, 4},{22848, 4},{1420, 4},{16044, 4},
{14017, 4},{12, 4},{205, 4},{3524, 4},{20809, 4},{15768, 4},{18942, 4},{1312, 14},{22445, 4},{2060, 4},
{24150, 4},{9018, 14},{5301, 4},{20565, 4},{15774, 4},{18070, 4},{25950, 4},{15296, 4},{21264, 4},{1315, 14},
{3926, 2},{25948, 4},{20814, 4},{641, 4},{1116, 4},{20452, 4},{7564, 4},{14019, 4},{634, 4},{22680, 4},
{18781, 2},{6866, 4},{1419, 4},{4535, 4},{9257, 4},{10586, 4},{4534, 4},{8771, 4},{7080, 4},{20446, 4},
{9013, 14},{14014, 4},{3792, 4},{4938, 4},{7827, 4},{16042, 4},{1320, 14},{13664, 4},{2900, 4},{11349, 4},
{10578, 4},{14024, 4},{10583, 4},{13537, 4},{18119, 4},{6863, 4},{14020, 4},{3522, 4},{1416, 4},{18792, 2},
{2604, 4},{9594, 4},{20319, 4},{198, 4},{7568, 4},{9016, 14},{13536, 4},{17385, 4},{24206, 4},{18127, 4},
{1316, 14},{23479, 4},{16041, 4},{17383, 4},{2062, 4},{20810, 4},{18958, 4},{24153, 4},{6865, 4},{24643, 4},
{2605, 4},{9017, 14},{24995, 4},{22023, 4},{14791, 4},{22540, 4},{17382, 4},{637, 4},{22840, 4},{6171, 4},
{23210, 4},{22845, 4},{23476, 4},{12738, 4},{2067, 4},{17319, 4},{14789, 4},{2389, 4},{14788, 4},{1112, 4},
{17325, 4},{1113, 4},{9136, 2},{23472, 4},{9263, 4},{13540, 4},{13798, 4},{15766, 4},{18124, 4},{3170, 4},
{13538, 4},{24207, 4},{14023, 4},{3172, 4},{9141, 2},{886, 4},{6621, 4},{7083, 4},{1115, 4},{2903, 4},
{9134, 2},{12734, 4},{23471, 4},{20448, 4},{12729, 4},{17388, 4},{15767, 4},{20701, 4},{22025, 4},{6622, 4},
{13, 4},{7081, 4},{9339, 2},{14786, 4},{8777, 4},{3171, 4},{2598, 4},{202, 4},{3787, 4},{15764, 4},
{15300, 4},{20570, 4},{17328, 4},{1114, 4},{4524, 4},{638, 4},{3929, 2},{6868, 4},{7078, 4},{6176, 4},
{8768, 4},{25947, 4},{1421, 4},{3785, 4},{3527, 4},{9262, 4},{20317, 4},{12733, 4},{22534, 4},{16040, 4},
{23474, 4},{22026, 4},{22531, 4},{7442, 4},{20807, 4},{17323, 4},{24198, 4},{6170, 4},{20310, 4},{2607, 4},
{17389, 4},{18791, 2},{2602, 4},{12965, 4},{24147, 4},{639, 4},{11348, 4},{7085, 4},{20564, 4},{7824, 4},
{23473, 4},{13539, 4},{25296, 4},{5054, 4},{13660, 4},{9139, 2},{17194, 4},{20808, 4},{6175, 4},{6626, 4},
{762, 4},{1313, 14},{1301, 2},{8, 4},{22685, 4},{6, 4},{20315, 4},{22839, 4},{18075, 4},{6627, 4},
{11, 4},{25946, 4},{199, 4},{16046, 4},{17322, 4},{9012, 14},{13802, 4},{13797, 4},{2897, 4},{7082, 4},
{22027, 4},{23480, 4},{18121, 4},{25954, 4},{24202, 4},{6618, 4},{7441, 4},{9015, 14},{196, 4},{22843, 4},
{7079, 4},{2898, 4},{9020, 14},{20811, 4},{20318, 4},{20312, 4},{9258, 4},{25953, 4},{13665, 4},{20562, 4},
{16039, 4},{1108, 4},{3788, 4},{6871, 4},{18123, 4},{11347, 4},{22677, 4},{1304, 2},{18784, 2},{13800, 4},
{7828, 4},{2069, 4},{24203, 4},{894, 4},{9602, 4},{25951, 4},{2902, 4},{2904, 4},{7825, 4},{24149, 4},
{14784, 4},{7823, 4},{13793, 4},{10580, 4},{20447, 4},{3791, 4},{22539, 4},{13535, 4},{20567, 4},{13670, 4},
{17320, 4},{14781, 4},{9345, 2},{14021, 4},{13545, 4},{13801, 4},{9255, 4},{20568, 4},{11342, 4},{3783, 4},
{17321, 4},{7829, 4},{18125, 4},{3165, 4},{203, 4},{12968, 4},{20316, 4},{1317, 14},{22841, 4},{20806, 4},
{22032, 4},{14790, 4},{20309, 4},{6619, 4},{2385, 4},{15, 4},{1422, 4},{13669, 4},{6867, 4},{18786, 2},
{643, 4},{20455, 4},{1417, 4},{22024, 4},{9342, 2},{2066, 4},{22842, 4},{885, 4},{15381, 4},{9593, 4},
{764, 4},{200, 4},{7822, 4},{10584, 4},{640, 4},{4529, 4},{9343, 2},{3221, 4},{7562, 4},{204, 4},
{2386, 4},{23470, 4},{12731, 4},{3789, 4},{642, 4},{20453, 4},{4526, 4},{891, 4},{22844, 4},{2896, 4},
{24204, 4},{2381, 4},{6870, 4},{18073, 4},{18072, 4},{2382, 4},{22031, 4},{22676, 4},{18787, 2},{13794, 4},
{3521, 4},{2606, 4},{6620, 4},{25952, 4},{13799, 4},{15295, 4},{2600, 4},{890, 4},{1303, 2},{6178, 4},
{10582, 4},{5294, 4},{1314, 14},{22678, 4},{1111, 4},{13661, 4},{14782, 4},{1107, 4},{7076, 4},{3784, 4},
{3167, 4},{6862, 4},{20804, 4},{15302, 4},{3520, 4},{13666, 4},{3173, 4},{13667, 4},{2070, 4},{11344, 4},
{18122, 4},{18128, 4},{14015, 4},{17232, 4},{12737, 4},{18788, 2},{1311, 14},{20454, 4},{11345, 4},{769, 4},
{766, 4},{9259, 4},{6172, 4},{18782, 2},{22681, 4},{5298, 4},{24638, 4},{12736, 4},{6785, 4},{24205, 4},
{17324, 4},{20449, 4},{1415, 4},{8774, 4},{9260, 4},{17386, 4},{9604, 4},{22529, 4},{8772, 4},{18120, 4},
{889, 4},{14016, 4},{7570, 4},{760, 4},{14, 4},{6869, 4},{24154, 4},{13668, 4},{2061, 4},{23477, 4},
{7444, 4},{15303, 4},{2599, 4},{14787, 4},{14018, 4},{2064, 4},{8773, 4},{23475, 4},{9, 4},{22684, 4},
{2899, 4},{20805, 4},{3790, 4},{3166, 4},{18783, 6},{3516, 4},{767, 4},{9142, 2},{22679, 4},{18783, 2},
{2603, 4},{13796, 4},{2063, 4},{24145, 4},{9344, 2},{17326, 4},{20563, 4},{8775, 4},{761, 4},{7075, 4},
{4934, 4},{18074, 4},{6623, 4},{2895, 4},{9135, 2},{7566, 4},{22682, 4},{15762, 4},{10579, 4},{20451, 4},
{7820, 4},{22536, 4},{6174, 4},{13663, 4},{13795, 4},{9134, 17},{10659, 17},{7264, 8},{24808, 8},{10668, 8},
{11758, 8},{4722, 8},{13465, 8},{22536, 8},{22243, 8},{4001, 8},{10559, 8},{9617, 8},{11128, 8},{9344, 17},
{3637, 7},{3907, 7},{22943, 7},{901, 9},{26236, 7},{9963, 17},{22475, 17},{4220, 17},{11908, 12},{4049, 3},
{1428, 3},{20407, 13},{20198, 3},{15720, 3},{13439, 17},{17389, 17},{15579, 17},{24391, 17},{683, 1},{18201, 15},
{16751, 1},{18202, 15},{16988, 1},{2366, 15},{10217, 1},{17617, 15},{18204, 15},{10222, 1},{18199, 15},{2395, 15},
{681, 1},{18200, 15},{18208, 15},{18207, 15},{21437, 15},{23849, 1},{17954, 15},{23855, 1},{23967, 1},{18206, 15},
{18203, 15},{18205, 15},{5819, 17},{22238, 8},{11131, 8},{10663, 8},{4719, 8},{10556, 8},{22531, 8},{3998, 8},
{7261, 8},{17541, 8},{220, 8},{9620, 8},{24813, 8},{6524, 8},{11171, 17},{1691, 7},{24676, 7},{16701, 7},
{4132, 9},{21735, 17},{15286, 17},{10620, 17},{9958, 17},{24502, 17},{16581, 17},{9623, 8},{6527, 8},{10557, 8},
{11130, 8},{7258, 8},{22241, 8},{4720, 8},{24810, 8},{2201, 8},{17535, 8},{3995, 8},{10662, 8},{1431, 17},
{25038, 17},{12657, 12},{13587, 3},{19356, 12},{8920, 17},{4213, 17},{14328, 17},{18336, 17},{4109, 17},{4979, 17},
{11896, 17},{23425, 17},{1903, 3},{4077, 3},{1448, 13},{20277, 3},{25281, 3},{21843, 3},{18081, 17},{2558, 17},
{21097, 17},{4249, 3},{22910, 13},{5093, 3},{8848, 17},{5997, 17},{25670, 17},{24240, 17},{9368, 17},{2017, 15},
{9380, 15},{20267, 15},{11238, 15},{7343, 15},{25651, 15},{10775, 15},{7984, 15},{7343, 15},{19433, 15},{20661, 15},
{13500, 15},{22860, 15},{7989, 15},{11222, 15},{20265, 15},{13564, 15},{11218, 15},{14433, 15},{11255, 15},{5830, 15},
{5834, 15},{3037, 15},{14872, 15},{13680, 15},{20266, 15},{12951, 15},{21868, 15},{22713, 15},{10719, 15},{10525, 15},
{11237, 15},{11237, 15},{13847, 15},{14876, 15},{6262, 15},{8431, 17},{12438, 17},{6094, 17},{1422, 17},{18340, 17},
{8863, 17},{10287, 17},{24671, 3},{643, 3},{15500, 17},{18976, 17},{14790, 17},{13238, 17},{23129, 17},{10910, 15},
{20632, 15},{13307, 15},{6435, 15},{12239, 15},{8067, 15},{21326, 15},{20705, 15},{8067, 15},{11890, 15},{15047, 15},
{2336, 15},{9825, 15},{6430, 15},{19906, 15},{12240, 15},{9982, 15},{10023, 15},{13289, 15},{2331, 15},{13299, 15},
{20706, 15},{14169, 15},{18885, 17},{18251, 17},{19525, 17},{21268, 17},{8776, 17},{15588, 17},{17213, 17},{2372, 17},
{8178, 17},{6001, 17},{12265, 17},{12513, 8},{2456, 8},{9130, 8},{25926, 8},{7089, 8},{14688, 8},{17264, 8},
{20887, 8},{8145, 8},{6381, 8},{7090, 8},{2455, 8},{14687, 8},{8146, 8},{6380, 8},{17265, 8},{20888, 8},
{9131, 8},{24957, 8},{12512, 8},{8366, 8},{13149, 8},{20880, 8},{2460, 8},{4374, 8},{12519, 8},{14686, 8},
{26001, 8},{7095, 8},{6390, 8},{3929, 8},{9122, 8},{8153, 8},{17258, 8},{24572, 8},{12518, 8},{2459, 8},
{9123, 8},{20881, 8},{7096, 8},{23937, 8},{8365, 8},{17259, 8},{4373, 8},{6389, 8},{3932, 8},{13148, 8},
{14685, 8},{15246, 8},{8154, 8},{3926, 8},{20882, 8},{8368, 8},{12517, 8},{2462, 8},{14684, 8},{6388, 8},
{13147, 8},{4372, 8},{7097, 8},{24570, 8},{9124, 8},{17256, 8},{26003, 8},{8151, 8},{12516, 8},{7098, 8},
{8367, 8},{20883, 8},{9125, 8},{2461, 8},{6387, 8},{9339, 8},{14683, 8},{26002, 8},{13146, 8},{23292, 8},
{17257, 8},{4371, 8},{24571, 8},{17262, 8},{20876, 8},{8149, 8},{2464, 8},{9344, 8},{4370, 8},{25922, 8},
{24568, 8},{14682, 8},{9126, 8},{12523, 8},{23947, 8},{6386, 8},{8362, 8},{7091, 8},{23950, 8},{2466, 8},
{180, 8},{13151, 8},{9128, 8},{7093, 8},{6384, 8},{24566, 8},{17260, 8},{8364, 8},{20878, 8},{8147, 8},
{14680, 8},{12521, 8},{9342, 8},{11442, 8},{20879, 8},{12520, 8},{13150, 8},{9129, 8},{4367, 8},{23949, 8},
{2465, 8},{9343, 8},{17261, 8},{14679, 8},{7094, 8},{8363, 8},{8148, 8},{6383, 8},{19553, 17},{203, 17},
{19883, 17},{21130, 17},{18481, 17},{15837, 17},{14060, 17},{22023, 17},{11349, 17},{6229, 3},{4134, 13},{4361, 3},
{22477, 3},{22803, 12},{10155, 17},{19376, 17},{24834, 3},{1570, 3},{11679, 3},{15614, 15},{11983, 15},{2585, 15},
{2593, 15},{15623, 15},{11982, 15},{11985, 15},{12187, 1},{1574, 1},{11979, 15},{22042, 1},{21266, 1},{11980, 15},
{9782, 1},{4136, 1},{14066, 1},{2009, 1},{15636, 15},{2589, 15},{15635, 15},{3802, 1},{15633, 15},{15620, 15},
{11984, 15},{7133, 1},{15627, 15},{4538, 1},{5901, 15},{19170, 1},{14395, 15},{5900, 15},{21793, 1},{4539, 1},
{14396, 15},{14400, 15},{14401, 15},{5899, 15},{14397, 15},{14399, 15},{14392, 15},{25746, 1},{8703, 1},{15606, 1},
{14398, 15},{575, 1},{5897, 15},{9589, 1},{14394, 15},{5902, 15},{14393, 15},{23809, 15},{22362, 1},{23812, 15},
{11998, 15},{12001, 15},{23807, 15},{23808, 15},{12000, 15},{11999, 15},{8699, 1},{7123, 1},{23806, 15},{23805, 15},
{23804, 15},{17101, 1},{11997, 15},{23811, 15},{21262, 1},{23810, 15},{23803, 15},{3736, 15},{3737, 15},{8500, 15},
{8493, 15},{17102, 1},{8494, 15},{3235, 1},{920, 1},{3738, 15},{8503, 15},{17120, 1},{8498, 15},{14069, 1},
{14386, 1},{5359, 1},{8501, 15},{8496, 15},{3735, 15},{8502, 15},{8499, 15},{9085, 1},{8497, 15},{10921, 7},
{1197, 9},{14065, 7},{14064, 7},{21651, 7},{13781, 15},{13777, 15},{13778, 15},{13780, 15},{13779, 15},{10928, 1},
{13782, 15},{13786, 15},{14065, 1},{10715, 15},{13784, 15},{6632, 15},{4536, 1},{13785, 15},{13783, 15},{14042, 15},
{8357, 15},{8351, 15},{25363, 1},{8350, 15},{8354, 15},{8356, 15},{14039, 15},{14037, 15},{17733, 1},{5964, 1},
{8352, 15},{3801, 1},{8355, 15},{14038, 15},{14040, 15},{22894, 1},{16290, 1},{14189, 1},{8353, 15},{8704, 1},
{10921, 1},{8360, 15},{8359, 15},{18703, 15},{15600, 1},{970, 15},{7128, 1},{18709, 15},{969, 15},{18708, 15},
{967, 15},{18705, 15},{4141, 1},{5874, 15},{968, 15},{6306, 15},{2530, 1},{6321, 15},{971, 15},{18706, 15},
{18704, 15},{5871, 15},{4142, 1},{7435, 1},{18711, 15},{18707, 15},{16728, 1},{7807, 1},{15923, 15},{15919, 15},
{15928, 15},{22363, 1},{15921, 15},{15927, 15},{10472, 15},{15922, 15},{15925, 15},{14195, 1},{17741, 1},{15924, 15},
{15918, 15},{15920, 15},{10925, 1},{12218, 15},{12221, 15},{17734, 1},{12215, 15},{17505, 15},{10924, 1},{12217, 15},
{12213, 15},{1100, 1},{20753, 1},{13971, 1},{20350, 15},{4915, 1},{24220, 1},{14185, 1},{12219, 15},{12819, 15},
{12222, 15},{12214, 15},{6778, 17},{11019, 17},{7030, 17},{17615, 17},{13264, 17},{14725, 17},{16589, 17},{8277, 3},
{14049, 3},{10434, 17},{20344, 17},{2106, 17},{21107, 8},{7381, 8},{1490, 8},{12120, 8},{22189, 8},{14726, 8},
{23480, 8},{24323, 8},{19714, 8},{2304, 8},{17275, 8},{6825, 8},{4385, 8},{3086, 8},{13095, 8},{1459, 17},
{11707, 17},{17101, 17},{16882, 17},{22348, 17},{6385, 17},{8778, 17},{26272, 15},{21966, 15},{20850, 15},{9868, 15},
{22933, 15},{9673, 15},{17868, 15},{16610, 15},{19892, 15},{189, 15},{17508, 15},{22936, 15},{8313, 15},{13330, 15},
{7025, 15},{480, 15},{17951, 15},{1123, 15},{984, 15},{22937, 15},{13641, 15},{14540, 15},{22036, 15},{13200, 15},
{7021, 15},{8626, 3},{8147, 3},{24837, 17},{2384, 17},{3961, 17},{14666, 3},{9140, 13},{21793, 3},{24835, 8},
{1303, 8},{3410, 8},{11175, 8},{6228, 8},{17812, 8},{1428, 8},{11912, 8},{22389, 8},{15544, 8},{4112, 8},
{7153, 8},{15505, 8},{26352, 8},{5092, 8},{5516, 1},{1350, 15},{8209, 15},{21870, 15},{24491, 1},{8203, 15},
{19249, 15},{16351, 15},{1349, 15},{8211, 15},{19246, 15},{23505, 1},{1353, 15},{8231, 15},{19256, 15},{19254, 15},
{8200, 15},{21957, 15},{16353, 15},{875, 17},{19452, 17},{3969, 17},{8679, 3},{22940, 3},{24039, 3},{19356, 3},
{8617, 3},{1557, 17},{20777, 17},{15291, 17},{2103, 17},{320, 17},{16008, 17},{2407, 17},{4074, 17},{12903, 17},
{3425, 3},{20312, 3},{15512, 3},{15518, 3},{22260, 3},{2012, 3},{9969, 3},{9548, 17},{4385, 17},{5282, 17},
{22498, 15},{20861, 15},{23274, 15},{21711, 15},{13050, 15},{21455, 15},{24261, 15},{19011, 15},{9537, 15},{9578, 15},
{20920, 15},{7124, 15},{11296, 15},{18364, 15},{21459, 15},{6363, 15},{22403, 15},{22489, 15},{20925, 15},{7122, 15},
{24289, 15},{13840, 15},{14849, 15},{6666, 17},{9537, 15},{17669, 17},{3108, 17},{21493, 17},{23342, 17},{24488, 17},
{6022, 17},{16290, 17},{22335, 8},{5003, 8},{22665, 8},{21180, 8},{16913, 8},{3690, 8},{22485, 8},{16914, 8},
{22666, 8},{22334, 8},{5004, 8},{21181, 8},{3692, 8},{21182, 8},{22663, 8},{16915, 8},{5001, 8},{22337, 8},
{5002, 8},{3693, 8},{22336, 8},{16916, 8},{21183, 8},{22664, 8},{22669, 8},{22339, 8},{21184, 8},{16909, 8},
{4999, 8},{3694, 8},{19810, 8},{3695, 8},{5000, 8},{16910, 8},{21185, 8},{22670, 8},{22338, 8},{4998, 8},
{16912, 8},{22508, 8},{21187, 8},{22668, 8},{24885, 8},{19808, 8},{18597, 8},{22340, 8},{5005, 8},{22343, 8},
{5006, 8},{22342, 8},{12993, 15},{5087, 15},{6153, 15},{2572, 15},{3145, 15},{22763, 15},{22919, 15},{10066, 15},
{12831, 15},{8983, 15},{3145, 15},{23600, 15},{18725, 15},{8984, 15},{8403, 15},{9260, 17},{2565, 15},{4157, 15},
{22757, 15},{11855, 15},{10201, 17},{23950, 17},{9374, 17},{19952, 17},{19955, 17},{23259, 17},{13711, 17},{10225, 15},
{21675, 15},{458, 15},{2302, 15},{16470, 15},{21675, 15},{17427, 15},{2316, 15},{10052, 15},{18217, 15},{20898, 15},
{9597, 15},{413, 15},{20894, 15},{12717, 15},{6878, 15},{12139, 15},{10045, 15},{6694, 17},{20112, 17},{2149, 17},
{1096, 17},{11346, 17},{20603, 8},{21650, 8},{4259, 8},{393, 8},{23853, 8},{7868, 8},{4270, 8},{9760, 8},
{3083, 8},{18535, 8},{15713, 8},{6624, 8},{14361, 8},{16430, 8},{25009, 8},{16425, 8},{21001, 8},{18534, 8},
{15716, 8},{18089, 8},{4271, 8},{6621, 8},{21649, 8},{23856, 8},{9759, 8},{12321, 8},{14358, 8},{7690, 8},
{7869, 8},{396, 8},{15717, 8},{14032, 8},{18086, 8},{7872, 8},{397, 8},{4274, 8},{21646, 8},{9764, 8},
{18539, 8},{23849, 8},{24045, 8},{7687, 8},{6620, 8},{20402, 8},{14357, 8},{21132, 17},{6617, 8},{18085, 8},
{7686, 8},{21645, 8},{400, 8},{7873, 8},{16432, 8},{18538, 8},{14354, 8},{15720, 8},{4275, 8},{9763, 8},
{23852, 8},{18359, 8},{12299, 8},{2402, 17},{7874, 8},{20589, 8},{4276, 8},{14355, 8},{12303, 8},{16435, 8},
{399, 8},{6618, 8},{20980, 8},{23851, 8},{9762, 8},{15719, 8},{21644, 8},{18084, 8},{18537, 8},{9908, 17},
{24019, 17},{26435, 17},{9906, 17},{3008, 17},{24677, 3},{6296, 12},{20716, 13},{8850, 3},{8773, 3},{19719, 13},
{7193, 13},{10991, 3},{24212, 17},{15577, 8},{11178, 8},{21776, 8},{14954, 8},{3990, 8},{19069, 8},{4949, 8},
{13978, 8},{18794, 8},{2655, 8},{17963, 8},{2417, 8},{21252, 8},{7769, 8},{19447, 8},{13059, 17},{11081, 8},
{16936, 8},{6886, 8},{9257, 8},{15100, 8},{26040, 8},{13453, 8},{5346, 8},{23261, 8},{19708, 8},{3673, 8},
{3472, 8},{25718, 8},{976, 8},{9656, 8},{9258, 8},{19530, 8},{3471, 8},{15099, 8},{9657, 8},{19709, 8},
{17511, 8},{25717, 8},{23262, 8},{13452, 8},{977, 8},{3674, 8},{5345, 8},{6885, 8},{16937, 8},{11076, 8},
{19706, 8},{25716, 8},{978, 8},{5348, 8},{3675, 8},{6888, 8},{16934, 8},{11015, 8},{26037, 8},{23259, 8},
{9255, 8},{9658, 8},{3470, 8},{13451, 8},{9256, 8},{3469, 8},{5347, 8},{25715, 8},{5567, 8},{17509, 8},
{979, 8},{15101, 8},{19707, 8},{16935, 8},{23260, 8},{22438, 8},{13450, 8},{3676, 8},{6887, 8},{25714, 8},
{9261, 8},{16932, 8},{3677, 8},{23257, 8},{15104, 8},{6890, 8},{13449, 8},{5342, 8},{972, 8},{3476, 8},
{22377, 8},{26049, 8},{19712, 8},{9652, 8},{6889, 8},{5341, 8},{13448, 8},{19713, 8},{973, 8},{15103, 8},
{23258, 8},{14713, 8},{11070, 8},{25713, 8},{16933, 8},{3678, 8},{17515, 8},{3475, 8},{9262, 8},{22357, 8},
{19710, 8},{9259, 8},{13447, 8},{16930, 8},{9654, 8},{974, 8},{3474, 8},{5344, 8},{3679, 8},{6892, 8},
{15106, 8},{26044, 8},{25712, 8},{23255, 8},{3473, 8},{23256, 8},{25711, 8},{13446, 8},{19711, 8},{3680, 8},
{15105, 8},{5343, 8},{6891, 8},{17513, 8},{11067, 8},{9260, 8},{16931, 8},{975, 8},{5553, 8},{12712, 17},
{15233, 17},{19704, 8},{965, 8},{25709, 8},{3478, 8},{16938, 8},{13445, 8},{26032, 8},{15110, 8},{6562, 8},
{9660, 8},{23263, 8},{6894, 8},{19535, 8},{9263, 8},{3670, 8},{25708, 8},{6893, 8},{23264, 8},{9264, 8},
{26029, 8},{13444, 8},{966, 8},{16939, 8},{19705, 8},{9661, 8},{3477, 8},{5333, 8},{3671, 8},{15109, 8},
{19534, 8},{2009, 17},{5196, 17},{9343, 9},{3167, 7},{12738, 7},{13541, 7},{20309, 7},{22842, 7},{3164, 7},
{25954, 7},{3166, 7},{2069, 7},{20319, 7},{9342, 9},{12729, 7},{12733, 7},{16175, 17},{6303, 17},{14467, 17},
{14347, 8},{5190, 8},{9060, 8},{21510, 8},{3489, 8},{6199, 8},{1054, 8},{5660, 8},{14322, 8},{17381, 8},
{10054, 8},{2568, 8},{5903, 8},{23092, 8},{25746, 8},{5659, 8},{5904, 8},{2567, 8},{21511, 8},{10055, 8},
{14346, 8},{15878, 8},{14321, 8},{17382, 8},{5191, 8},{25745, 8},{6200, 8},{9059, 8},{23091, 8},{21442, 8},
{2562, 8},{9070, 8},{6426, 8},{15891, 8},{17385, 8},{6193, 8},{3495, 8},{8077, 8},{6339, 8},{14329, 8},
{10056, 8},{5605, 8},{25744, 8},{21503, 8},{5914, 8},{9069, 8},{6338, 8},{21504, 8},{17386, 8},{5606, 8},
{14328, 8},{6423, 8},{2561, 8},{25743, 8},{8074, 8},{16131, 8},{10057, 8},{5915, 8},{3494, 8},{6194, 8},
{14335, 8},{17383, 8},{3493, 8},{8068, 8},{21501, 8},{15889, 8},{6337, 8},{10058, 8},{2564, 8},{5194, 8},
{14331, 8},{25742, 8},{9068, 8},{5912, 8},{6195, 8},{22368, 3},{5573, 3},{17215, 3},{7271, 13},{3153, 13},
{15887, 8},{25740, 8},{17389, 8},{2558, 8},{11619, 8},{14337, 8},{11208, 8},{21507, 8},{3499, 8},{9066, 8},
{5196, 8},{5654, 8},{14325, 8},{9726, 8},{10060, 8},{3497, 8},{5652, 8},{2560, 8},{21505, 8},{25738, 8},
{9064, 8},{9721, 8},{6191, 8},{14339, 8},{10062, 8},{14327, 8},{15885, 8},{17387, 8},{23086, 8},{5614, 8},
{10063, 8},{5199, 8},{9724, 8},{15517, 8},{3496, 8},{14326, 8},{15886, 8},{17388, 8},{6192, 8},{9063, 8},
{21506, 8},{25737, 8},{14338, 8},{8050, 8},{11590, 8},{1538, 17},{17809, 13},{25165, 3},{23729, 3},{9551, 13},
{16708, 3},{20445, 17},{639, 7},{16043, 7},{13539, 7},{12736, 7},{644, 7},{1303, 9},{8769, 7},{25952, 7},
{13354, 17},{26004, 17},{15611, 17},{3250, 17},{10292, 17},{5194, 17},{3762, 17},{10105, 15},{23475, 17},{3642, 7},
{17774, 7},{7560, 7},{10433, 7},{22945, 7},{25183, 7},{3644, 7},{24048, 7},{5784, 9},{5784, 9},{3635, 7},
{11056, 7},{18341, 17},{509, 17},{12321, 3},{20863, 12},{14032, 3},{15477, 3},{12151, 15},{16305, 15},{151, 17},
{10438, 7},{19516, 7},{22946, 7},{3917, 7},{880, 7},{17264, 9},{24038, 7},{25915, 8},{889, 17},{20316, 17},
{13480, 17},{14696, 17},{10971, 17},{150, 17},{22061, 17},{8475, 17},{18788, 3},{6995, 17},{4749, 17},{10174, 17},
{1299, 17},{17696, 17},{5619, 17},{5622, 17},{6178, 17},{9341, 17},{23395, 8},{5369, 8},{15740, 8},{10136, 8},
{25803, 8},{11918, 8},{9802, 8},{1961, 8},{22722, 8},{10759, 8},{12646, 8},{1469, 8},{2696, 8},{872, 17},
{5176, 8},{3459, 8},{1463, 8},{4194, 8},{6322, 8},{10138, 8},{12652, 8},{23389, 8},{25797, 8},{6108, 8},
{2698, 8},{15738, 8},{11916, 8},{22790, 8},{1959, 8},{6320, 8},{2697, 8},{1464, 8},{10139, 8},{3460, 8},
{11917, 8},{23390, 8},{15737, 8},{13758, 8},{6107, 8},{25796, 8},{4193, 8},{1960, 8},{5175, 8},{12651, 8},
{19950, 17},{11184, 17},{22825, 17},{18804, 17},{10982, 17},{7095, 13},{9008, 17},{3914, 17},{10500, 17},{22445, 17},
{4469, 17},{2822, 17},{4533, 17},{2781, 17},{7873, 17},{4058, 17},{11302, 17},{20688, 17},{18085, 17},{3764, 17},
{23824, 17},{1971, 17},{8934, 17},{2876, 17},{25036, 17},{14294, 15},{7623, 15},{229, 15},{16148, 15},{18814, 17},
{5788, 17},{712, 17},{22890, 17},{25112, 17},{9110, 17},{24508, 17},{23724, 17},{21645, 17},{12956, 17},{1545, 17},
{398, 17},{23686, 17},{20887, 13},{13486, 3},{9759, 17},{4021, 17},{20789, 17},{15283, 17},{3405, 17},{3760, 17},
{23849, 3},{25123, 12},{4079, 3},{1902, 3},{4100, 3},{20353, 3},{15844, 3},{25121, 3},{25582, 17},{11113, 17},
{7193, 12},{15113, 3},{7095, 3},{22912, 13},{20724, 17},{16479, 17},{24241, 17},{4217, 17},{18813, 17},{4147, 17},
{20881, 12},{13541, 3},{9700, 3},{8935, 17},{4020, 17},{13983, 17},{3788, 17},{26052, 17},{22322, 13},{7194, 3},
{14639, 3},{13772, 8},{15287, 8},{23323, 8},{21938, 8},{25448, 8},{22133, 8},{5821, 8},{15830, 8},{11520, 8},
{12880, 8},{4919, 8},{11347, 8},{18560, 8},{24873, 8},{2324, 17},{19475, 17},{23849, 17},{4914, 17},{11710, 17},
{23339, 17},{18977, 17},{9375, 17},{2785, 17},{23304, 17},{20770, 17},{16291, 17},{10709, 13},{21585, 3},{20403, 3},
{10499, 17},{22676, 17},{25450, 17},{26109, 17},{13617, 17},{12669, 17},{13030, 17},{17024, 17},{15017, 17},{2006, 17},
{14989, 17},{26033, 3},{11911, 3},{7091, 3},{3410, 3},{4221, 3},{23061, 12},{9542, 3},{6388, 13},{25034, 15},
{10384, 15},{6197, 15},{22423, 17},{18243, 3},{4112, 12},{10846, 12},{3234, 3},{21400, 3},{16866, 3},{10685, 17},
{23480, 17},{633, 17},{23758, 15},{6407, 15},{3055, 15},{18745, 15},{12201, 15},{15466, 15},{12207, 15},{14942, 15},
{17406, 15},{22978, 15},{1256, 15},{21341, 15},{8447, 15},{22530, 15},{13402, 15},{22975, 15},{3058, 15},{7518, 15},
{4939, 15},{10384, 15},{3052, 15},{23360, 15},{21345, 15},{2691, 15},{20776, 17},{14739, 17},{22746, 17},{16031, 15},
{9145, 15},{23808, 15},{10182, 17},{12456, 17},{15928, 15},{11835, 15},{14037, 15},{24579, 15},{23807, 15},{8503, 15},
{12129, 15},{25533, 15},{25538, 15},{13754, 15},{4825, 15},{15614, 15},{18711, 15},{16031, 15},{19805, 15},{25573, 15},
{11007, 15},{5198, 15},{13786, 15},{19778, 15},{3737, 15},{16269, 15},{25573, 15},{3574, 15},{18012, 15},{17196, 15},
{8784, 15},{14395, 15},{13786, 15},{2249, 17},{10004, 17},{8263, 7},{4074, 7},{15447, 9},{18454, 7},{11668, 7},
{1930, 7},{11313, 7},{16925, 7},{7244, 7},{15446, 9},{1927, 7},{8276, 7},{1928, 7},{4077, 7},{11314, 7},
{11663, 7},{23764, 7},{15449, 9},{1926, 7},{8272, 7},{12451, 7},{24023, 7},{4081, 7},{11322, 7},{11664, 7},
{11319, 7},{18450, 7},{21385, 7},{15448, 9},{1927, 7},{25192, 7},{21386, 7},{18449, 7},{15450, 9},{11661, 7},
{18454, 7},{11667, 7},{8266, 7},{4077, 7},{11666, 7},{16923, 7},{16922, 7},{12459, 7},{15449, 9},{21387, 7},
{11827, 7},{23769, 7},{12452, 7},{15451, 9},{21611, 7},{18449, 7},{12460, 7},{23763, 7},{11664, 7},{15450, 9},
{8270, 7},{24447, 17},{3153, 17},{4084, 7},{11317, 7},{15446, 9},{15458, 9},{21609, 7},{13665, 17},{2917, 17},
{16624, 17},{12471, 17},{4954, 17},{14595, 17},{7798, 17},{14185, 17},{20453, 17},{18699, 17},{21629, 17},{11967, 17},
{5113, 17},{14920, 17},{24046, 17},{13470, 17},{20444, 17},{7355, 3},{18246, 17},{13435, 17},{8581, 17},{20883, 17},
{6933, 17},{3471, 17},{25177, 17},{595, 3},{8613, 3},{15446, 13},{3932, 3},{1300, 3},{8519, 17},{2368, 17},
{20115, 17},{14457, 17},{24536, 17},{1628, 17},{5485, 3},{26349, 3},{7189, 12},{12708, 17},{19063, 17},{19139, 17},
{11048, 17},{5441, 17},{8044, 17},{11455, 8},{21059, 8},{24461, 8},{11331, 8},{14594, 8},{22432, 8},{25698, 8},
{4206, 8},{3975, 8},{6805, 8},{3943, 8},{16878, 8},{16580, 8},{18074, 8},{24020, 8},{25697, 8},{3940, 8},
{7102, 8},{22433, 8},{26435, 8},{11330, 8},{16581, 8},{18075, 8},{4205, 8},{11454, 8},{14595, 8},{24460, 8},
{24021, 8},{6804, 8},{21060, 8},{25700, 8},{21061, 8},{18072, 8},{11653, 8},{3935, 8},{14596, 8},{24018, 8},
{15359, 8},{13228, 8},{7913, 8},{11453, 8},{7099, 8},{16582, 8},{24459, 8},{22430, 8},{22431, 8},{18073, 8},
{11452, 8},{21062, 8},{14597, 8},{16583, 8},{16877, 8},{13227, 8},{25699, 8},{3933, 8},{11332, 8},{24019, 8},
{4203, 8},{24458, 8},{6802, 8},{22428, 8},{25702, 8},{11459, 8},{11335, 8},{13222, 8},{6801, 8},{16576, 8},
{24016, 8},{4202, 8},{24465, 8},{9341, 8},{18078, 8},{21055, 8},{7105, 8},{14598, 8},{24014, 8},{24463, 8},
{6799, 8},{16881, 8},{16578, 8},{14600, 8},{11337, 8},{18076, 8},{4200, 8},{13224, 8},{25704, 8},{21057, 8},
{11457, 8},{3927, 8},{22426, 8},{25703, 8},{24462, 8},{18077, 8},{14601, 8},{24015, 8},{9338, 8},{21058, 8},
{16579, 8},{16882, 8},{13223, 8},{4199, 8},{6798, 8},{15365, 8},{22427, 8},{11456, 8},{18439, 17},{4208, 8},
{9337, 8},{7109, 8},{25696, 8},{14602, 8},{6785, 8},{16585, 8},{11341, 8},{22421, 8},{21063, 8},{24022, 8},
{24471, 8},{6807, 8},{13216, 8},{11462, 8},{16586, 8},{18070, 8},{11340, 8},{21064, 8},{24470, 8},{9336, 8},
{11461, 8},{15904, 8},{7110, 8},{6806, 8},{4207, 8},{5100, 8},{22422, 8},{25695, 8},{14603, 8},{22418, 17},
{1572, 8},{7676, 8},{5568, 8},{7244, 8},{22257, 8},{22848, 17},{26292, 7},{10063, 7},{10060, 7},{24624, 7},
{7426, 7},{19127, 7},{15648, 7},{7430, 7},{25846, 7},{8522, 7},{22059, 7},{3294, 7},{25582, 7},{22055, 7},
{9417, 9},{2408, 7},{18910, 7},{10614, 7},{8746, 7},{4691, 7},{10980, 7},{12789, 7},{26296, 7},{20646, 7},
{17275, 7},{17802, 7},{13246, 7},{24626, 7},{4572, 7},{14377, 7},{17437, 7},{20643, 7},{22058, 7},{24241, 7},
{20434, 7},{26301, 7},{25580, 7},{9961, 0},{979, 7},{16468, 7},{10005, 7},{3291, 7},{22550, 7},{2915, 7},
{20642, 7},{18910, 7},{20438, 7},{21129, 7},{19133, 7},{9417, 9},{14374, 7},{5999, 17},{24241, 7},{10613, 7},
{17799, 7},{10008, 7},{22546, 7},{19129, 7},{2414, 7},{24624, 7},{19139, 9},{749, 7},{20649, 7},{8519, 7},
{7430, 7},{14655, 7},{5820, 7},{10620, 7},{26403, 7},{25584, 7},{15783, 7},{19133, 7},{25043, 7},{9622, 7},
{10059, 7},{16514, 7},{10006, 7},{26302, 7},{18308, 7},{16500, 7},{15649, 7},{17803, 7},{22327, 9},{16578, 7},
{3295, 7},{18303, 7},{10620, 7},{5824, 7},{11407, 7},{18339, 7},{26296, 7},{16571, 7},{14376, 7},{14369, 7},
{8745, 7},{12794, 7},{26294, 7},{10619, 7},{17708, 7},{24241, 7},{3293, 7},{25036, 7},{2923, 7},{5308, 7},
{25036, 7},{24234, 7},{4689, 7},{14373, 7},{11395, 7},{13505, 7},{1633, 7},{13246, 7},{18301, 7},{4572, 7},
{3298, 7},{18335, 7},{25582, 7},{20644, 7},{24621, 7},{21128, 7},{2916, 7},{5822, 7},{17439, 7},{22329, 9},
{17438, 7},{20438, 7},{26293, 7},{25043, 7},{5822, 7},{13242, 7},{15651, 7},{4300, 7},{8526, 7},{26168, 0},
{25042, 7},{5319, 7},{25584, 7},{11404, 7},{19132, 7},{10062, 7},{9615, 7},{11407, 7},{25586, 7},{22329, 9},
{17799, 7},{8745, 7},{965, 7},{8753, 7},{22322, 9},{17436, 7},{13244, 7},{14370, 7},{18343, 7},{13241, 7},
{25043, 7},{749, 7},{10063, 7},{17442, 7},{13246, 7},{5441, 7},{20647, 7},{8527, 7},{4683, 7},{18306, 7},
{26298, 7},{24630, 7},{17804, 7},{10616, 7},{966, 7},{18341, 7},{14923, 7},{22836, 7},{16851, 7},{18245, 0},
{9620, 7},{4300, 7},{5441, 7},{14921, 7},{22322, 9},{15783, 7},{25583, 7},{5322, 7},{3296, 7},{8752, 7},
{25845, 7},{5818, 7},{22553, 7},{17704, 7},{18672, 7},{10056, 7},{17805, 7},{5815, 7},{18308, 7},{11408, 7},
{25045, 7},{2923, 7},{22052, 7},{10612, 7},{17797, 7},{17280, 7},{21133, 7},{10619, 7},{978, 7},{18335, 7},
{20432, 7},{15786, 7},{8746, 7},{9618, 7},{25846, 7},{12638, 7},{10007, 7},{5816, 7},{19131, 7},{22058, 7},
{7430, 7},{4576, 7},{18883, 7},{8523, 7},{4688, 7},{25042, 7},{21132, 7},{19127, 7},{6207, 7},{22323, 9},
{9623, 7},{26299, 7},{18343, 7},{19549, 7},{14929, 7},{22825, 7},{17796, 7},{10057, 7},{979, 7},{17281, 7},
{24622, 7},{1637, 7},{17444, 7},{24629, 7},{5324, 7},{23539, 7},{7431, 7},{19125, 7},{14921, 7},{10054, 7},
{22323, 9},{10984, 7},{975, 7},{1413, 0},{5319, 7},{20872, 7},{3967, 17},{9251, 17},{4539, 17},{7104, 17},
{18343, 17},{25855, 17},{7034, 17},{15136, 17},{12754, 17},{2465, 17},{24996, 15},{8835, 17},{20761, 17},{4141, 17},
{20087, 17},{15431, 17},{17175, 17},{24673, 3},{11173, 13},{20722, 12},{20265, 15},{12042, 15},{11403, 17},{5782, 17},
{18369, 15},{3033, 15},{20583, 15},{3034, 15},{17805, 17},{13553, 17},{22500, 17},{1393, 17},{17335, 17},{25375, 17},
{13439, 12},{25194, 3},{1893, 3},{19445, 7},{10694, 7},{11339, 7},{3999, 7},{19952, 7},{10811, 7},{24173, 9},
{18700, 7},{4401, 7},{18773, 7},{2376, 7},{5762, 7},{10404, 7},{13059, 7},{17249, 7},{21310, 7},{25491, 7},
{2374, 7},{22744, 7},{19452, 7},{15431, 7},{11339, 7},{22202, 7},{19450, 7},{18771, 7},{18696, 7},{6277, 7},
{10409, 7},{17245, 7},{19143, 7},{26267, 7},{22200, 7},{18710, 7},{11616, 7},{24173, 9},{4408, 7},{21534, 7},
{22207, 7},{2376, 7},{25886, 7},{11680, 0},{21313, 7},{13065, 7},{24074, 7},{25889, 7},{10405, 7},{18760, 7},
{10408, 7},{17965, 7},{4408, 7},{3998, 7},{6897, 7},{23153, 7},{3997, 7},{17963, 7},{4409, 7},{5730, 7},
{11019, 7},{11067, 7},{19145, 7},{15360, 7},{19142, 7},{22000, 7},{25497, 7},{22206, 7},{22749, 7},{4124, 9},
{3589, 7},{9067, 7},{7678, 0},{496, 7},{15287, 7},{22743, 7},{15956, 7},{20277, 0},{12706, 7},{11019, 7},
{25883, 7},{15427, 7},{21993, 7},{3995, 7},{21996, 7},{11223, 7},{19148, 7},{25028, 9},{15950, 7},{3996, 7},
{15429, 7},{21533, 7},{3998, 7},{17251, 7},{12686, 7},{22015, 7},{13058, 7},{8551, 7},{9070, 7},{12707, 7},
{6390, 9},{17246, 7},{15950, 7},{4402, 7},{17245, 7},{10812, 7},{23690, 7},{22208, 7},{9065, 7},{25893, 7},
{17250, 7},{6139, 7},{12705, 7},{16834, 7},{18701, 7},{16826, 7},{13063, 7},{6897, 7},{3593, 7},{22012, 7},
{5727, 7},{24072, 7},{15947, 7},{3081, 7},{19452, 7},{18775, 7},{15949, 7},{2377, 7},{22748, 7},{6387, 9},
{12708, 7},{21306, 7},{11338, 7},{20596, 0},{25451, 7},{19958, 7},{21996, 7},{10405, 7},{24071, 7},{18761, 7},
{14689, 7},{25892, 7},{18772, 7},{11336, 7},{22749, 7},{26270, 7},{10805, 7},{5723, 7},{6388, 9},{25452, 7},
{17244, 7},{15431, 7},{10459, 7},{12679, 7},{3079, 7},{17965, 7},{3257, 7},{18768, 7},{20274, 0},{15102, 7},
{18702, 7},{5757, 7},{4405, 7},{26266, 7},{5762, 7},{22013, 7},{10458, 7},{19151, 7},{6146, 7},{21529, 7},
{21536, 7},{17248, 7},{18880, 7},{15108, 7},{17967, 7},{18696, 7},{20725, 7},{19146, 7},{22020, 7},{4206, 7},
{15284, 7},{12703, 7},{6388, 9},{6389, 9},{7947, 7},{23692, 7},{13057, 7},{4199, 7},{10405, 7},{22205, 7},
{22377, 7},{11219, 7},{9065, 7},{17244, 7},{24076, 7},{13064, 7},{2376, 7},{15948, 7},{6324, 7},{22015, 7},
{17972, 7},{18701, 7},{24070, 7},{14657, 0},{21529, 7},{23690, 7},{24071, 7},{21314, 7},{15952, 7},{10404, 7},
{21996, 7},{22747, 7},{4001, 7},{15946, 7},{4202, 7},{25889, 7},{15108, 7},{10458, 7},{25501, 7},{25494, 7},
{11013, 7},{10463, 7},{22202, 7},{18768, 7},{11026, 7},{20967, 7},{22208, 7},{4203, 7},{14668, 0},{6390, 9},
{15950, 7},{6025, 17},{16292, 17},{11076, 17},{23530, 17},{23821, 17},{2326, 13},{19141, 17},{5786, 17},{678, 8},
{10926, 8},{20315, 8},{8878, 8},{4175, 8},{15836, 8},{4099, 8},{23724, 8},{16384, 8},{877, 8},{9962, 8},
{21385, 8},{4639, 8},{10991, 8},{2114, 8},{24878, 17},{19151, 17},{764, 17},{5255, 17},{24316, 17},{11603, 17},
{23607, 7},{14696, 7},{11964, 7},{23956, 7},{3887, 7},{8154, 9},{9960, 7},{2151, 7},{16131, 7},{17891, 7},
{21430, 7},{8993, 7},{21935, 7},{21427, 7},{15073, 7},{23606, 7},{17884, 7},{22120, 7},{9959, 7},{8154, 9},
{16959, 7},{23820, 7},{23062, 7},{8994, 7},{16958, 7},{11580, 7},{24017, 7},{146, 7},{23959, 7},{15240, 7},
{11578, 7},{11957, 7},{18483, 7},{3881, 7},{17448, 15},{17450, 15},{3513, 1},{19302, 1},{21078, 1},{19161, 15},
{17451, 15},{21082, 1},{19158, 15},{19162, 15},{19156, 15},{19157, 15},{19159, 15},{10963, 1},{18540, 1},{19153, 15},
{17449, 15},{19152, 15},{17447, 15},{19160, 15},{11775, 1},{17452, 15},{25275, 1},{12501, 1},{19163, 15},{21934, 7},
{11965, 7},{4291, 7},{21110, 0},{23263, 7},{16760, 7},{7310, 7},{23818, 7},{24020, 7},{2295, 7},{16752, 7},
{21428, 7},{17136, 7},{18736, 7},{21630, 7},{8994, 7},{23292, 9},{21781, 7},{11957, 7},{149, 7},{5463, 7},
{9954, 7},{17885, 7},{5466, 7},{23777, 15},{1994, 15},{17633, 1},{1997, 15},{10962, 1},{1995, 15},{20575, 1},
{10591, 15},{26026, 1},{1985, 15},{1998, 15},{23775, 15},{23776, 15},{19299, 1},{10595, 15},{10175, 1},{26030, 1},
{21083, 1},{1991, 15},{1996, 15},{1992, 15},{1993, 15},{12142, 15},{5470, 7},{26099, 7},{4290, 7},{7318, 7},
{16755, 7},{23260, 7},{17136, 7},{23819, 7},{18733, 7},{3556, 7},{3557, 7},{10665, 7},{23956, 7},{6281, 7},
{8997, 7},{8153, 9},{17377, 7},{6446, 7},{3888, 7},{150, 7},{5471, 7},{17885, 7},{26178, 7},{11957, 7},
{15234, 7},{24526, 15},{9119, 1},{26024, 1},{25272, 1},{7848, 15},{24527, 15},{21330, 15},{7855, 15},{7850, 15},
{7851, 15},{24529, 15},{21664, 1},{24533, 15},{19797, 1},{24531, 15},{24532, 15},{7854, 15},{7849, 15},{24524, 15},
{25279, 1},{24525, 15},{24528, 15},{24530, 15},{21824, 15},{21845, 1},{16958, 7},{17143, 7},{148, 7},{6452, 7},
{23953, 7},{4292, 7},{3883, 7},{21778, 7},{17888, 7},{23607, 7},{4290, 7},{26183, 7},{23954, 7},{16758, 7},
{25300, 0},{10371, 7},{9955, 7},{11579, 7},{19358, 9},{16762, 7},{7311, 7},{11966, 7},{24022, 7},{145, 7},
{3884, 7},{15887, 7},{11969, 7},{7312, 7},{23261, 7},{146, 7},{18727, 7},{9955, 7},{148, 7},{19358, 9},
{6818, 7},{16955, 7},{143, 7},{11713, 7},{21428, 7},{16961, 7},{11708, 7},{12998, 15},{10958, 1},{1491, 1},
{19301, 1},{10173, 1},{5264, 15},{13000, 15},{4183, 1},{5272, 15},{18158, 1},{17296, 1},{14425, 1},{12996, 15},
{12999, 15},{6113, 15},{12997, 15},{6124, 15},{17615, 1},{5271, 15},{13001, 15},{6119, 15},{6102, 15},{6111, 15},
{25280, 1},{6117, 15},{6128, 15},{3296, 17},{5122, 17},{21729, 17},{24984, 17},{16935, 17},{5526, 17},{21936, 17},
{15482, 17},{22374, 17},{5989, 15},{6879, 15},{455, 15},{839, 15},{6884, 15},{5905, 15},{3861, 15},{15116, 15},
{2318, 15},{20017, 15},{9265, 15},{15663, 15},{12980, 15},{11478, 15},{8801, 15},{90, 15},{6482, 15},{88, 15},
{9228, 15},{90, 15},{20895, 15},{20900, 15},{2190, 15},{19438, 15},{13185, 15},{11693, 15},{18511, 15},{15310, 15},
{25442, 15},{20300, 15},{24332, 15},{19009, 15},{6070, 15},{5314, 15},{2150, 15},{3199, 15},{4804, 15},{62, 15},
{25355, 15},{23738, 15},{3191, 15},{23377, 15},{11168, 15},{2965, 15},{12529, 15},{3298, 17},{6228, 12},{20864, 12},
{12541, 3},{21649, 3},{14735, 17},{20725, 17},{15109, 17},{8747, 17},{1100, 17},{8634, 17},{16198, 17},{23157, 17},
{4775, 17},{644, 3},{18781, 12},{20713, 3},{1097, 17},{13351, 17},{23289, 17},{14347, 17},{12113, 17},{25584, 17},
{11574, 17},{22108, 17},{22043, 17},{15998, 17},{3927, 17},{20813, 17},{22912, 9},{12542, 7},{12538, 7},{4276, 7},
{12541, 7},{23551, 7},{13884, 7},{22912, 9},{7611, 7},{22509, 7},{19329, 7},{11059, 7},{16380, 7},{16381, 7},
{25124, 9},{23557, 7},{21991, 7},{5569, 7},{16387, 7},{25288, 7},{11057, 7},{9542, 7},{22003, 7},{9810, 7},
{19229, 9},{25124, 9},{24672, 7},{9904, 7},{11060, 7},{16706, 7},{9909, 7},{11066, 7},{16380, 7},{1973, 17},
{15232, 17},{21269, 17},{26237, 17},{25118, 17},{14051, 17},{25844, 17},{18880, 17},{20531, 17},{11176, 3},{4118, 13},
{906, 12},{22323, 13},{14487, 3},{20371, 3},{1400, 3},{24603, 17},{4721, 17},{5978, 17},{22772, 17},{3557, 8},
{6536, 8},{26265, 8},{9974, 8},{20647, 8},{11113, 8},{12318, 8},{13272, 8},{10288, 8},{8410, 8},{13818, 8},
{12889, 8},{2601, 8},{10681, 8},{7975, 8},{8193, 17},{26099, 17},{9516, 17},{725, 3},{26349, 13},{15483, 3},
{1897, 3},{19303, 3},{9887, 17},{7238, 15},{7445, 15},{7346, 15},{6259, 15},{6262, 15},{10644, 15},{17544, 15},
{13683, 15},{5476, 15},{6777, 15},{12048, 15},{10762, 15},{6261, 15},{20959, 15},{1769, 15},{23000, 15},{25207, 15},
{25649, 15},{20962, 15},{2843, 15},{12116, 17},{3386, 17},{9785, 17},{25554, 17},{17326, 17},{5717, 17},{18819, 17},
{1428, 9},{14596, 7},{4015, 7},{11803, 7},{17645, 7},{13704, 7},{23033, 7},{15998, 7},{15165, 7},{23039, 7},
{19740, 7},{12934, 7},{25063, 7},{8193, 7},{4903, 7},{10821, 7},{19736, 7},{13100, 7},{19811, 7},{21876, 7},
{9330, 7},{4024, 7},{11248, 7},{9333, 7},{23032, 7},{12930, 7},{13099, 7},{6531, 7},{4904, 7},{15170, 7},
{6014, 7},{1428, 9},{23157, 7},{10824, 7},{4903, 7},{23354, 7},{6190, 7},{19733, 7},{1252, 7},{22409, 7},
{23165, 7},{23322, 7},{17639, 7},{15142, 7},{1429, 9},{2645, 7},{4911, 7},{6190, 7},{13465, 7},{6528, 7},
{23388, 7},{21874, 7},{19020, 7},{14601, 7},{23156, 7},{23354, 7},{11800, 7},{3675, 7},{4625, 7},{12935, 7},
{6195, 7},{6527, 7},{2654, 7},{9332, 7},{15163, 7},{2655, 7},{15168, 7},{25821, 7},{2649, 7},{6013, 7},
{3679, 7},{9131, 9},{8176, 7},{16477, 7},{10818, 7},{6006, 7},{15144, 7},{25934, 7},{25930, 7},{274, 7},
{7967, 7},{12466, 7},{4897, 7},{22770, 7},{105, 7},{8199, 7},{4471, 0},{2655, 7},{6010, 7},{23318, 7},
{22108, 7},{8201, 7},{21872, 7},{23319, 7},{6193, 7},{13721, 7},{14595, 7},{15143, 7},{2651, 7},{8179, 7},
{25939, 7},{6528, 7},{8182, 7},{3675, 7},{17466, 7},{15997, 7},{16481, 7},{23320, 7},{9131, 9},{4016, 7},
{23352, 7},{19734, 7},{17472, 7},{3107, 7},{21877, 7},{24273, 7},{23346, 7},{5892, 7},{25937, 7},{9130, 9},
{8177, 7},{2649, 7},{22787, 7},{6525, 7},{13103, 7},{23033, 7},{15170, 7},{12449, 7},{4625, 7},{8201, 7},
{10824, 7},{6193, 7},{6528, 7},{22772, 7},{25935, 7},{6008, 7},{16480, 7},{19733, 7},{17471, 7},{6192, 7},
{6014, 7},{9130, 9},{24275, 7},{17639, 7},{15161, 7},{3673, 7},{3677, 7},{2651, 7},{13469, 7},{11803, 7},
{23033, 7},{100, 7},{4025, 7},{16479, 7},{15987, 7},{12386, 7},{13095, 7},{16473, 7},{23318, 7},{3370, 7},
{9329, 7},{11248, 7},{2645, 7},{10820, 7},{13095, 7},{3671, 7},{23040, 7},{19838, 7},{22050, 7},{11800, 7},
{19738, 7},{23160, 7},{17470, 7},{6011, 7},{19740, 7},{9127, 9},{25756, 7},{23157, 7},{11279, 7},{7867, 0},
{23317, 7},{8178, 7},{9126, 9},{22406, 7},{2646, 7},{17467, 7},{3671, 7},{11798, 7},{12926, 7},{15996, 7},
{6199, 7},{15995, 7},{22778, 7},{25937, 7},{23347, 7},{17471, 7},{25063, 7},{16482, 7},{6014, 7},{15140, 7},
{4609, 7},{3116, 7},{9129, 9},{3115, 7},{8182, 7},{13470, 7},{23161, 7},{6194, 7},{15997, 7},{11279, 7},
{3674, 7},{22787, 7},{13704, 7},{10820, 7},{6531, 7},{21918, 7},{6008, 7},{16206, 7},{23159, 7},{24274, 7},
{22827, 17},{15106, 17},{7106, 17},{7079, 17},{10589, 17},{7185, 17},{3449, 3},{12522, 3},{8772, 3},{9310, 17},
{12758, 17},{16388, 17},{17260, 13},{26146, 3},{25918, 13},{1412, 3},{12561, 17},{21387, 17},{13554, 17},{8843, 17},
{8664, 17},{3802, 8},{25384, 17},{21223, 17},{17256, 3},{9033, 13},{8365, 12},{14667, 3},{3453, 12},{3294, 17},
{3801, 8},{4610, 17},{6274, 17},{19473, 17},{7289, 17},{23557, 17},{3800, 8},{25292, 17},{7809, 17},{2373, 17},
{25711, 17},{17324, 17},{11199, 17},{14050, 8},{8611, 8},{1689, 8},{25304, 8},{19300, 8},{8777, 8},{22374, 8},
{18437, 8},{18611, 8},{13587, 8},{16924, 8},{26237, 8},{21103, 8},{1541, 8},{23967, 8},{22373, 8},{19907, 8},
{8778, 8},{1540, 8},{25305, 8},{14051, 8},{8610, 8},{16923, 8},{18612, 8},{13586, 8},{23965, 8},{1690, 8},
{18436, 8},{19299, 8},{21104, 8},{21101, 8},{1543, 8},{18613, 8},{25302, 8},{8609, 8},{1691, 8},{26015, 8},
{26235, 8},{14052, 8},{8775, 8},{16922, 8},{13589, 8},{19298, 8},{18435, 8},{22372, 8},{8776, 8},{26236, 8},
{26014, 8},{19297, 8},{18434, 8},{1692, 8},{8608, 8},{18614, 8},{22371, 8},{1542, 8},{19965, 8},{21102, 8},
{14053, 8},{13588, 8},{16921, 8},{19304, 8},{1693, 8},{18433, 8},{16920, 8},{8615, 8},{13591, 8},{1545, 8},
{26233, 8},{8773, 8},{20907, 8},{18615, 8},{26009, 8},{14046, 8},{22370, 8},{25300, 8},{26234, 8},{21108, 8},
{8774, 8},{1544, 8},{16919, 8},{1694, 8},{8614, 8},{26008, 8},{14047, 8},{18616, 8},{13590, 8},{18432, 8},
{22369, 8},{25301, 8},{19303, 8},{1695, 8},{19302, 8},{18431, 8},{1547, 8},{18617, 8},{8613, 8},{22368, 8},
{25177, 8},{26011, 8},{25298, 8},{14048, 8},{13593, 8},{16918, 8},{8771, 8},{21105, 8},{8612, 8},{14049, 8},
{19301, 8},{1546, 8},{20905, 8},{26010, 8},{18618, 8},{13592, 8},{18430, 8},{25183, 8},{22367, 8},{16917, 8},
{1696, 8},{8772, 8},{25299, 8},{26220, 17},{3798, 8},{8768, 8},{16926, 8},{14054, 8},{19306, 8},{22363, 8},
{18439, 8},{18609, 8},{13596, 8},{26239, 8},{8606, 8},{16751, 8},{25306, 8},{20873, 8},{1539, 8},{1699, 8},
{22362, 8},{8769, 8},{23976, 8},{18438, 8},{8605, 8},{13595, 8},{18610, 8},{25307, 8},{16925, 8},{14055, 8},
{25215, 8},{19305, 8},{1700, 8},{1538, 8},{20875, 8},{23452, 17},{8993, 17},{10555, 17},{15446, 17},{13536, 17},
{16832, 17},{3292, 8},{3330, 8},{25936, 8},{21100, 8},{25665, 8},{23062, 8},{12175, 8},{10583, 8},{7392, 8},
{6002, 8},{15869, 8},{18423, 8},{10308, 8},{24901, 8},{15951, 8},{21983, 17},{4650, 8},{4679, 8},{15367, 8},
{8959, 8},{4018, 8},{5165, 8},{5973, 8},{15236, 8},{23531, 8},{15297, 8},{22607, 8},{14774, 8},{20534, 8},
{25318, 8},{15298, 8},{5974, 8},{12789, 8},{4649, 8},{15237, 8},{25321, 8},{25317, 8},{11336, 8},{14773, 8},
{22608, 8},{5166, 8},{20533, 8},{4019, 8},{4678, 8},{5163, 8},{15295, 8},{15363, 8},{4681, 8},{20532, 8},
{23533, 8},{15234, 8},{22605, 8},{14772, 8},{4648, 8},{4020, 8},{5975, 8},{25324, 8},{16423, 8},{15360, 8},
{4021, 8},{14771, 8},{16415, 8},{23537, 8},{4680, 8},{5976, 8},{15296, 8},{5164, 8},{15235, 8},{4647, 8},
{22606, 8},{20531, 8},{20013, 8},{23539, 8},{20538, 8},{24554, 8},{4654, 8},{25322, 8},{5977, 8},{4675, 8},
{19998, 8},{11333, 8},{15232, 8},{5161, 8},{15301, 8},{22611, 8},{14770, 8},{15233, 8},{16433, 8},{4653, 8},
{5978, 8},{22612, 8},{19996, 8},{14769, 8},{15358, 8},{16571, 8},{4015, 8},{20537, 8},{5162, 8},{15302, 8},
{4674, 8},{5979, 8},{14768, 8},{4652, 8},{6286, 8},{12794, 8},{15230, 8},{5159, 8},{20000, 8},{20536, 8},
{4016, 8},{15299, 8},{15357, 8},{4677, 8},{22609, 8},{15231, 8},{15300, 8},{5980, 8},{25323, 8},{14767, 8},
{4676, 8},{22610, 8},{12795, 8},{15356, 8},{19999, 8},{4017, 8},{20535, 8},{5160, 8},{4651, 8},{11339, 8},
{4656, 8},{5167, 8},{4673, 8},{19987, 8},{5981, 8},{20529, 8},{15303, 8},{14765, 8},{22602, 8},{12785, 8},
{15239, 8},{25316, 8},{4024, 8},{4672, 8},{15240, 8},{20528, 8},{20701, 8},{5168, 8},{5982, 8},{12786, 8},
{11338, 8},{22603, 8},{4025, 8},{4655, 8},{14764, 8},{19994, 8},{25311, 8},{25385, 17},{1408, 3},{13586, 3},
{13353, 3},{23554, 17},{16557, 17},{170, 17},{8613, 17},{6159, 17},{19534, 17},{22140, 17},{4476, 17},{2864, 15},
{19241, 15},{2870, 15},{11638, 15},{10240, 15},{11809, 7},{16180, 7},{17206, 7},{12880, 7},{3727, 7},{7798, 7},
{23911, 7},{11181, 7},{25818, 7},{5628, 7},{15907, 7},{21490, 7},{24047, 7},{280, 7},{15547, 9},{12590, 7},
{10826, 7},{19692, 7},{21061, 7},{23134, 7},{10434, 7},{15547, 9},{6168, 7},{4898, 7},{15139, 7},{14717, 7},
{22246, 7},{21488, 7},{14757, 7},{22241, 7},{9882, 7},{7798, 7},{13269, 7},{11181, 7},{18966, 7},{4355, 7},
{15138, 7},{158, 7},{19019, 7},{19026, 7},{8173, 7},{23398, 7},{21495, 7},{11270, 7},{26115, 7},{17204, 7},
{11815, 7},{6162, 7},{17641, 7},{9312, 7},{1090, 7},{19387, 7},{4910, 7},{17643, 7},{25726, 7},{22243, 7},
{17478, 7},{22238, 7},{287, 7},{15546, 9},{25722, 7},{23409, 7},{23129, 7},{16683, 7},{278, 7},{21489, 7},
{19016, 7},{7751, 7},{5553, 7},{20785, 7},{1085, 7},{5553, 7},{6353, 7},{9888, 7},{15137, 7},{6639, 7},
{11267, 7},{23133, 7},{23910, 7},{21056, 7},{5977, 7},{3726, 7},{19386, 7},{15546, 9},{26112, 7},{16687, 7},
{285, 7},{5194, 7},{4356, 7},{22503, 0},{4748, 7},{19691, 7},{13267, 7},{1089, 7},{13865, 15},{20222, 15},
{14541, 15},{26272, 15},{24920, 15},{10240, 15},{981, 15},{16615, 15},{7024, 15},{19193, 15},{9918, 15},{21042, 15},
{9674, 15},{22281, 15},{2868, 15},{22282, 15},{21974, 15},{24566, 12},{7153, 13},{1931, 3},{20589, 17},{4951, 17},
{8697, 1},{8951, 15},{8949, 15},{17739, 1},{22373, 1},{1596, 15},{14063, 1},{8950, 15},{8953, 15},{14896, 15},
{14902, 15},{21267, 1},{14900, 15},{14893, 15},{14901, 15},{3933, 1},{14897, 15},{20244, 1},{14895, 15},{14894, 15},
{2008, 1},{14899, 15},{9218, 1},{14059, 1},{14898, 15},{4137, 1},{21261, 1},{5885, 15},{9787, 1},{22889, 1},
{21651, 1},{5884, 15},{7991, 1},{5883, 15},{5881, 15},{6002, 1},{5886, 15},{5882, 15},{9591, 1},{5887, 15},
{5880, 15},{14060, 1},{19776, 15},{19775, 15},{19769, 15},{1577, 1},{12903, 1},{19774, 15},{19772, 15},{2750, 1},
{19771, 15},{19778, 15},{4146, 1},{1452, 1},{19770, 15},{19773, 15},{12904, 1},{24536, 1},{3575, 15},{18993, 1},
{3574, 15},{21263, 1},{19715, 1},{3569, 15},{2744, 1},{21270, 1},{3577, 15},{10920, 1},{21137, 1},{3570, 15},
{3573, 15},{3572, 15},{17089, 1},{22371, 1},{3571, 15},{7028, 1},{3576, 15},{3578, 15},{19862, 1},{16483, 1},
{19725, 1},{14190, 1},{25738, 1},{4824, 15},{22419, 1},{24222, 1},{12409, 1},{9891, 1},{21647, 1},{4822, 15},
{4823, 15},{5970, 1},{4821, 15},{3230, 1},{4820, 15},{4825, 15},{1572, 1},{14193, 1},{14070, 1},{16072, 1},
{15602, 1},{10927, 1},{26062, 15},{26048, 15},{22890, 1},{1573, 1},{8702, 1},{16123, 15},{15890, 15},{16119, 15},
{3231, 1},{2007, 1},{16121, 15},{16074, 1},{1571, 1},{4379, 15},{9786, 1},{4382, 15},{2748, 1},{9784, 1},
{21645, 1},{2743, 1},{4368, 15},{22367, 1},{4381, 15},{4378, 15},{4377, 15},{14770, 1},{4138, 1},{4375, 15},
{4376, 15},{22416, 1},{4380, 15},{6518, 15},{6520, 15},{751, 1},{4139, 1},{6519, 15},{6517, 15},{6513, 15},
{22369, 1},{1575, 1},{6514, 15},{15957, 1},{5357, 1},{5617, 15},{5610, 15},{8700, 1},{8707, 1},{909, 1},
{7259, 1},{5193, 15},{17099, 1},{9783, 1},{10929, 1},{5608, 15},{2012, 1},{9567, 1},{5198, 15},{21648, 1},
{5609, 15},{6428, 15},{5192, 15},{3413, 17},{21845, 3},{12516, 3},{6670, 3},{7676, 3},{14239, 3},{1404, 3},
{9415, 13},{20335, 17},{15447, 17},{21750, 17},{11365, 8},{10690, 17},{11364, 8},{11875, 17},{22768, 17},{11874, 17},
{24875, 17},{14816, 17},{1333, 15},{19047, 15},{18642, 15},{842, 15},{7951, 15},{26066, 15},{6878, 15},{19051, 15},
{21674, 15},{1331, 15},{21734, 17},{19549, 17},{26180, 17},{19146, 17},{6354, 8},{11361, 8},{19718, 17},{7128, 17},
{6357, 8},{15444, 8},{7564, 17},{14355, 3},{20882, 13},{2630, 12},{25455, 17},{12926, 17},{24832, 8},{26353, 8},
{11170, 8},{4106, 8},{3404, 8},{14699, 17},{196, 17},{6296, 13},{9142, 12},{5021, 17},{10559, 17},{17830, 17},
{26185, 17},{9885, 17},{19551, 17},{7682, 17},{9589, 17},{10825, 8},{23308, 8},{18127, 8},{21049, 8},{13567, 8},
{2825, 8},{24604, 8},{15433, 8},{21832, 17},{18124, 17},{20454, 17},{15074, 17},{10059, 17},{23762, 17},{17388, 17},
{22516, 17},{18487, 17},{19972, 15},{2229, 15},{1721, 15},{20984, 15},{8733, 15},{21256, 15},{23711, 15},{19943, 15},
{25503, 15},{20076, 15},{14447, 15},{19971, 15},{13396, 15},{16362, 15},{19946, 15},{23705, 15},{2274, 15},{11554, 15},
{14445, 15},{16355, 15},{26309, 15},{25634, 15},{348, 15},{2229, 15},{2209, 15},{19970, 15},{26304, 15},{25638, 15},
{1184, 15},{11733, 15},{2674, 17},{7386, 17},{6464, 17},{8522, 17},{1304, 13},{19358, 12},{7867, 3},{20273, 3},
{19907, 3},{22260, 17},{8773, 17},{4294, 17},{7359, 17},{2248, 17},{5313, 17},{13704, 17},{19145, 17},{11130, 17},
{9542, 17},{16131, 17},{21828, 17},{8021, 17},{24514, 7},{7720, 7},{1040, 7},{9375, 7},{24512, 7},{23305, 7},
{16934, 7},{15500, 9},{11131, 7},{23335, 7},{10425, 7},{506, 7},{717, 0},{21900, 7},{8217, 7},{15586, 7},
{2678, 7},{2222, 17},{2305, 17},{21309, 9},{10428, 7},{6990, 7},{2246, 7},{9724, 7},{13649, 7},{22431, 7},
{2245, 7},{17312, 7},{18921, 7},{16936, 7},{320, 7},{17170, 7},{19472, 7},{2676, 7},{24511, 7},{10162, 7},
{6988, 7},{10441, 17},{17685, 7},{4327, 7},{23301, 7},{23303, 7},{24874, 7},{10426, 7},{22320, 7},{10651, 7},
{12959, 7},{17317, 7},{321, 7},{10521, 7},{13101, 7},{23333, 7},{9356, 7},{20187, 7},{5159, 7},{10155, 7},
{7915, 7},{2244, 7},{8217, 7},{4777, 7},{20211, 9},{21900, 7},{19481, 7},{16525, 7},{10425, 7},{17904, 7},
{18922, 7},{7723, 7},{21828, 7},{14241, 17},{7990, 15},{22715, 15},{22855, 15},{14871, 15},{20310, 17},{3494, 17},
{4775, 7},{16523, 7},{4782, 7},{11125, 7},{22311, 7},{23997, 7},{15584, 7},{24517, 7},{24518, 7},{10528, 7},
{4851, 7},{22427, 7},{17309, 7},{2244, 7},{2675, 7},{20216, 9},{10425, 7},{10162, 7},{5167, 7},{23035, 17},
{2433, 17},{22894, 17},{23766, 17},{1764, 15},{9243, 15},{11124, 7},{24874, 7},{22430, 7},{21833, 7},{2243, 7},
{7716, 7},{17905, 7},{21982, 7},{12946, 7},{5912, 7},{17316, 7},{9351, 7},{15577, 7},{11123, 7},{16935, 7},
{22319, 7},{2675, 7},{17902, 7},{26372, 7},{9726, 7},{20216, 9},{510, 7},{10420, 7},{508, 7},{4328, 7},
{10161, 7},{505, 7},{23342, 7},{25663, 7},{14343, 0},{25198, 17},{20767, 17},{25279, 17},{25738, 17},{9810, 17},
{25721, 17},{23502, 3},{23551, 3},{14054, 3},{15450, 13},{12034, 17},{16197, 8},{3252, 8},{498, 8},{24040, 8},
{20771, 8},{16825, 8},{17444, 8},{5254, 8},{3599, 8},{20813, 8},{3114, 8},{3250, 8},{2538, 8},{10365, 8},
{18592, 8},{12333, 17},{23405, 17},{25889, 17},{2455, 13},{12967, 3},{25782, 17},{16752, 17},{19377, 17},{3709, 17},
{2671, 17},{14950, 17},{25955, 17},{14781, 17},{21442, 17},{21650, 17},{17595, 17},{25215, 3},{587, 3},{4111, 12},
{4985, 17},{21612, 17},{22012, 17},{12679, 17},{21752, 17},{17811, 17},{3160, 17},{19526, 3},{18435, 3},{9760, 3},
{8575, 3},{8831, 3},{5095, 13},{4270, 3},{4120, 12},{22141, 17},{7744, 17},{10958, 3},{22809, 13},{26222, 13},
{23967, 3},{26229, 3},{23950, 3},{21216, 3},{11827, 3},{11406, 17},{6671, 17},{3185, 17},{6654, 17},{18454, 3},
{25282, 3},{314, 17},{19129, 17},{4574, 17},{22406, 17},{26275, 17},{20876, 3},{21395, 3},{12171, 17},{10442, 17},
{9928, 17},{11912, 13},{13884, 3},{902, 12},{11442, 3},{22809, 3},{3369, 7},{2225, 7},{14721, 7},{21491, 7},
{9652, 7},{25719, 7},{17200, 7},{14760, 7},{12169, 7},{5973, 7},{16679, 7},{10819, 7},{23917, 7},{23405, 7},
{21061, 7},{11811, 7},{4129, 9},{23916, 7},{10826, 7},{20644, 17},{25287, 17},{12563, 17},{15845, 3},{20272, 3},
{22810, 3},{9888, 17},{25849, 17},{25742, 17},{21622, 17},{18787, 17},{18078, 17},{8040, 17},{10788, 17},{6086, 17},
{7085, 17},{25670, 4},{12959, 4},{23304, 4},{13617, 4},{5161, 4},{6992, 4},{15206, 14},{2674, 4},{17692, 4},
{10154, 4},{724, 4},{24513, 4},{16525, 4},{17166, 4},{23997, 4},{12113, 4},{23302, 4},{21898, 4},{22317, 4},
{17904, 4},{16934, 4},{21282, 2},{7269, 2},{11125, 4},{16931, 4},{11130, 4},{9366, 4},{11442, 2},{1034, 4},
{14344, 4},{20905, 4},{14342, 4},{21899, 4},{6694, 4},{21833, 4},{20182, 4},{7939, 4},{9374, 4},{315, 4},
{1400, 4},{16430, 4},{16523, 4},{15728, 4},{10427, 4},{9354, 4},{16526, 4},{7277, 2},{23336, 4},{17162, 4},
{10157, 4},{2679, 4},{12946, 4},{7915, 4},{17163, 4},{2247, 4},{20403, 4},{22428, 4},{22421, 4},{5911, 4},
{16517, 4},{8214, 4},{19476, 4},{3615, 4},{10996, 14},{7273, 2},{720, 4},{20402, 4},{24872, 4},{15589, 4},
{12051, 4},{314, 4},{22315, 4},{14340, 4},{6994, 4},{4849, 4},{24517, 4},{24569, 2},{8225, 4},{1399, 4},
{725, 4},{15577, 4},{4852, 4},{8218, 4},{16425, 4},{22314, 4},{2618, 4},{19475, 4},{17900, 4},{15723, 4},
{4782, 4},{721, 4},{24878, 4},{22311, 4},{23996, 4},{15202, 14},{15587, 4},{24874, 4},{22430, 4},{14720, 4},
{24566, 2},{18919, 4},{8627, 4},{992, 4},{6988, 4},{15721, 4},{24002, 4},{8871, 4},{5160, 4},{9371, 4},
{4774, 4},{6991, 4},{4328, 4},{15729, 4},{8645, 4},{10426, 4},{21838, 4},{7529, 4},{26376, 4},{18914, 4},
{24572, 2},{13624, 4},{23339, 4},{25668, 4},{20188, 4},{17170, 4},{10523, 4},{4856, 4},{9347, 4},{22313, 4},
{8604, 4},{24516, 4},{1040, 4},{13405, 4},{24879, 4},{1395, 4},{7274, 2},{6695, 4},{22427, 4},{17309, 4},
{504, 4},{21896, 4},{5165, 4},{17906, 4},{24512, 4},{17317, 4},{321, 4},{20187, 4},{15726, 4},{19480, 4},
{3453, 2},{19477, 4},{17160, 4},{8674, 4},{14332, 4},{3612, 4},{4778, 4},{12111, 4},{16933, 4},{2240, 4},
{23300, 4},{17685, 4},{23308, 4},{18920, 4},{1038, 4},{3450, 2},{8221, 4},{18918, 4},{7271, 2},{17165, 4},
{15203, 14},{10160, 4},{15246, 2},{11126, 4},{7724, 4},{25669, 4},{17318, 4},{17901, 4},{11128, 4},{2242, 4},
{22310, 4},{1035, 4},{10994, 14},{21102, 4},{15730, 4},{13406, 4},{9369, 4},{13407, 4},{4854, 4},{15201, 14},
{505, 4},{8217, 4},{8672, 4},{5166, 4},{5163, 4},{4254, 4},{15586, 4},{20186, 4},{8602, 4},{15500, 2},
{5162, 4},{15505, 2},{7727, 4},{25667, 4},{4256, 4},{16521, 4},{11082, 2},{23305, 4},{2245, 4},{7274, 6},
{1943, 4},{13411, 4},{3044, 4},{10159, 4},{8224, 4},{17169, 4},{13625, 4},{2677, 4},{8878, 4},{312, 4},
{6474, 4},{16426, 4},{9721, 4},{16435, 4},{20183, 4},{21101, 4},{2675, 4},{17315, 4},{6698, 4},{498, 4},
{12956, 4},{16938, 4},{3614, 4},{2239, 4},{510, 4},{2673, 4},{10520, 4},{15583, 4},{5168, 4},{719, 4},
{23342, 4},{25663, 4},{6700, 4},{9350, 4},{17903, 4},{18921, 4},{17684, 4},{19478, 4},{24515, 4},{5914, 4},
{10422, 4},{20185, 4},{10428, 4},{15722, 4},{22431, 4},{5164, 4},{16522, 4},{12116, 4},{10424, 4},{17907, 4},
{3455, 2},{8410, 4},{15205, 14},{1036, 4},{24518, 4},{8671, 4},{6986, 4},{2676, 4},{4252, 4},{8220, 4},
{16432, 4},{22433, 4},{20875, 4},{8641, 4},{22319, 4},{8874, 4},{2249, 4},{24511, 4},{4855, 4},{15199, 14},
{4775, 4},{5915, 4},{8219, 4},{24568, 2},{6703, 4},{24876, 4},{19481, 4},{12118, 4},{12984, 4},{4253, 4},
{6704, 4},{2248, 4},{3621, 4},{16937, 4},{21832, 4},{8215, 4},{10528, 4},{12117, 4},{23333, 4},{17164, 4},
{17161, 4},{8877, 4},{24880, 4},{17905, 4},{1039, 4},{3613, 4},{4781, 4},{7278, 2},{7725, 4},{4859, 4},
{7726, 4},{4777, 4},{11132, 4},{14225, 4},{21828, 4},{15195, 14},{14341, 4},{10155, 4},{17310, 4},{9726, 4},
{8601, 4},{9346, 4},{17689, 4},{10153, 4},{25662, 4},{318, 4},{25672, 4},{16932, 4},{507, 4},{17312, 4},
{11124, 4},{16518, 4},{16939, 4},{21103, 4},{7270, 2},{20189, 4},{3090, 4},{21834, 4},{4776, 4},{17898, 4},
{7717, 4},{23303, 4},{14724, 4},{11123, 4},{2672, 4},{311, 4},{16527, 4},{18917, 4},{13616, 4},{25841, 4},
{20190, 4},{7928, 4},{17686, 4},{24881, 4},{21900, 4},{13649, 4},{9355, 4},{5167, 4},{4251, 4},{24873, 4},
{9356, 4},{8655, 4},{21837, 4},{4326, 4},{15727, 4},{4851, 4},{5904, 4},{17311, 4},{2671, 4},{10162, 4},
{320, 4},{20978, 4},{9738, 4},{13413, 4},{4325, 4},{16520, 4},{8607, 4},{1041, 4},{10425, 4},{21895, 4},
{8624, 4},{21108, 4},{2246, 4},{20216, 2},{23309, 4},{21836, 4},{22320, 4},{23335, 4},{3619, 4},{319, 4},
{516, 4},{6995, 4},{7722, 4},{20211, 2},{9373, 4},{2244, 4},{23999, 4},{2175, 4},{10642, 4},{4329, 4},
{26372, 4},{23306, 4},{9372, 4},{26381, 4},{4773, 4},{21105, 4},{9353, 4},{21980, 4},{3447, 2},{3616, 4},
{14345, 4},{22432, 4},{15588, 4},{9370, 4},{506, 4},{16437, 4},{17316, 4},{9724, 4},{3452, 2},{7275, 2},
{21983, 4},{10421, 4},{20873, 4},{10423, 4},{499, 4},{10995, 14},{17313, 4},{4853, 4},{25349, 4},{25671, 4},
{10649, 4},{13620, 4},{19473, 4},{1033, 4},{723, 4},{4249, 4},{20404, 4},{21982, 4},{11129, 4},{22426, 4},
{17902, 4},{14722, 4},{4248, 4},{12114, 4},{4858, 4},{24001, 4},{7268, 2},{21309, 2},{3456, 2},{6987, 4},
{716, 4},{10527, 4},{10419, 4},{15200, 14},{19471, 4},{23995, 4},{21831, 4},{8666, 4},{4255, 4},{5912, 4},
{2678, 4},{26366, 4},{7716, 4},{17683, 4},{13621, 4},{20907, 4},{12119, 4},{14719, 4},{4323, 4},{9352, 4},
{24877, 4},{12043, 4},{7721, 4},{25665, 4},{15584, 4},{317, 4},{4330, 4},{18916, 4},{722, 4},{10997, 14},
{4772, 4},{21894, 4},{8669, 4},{8651, 4},{19472, 4},{718, 4},{17899, 4},{4779, 4},{13412, 4},{25666, 4},
{509, 4},{6701, 4},{8872, 4},{4332, 4},{717, 4},{4850, 4},{17687, 4},{2159, 4},{21835, 4},{5159, 4},
{1396, 4},{15725, 4},{15585, 4},{10651, 4},{21104, 4},{6990, 4},{22429, 4},{21902, 4},{3618, 4},{12112, 4},
{4247, 4},{24508, 4},{9375, 4},{9367, 4},{13410, 4},{24514, 4},{9368, 4},{10156, 4},{24571, 2},{20397, 4},
{16524, 4},{8632, 4},{15204, 14},{23301, 4},{23338, 4},{14241, 4},{19474, 4},{13404, 4},{6699, 4},{5903, 4},
{15194, 14},{8675, 4},{8876, 4},{16935, 4},{15724, 4},{12115, 4},{10161, 4},{13408, 4},{8634, 4},{25829, 4},
{17314, 4},{2670, 4},{24570, 2},{21981, 4},{3454, 2},{18915, 4},{13101, 4},{3617, 4},{4324, 4},{8216, 4},
{4331, 4},{11131, 4},{17568, 4},{2635, 4},{17691, 4},{17159, 4},{2243, 4},{9351, 4},{3449, 2},{10659, 4},
{503, 4},{508, 4},{2548, 4},{11127, 4},{21901, 4},{23998, 4},{16936, 4},{10420, 4},{17690, 4},{20184, 4},
{24509, 4},{9349, 4},{21829, 4},{6993, 4},{1037, 4},{1042, 4},{4327, 4},{14343, 4},{18922, 4},{22312, 4},
{7720, 4},{6697, 4},{3451, 2},{7723, 4},{13409, 4},{24160, 4},{3448, 2},{8869, 4},{17688, 4},{986, 4},
{4250, 4},{10521, 4},{6702, 4},{14333, 4},{23337, 4},{23307, 4},{22422, 4},{16930, 4},{15391, 4},{8875, 4},
{3620, 4},{7272, 2},{316, 4},{12120, 4},{6989, 4},{18650, 17},{15162, 17},{10432, 7},{877, 7},{900, 9},
{17259, 17},{24835, 12},{13747, 3},{25124, 3},{9959, 17},{21877, 17},{10785, 17},{4324, 17},{3454, 3},{15841, 3},
{20551, 15},{24231, 15},{2612, 15},{2279, 15},{17684, 17},{1508, 15},{10390, 15},{19041, 15},{26219, 15},{23358, 15},
{13413, 17},{18601, 17},{11506, 17},{4572, 17},{6, 17},{1542, 17},{12334, 13},{6385, 3},{5784, 13},{21117, 3},
{16922, 3},{9452, 12},{6534, 17},{2311, 17},{21247, 17},{12908, 17},{1390, 17},{3408, 17},{1605, 17},{24286, 17},
{9356, 17},{25321, 17},{2313, 17},{16204, 17},{20187, 17},{9882, 17},{4064, 3},{13592, 3},{13617, 3},{9131, 17},
{769, 17},{16386, 3},{14306, 12},{2110, 3},{12497, 3},{1930, 17},{20841, 17},{6627, 17},{17674, 3},{12460, 3},
{15447, 13},{22045, 17},{10503, 15},{17913, 15},{4203, 17},{23027, 15},{9518, 17},{19449, 17},{24076, 17},{20878, 17},
{5320, 17},{2627, 12},{17813, 12},{9555, 12},{4635, 3},{9553, 12},{26002, 12},{1626, 17},{11518, 17},{26178, 17},
{20491, 17},{3472, 17},{4363, 17},{6386, 3},{1409, 3},{4081, 3},{9908, 3},{1544, 17},{20309, 3},{24831, 12},
{6287, 13},{7155, 13},{1430, 12},{8365, 17},{8873, 17},{24164, 17},{20971, 17},{23853, 17},{25667, 17},{25769, 17},
{26060, 17},{15116, 15},{4255, 1},{15115, 15},{13621, 1},{20182, 1},{15122, 15},{15117, 15},{15118, 15},{15121, 15},
{15120, 15},{1395, 1},{8876, 1},{15123, 15},{10428, 1},{15119, 15},{15114, 15},{2007, 17},{3394, 17},{2782, 17},
{22865, 17},{20211, 13},{24363, 13},{12332, 3},{9456, 3},{11907, 17},{21831, 17},{26224, 12},{2779, 17},{14564, 17},
{21508, 4},{221, 4},{2708, 4},{1445, 2},{649, 14},{4362, 4},{10018, 4},{8662, 4},{21625, 4},{2712, 4},
{8939, 4},{7050, 4},{10902, 4},{12303, 4},{7560, 4},{19513, 4},{8673, 4},{12886, 4},{7051, 4},{17259, 2},
{882, 4},{17262, 2},{10015, 4},{23591, 4},{8941, 4},{10900, 4},{17265, 2},{1835, 4},{17958, 4},{14209, 4},
{4389, 4},{651, 14},{1075, 4},{3642, 4},{8935, 4},{16882, 4},{4259, 4},{220, 4},{1978, 4},{7053, 4},
{883, 4},{11062, 4},{9402, 4},{17948, 4},{7055, 4},{8932, 4},{7762, 4},{7288, 4},{5784, 2},{22608, 4},
{14007, 4},{11193, 4},{4862, 4},{23384, 4},{8661, 4},{1077, 4},{22610, 4},{5800, 4},{8934, 4},{21628, 4},
{372, 4},{3639, 4},{7764, 4},{21627, 4},{19711, 4},{18113, 4},{14005, 4},{16877, 4},{12894, 4},{18105, 4},
{7284, 4},{15581, 4},{874, 4},{3915, 4},{21632, 4},{3640, 4},{10903, 4},{3908, 4},{4870, 4},{2714, 4},
{5799, 4},{15828, 4},{14245, 4},{364, 4},{2392, 4},{12895, 4},{7109, 4},{21510, 4},{7558, 4},{5793, 4},
{11194, 4},{24038, 4},{7099, 4},{14004, 4},{17256, 2},{18061, 14},{22344, 4},{21501, 4},{1977, 4},{22944, 4},
{17214, 4},{1079, 4},{12890, 4},{7054, 4},{3635, 4},{10432, 4},{5795, 4},{22603, 4},{21626, 4},{20781, 4},
{5791, 4},{14739, 4},{4358, 4},{14215, 4},{19517, 4},{1836, 4},{14210, 4},{11201, 4},{22612, 4},{2710, 4},
{9407, 4},{7285, 4},{22611, 4},{875, 4},{172, 4},{14006, 4},{3644, 4},{20482, 4},{19708, 4},{876, 4},
{11176, 2},{7287, 4},{18111, 4},{878, 4},{17212, 4},{900, 2},{14736, 4},{4392, 4},{19706, 4},{7052, 4},
{4360, 4},{18114, 4},{21505, 4},{15822, 4},{895, 2},{20993, 4},{14214, 4},{1973, 4},{11171, 2},{12758, 4},
{18108, 4},{1072, 4},{654, 14},{3636, 4},{17263, 2},{24048, 4},{8665, 4},{1449, 2},{10438, 4},{18106, 4},
{7553, 4},{23592, 4},{22607, 4},{26236, 4},{646, 14},{8668, 4},{17258, 2},{896, 2},{26235, 4},{22942, 4},
{647, 14},{14738, 4},{9411, 4},{11174, 2},{26377, 4},{19516, 4},{905, 2},{7106, 4},{3914, 4},{880, 4},
{21503, 4},{12751, 4},{1448, 6},{902, 2},{4361, 4},{1067, 4},{11048, 4},{7766, 4},{7060, 4},{877, 4},
{22950, 4},{1843, 4},{7554, 4},{26237, 4},{18423, 4},{1447, 2},{20779, 4},{363, 4},{11173, 2},{12897, 4},
{7286, 4},{24045, 4},{18398, 4},{652, 14},{18415, 4},{15829, 4},{18109, 4},{17209, 4},{7555, 4},{19710, 4},
{7056, 4},{17211, 4},{8663, 4},{4861, 4},{8938, 4},{4863, 4},{10444, 4},{648, 14},{19709, 4},{11056, 4},
{7105, 4},{901, 2},{14205, 4},{3911, 4},{4357, 4},{22352, 4},{3907, 4},{26239, 4},{19907, 4},{16878, 4},
{15832, 4},{21502, 4},{22949, 4},{11175, 2},{10897, 4},{1975, 4},{25215, 4},{9408, 4},{14207, 4},{11199, 4},
{26233, 4},{21629, 4},{20777, 4},{12893, 4},{12753, 4},{22602, 4},{1446, 2},{1970, 4},{3917, 4},{22350, 4},
{366, 4},{7559, 4},{17949, 4},{17260, 2},{21504, 4},{24127, 4},{17210, 4},{12889, 4},{19713, 4},{14008, 4},
{9412, 4},{7769, 4},{24039, 4},{4366, 4},{7765, 4},{12752, 4},{7282, 4},{906, 2},{12892, 4},{11170, 2},
{12891, 4},{4867, 4},{22346, 4},{3641, 4},{25177, 4},{14001, 4},{15827, 4},{19514, 4},{8667, 4},{7768, 4},
{22345, 4},{9405, 4},{1844, 4},{22946, 4},{3913, 4},{8940, 4},{373, 4},{10899, 4},{14208, 4},{10443, 4},
{22605, 4},{22943, 4},{1840, 4},{653, 14},{11197, 4},{1442, 2},{1073, 4},{4868, 4},{20774, 4},{26234, 4},
{15831, 4},{12756, 4},{22348, 4},{881, 4},{12755, 4},{7281, 4},{3637, 4},{3912, 4},{15825, 4},{365, 4},
{22347, 4},{6974, 4},{14000, 4},{19712, 4},{22940, 4},{18062, 14},{2707, 4},{5789, 4},{14002, 4},{20775, 4},
{18110, 4},{13999, 4},{18115, 4},{10439, 4},{1838, 4},{4387, 4},{1068, 4},{11196, 4},{3645, 4},{898, 2},
{17955, 4},{15826, 4},{7283, 4},{4866, 4},{16881, 4},{12754, 4},{21631, 4},{14735, 4},{17264, 2},{8933, 4},
{17257, 2},{24347, 4},{11053, 4},{3638, 4},{14229, 4},{10898, 4},{10433, 4},{8937, 4},{11200, 4},{2713, 4},
{3916, 4},{7059, 4},{17774, 4},{650, 14},{18112, 4},{19705, 4},{7759, 4},{20772, 4},{22945, 4},{4390, 4},
{17213, 4},{1074, 4},{19521, 4},{2709, 4},{11203, 4},{1841, 4},{14231, 4},{12759, 4},{21511, 4},{1076, 4},
{20778, 4},{1078, 4},{9406, 4},{7557, 4},{20771, 4},{22941, 4},{1969, 4},{7552, 4},{7280, 4},{13734, 4},
{19707, 4},{1971, 4},{10894, 4},{17959, 4},{15830, 4},{14733, 4},{7102, 4},{17215, 4},{10896, 4},{22609, 4},
{14732, 4},{22351, 4},{1839, 4},{1974, 4},{7556, 4},{4365, 4},{899, 2},{17762, 4},{22947, 4},{19704, 4},
{12324, 4},{4393, 4},{9049, 4},{4385, 4},{21633, 4},{15579, 4},{5792, 4},{7289, 4},{22353, 4},{19937, 2},
{4391, 4},{12321, 4},{9410, 4},{1837, 4},{369, 4},{368, 4},{14741, 4},{4388, 4},{11172, 2},{26367, 4},
{24044, 4},{367, 4},{8936, 4},{15575, 4},{897, 2},{14742, 4},{25183, 4},{7551, 4},{1448, 2},{1972, 4},
{4384, 4},{20776, 4},{21507, 4},{5794, 4},{153, 4},{22349, 4},{4864, 4},{12906, 4},{12888, 4},{14206, 4},
{19519, 4},{4865, 4},{21634, 4},{15582, 4},{21506, 4},{14204, 4},{1842, 4},{11202, 4},{15823, 4},{362, 4},
{645, 14},{4869, 4},{20780, 4},{14237, 4},{12896, 4},{5788, 4},{12757, 4},{7761, 4},{9409, 4},{7760, 4},
{5790, 4},{17953, 4},{879, 4},{14211, 4},{1976, 4},{17261, 2},{7049, 4},{2706, 4},{9401, 4},{11198, 4},
{14737, 4},{12760, 4},{14734, 4},{12299, 4},{2715, 4},{17208, 4},{4394, 4},{3918, 4},{8664, 4},{2711, 4},
{7110, 4},{22606, 4},{25579, 17},{24162, 17},{6090, 17},{13556, 17},{5787, 17},{11398, 17},{20978, 17},{17371, 17},
{16389, 17},{6344, 17},{5293, 17},{2679, 17},{10667, 17},{12119, 17},{12459, 17},{14377, 17},{9818, 17},{4373, 17},
{7353, 17},{4405, 17},{25311, 17},{25700, 17},{15542, 10},{6231, 10},{1431, 10},{15546, 10},{3410, 10},{15505, 10},
{24831, 10},{1426, 10},{17810, 10},{1303, 10},{26356, 10},{11171, 10},{11910, 10},{3409, 10},{26350, 10},{17811, 10},
{4108, 10},{5094, 10},{7152, 10},{26351, 10},{7154, 10},{1301, 10},{1300, 10},{24837, 10},{6229, 10},{15544, 10},
{4107, 10},{3407, 10},{7155, 10},{20216, 10},{6230, 10},{6232, 10},{22390, 10},{7153, 10},{2324, 10},{1304, 10},
{5096, 10},{5093, 10},{11175, 10},{24836, 10},{24832, 10},{26352, 10},{21309, 10},{11173, 10},{3408, 10},{11908, 10},
{11176, 10},{11912, 10},{5097, 10},{1430, 10},{1302, 10},{4112, 10},{11907, 10},{26349, 10},{17809, 10},{17813, 10},
{15500, 10},{22389, 10},{1429, 10},{26355, 10},{17288, 10},{11172, 10},{11170, 10},{20211, 10},{1299, 10},{4109, 10},
{3406, 10},{17814, 10},{1428, 10},{21282, 10},{4106, 10},{4110, 10},{5095, 10},{2326, 10},{22385, 10},{22386, 10},
{5092, 10},{4111, 10},{17812, 10},{24835, 10},{6227, 10},{11911, 10},{11909, 10},{1427, 10},{26353, 10},{6228, 10},
{24830, 10},{3404, 10},{3405, 10},{11174, 10},{15545, 10},{15547, 10},{24834, 10},{280, 17},{10611, 17},{15840, 3},
{585, 3},{12334, 12},{15949, 17},{17900, 17},{5115, 8},{2917, 8},{10810, 8},{15763, 8},{17890, 8},{12618, 8},
{17331, 8},{15901, 8},{4329, 8},{23105, 8},{14196, 8},{19025, 8},{17330, 8},{4330, 8},{12449, 8},{14195, 8},
{2918, 8},{2625, 8},{5114, 8},{15764, 8},{17891, 8},{17881, 8},{12612, 8},{10809, 8},{2919, 8},{10808, 8},
{17333, 8},{2626, 8},{12466, 8},{23096, 8},{15381, 8},{4327, 8},{17888, 8},{14194, 8},{14470, 8},{5113, 8},
{4328, 8},{2920, 8},{14193, 8},{4070, 8},{17889, 8},{17332, 8},{5112, 8},{15762, 8},{12629, 8},{10807, 8},
{15906, 8},{21454, 8},{10806, 8},{5119, 8},{15767, 8},{17702, 8},{4325, 8},{12386, 8},{14192, 8},{17886, 8},
{17335, 8},{15907, 8},{21461, 8},{12577, 8},{23114, 8},{5118, 8},{14191, 8},{17887, 8},{3106, 8},{4326, 8},
{10805, 8},{17704, 8},{17334, 8},{15909, 8},{15768, 8},{12573, 8},{17337, 8},{23111, 8},{10804, 8},{4323, 8},
{5117, 8},{15765, 8},{17884, 8},{3107, 8},{15910, 8},{2923, 8},{14460, 8},{14190, 8},{5116, 8},{23108, 8},
{19020, 8},{10803, 8},{17708, 8},{17336, 8},{4324, 8},{14189, 8},{15766, 8},{2631, 8},{14457, 8},{17885, 8},
{21453, 8},{4331, 8},{17340, 8},{22445, 8},{5122, 8},{2915, 8},{24394, 8},{10812, 8},{2622, 8},{14186, 8},
{3115, 8},{17892, 8},{21452, 8},{14185, 8},{2623, 8},{4332, 8},{24393, 8},{3116, 8},{2916, 8},{15774, 8},
{17893, 8},{5121, 8},{10811, 8},{17339, 8},{14767, 17},{5462, 17},{8196, 17},{19150, 17},{14001, 17},{14667, 17},
{17382, 17},{18468, 17},{4389, 17},{18483, 17},{1340, 17},{1113, 17},{3599, 17},{13660, 17},{886, 17},{1455, 17},
{23081, 10},{24084, 10},{7735, 10},{648, 10},{19872, 10},{1320, 10},{6343, 10},{24095, 10},{9016, 10},{13807, 10},
{10997, 10},{26427, 10},{10995, 10},{18005, 10},{2955, 10},{10631, 10},{1312, 10},{15203, 10},{18002, 10},{26125, 10},
{18004, 10},{25968, 10},{11435, 10},{7866, 10},{23090, 10},{14534, 10},{1314, 10},{26122, 10},{7865, 10},{11432, 10},
{11434, 10},{16716, 10},{15195, 10},{10553, 10},{13582, 10},{18001, 10},{15205, 10},{18010, 10},{12416, 10},{470, 10},
{13656, 10},{10870, 10},{7738, 10},{12414, 10},{18045, 10},{2932, 10},{23088, 10},{15026, 10},{10871, 10},{13810, 10},
{7862, 10},{13809, 10},{7740, 10},{1318, 10},{15027, 10},{23083, 10},{7858, 10},{11439, 10},{645, 10},{18047, 10},
{2720, 10},{21525, 10},{13651, 10},{13652, 10},{18006, 10},{25963, 10},{19877, 10},{12419, 10},{25960, 10},{10994, 10},
{9017, 10},{15200, 10},{18051, 10},{26124, 10},{23366, 10},{13658, 10},{23082, 10},{12233, 10},{646, 10},{26424, 10},
{11438, 10},{7742, 10},{1311, 10},{476, 10},{15201, 10},{13655, 10},{652, 10},{469, 10},{478, 10},{7857, 10},
{18046, 10},{26121, 10},{651, 10},{23340, 10},{20026, 10},{653, 10},{25170, 10},{15206, 10},{18062, 10},{26425, 10},
{13804, 10},{15024, 10},{26426, 10},{15204, 10},{647, 10},{7856, 10},{10865, 10},{23334, 10},{15028, 10},{12421, 10},
{18000, 10},{12642, 10},{13654, 10},{23345, 10},{10558, 10},{1315, 10},{26410, 10},{13650, 10},{26422, 10},{18044, 10},
{12632, 10},{15029, 10},{7859, 10},{1313, 10},{13808, 10},{11429, 10},{26430, 10},{6907, 10},{654, 10},{472, 10},
{1321, 10},{26128, 10},{18061, 10},{10554, 10},{12417, 10},{13805, 10},{13653, 10},{9013, 10},{20024, 10},{7860, 10},
{20843, 10},{10996, 10},{26431, 10},{15194, 10},{15023, 10},{7739, 10},{15199, 10},{18048, 10},{7863, 10},{26423, 10},
{25967, 10},{13803, 10},{477, 10},{18011, 10},{25962, 10},{649, 10},{11430, 10},{2951, 10},{24085, 10},{23343, 10},
{9014, 10},{7741, 10},{21520, 10},{23084, 10},{7743, 10},{24082, 10},{1316, 10},{10859, 10},{25965, 10},{26428, 10},
{26126, 10},{21526, 10},{7510, 10},{26127, 10},{21518, 10},{24099, 10},{13811, 10},{7737, 10},{11433, 10},{25961, 10},
{9019, 10},{7736, 10},{14532, 10},{7734, 10},{12420, 10},{471, 10},{23089, 10},{23355, 10},{650, 10},{25958, 10},
{25959, 10},{13806, 10},{9012, 10},{9015, 10},{7861, 10},{10561, 10},{18003, 10},{1317, 10},{24102, 10},{11431, 10},
{12415, 10},{15025, 10},{23085, 10},{13812, 10},{3061, 10},{20025, 10},{15030, 10},{19889, 10},{10627, 10},{9020, 10},
{24100, 10},{26123, 10},{16440, 10},{11428, 10},{23087, 10},{9018, 10},{18049, 10},{13657, 10},{475, 10},{15202, 10},
{12418, 10},{473, 10},{13659, 10},{10861, 10},{7038, 17},{18451, 17},{17798, 17},{9763, 17},{18788, 17},{25926, 3},
{11908, 3},{11910, 13},{17261, 3},{17265, 12},{7272, 3},{20779, 17},{10873, 17},{6012, 17},{17478, 17},{15909, 17},
{4524, 17},{13816, 17},{25193, 17},{17166, 17},{25188, 7},{12457, 7},{23770, 7},{12458, 7},{15452, 9},{23764, 7},
{21613, 7},{5482, 7},{17827, 17},{8997, 17},{23479, 17},{18990, 17},{7716, 17},{18353, 17},{6652, 17},{10437, 17},
{12486, 17},{10527, 8},{24627, 8},{16717, 8},{12703, 8},{12586, 8},{4676, 17},{4047, 17},{22662, 17},{16879, 17},
{2223, 17},{14324, 17},{9679, 15},{8706, 1},{9423, 15},{19858, 15},{9683, 15},{19871, 15},{1101, 1},{9087, 1},
{9681, 15},{9678, 15},{12127, 15},{9388, 15},{9680, 15},{12128, 15},{9682, 15},{19876, 15},{9431, 15},{12129, 15},
{12135, 15},{896, 13},{20401, 3},{9451, 13},{8877, 3},{8154, 13},{22505, 3},{19171, 17},{19998, 17},{362, 17},
{13270, 17},{21878, 17},{4538, 8},{8747, 8},{21981, 8},{23913, 8},{11341, 17},{1427, 17},{23847, 17},{22367, 17},
{26198, 17},{2745, 17},{18585, 17},{17670, 17},{5419, 15},{24890, 15},{5421, 15},{17527, 1},{24465, 1},{24893, 15},
{5415, 15},{5420, 15},{24892, 15},{5414, 15},{18458, 1},{5422, 15},{24887, 15},{24889, 15},{21386, 1},{24891, 15},
{18448, 1},{5416, 15},{5418, 15},{5417, 15},{8272, 1},{5423, 15},{11321, 1},{24888, 15},{14613, 15},{14612, 15},
{14610, 15},{14607, 15},{16919, 1},{14615, 15},{14608, 15},{1921, 1},{14616, 15},{20507, 1},{14611, 15},{18449, 1},
{14609, 15},{14614, 15},{23766, 1},{19395, 1},{3088, 1},{21388, 1},{4083, 1},{21977, 15},{21973, 15},{25681, 15},
{25682, 15},{25688, 15},{22316, 15},{25685, 15},{1927, 1},{25686, 15},{4077, 1},{25192, 1},{17535, 1},{25687, 15},
{3713, 1},{26198, 1},{22295, 15},{8475, 1},{21758, 1},{6560, 15},{74, 1},{18452, 1},{19070, 1},{21955, 15},
{21947, 15},{21954, 15},{21952, 15},{21950, 15},{4081, 1},{21605, 1},{6182, 15},{164, 1},{21948, 15},{21951, 15},
{21953, 15},{21604, 1},{6181, 15},{6184, 15},{18454, 1},{21949, 15},{21946, 15},{6185, 15},{4075, 1},{6183, 15},
{1487, 15},{1480, 15},{17217, 15},{1168, 1},{16045, 15},{17218, 15},{17233, 15},{1920, 1},{8263, 1},{17227, 15},
{1484, 15},{1489, 15},{1486, 15},{1482, 15},{21612, 1},{1488, 15},{5888, 15},{1483, 15},{21387, 1},{1479, 15},
{1485, 15},{81, 1},{2803, 15},{3098, 15},{3097, 15},{3095, 15},{3093, 15},{25007, 15},{25010, 15},{25006, 15},
{3096, 15},{3092, 15},{3099, 15},{3102, 15},{3094, 15},{3103, 15},{25005, 15},{9010, 1},{25004, 15},{1558, 1},
{23841, 15},{19277, 1},{11376, 15},{10944, 15},{23842, 15},{1929, 1},{11375, 15},{23846, 15},{11374, 15},{11377, 15},
{11379, 15},{23844, 15},{11378, 15},{11373, 15},{23843, 15},{23764, 1},{12457, 1},{10955, 15},{23845, 15},{6839, 1},
{24988, 1},{12078, 15},{12451, 1},{23848, 15},{23769, 1},{4985, 1},{17240, 15},{12106, 15},{12108, 15},{17239, 15},
{12107, 15},{12104, 15},{25189, 1},{21682, 1},{12103, 15},{12105, 15},{6833, 1},{12099, 15},{12101, 15},{17238, 15},
{17235, 15},{17234, 15},{17237, 15},{12102, 15},{12100, 15},{17513, 1},{18086, 1},{14362, 8},{7696, 8},{6626, 8},
{18531, 8},{15190, 8},{4266, 8},{7876, 8},{18081, 8},{20403, 8},{9755, 8},{404, 8},{24038, 8},{18349, 8},
{21642, 8},{10945, 8},{9754, 8},{20404, 8},{7877, 8},{25003, 8},{403, 8},{23847, 8},{4267, 8},{18530, 8},
{15188, 8},{14363, 8},{7695, 8},{24039, 8},{6627, 8},{21641, 8},{18080, 8},{16432, 17},{8336, 15},{11668, 1},
{8335, 15},{11827, 1},{8332, 15},{11316, 1},{8330, 15},{11315, 1},{8329, 15},{8337, 15},{2308, 1},{8331, 15},
{8338, 15},{12249, 1},{7900, 1},{8334, 15},{8333, 15},{25439, 15},{15875, 15},{25431, 15},{25436, 15},{19279, 1},
{15872, 15},{15873, 15},{23768, 1},{4080, 1},{20862, 1},{25434, 15},{25437, 15},{19065, 1},{25440, 15},{25430, 15},
{15874, 15},{25438, 15},{25433, 15},{25435, 15},{1046, 15},{9909, 17},{2416, 8},{21775, 8},{2654, 8},{7768, 8},
{14955, 8},{14225, 8},{17964, 8},{3991, 8},{7820, 8},{13979, 8},{18795, 8},{11177, 8},{4950, 8},{19070, 8},
{19448, 8},{20195, 17},{7761, 8},{14953, 8},{17972, 8},{11185, 8},{18798, 8},{2644, 8},{19063, 8},{10677, 8},
{15588, 8},{3987, 8},{21784, 8},{4954, 8},{7824, 8},{13977, 8},{2412, 8},{13976, 8},{14952, 8},{18797, 8},
{21785, 8},{7762, 8},{15589, 8},{10674, 8},{4953, 8},{11186, 8},{3986, 8},{2413, 8},{2645, 8},{7825, 8},
{17971, 8},{19062, 8},{7759, 8},{21782, 8},{7822, 8},{13975, 8},{15586, 8},{14951, 8},{2646, 8},{11187, 8},
{19061, 8},{18800, 8},{4952, 8},{17970, 8},{3989, 8},{2414, 8},{10684, 8},{2648, 8},{13973, 8},{11181, 8},
{19454, 8},{21780, 8},{4958, 8},{7765, 8},{3983, 8},{7828, 8},{17968, 8},{19067, 8},{18802, 8},{15584, 8},
{2408, 8},{14949, 8},{21781, 8},{4957, 8},{14948, 8},{2409, 8},{15585, 8},{17967, 8},{11182, 8},{18801, 8},
{7829, 8},{3982, 8},{7766, 8},{13972, 8},{19066, 8},{2649, 8},{19453, 8},{3985, 8},{2410, 8},{19065, 8},
{11183, 8},{4956, 8},{19456, 8},{2650, 8},{21778, 8},{14947, 8},{17966, 8},{21264, 8},{20993, 8},{14241, 8},
{13971, 8},{18804, 8},{18803, 8},{21779, 8},{7764, 8},{7827, 8},{11184, 8},{13970, 8},{14946, 8},{19064, 8},
{10696, 8},{2651, 8},{17965, 8},{2411, 8},{3984, 8},{15583, 8},{4955, 8},{2102, 17},{9262, 17},{15349, 17},
{11062, 7},{17762, 7},{11176, 9},{3911, 7},{13301, 15},{23866, 15},{19905, 15},{22643, 15},{13301, 15},{19002, 15},
{19005, 15},{3539, 15},{17264, 9},{3916, 7},{7553, 7},{12299, 7},{7882, 15},{12240, 15},{21324, 15},{9749, 15},
{10908, 15},{11950, 15},{18311, 17},{4361, 7},{11175, 9},{19907, 7},{22945, 7},{17212, 7},{26233, 7},{12303, 7},
{153, 7},{9049, 7},{3911, 7},{11174, 9},{22940, 7},{26235, 7},{21530, 17},{22878, 3},{14306, 13},{25289, 3},
{12476, 17},{16471, 15},{16469, 15},{16470, 15},{11523, 17},{21263, 7},{3235, 7},{20193, 9},{10926, 7},{11600, 17},
{7189, 17},{2886, 17},{21524, 15},{24440, 15},{12602, 15},{21473, 15},{13184, 15},{13186, 15},{2138, 15},{19009, 15},
{6060, 15},{5331, 15},{23739, 15},{9688, 15},{7706, 15},{19009, 15},{6413, 15},{11692, 15},{18510, 15},{12603, 15},
{23097, 15},{2962, 15},{9689, 15},{21406, 15},{18249, 17},{10063, 17},{2139, 15},{6415, 15},{9941, 15},{15037, 15},
{12964, 17},{4064, 8},{19280, 17},{19178, 8},{22331, 17},{23316, 17},{21060, 17},{16478, 17},{25500, 17},{229, 15},
{230, 15},{23802, 15},{9741, 15},{9744, 15},{9745, 15},{9743, 15},{9742, 15},{11654, 15},{11656, 15},{11655, 15},
{11658, 15},{11657, 15},{6387, 17},{15425, 17},{342, 17},{11503, 17},{13481, 3},{1538, 3},{1399, 3},{11872, 3},
{9123, 13},{23945, 12},{7976, 12},{21645, 7},{22362, 7},{3405, 9},{15602, 7},{21267, 7},{2741, 7},{15605, 7},
{3405, 9},{10923, 7},{10927, 7},{3408, 9},{4139, 7},{9785, 7},{4137, 7},{22369, 7},{15610, 7},{21644, 7},
{8699, 7},{3408, 9},{3591, 17},{17099, 7},{21263, 7},{8697, 7},{14068, 7},{9784, 7},{3404, 9},{15605, 7},
{8702, 7},{17734, 7},{8700, 7},{21262, 7},{7129, 7},{7133, 7},{915, 7},{21641, 7},{3230, 7},{3406, 9},
{10922, 7},{1570, 7},{22368, 7},{22374, 7},{3406, 9},{3231, 7},{21270, 7},{9782, 7},{4143, 7},{4147, 7},
{12044, 15},{5477, 15},{19512, 15},{15397, 15},{17547, 15},{5475, 15},{22858, 15},{138, 15},{9617, 17},{22767, 17},
{17472, 17},{10668, 17},{17466, 17},{22058, 17},{18305, 17},{19220, 17},{8869, 17},{23810, 15},{3737, 15},{18014, 15},
{8783, 15},{20350, 15},{4022, 15},{8496, 15},{13777, 15},{14901, 15},{15623, 15},{11390, 15},{15620, 15},{18387, 15},
{3578, 15},{17224, 15},{5874, 15},{25568, 15},{11384, 15},{13779, 15},{24359, 15},{11384, 15},{13606, 15},{25337, 15},
{8376, 15},{8786, 15},{13779, 15},{26298, 17},{25577, 15},{19361, 15},{21811, 15},{902, 3},{9457, 13},{21849, 3},
{23937, 3},{12520, 13},{1101, 17},{5586, 17},{14368, 17},{7341, 17},{13538, 17},{8154, 17},{1941, 17},{20082, 17},
{6807, 17},{12315, 17},{20538, 17},{16728, 17},{20528, 17},{10651, 17},{11197, 17},{23262, 17},{17831, 17},{19651, 17},
{7277, 17},{4902, 17},{8147, 17},{128, 17},{21780, 17},{592, 3},{11068, 3},{26034, 3},{11322, 3},{896, 12},
{20685, 17},{5297, 13},{6228, 13},{20356, 17},{7099, 17},{13096, 17},{15011, 17},{26025, 3},{23455, 17},{3476, 17},
{201, 17},{25051, 17},{3158, 13},{16918, 3},{8771, 17},{3618, 17},{17558, 17},{18794, 17},{25320, 17},{13107, 17},
{5253, 17},{23741, 8},{25011, 8},{12157, 8},{5920, 8},{16036, 8},{15623, 8},{2855, 8},{2802, 8},{12971, 8},
{2140, 8},{22859, 8},{4455, 8},{22990, 8},{9752, 8},{11137, 8},{3279, 8},{447, 8},{16439, 8},{3096, 8},
{13368, 8},{16319, 8},{25808, 8},{15962, 8},{1186, 8},{7592, 8},{3880, 8},{6959, 8},{1767, 8},{1439, 8},
{16607, 8},{23412, 8},{26418, 8},{5384, 8},{8160, 8},{3201, 8},{20295, 8},{7922, 8},{19835, 8},{8063, 8},
{19163, 8},{9296, 8},{355, 8},{10338, 8},{4891, 8},{21618, 8},{21340, 8},{19609, 8},{10025, 8},{3140, 8},
{26447, 8},{14607, 8},{267, 8},{9672, 8},{5941, 8},{7767, 8},{17226, 8},{18285, 8},{18102, 8},{10235, 8},
{17510, 8},{21948, 8},{26155, 8},{17083, 8},{16099, 8},{11153, 8},{481, 8},{13307, 8},{8307, 8},{15222, 8},
{5192, 8},{14217, 8},{7374, 8},{2096, 8},{11167, 8},{13683, 8},{22935, 8},{4942, 8},{14400, 8},{23549, 8},
{15248, 8},{5248, 8},{8500, 8},{2331, 8},{17950, 8},{11093, 8},{10570, 8},{11222, 8},{6234, 8},{6153, 8},
{23000, 8},{5480, 8},{17857, 8},{23377, 8},{2177, 8},{13400, 8},{23810, 8},{3897, 8},{1783, 8},{2126, 8},
{14960, 8},{13998, 8},{11262, 8},{24739, 8},{21569, 8},{10244, 8},{26203, 8},{8254, 8},{615, 8},{19241, 8},
{4177, 8},{13943, 8},{2996, 8},{3832, 8},{3574, 8},{16890, 8},{8740, 8},{23922, 8},{3604, 8},{16218, 8},
{23572, 8},{1156, 8},{930, 8},{984, 8},{18641, 8},{19891, 8},{13639, 8},{2232, 8},{21239, 8},{518, 8},
{8332, 8},{21415, 8},{19899, 8},{36, 8},{24564, 8},{21458, 8},{19637, 8},{13850, 8},{734, 8},{12238, 8},
{18403, 8},{14897, 8},{20077, 8},{9603, 8},{3633, 8},{25533, 8},{9379, 8},{25573, 8},{23363, 8},{11474, 8},
{9647, 8},{9943, 8},{25257, 8},{17078, 8},{17426, 8},{19659, 8},{8789, 8},{21325, 8},{8294, 8},{4161, 8},
{457, 8},{15563, 8},{10109, 8},{19522, 8},{11961, 8},{16492, 8},{2588, 8},{24785, 8},{4511, 8},{8513, 8},
{13489, 8},{17107, 8},{18704, 8},{12726, 8},{7663, 8},{2962, 8},{8852, 8},{25439, 8},{22758, 8},{19042, 8},
{4930, 8},{21916, 8},{20003, 8},{1996, 8},{19771, 8},{2499, 8},{24231, 8},{20708, 8},{9984, 8},{1908, 8},
{3034, 8},{8200, 8},{10510, 8},{9188, 8},{24137, 8},{15085, 8},{18749, 8},{8062, 8},{19009, 8},{10718, 8},
{2348, 8},{7522, 8},{16270, 8},{10407, 8},{12105, 8},{7984, 8},{8300, 8},{21278, 8},{23866, 8},{1913, 8},
{2688, 8},{24770, 8},{23203, 8},{12920, 8},{7043, 8},{20120, 8},{26416, 8},{15524, 8},{8977, 8},{19747, 8},
{14496, 8},{2425, 8},{25514, 8},{13934, 8},{11386, 8},{17380, 8},{830, 8},{13898, 8},{6542, 8},{137, 8},
{12395, 8},{24266, 8},{25083, 8},{11636, 8},{8781, 8},{25152, 8},{6436, 8},{16090, 8},{21810, 8},{9628, 8},
{13142, 8},{26305, 8},{13510, 8},{17785, 8},{8891, 8},{21886, 8},{13215, 8},{26375, 8},{14521, 8},{13501, 8},
{9728, 8},{1243, 8},{11035, 8},{14158, 8},{6069, 8},{17059, 8},{24424, 8},{10044, 8},{23842, 8},{8589, 8},
{25868, 8},{6503, 8},{17701, 8},{17549, 8},{8027, 8},{25355, 8},{560, 8},{23712, 8},{15043, 8},{15668, 8},
{18107, 8},{25638, 8},{24482, 8},{11831, 8},{9709, 8},{3531, 8},{11003, 8},{23839, 8},{5885, 8},{13333, 8},
{15710, 8},{19824, 8},{9639, 8},{19051, 8},{2584, 8},{265, 8},{17034, 8},{24863, 8},{20921, 8},{13424, 8},
{22125, 8},{16233, 8},{9431, 8},{15002, 8},{10860, 8},{2272, 8},{9503, 8},{5081, 8},{11239, 8},{14118, 8},
{13255, 8},{408, 8},{13118, 8},{9638, 8},{5419, 8},{7457, 8},{15120, 8},{25655, 8},{16974, 8},{24934, 8},
{1507, 8},{16968, 8},{24529, 8},{17278, 8},{9147, 8},{16352, 8},{24928, 8},{15131, 8},{15081, 8},{1263, 8},
{25686, 8},{16670, 8},{19207, 8},{22498, 8},{21462, 8},{21792, 8},{15919, 8},{18723, 8},{18202, 8},{12219, 8},
{6647, 8},{818, 8},{14874, 8},{9836, 8},{22953, 8},{1803, 8},{1351, 8},{26246, 8},{13781, 8},{18366, 8},
{7071, 8},{3858, 8},{14452, 8},{2019, 8},{19564, 8},{5750, 8},{6124, 8},{11883, 8},{8394, 8},{26215, 8},
{17657, 8},{8353, 8},{4381, 8},{12828, 8},{21473, 8},{8982, 8},{5910, 8},{6575, 8},{16735, 8},{24444, 8},
{12201, 8},{20899, 8},{11733, 8},{24999, 8},{15309, 8},{10383, 8},{14940, 8},{15051, 8},{23274, 8},{7898, 8},
{22572, 8},{1489, 8},{5267, 8},{15492, 8},{12552, 8},{23101, 8},{19390, 8},{14286, 8},{11859, 8},{2131, 8},
{25285, 17},{6450, 17},{6265, 17},{3425, 17},{13410, 17},{23119, 17},{19454, 17},{25391, 17},{19067, 17},{10988, 17},
{4326, 17},{11910, 17},{22682, 17},{16482, 17},{9256, 17},{2921, 17},{2607, 17},{18437, 3},{869, 12},{7592, 15},
{619, 15},{7590, 15},{25156, 15},{7199, 15},{23593, 15},{22924, 15},{12990, 15},{20430, 15},{8405, 15},{20475, 15},
{5583, 15},{22763, 15},{25185, 15},{21787, 15},{7197, 15},{7591, 15},{8404, 15},{6605, 15},{8977, 15},{2315, 15},
{17035, 15},{6120, 15},{3880, 15},{2851, 15},{414, 15},{6884, 15},{1990, 15},{20897, 15},{20018, 15},{16469, 15},
{17432, 15},{6878, 15},{14298, 15},{23142, 15},{19047, 15},{23569, 15},{5909, 15},{10233, 15},{2854, 15},{15670, 15},
{3858, 15},{17429, 15},{20932, 15},{3854, 15},{11476, 15},{1972, 17},{19299, 17},{21428, 17},{3044, 17},{24491, 7},
{23853, 7},{16995, 7},{6228, 9},{16994, 7},{16991, 7},{20356, 7},{6228, 9},{19282, 7},{3418, 7},{23851, 7},
{24489, 7},{20358, 7},{6227, 9},{20357, 7},{10218, 7},{10214, 7},{19285, 7},{24491, 7},{23503, 7},{20359, 7},
{24494, 7},{10223, 7},{6227, 9},{23501, 7},{676, 7},{674, 7},{6232, 9},{20359, 7},{24490, 7},{16995, 7},
{7378, 7},{19281, 7},{23847, 7},{6231, 9},{20355, 7},{6230, 9},{16988, 7},{679, 7},{20354, 7},{5516, 7},
{5517, 7},{23504, 7},{6229, 9},{19284, 7},{3413, 7},{1410, 17},{4214, 17},{19016, 17},{13616, 17},{16892, 17},
{11193, 17},{9883, 17},{10007, 17},{4648, 17},{4485, 17},{24207, 17},{10617, 17},{20739, 17},{15718, 17},{2598, 17},
{11173, 17},{3999, 17},{1928, 7},{15453, 9},{5486, 7},{16926, 7},{25196, 7},{12332, 9},{21386, 7},{5482, 7},
{21607, 7},{4075, 7},{16918, 7},{18452, 7},{12331, 9},{18453, 7},{21609, 7},{23766, 7},{23765, 7},{12334, 9},
{18455, 7},{12455, 7},{25195, 7},{25198, 7},{21682, 7},{23767, 7},{3088, 7},{5489, 7},{23771, 7},{12334, 9},
{1927, 7},{23764, 7},{5485, 7},{18453, 7},{12333, 9},{16917, 7},{11670, 7},{8276, 7},{1929, 7},{11313, 7},
{12458, 7},{4079, 7},{12328, 9},{1920, 7},{4080, 7},{16924, 7},{11320, 7},{16919, 7},{12330, 9},{7244, 7},
{21383, 7},{23012, 17},{19456, 17},{22040, 17},{11675, 3},{25028, 12},{10809, 17},{270, 17},{16869, 17},{15992, 17},
{5780, 17},{22505, 17},{1447, 12},{17257, 12},{18530, 3},{22390, 17},{9326, 17},{19962, 7},{11010, 7},{22017, 7},
{3251, 7},{25886, 7},{14690, 7},{496, 7},{18774, 7},{22377, 7},{15367, 7},{23686, 7},{12710, 7},{4121, 9},
{22746, 7},{11333, 7},{21528, 7},{22207, 7},{17251, 7},{3084, 7},{4201, 7},{22770, 17},{26003, 17},{15903, 17},
{17694, 17},{8665, 17},{22317, 17},{20319, 7},{6617, 7},{3173, 7},{9142, 9},{2064, 7},{13540, 7},{13544, 7},
{4537, 17},{4913, 17},{14200, 17},{5971, 17},{4247, 17},{22330, 17},{22048, 17},{6621, 17},{24321, 17},{11799, 17},
{9011, 17},{18043, 17},{2219, 17},{9330, 17},{899, 13},{11788, 3},{20714, 13},{3448, 13},{4546, 12},{11082, 13},
{2560, 17},{6271, 17},{21781, 17},{10727, 15},{7987, 15},{3029, 15},{14871, 15},{5834, 15},{22083, 15},{133, 15},
{14870, 15},{2015, 15},{6262, 15},{12048, 15},{25298, 17},{17562, 17},{14800, 17},{9274, 17},{23471, 17},{4972, 17},
{9721, 7},{21832, 7},{8219, 7},{4782, 7},{3453, 9},{23333, 7},{11124, 7},{13412, 7},{2244, 7},{25841, 7},
{10642, 7},{22315, 7},{22319, 7},{7939, 7},{22433, 7},{4332, 7},{2678, 7},{4773, 7},{19472, 7},{24513, 7},
{9352, 7},{4852, 7},{4850, 7},{24881, 7},{23309, 7},{16521, 7},{4775, 7},{4856, 7},{9366, 7},{11130, 7},
{25671, 7},{2670, 7},{8224, 7},{24001, 7},{21896, 7},{26366, 7},{5165, 7},{3619, 7},{24515, 7},{2246, 7},
{4778, 7},{3453, 9},{17898, 7},{24509, 7},{17164, 7},{15586, 7},{17318, 7},{23307, 7},{23308, 7},{13404, 7},
{6989, 7},{4328, 7},{318, 7},{16526, 7},{4776, 7},{15727, 0},{19481, 7},{3617, 7},{25665, 7},{5159, 7},
{2245, 7},{7529, 7},{24876, 7},{4858, 7},{25829, 7},{3448, 9},{9724, 7},{7717, 7},{13410, 7},{7725, 7},
{8216, 7},{508, 7},{20183, 7},{311, 7},{4853, 7},{17159, 7},{23336, 7},{4778, 7},{22314, 7},{11130, 7},
{2635, 7},{5904, 7},{24515, 7},{1033, 7},{7724, 7},{24517, 7},{2548, 7},{2249, 7},{8215, 7},{13413, 7},
{8672, 7},{4859, 7},{23338, 7},{4330, 7},{3448, 9},{3612, 7},{8214, 7},{8218, 7},{20190, 7},{12113, 7},
{16523, 7},{17314, 7},{16527, 7},{10527, 7},{10160, 7},{316, 7},{9351, 7},{504, 7},{3451, 9},{12115, 7},
{9738, 7},{18919, 7},{3615, 7},{4248, 0},{17905, 7},{4325, 7},{17687, 7},{1038, 7},{23301, 7},{3451, 9},
{24514, 7},{8225, 7},{17314, 7},{2635, 7},{22310, 7},{21834, 7},{10428, 7},{8220, 7},{2674, 7},{19474, 7},
{10651, 7},{507, 7},{9353, 7},{25668, 7},{17163, 7},{20186, 7},{498, 7},{24509, 7},{4778, 7},{6990, 7},
{17317, 7},{17901, 7},{17309, 7},{24873, 7},{20182, 7},{4332, 7},{19478, 7},{4852, 7},{2671, 7},{17317, 7},
{17568, 7},{21835, 7},{17689, 7},{13411, 7},{10421, 7},{5164, 7},{24516, 7},{20184, 7},{3454, 9},{17169, 7},
{23997, 7},{11124, 7},{6991, 7},{5915, 7},{21980, 7},{25672, 7},{14340, 0},{10642, 7},{4854, 7},{3454, 9},
{22317, 7},{6987, 7},{9374, 7},{17314, 7},{6994, 7},{10423, 7},{8214, 7},{10160, 7},{4327, 7},{315, 7},
{16938, 7},{16935, 7},{21894, 7},{13101, 7},{21898, 7},{9724, 7},{21833, 7},{26352, 12},{20359, 3},{15449, 12},
{26001, 12},{21980, 7},{12114, 7},{22320, 7},{2618, 7},{19474, 7},{23338, 7},{14225, 7},{499, 7},{2677, 7},
{3452, 9},{22421, 7},{10427, 7},{20182, 7},{26366, 7},{15584, 7},{6993, 7},{22428, 7},{8219, 7},{20187, 7},
{16937, 7},{25672, 7},{12112, 7},{20907, 0},{9354, 7},{18922, 7},{507, 7},{8671, 7},{22429, 7},{505, 7},
{13409, 7},{9726, 7},{1041, 7},{12119, 7},{2673, 7},{25663, 7},{5903, 7},{10159, 7},{13411, 7},{23337, 7},
{16934, 7},{15588, 7},{25668, 7},{22317, 7},{10419, 7},{24879, 7},{3452, 9},{13974, 17},{6021, 17},{8614, 17},
{8840, 17},{8045, 17},{10215, 17},{6801, 17},{18802, 17},{4936, 15},{5278, 1},{17761, 15},{18353, 1},{11395, 1},
{4937, 15},{4943, 15},{12263, 1},{3514, 15},{21582, 1},{14049, 1},{17764, 15},{4944, 15},{18249, 1},{8751, 1},
{17765, 15},{4940, 15},{20646, 1},{4939, 15},{20648, 1},{17766, 15},{1043, 15},{21250, 1},{17763, 15},{4945, 15},
{14053, 1},{17760, 15},{4941, 15},{4942, 15},{26213, 15},{10980, 1},{3220, 15},{26212, 15},{26210, 15},{22535, 15},
{26216, 15},{22533, 15},{26217, 15},{22532, 15},{3227, 15},{19072, 1},{5282, 1},{24101, 1},{3223, 15},{22530, 15},
{18039, 1},{26211, 15},{26215, 15},{26218, 15},{26219, 15},{22538, 15},{10009, 1},{22537, 15},{26214, 15},{18349, 1},
{3005, 15},{17287, 1},{9545, 3},{21268, 3},{11071, 13},{2324, 3},{21705, 3},{7282, 17},{15546, 12},{3161, 12},
{9139, 12},{11183, 17},{20333, 17},{14193, 17},{3983, 17},{9960, 17},{19355, 13},{21385, 17},{3447, 17},{7840, 17},
{1572, 17},{13081, 17},{13801, 17},{6989, 17},{7437, 17},{16958, 17},{17527, 17},{24514, 17},{5100, 17},{8697, 17},
{12733, 17},{13228, 17},{24349, 17},{9142, 13},{2461, 13},{17337, 17},{4248, 17},{25319, 17},{5723, 17},{20401, 17},
{25302, 3},{12258, 3},{7154, 3},{24566, 13},{26032, 17},{10984, 17},{17968, 17},{4110, 17},{18625, 17},{17312, 17},
{6631, 17},{7806, 17},{1500, 17},{24504, 3},{21114, 3},{3233, 3},{12330, 13},{22282, 15},{17950, 15},{13867, 15},
{7021, 15},{21336, 15},{13641, 15},{23676, 17},{7479, 17},{23911, 17},{18436, 17},{14425, 17},{13027, 17},{22370, 3},
{10156, 17},{15505, 17},{8202, 17},{20768, 17},{25413, 17},{12523, 17},{21134, 17},{4146, 17},{4984, 17},{22940, 17},
{19382, 17},{6701, 17},{13315, 3},{17288, 12},{25118, 13},{18338, 17},{13384, 15},{24933, 15},{25178, 15},{20859, 15},
{24372, 15},{13426, 15},{24937, 15},{11095, 15},{3606, 15},{21458, 15},{22498, 15},{13423, 15},{23117, 15},{13382, 15},
{2941, 15},{20726, 15},{14342, 17},{15124, 3},{15902, 3},{11066, 3},{11909, 13},{3786, 17},{18561, 17},{1448, 17},
{3086, 7},{3259, 7},{19142, 7},{15358, 7},{19450, 7},{4122, 9},{4410, 7},{3593, 7},{10464, 7},{25402, 7},
{10808, 7},{18699, 7},{18239, 7},{25498, 7},{9065, 7},{25369, 7},{22205, 7},{11024, 7},{11081, 7},{18182, 7},
{18439, 0},{21528, 7},{13065, 7},{5761, 7},{12708, 7},{17639, 17},{12746, 17},{8864, 17},{21224, 17},{6384, 3},
{3405, 3},{23292, 3},{6227, 3},{11850, 17},{19147, 17},{5981, 17},{13819, 17},{8362, 17},{17242, 17},{17607, 3},
{4135, 3},{26003, 12},{16777, 17},{19357, 12},{11661, 3},{7557, 3},{16764, 17},{26353, 12},{1449, 13},{17104, 3},
{22390, 12},{26372, 17},{18567, 17},{9135, 13},{11174, 3},{20086, 3},{25119, 12},{9127, 3},{9703, 3},{9128, 3},
{22504, 17},{5054, 17},{19261, 17},{21732, 17},{1111, 17},{13408, 17},{21900, 17},{7358, 17},{23011, 17},{14880, 17},
{15363, 17},{12475, 17},{865, 13},{16428, 3},{9964, 3},{3452, 3},{20313, 3},{5279, 3},{3935, 17},{14770, 17},
{17087, 17},{6798, 17},{26265, 17},{9442, 17},{18914, 17},{22911, 17},{8595, 17},{6891, 17},{13588, 3},{18792, 3},
{15246, 12},{18449, 3},{22808, 3},{20876, 12},{17680, 3},{1431, 3},{8833, 3},{19529, 3},{18785, 3},{4473, 3},
{22806, 12},{901, 13},{4374, 12},{13025, 17},{9782, 3},{12969, 3},{17854, 3},{6083, 7},{22773, 7},{17810, 9},
{2101, 7},{13447, 7},{4174, 0},{6534, 7},{2108, 7},{5660, 7},{1496, 7},{17088, 7},{6800, 7},{2108, 7},
{783, 7},{14423, 7},{2104, 7},{9114, 7},{17810, 9},{2105, 7},{21754, 7},{6085, 7},{21746, 7},{11406, 7},
{7479, 7},{10322, 7},{6532, 7},{9110, 7},{10323, 7},{11396, 7},{18147, 7},{21752, 7},{21746, 7},{15973, 7},
{4622, 7},{15972, 7},{17812, 9},{7480, 7},{10320, 7},{8050, 7},{13024, 7},{17097, 7},{13452, 7},{6529, 7},
{6534, 7},{2107, 7},{6800, 7},{788, 7},{788, 7},{6078, 7},{25384, 7},{6079, 7},{17097, 7},{25387, 7},
{3508, 7},{2437, 7},{19791, 7},{21664, 7},{14428, 7},{17809, 9},{7483, 7},{2433, 7},{7479, 7},{6805, 7},
{9115, 7},{17811, 9},{25385, 7},{5655, 7},{24900, 7},{15979, 7},{4617, 7},{19797, 7},{8068, 7},{25387, 7},
{3114, 7},{13448, 7},{15976, 7},{21669, 7},{19798, 7},{6532, 7},{784, 7},{19796, 7},{6806, 7},{3502, 7},
{9117, 7},{13451, 7},{25388, 7},{21755, 7},{6086, 7},{22775, 7},{21748, 7},{3513, 7},{17811, 9},{8077, 7},
{18159, 7},{25393, 7},{21749, 7},{21667, 7},{14947, 7},{21849, 0},{21671, 7},{13446, 7},{3508, 7},{6080, 7},
{21672, 7},{19800, 7},{13449, 7},{21666, 7},{24904, 7},{18151, 7},{10317, 7},{2108, 7},{4369, 9},{19196, 7},
{3509, 7},{15974, 7},{1500, 7},{19795, 7},{24901, 7},{13448, 7},{4786, 7},{17091, 7},{4369, 9},{18147, 7},
{11401, 7},{13030, 7},{24903, 7},{17096, 7},{10320, 7},{19791, 7},{24902, 7},{25386, 7},{10317, 7},{24905, 7},
{21749, 7},{25390, 7},{15970, 7},{6805, 7},{17813, 9},{6539, 7},{6082, 7},{25393, 7},{5659, 7},{9119, 7},
{3502, 7},{4786, 7},{7478, 7},{15978, 7},{21746, 7},{25391, 7},{10322, 7},{21081, 0},{13022, 7},{6804, 7},
{3105, 7},{9120, 7},{17814, 9},{4610, 7},{2436, 7},{2102, 7},{8050, 7},{21754, 7},{25394, 7},{2439, 7},
{7482, 7},{13028, 7},{25386, 7},{1493, 7},{23956, 17},{11680, 17},{11613, 17},{785, 17},{16473, 17},{5482, 17},
{19327, 3},{9127, 13},{9560, 3},{9134, 12},{19175, 17},{7031, 17},{1634, 17},{14024, 17},{6889, 17},{5351, 17},
{15079, 17},{10033, 17},{20785, 17},{12463, 17},{21389, 3},{23557, 3},{13216, 17},{25556, 17},{9614, 17},{11800, 17},
{20805, 17},{7328, 17},{9084, 17},{2398, 17},{16769, 17},{6015, 17},{20865, 17},{13660, 8},{5511, 8},{16752, 8},
{754, 8},{13058, 8},{16300, 8},{6266, 8},{4744, 8},{3612, 8},{16299, 8},{16753, 8},{755, 8},{7376, 8},
{13661, 8},{13057, 8},{3613, 8},{6265, 8},{4745, 8},{24665, 17},{24002, 17},{14703, 17},{11794, 17},{14354, 3},
{22478, 3},{17739, 3},{5096, 3},{1303, 3},{13545, 17},{11056, 17},{25663, 17},{17090, 17},{4922, 17},{11407, 17},
{23851, 17},{5168, 17},{10560, 17},{4870, 17},{2628, 17},{608, 17},{15303, 17},{9604, 17},{3588, 17},{154, 17},
{19096, 17},{5815, 17},{18084, 3},{21608, 3},{19298, 3},{17256, 13},{15246, 3},{8777, 3},{11315, 17},{1553, 17},
{25233, 17},{17596, 7},{3758, 7},{2158, 7},{25323, 7},{8867, 7},{14347, 7},{18563, 7},{5346, 7},{14339, 7},
{13222, 7},{5343, 7},{17334, 7},{5342, 7},{3763, 7},{24171, 7},{4483, 7},{10864, 7},{16816, 7},{10788, 7},
{9453, 9},{12556, 7},{17027, 7},{24166, 7},{25129, 7},{10254, 7},{10560, 7},{17340, 7},{5588, 7},{1540, 0},
{25322, 7},{12316, 7},{14464, 7},{13222, 7},{23682, 7},{25310, 7},{3756, 7},{24403, 7},{9808, 7},{4481, 7},
{711, 7},{18564, 7},{6305, 7},{18673, 7},{9453, 9},{13218, 7},{3761, 7},{3760, 7},{9928, 7},{5344, 7},
{18668, 7},{4483, 7},{25127, 7},{710, 7},{12562, 7},{120, 7},{22114, 7},{3765, 7},{26054, 7},{7385, 7},
{16423, 7},{5597, 7},{9454, 9},{25109, 7},{24164, 7},{16813, 7},{24168, 7},{26059, 7},{800, 7},{14337, 7},
{19984, 7},{24172, 7},{16620, 7},{2154, 7},{14481, 0},{23453, 7},{14335, 7},{24398, 7},{16423, 7},{26402, 7},
{18567, 7},{710, 7},{10260, 7},{12317, 7},{16817, 7},{16818, 7},{3762, 7},{13224, 7},{14339, 7},{17027, 7},
{20902, 7},{3983, 7},{9454, 9},{23421, 7},{246, 7},{16814, 7},{21098, 7},{10253, 7},{8866, 7},{17022, 7},
{10560, 7},{2766, 7},{16819, 7},{26382, 7},{246, 7},{7381, 7},{16814, 7},{16824, 7},{17017, 7},{715, 7},
{8868, 7},{10560, 7},{18566, 7},{17023, 7},{6562, 7},{1393, 7},{6304, 7},{24400, 7},{11414, 7},{7710, 7},
{994, 7},{17596, 7},{9451, 9},{24172, 7},{16813, 7},{5592, 7},{17026, 7},{17021, 7},{18684, 7},{10792, 7},
{3990, 7},{5597, 7},{1394, 7},{5539, 7},{15900, 7},{9452, 9},{5342, 7},{4479, 7},{19984, 7},{24171, 7},
{13165, 7},{23682, 7},{12556, 7},{15904, 7},{5587, 7},{3764, 7},{17446, 7},{10842, 7},{708, 7},{23454, 7},
{715, 7},{126, 7},{21097, 7},{23059, 9},{22114, 7},{16619, 7},{10258, 7},{18684, 7},{8582, 7},{3990, 7},
{8865, 7},{25319, 7},{25110, 7},{5592, 7},{6130, 7},{20890, 7},{5587, 7},{26435, 7},{12319, 7},{23059, 9},
{13216, 7},{5593, 7},{2162, 7},{19321, 7},{22100, 7},{6301, 7},{10867, 7},{15914, 7},{15842, 0},{26054, 7},
{5347, 7},{26329, 7},{12562, 7},{1392, 7},{19318, 7},{5345, 7},{16618, 7},{24163, 7},{3986, 7},{26056, 7},
{6423, 7},{21093, 17},{19330, 7},{25102, 7},{15900, 7},{8873, 7},{5597, 7},{20902, 7},{19319, 7},{10555, 7},
{4484, 7},{18568, 7},{13221, 7},{710, 7},{8864, 7},{9456, 9},{14338, 7},{23447, 7},{13322, 0},{4479, 7},
{18565, 7},{25315, 7},{12323, 7},{26329, 7},{10790, 7},{16624, 7},{10261, 7},{5545, 7},{12562, 7},{23677, 7},
{24403, 7},{18668, 7},{25129, 7},{7385, 7},{12314, 7},{4479, 7},{26287, 7},{4483, 7},{1545, 0},{11450, 7},
{18566, 7},{5587, 7},{128, 7},{5532, 7},{12563, 7},{13228, 7},{23430, 7},{21099, 7},{708, 7},{12318, 7},
{18568, 7},{9456, 9},{22514, 17},{21218, 17},{26008, 17},{21102, 17},{6785, 17},{6028, 17},{2706, 17},{1495, 17},
{10054, 7},{15784, 7},{19549, 7},{24092, 7},{17800, 7},{16468, 7},{22052, 7},{5096, 9},{6421, 7},{20646, 7},
{10989, 7},{22552, 7},{9622, 7},{24622, 7},{26299, 7},{17280, 7},{25855, 7},{20434, 7},{24091, 7},{2917, 7},
{8522, 7},{22546, 7},{21130, 7},{19553, 7},{14053, 0},{10055, 7},{8522, 7},{8519, 7},{17702, 7},{21591, 0},
{10615, 7},{5097, 9},{10004, 7},{13505, 7},{10005, 7},{1632, 7},{25582, 7},{1637, 7},{4572, 7},{9616, 7},
{20852, 7},{19883, 7},{16586, 7},{17801, 7},{7429, 7},{17798, 7},{5096, 9},{20847, 7},{8751, 7},{21049, 7},
{10980, 7},{14368, 7},{22053, 7},{18303, 7},{18340, 7},{25848, 7},{747, 7},{25037, 7},{20642, 7},{5287, 0},
{19127, 7},{22679, 17},{16751, 17},{23014, 17},{5191, 17},{719, 17},{24806, 17},{3805, 17},{26443, 17},{321, 17},
{18616, 3},{6384, 12},{22182, 17},{7822, 17},{15976, 17},{21395, 17},{21605, 17},{14068, 17},{902, 17},{25324, 17},
{4672, 17},{16383, 8},{679, 8},{876, 8},{10927, 8},{15837, 8},{4638, 8},{4176, 8},{10990, 8},{23725, 8},
{2115, 8},{9961, 8},{8877, 8},{21386, 8},{20314, 8},{4100, 8},{18613, 3},{598, 3},{6624, 3},{5484, 3},
{11507, 3},{18458, 3},{20312, 8},{4098, 8},{874, 8},{21384, 8},{4640, 8},{8875, 8},{16385, 8},{10988, 8},
{681, 8},{10925, 8},{23723, 8},{2117, 8},{9963, 8},{15839, 8},{4174, 8},{3184, 17},{4097, 8},{10924, 8},
{680, 8},{8876, 8},{20313, 8},{16386, 8},{2116, 8},{4173, 8},{4641, 8},{9964, 8},{15838, 8},{21383, 8},
{23722, 8},{21550, 8},{875, 8},{880, 8},{23729, 8},{4172, 8},{9965, 8},{20318, 8},{24875, 8},{4634, 8},
{15841, 8},{992, 8},{21523, 8},{2111, 8},{21390, 8},{675, 8},{10923, 8},{16387, 8},{17844, 3},{1689, 3},
{17836, 3},{8149, 12},{25164, 3},{6626, 3},{20211, 12},{5093, 13},{20319, 8},{21389, 8},{21538, 8},{881, 8},
{4095, 8},{23728, 8},{4171, 8},{2110, 8},{4635, 8},{15840, 8},{8874, 8},{9966, 8},{16388, 8},{674, 8},
{10922, 8},{13101, 17},{13349, 17},{21388, 8},{23727, 8},{8871, 8},{4170, 8},{677, 8},{24870, 8},{16389, 8},
{15843, 8},{9967, 8},{21485, 8},{878, 8},{4636, 8},{2113, 8},{20316, 8},{10921, 8},{17646, 17},{20317, 8},
{7341, 8},{676, 8},{879, 8},{4093, 8},{23726, 8},{21387, 8},{15842, 8},{13486, 8},{4169, 8},{10920, 8},
{8872, 8},{4637, 8},{2112, 8},{16390, 8},{19357, 17},{25232, 13},{14684, 13},{16920, 3},{6023, 8},{13412, 8},
{16081, 8},{4574, 8},{23958, 8},{15977, 8},{18232, 8},{98, 8},{17172, 8},{17249, 8},{7080, 8},{10436, 8},
{19525, 8},{7051, 8},{6130, 8},{4575, 8},{23959, 8},{6129, 8},{7081, 8},{18231, 8},{13413, 8},{7052, 8},
{17248, 8},{15976, 8},{10437, 8},{17497, 8},{17171, 8},{6022, 8},{19524, 8},{99, 8},{12542, 17},{18229, 8},
{17173, 8},{17246, 8},{10036, 8},{6131, 8},{4577, 8},{14989, 8},{7079, 8},{6020, 8},{101, 8},{7050, 8},
{15974, 8},{13411, 8},{23957, 8},{16078, 8},{17176, 8},{23954, 8},{7055, 8},{17245, 8},{19787, 8},{102, 8},
{7084, 8},{13408, 8},{4570, 8},{6126, 8},{18236, 8},{16047, 8},{16077, 8},{15973, 8},{6027, 8},{18235, 8},
{19528, 8},{13409, 8},{17244, 8},{17175, 8},{103, 8},{6026, 8},{7056, 8},{23955, 8},{4571, 8},{10842, 8},
{16056, 8},{17486, 8},{15972, 8},{7085, 8},{10434, 8},{104, 8},{4572, 8},{16075, 8},{13406, 8},{17178, 8},
{15971, 8},{7053, 8},{7082, 8},{18234, 8},{19531, 8},{17243, 8},{10852, 8},{6025, 8},{23952, 8},{13407, 8},
{11079, 8},{7054, 8},{7083, 8},{15970, 8},{6024, 8},{17177, 8},{17242, 8},{16074, 8},{4573, 8},{10435, 8},
{105, 8},{6127, 8},{18233, 8},{23953, 8},{6029, 8},{19533, 8},{7059, 8},{13404, 8},{7075, 8},{17251, 8},
{10441, 8},{23963, 8},{15979, 8},{10838, 8},{17180, 8},{94, 8},{18238, 8},{16073, 8},{4567, 8},{95, 8},
{6123, 8},{7076, 8},{17179, 8},{13405, 8},{18237, 8},{17250, 8},{4568, 8},{6028, 8},{10442, 8},{7060, 8},
{15978, 8},{19532, 8},{23964, 8},{16072, 8},{21779, 17},{18560, 17},{13150, 3},{2324, 12},{23059, 13},{16744, 12},
{4130, 13},{23976, 3},{20183, 17},{5589, 17},{21606, 17},{16977, 15},{8693, 15},{19466, 15},{6143, 17},{9714, 15},
{12919, 15},{11387, 15},{9743, 15},{26205, 15},{387, 15},{1526, 15},{25336, 15},{3420, 15},{19464, 15},{21007, 15},
{26202, 15},{23656, 15},{19622, 15},{388, 15},{25253, 15},{1214, 15},{17784, 15},{26414, 15},{6499, 15},{19860, 17},
{23943, 17},{15108, 17},{7310, 17},{4206, 17},{13347, 17},{2225, 17},{17843, 17},{25848, 17},{18465, 17},{10921, 17},
{13544, 3},{14488, 3},{15602, 3},{15446, 12},{25701, 17},{4921, 17},{6190, 17},{13432, 17},{24708, 3},{2111, 3},
{13536, 3},{25922, 13},{7872, 17},{13590, 17},{24098, 17},{17605, 17},{17705, 17},{7379, 17},{8669, 17},{3019, 17},
{709, 17},{23290, 17},{18737, 17},{17330, 17},{9214, 17},{1333, 15},{843, 15},{11469, 15},{15530, 15},{6121, 15},
{15115, 15},{5908, 15},{3849, 15},{17425, 15},{3930, 17},{17526, 15},{4219, 1},{11753, 15},{17538, 15},{17552, 15},
{22257, 1},{11759, 15},{11752, 15},{19009, 15},{14552, 15},{18987, 15},{11755, 15},{18666, 1},{11750, 15},{20317, 17},
{11123, 17},{23139, 15},{20897, 15},{12540, 15},{15666, 15},{15118, 15},{6639, 17},{17033, 15},{15530, 15},{9986, 15},
{5297, 12},{25944, 12},{22372, 3},{19079, 3},{22386, 3},{20974, 15},{23524, 15},{12980, 15},{9956, 1},{11162, 15},
{12598, 15},{11167, 15},{12603, 15},{11168, 15},{11163, 15},{5318, 15},{11166, 15},{5331, 15},{11165, 15},{12600, 15},
{11164, 15},{12602, 15},{12599, 15},{12597, 15},{12601, 15},{12604, 15},{11161, 15},{12754, 7},{2712, 7},{8662, 7},
{21502, 7},{14008, 7},{14214, 7},{11203, 7},{7284, 7},{9411, 7},{11193, 7},{17953, 7},{1970, 7},{22351, 7},
{10896, 7},{1971, 7},{7059, 7},{5794, 7},{4385, 7},{7769, 7},{372, 7},{1449, 9},{19713, 7},{4861, 7},
{8933, 7},{7099, 7},{7764, 7},{1076, 7},{7056, 7},{1447, 9},{7761, 7},{1077, 7},{19710, 7},{1842, 7},
{7059, 7},{8934, 7},{12897, 7},{21634, 7},{7105, 7},{18106, 7},{21625, 7},{1974, 7},{7054, 7},{4862, 7},
{2392, 7},{15828, 7},{18415, 7},{21504, 7},{1442, 9},{15823, 7},{18105, 7},{20993, 7},{11194, 7},{2706, 7},
{15826, 7},{19707, 7},{1840, 7},{1073, 7},{14002, 7},{8940, 7},{21502, 7},{22612, 7},{4870, 7},{12753, 7},
{21627, 7},{2707, 7},{10896, 7},{7282, 7},{15822, 7},{4393, 7},{4863, 7},{22352, 7},{18415, 7},{8932, 7},
{1840, 7},{7289, 7},{14738, 7},{9406, 7},{1844, 7},{26367, 7},{14006, 7},{7280, 7},{22344, 7},{14231, 7},
{14735, 7},{4387, 7},{9407, 7},{13999, 7},{14008, 7},{1078, 7},{7762, 7},{1442, 9},{16881, 7},{1843, 7},
{221, 7},{9401, 7},{3996, 8},{4721, 8},{22240, 8},{22529, 8},{24811, 8},{17536, 8},{10661, 8},{9622, 8},
{10867, 8},{11129, 8},{6526, 8},{7259, 8},{9967, 17},{22025, 17},{21997, 17},{12537, 3},{17812, 3},{18611, 3},
{1414, 3},{6231, 12},{3615, 17},{19331, 17},{24013, 3},{13146, 12},{5287, 3},{14682, 13},{16425, 3},{17261, 13},
{19831, 15},{17853, 17},{5463, 17},{25753, 17},{19532, 17},{19446, 17},{17104, 17},{7560, 17},{10936, 8},{16596, 8},
{11420, 8},{9205, 8},{15776, 8},{18281, 8},{5961, 8},{12274, 8},{2484, 8},{9303, 8},{23252, 8},{6561, 8},
{24542, 8},{2168, 8},{26399, 8},{26398, 8},{12273, 8},{5334, 8},{9304, 8},{16597, 8},{11419, 8},{15775, 8},
{5962, 8},{18282, 8},{10937, 8},{9204, 8},{23251, 8},{2483, 8},{24541, 8},{2169, 8},{5959, 8},{2170, 8},
{9203, 8},{2486, 8},{23254, 8},{26397, 8},{16594, 8},{18283, 8},{10934, 8},{5335, 8},{9301, 8},{18173, 8},
{24540, 8},{12276, 8},{11418, 8},{5960, 8},{23253, 8},{9302, 8},{16595, 8},{2485, 8},{24539, 8},{15773, 8},
{10935, 8},{12275, 8},{18284, 8},{26396, 8},{2171, 8},{9202, 8},{5336, 8},{11417, 8},{16600, 8},{12278, 8},
{11424, 8},{2488, 8},{2172, 8},{26395, 8},{5337, 8},{18277, 8},{10932, 8},{24546, 8},{9201, 8},{5957, 8},
{9299, 8},{15772, 8},{23248, 8},{23247, 8},{9300, 8},{9200, 8},{26394, 8},{24545, 8},{15771, 8},{10933, 8},
{18278, 8},{11423, 8},{2487, 8},{12277, 8},{5338, 8},{16601, 8},{2173, 8},{5958, 8},{5955, 8},{15770, 8},
{5339, 8},{10930, 8},{16598, 8},{2174, 8},{26393, 8},{18279, 8},{12280, 8},{11422, 8},{9199, 8},{24544, 8},
{2490, 8},{23250, 8},{9297, 8},{18280, 8},{15769, 8},{9198, 8},{24543, 8},{16599, 8},{12279, 8},{13207, 8},
{26392, 8},{5340, 8},{23249, 8},{5956, 8},{9298, 8},{10931, 8},{11421, 8},{2489, 8},{12736, 17},{15382, 8},
{6592, 8},{12282, 8},{24538, 8},{2482, 8},{5952, 8},{18271, 8},{2166, 8},{9305, 8},{23246, 8},{10938, 8},
{9197, 8},{11416, 8},{16602, 8},{26401, 8},{2167, 8},{16603, 8},{9306, 8},{15761, 8},{9196, 8},{2481, 8},
{24537, 8},{10939, 8},{5953, 8},{4232, 8},{12281, 8},{23245, 8},{11415, 8},{26400, 8},{6595, 8},{17564, 17},
{23692, 17},{16871, 17},{866, 17},{4967, 17},{8217, 17},{15168, 17},{659, 17},{6284, 17},{12314, 17},{17740, 17},
{20455, 17},{16202, 17},{2678, 17},{15568, 8},{12967, 7},{4967, 7},{7874, 7},{9123, 9},{11508, 7},{1015, 7},
{14815, 7},{9123, 9},{11874, 7},{20693, 7},{7873, 7},{11511, 7},{20689, 7},{14814, 7},{9125, 9},{7870, 7},
{11874, 7},{20693, 7},{11872, 7},{9124, 9},{4636, 7},{11870, 7},{9122, 9},{4971, 7},{25779, 7},{12966, 7},
{7874, 7},{20694, 7},{25787, 7},{20686, 7},{20685, 7},{14817, 7},{18616, 7},{11877, 7},{9122, 9},{4968, 7},
{9469, 9},{7877, 7},{22524, 7},{18615, 7},{4973, 7},{18616, 7},{7186, 9},{4465, 7},{7876, 7},{18609, 7},
{14820, 7},{4546, 9},{4637, 7},{12967, 7},{14813, 7},{4476, 7},{11503, 7},{14811, 7},{1015, 7},{9469, 9},
{18609, 7},{5094, 17},{21433, 17},{5561, 17},{21394, 3},{14679, 3},{6538, 17},{20334, 17},{10310, 17},{21490, 17},
{19453, 17},{24676, 17},{20446, 17},{3453, 13},{14683, 13},{9124, 12},{21935, 17},{7049, 17},{18692, 17},{7566, 17},
{25201, 17},{23937, 17},{26146, 8},{13084, 8},{17629, 8},{5784, 8},{10709, 8},{16744, 8},{14332, 7},{20403, 7},
{16435, 7},{14722, 7},{7274, 9},{7269, 9},{13616, 7},{21104, 7},{722, 7},{20907, 7},{1400, 7},{7272, 9},
{6704, 7},{21103, 7},{21102, 7},{14720, 7},{7275, 9},{7270, 9},{16432, 7},{8607, 7},{14332, 7},{8877, 7},
{20978, 7},{15724, 7},{14724, 7},{986, 7},{2159, 7},{14342, 7},{7270, 9},{7268, 9},{4249, 7},{6702, 7},
{15725, 7},{15723, 7},{21105, 7},{1399, 7},{7271, 9},{3090, 7},{15726, 7},{16430, 7},{8632, 7},{15721, 7},
{7273, 9},{2175, 7},{8872, 7},{16437, 7},{7272, 9},{14332, 7},{21104, 7},{17102, 17},{9763, 3},{17833, 3},
{25122, 17},{10371, 17},{13483, 17},{7852, 17},{13095, 17},{26184, 17},{24620, 8},{12587, 8},{15969, 8},{13101, 8},
{12710, 8},{12709, 8},{16728, 8},{12588, 8},{24621, 8},{10649, 8},{10642, 8},{12589, 8},{24622, 8},{12708, 8},
{15967, 8},{12707, 8},{10523, 8},{12590, 8},{15966, 8},{24623, 8},{15965, 8},{10528, 8},{12583, 8},{24624, 8},
{12706, 8},{10659, 8},{24625, 8},{15964, 8},{12705, 8},{12584, 8},{16718, 8},{24626, 8},{12585, 8},{12704, 8},
{10651, 8},{5468, 17},{1300, 13},{24502, 3},{25946, 3},{24812, 17},{17215, 17},{12580, 8},{10520, 8},{12712, 8},
{24629, 8},{15958, 8},{24630, 8},{10521, 8},{15957, 8},{12581, 8},{12711, 8},{11609, 17},{12731, 17},{25300, 17},
{21631, 17},{22501, 3},{26010, 3},{11867, 3},{9558, 12},{17017, 8},{12475, 8},{18473, 8},{3512, 8},{10013, 8},
{566, 8},{23019, 8},{19445, 8},{22677, 8},{10903, 8},{25040, 8},{1458, 8},{21895, 8},{19027, 8},{25754, 8},
{21898, 8},{1455, 8},{532, 8},{10900, 8},{12470, 8},{17028, 8},{25047, 8},{22684, 8},{10008, 8},{19021, 8},
{18484, 8},{22400, 8},{3503, 8},{10694, 8},{23015, 8},{17027, 8},{23014, 8},{19022, 8},{529, 8},{10009, 8},
{25756, 8},{25046, 8},{3502, 8},{18485, 8},{21899, 8},{1454, 8},{12906, 8},{10690, 8},{22685, 8},{12469, 8},
{8792, 8},{19023, 8},{18482, 8},{10633, 8},{3505, 8},{10700, 8},{22682, 8},{10010, 8},{10898, 8},{17026, 8},
{12468, 8},{21896, 8},{22404, 8},{23017, 8},{1457, 8},{12467, 8},{22406, 8},{17025, 8},{18483, 8},{534, 8},
{22683, 8},{1456, 8},{25829, 8},{25044, 8},{10011, 8},{3504, 8},{10899, 8},{19455, 8},{19024, 8},{23016, 8},
{545, 8},{19450, 8},{19017, 8},{1451, 8},{18480, 8},{12474, 8},{10896, 8},{17024, 8},{10004, 8},{25051, 8},
{3507, 8},{22407, 8},{22680, 8},{23011, 8},{21902, 8},{22409, 8},{3506, 8},{8793, 8},{10005, 8},{12473, 8},
{19449, 8},{17023, 8},{25841, 8},{18481, 8},{10897, 8},{23010, 8},{18692, 8},{1450, 8},{22681, 8},{19018, 8},
{18478, 8},{21900, 8},{3509, 8},{1453, 8},{23013, 8},{22678, 8},{19452, 8},{12472, 8},{10006, 8},{17022, 8},
{22103, 8},{19019, 8},{8796, 8},{10894, 8},{25049, 8},{547, 8},{12886, 8},{22108, 8},{22679, 8},{8021, 8},
{17021, 8},{12471, 8},{21901, 8},{25048, 8},{19451, 8},{23012, 8},{18479, 8},{1452, 8},{3508, 8},{10007, 8},
{20354, 17},{22849, 17},{766, 17},{25451, 17},{16922, 17},{19690, 17},{21531, 17},{4686, 17},{10457, 17},{20811, 17},
{22807, 3},{16994, 3},{12331, 12},{20111, 3},{2466, 3},{9754, 3},{1086, 17},{16906, 8},{22394, 8},{12503, 8},
{12028, 8},{3237, 17},{1901, 17},{5579, 17},{636, 3},{9125, 3},{221, 8},{11649, 8},{6525, 8},{24812, 8},
{4718, 8},{11132, 8},{7260, 8},{11754, 8},{3997, 8},{10555, 8},{3221, 8},{9621, 8},{22239, 8},{16979, 15},
{14451, 15},{17007, 15},{14160, 15},{8291, 15},{11958, 15},{10091, 15},{16232, 15},{26203, 15},{4204, 15},{16233, 15},
{9710, 15},{19461, 15},{16237, 15},{8670, 15},{13933, 15},{24923, 15},{23655, 15},{20255, 15},{3422, 15},{24189, 15},
{26207, 15},{26291, 15},{14463, 15},{14290, 15},{1444, 15},{4204, 15},{12250, 17},{18486, 17},{6023, 17},{24465, 17},
{21216, 17},{22775, 17},{23642, 17},{25847, 17},{9004, 17},{21215, 17},{21746, 17},{13569, 17},{17734, 3},{20366, 3},
{4129, 12},{12963, 3},{12512, 12},{8154, 12},{7560, 3},{22476, 3},{17851, 3},{6228, 3},{7076, 17},{19801, 17},
{8368, 12},{10963, 3},{6356, 17},{3415, 3},{20201, 3},{596, 3},{1623, 3},{5574, 17},{1842, 17},{24570, 17},
{3139, 15},{22474, 1},{3143, 15},{3141, 15},{18814, 1},{3394, 1},{3147, 15},{23286, 1},{3138, 15},{3140, 15},
{3144, 15},{3211, 1},{3142, 15},{3145, 15},{25729, 17},{6454, 17},{20980, 3},{5023, 3},{18248, 3},{18448, 8},
{10841, 8},{18042, 8},{14067, 8},{11603, 8},{20275, 8},{8623, 8},{19327, 8},{20685, 8},{9966, 3},{7977, 3},
{20752, 17},{12698, 15},{14496, 15},{16349, 15},{19647, 15},{10318, 17},{16675, 15},{26218, 15},{9472, 15},{14942, 15},
{22538, 15},{10386, 15},{17765, 15},{22728, 15},{10385, 15},{8767, 15},{25964, 15},{23243, 15},{4887, 15},{13144, 15},
{23103, 15},{25631, 15},{16671, 15},{1043, 15},{4887, 15},{11102, 15},{6127, 17},{12560, 17},{19143, 17},{21988, 17},
{6468, 17},{1837, 17},{14286, 15},{820, 15},{6337, 17},{24284, 17},{25845, 17},{15907, 17},{25046, 17},{15721, 17},
{16668, 15},{16988, 17},{3523, 8},{17202, 8},{20976, 8},{4289, 8},{24073, 8},{24653, 8},{9115, 8},{26280, 8},
{23036, 8},{24242, 8},{9366, 8},{1553, 8},{12, 8},{22895, 8},{366, 8},{573, 17},{2145, 17},{5965, 17},
{12033, 17},{5728, 17},{13237, 17},{21730, 17},{2877, 17},{15841, 17},{9470, 15},{15444, 17},{4402, 17},{3798, 17},
{13269, 17},{13028, 8},{17397, 8},{7062, 8},{1081, 8},{4779, 8},{23177, 8},{14229, 8},{19096, 8},{655, 8},
{21141, 8},{18306, 8},{890, 8},{6009, 8},{19260, 8},{12561, 8},{18628, 17},{6689, 17},{4955, 17},{20438, 17},
{19001, 17},{11604, 8},{21843, 8},{20276, 8},{11280, 8},{19326, 8},{18449, 8},{18041, 8},{14068, 8},{8622, 8},
{7843, 17},{20318, 17},{18975, 17},{1637, 17},{23606, 17},{19328, 8},{14070, 8},{12668, 8},{18451, 8},{20278, 8},
{11602, 8},{8620, 8},{20686, 8},{18043, 8},{19329, 8},{20277, 8},{18450, 8},{14069, 8},{10843, 8},{8621, 8},
{20687, 8},{2933, 8},{3550, 17},{11027, 8},{12672, 8},{20688, 8},{20272, 8},{14064, 8},{8618, 8},{18453, 8},
{16589, 8},{18037, 8},{9830, 8},{23591, 8},{11809, 17},{9787, 17},{18276, 15},{8066, 15},{6437, 15},{3535, 15},
{22482, 3},{24836, 3},{12518, 13},{21533, 17},{18092, 15},{25865, 15},{10115, 15},{6430, 15},{9748, 15},{9748, 15},
{3353, 15},{9979, 15},{14538, 15},{10110, 15},{19002, 15},{15150, 15},{12150, 15},{13292, 15},{11286, 15},{15036, 15},
{25077, 15},{17177, 17},{4634, 17},{6179, 17},{5195, 17},{7235, 15},{3943, 17},{5287, 17},{13990, 17},{9263, 17},
{5402, 15},{10654, 15},{11255, 15},{11082, 12},{22804, 3},{23764, 3},{20245, 7},{22070, 7},{9445, 7},{11362, 7},
{23511, 7},{16288, 7},{19722, 7},{14910, 7},{7808, 7},{22893, 7},{13970, 7},{25914, 7},{20755, 7},{4543, 7},
{1458, 7},{9440, 7},{14919, 7},{9213, 7},{3406, 9},{17700, 7},{4142, 0},{1451, 7},{758, 7},{9214, 7},
{12188, 7},{573, 7},{1613, 7},{24607, 7},{24212, 7},{3405, 9},{14378, 7},{9336, 7},{21140, 7},{1459, 7},
{345, 7},{25737, 7},{15444, 7},{12905, 7},{21143, 7},{24218, 7},{11364, 7},{14773, 7},{4539, 7},{9086, 7},
{12348, 7},{13977, 7},{4917, 7},{4542, 7},{16292, 7},{19174, 7},{341, 7},{25717, 7},{13979, 7},{22417, 7},
{7807, 7},{1616, 7},{12194, 7},{24613, 7},{14383, 7},{1543, 3},{9555, 13},{22416, 7},{2921, 7},{573, 7},
{25746, 7},{7255, 7},{11363, 7},{20244, 7},{11360, 7},{7438, 7},{13979, 7},{4917, 7},{4922, 7},{11364, 7},
{7263, 7},{2783, 7},{12907, 7},{2400, 7},{20754, 7},{14687, 9},{16300, 7},{20750, 7},{19865, 7},{2398, 7},
{20758, 7},{12186, 7},{2530, 7},{12193, 7},{24614, 7},{3801, 7},{25740, 7},{9441, 7},{14380, 7},{11360, 7},
{7259, 7},{7027, 7},{2922, 7},{9592, 7},{341, 7},{4537, 7},{3802, 7},{9085, 7},{14687, 9},{7260, 7},
{1458, 7},{25709, 7},{25715, 7},{4540, 7},{24611, 7},{16081, 7},{19175, 7},{25738, 7},{7032, 7},{9212, 7},
{5629, 7},{5995, 7},{12902, 7},{20753, 7},{9444, 7},{24213, 7},{9084, 7},{12901, 7},{7806, 7},{16081, 7},
{24609, 7},{11365, 7},{2401, 7},{2781, 7},{14196, 7},{25746, 7},{3409, 9},{5638, 7},{19721, 7},{67, 0},
{759, 7},{25712, 7},{8436, 7},{9914, 7},{25910, 7},{22896, 7},{5353, 7},{22043, 7},{22419, 7},{757, 7},
{4541, 7},{577, 7},{9891, 7},{5964, 7},{5636, 7},{5358, 7},{6004, 7},{345, 7},{1095, 7},{6004, 7},
{2786, 7},{2787, 7},{7261, 7},{20244, 7},{340, 7},{13975, 7},{12348, 7},{3409, 9},{12910, 7},{5971, 7},
{25365, 7},{7811, 7},{24222, 7},{4536, 7},{16072, 7},{19859, 7},{19001, 7},{5299, 7},{22045, 7},{2530, 7},
{14385, 7},{1453, 7},{19715, 7},{22891, 7},{24609, 7},{24612, 7},{4913, 7},{14382, 7},{1097, 7},{9782, 0},
{7027, 7},{24218, 7},{1618, 7},{16072, 7},{4533, 7},{2786, 7},{4921, 7},{7264, 7},{14911, 7},{25905, 7},
{2403, 7},{14920, 7},{336, 7},{4920, 7},{2531, 7},{5354, 7},{9079, 7},{3801, 7},{1459, 7},{19171, 7},
{22889, 7},{3407, 9},{19000, 7},{2779, 7},{751, 7},{15966, 7},{5353, 7},{25359, 7},{7805, 7},{16078, 7},
{3410, 9},{15969, 7},{19175, 7},{12189, 7},{12193, 7},{11356, 7},{22895, 7},{7811, 7},{12902, 7},{343, 7},
{18992, 7},{12348, 7},{18997, 7},{18885, 7},{24217, 7},{25360, 7},{13973, 7},{22891, 7},{1100, 7},{574, 7},
{20758, 7},{5290, 7},{15958, 7},{1625, 7},{25912, 7},{4536, 7},{19864, 7},{22418, 7},{14765, 7},{1098, 7},
{21146, 7},{22410, 7},{12194, 7},{7037, 7},{14190, 7},{22416, 7},{12193, 7},{4922, 7},{15966, 7},{16288, 7},
{3408, 9},{9591, 7},{575, 7},{23511, 7},{14387, 7},{19173, 7},{19868, 7},{342, 7},{2404, 7},{2783, 7},
{580, 7},{16293, 7},{14920, 7},{20756, 7},{24221, 7},{9601, 7},{24212, 7},{5998, 7},{19863, 7},{22044, 7},
{7807, 7},{25912, 7},{9088, 7},{15967, 7},{9914, 7},{5963, 7},{7030, 7},{21139, 7},{21145, 7},{20757, 7},
{25718, 7},{22418, 7},{3798, 7},{3408, 9},{14773, 7},{3943, 7},{20759, 7},{2402, 7},{12409, 7},{2919, 17},
{5094, 9},{21716, 7},{5286, 7},{9967, 7},{14047, 7},{21585, 7},{16788, 7},{14050, 7},{5095, 9},{12263, 7},
{5092, 9},{5282, 7},{21586, 7},{20980, 7},{9966, 7},{16777, 7},{19075, 7},{5092, 9},{16777, 7},{15124, 7},
{14046, 7},{19073, 7},{21248, 7},{19074, 7},{5096, 9},{26168, 7},{14049, 7},{18353, 7},{5096, 9},{1408, 7},
{14052, 7},{5097, 9},{18249, 7},{5287, 7},{5094, 9},{16771, 7},{8343, 7},{9966, 7},{14032, 7},{733, 15},
{24264, 15},{17237, 15},{5918, 15},{1485, 15},{5920, 15},{11137, 15},{19758, 15},{14614, 15},{24268, 15},{20325, 15},
{25434, 15},{6965, 15},{24679, 15},{2527, 15},{2128, 15},{18621, 17},{15290, 17},{17967, 17},{17733, 3},{17629, 3},
{7977, 12},{3455, 9},{13620, 7},{8604, 7},{16425, 7},{6701, 7},{3456, 9},{2159, 7},{1399, 7},{20873, 7},
{13620, 7},{718, 7},{20875, 7},{13617, 7},{15729, 7},{14719, 7},{15730, 7},{6694, 7},{992, 7},{11082, 9},
{21104, 7},{3453, 9},{8601, 7},{6695, 7},{20402, 7},{15729, 7},{4248, 7},{8874, 7},{8875, 7},{15729, 7},
{3454, 9},{723, 7},{8607, 7},{15730, 7},{16425, 7},{6695, 7},{6703, 7},{20397, 7},{13617, 7},{3451, 9},
{14345, 7},{3044, 7},{21101, 7},{4251, 7},{3451, 9},{2175, 7},{6700, 7},{14719, 7},{4255, 7},{16435, 7},
{11082, 9},{15722, 7},{6698, 7},{24570, 9},{986, 7},{6474, 7},{13621, 7},{14925, 17},{18993, 17},{17692, 17},
{12449, 17},{6421, 17},{4002, 7},{5757, 7},{3087, 7},{19962, 7},{22807, 9},{6812, 7},{3080, 7},{22016, 7},
{25886, 7},{20720, 7},{23687, 7},{3998, 7},{2378, 7},{25452, 7},{3997, 7},{3257, 7},{15948, 7},{16009, 17},
{17563, 17},{15085, 15},{1247, 15},{17667, 15},{22987, 15},{554, 15},{8209, 15},{2815, 15},{14111, 15},{21870, 15},
{5058, 15},{1247, 15},{554, 15},{1349, 15},{21870, 15},{14957, 15},{19615, 15},{5063, 15},{15089, 15},{2354, 15},
{8252, 15},{22145, 15},{53, 15},{15440, 15},{23330, 15},{18052, 15},{3627, 15},{23592, 8},{19331, 8},{8619, 8},
{20271, 8},{18038, 8},{20689, 8},{12669, 8},{18452, 8},{14063, 8},{11607, 8},{14771, 17},{20449, 17},{25730, 17},
{7103, 17},{10897, 17},{21001, 17},{11013, 17},{14191, 17},{20717, 17},{25376, 17},{6228, 17},{7195, 3},{8676, 3},
{16710, 3},{25233, 12},{14825, 17},{14092, 17},{25856, 17},{7745, 17},{14785, 17},{9142, 17},{1252, 17},{13756, 17},
{10633, 17},{9120, 17},{12878, 17},{22385, 17},{5722, 17},{23503, 17},{2933, 17},{23959, 17},{3712, 17},{863, 12},
{26227, 3},{7438, 17},{23114, 17},{13225, 17},{10810, 17},{17733, 17},{25023, 17},{15902, 17},{12589, 17},{9451, 12},
{6381, 12},{7976, 3},{11525, 17},{25532, 15},{15710, 15},{25572, 15},{8373, 15},{19361, 15},{25825, 15},{15289, 17},
{10347, 15},{6426, 17},{2788, 17},{20784, 17},{2916, 17},{19319, 17},{7309, 17},{11114, 17},{7869, 17},{13438, 17},
{760, 17},{18349, 17},{14065, 8},{18040, 8},{19333, 8},{8617, 8},{20691, 8},{18454, 8},{10847, 8},{11605, 8},
{20273, 8},{15297, 17},{5871, 15},{12218, 15},{17675, 17},{10683, 17},{17284, 17},{9559, 13},{5517, 3},{15450, 12},
{21306, 17},{25580, 17},{12539, 8},{4044, 8},{25192, 8},{17831, 8},{17104, 8},{14239, 8},{25948, 8},{4255, 8},
{13481, 8},{23503, 8},{1013, 8},{3913, 8},{21581, 8},{18820, 8},{1941, 8},{3720, 17},{12487, 17},{11067, 17},
{7335, 17},{9909, 3},{8149, 13},{12328, 3},{18451, 3},{14345, 3},{3758, 17},{26055, 17},{1599, 7},{19282, 0},
{24348, 7},{13821, 7},{12740, 7},{4674, 7},{2564, 7},{3258, 7},{18309, 7},{25552, 7},{23648, 7},{26220, 9},
{13826, 7},{13823, 7},{13825, 7},{4299, 7},{1605, 7},{5787, 7},{20874, 7},{6090, 7},{23646, 7},{25464, 7},
{26223, 9},{13986, 7},{6890, 7},{1604, 7},{13817, 7},{13985, 7},{9849, 7},{5781, 7},{3330, 7},{6092, 7},
{13989, 7},{19540, 7},{24356, 7},{12748, 7},{19093, 7},{13984, 7},{24349, 7},{17560, 7},{25547, 7},{24353, 7},
{15407, 7},{6885, 7},{22423, 7},{1599, 7},{26221, 9},{25847, 7},{3966, 7},{4298, 7},{15399, 7},{13987, 7},
{26104, 7},{20362, 0},{12742, 7},{11145, 7},{4286, 7},{20766, 7},{20770, 7},{24348, 7},{25551, 7},{6095, 7},
{17557, 7},{19091, 7},{12739, 7},{26221, 9},{18794, 7},{6089, 7},{19527, 7},{20874, 7},{25550, 7},{5775, 7},
{13816, 7},{11334, 7},{26226, 9},{11332, 7},{20763, 7},{19096, 7},{17558, 7},{24356, 7},{4678, 7},{21470, 7},
{24355, 7},{15404, 7},{6091, 7},{19527, 7},{10210, 7},{24351, 7},{2564, 7},{19095, 7},{23647, 7},{26226, 9},
{4679, 7},{13816, 7},{11340, 7},{8511, 7},{12310, 7},{4676, 7},{13823, 7},{19959, 7},{26274, 7},{2567, 7},
{17556, 7},{19787, 7},{26280, 7},{13990, 7},{18797, 7},{19092, 7},{3959, 7},{20766, 7},{15407, 7},{4676, 7},
{6891, 7},{13983, 7},{23642, 7},{18307, 7},{25556, 7},{17564, 7},{25555, 7},{13988, 7},{15408, 7},{25553, 7},
{1608, 7},{26227, 9},{22190, 7},{6894, 7},{10210, 7},{3964, 7},{25844, 7},{25467, 7},{5782, 7},{24352, 7},
{4676, 7},{26104, 7},{10456, 7},{25464, 7},{24351, 7},{18302, 7},{2558, 7},{11145, 7},{18309, 7},{12740, 7},
{26227, 9},{14786, 17},{20845, 7},{13989, 7},{6088, 7},{25552, 7},{3256, 7},{4672, 7},{10462, 7},{26223, 9},
{15402, 7},{22184, 7},{19533, 7},{6090, 7},{12739, 7},{1606, 7},{8920, 0},{24352, 7},{12744, 7},{12310, 7},
{26222, 9},{15517, 7},{22179, 7},{18304, 7},{17559, 7},{12305, 7},{20764, 7},{25049, 7},{9250, 7},{25849, 7},
{15408, 7},{9253, 7},{4675, 7},{12746, 7},{25446, 7},{18795, 7},{2558, 7},{23774, 17},{17535, 17},{14756, 17},
{6170, 17},{25224, 17},{11081, 17},{5308, 17},{16483, 17},{17315, 17},{21224, 3},{4141, 3},{20310, 3},{15546, 13},
{17263, 12},{19069, 17},{11174, 13},{3410, 12},{1493, 17},{2783, 17},{4409, 17},{15430, 17},{7131, 15},{23117, 15},
{5496, 15},{9836, 15},{15509, 3},{12535, 3},{4131, 3},{22941, 3},{11061, 3},{22097, 17},{9459, 17},{1404, 17},
{23935, 15},{22956, 15},{8888, 15},{13248, 15},{828, 15},{19216, 15},{23925, 15},{14622, 15},{1581, 15},{23927, 15},
{7069, 15},{25659, 15},{1258, 15},{829, 15},{22954, 15},{23923, 15},{15034, 15},{22567, 15},{4078, 17},{15246, 13},
{15458, 3},{20766, 17},{26026, 3},{22332, 13},{25233, 3},{13084, 3},{24939, 15},{5742, 15},{24367, 15},{18531, 17},
{19324, 17},{17258, 13},{16442, 3},{1426, 3},{15839, 3},{3211, 3},{25298, 3},{10848, 13},{4059, 3},{7153, 3},
{15604, 3},{9122, 3},{1936, 3},{12734, 3},{11109, 17},{14245, 1},{17055, 15},{14738, 1},{17054, 15},{17057, 15},
{17059, 15},{20482, 1},{17058, 15},{17053, 15},{4360, 1},{17056, 15},{15825, 1},{14207, 1},{17052, 15},{5788, 1},
{14739, 1},{22882, 15},{3912, 1},{22881, 15},{11048, 1},{22884, 15},{22880, 15},{22883, 15},{10444, 1},{22879, 15},
{22885, 15},{825, 15},{832, 15},{14000, 1},{7552, 1},{12760, 1},{831, 15},{828, 15},{826, 15},{829, 15},
{830, 15},{827, 15},{14625, 15},{7283, 1},{14626, 15},{14627, 15},{9407, 1},{17213, 1},{14624, 15},{18114, 1},
{3914, 1},{14623, 15},{14628, 15},{19516, 1},{14622, 15},{9410, 1},{17370, 15},{7109, 1},{11714, 15},{12299, 1},
{7769, 1},{11711, 15},{12906, 1},{17380, 15},{883, 1},{11715, 15},{19513, 1},{3918, 1},{11717, 15},{24044, 1},
{11194, 1},{11712, 15},{11716, 15},{13009, 15},{13011, 15},{13007, 15},{13006, 15},{17774, 1},{13008, 15},{8941, 1},
{17211, 1},{13012, 15},{19514, 1},{8933, 1},{24039, 1},{12324, 1},{878, 1},{3639, 1},{13010, 15},{23924, 15},
{23925, 15},{3644, 1},{22945, 1},{23926, 15},{23920, 15},{23923, 15},{23922, 15},{11630, 15},{23919, 15},{23928, 15},
{8664, 1},{23927, 15},{877, 1},{12552, 15},{21511, 1},{12549, 15},{4357, 1},{23384, 1},{22068, 15},{22947, 1},
{12550, 15},{12543, 15},{12551, 15},{12546, 15},{4365, 1},{12548, 15},{17214, 1},{12544, 15},{1978, 1},{18110, 1},
{12547, 15},{2711, 1},{13254, 15},{368, 1},{13256, 15},{13255, 15},{13249, 15},{19907, 1},{20993, 1},{13248, 15},
{22943, 1},{13252, 15},{13251, 15},{13253, 15},{13250, 15},{3635, 1},{13257, 15},{21862, 15},{21861, 15},{21867, 15},
{25653, 15},{21864, 15},{19519, 1},{25659, 15},{14006, 1},{3645, 1},{7585, 15},{18761, 17},{5966, 17},{21670, 17},
{24096, 17},{8922, 17},{6232, 17},{3078, 17},{12904, 8},{3969, 8},{24097, 8},{16481, 8},{7750, 8},{13173, 8},
{15405, 8},{22743, 8},{18152, 8},{143, 8},{3783, 8},{11196, 8},{9005, 8},{18919, 8},{715, 8},{25167, 17},
{20781, 17},{1692, 17},{4298, 17},{18992, 17},{19551, 8},{2372, 8},{782, 8},{10824, 8},{165, 8},{1840, 8},
{24205, 8},{7719, 8},{21735, 8},{18564, 8},{24352, 8},{25722, 8},{8991, 8},{18990, 8},{1036, 8},{14722, 3},
{7152, 3},{18786, 3},{3447, 12},{25195, 17},{18239, 17},{4100, 17},{20382, 8},{7484, 8},{8327, 8},{1949, 8},
{20823, 8},{433, 8},{24278, 8},{12130, 8},{12298, 8},{16547, 8},{23793, 8},{9778, 8},{26082, 8},{9390, 8},
{18660, 8},{11010, 17},{17676, 3},{11503, 3},{10213, 3},{1428, 13},{18470, 17},{21736, 17},{25914, 17},{23096, 17},
{14758, 17},{11196, 7},{8668, 7},{11193, 7},{20771, 7},{2713, 7},{15831, 7},{5789, 7},{5793, 7},{1839, 7},
{4867, 7},{7288, 7},{8939, 7},{7109, 7},{8661, 7},{4394, 7},{22353, 7},{5794, 7},{902, 9},{8665, 7},
{1075, 7},{14001, 7},{8941, 7},{9411, 7},{14741, 7},{7053, 7},{9402, 7},{220, 7},{20775, 7},{19707, 7},
{366, 7},{12299, 0},{10897, 7},{7052, 7},{14209, 7},{1978, 7},{7109, 7},{899, 9},{20778, 7},{20780, 7},
{10903, 7},{12758, 7},{368, 7},{14231, 7},{18111, 7},{21628, 7},{9410, 7},{4384, 7},{8664, 7},{15829, 7},
{7099, 7},{7760, 7},{1068, 7},{7287, 7},{15825, 7},{21505, 7},{221, 7},{20777, 7},{21510, 7},{901, 9},
{14739, 7},{3644, 0},{12752, 7},{5799, 7},{26377, 7},{1971, 7},{17949, 7},{21625, 7},{15581, 7},{15830, 7},
{4864, 7},{21632, 7},{21508, 7},{1977, 7},{4868, 7},{7281, 7},{14000, 7},{9409, 7},{17948, 7},{21504, 7},
{7553, 0},{901, 9},{8935, 7},{1074, 7},{14005, 7},{14006, 7},{11193, 7},{17209, 0},{7051, 7},{21511, 7},
{5795, 7},{14207, 7},{897, 9},{1969, 7},{12889, 7},{11201, 7},{15823, 7},{20779, 7},{16877, 7},{14004, 7},
{4393, 7},{12751, 7},{1839, 7},{18112, 7},{1841, 7},{7049, 7},{22603, 7},{14002, 7},{21631, 7},{15579, 7},
{21627, 7},{18106, 7},{4388, 7},{13999, 7},{10900, 7},{22348, 7},{1969, 7},{898, 9},{4865, 7},{19707, 7},
{21633, 7},{21510, 7},{8941, 7},{1067, 7},{19710, 7},{372, 7},{4394, 7},{7769, 7},{8937, 7},{21628, 7},
{21629, 7},{14007, 7},{15828, 7},{12897, 7},{1976, 7},{10897, 7},{1970, 7},{8933, 7},{2707, 7},{900, 9},
{19704, 7},{17955, 7},{22610, 7},{22603, 7},{18111, 7},{8940, 7},{22346, 7},{21634, 7},{1973, 7},{22351, 7},
{7060, 7},{22346, 7},{8673, 7},{1835, 7},{1077, 7},{12756, 7},{14733, 7},{11201, 7},{373, 7},{10903, 7},
{22352, 7},{7099, 7},{21511, 7},{22602, 7},{2708, 7},{897, 9},{12760, 7},{4864, 7},{14211, 7},{14215, 7},
{12893, 7},{15832, 7},{14733, 7},{15831, 7},{7050, 7},{7109, 7},{11056, 0},{10896, 7},{14208, 7},{22350, 7},
{895, 9},{367, 7},{7110, 7},{8937, 7},{22347, 7},{12759, 7},{2715, 7},{14741, 7},{15825, 7},{5791, 7},
{12754, 7},{1837, 7},{14006, 7},{368, 7},{15829, 7},{12890, 7},{18398, 7},{12751, 7},{14007, 7},{7284, 7},
{7060, 7},{1078, 7},{896, 9},{4393, 7},{11196, 7},{7281, 7},{2710, 7},{7435, 17},{22540, 17},{18457, 17},
{13567, 17},{5297, 17},{7434, 17},{6281, 17},{11427, 17},{164, 17},{19586, 8},{8564, 8},{544, 8},{12434, 8},
{24389, 8},{3766, 8},{11768, 8},{20553, 8},{21772, 8},{14302, 8},{7241, 8},{5425, 8},{23987, 8},{12059, 8},
{14258, 8},{8565, 8},{3767, 8},{20554, 8},{5424, 8},{24388, 8},{11769, 8},{12058, 8},{12435, 8},{7242, 8},
{19585, 8},{14303, 8},{23986, 8},{12491, 8},{14257, 8},{543, 8},{20547, 8},{3770, 8},{12065, 8},{538, 8},
{14250, 8},{23984, 8},{11762, 8},{7245, 8},{12482, 8},{12428, 8},{5429, 8},{8562, 8},{14310, 8},{24381, 8},
{19580, 8},{12429, 8},{12064, 8},{11763, 8},{24380, 8},{6316, 8},{19579, 8},{7246, 8},{5428, 8},{23983, 8},
{3771, 8},{8563, 8},{20548, 8},{537, 8},{12481, 8},{14249, 8},{5431, 8},{14252, 8},{12484, 8},{23982, 8},
{3768, 8},{6310, 8},{19578, 8},{24383, 8},{20549, 8},{12430, 8},{12067, 8},{8560, 8},{11760, 8},{536, 8},
{7247, 8},{11766, 8},{12424, 8},{6300, 8},{8558, 8},{23980, 8},{12478, 8},{12061, 8},{20543, 8},{542, 8},
{14254, 8},{24385, 8},{5433, 8},{19584, 8},{7249, 8},{3774, 8},{541, 8},{5432, 8},{19583, 8},{11767, 8},
{24384, 8},{14307, 8},{12060, 8},{3775, 8},{12477, 8},{7250, 8},{8559, 8},{20544, 8},{14253, 8},{12425, 8},
{23979, 8},{3772, 8},{8556, 8},{12063, 8},{14256, 8},{7251, 8},{24387, 8},{19582, 8},{12480, 8},{20545, 8},
{11764, 8},{6293, 8},{23978, 8},{12426, 8},{540, 8},{5435, 8},{20546, 8},{12479, 8},{12062, 8},{14305, 8},
{8557, 8},{539, 8},{12427, 8},{14255, 8},{24386, 8},{23977, 8},{5434, 8},{3773, 8},{7252, 8},{17573, 8},
{19581, 8},{11801, 17},{14386, 17},{25388, 17},{20109, 17},{13666, 17},{21753, 17},{24983, 17},{24671, 17},{20719, 3},
{18080, 3},{4963, 3},{18783, 13},{5284, 3},{7903, 17},{22841, 17},{17209, 17},{10686, 17},{17970, 17},{4131, 17},
{2069, 3},{1014, 3},{20197, 12},{4983, 17},{21981, 17},{1956, 8},{438, 8},{5699, 8},{26079, 8},{9395, 8},
{9773, 8},{16546, 8},{12291, 8},{19873, 8},{23796, 8},{7491, 8},{20383, 8},{20820, 8},{12070, 8},{18655, 8},
{574, 17},{17635, 3},{5278, 3},{12260, 3},{22811, 12},{25118, 12},{24376, 3},{5114, 17},{24220, 8},{16684, 8},
{15651, 8},{6839, 17},{25781, 3},{22330, 3},{7404, 3},{21902, 17},{26366, 17},{202, 17},{1499, 17},{678, 17},
{2067, 7},{3168, 7},{16046, 7},{643, 7},{20313, 7},{9135, 9},{6620, 7},{12734, 7},{20317, 7},{9134, 9},
{13538, 7},{4466, 17},{20216, 17},{4049, 17},{1396, 17},{4958, 17},{3908, 17},{13322, 3},{18814, 3},{15542, 13},
{15823, 17},{20193, 17},{17381, 17},{5352, 17},{20211, 17},{21316, 17},{17171, 17},{17135, 17},{10202, 17},{10372, 17},
{7902, 17},{23817, 8},{25824, 8},{13706, 8},{3966, 8},{21754, 8},{2707, 8},{16518, 8},{4683, 8},{25319, 8},
{9601, 8},{14825, 8},{24995, 8},{16157, 8},{23311, 8},{14262, 8},{287, 17},{13718, 17},{2626, 17},{6192, 17},
{6324, 17},{25723, 17},{9594, 17},{745, 17},{19264, 17},{7425, 17},{10790, 17},{20847, 17},{15584, 17},{14019, 17},
{4170, 3},{7192, 12},{18610, 3},{4636, 3},{21784, 17},{23301, 17},{15996, 17},{2201, 7},{13802, 7},{17390, 7},
{14790, 7},{13797, 7},{7444, 7},{2900, 7},{24148, 7},{18121, 7},{14791, 7},{2380, 7},{200, 7},{1108, 7},
{7442, 7},{9345, 9},{1112, 7},{9255, 7},{14020, 7},{20701, 7},{7076, 7},{2383, 7},{16518, 17},{17833, 17},
{366, 17},{2227, 17},{18431, 17},{22474, 17},{15432, 17},{25457, 17},{3642, 3},{17762, 3},{12263, 3},{25193, 3},
{22329, 3},{20356, 3},{14920, 8},{9879, 8},{14919, 8},{9880, 8},{9065, 17},{14917, 8},{9885, 8},{14916, 8},
{9886, 8},{14915, 8},{9887, 8},{9888, 8},{14914, 8},{14913, 8},{9881, 8},{9882, 8},{14912, 8},{9883, 8},
{14911, 8},{14910, 8},{9884, 8},{2277, 15},{1624, 17},{80, 17},{9959, 7},{23263, 7},{12438, 7},{10374, 7},
{7315, 7},{26184, 7},{23261, 7},{18481, 7},{18484, 7},{5466, 7},{2296, 7},{18738, 7},{23611, 7},{5022, 9},
{17892, 7},{2289, 7},{8848, 0},{10368, 7},{11668, 17},{9329, 4},{3678, 4},{23350, 4},{4625, 4},{3670, 4},
{100, 4},{9325, 4},{12933, 4},{23319, 4},{3370, 4},{6007, 4},{1426, 2},{14603, 4},{4016, 4},{12962, 4},
{19731, 4},{4471, 4},{23322, 4},{25240, 2},{10824, 4},{12935, 4},{4472, 4},{18617, 4},{23034, 4},{11800, 4},
{2645, 4},{20686, 4},{23320, 4},{23037, 4},{8175, 4},{4017, 4},{6191, 4},{7870, 4},{2648, 4},{11802, 4},
{4020, 4},{21875, 4},{25754, 4},{7975, 4},{22404, 4},{19738, 4},{20691, 4},{6012, 4},{12930, 4},{11794, 4},
{23353, 4},{7967, 4},{6194, 4},{12934, 4},{19020, 4},{4635, 4},{13465, 4},{21872, 4},{16478, 4},{6527, 4},
{4964, 4},{15999, 4},{282, 4},{4640, 4},{7185, 2},{21876, 4},{1430, 2},{21879, 4},{4638, 4},{19740, 4},
{4019, 4},{14600, 4},{15144, 4},{4633, 4},{11872, 4},{9125, 2},{23165, 4},{19739, 4},{9128, 2},{13739, 4},
{4900, 4},{3679, 4},{12449, 4},{1010, 4},{25233, 6},{7877, 4},{9333, 4},{7195, 2},{14818, 4},{3674, 4},
{24275, 4},{22770, 4},{17471, 4},{23316, 4},{23162, 4},{5892, 4},{4968, 4},{1013, 4},{16479, 4},{15161, 4},
{11874, 4},{14599, 4},{6195, 4},{25235, 2},{1429, 2},{6011, 4},{1016, 4},{13721, 4},{7191, 2},{23348, 4},
{15995, 4},{15994, 4},{6899, 4},{12927, 4},{18044, 14},{3677, 4},{4637, 4},{98, 4},{94, 4},{6528, 4},
{274, 4},{19811, 4},{1015, 4},{20685, 4},{23032, 4},{3107, 4},{11504, 4},{9130, 2},{25936, 4},{20687, 4},
{23035, 4},{11801, 4},{6199, 4},{14601, 4},{23530, 4},{8176, 4},{25233, 2},{25783, 4},{8179, 4},{14819, 4},
{21878, 4},{18046, 14},{11870, 4},{1014, 4},{21843, 4},{22794, 4},{2650, 4},{2644, 4},{2655, 4},{6531, 4},
{8201, 4},{12964, 4},{2647, 4},{8193, 4},{2955, 14},{23157, 4},{12931, 4},{6014, 4},{23354, 4},{11265, 4},
{9122, 2},{25785, 4},{15997, 4},{4024, 4},{13099, 4},{13787, 4},{20688, 4},{14594, 4},{23164, 4},{17467, 4},
{4632, 4},{14817, 4},{16475, 4},{19737, 4},{11797, 4},{15992, 4},{9331, 4},{16198, 4},{103, 4},{12386, 4},
{23323, 4},{14597, 4},{12928, 4},{4634, 4},{11511, 4},{13097, 4},{25930, 4},{14820, 4},{7189, 2},{14816, 4},
{8177, 4},{12534, 4},{15170, 4},{13103, 4},{16481, 4},{23038, 4},{8197, 4},{22108, 4},{23352, 4},{4967, 4},
{6524, 4},{12929, 4},{16200, 4},{11512, 4},{14602, 4},{25935, 4},{8178, 4},{25753, 4},{16482, 4},{1427, 2},
{17644, 4},{6200, 4},{11796, 4},{17466, 4},{4963, 4},{15143, 4},{7192, 2},{25932, 4},{13470, 4},{15988, 4},
{8192, 4},{12963, 4},{23351, 4},{15996, 4},{16205, 4},{4015, 4},{18048, 14},{4899, 4},{12969, 4},{23156, 4},
{21882, 4},{23318, 4},{26127, 14},{4897, 4},{7871, 4},{26124, 14},{6192, 4},{19734, 4},{11279, 4},{12463, 4},
{11875, 4},{7193, 2},{25938, 4},{4912, 4},{22524, 4},{16197, 4},{11507, 4},{17470, 4},{22766, 4},{23321, 4},
{21877, 4},{22772, 4},{101, 4},{12466, 4},{26128, 14},{23033, 4},{19736, 4},{3671, 4},{11506, 4},{15140, 4},
{4475, 4},{105, 4},{11876, 4},{1252, 4},{7869, 4},{18613, 4},{9126, 2},{25824, 4},{17645, 4},{26121, 14},
{20689, 4},{7872, 4},{2651, 4},{99, 4},{21874, 4},{6013, 4},{19025, 4},{4476, 4},{14813, 4},{11873, 4},
{11510, 4},{17469, 4},{15987, 4},{11877, 4},{6008, 4},{22768, 4},{19719, 2},{1018, 4},{4473, 4},{20690, 4},
{18615, 4},{6015, 4},{10818, 4},{15162, 4},{4466, 4},{4969, 4},{25939, 4},{16204, 4},{14598, 4},{7873, 4},
{18612, 4},{25234, 2},{9127, 2},{14812, 4},{17468, 4},{3675, 4},{2646, 4},{4973, 4},{25236, 2},{6196, 4},
{25782, 4},{4470, 4},{4474, 4},{15168, 4},{18049, 14},{6190, 4},{4904, 4},{24273, 4},{13095, 4},{26125, 14},
{12967, 4},{16477, 4},{6009, 4},{11795, 4},{16476, 4},{4970, 4},{15142, 4},{4620, 4},{25933, 4},{18051, 14},
{25934, 4},{11508, 4},{4070, 4},{11798, 4},{19733, 4},{10821, 4},{10822, 4},{5863, 4},{23161, 4},{2932, 14},
{13102, 4},{12926, 4},{13100, 4},{15163, 4},{25781, 4},{21873, 4},{25414, 4},{1012, 4},{16202, 4},{4021, 4},
{11799, 4},{6010, 4},{7867, 4},{9131, 2},{4018, 4},{13096, 4},{4901, 4},{8196, 4},{6530, 4},{22407, 4},
{13469, 4},{4641, 4},{22103, 4},{2951, 14},{6006, 4},{23041, 4},{275, 4},{13704, 4},{26122, 14},{2654, 4},
{25239, 2},{17639, 4},{23315, 4},{4546, 2},{11868, 4},{18616, 4},{26126, 14},{24708, 4},{9327, 4},{7868, 4},
{23159, 4},{23040, 4},{7874, 4},{4636, 4},{25063, 4},{23163, 4},{16473, 4},{13094, 4},{18609, 4},{1009, 4},
{2649, 4},{15167, 4},{17640, 4},{16206, 4},{6525, 4},{22050, 4},{25821, 4},{18618, 4},{9326, 4},{15166, 4},
{4966, 4},{12966, 4},{25232, 2},{25784, 4},{22777, 4},{23317, 4},{4609, 4},{12970, 4},{25931, 4},{13719, 4},
{25756, 4},{23346, 4},{23039, 4},{273, 4},{23036, 4},{21918, 4},{3673, 4},{23314, 4},{17647, 4},{22778, 4},
{7190, 2},{19735, 4},{14811, 4},{104, 4},{18610, 4},{9124, 2},{4972, 4},{17472, 4},{25787, 4},{4613, 4},
{17648, 4},{9328, 4},{20694, 4},{21881, 4},{25238, 2},{22409, 4},{23347, 4},{22406, 4},{20693, 4},{11509, 4},
{14814, 4},{3116, 4},{16474, 4},{18045, 14},{18614, 4},{8199, 4},{11261, 4},{4911, 4},{9330, 4},{14596, 4},
{1428, 2},{3115, 4},{7186, 2},{22400, 4},{11867, 4},{1011, 4},{11803, 4},{23158, 4},{3106, 4},{4025, 4},
{1019, 4},{8195, 4},{15164, 4},{9129, 2},{7194, 2},{16203, 4},{15993, 4},{3680, 4},{11871, 4},{9469, 2},
{12961, 4},{4465, 4},{24274, 4},{16480, 4},{22915, 4},{7876, 4},{25779, 4},{1431, 2},{102, 4},{23388, 4},
{95, 4},{16201, 4},{3676, 4},{4902, 4},{9123, 2},{4639, 4},{11251, 4},{9332, 4},{15998, 4},{6526, 4},
{11503, 4},{25937, 4},{11248, 4},{4903, 4},{18047, 14},{24554, 4},{9334, 4},{26123, 14},{19838, 4},{8182, 4},
{17473, 4},{23425, 4},{11208, 4},{8202, 4},{15165, 4},{4971, 4},{16199, 4},{15169, 4},{22787, 4},{23160, 4},
{12960, 4},{25788, 4},{10820, 4},{8198, 4},{14595, 4},{7188, 2},{6193, 4},{4469, 4},{14815, 4},{11505, 4},
{18611, 4},{17893, 17},{24400, 17},{23157, 8},{6631, 8},{7316, 8},{20571, 8},{10197, 8},{12309, 8},{18700, 8},
{22829, 8},{24514, 8},{6078, 8},{19395, 8},{19324, 8},{8668, 8},{756, 8},{7799, 8},{10196, 8},{20872, 8},
{6312, 8},{7313, 8},{7800, 8},{19323, 8},{22827, 8},{759, 8},{6634, 8},{23158, 8},{24511, 8},{6081, 8},
{20862, 8},{20568, 8},{8665, 8},{5021, 9},{11707, 7},{25307, 0},{8991, 7},{14695, 7},{16760, 7},{18732, 7},
{15237, 7},{21622, 7},{150, 7},{10370, 7},{21430, 7},{23610, 7},{2292, 7},{23062, 7},{21433, 7},{23264, 7},
{9960, 7},{18727, 7},{23069, 7},{23260, 7},{24517, 8},{8663, 8},{10202, 8},{12304, 8},{20856, 8},{18863, 8},
{6083, 8},{23160, 8},{25851, 8},{6636, 8},{18697, 8},{7311, 8},{7794, 8},{19321, 8},{20566, 8},{24518, 8},
{19389, 8},{18696, 8},{7312, 8},{20847, 8},{25850, 8},{23161, 8},{19320, 8},{6635, 8},{6082, 8},{752, 8},
{7795, 8},{20567, 8},{10201, 8},{8664, 8},{6638, 8},{8661, 8},{19319, 8},{18699, 8},{10200, 8},{7309, 8},
{20852, 8},{7796, 8},{6085, 8},{24515, 8},{23162, 8},{18885, 8},{20858, 8},{25849, 8},{20564, 8},{22834, 8},
{6084, 8},{20565, 8},{7797, 8},{18698, 8},{19391, 8},{10199, 8},{24516, 8},{6637, 8},{8662, 8},{23163, 8},
{5308, 8},{7310, 8},{4533, 8},{19318, 8},{10684, 17},{9171, 15},{23542, 15},{13904, 15},{16891, 15},{18100, 15},
{9833, 8},{20869, 8},{25853, 8},{24508, 8},{7318, 8},{20562, 8},{10192, 8},{23164, 8},{6324, 8},{8673, 8},
{6087, 8},{7792, 8},{6629, 8},{751, 8},{12302, 8},{24509, 8},{18710, 8},{7319, 8},{26377, 8},{7793, 8},
{20842, 8},{25852, 8},{4517, 8},{19330, 8},{20868, 8},{6086, 8},{6628, 8},{20563, 8},{23165, 8},{10191, 8},
{4434, 15},{4429, 15},{4431, 15},{4430, 15},{4432, 15},{5625, 1},{4435, 15},{17207, 1},{4433, 15},{12536, 1},
{16889, 15},{18891, 15},{9465, 15},{24481, 15},{2277, 15},{3390, 17},{15878, 17},{5159, 17},{3831, 15},{19824, 15},
{13904, 15},{527, 15},{5257, 17},{13649, 17},{12466, 17},{17210, 17},{9339, 13},{15458, 13},{18782, 3},{10324, 17},
{3564, 17},{25379, 17},{12707, 17},{9213, 17},{16926, 3},{22806, 13},{20717, 12},{19797, 17},{3565, 17},{11890, 15},
{8065, 15},{21321, 15},{2111, 17},{4625, 17},{5915, 17},{20709, 15},{25075, 15},{25077, 15},{8136, 15},{18274, 15},
{21322, 15},{25806, 15},{3533, 15},{25868, 15},{18275, 15},{10910, 15},{10110, 15},{18273, 15},{8010, 15},{20952, 15},
{2332, 15},{9739, 15},{11286, 15},{20632, 15},{5283, 3},{11511, 3},{11170, 12},{10175, 3},{14066, 3},{4300, 17},
{14482, 3},{15576, 3},{13314, 3},{19285, 3},{8270, 17},{26187, 17},{19519, 17},{341, 17},{10709, 17},{5569, 3},
{18612, 3},{20109, 3},{9130, 13},{9001, 8},{17087, 8},{3791, 8},{16473, 8},{18159, 8},{7529, 8},{1398, 8},
{22751, 8},{11193, 8},{12902, 8},{24091, 8},{15399, 8},{7753, 8},{707, 8},{151, 8},{24985, 17},{11579, 17},
{24394, 17},{7352, 17},{18073, 17},{10055, 17},{316, 17},{23967, 17},{7915, 17},{21588, 17},{4746, 17},{17204, 17},
{11670, 3},{9134, 13},{15987, 17},{16757, 17},{15249, 8},{11397, 8},{2298, 8},{22056, 8},{1078, 8},{19896, 8},
{21872, 8},{25555, 8},{8671, 8},{11226, 8},{11850, 8},{1113, 8},{21536, 8},{12250, 8},{20757, 8},{5592, 17},
{26104, 17},{17333, 17},{1872, 15},{6519, 15},{11984, 15},{25577, 15},{5198, 15},{16037, 15},{3573, 15},{4377, 15},
{8373, 15},{25299, 17},{21872, 17},{21881, 17},{19526, 13},{22942, 3},{12269, 3},{23854, 3},{13542, 17},{9654, 17},
{14149, 17},{1076, 8},{2148, 8},{15632, 8},{17936, 8},{25557, 8},{1111, 8},{8669, 8},{21874, 8},{20509, 8},
{21534, 8},{22058, 8},{11848, 8},{22862, 8},{20755, 8},{10793, 8},{1935, 3},{9136, 12},{7094, 13},{10844, 3},
{17099, 3},{5536, 17},{19842, 3},{8145, 13},{4132, 3},{12657, 13},{20883, 12},{608, 3},{7677, 17},{18812, 17},
{11344, 17},{885, 17},{6618, 17},{25277, 17},{19075, 3},{8655, 3},{2004, 3},{21582, 3},{18785, 12},{20199, 13},
{6817, 17},{16227, 15},{9249, 15},{22883, 15},{17397, 17},{22052, 8},{19932, 8},{2146, 8},{11854, 8},{21532, 8},
{25551, 8},{1074, 8},{21876, 8},{11401, 8},{12246, 8},{8675, 8},{10795, 8},{1109, 8},{20753, 8},{17938, 8},
{3452, 12},{7167, 3},{4403, 17},{7554, 17},{17939, 8},{11400, 8},{21877, 8},{20752, 8},{2147, 8},{25550, 8},
{11853, 8},{1110, 8},{26381, 8},{12684, 8},{21531, 8},{1075, 8},{22053, 8},{12245, 8},{10794, 8},{1700, 17},
{204, 17},{10797, 8},{2144, 8},{26376, 8},{1107, 8},{1072, 8},{12687, 8},{22054, 8},{21878, 8},{11852, 8},
{25553, 8},{11399, 8},{20751, 8},{21530, 8},{17940, 8},{12244, 8},{2400, 17},{22346, 17},{22055, 8},{22873, 8},
{25552, 8},{12243, 8},{11851, 8},{21529, 8},{17941, 8},{1073, 8},{1108, 8},{10796, 8},{21879, 8},{11398, 8},
{8674, 8},{20750, 8},{2145, 8},{18118, 17},{12690, 15},{20737, 15},{6325, 15},{9798, 15},{9796, 15},{9795, 15},
{4319, 15},{20994, 15},{2439, 17},{19704, 7},{14229, 7},{12757, 7},{7287, 7},{21508, 7},{21506, 7},{4390, 7},
{14205, 7},{4391, 7},{10903, 7},{24045, 0},{12758, 7},{1836, 7},{17260, 9},{14736, 7},{13734, 7},{4867, 7},
{8667, 7},{1974, 7},{9412, 7},{14738, 7},{7099, 7},{22353, 7},{18415, 7},{5800, 7},{14741, 7},{9410, 7},
{21646, 17},{21098, 17},{19062, 17},{10318, 8},{18304, 8},{81, 8},{18471, 8},{12438, 8},{11810, 8},{2244, 8},
{10404, 8},{202, 8},{5632, 8},{19126, 8},{3188, 8},{18114, 8},{4901, 8},{10262, 8},{17953, 17},{3105, 17},
{3997, 17},{17021, 17},{17375, 15},{6573, 15},{24825, 15},{24829, 15},{16964, 15},{16896, 15},{17838, 15},{5939, 15},
{23542, 15},{7229, 15},{24821, 15},{16495, 15},{7849, 15},{267, 15},{15877, 15},{24527, 15},{9173, 15},{11881, 15},
{9175, 15},{26256, 15},{12216, 15},{5943, 15},{5360, 15},{19819, 15},{10212, 17},{5587, 17},{3450, 12},{13340, 15},
{9180, 15},{20221, 15},{16610, 15},{13337, 15},{7274, 17},{20120, 15},{10239, 15},{17951, 15},{17736, 15},{1780, 15},
{479, 15},{13636, 15},{1783, 15},{22034, 15},{16445, 15},{16616, 15},{21963, 15},{480, 15},{19887, 15},{14999, 15},
{5216, 15},{2143, 15},{25017, 15},{5222, 15},{13635, 15},{16444, 15},{10375, 15},{924, 15},{1124, 15},{17957, 15},
{13641, 15},{9667, 15},{19092, 17},{9816, 17},{14679, 17},{6537, 17},{9602, 17},{5260, 17},{9556, 17},{13057, 17},
{25581, 17},{18464, 17},{22368, 17},{19172, 17},{23556, 17},{11665, 17},{4016, 17},{3114, 17},{10254, 17},{12677, 17},
{21282, 17},{26001, 17},{22744, 17},{14046, 17},{12740, 17},{12657, 17},{18991, 17},{25200, 17},{4171, 17},{1920, 17},
{899, 12},{8604, 3},{318, 17},{20202, 17},{19285, 17},{7571, 17},{15589, 17},{4285, 17},{22803, 5},{9032, 5},
{20715, 5},{12657, 5},{25926, 5},{3152, 5},{9553, 5},{7193, 5},{20400, 5},{20398, 5},{2462, 5},{3456, 5},
{12516, 5},{5784, 5},{2464, 5},{9557, 5},{1447, 3},{9558, 3},{905, 12},{4112, 13},{2443, 17},{143, 17},
{20435, 17},{10062, 17},{16042, 3},{4183, 3},{13799, 17},{7055, 17},{13620, 17},{18775, 17},{4776, 17},{9332, 17},
{12260, 17},{8872, 17},{6390, 17},{21585, 17},{18128, 17},{25587, 17},{13452, 17},{18335, 17},{18115, 17},{1391, 17},
{312, 17},{6627, 7},{1304, 9},{12735, 7},{6389, 17},{3495, 17},{7684, 17},{16860, 17},{6665, 17},{20363, 17},
{7402, 3},{4123, 3},{22950, 17},{16046, 17},{8876, 17},{14190, 17},{18087, 3},{2118, 3},{4370, 12},{24355, 17},
{13823, 17},{13346, 17},{21492, 17},{16162, 17},{16865, 17},{364, 17},{4777, 17},{15632, 17},{13979, 17},{20090, 17},
{7033, 17},{11261, 17},{16817, 17},{11187, 17},{4535, 17},{2885, 17},{20722, 17},{3005, 15},{26212, 15},{18751, 15},
{24008, 15},{12200, 15},{8762, 15},{4090, 15},{26211, 15},{22162, 15},{4889, 15},{1682, 15},{4886, 15},{4941, 15},
{19040, 15},{4888, 15},{11249, 15},{16566, 15},{9312, 17},{13787, 3},{21108, 3},{14685, 3},{19698, 17},{25277, 3},
{5018, 3},{9136, 3},{9458, 13},{23592, 3},{8569, 3},{5578, 3},{11303, 3},{4201, 17},{1936, 17},{21429, 17},
{1085, 17},{4640, 17},{14741, 17},{16647, 15},{1915, 15},{737, 15},{25005, 15},{3436, 15},{8415, 15},{14044, 15},
{6964, 15},{9967, 7},{18359, 7},{8679, 7},{18248, 7},{22327, 9},{9965, 7},{18250, 7},{12262, 7},{22327, 9},
{12258, 7},{16769, 7},{9625, 15},{9624, 15},{24452, 15},{6962, 15},{25004, 15},{20325, 15},{1486, 15},{12108, 15},
{13959, 15},{13964, 15},{12088, 15},{6964, 15},{19759, 15},{21463, 15},{13958, 15},{1911, 15},{17240, 15},{6960, 15},
{22316, 15},{14054, 7},{2630, 9},{19080, 7},{2629, 9},{18349, 7},{26174, 7},{4523, 17},{20887, 17},{4678, 17},
{13437, 17},{17072, 17},{19795, 17},{13149, 12},{18792, 13},{5097, 3},{18439, 3},{13480, 3},{24167, 17},{16760, 17},
{24023, 17},{7562, 17},{23854, 17},{17810, 17},{18881, 17},{4070, 17},{2290, 17},{11335, 17},{21116, 3},{18085, 3},
{4369, 3},{3214, 3},{169, 17},{1076, 17},{11653, 17},{1080, 17},{14363, 17},{883, 3},{4217, 3},{1303, 12},
{22503, 3},{19387, 17},{2291, 17},{26146, 17},{24378, 17},{13271, 17},{24092, 17},{18344, 17},{12329, 9},{21612, 7},
{11318, 7},{18448, 7},{1930, 7},{4078, 7},{18089, 7},{11320, 7},{24569, 17},{24489, 17},{8571, 17},{18530, 17},
{8528, 17},{2326, 17},{19731, 17},{25788, 17},{22428, 17},{20967, 17},{16576, 17},{16834, 17},{14094, 17},{19358, 5},
{18783, 5},{8147, 5},{18785, 5},{23937, 5},{25123, 5},{4128, 5},{13503, 5},{7271, 5},{18791, 5},{22332, 5},
{13084, 5},{3160, 5},{15453, 5},{17263, 5},{23945, 5},{7097, 5},{4119, 5},{4123, 5},{9142, 5},{13985, 17},
{8523, 17},{3621, 8},{13666, 8},{6269, 8},{13065, 8},{5504, 8},{745, 8},{16294, 8},{4747, 8},{16762, 8},
{16618, 8},{11182, 17},{1099, 17},{16621, 8},{6268, 8},{16293, 8},{3618, 8},{4748, 8},{16759, 8},{746, 8},
{13064, 8},{7351, 8},{13663, 8},{6267, 8},{13063, 8},{4749, 8},{3619, 8},{16760, 8},{13664, 8},{16292, 8},
{7348, 8},{16620, 8},{747, 8},{6455, 17},{16822, 8},{635, 8},{1926, 8},{12736, 8},{4472, 8},{8850, 8},
{14479, 8},{22945, 8},{10178, 8},{24491, 8},{17849, 8},{8634, 8},{1623, 8},{3232, 8},{22507, 8},{16624, 8},
{5507, 8},{16755, 8},{13667, 8},{4752, 8},{750, 8},{3614, 8},{13060, 8},{16289, 8},{6272, 8},{25040, 17},
{8175, 17},{6271, 8},{13668, 8},{13059, 8},{14564, 8},{3615, 8},{16756, 8},{4753, 8},{16288, 8},{26261, 8},
{16623, 8},{15448, 12},{633, 3},{589, 3},{8151, 13},{4362, 3},{7270, 12},{8859, 3},{1577, 3},{26002, 5},
{871, 5},{18786, 5},{14306, 5},{6380, 5},{8364, 5},{12333, 5},{22807, 5},{8363, 5},{20722, 5},{18089, 3},
{6283, 12},{14359, 17},{20403, 17},{15546, 3},{6285, 3},{8576, 3},{3451, 3},{16992, 17},{18747, 15},{24594, 15},
{2691, 15},{10463, 17},{21345, 15},{22165, 15},{10381, 15},{11249, 15},{23759, 15},{6403, 15},{22980, 15},{11100, 15},
{19034, 15},{23759, 15},{2282, 15},{11485, 15},{26215, 15},{22725, 15},{9467, 15},{13144, 15},{6197, 15},{10386, 15},
{3282, 15},{3057, 15},{3284, 15},{4891, 15},{7040, 15},{11105, 15},{1693, 17},{22889, 17},{5023, 17},{17475, 17},
{20570, 17},{7403, 3},{14668, 3},{11606, 3},{20199, 17},{7133, 17},{26295, 17},{8511, 17},{13223, 17},{18041, 7},
{15113, 7},{2629, 9},{21583, 7},{12264, 7},{1412, 7},{21254, 7},{15903, 9},{21251, 7},{21247, 7},{15902, 9},
{14051, 7},{25009, 7},{18043, 7},{2624, 9},{18037, 7},{21705, 7},{21246, 7},{16788, 7},{5279, 7},{2624, 9},
{1405, 7},{1412, 7},{16822, 7},{2628, 9},{11300, 7},{9970, 7},{8676, 7},{2627, 9},{12259, 7},{19079, 7},
{21581, 7},{16772, 7},{18251, 7},{12269, 7},{2627, 9},{18246, 7},{19077, 7},{18247, 7},{16768, 7},{9969, 7},
{16822, 7},{15903, 9},{25003, 7},{3644, 7},{11053, 7},{9049, 7},{897, 9},{14007, 17},{25215, 7},{17209, 7},
{898, 9},{22942, 7},{7552, 7},{3641, 7},{3912, 7},{898, 9},{3642, 7},{17215, 7},{22602, 17},{3644, 7},
{895, 9},{4357, 7},{4360, 7},{7560, 7},{17211, 7},{895, 9},{17210, 7},{3645, 7},{20532, 17},{10908, 15},
{881, 7},{24045, 7},{7560, 7},{17210, 7},{7554, 7},{905, 9},{9131, 12},{21105, 3},{11062, 3},{13432, 3},
{16701, 3},{24039, 7},{4358, 7},{905, 9},{5279, 17},{12452, 17},{5355, 8},{13591, 17},{13084, 17},{5353, 8},
{5352, 8},{21529, 17},{5351, 8},{8068, 17},{15458, 17},{5350, 8},{15259, 15},{7772, 15},{23357, 15},{26210, 15},
{25028, 17},{17766, 15},{9970, 17},{2281, 15},{18482, 17},{17774, 3},{4267, 3},{9783, 17},{7216, 17},{4051, 3},
{18784, 12},{23780, 3},{19514, 17},{12738, 17},{21692, 15},{17761, 15},{23757, 15},{8762, 15},{18846, 15},{20406, 17},
{22242, 17},{5799, 17},{757, 17},{6230, 17},{25720, 17},{8551, 17},{8476, 17},{23210, 17},{24626, 17},{1302, 17},
{19708, 17},{8878, 17},{9956, 17},{19229, 3},{8876, 3},{16709, 3},{18455, 17},{21619, 17},{16295, 17},{25717, 17},
{4849, 17},{24612, 17},{2460, 17},{2741, 3},{16388, 3},{13149, 17},{14665, 17},{22536, 17},{4982, 17},{9656, 17},
{3297, 17},{12311, 17},{24744, 15},{13641, 15},{19240, 15},{482, 15},{2261, 15},{17956, 15},{12625, 15},{19893, 15},
{21339, 15},{9188, 15},{19076, 15},{14103, 15},{13335, 15},{484, 15},{19884, 15},{2587, 15},{9673, 15},{13640, 15},
{2869, 15},{24744, 15},{9666, 15},{485, 15},{12377, 15},{13510, 15},{26450, 15},{13483, 8},{7129, 8},{3911, 8},
{12541, 8},{18818, 8},{25194, 8},{25946, 8},{17833, 8},{1015, 8},{21583, 8},{14235, 8},{1939, 8},{4046, 8},
{4253, 8},{23501, 8},{15578, 8},{25193, 8},{13482, 8},{12542, 8},{8920, 8},{25947, 8},{1940, 8},{1016, 8},
{21584, 8},{7128, 8},{18817, 8},{17832, 8},{4254, 8},{4045, 8},{3912, 8},{4048, 8},{21585, 8},{13477, 8},
{7123, 8},{12535, 8},{18816, 8},{1937, 8},{3917, 8},{17827, 8},{1009, 8},{4251, 8},{25196, 8},{25952, 8},
{15576, 8},{11896, 8},{1010, 8},{17089, 8},{17826, 8},{4047, 8},{13476, 8},{3918, 8},{12536, 8},{25195, 8},
{18815, 8},{21586, 8},{25953, 8},{4252, 8},{14223, 8},{17101, 8},{4249, 8},{21587, 8},{13479, 8},{23505, 8},
{4050, 8},{18814, 8},{12537, 8},{25198, 8},{3915, 8},{17829, 8},{1935, 8},{1011, 8},{25950, 8},{15111, 17},
{744, 17},{11131, 17},{17234, 15},{3095, 15},{12105, 15},{24268, 15},{14609, 15},{21977, 15},{16045, 15},{25561, 15},
{19661, 15},{24269, 15},{3441, 15},{24267, 15},{3103, 15},{6968, 15},{17269, 15},{736, 15},{20326, 15},{21466, 15},
{1487, 15},{1713, 15},{17225, 15},{4952, 17},{24266, 15},{23844, 15},{3103, 15},{5754, 15},{12870, 15},{24267, 15},
{25681, 15},{1716, 15},{10445, 15},{16174, 17},{6081, 17},{9412, 17},{15956, 17},{8673, 17},{18579, 17},{3913, 17},
{17097, 17},{24356, 17},{18617, 3},{23721, 3},{13479, 3},{5469, 17},{17971, 17},{8625, 17},{7766, 17},{15722, 17},
{7032, 17},{24283, 17},{3505, 17},{24200, 7},{10584, 7},{1113, 7},{20455, 7},{7568, 7},{14018, 7},{20567, 7},
{3786, 7},{6173, 7},{9, 7},{17324, 7},{7828, 7},{18070, 7},{7080, 7},{3527, 7},{3226, 7},{2599, 7},
{6871, 7},{15303, 7},{3929, 9},{6176, 7},{1115, 7},{203, 7},{6175, 7},{886, 7},{7449, 7},{14019, 7},
{204, 7},{24202, 7},{18077, 7},{24207, 7},{198, 7},{9339, 9},{7441, 7},{205, 7},{2903, 7},{20807, 7},
{23470, 7},{9255, 7},{11346, 7},{18121, 7},{6870, 7},{199, 7},{15298, 7},{13538, 0},{761, 7},{20564, 7},
{889, 7},{15766, 7},{22677, 7},{22028, 7},{633, 0},{23476, 7},{14787, 7},{7080, 7},{5292, 7},{3783, 7},
{18075, 7},{10579, 7},{200, 7},{9259, 7},{7448, 7},{20449, 7},{15295, 7},{15764, 7},{18124, 7},{3926, 9},
{23475, 7},{21252, 7},{7567, 7},{22445, 7},{18072, 7},{890, 7},{23475, 7},{3783, 7},{18127, 7},{14790, 7},
{13670, 7},{22025, 7},{22676, 7},{20569, 7},{20564, 7},{13800, 7},{23471, 7},{1415, 7},{22027, 7},{21264, 7},
{8772, 0},{15296, 7},{13664, 7},{15303, 7},{3791, 7},{4529, 7},{14781, 7},{3926, 9},{11342, 7},{14791, 7},
{766, 7},{5298, 7},{18122, 7},{7083, 7},{20565, 7},{4523, 7},{24149, 7},{7448, 7},{13220, 7},{24154, 7},
{761, 7},{10580, 7},{2385, 7},{7078, 7},{11344, 7},{20808, 7},{22539, 7},{22032, 7},{14023, 7},{16046, 0},
{15774, 7},{20448, 7},{2383, 7},{5293, 7},{20570, 7},{6868, 7},{763, 7},{891, 7},{10578, 7},{9134, 9},
{14017, 7},{3222, 7},{1422, 7},{7441, 7},{13220, 7},{7564, 7},{20448, 7},{9604, 7},{15764, 7},{2389, 7},
{24204, 7},{15762, 7},{24153, 7},{22023, 7},{14019, 7},{10580, 7},{7082, 7},{3524, 7},{7, 7},{2904, 7},
{13081, 7},{18942, 7},{9133, 9},{7824, 7},{7085, 7},{24146, 7},{17387, 7},{3527, 7},{7562, 7},{18074, 7},
{765, 7},{15300, 7},{7078, 7},{24995, 7},{13666, 7},{11347, 7},{13797, 7},{7076, 7},{24146, 7},{4938, 7},
{6174, 7},{763, 7},{4523, 7},{13669, 7},{7823, 7},{13663, 7},{1111, 7},{20569, 7},{20805, 7},{17321, 7},
{20447, 7},{7075, 7},{201, 7},{25296, 7},{18079, 7},{9136, 9},{17325, 7},{17383, 7},{769, 7},{6862, 7},
{1108, 7},{18075, 7},{22678, 7},{17325, 7},{20455, 7},{7820, 7},{885, 7},{5301, 7},{4530, 7},{20804, 7},
{4523, 7},{17322, 7},{2602, 7},{22539, 7},{2606, 7},{24200, 7},{7079, 7},{7075, 7},{770, 7},{7822, 7},
{22024, 7},{6863, 7},{9135, 9},{888, 7},{4938, 7},{15763, 7},{3226, 7},{17328, 7},{17326, 7},{1416, 7},
{18077, 7},{890, 7},{196, 7},{4526, 7},{9256, 7},{1111, 7},{4524, 7},{6179, 7},{17321, 7},{2606, 7},
{2897, 7},{18125, 7},{17385, 7},{14789, 7},{3784, 7},{3516, 7},{9593, 7},{3783, 7},{15298, 7},{22024, 7},
{7571, 7},{9138, 9},{22536, 7},{3787, 7},{3792, 7},{20453, 7},{1415, 7},{12, 7},{760, 7},{17319, 7},
{13799, 7},{3521, 7},{14781, 7},{7441, 7},{2381, 7},{6169, 7},{24147, 7},{20566, 7},{6865, 7},{2900, 7},
{24206, 7},{7829, 7},{14, 7},{9137, 9},{9263, 7},{20807, 7},{20452, 7},{20450, 7},{22531, 7},{18121, 7},
{24148, 7},{23472, 7},{18076, 7},{20454, 7},{11350, 7},{11349, 7},{20814, 7},{15768, 7},{22681, 7},{2201, 7},
{15767, 7},{24485, 15},{19163, 15},{16093, 15},{9569, 15},{9175, 15},{24524, 15},{16105, 15},{1995, 15},{4323, 17},
{2277, 15},{16105, 15},{520, 15},{5944, 15},{16968, 15},{7850, 15},{5264, 15},{5361, 15},{3828, 15},{23545, 15},
{18406, 15},{24479, 15},{24480, 15},{16094, 15},{17376, 15},{13898, 15},{6577, 15},{5361, 15},{24476, 15},{13896, 15},
{1356, 15},{13986, 17},{15249, 7},{23963, 7},{4288, 7},{21614, 7},{8837, 0},{21616, 7},{7312, 7},{14696, 7},
{5464, 7},{11966, 7},{14699, 7},{20396, 9},{6453, 7},{10671, 7},{9954, 7},{11582, 7},{24019, 7},{4292, 7},
{17135, 7},{23819, 7},{10661, 7},{14704, 7},{9958, 7},{23605, 7},{16959, 8},{11019, 8},{4985, 8},{2922, 8},
{7331, 8},{23644, 8},{12965, 8},{20739, 8},{22099, 8},{13704, 8},{9411, 8},{17478, 8},{23335, 8},{8526, 8},
{2102, 8},{9412, 8},{23336, 8},{16960, 8},{2101, 8},{17479, 8},{11018, 8},{2921, 8},{7330, 8},{5545, 8},
{24273, 8},{8527, 8},{12968, 8},{4013, 8},{4984, 8},{11427, 8},{16957, 8},{23333, 8},{7333, 8},{24274, 8},
{8528, 8},{11026, 8},{664, 8},{23642, 8},{9409, 8},{2104, 8},{2924, 8},{25827, 8},{4987, 8},{24149, 8},
{5539, 8},{8529, 8},{2103, 8},{9410, 8},{24150, 8},{7332, 8},{7915, 8},{4986, 8},{18558, 8},{16958, 8},
{11024, 8},{24275, 8},{663, 8},{23641, 8},{17481, 8},{17705, 8},{7335, 8},{17474, 8},{24147, 8},{17694, 8},
{5536, 8},{4981, 8},{8522, 8},{670, 8},{22787, 8},{23648, 8},{9407, 8},{2106, 8},{23339, 8},{11010, 8},
{16955, 8},{669, 8},{23647, 8},{17693, 8},{17475, 8},{11009, 8},{4980, 8},{2105, 8},{9408, 8},{22794, 8},
{7928, 8},{24148, 8},{8523, 8},{16956, 8},{5532, 8},{7334, 8},{16953, 8},{15102, 8},{9405, 8},{5526, 8},
{4983, 8},{7337, 8},{2108, 8},{23337, 8},{668, 8},{25818, 8},{23646, 8},{24145, 8},{17700, 8},{8524, 8},
{13719, 8},{22189, 17},{19867, 17},{16961, 8},{4007, 8},{2100, 8},{2914, 8},{8519, 8},{9851, 8},{23342, 8},
{7329, 8},{22915, 8},{25791, 8},{4979, 8},{15108, 8},{23430, 8},{24153, 8},{9401, 8},{22006, 8},{24154, 8},
{16962, 8},{9849, 8},{4978, 8},{7939, 8},{2099, 8},{13739, 8},{2913, 8},{25794, 8},{18562, 8},{15107, 8},
{8520, 8},{7328, 8},{9402, 8},{11201, 17},{6194, 17},{19556, 17},{25662, 17},{592, 17},{26234, 17},{337, 17},
{8364, 3},{2139, 15},{20292, 15},{26232, 15},{24666, 15},{1792, 15},{24443, 15},{6071, 15},{18513, 15},{10635, 15},
{9322, 15},{3195, 15},{21515, 15},{9689, 15},{9688, 15},{24535, 15},{16797, 15},{14649, 15},{8312, 15},{25352, 15},
{6071, 15},{18510, 15},{6413, 15},{10736, 15},{26157, 15},{6063, 15},{13669, 17},{20902, 17},{11316, 3},{24874, 17},
{7263, 17},{16861, 7},{26353, 9},{15483, 7},{20106, 7},{631, 7},{12668, 7},{13354, 7},{16864, 7},{3946, 7},
{19724, 17},{14688, 17},{26276, 17},{1974, 17},{3673, 17},{4963, 17},{6540, 15},{19988, 15},{24782, 15},{23201, 15},
{14524, 15},{19109, 15},{4451, 15},{8208, 15},{2231, 15},{5273, 15},{19107, 15},{8739, 15},{14909, 15},{8397, 15},
{24788, 15},{6547, 15},{10342, 15},{16357, 15},{26304, 15},{1721, 15},{18192, 15},{18300, 15},{22766, 17},{10458, 17},
{2247, 17},{2240, 17},{18563, 17},{3409, 13},{2630, 3},{21270, 3},{23354, 17},{11873, 3},{10817, 17},{642, 3},
{9903, 3},{22805, 3},{5606, 17},{10892, 3},{3635, 3},{14067, 3},{16389, 3},{4373, 12},{23061, 13},{12517, 12},
{25373, 17},{18454, 17},{7410, 7},{18587, 7},{5577, 7},{8153, 9},{21111, 7},{21113, 7},{4064, 7},{21523, 7},
{22264, 7},{25307, 7},{8153, 9},{8625, 7},{4213, 7},{23292, 9},{21538, 7},{8837, 7},{10983, 7},{22261, 7},
{8619, 7},{11896, 7},{1410, 7},{14354, 7},{5579, 7},{7406, 7},{1411, 7},{22262, 7},{8151, 9},{4214, 7},
{18581, 7},{14361, 7},{25305, 7},{18586, 7},{18584, 7},{22261, 7},{1404, 7},{4216, 7},{8151, 9},{7404, 7},
{14362, 7},{8619, 7},{7405, 7},{4217, 7},{19358, 9},{8623, 7},{15507, 7},{21116, 7},{15509, 7},{15508, 7},
{22257, 7},{14355, 7},{19358, 9},{11896, 7},{7411, 7},{19357, 9},{10982, 7},{4061, 7},{14357, 7},{5579, 7},
{13486, 7},{4062, 7},{8621, 7},{8154, 9},{14357, 7},{8617, 7},{22259, 7},{8616, 7},{14358, 7},{18585, 7},
{4217, 7},{8618, 7},{4063, 7},{15519, 7},{8154, 9},{15545, 17},{18839, 17},{1626, 7},{13591, 7},{9552, 9},
{20367, 7},{18816, 7},{8833, 7},{15720, 7},{6671, 7},{9551, 9},{13591, 7},{10971, 7},{8831, 7},{3217, 7},
{9554, 9},{3219, 7},{20368, 7},{18817, 7},{9553, 9},{3218, 7},{8832, 7},{20712, 9},{7353, 7},{2114, 7},
{6668, 7},{20712, 9},{20722, 9},{1617, 7},{11602, 7},{2110, 7},{3210, 7},{16589, 7},{15718, 7},{20374, 7},
{22478, 7},{2117, 7},{15720, 7},{3210, 7},{8836, 7},{15716, 7},{20722, 9},{3210, 7},{1622, 7},{9553, 9},
{13593, 7},{9556, 9},{15720, 7},{3219, 7},{8827, 7},{6670, 7},{9079, 17},{3233, 17},{15574, 3},{15447, 3},
{20195, 13},{20888, 13},{21080, 3},{1098, 17},{11082, 17},{23318, 17},{7097, 17},{4536, 17},{8827, 17},{19959, 17},
{16522, 17},{18535, 17},{22834, 17},{7094, 17},{14717, 17},{16442, 17},{22265, 3},{25120, 13},{6092, 17},{21671, 17},
{144, 17},{24235, 17},{20422, 3},{629, 3},{1405, 3},{10924, 3},{635, 3},{8645, 3},{22804, 12},{25312, 17},
{19271, 17},{22778, 17},{22683, 17},{9751, 8},{22860, 8},{10905, 8},{5749, 8},{14119, 8},{25358, 8},{23843, 8},
{19825, 8},{16089, 8},{1780, 8},{15267, 8},{18288, 8},{19770, 8},{12761, 8},{15669, 8},{24265, 8},{8853, 8},
{20265, 8},{4454, 8},{9741, 8},{6066, 8},{358, 8},{14289, 8},{13397, 8},{6516, 8},{21279, 8},{14959, 8},
{8953, 8},{559, 8},{4429, 8},{13513, 8},{4945, 8},{24771, 8},{12551, 8},{3200, 8},{9975, 8},{8304, 8},
{3649, 8},{19892, 8},{20325, 8},{6119, 8},{8391, 8},{13851, 8},{1486, 8},{21807, 8},{2799, 8},{25253, 8},
{11960, 8},{14568, 8},{5494, 8},{19567, 8},{1768, 8},{16643, 8},{16119, 8},{6606, 8},{1157, 8},{13083, 8},
{14567, 8},{18203, 8},{1909, 8},{985, 8},{7523, 8},{18642, 8},{6502, 8},{448, 8},{9636, 8},{22759, 8},
{19002, 8},{14941, 8},{25086, 8},{16977, 8},{6962, 8},{16566, 8},{6541, 8},{9378, 8},{19879, 8},{11092, 8},
{2229, 8},{15048, 8},{14480, 8},{2150, 8},{1504, 8},{11743, 8},{21237, 8},{14900, 8},{12793, 8},{5923, 8},
{11036, 8},{16221, 8},{10507, 8},{25513, 8},{11972, 8},{13185, 8},{12364, 8},{411, 8},{23003, 8},{20006, 8},
{26038, 8},{13252, 8},{616, 8},{13114, 8},{1185, 8},{8976, 8},{4380, 8},{22993, 8},{17864, 8},{26156, 8},
{1800, 8},{26204, 8},{7662, 8},{1262, 8},{17660, 8},{1240, 8},{8350, 8},{16271, 8},{5365, 8},{15527, 8},
{9323, 8},{26306, 8},{9675, 8},{21947, 8},{458, 8},{12147, 8},{521, 8},{9631, 8},{2127, 8},{8293, 8},
{4180, 8},{18726, 8},{26415, 8},{1104, 8},{16804, 8},{5270, 8},{3630, 8},{13139, 8},{6644, 8},{21067, 8},
{17008, 8},{16320, 8},{10022, 8},{6486, 8},{14497, 8},{2583, 8},{15119, 8},{16971, 8},{7070, 8},{11928, 8},
{7454, 8},{14522, 8},{6513, 8},{5416, 8},{5909, 8},{14455, 8},{8030, 8},{25811, 8},{831, 8},{3829, 8},
{5886, 8},{5940, 8},{13201, 8},{11950, 8},{2273, 8},{2143, 8},{21621, 8},{18746, 8},{21021, 8},{25438, 8},
{19238, 8},{12919, 8},{11862, 8},{24156, 8},{12825, 8},{9729, 8},{10110, 8},{15308, 8},{480, 8},{19208, 8},
{2961, 8},{11548, 8},{23807, 8},{2330, 8},{19612, 8},{17056, 8},{11002, 8},{17865, 8},{2022, 8},{4890, 8},
{18369, 8},{5609, 8},{7127, 8},{10245, 8},{11389, 8},{16723, 8},{16673, 8},{7036, 8},{24192, 8},{7046, 8},
{23139, 8},{5078, 8},{13008, 8},{8257, 8},{11291, 8},{3031, 8},{15035, 8},{12104, 8},{4014, 8},{13214, 8},
{21688, 8},{18406, 8},{1997, 8},{12437, 8},{25532, 8},{18069, 8},{9582, 8},{23637, 8},{16037, 8},{1934, 8},
{2142, 8},{24738, 8},{2997, 8},{6152, 8},{22952, 8},{11166, 8},{15627, 8},{10386, 8},{11589, 8},{6202, 8},
{23760, 8},{19048, 8},{6578, 8},{11637, 8},{20678, 8},{4565, 8},{11150, 8},{7235, 8},{7674, 8},{189, 8},
{20726, 8},{22932, 8},{11654, 8},{12942, 8},{23148, 8},{17277, 8},{10341, 8},{2349, 8},{12392, 8},{14295, 8},
{13895, 8},{15040, 8},{17913, 8},{14159, 8},{12158, 8},{10380, 8},{8401, 8},{10858, 8},{257, 8},{23744, 8},
{17370, 8},{9940, 8},{9150, 8},{18417, 8},{7589, 8},{21677, 8},{19656, 8},{17738, 8},{21465, 8},{24925, 8},
{4804, 8},{18165, 8},{15225, 8},{13286, 8},{11134, 8},{8892, 8},{16828, 8},{8194, 8},{8503, 8},{13330, 8},
{22569, 8},{13780, 8},{3099, 8},{4090, 8},{19365, 8},{9712, 8},{14218, 8},{17487, 8},{18103, 8},{19041, 8},
{9537, 8},{13638, 8},{8308, 8},{21791, 8},{25687, 8},{20857, 8},{19972, 8},{19255, 8},{23923, 8},{15711, 8},
{9644, 8},{10737, 8},{8333, 8},{10913, 8},{8512, 8},{10567, 8},{817, 8},{11242, 8},{21324, 8},{22124, 8},
{2500, 8},{19160, 8},{17550, 8},{6435, 8},{24935, 8},{23275, 8},{3280, 8},{4164, 8},{23709, 8},{16565, 8},
{21343, 8},{23867, 8},{13680, 8},{8163, 8},{18330, 8},{26243, 8},{24134, 8},{39, 8},{12202, 8},{25574, 8},
{26216, 8},{16450, 8},{4583, 8},{19876, 8},{4508, 8},{3861, 8},{25649, 8},{15493, 8},{4821, 8},{2287, 8},
{13623, 8},{10043, 8},{16891, 8},{1350, 8},{3534, 8},{9500, 8},{21418, 8},{1912, 8},{269, 8},{16234, 8},
{4236, 8},{16491, 8},{24594, 8},{3571, 8},{25151, 8},{20074, 8},{21178, 8},{15562, 8},{16538, 8},{8586, 8},
{11884, 8},{22497, 8},{25639, 8},{2424, 8},{20948, 8},{11828, 8},{4277, 8},{14610, 8},{18367, 8},{20123, 8},
{5927, 8},{16448, 8},{22968, 8},{3603, 8},{12218, 8},{7895, 8},{20711, 8},{15005, 8},{16102, 8},{15920, 8},
{14353, 8},{2852, 8},{25032, 8},{24006, 8},{20920, 8},{9187, 8},{21889, 8},{24941, 8},{20983, 8},{385, 8},
{20900, 8},{15879, 8},{24479, 8},{25474, 8},{3139, 8},{23411, 8},{25865, 8},{8985, 8},{25659, 8},{17788, 8},
{7923, 8},{14399, 8},{140, 8},{8743, 8},{10232, 8},{9989, 8},{4927, 8},{23838, 8},{3900, 8},{2130, 8},
{11475, 8},{25071, 8},{13492, 8},{21376, 8},{733, 8},{11225, 8},{21474, 8},{23202, 8},{8784, 8},{16606, 8},
{26448, 8},{23360, 8},{6775, 8},{2685, 8},{23524, 8},{11054, 8},{23573, 8},{23117, 8},{22885, 8},{14623, 8},
{19011, 8},{20854, 8},{17425, 8},{13304, 8},{8533, 8},{13425, 8},{23104, 8},{1440, 8},{24441, 8},{19803, 8},
{17069, 8},{9983, 8},{24423, 8},{24526, 8},{17223, 8},{20960, 8},{9788, 8},{20488, 8},{7983, 8},{3352, 8},
{20296, 8},{19763, 8},{23100, 8},{21566, 8},{5658, 8},{21915, 8},{19750, 8},{17080, 8},{19634, 8},{5381, 8},
{18223, 8},{17552, 8},{17037, 8},{18707, 8},{18843, 8},{18405, 8},{8162, 8},{386, 8},{25357, 8},{16354, 8},
{5079, 8},{14454, 8},{10233, 8},{19762, 8},{8502, 8},{14219, 8},{25255, 8},{23710, 8},{5090, 8},{10508, 8},
{6577, 8},{13007, 8},{10716, 8},{16309, 8},{5908, 8},{19769, 8},{15307, 8},{21888, 8},{5443, 8},{357, 8},
{7661, 8},{19040, 8},{25150, 8},{4179, 8},{8783, 8},{17512, 8},{25810, 8},{8029, 8},{21692, 8},{1911, 8},
{23675, 8},{11224, 8},{15921, 8},{5657, 8},{14876, 8},{21022, 8},{19893, 8},{18164, 8},{25866, 8},{22951, 8},
{17787, 8},{6776, 8},{21464, 8},{20005, 8},{10385, 8},{23045, 8},{816, 8},{14120, 8},{13779, 8},{12103, 8},
{9377, 8},{24737, 8},{2021, 8},{22038, 8},{13932, 8},{10111, 8},{11711, 8},{15670, 8},{2329, 8},{5748, 8},
{17912, 8},{22884, 8},{15118, 8},{3648, 8},{16970, 8},{24005, 8},{16235, 8},{2686, 8},{22123, 8},{11941, 8},
{14498, 8},{21914, 8},{26205, 8},{5269, 8},{23844, 8},{9941, 8},{24264, 8},{13305, 8},{25640, 8},{12550, 8},
{5887, 8},{20710, 8},{4430, 8},{7590, 8},{2800, 8},{15004, 8},{11241, 8},{24780, 8},{3631, 8},{7992, 8},
{7982, 8},{410, 8},{13637, 8},{16551, 8},{2230, 8},{13491, 8},{22933, 8},{1998, 8},{16321, 8},{15041, 8},
{19003, 8},{26307, 8},{23002, 8},{4944, 8},{2998, 8},{6067, 8},{23924, 8},{13398, 8},{25512, 8},{20122, 8},
{9674, 8},{9637, 8},{16088, 8},{22596, 8},{20075, 8},{16447, 8},{24926, 8},{25336, 8},{8256, 8},{17057, 8},
{1349, 8},{23574, 8},{924, 8},{13512, 8},{11829, 8},{26434, 8},{2350, 8},{14622, 8},{24772, 8},{3533, 8},
{21342, 8},{1487, 8},{2274, 8},{21475, 8},{16605, 8},{14294, 8},{8742, 8},{20901, 8},{16441, 8},{9976, 8},
{19566, 8},{8303, 8},{9645, 8},{16976, 8},{24920, 8},{12236, 8},{18725, 8},{4582, 8},{732, 8},{21790, 8},
{4820, 8},{26359, 8},{19657, 8},{14288, 8},{2128, 8},{11037, 8},{17659, 8},{23534, 8},{25651, 8},{12203, 8},
{13331, 8},{4089, 8},{14398, 8},{24787, 8},{19012, 8},{1769, 8},{11001, 8},{14523, 8},{13622, 8},{9583, 8},
{6605, 8},{20947, 8},{24936, 8},{6540, 8},{19749, 8},{18287, 8},{21323, 8},{6201, 8},{16121, 8},{11482, 8},
{6117, 8},{6514, 8},{8351, 8},{22969, 8},{8587, 8},{3199, 8},{26414, 8},{12826, 8},{7924, 8},{24452, 8},
{20679, 8},{459, 8},{4453, 8},{11885, 8},{3465, 8},{11959, 8},{139, 8},{4379, 8},{20853, 8},{12724, 8},
{14899, 8},{38, 8},{10340, 8},{10042, 8},{2278, 8},{19209, 8},{2582, 8},{8392, 8},{13253, 8},{20297, 8},
{19826, 8},{1184, 8},{188, 8},{5490, 8},{22570, 8},{11476, 8},{9501, 8},{12217, 8},{520, 8},{8975, 8},
{18224, 8},{11135, 8},{11861, 8},{8854, 8},{2960, 8},{24480, 8},{3281, 8},{21567, 8},{4163, 8},{558, 8},
{24558, 8},{1938, 8},{12159, 8},{11638, 8},{21946, 8},{18104, 8},{11834, 8},{8239, 8},{5939, 8},{12792, 8},
{11592, 8},{13184, 8},{16672, 8},{14942, 8},{5417, 8},{13377, 8},{10976, 8},{2589, 8},{3899, 8},{2667, 8},
{23808, 8},{19161, 8},{7896, 8},{1441, 8},{5478, 8},{2853, 8},{19611, 8},{12148, 8},{9149, 8},{1505, 8},
{271, 8},{3138, 8},{8893, 8},{22760, 8},{14609, 8},{18706, 8},{6151, 8},{25050, 8},{25437, 8},{7455, 8},
{10246, 8},{3860, 8},{19049, 8},{14641, 8},{10568, 8},{19393, 8},{20919, 8},{22496, 8},{23868, 8},{1801, 8},
{6645, 8},{9711, 8},{6434, 8},{25085, 8},{8334, 8},{3830, 8},{19635, 8},{7770, 8},{4566, 8},{24666, 8},
{10379, 8},{13426, 8},{11759, 8},{16105, 8},{18844, 8},{16272, 8},{25688, 8},{832, 8},{3572, 8},{10856, 8},
{16038, 8},{15049, 8},{16720, 8},{13896, 8},{6961, 8},{24422, 8},{23410, 8},{17036, 8},{17551, 8},{22902, 8},
{12436, 8},{3602, 8},{4889, 8},{15224, 8},{17276, 8},{1241, 8},{3032, 8},{24527, 8},{8791, 8},{5608, 8},
{18332, 8},{15494, 8},{8984, 8},{9990, 8},{2423, 8},{17424, 8},{14352, 8},{20264, 8},{23837, 8},{25442, 8},
{5382, 8},{15609, 8},{13074, 8},{21417, 8},{11739, 8},{25575, 8},{11165, 8},{24135, 8},{10904, 8},{13145, 8},
{7126, 8},{4509, 8},{19520, 8},{1158, 8},{16490, 8},{23276, 8},{18747, 8},{13123, 8},{21280, 8},{14160, 8},
{6487, 8},{15561, 8},{15880, 8},{21460, 8},{9750, 8},{9186, 8},{8061, 8},{13124, 8},{15526, 8},{9730, 8},
{8191, 8},{26157, 8},{8292, 8},{18204, 8},{22992, 8},{7524, 8},{6404, 8},{6501, 8},{20961, 8},{7069, 8},
{18373, 8},{16220, 8},{12135, 8},{10023, 8},{449, 8},{9630, 8},{23201, 8},{5922, 8},{21867, 8},{13285, 8},
{1781, 8},{11301, 8},{11151, 8},{13140, 8},{20326, 8},{19239, 8},{617, 8},{15712, 8},{26217, 8},{25252, 8},
{24191, 8},{15087, 8},{26244, 8},{8532, 8},{5989, 8},{8309, 8},{2501, 8},{8402, 8},{25531, 8},{13681, 8},
{1261, 8},{17081, 8},{24155, 8},{12918, 8},{8681, 8},{7045, 8},{13852, 8},{11091, 8},{479, 8},{3098, 8},
{18368, 8},{12762, 8},{21544, 8},{14958, 8},{13052, 8},{3353, 8},{23743, 8},{5584, 8},{6601, 8},{15521, 8},
{26421, 8},{5361, 8},{3282, 8},{8974, 8},{17086, 8},{19654, 8},{25538, 8},{21023, 8},{523, 8},{1820, 8},
{24773, 8},{15306, 8},{13384, 8},{16236, 8},{17863, 8},{14283, 8},{9714, 8},{20939, 8},{3198, 8},{11164, 8},
{18505, 8},{25076, 8},{12673, 8},{15038, 8},{4939, 8},{14351, 8},{1356, 8},{20985, 8},{14113, 8},{15227, 8},
{2953, 8},{18720, 8},{20731, 8},{11298, 8},{16979, 8},{2494, 8},{22567, 8},{13010, 8},{18361, 8},{2581, 8},
{16645, 8},{2797, 8},{15273, 8},{23358, 8},{7517, 8},{2016, 8},{4553, 8},{19561, 8},{24182, 8},{12925, 8},
{25260, 8},{5296, 8},{9742, 8},{5481, 8},{18205, 8},{26042, 8},{2351, 8},{16471, 8},{23634, 8},{5929, 8},
{19614, 8},{24421, 8},{15922, 8},{7668, 8},{11721, 8},{10049, 8},{8535, 8},{2164, 8},{16123, 8},{25633, 8},
{2691, 8},{1260, 8},{25681, 8},{22880, 8},{2858, 8},{24956, 8},{18221, 8},{4823, 8},{24744, 8},{20926, 8},
{12362, 8},{7040, 8},{19363, 8},{16567, 8},{16031, 8},{823, 8},{5946, 8},{4158, 8},{25805, 8},{9533, 8},
{1151, 8},{23567, 8},{11249, 8},{10505, 8},{2253, 8},{8737, 8},{16800, 8},{134, 8},{6433, 8},{14153, 8},
{6428, 8},{20962, 8},{25251, 8},{24576, 8},{24693, 8},{23805, 8},{25346, 8},{18408, 8},{6547, 8},{11716, 8},
{16223, 8},{23208, 8},{21558, 8},{21572, 8},{8987, 8},{1106, 8},{25436, 8},{8299, 8},{16108, 8},{14293, 8},
{7893, 8},{11244, 8},{26210, 8},{16273, 8},{2235, 8},{21953, 8},{9625, 8},{23269, 8},{3851, 8},{1770, 8},
{3536, 8},{11050, 8},{20953, 8},{20080, 8},{5422, 8},{11658, 8},{25568, 8},{16726, 8},{21412, 8},{19210, 8},
{14871, 8},{24439, 8},{9384, 8},{25088, 8},{23861, 8},{21273, 8},{26241, 8},{18845, 8},{13636, 8},{22938, 8},
{16347, 8},{15034, 8},{21467, 8},{7125, 8},{10378, 8},{15487, 8},{12936, 8},{21455, 8},{17004, 8},{18097, 8},
{16893, 8},{2283, 8},{4585, 8},{13494, 8},{14999, 8},{11286, 8},{8592, 8},{7120, 8},{4182, 8},{825, 8},
{19236, 8},{23845, 8},{15086, 8},{18744, 8},{6113, 8},{20673, 8},{16095, 8},{6964, 8},{21476, 8},{15637, 8},
{5075, 8},{10230, 8},{23836, 8},{8951, 8},{5379, 8},{10239, 8},{16444, 8},{5477, 8},{15705, 8},{23674, 8},
{11886, 8},{22753, 8},{5084, 8},{18067, 8},{24485, 8},{22970, 8},{9144, 8},{19030, 8},{21231, 8},{20705, 8},
{11752, 8},{25002, 8},{23707, 8},{8310, 8},{13515, 8},{11554, 8},{23560, 8},{26206, 8},{26417, 8},{25157, 8},
{26308, 8},{24829, 8},{23925, 8},{14573, 8},{17031, 8},{1246, 8},{12593, 8},{18057, 8},{8032, 8},{19886, 8},
{11585, 8},{19158, 8},{16296, 8},{26067, 8},{6572, 8},{4888, 8},{18867, 8},{4808, 8},{18709, 8},{383, 8},
{8243, 8},{8403, 8},{13937, 8},{7595, 8},{3145, 8},{3609, 8},{13187, 8},{15117, 8},{3654, 8},{9798, 8},
{10388, 8},{4514, 8},{4088, 8},{13403, 8},{17054, 8},{3902, 8},{19007, 8},{20331, 8},{352, 8},{21379, 8},
{17489, 8},{21956, 8},{739, 8},{4434, 8},{25207, 8},{17846, 8},{16305, 8},{1484, 8},{24532, 8},{8497, 8},
{15663, 8},{13786, 8},{12204, 8},{14524, 8},{18163, 8},{12149, 8},{13072, 8},{20267, 8},{13137, 8},{21862, 8},
{1434, 8},{14894, 8},{12398, 8},{21322, 8},{12721, 8},{9650, 8},{486, 8},{24008, 8},{12549, 8},{17544, 8},
{6150, 8},{21675, 8},{10343, 8},{20859, 8},{24132, 8},{16563, 8},{22987, 8},{2967, 8},{12872, 8},{13901, 8},
{14628, 8},{450, 8},{22144, 8},{9669, 8},{11148, 8},{14935, 8},{17782, 8},{3577, 8},{8208, 8},{16612, 8},
{26153, 8},{7460, 8},{23098, 8},{2129, 8},{19039, 8},{9977, 8},{1910, 8},{17221, 8},{5880, 8},{3093, 8},
{25658, 8},{25511, 8},{16497, 8},{22209, 8},{21913, 8},{9749, 8},{19632, 8},{5917, 8},{15271, 8},{16452, 8},
{11469, 8},{4237, 8},{10028, 8},{33, 8},{7229, 8},{13336, 8},{13853, 8},{20008, 8},{18411, 8},{21345, 8},
{8794, 8},{10735, 8},{8211, 8},{11038, 8},{460, 8},{26158, 8},{22703, 8},{11958, 8},{8816, 8},{557, 8},
{12831, 8},{13116, 8},{6773, 8},{8855, 8},{17431, 8},{8397, 8},{8786, 8},{11008, 8},{22495, 8},{12819, 8},
{16965, 8},{20894, 8},{15633, 8},{5755, 8},{4452, 8},{8251, 8},{9185, 8},{22958, 8},{15082, 8},{11391, 8},
{21242, 8},{15046, 8},{12791, 8},{8894, 8},{191, 8},{12979, 8},{21891, 8},{15560, 8},{9991, 8},{8136, 8},
{12767, 8},{16314, 8},{8313, 8},{8356, 8},{6072, 8},{7068, 8},{16675, 8},{10721, 8},{9320, 8},{12053, 8},
{13279, 8},{13678, 8},{13395, 8},{21176, 8},{18290, 8},{8165, 8},{413, 8},{12160, 8},{3182, 8},{13419, 8},
{11639, 8},{13672, 8},{2267, 8},{1991, 8},{17736, 8},{11140, 8},{19758, 8},{14612, 8},{21789, 8},{12717, 8},
{6403, 8},{19776, 8},{13250, 8},{22122, 8},{24598, 8},{618, 8},{20661, 8},{21931, 8},{7989, 8},{9793, 8},
{17919, 8},{387, 8},{10565, 8},{9498, 8},{3827, 8},{23758, 8},{20665, 8},{2999, 8},{2027, 8},{7917, 8},
{23435, 8},{9243, 8},{25352, 8},{25017, 8},{24187, 8},{20298, 8},{20849, 8},{23738, 8},{11900, 8},{6482, 8},
{7772, 8},{4925, 8},{9388, 8},{12443, 8},{24158, 8},{3348, 8},{14397, 8},{19054, 8},{12102, 8},{3037, 8},
{987, 8},{9946, 8},{19819, 8},{11856, 8},{24359, 8},{1510, 8},{14220, 8},{4378, 8},{12241, 8},{2336, 8},
{22035, 8},{13280, 8},{2430, 8},{13126, 8},{18644, 8},{1806, 8},{7048, 8},{9580, 8},{23005, 8},{6650, 8},
{23142, 8},{11098, 8},{17995, 8},{24937, 8},{3855, 8},{24931, 8},{8518, 8},{19970, 8},{25629, 8},{1786, 8},
{9731, 8},{13302, 8},{14491, 8},{19744, 8},{25863, 8},{8053, 8},{17662, 8},{15881, 8},{16463, 8},{6519, 8},
{16454, 8},{26260, 8},{6500, 8},{1191, 8},{8335, 8},{26420, 8},{19364, 8},{12592, 8},{11470, 8},{16964, 8},
{12548, 8},{2302, 8},{8593, 8},{24938, 8},{3514, 8},{9978, 8},{1596, 8},{1190, 8},{15890, 8},{24556, 8},
{5380, 8},{21952, 8},{17661, 8},{9947, 8},{5476, 8},{11657, 8},{18745, 8},{24420, 8},{7918, 8},{22855, 8},
{21890, 8},{19518, 8},{24007, 8},{21912, 8},{21344, 8},{20895, 8},{7596, 8},{10566, 8},{16237, 8},{4435, 8},
{822, 8},{13396, 8},{23737, 8},{12150, 8},{18708, 8},{22121, 8},{8209, 8},{20007, 8},{21788, 8},{18662, 8},
{25261, 8},{1355, 8},{32, 8},{22879, 8},{13938, 8},{18052, 8},{18068, 8},{19038, 8},{9499, 8},{23862, 8},
{25510, 8},{13635, 8},{5754, 8},{3854, 8},{12832, 8},{22036, 8},{11553, 8},{8986, 8},{22069, 8},{18351, 8},
{8298, 8},{19008, 8},{3283, 8},{10506, 8},{24825, 8},{21868, 8},{9599, 8},{13138, 8},{388, 8},{9532, 8},
{14154, 8},{13186, 8},{22148, 8},{24133, 8},{262, 8},{8736, 8},{8067, 8},{11835, 8},{6766, 8},{19743, 8},
{5651, 8},{26211, 8},{556, 8},{5423, 8},{21466, 8},{8517, 8},{7039, 8},{5360, 8},{485, 8},{19211, 8},
{10895, 8},{18846, 8},{22986, 8},{9624, 8},{19560, 8},{15520, 8},{13902, 8},{14492, 8},{6483, 8},{8398, 8},
{1914, 8},{16315, 8},{14282, 8},{23270, 8},{8973, 8},{14525, 8},{3653, 8},{10342, 8},{10377, 8},{10722, 8},
{13420, 8},{11744, 8},{10985, 8},{11218, 8},{1787, 8},{8031, 8},{6149, 8},{11007, 8},{17490, 8},{10643, 8},
{18222, 8},{21357, 8},{11163, 8},{23097, 8},{8785, 8},{26159, 8},{13785, 8},{18362, 8},{21024, 8},{6073, 8},
{24691, 8},{20704, 8},{25864, 8},{8258, 8},{19032, 8},{16222, 8},{23152, 8},{3178, 8},{15559, 8},{14627, 8},
{24157, 8},{14964, 8},{461, 8},{15033, 8},{18289, 8},{8357, 8},{13854, 8},{23926, 8},{11742, 8},{25537, 8},
{3535, 8},{25156, 8},{23835, 8},{16564, 8},{5916, 8},{24486, 8},{11587, 8},{17514, 8},{16725, 8},{23632, 8},
{26238, 8},{13493, 8},{19159, 8},{4807, 8},{1771, 8},{9732, 8},{18407, 8},{16274, 8},{15047, 8},{19237, 8},
{1105, 8},{12674, 8},{12768, 8},{16611, 8},{18162, 8},{4887, 8},{24690, 8},{1992, 8},{20963, 8},{8311, 8},
{9383, 8},{12161, 8},{26207, 8},{20663, 8},{23207, 8},{26152, 8},{1152, 8},{23663, 8},{9743, 8},{14456, 8},
{24743, 8},{20332, 8},{19055, 8},{14893, 8},{26262, 8},{18098, 8},{351, 8},{24533, 8},{9792, 8},{16978, 8},
{25350, 8},{7894, 8},{17600, 8},{13108, 8},{20848, 8},{10048, 8},{4555, 8},{4377, 8},{7518, 8},{14611, 8},
{20925, 8},{2268, 8},{15305, 8},{1247, 8},{19655, 8},{7227, 8},{12937, 8},{19820, 8},{4181, 8},{17055, 8},
{18412, 8},{12722, 8},{17918, 8},{12129, 8},{10105, 8},{15270, 8},{13251, 8},{3608, 8},{19775, 8},{4926, 8},
{3349, 8},{16032, 8},{25682, 8},{25250, 8},{13382, 8},{14221, 8},{14998, 8},{11039, 8},{260, 8},{24781, 8},
{13009, 8},{16496, 8},{9643, 8},{24360, 8},{9581, 8},{12215, 8},{5881, 8},{12205, 8},{25087, 8},{16443, 8},
{11718, 8},{15923, 8},{14936, 8},{17545, 8},{10029, 8},{10908, 8},{7067, 8},{25435, 8},{3092, 8},{23759, 8},
{23143, 8},{9143, 8},{17781, 8},{20116, 8},{23408, 8},{9992, 8},{25075, 8},{14292, 8},{2966, 8},{15488, 8},
{5583, 8},{9668, 8},{2015, 8},{1435, 8},{2495, 8},{11753, 8},{3850, 8},{3038, 8},{2236, 8},{17222, 8},
{21274, 8},{5229, 8},{11640, 8},{21676, 8},{4822, 8},{4451, 8},{1807, 8},{16568, 8},{21411, 8},{24579, 8},
{13994, 8},{16644, 8},{18206, 8},{412, 8},{15116, 8},{22971, 8},{21177, 8},{8856, 8},{13070, 8},{8895, 8},
{2136, 8},{15635, 8},{6546, 8},{21573, 8},{17737, 8},{6111, 8},{11097, 8},{15226, 8},{21243, 8},{6432, 8},
{21624, 8},{16348, 8},{26242, 8},{26066, 8},{16111, 8},{8336, 8},{10387, 8},{18719, 8},{2580, 8},{9184, 8},
{22601, 8},{20984, 8},{12924, 8},{25634, 8},{190, 8},{1511, 8},{1485, 8},{23359, 8},{2284, 8},{20732, 8},
{25569, 8},{8164, 8},{22494, 8},{9642, 8},{826, 8},{451, 8},{15706, 8},{22754, 8},{6571, 8},{13337, 8},
{13115, 8},{11299, 8},{2692, 8},{13219, 8},{4515, 8},{11141, 8},{5263, 8},{619, 8},{18645, 8},{20299, 8},
{19633, 8},{2335, 8},{11243, 8},{738, 8},{11717, 8},{133, 8},{21321, 8},{21380, 8},{24262, 8},{4238, 8},
{19887, 8},{7776, 8},{6520, 8},{17030, 8},{25972, 8},{14396, 8},{9713, 8},{13076, 8},{7667, 8},{1259, 8},
{2352, 8},{8250, 8},{8534, 8},{12363, 8},{11149, 8},{4087, 8},{21233, 8},{22957, 8},{4157, 8},{6774, 8},
{3000, 8},{24774, 8},{3197, 8},{4584, 8},{23093, 8},{19971, 8},{20081, 8},{16674, 8},{22939, 8},{2859, 8},
{21861, 8},{15282, 8},{16094, 8},{12242, 8},{19397, 8},{988, 8},{7124, 8},{14350, 8},{19757, 8},{24597, 8},
{2429, 8},{10736, 8},{24440, 8},{8404, 8},{12779, 8},{20952, 8},{10231, 8},{17430, 8},{25804, 8},{13128, 8},
{522, 8},{20266, 8},{2592, 8},{20674, 8},{7461, 8},{24786, 8},{6651, 8},{23568, 8},{6400, 8},{19076, 8},
{23673, 8},{8817, 8},{13303, 8},{9319, 8},{3901, 8},{23994, 8},{26451, 8},{5930, 8},{26309, 8},{25351, 8},
{5085, 8},{12699, 8},{23806, 8},{23004, 8},{7778, 8},{5945, 8},{15882, 8},{6600, 8},{3828, 8},{3144, 8},
{12101, 8},{14870, 8},{17007, 8},{10240, 8},{19906, 8},{19903, 8},{5610, 8},{8496, 8},{2798, 8},{6499, 8},
{23708, 8},{23846, 8},{11287, 8},{15664, 8},{9748, 8},{11855, 8},{22568, 8},{11890, 8},{13679, 8},{6963, 8},
{24186, 8},{12790, 8},{9651, 8},{24932, 8},{13514, 8},{11390, 8},{6325, 8},{3578, 8},{11887, 8},{23206, 8},
{13134, 8},{21787, 8},{555, 8},{17491, 8},{9993, 8},{12981, 8},{25090, 8},{20010, 8},{12093, 8},{11656, 8},
{10241, 8},{6398, 8},{8857, 8},{620, 8},{14963, 8},{21911, 8},{25000, 8},{2353, 8},{15084, 8},{17917, 8},
{22956, 8},{20675, 8},{549, 8},{18646, 8},{23569, 8},{23007, 8},{24655, 8},{7919, 8},{22033, 8},{8972, 8},
{20078, 8},{6603, 8},{23407, 8},{16895, 8},{10086, 8},{4432, 8},{14291, 8},{18503, 8},{8395, 8},{10106, 8},
{24483, 8},{11288, 8},{7814, 8},{6498, 8},{12866, 8},{10986, 8},{3035, 8},{22565, 8},{11552, 8},{10026, 8},
{10345, 8},{11162, 8},{4184, 8},{21893, 8},{6041, 8},{25728, 8},{8066, 8},{12360, 8},{20269, 8},{13389, 8},
{17538, 8},{24437, 8},{8896, 8},{25631, 8},{20964, 8},{24775, 8},{13676, 8},{11956, 8},{24567, 8},{23705, 8},
{4941, 8},{16093, 8},{20987, 8},{1823, 8},{19037, 8},{2816, 8},{4825, 8},{10446, 8},{20936, 8},{12765, 8},
{85, 8},{2269, 8},{22882, 8},{21377, 8},{15883, 8},{20729, 8},{8337, 8},{2281, 8},{9627, 8},{13300, 8},
{5931, 8},{19821, 8},{2025, 8},{15115, 8},{21414, 8},{5882, 8},{16610, 8},{21570, 8},{501, 8},{7458, 8},
{21469, 8},{6070, 8},{19052, 8},{23271, 8},{2795, 8},{10047, 8},{25013, 8},{12690, 8},{24992, 8},{24530, 8},
{25078, 8},{25212, 8},{21174, 8},{19905, 8},{1244, 8},{15269, 8},{3350, 8},{14849, 8},{11006, 8},{13069, 8},
{17052, 8},{6517, 8},{13832, 8},{3143, 8},{15924, 8},{2856, 8},{989, 8},{2591, 8},{4806, 8},{452, 8},
{23803, 8},{23630, 8},{2334, 8},{9671, 8},{23756, 8},{10376, 8},{23802, 8},{3626, 8},{3652, 8},{13935, 8},
{3196, 8},{3575, 8},{10719, 8},{9796, 8},{4450, 8},{26208, 8},{21951, 8},{17856, 8},{13282, 8},{415, 8},
{19193, 8},{484, 8},{9496, 8},{20994, 8},{15558, 8},{12441, 8},{18099, 8},{11393, 8},{8989, 8},{8253, 8},
{5919, 8},{381, 8},{24782, 8},{19234, 8},{23927, 8},{9979, 8},{2689, 8},{21457, 8},{17084, 8},{4160, 8},
{23740, 8},{12986, 8},{18742, 8},{9944, 8},{24939, 8},{9744, 8},{17572, 8},{19212, 8},{9578, 8},{14285, 8},
{21865, 8},{1436, 8},{15229, 8},{12675, 8},{5753, 8},{3904, 8},{5266, 8},{193, 8},{10775, 8},{22936, 8},
{23672, 8},{18292, 8},{17806, 8},{20300, 8},{16647, 8},{25342, 8},{26048, 8},{908, 8},{12162, 8},{26264, 8},
{20861, 8},{21864, 8},{18711, 8},{15032, 8},{2965, 8},{19774, 8},{16225, 8},{11246, 8},{18363, 8},{10503, 8},
{3109, 8},{7987, 8},{5479, 8},{12719, 8},{23532, 8},{25826, 8},{25155, 8},{4376, 8},{18065, 8},{14937, 8},
{9747, 8},{10655, 8},{462, 8},{19005, 8},{26160, 8},{8693, 8},{24130, 8},{17219, 8},{15523, 8},{1482, 8},
{11471, 8},{24189, 8},{18722, 8},{21025, 8},{23416, 8},{2138, 8},{6648, 8},{17601, 8},{7210, 8},{806, 8},
{19361, 8},{809, 8},{19661, 8},{21673, 8},{6148, 8},{8057, 8},{3538, 8},{13995, 8},{12923, 8},{23356, 8},
{19888, 8},{19968, 8},{16981, 8},{18207, 8},{11045, 8},{10390, 8},{25249, 8},{11146, 8},{16729, 8},{821, 8},
{14043, 8},{25635, 8},{26151, 8},{26419, 8},{16569, 8},{1153, 8},{1917, 8},{15001, 8},{3001, 8},{6574, 8},
{16677, 8},{20707, 8},{7066, 8},{11221, 8},{22210, 8},{24419, 8},{18413, 8},{21320, 8},{13077, 8},{13135, 8},
{4086, 8},{9598, 8},{13334, 8},{13784, 8},{24361, 8},{14222, 8},{13012, 8},{9382, 8},{9146, 8},{4319, 8},
{17784, 8},{13401, 8},{5617, 8},{24742, 8},{2948, 8},{23375, 8},{20011, 8},{20851, 8},{8405, 8},{16469, 8},
{6431, 8},{4512, 8},{13393, 8},{17664, 8},{19156, 8},{25536, 8},{1258, 8},{17273, 8},{8318, 8},{12206, 8},
{16033, 8},{21071, 8},{21973, 8},{1508, 8},{14349, 8},{7593, 8},{4587, 8},{13421, 8},{15489, 8},{4239, 8},
{14459, 8},{8110, 8},{25807, 8},{14115, 8},{16275, 8},{21576, 8},{11040, 8},{26436, 8},{15707, 8},{13619, 8},
{18410, 8},{12547, 8},{3857, 8},{8949, 8},{1117, 8},{15088, 8},{16349, 8},{2659, 8},{4234, 8},{25354, 8},
{13662, 8},{11641, 8},{18219, 8},{2428, 8},{525, 8},{11741, 8},{12239, 8},{7666, 8},{4886, 8},{14995, 8},
{25434, 8},{26409, 8},{18092, 8},{1804, 8},{26065, 8},{2251, 8},{21051, 8},{3625, 8},{17546, 8},{8499, 8},
{8354, 8},{1189, 8},{13496, 8},{21347, 8},{10635, 8},{24823, 8},{8207, 8},{25258, 8},{22989, 8},{22755, 8},
{9322, 8},{6545, 8},{19630, 8},{9423, 8},{5913, 8},{16967, 8},{23140, 8},{21240, 8},{14643, 8},{5944, 8},
{15954, 8},{16446, 8},{25163, 8},{11858, 8},{11714, 8},{14626, 8},{12595, 8},{23993, 8},{13634, 8},{26310, 8},
{14571, 8},{16307, 8},{8739, 8},{389, 8},{18847, 8},{2233, 8},{20119, 8},{5500, 8},{16782, 8},{10563, 8},
{5264, 8},{12829, 8},{827, 8},{13248, 8},{5082, 8},{8590, 8},{23834, 8},{20737, 8},{24929, 8},{25861, 8},
{5582, 8},{16793, 8},{8814, 8},{20896, 8},{229, 8},{3095, 8},{13517, 8},{136, 8},{6198, 8},{14155, 8},
{17033, 8},{19760, 8},{13855, 8},{23561, 8},{10228, 8},{3284, 8},{19563, 8},{5420, 8},{16238, 8},{14526, 8},
{5363, 8},{1784, 8},{11096, 8},{7519, 8},{21478, 8},{9183, 8},{8167, 8},{2018, 8},{24010, 8},{4923, 8},
{11888, 8},{13281, 8},{20951, 8},{8297, 8},{12693, 8},{7585, 8},{9314, 8},{11765, 8},{25570, 8},{11138, 8},
{13899, 8},{8312, 8},{11296, 8},{19909, 8},{2496, 8},{9535, 8},{14572, 8},{16316, 8},{12214, 8},{26212, 8},
{35, 8},{5377, 8},{16561, 8},{13111, 8},{6407, 8},{14395, 8},{9791, 8},{14896, 8},{9716, 8},{8788, 8},
{19616, 8},{21012, 8},{12151, 8},{6484, 8},{14614, 8},{354, 8},{11832, 8},{15636, 8},{3607, 8},{10406, 8},
{22493, 8},{13189, 8},{8034, 8},{14873, 8},{5475, 8},{24535, 8},{3825, 8},{8537, 8},{19746, 8},{15304, 8},
{17429, 8},{15665, 8},{2579, 8},{737, 8},{12100, 8},{14493, 8},{19652, 8},{21870, 8},{10733, 8},{3853, 8},
{6966, 8},{8516, 8},{16495, 8},{18161, 8},{10944, 8},{7042, 8},{11575, 8},{7891, 8},{22972, 8},{12396, 8},
{20924, 8},{1993, 8},{23863, 8},{24596, 8},{22856, 8},{21275, 8},{23141, 8},{2690, 8},{21620, 8},{26150, 8},
{20009, 8},{12870, 8},{9182, 8},{23099, 8},{2354, 8},{14044, 8},{6197, 8},{17085, 8},{12594, 8},{6430, 8},
{22955, 8},{22857, 8},{3537, 8},{6602, 8},{24362, 8},{18848, 8},{8971, 8},{26213, 8},{4159, 8},{23570, 8},
{9381, 8},{14711, 8},{23404, 8},{23848, 8},{16445, 8},{19745, 8},{621, 8},{13117, 8},{7781, 8},{9497, 8},
{19006, 8},{9670, 8},{8065, 8},{11041, 8},{10987, 8},{8897, 8},{463, 8},{5362, 8},{353, 8},{18160, 8},
{23406, 8},{4240, 8},{2026, 8},{16797, 8},{18721, 8},{14394, 8},{1994, 8},{6965, 8},{18050, 8},{14458, 8},
{19053, 8},{10734, 8},{13394, 8},{19194, 8},{19235, 8},{84, 8},{14348, 8},{9715, 8},{22566, 8},{23272, 8},
{11715, 8},{10229, 8},{11642, 8},{8515, 8},{13335, 8},{6102, 8},{4924, 8},{8950, 8},{21194, 8},{25508, 8},
{3142, 8},{13633, 8},{1483, 8},{25077, 8},{18414, 8},{20079, 8},{24159, 8},{10046, 8},{9795, 8},{11955, 8},
{21964, 8},{828, 8},{24484, 8},{11889, 8},{24531, 8},{19502, 8},{17516, 8},{17053, 8},{13110, 8},{25154, 8},
{17547, 8},{8252, 8},{17001, 8},{11472, 8},{16317, 8},{24438, 8},{13067, 8},{13783, 8},{5918, 8},{10389, 8},
{23804, 8},{19653, 8},{8338, 8},{21456, 8},{14494, 8},{20118, 8},{24131, 8},{5581, 8},{6573, 8},{26240, 8},
{16276, 8},{17916, 8},{14284, 8},{8315, 8},{12152, 8},{820, 8},{15557, 8},{13249, 8},{10445, 8},{11095, 8},
{7065, 8},{23992, 8},{6147, 8},{263, 8},{9790, 8},{7122, 8},{15925, 8},{17032, 8},{2497, 8},{20330, 8},
{10107, 8},{2234, 8},{24741, 8},{22881, 8},{16609, 8},{13217, 8},{19036, 8},{16896, 8},{19631, 8},{14872, 8},
{23376, 8},{18743, 8},{7815, 8},{20301, 8},{16308, 8},{1214, 8},{554, 8},{24595, 8},{26321, 8},{14962, 8},
{22973, 8},{26062, 8},{8033, 8},{24322, 8},{8355, 8},{23833, 8},{12830, 8},{14625, 8},{21175, 8},{17571, 8},
{19858, 8},{20923, 8},{7594, 8},{483, 8},{11161, 8},{5501, 8},{19773, 8},{21977, 8},{12939, 8},{7459, 8},
{3856, 8},{15268, 8},{11245, 8},{6485, 8},{22211, 8},{25636, 8},{7892, 8},{1245, 8},{18291, 8},{2578, 8},
{22034, 8},{16350, 8},{17196, 8},{9534, 8},{4805, 8},{23205, 8},{360, 8},{9994, 8},{8055, 8},{16646, 8},
{7233, 8},{17735, 8},{7211, 8},{8988, 8},{25862, 8},{13422, 8},{23864, 8},{11655, 8},{15490, 8},{6649, 8},
{1922, 8},{5752, 8},{14994, 8},{8536, 8},{24776, 8},{8815, 8},{230, 8},{9321, 8},{13856, 8},{14848, 8},
{5943, 8},{20986, 8},{6544, 8},{5474, 8},{9145, 8},{22937, 8},{5198, 8},{24550, 8},{17952, 8},{23562, 8},
{15045, 8},{13495, 8},{13188, 8},{10720, 8},{23757, 8},{14156, 8},{26161, 8},{25356, 8},{2017, 8},{25353, 8},
{22988, 8},{17859, 8},{26064, 8},{19562, 8},{18208, 8},{10910, 8},{18409, 8},{9597, 8},{21413, 8},{3826, 8},
{13677, 8},{16224, 8},{5378, 8},{135, 8},{11043, 8},{20897, 8},{9238, 8},{11392, 8},{3852, 8},{15666, 8},
{21950, 8},{16966, 8},{11005, 8},{24821, 8},{34, 8},{9735, 8},{8498, 8},{12676, 8},{22119, 8},{2333, 8},
{13301, 8},{25806, 8},{2270, 8},{11220, 8},{17663, 8},{14613, 8},{20706, 8},{5265, 8},{21786, 8},{22142, 8},
{14938, 8},{20730, 8},{20850, 8},{18502, 8},{15228, 8},{14391, 8},{2857, 8},{12099, 8},{13386, 8},{23628, 8},
{10027, 8},{18647, 8},{14116, 8},{25117, 8},{19615, 8},{25653, 8},{16494, 8},{20268, 8},{9945, 8},{1785, 8},
{25630, 8},{24930, 8},{6518, 8},{13079, 8},{18066, 8},{17428, 8},{12766, 8},{21378, 8},{7665, 8},{25001, 8},
{21479, 8},{3036, 8},{2964, 8},{21127, 8},{264, 8},{11755, 8},{15708, 8},{123, 8},{5883, 8},{3606, 8},
{23706, 8},{2593, 8},{4375, 8},{3351, 8},{16114, 8},{6321, 8},{14290, 8},{2590, 8},{21070, 8},{13516, 8},
{16239, 8},{8795, 8},{4085, 8},{6071, 8},{13618, 8},{26209, 8},{8787, 8},{17492, 8},{19969, 8},{5932, 8},
{12546, 8},{10504, 8},{19822, 8},{453, 8},{5234, 8},{9980, 8},{11289, 8},{8406, 8},{14527, 8},{1805, 8},
{3002, 8},{6125, 8},{11551, 8},{23357, 8},{15000, 8},{16980, 8},{25248, 8},{25535, 8},{15968, 8},{8738, 8},
{8166, 8},{11906, 8},{16676, 8},{192, 8},{13011, 8},{23006, 8},{24573, 8},{23103, 8},{1353, 8},{19759, 8},
{20676, 8},{1509, 8},{10564, 8},{15884, 8},{808, 8},{4885, 8},{14483, 8},{6497, 8},{21910, 8},{7920, 8},
{736, 8},{15264, 8},{18364, 8},{24009, 8},{23885, 8},{3285, 8},{4433, 8},{22756, 8},{2139, 8},{12207, 8},
{12240, 8},{15083, 8},{21892, 8},{21276, 8},{15522, 8},{17783, 8},{14570, 8},{8205, 8},{414, 8},{2282, 8},
{19213, 8},{25259, 8},{11830, 8},{21468, 8},{10375, 8},{6772, 8},{24188, 8},{18220, 8},{16562, 8},{15037, 8},
{5083, 8},{1437, 8},{3110, 8},{11147, 8},{25089, 8},{2527, 8},{8858, 8},{10776, 8},{5421, 8},{7041, 8},
{2252, 8},{1188, 8},{8296, 8},{390, 8},{7986, 8},{3576, 8},{12922, 8},{4513, 8},{11771, 8},{21026, 8},
{14895, 8},{25433, 8},{16470, 8},{9746, 8},{17220, 8},{12720, 8},{5856, 8},{21674, 8},{17272, 8},{11297, 8},
{9745, 8},{4449, 8},{25571, 8},{16453, 8},{10344, 8},{13133, 8},{20950, 8},{3094, 8},{26311, 8},{9626, 8},
{2427, 8},{382, 8},{13936, 8},{3651, 8},{20965, 8},{9640, 8},{13900, 8},{12980, 8},{8591, 8},{8907, 8},
{1257, 8},{24783, 8},{4586, 8},{25344, 8},{13136, 8},{15031, 8},{21571, 8},{21866, 8},{23739, 8},{524, 8},
{500, 8},{13996, 8},{11581, 8},{12163, 8},{8396, 8},{10102, 8},{22492, 8},{26453, 8},{4824, 8},{21241, 8},
{11723, 8},{21319, 8},{2796, 8},{18100, 8},{19157, 8},{3195, 8},{3903, 8},{16092, 8},{12393, 8},{13402, 8},
{9734, 8},{4940, 8},{24940, 8},{24418, 8},{12213, 8},{19362, 8},{21346, 8},{990, 8},{19400, 8},{15114, 8},
{20935, 8},{1822, 8},{11857, 8},{12397, 8},{16570, 8},{11139, 8},{23988, 8},{23928, 8},{1154, 8},{8877, 17},
{3232, 3},{21626, 17},{23156, 17},{510, 17},{5501, 15},{5500, 15},{9643, 15},{25953, 1},{25182, 15},{9649, 15},
{21931, 15},{9637, 15},{9639, 15},{7440, 1},{14821, 15},{15766, 1},{25181, 15},{25180, 15},{20811, 1},{5496, 15},
{25176, 15},{21998, 15},{24205, 1},{25178, 15},{25179, 15},{2069, 1},{9636, 15},{13288, 15},{24857, 15},{24854, 15},
{24856, 15},{13280, 15},{263, 15},{2899, 1},{24852, 15},{265, 15},{13284, 15},{24858, 15},{13285, 15},{24853, 15},
{13287, 15},{13286, 15},{13282, 15},{260, 15},{12735, 1},{24855, 15},{13422, 15},{1422, 1},{14784, 1},{2061, 1},
{13425, 15},{12737, 1},{13426, 15},{21869, 15},{13421, 15},{13419, 15},{3522, 1},{887, 1},{13415, 15},{644, 1},
{9257, 1},{13539, 1},{7820, 1},{13414, 15},{13423, 15},{13047, 15},{13050, 15},{6620, 1},{765, 1},{2064, 1},
{3165, 1},{13424, 15},{1731, 15},{3173, 1},{13420, 15},{13045, 15},{13046, 15},{22126, 15},{7563, 1},{22121, 15},
{22119, 15},{22127, 15},{13840, 15},{22122, 15},{22124, 15},{13841, 15},{13837, 15},{3169, 1},{806, 15},{13838, 15},
{13843, 15},{13834, 15},{22123, 15},{8778, 1},{15303, 1},{22125, 15},{13836, 15},{13842, 15},{2897, 1},{22128, 15},
{13839, 15},{24289, 15},{11298, 15},{11296, 15},{15128, 15},{7036, 15},{11294, 15},{24260, 15},{11342, 1},{11297, 15},
{11293, 15},{2063, 1},{12738, 1},{23210, 1},{24263, 15},{24227, 15},{24149, 1},{11301, 15},{11299, 15},{15131, 15},
{24261, 15},{20318, 1},{2941, 15},{13371, 15},{25955, 1},{2944, 15},{13382, 15},{2942, 15},{12734, 1},{6516, 15},
{2940, 15},{13377, 15},{2938, 15},{1415, 1},{2939, 15},{13389, 15},{13368, 15},{2937, 15},{16039, 1},{2935, 15},
{2936, 15},{13386, 15},{6522, 15},{6521, 15},{10, 1},{13384, 15},{1645, 15},{1638, 15},{11036, 15},{1640, 15},
{16040, 1},{11040, 15},{11039, 15},{13660, 1},{1646, 15},{1643, 15},{1639, 15},{11032, 15},{11037, 15},{11041, 15},
{1644, 15},{1641, 15},{11035, 15},{12, 1},{11034, 15},{11033, 15},{1642, 15},{11038, 15},{11098, 15},{16043, 1},
{5740, 15},{11093, 15},{18118, 1},{22029, 1},{5739, 15},{5737, 15},{5742, 15},{11095, 15},{5743, 15},{5736, 15},
{5738, 15},{11096, 15},{11103, 15},{22844, 1},{11092, 15},{643, 1},{14109, 15},{2383, 1},{198, 1},{11097, 15},
{5741, 15},{22031, 1},{11094, 15},{11091, 15},{3164, 1},{19281, 17},{22047, 17},{21715, 15},{8853, 15},{8858, 15},
{20319, 1},{21711, 15},{8852, 15},{8862, 15},{8851, 15},{8856, 15},{21709, 15},{8855, 15},{8854, 15},{11351, 1},
{8861, 15},{2067, 1},{8857, 15},{21712, 15},{22684, 1},{25952, 1},{13538, 1},{21713, 15},{21710, 15},{21714, 15},
{9258, 1},{21708, 15},{6626, 1},{3603, 15},{638, 1},{25760, 15},{3600, 15},{25755, 15},{22383, 15},{25762, 15},
{3602, 15},{20454, 1},{8768, 1},{25758, 15},{3607, 15},{25761, 15},{12968, 1},{25759, 15},{25752, 15},{3601, 15},
{3608, 15},{3609, 15},{3605, 15},{3604, 15},{25757, 15},{3606, 15},{22403, 15},{7827, 1},{22107, 17},{7800, 17},
{25042, 17},{5319, 17},{13544, 17},{18471, 17},{19691, 17},{9417, 13},{4371, 3},{21646, 3},{3491, 15},{24132, 15},
{5172, 15},{24136, 15},{18067, 15},{7585, 15},{22922, 15},{13498, 15},{4586, 15},{21278, 15},{23024, 15},{12830, 15},
{5085, 15},{5368, 15},{7199, 15},{4582, 15},{24131, 15},{21792, 15},{23597, 15},{4240, 15},{12835, 15},{15228, 15},
{18719, 15},{19275, 17},{21384, 17},{5590, 17},{13592, 17},{4577, 17},{22411, 17},{163, 17},{8050, 17},{8362, 3},
{11063, 3},{11071, 12},{7678, 17},{24236, 17},{17172, 17},{24220, 17},{14787, 17},{9066, 17},{10670, 17},{7194, 13},
{26220, 12},{706, 17},{7094, 3},{17812, 12},{25122, 12},{3907, 3},{3614, 17},{3258, 17},{11854, 17},{4370, 3},
{21398, 3},{7089, 3},{24566, 3},{15451, 12},{16428, 13},{6862, 17},{4112, 17},{23547, 17},{25885, 17},{4950, 17},
{25696, 17},{21991, 17},{966, 17},{4689, 17},{19358, 17},{7679, 17},{8616, 17},{16621, 17},{7259, 17},{24461, 17},
{20567, 17},{22433, 17},{15451, 17},{18584, 17},{15479, 17},{8149, 17},{20111, 17},{763, 17},{4046, 17},{3166, 3},
{25274, 3},{9541, 3},{21398, 7},{17847, 7},{6388, 9},{603, 7},{607, 7},{11680, 7},{588, 7},{24173, 9},
{18439, 7},{21398, 7},{598, 7},{21393, 7},{18437, 7},{20276, 7},{21401, 7},{20277, 7},{14666, 7},{4124, 9},
{603, 7},{17848, 7},{25028, 9},{23774, 7},{18438, 7},{24875, 7},{7683, 7},{17849, 7},{608, 7},{18435, 7},
{25175, 7},{20596, 7},{25028, 9},{4095, 7},{4093, 7},{23781, 7},{4116, 9},{14665, 7},{25174, 7},{17849, 7},
{19484, 7},{23774, 7},{20603, 7},{14666, 7},{4117, 9},{18431, 7},{4118, 9},{16007, 7},{14663, 7},{13480, 7},
{10588, 7},{11074, 17},{25174, 7},{14669, 7},{6387, 9},{7682, 7},{21402, 7},{11681, 7},{17854, 7},{4097, 7},
{23782, 7},{6387, 9},{588, 7},{20280, 7},{7680, 7},{14666, 7},{14926, 17},{21430, 17},{14664, 17},{17674, 17},
{21538, 17},{21100, 17},{24021, 17},{25782, 3},{15448, 3},{863, 3},{14658, 3},{3165, 3},{1695, 3},{16702, 3},
{13663, 17},{15169, 17},{7559, 3},{21079, 3},{22911, 3},{10850, 3},{18239, 7},{17970, 7},{21530, 7},{25890, 7},
{25495, 7},{5724, 7},{10410, 7},{4203, 7},{15360, 7},{21817, 7},{22806, 9},{4001, 7},{15426, 7},{25416, 7},
{26273, 7},{19147, 7},{20589, 0},{25883, 7},{16830, 7},{16827, 7},{21817, 7},{24069, 7},{15953, 7},{23688, 7},
{15360, 7},{19141, 7},{11610, 7},{6324, 7},{18168, 7},{12710, 7},{406, 7},{11223, 7},{22806, 9},{11616, 7},
{22205, 7},{20278, 0},{22750, 7},{13065, 7},{19148, 7},{10810, 7},{9819, 7},{15946, 7},{10461, 7},{15107, 7},
{23686, 7},{13058, 7},{18774, 7},{22014, 7},{21531, 7},{22805, 9},{6144, 7},{3078, 7},{22438, 7},{4410, 7},
{10803, 7},{11612, 7},{13062, 7},{10409, 7},{19146, 7},{11223, 7},{9066, 7},{18697, 7},{4406, 7},{15367, 7},
{10810, 7},{17966, 7},{6277, 7},{25402, 7},{21527, 7},{22744, 7},{4207, 7},{4000, 7},{5760, 7},{22205, 7},
{4206, 7},{6137, 7},{3079, 7},{21535, 7},{2372, 7},{22875, 7},{14665, 0},{4004, 7},{22805, 9},{15286, 7},
{17251, 7},{21818, 7},{13062, 7},{20971, 7},{15429, 7},{22000, 7},{4410, 7},{17971, 7},{23689, 7},{18773, 7},
{17569, 7},{11336, 7},{10466, 7},{19144, 7},{5760, 7},{22199, 7},{21531, 7},{19948, 7},{16834, 7},{8917, 7},
{11223, 7},{10461, 7},{2372, 7},{22804, 9},{22020, 7},{3999, 7},{3589, 7},{21316, 7},{21530, 7},{5757, 7},
{18700, 7},{18770, 7},{15284, 7},{25885, 7},{21317, 7},{6138, 7},{7947, 7},{6145, 7},{12707, 7},{6139, 7},
{22203, 7},{11009, 7},{19150, 7},{4001, 7},{22804, 9},{3592, 7},{3259, 7},{15947, 7},{3591, 7},{21822, 7},
{17964, 7},{15953, 7},{11219, 7},{6812, 7},{18697, 7},{5729, 7},{22746, 7},{8917, 7},{9070, 7},{2379, 7},
{22803, 9},{427, 7},{15108, 7},{10690, 7},{12711, 7},{11081, 7},{22204, 7},{9069, 7},{18769, 7},{23177, 7},
{25456, 7},{12704, 7},{10809, 7},{11076, 7},{11019, 7},{11614, 7},{22803, 9},{18761, 7},{26273, 7},{15432, 7},
{21314, 7},{15286, 7},{21812, 7},{6312, 7},{8826, 3},{21118, 3},{4205, 7},{15357, 7},{25892, 7},{19141, 7},
{16826, 7},{24074, 7},{13063, 7},{19948, 7},{16831, 7},{6141, 7},{12686, 7},{10463, 7},{16829, 7},{17967, 7},
{21527, 7},{4000, 7},{13066, 7},{25497, 7},{19446, 7},{13059, 7},{22021, 7},{2373, 7},{13058, 7},{15363, 7},
{17969, 7},{6145, 7},{22808, 9},{22742, 7},{9819, 7},{16833, 7},{18772, 7},{5728, 7},{19450, 7},{17972, 7},
{22019, 7},{17971, 7},{6144, 7},{15951, 7},{9812, 7},{3082, 7},{22808, 9},{18774, 7},{17966, 7},{5758, 7},
{21307, 7},{22377, 7},{15363, 7},{6175, 17},{25821, 17},{4366, 3},{12328, 17},{26229, 17},{6352, 17},{21486, 17},
{3157, 17},{18437, 17},{23020, 17},{8706, 3},{12498, 3},{17257, 3},{12516, 17},{23646, 17},{25307, 3},{20717, 13},
{18250, 17},{25827, 17},{22553, 17},{8647, 17},{17938, 17},{499, 17},{1549, 17},{2389, 17},{24507, 17},{1496, 17},
{11872, 17},{8606, 17},{25063, 17},{4064, 17},{18079, 17},{1197, 12},{4135, 13},{10808, 17},{7772, 15},{23240, 15},
{7046, 15},{18844, 15},{1502, 15},{16670, 15},{15759, 15},{16569, 15},{10383, 15},{819, 15},{22726, 15},{22209, 15},
{19042, 15},{4889, 15},{2692, 15},{22161, 15},{1256, 15},{1511, 15},{11489, 15},{25630, 15},{13943, 15},{28, 15},
{15759, 15},{32, 15},{26210, 15},{19036, 15},{16673, 15},{9325, 17},{15783, 17},{12895, 17},{3106, 17},{7056, 17},
{11223, 17},{16526, 17},{7293, 8},{10036, 17},{12182, 17},{20407, 17},{10419, 17},{8367, 9},{13314, 7},{396, 7},
{14239, 7},{14479, 7},{9702, 7},{20090, 7},{1539, 7},{21216, 7},{14486, 7},{16892, 7},{8368, 9},{15843, 7},
{7104, 7},{20082, 7},{1546, 7},{19355, 3},{15838, 3},{14262, 17},{16879, 7},{9702, 7},{9033, 9},{14485, 7},
{24957, 12},{9559, 3},{8368, 3},{15838, 7},{9032, 9},{15574, 7},{9704, 7},{8568, 7},{21225, 7},{14866, 7},
{8572, 7},{13317, 7},{13322, 7},{14486, 7},{9033, 9},{1547, 7},{7216, 7},{9700, 7},{16892, 7},{9457, 9},
{21218, 7},{14484, 7},{7112, 7},{9457, 9},{7220, 7},{13320, 7},{1547, 7},{14485, 7},{7111, 7},{8574, 7},
{9459, 9},{8575, 7},{15576, 7},{8576, 7},{9460, 9},{16879, 7},{8571, 7},{1541, 7},{14484, 7},{13316, 7},
{7027, 17},{21835, 17},{3409, 12},{9033, 12},{23852, 3},{14679, 13},{13712, 17},{8575, 8},{642, 8},{10956, 8},
{15722, 8},{23779, 8},{11665, 8},{16766, 8},{20355, 8},{9545, 8},{16864, 8},{4140, 8},{11512, 8},{4219, 8},
{8832, 8},{7556, 8},{2413, 1},{7522, 15},{19502, 15},{7524, 15},{7525, 15},{19079, 1},{11408, 1},{25009, 1},
{7517, 15},{7523, 15},{7521, 15},{11487, 15},{7519, 15},{11489, 15},{11485, 15},{21583, 1},{7518, 15},{18247, 1},
{11488, 15},{7526, 15},{21727, 1},{11490, 15},{11491, 15},{11486, 15},{19937, 17},{7255, 17},{14763, 17},{1550, 17},
{25209, 17},{22811, 17},{5280, 17},{3590, 17},{15078, 17},{1389, 17},{17261, 12},{5510, 3},{8150, 12},{4106, 13},
{17797, 17},{2381, 17},{8572, 8},{11662, 8},{15725, 8},{10588, 8},{16869, 8},{8829, 8},{9540, 8},{10961, 8},
{637, 8},{7551, 8},{11507, 8},{4137, 8},{20360, 8},{4214, 8},{16769, 8},{24988, 17},{19864, 17},{2306, 17},
{2531, 17},{16996, 3},{3447, 3},{3404, 12},{15599, 3},{22500, 3},{11682, 3},{11074, 13},{1339, 17},{2070, 17},
{5094, 13},{11175, 3},{4174, 3},{9830, 3},{11405, 17},{16703, 7},{9913, 7},{11065, 7},{25284, 7},{22502, 7},
{1689, 7},{24671, 7},{7096, 9},{19327, 7},{26003, 3},{10182, 3},{871, 12},{15903, 3},{13352, 3},{9418, 12},
{3926, 12},{12300, 17},{25698, 17},{6838, 17},{22029, 17},{21587, 17},{2309, 17},{17826, 17},{4219, 17},{25952, 17},
{18666, 17},{16867, 17},{8224, 17},{2436, 17},{9417, 17},{20566, 17},{6499, 15},{6501, 15},{6504, 15},{16389, 1},
{6502, 15},{6503, 15},{15138, 1},{6496, 15},{20257, 15},{16707, 1},{16708, 1},{12535, 1},{6497, 15},{22243, 1},
{6495, 15},{20255, 15},{20256, 15},{6500, 15},{6498, 15},{14669, 3},{6229, 12},{22804, 13},{6619, 3},{16993, 3},
{15765, 17},{21315, 17},{25954, 3},{9554, 12},{3236, 3},{21247, 3},{5574, 3},{1930, 3},{15544, 12},{21219, 3},
{15547, 13},{1012, 3},{6131, 17},{9445, 17},{4275, 17},{19734, 17},{1548, 17},{9409, 17},{8520, 17},{1093, 17},
{4617, 17},{2164, 15},{17078, 15},{9984, 15},{1349, 15},{18286, 15},{1350, 15},{1249, 15},{2354, 15},{17663, 15},
{14110, 15},{23148, 15},{5068, 15},{2815, 15},{451, 15},{17995, 15},{14711, 15},{20009, 15},{10359, 15},{13052, 15},
{17657, 15},{2953, 15},{15416, 15},{21870, 15},{23628, 15},{8203, 15},{17081, 15},{21452, 7},{6469, 7},{6338, 7},
{24982, 7},{1171, 7},{169, 7},{19062, 7},{12249, 7},{13569, 7},{14564, 7},{15447, 9},{18232, 7},{6835, 7},
{23763, 0},{14881, 7},{3716, 7},{13775, 7},{1557, 7},{12492, 7},{24459, 7},{1553, 7},{26037, 7},{10492, 7},
{25999, 7},{25023, 7},{6658, 7},{19399, 7},{15446, 9},{21454, 7},{26006, 7},{13771, 7},{9011, 7},{26049, 7},
{2304, 7},{20537, 7},{26007, 7},{6465, 7},{20528, 7},{3715, 7},{13769, 7},{14092, 7},{6344, 7},{18452, 0},
{17509, 7},{3710, 7},{6657, 7},{4987, 7},{15383, 7},{10689, 7},{2309, 7},{7062, 7},{10499, 7},{18238, 7},
{15446, 9},{23096, 7},{10492, 7},{23014, 7},{13716, 7},{161, 7},{10498, 7},{9006, 7},{5255, 7},{18498, 7},
{17536, 7},{13568, 7},{19391, 7},{13566, 7},{10689, 7},{18230, 7},{4982, 7},{19065, 7},{20860, 7},{13718, 7},
{20538, 7},{2305, 7},{15876, 7},{9274, 7},{10500, 7},{2304, 7},{17513, 7},{9009, 7},{15458, 9},{26037, 7},
{24458, 7},{10681, 7},{13708, 7},{1172, 7},{12489, 7},{3713, 7},{17541, 7},{15458, 9},{13709, 7},{4980, 7},
{18237, 7},{23092, 7},{20538, 7},{26194, 7},{5504, 7},{19064, 7},{6771, 7},{23016, 7},{24463, 7},{23017, 7},
{21452, 7},{7905, 7},{9000, 7},{18487, 7},{10493, 7},{13572, 7},{6654, 7},{6838, 7},{12488, 7},{25224, 7},
{15457, 9},{11756, 7},{7376, 7},{6659, 7},{1549, 7},{12246, 7},{10499, 7},{21759, 7},{6658, 7},{18232, 7},
{24464, 7},{24462, 7},{13713, 7},{5504, 7},{13775, 7},{2306, 7},{14825, 7},{5262, 7},{14101, 7},{19309, 7},
{18231, 7},{26029, 7},{3716, 7},{4074, 0},{19271, 7},{9006, 7},{20538, 7},{23014, 7},{10681, 7},{24462, 7},
{24463, 7},{13714, 7},{20535, 7},{14880, 7},{15457, 9},{5260, 7},{19066, 7},{11751, 7},{24480, 15},{16973, 15},
{13896, 15},{8205, 15},{26259, 15},{19820, 15},{3625, 15},{1591, 15},{20320, 15},{18890, 15},{17449, 15},{13904, 15},
{24525, 15},{7854, 15},{18894, 15},{13279, 15},{16452, 15},{15877, 15},{525, 15},{2121, 15},{4924, 15},{9796, 15},
{1996, 15},{524, 15},{18428, 15},{22596, 15},{26253, 15},{3465, 15},{1361, 15},{6578, 15},{7848, 15},{18409, 15},
{126, 17},{4861, 17},{2644, 17},{14704, 17},{18498, 17},{17599, 17},{5794, 17},{24347, 17},{4057, 17},{13146, 17},
{25492, 15},{8293, 15},{19633, 15},{8297, 15},{6503, 15},{1214, 15},{16975, 15},{17846, 15},{13942, 15},{13518, 15},
{12921, 15},{15637, 15},{17857, 15},{22972, 15},{15273, 15},{13595, 17},{13322, 17},{4205, 17},{1452, 17},{16514, 17},
{25272, 7},{3152, 9},{18540, 7},{18535, 7},{4169, 7},{17633, 7},{10953, 7},{18536, 7},{19299, 7},{3153, 9},
{17633, 7},{3153, 9},{17832, 7},{11775, 7},{26033, 7},{11784, 7},{25279, 7},{17831, 7},{25278, 7},{19301, 7},
{3158, 9},{10962, 7},{12497, 7},{10174, 7},{25280, 7},{12495, 7},{21077, 7},{24013, 7},{18540, 7},{19297, 7},
{7976, 9},{10959, 7},{25280, 7},{17626, 7},{7976, 9},{19302, 7},{21080, 7},{4171, 7},{25275, 7},{7977, 9},
{11773, 7},{24013, 7},{19306, 7},{21851, 7},{7977, 9},{10177, 7},{8627, 17},{25278, 7},{18535, 7},{4173, 7},
{25274, 7},{4371, 9},{19300, 7},{10960, 7},{21074, 7},{17607, 7},{10962, 7},{4372, 9},{22548, 17},{24073, 17},
{19075, 17},{13590, 3},{2749, 3},{25191, 3},{9556, 12},{14484, 3},{9458, 17},{14677, 15},{6066, 15},{6067, 15},
{6070, 15},{14676, 15},{6072, 15},{15519, 1},{6069, 15},{6073, 15},{22256, 1},{14675, 15},{14673, 15},{7404, 1},
{6075, 15},{17137, 1},{6071, 15},{14674, 15},{6068, 15},{6076, 15},{6398, 15},{6404, 15},{23094, 15},{23099, 15},
{23101, 15},{1789, 15},{23095, 15},{7409, 1},{1793, 15},{18581, 1},{1795, 15},{23098, 15},{25299, 1},{11968, 1},
{23097, 15},{1790, 15},{5778, 1},{1788, 15},{10868, 15},{1939, 1},{1792, 15},{1791, 15},{23102, 15},{23104, 15},
{21480, 15},{14359, 1},{21478, 15},{10983, 1},{21474, 15},{21481, 15},{21475, 15},{15079, 1},{21476, 15},{21472, 15},
{21479, 15},{21473, 15},{23152, 15},{14358, 1},{6819, 1},{2958, 15},{2965, 15},{2963, 15},{2964, 15},{1941, 1},
{9692, 15},{2961, 15},{2959, 15},{2962, 15},{9688, 15},{2967, 15},{2966, 15},{9694, 15},{10366, 1},{9693, 15},
{9689, 15},{18583, 1},{9691, 15},{15507, 1},{9690, 15},{4064, 1},{2960, 15},{18587, 3},{5561, 3},{20396, 12},
{172, 3},{19380, 17},{5504, 17},{1604, 17},{721, 17},{21851, 17},{17497, 17},{18774, 17},{19283, 17},{11775, 3},
{24147, 17},{17804, 17},{19965, 17},{16686, 17},{8268, 17},{1699, 17},{20000, 17},{4172, 3},{4107, 12},{18378, 3},
{21590, 3},{7269, 13},{13150, 12},{11795, 17},{1116, 17},{13060, 17},{14883, 17},{22386, 17},{22362, 3},{1407, 3},
{16524, 17},{18700, 17},{1421, 17},{16075, 17},{7846, 17},{10806, 17},{10807, 17},{20701, 17},{21778, 17},{25301, 17},
{4063, 8},{2459, 17},{9787, 8},{4061, 8},{4062, 8},{9786, 8},{4059, 8},{9783, 8},{11787, 8},{9782, 8},
{4060, 8},{16007, 8},{9785, 8},{16009, 8},{4057, 8},{11788, 8},{9784, 8},{16008, 8},{11789, 8},{4058, 8},
{14360, 3},{8368, 13},{5024, 13},{4116, 13},{14663, 17},{21609, 17},{6311, 17},{5576, 17},{21616, 17},{19811, 17},
{22771, 17},{18472, 17},{21651, 17},{25720, 7},{12881, 7},{17643, 7},{25723, 7},{9309, 7},{19376, 7},{19016, 7},
{13706, 7},{10817, 7},{6162, 7},{24042, 7},{10819, 7},{17474, 7},{19387, 7},{9656, 7},{2626, 7},{4130, 9},
{285, 7},{12587, 7},{13264, 7},{11065, 0},{16678, 7},{13266, 7},{1626, 3},{3171, 3},{26349, 12},{23908, 7},
{6354, 7},{16686, 7},{12880, 7},{14717, 7},{12173, 7},{9884, 7},{25818, 7},{25729, 7},{14640, 7},{15906, 7},
{17941, 7},{17641, 7},{4131, 9},{9886, 7},{4907, 7},{18976, 7},{21496, 7},{12175, 7},{14063, 17},{13636, 15},
{1782, 15},{2584, 15},{4327, 17},{14686, 3},{18785, 13},{13431, 12},{4058, 3},{16441, 15},{24741, 15},{14221, 15},
{13331, 15},{19199, 15},{2914, 17},{22930, 15},{983, 15},{22280, 15},{9918, 15},{16610, 15},{12377, 15},{19193, 15},
{982, 15},{21507, 17},{1613, 17},{19445, 17},{11670, 17},{18933, 8},{3016, 8},{25780, 8},{13152, 8},{16948, 8},
{19349, 8},{21602, 8},{14419, 8},{19113, 8},{25420, 8},{20151, 8},{1193, 8},{692, 8},{25399, 8},{1121, 8},
{25400, 8},{25786, 8},{1192, 8},{14420, 8},{19348, 8},{1120, 8},{19112, 8},{13153, 8},{691, 8},{25419, 8},
{18932, 8},{20150, 8},{21603, 8},{3017, 8},{16949, 8},{20153, 8},{700, 8},{16942, 8},{25410, 8},{20624, 8},
{1195, 8},{19344, 8},{1131, 8},{19119, 8},{18924, 8},{18322, 8},{17480, 8},{25924, 8},{21610, 8},{6917, 8},
{24024, 8},{1130, 8},{18324, 8},{699, 8},{25831, 8},{13155, 8},{18923, 8},{19118, 8},{1194, 8},{25428, 8},
{16943, 8},{25411, 8},{20152, 8},{6920, 8},{19343, 8},{5607, 8},{18319, 8},{20155, 8},{19346, 8},{1133, 8},
{8540, 8},{1198, 8},{13156, 8},{24027, 8},{6926, 8},{22837, 8},{25408, 8},{18926, 8},{698, 8},{25427, 8},
{13434, 8},{3013, 8},{19345, 8},{20154, 8},{25409, 8},{25426, 8},{1132, 8},{24028, 8},{6929, 8},{697, 8},
{19116, 8},{5616, 8},{18925, 8},{16941, 8},{13157, 8},{25406, 8},{1127, 8},{19340, 8},{18928, 8},{18316, 8},
{17476, 8},{11895, 8},{20157, 8},{19123, 8},{696, 8},{13158, 8},{16946, 8},{14421, 8},{25425, 8},{1206, 8},
{20505, 8},{13159, 8},{25820, 8},{16947, 8},{1203, 8},{14422, 8},{11904, 8},{18318, 8},{20156, 8},{695, 8},
{18927, 8},{25424, 8},{19339, 8},{1126, 8},{19122, 8},{16944, 8},{25404, 8},{1129, 8},{24012, 8},{6914, 8},
{19342, 8},{18313, 8},{1210, 8},{13160, 8},{25815, 8},{18930, 8},{25423, 8},{20159, 8},{694, 8},{19121, 8},
{25405, 8},{20158, 8},{18929, 8},{1209, 8},{693, 8},{16945, 8},{11927, 8},{25422, 8},{14424, 8},{18315, 8},
{1128, 8},{13161, 8},{25816, 8},{19341, 8},{19120, 8},{25288, 17},{24491, 17},{22129, 17},{22310, 17},{23555, 17},
{24149, 17},{22808, 17},{3152, 17},{16312, 15},{16321, 15},{3002, 15},{18879, 15},{11712, 15},{8602, 17},{15488, 15},
{22953, 15},{17055, 15},{19567, 15},{1581, 15},{7455, 15},{2793, 15},{13133, 15},{827, 15},{14116, 15},{23183, 15},
{14118, 15},{14119, 15},{11335, 1},{23190, 15},{14115, 15},{23185, 15},{23189, 15},{14110, 15},{14120, 15},{18803, 1},
{14111, 15},{17561, 1},{23181, 15},{23188, 15},{14113, 15},{20362, 1},{23186, 15},{23187, 15},{5229, 15},{5235, 15},
{23184, 15},{4697, 15},{23644, 1},{4282, 15},{3964, 1},{5515, 1},{22178, 1},{4701, 15},{18289, 15},{18292, 15},
{18290, 15},{4696, 15},{18286, 15},{4703, 15},{7378, 1},{25049, 1},{4283, 15},{4699, 15},{4698, 15},{4700, 15},
{15405, 1},{18288, 15},{18285, 15},{18287, 15},{4702, 15},{18291, 15},{11667, 17},{4529, 17},{24621, 17},{15358, 17},
{4920, 17},{9851, 17},{1430, 17},{11851, 17},{17905, 17},{2670, 17},{11673, 17},{16816, 17},{15300, 17},{23449, 17},
{1839, 17},{11606, 17},{22202, 17},{17886, 17},{529, 17},{16812, 7},{11114, 7},{5601, 7},{19262, 7},{663, 7},
{16552, 7},{3585, 7},{20886, 7},{10192, 7},{10789, 7},{20013, 7},{22116, 7},{12678, 7},{21994, 7},{20344, 7},
{2462, 9},{11015, 7},{12573, 7},{3392, 7},{20346, 7},{19454, 7},{16625, 7},{19447, 7},{14145, 7},{21423, 7},
{21997, 7},{17598, 7},{12684, 7},{3394, 7},{7384, 7},{18464, 7},{25457, 7},{20342, 7},{3588, 7},{22129, 7},
{5947, 7},{3386, 7},{5596, 7},{25702, 7},{2462, 9},{21359, 7},{10198, 7},{21446, 7},{18560, 7},{19263, 7},
{20703, 7},{5554, 7},{22520, 7},{12475, 7},{16802, 7},{3213, 0},{2461, 9},{2882, 7},{19994, 7},{25453, 7},
{3590, 7},{19266, 7},{18467, 7},{22109, 7},{17172, 7},{5595, 7},{15103, 7},{25698, 7},{4724, 7},{16542, 7},
{16810, 7},{21994, 7},{10696, 7},{2461, 9},{20013, 7},{3386, 7},{20699, 7},{23287, 7},{26443, 7},{5601, 7},
{15106, 7},{18469, 7},{22097, 7},{20867, 7},{2460, 9},{14324, 7},{25205, 7},{19447, 7},{17606, 7},{23287, 7},
{668, 7},{11107, 7},{17175, 7},{16811, 7},{17177, 7},{12472, 7},{4716, 7},{12474, 7},{25696, 7},{12476, 7},
{5722, 7},{22862, 7},{3588, 7},{25700, 7},{11113, 7},{3969, 7},{25704, 7},{7383, 7},{25206, 7},{22514, 7},
{19996, 7},{25211, 7},{25702, 7},{14328, 7},{19259, 7},{19264, 7},{12629, 7},{2460, 9},{16809, 7},{12565, 7},
{5716, 7},{2780, 7},{5965, 7},{5598, 7},{2882, 7},{10791, 7},{3391, 7},{25453, 7},{18554, 7},{19999, 7},
{21446, 7},{12577, 7},{7392, 7},{16160, 7},{25201, 7},{20346, 7},{22477, 0},{14318, 7},{1947, 7},{11109, 7},
{3393, 7},{4723, 7},{2459, 9},{20000, 7},{10202, 7},{4013, 7},{3388, 7},{10198, 7},{20699, 7},{2459, 9},
{14330, 7},{23282, 7},{10200, 7},{4721, 7},{2876, 7},{5538, 7},{16805, 7},{25201, 7},{25125, 7},{8442, 7},
{17179, 7},{12467, 7},{22482, 0},{10785, 7},{20342, 7},{12565, 7},{13048, 7},{10784, 7},{12564, 7},{2465, 9},
{5599, 7},{18471, 7},{25206, 7},{11110, 7},{5717, 7},{12472, 7},{9818, 7},{19260, 7},{12573, 7},{12565, 7},
{25696, 7},{2882, 7},{4725, 7},{20910, 7},{1398, 7},{17177, 7},{23282, 7},{10403, 7},{18561, 7},{20342, 7},
{7712, 7},{12470, 7},{3588, 7},{22516, 7},{3599, 7},{10680, 7},{7597, 7},{1386, 7},{10785, 7},{23288, 7},
{2886, 7},{10784, 7},{23286, 7},{4716, 7},{10786, 7},{12471, 7},{19258, 7},{25703, 7},{22002, 7},{8959, 7},
{2466, 9},{11336, 17},{16500, 17},{12519, 17},{7355, 17},{3171, 17},{5093, 17},{10498, 17},{7383, 17},{6308, 17},
{11757, 17},{15827, 17},{24607, 8},{13572, 8},{2820, 8},{15424, 8},{18123, 8},{12450, 8},{23301, 8},{21132, 8},
{22120, 8},{8940, 17},{573, 7},{19866, 7},{344, 7},{12186, 7},{14196, 7},{4540, 7},{24604, 7},{4517, 7},
{22042, 7},{9214, 7},{5638, 7},{14917, 7},{11362, 7},{4537, 7},{7437, 7},{16075, 7},{7809, 7},{1094, 7},
{7264, 7},{14189, 7},{1451, 7},{2535, 7},{19862, 7},{13439, 9},{18885, 7},{14911, 7},{23508, 7},{25713, 7},
{12182, 7},{25738, 7},{5963, 7},{18992, 7},{12187, 7},{9211, 7},{2924, 7},{22043, 7},{12904, 7},{12902, 7},
{22878, 0},{21143, 7},{578, 7},{14196, 7},{8436, 7},{19173, 7},{12347, 7},{18885, 7},{9087, 7},{9449, 7},
{6003, 7},{14764, 7},{24217, 7},{20192, 9},{5351, 7},{25908, 7},{2399, 7},{14378, 7},{3798, 7},{24213, 7},
{15349, 7},{19860, 7},{14915, 7},{21137, 7},{9336, 7},{15965, 7},{13438, 9},{573, 7},{5630, 7},{17739, 0},
{14912, 7},{9340, 7},{3933, 7},{1613, 7},{2529, 7},{572, 7},{9211, 7},{18997, 7},{3800, 7},{9446, 7},
{2531, 7},{16717, 7},{12186, 7},{16081, 7},{18993, 7},{25363, 7},{5968, 7},{19720, 7},{7037, 7},{25364, 7},
{9087, 7},{18863, 7},{22155, 7},{2406, 7},{14385, 7},{4913, 7},{13439, 9},{13974, 7},{23500, 7},{24611, 7},
{14387, 7},{7803, 7},{19859, 7},{3800, 7},{9340, 7},{14772, 7},{19723, 7},{19170, 7},{25739, 7},{5299, 7},
{2785, 7},{12347, 7},{25915, 7},{20750, 7},{24604, 7},{25718, 7},{16292, 7},{22895, 7},{15966, 7},{4916, 7},
{4915, 7},{18990, 7},{14379, 7},{14912, 7},{5997, 7},{4538, 7},{12187, 7},{7424, 7},{7032, 7},{2913, 7},
{22890, 7},{20751, 7},{19174, 7},{20201, 9},{4141, 0},{7809, 7},{14195, 7},{5356, 7},{4539, 7},{7811, 7},
{14186, 7},{4915, 7},{17497, 7},{5352, 7},{7805, 7},{19724, 7},{7030, 7},{4916, 7},{19866, 7},{19172, 7},
{22889, 7},{1102, 7},{7034, 7},{25905, 7},{1615, 7},{17495, 7},{7256, 7},{21139, 7},{1450, 7},{20759, 7},
{21146, 7},{2922, 7},{9449, 7},{20201, 9},{9891, 7},{3152, 13},{22845, 3},{16917, 3},{8614, 3},{4546, 3},
{7810, 7},{14387, 7},{25907, 7},{25365, 7},{1618, 7},{2783, 7},{5356, 7},{7435, 7},{5999, 7},{7439, 7},
{25714, 7},{14919, 7},{4536, 7},{9341, 7},{14768, 7},{2914, 7},{19173, 7},{12409, 7},{22893, 7},{14386, 7},
{13977, 7},{1458, 7},{341, 7},{2531, 7},{19178, 7},{13437, 9},{7255, 7},{16728, 7},{9079, 7},{2538, 7},
{5630, 7},{23292, 17},{15015, 17},{20313, 17},{4969, 17},{8620, 17},{2307, 8},{14723, 8},{17286, 8},{4387, 8},
{19723, 8},{1498, 8},{18880, 8},{5863, 8},{23470, 8},{22181, 8},{18684, 8},{6820, 8},{20870, 8},{24315, 8},
{12115, 8},{2306, 8},{22180, 8},{24314, 8},{8647, 8},{20867, 8},{19722, 8},{4388, 8},{13099, 8},{23471, 8},
{246, 8},{6821, 8},{3082, 8},{12116, 8},{1497, 8},{17287, 8},{19721, 8},{18668, 8},{6818, 8},{13100, 8},
{14717, 8},{24321, 8},{2313, 8},{12113, 8},{23476, 8},{22183, 8},{3081, 8},{17280, 8},{2014, 8},{1496, 8},
{4393, 8},{3080, 8},{7385, 8},{23477, 8},{5892, 8},{2312, 8},{1495, 8},{17281, 8},{1947, 8},{12114, 8},
{19720, 8},{6819, 8},{14718, 8},{4394, 8},{22182, 8},{24320, 8},{12111, 8},{6816, 8},{20886, 8},{12409, 8},
{4391, 8},{18673, 8},{2311, 8},{3079, 8},{17282, 8},{23474, 8},{22185, 8},{1494, 8},{8637, 8},{24319, 8},
{13102, 8},{2310, 8},{1493, 8},{22184, 8},{8639, 8},{3078, 8},{17283, 8},{4392, 8},{6817, 8},{7387, 8},
{19718, 8},{12112, 8},{24318, 8},{13103, 8},{23827, 8},{23475, 8},{23322, 17},{11365, 17},{4404, 17},{20648, 17},
{21359, 17},{12653, 3},{6674, 3},{13438, 13},{26037, 17},{17264, 3},{11773, 3},{13616, 3},{24572, 17},{3520, 17},
{20645, 17},{8768, 17},{7375, 17},{6837, 7},{13568, 7},{4981, 7},{23019, 7},{3719, 7},{11758, 7},{1175, 7},
{25999, 7},{24984, 7},{4108, 9},{1549, 7},{13567, 7},{19651, 7},{10688, 7},{10689, 7},{24982, 7},{12243, 7},
{10497, 7},{25223, 7},{14886, 7},{13574, 7},{6472, 7},{15971, 17},{2628, 3},{3455, 13},{21651, 3},{10258, 17},
{10154, 17},{4176, 17},{10197, 17},{586, 17},{25175, 17},{11677, 17},{3975, 17},{4051, 17},{7745, 8},{150, 8},
{18149, 8},{9010, 8},{1385, 8},{11203, 8},{24859, 8},{16476, 8},{12909, 8},{708, 8},{22748, 8},{3790, 8},
{15406, 8},{17074, 8},{18918, 8},{16679, 17},{9704, 17},{22329, 17},{101, 17},{4865, 17},{12255, 17},{12079, 17},
{22774, 17},{11339, 17},{18973, 17},{19540, 17},{25276, 17},{867, 17},{13247, 17},{19818, 15},{7815, 15},{21258, 15},
{26368, 15},{23163, 1},{21231, 15},{11505, 1},{7814, 15},{20690, 1},{12122, 15},{18610, 1},{11868, 1},{7870, 1},
{7874, 1},{26359, 15},{5892, 1},{12121, 15},{21237, 15},{26375, 15},{21233, 15},{12124, 15},{12961, 1},{21256, 15},
{11871, 1},{9332, 1},{19814, 15},{9328, 1},{3523, 17},{25585, 17},{4528, 17},{22255, 17},{15360, 17},{8363, 12},
{26015, 3},{26222, 17},{22479, 17},{7387, 17},{20875, 17},{16482, 8},{7751, 8},{22742, 8},{714, 8},{11197, 8},
{9004, 8},{17076, 8},{24098, 8},{144, 8},{18151, 8},{3784, 8},{3956, 8},{12903, 8},{18920, 8},{15404, 8},
{7721, 17},{13505, 17},{20905, 17},{25935, 17},{12588, 17},{4408, 17},{12585, 17},{22862, 17},{24503, 17},{14339, 17},
{12317, 17},{25043, 17},{18883, 17},{2904, 17},{5934, 17},{7404, 17},{24203, 17},{25552, 17},{5758, 17},{16618, 17},
{2599, 7},{13794, 7},{761, 7},{9140, 9},{15, 7},{13667, 7},{9, 7},{3222, 7},{6179, 7},{2383, 7},
{17320, 7},{17382, 7},{22531, 7},{23477, 7},{893, 7},{22534, 7},{762, 7},{11350, 7},{17385, 7},{2904, 7},
{6175, 7},{1415, 7},{11349, 7},{24147, 7},{15768, 7},{23136, 17},{10892, 7},{7155, 9},{18820, 7},{7268, 3},
{20192, 3},{20880, 13},{25787, 3},{15190, 7},{13587, 7},{9908, 7},{17288, 9},{20366, 7},{11337, 17},{22750, 8},
{24092, 8},{15398, 8},{16474, 8},{7754, 8},{12901, 8},{23662, 8},{18914, 8},{18158, 8},{11194, 8},{9000, 8},
{1397, 8},{152, 8},{3792, 8},{706, 8},{5020, 17},{21114, 17},{21402, 17},{4774, 17},{7828, 17},{10523, 17},
{14603, 17},{22807, 12},{10845, 12},{10293, 17},{21401, 7},{21395, 7},{7679, 7},{6380, 9},{12455, 17},{1082, 17},
{13358, 17},{12038, 17},{12962, 17},{23639, 17},{94, 17},{18910, 7},{20643, 7},{22548, 7},{17435, 7},{25585, 7},
{19552, 7},{10004, 7},{24243, 7},{9614, 7},{14924, 7},{22052, 7},{5320, 7},{2916, 7},{26293, 7},{24883, 7},
{14368, 7},{4567, 7},{744, 7},{12302, 7},{25038, 7},{977, 7},{5824, 7},{4573, 7},{22330, 9},{965, 7},
{16576, 7},{17441, 7},{17437, 7},{17285, 7},{2920, 7},{21128, 7},{20647, 7},{20432, 7},{22330, 9},{4692, 7},
{2416, 7},{979, 7},{20438, 7},{16771, 0},{20444, 7},{20642, 7},{5823, 7},{17435, 7},{22061, 7},{9619, 7},
{8528, 7},{22549, 7},{15789, 7},{4577, 7},{15786, 7},{18883, 7},{15791, 7},{19131, 7},{24098, 7},{3292, 7},
{748, 7},{8529, 7},{26302, 7},{22331, 9},{16585, 7},{25584, 7},{22331, 9},{24237, 7},{9620, 7},{8747, 7},
{14925, 7},{14372, 7},{2916, 7},{14376, 7},{12638, 7},{25587, 7},{20672, 7},{7427, 7},{16580, 7},{18308, 7},
{3296, 7},{10058, 7},{14371, 7},{16500, 7},{10055, 7},{5822, 7},{10618, 7},{24097, 7},{747, 7},{25856, 7},
{20647, 7},{14929, 7},{2416, 7},{10013, 7},{10062, 7},{2920, 7},{4683, 7},{749, 7},{5821, 7},{24243, 7},
{22548, 7},{20649, 7},{17283, 7},{4686, 7},{4576, 7},{22332, 9},{18881, 7},{24240, 7},{16772, 0},{9622, 7},
{4690, 7},{975, 7},{1629, 7},{4568, 7},{20645, 7},{3291, 7},{20439, 7},{4567, 7},{24235, 7},{12786, 7},
{9620, 7},{22332, 9},{19548, 7},{2917, 7},{20651, 7},{9614, 7},{20645, 7},{16468, 7},{25037, 7},{15792, 7},
{3295, 7},{16822, 0},{8526, 7},{18308, 7},{12311, 7},{17801, 7},{22057, 7},{22825, 7},{24623, 7},{10012, 7},
{22053, 7},{11408, 7},{10011, 7},{4300, 7},{17805, 7},{24240, 7},{11394, 7},{17796, 7},{26292, 7},{977, 7},
{19548, 7},{24243, 7},{17437, 7},{25039, 7},{16571, 7},{18312, 7},{22333, 9},{14922, 7},{1628, 7},{24626, 7},
{4685, 7},{4687, 7},{25848, 7},{22549, 7},{12795, 7},{21129, 7},{13247, 7},{972, 7},{3299, 7},{22333, 9},
{8528, 7},{4297, 7},{22556, 7},{15791, 7},{14927, 7},{25845, 7},{24242, 7},{25585, 7},{755, 7},{9617, 7},
{16571, 7},{16582, 7},{1631, 7},{966, 7},{10612, 7},{8750, 7},{25855, 7},{5821, 7},{26403, 7},{20438, 7},
{2417, 7},{13242, 7},{20435, 7},{14373, 7},{10056, 7},{16583, 7},{4689, 7},{9615, 7},{24092, 7},{22326, 9},
{17283, 7},{26295, 7},{11407, 7},{18883, 7},{8745, 7},{10063, 7},{9618, 7},{25045, 7},{18338, 7},{14921, 7},
{5815, 7},{8749, 7},{744, 7},{26261, 7},{2413, 7},{13238, 7},{18341, 7},{20437, 7},{10616, 7},{8525, 7},
{17285, 7},{22327, 9},{17284, 7},{14927, 7},{12264, 0},{18339, 7},{9619, 7},{12304, 7},{1627, 7},{9616, 7},
{6669, 3},{18349, 3},{4048, 3},{4372, 13},{3448, 12},{9913, 3},{24835, 13},{585, 17},{21397, 7},{14670, 7},
{23781, 7},{600, 7},{6386, 9},{19093, 17},{660, 17},{4175, 17},{11454, 17},{19487, 3},{2715, 7},{9411, 7},
{4868, 7},{21507, 7},{3916, 0},{367, 7},{8935, 7},{1837, 7},{10902, 7},{1067, 7},{369, 7},{22348, 7},
{21505, 7},{4861, 7},{21631, 7},{14742, 7},{15579, 7},{20781, 7},{7282, 7},{18106, 7},{1448, 9},{14734, 7},
{221, 7},{8933, 7},{1976, 7},{5792, 7},{8932, 7},{10894, 7},{579, 17},{4001, 17},{770, 17},{14482, 17},
{19333, 3},{16589, 3},{17232, 3},{20877, 3},{7686, 3},{24416, 15},{21570, 15},{670, 17},{19064, 17},{24572, 3},
{11663, 3},{20114, 3},{7096, 13},{9258, 17},{23314, 17},{8430, 17},{5975, 17},{16876, 17},{20881, 17},{20562, 17},
{2113, 3},{14680, 3},{10847, 3},{6287, 12},{680, 17},{24285, 17},{3881, 7},{5463, 7},{2297, 7},{10663, 7},
{6455, 7},{15234, 7},{1942, 0},{6281, 7},{9957, 7},{18484, 7},{14698, 7},{23823, 7},{5017, 9},{8993, 7},
{2148, 7},{3563, 7},{16762, 7},{5471, 7},{6454, 7},{21943, 7},{3881, 7},{23256, 7},{3886, 7},{5018, 9},
{17393, 7},{2296, 7},{17888, 7},{16752, 7},{11713, 7},{21778, 7},{2293, 7},{16962, 7},{6824, 7},{11583, 7},
{26187, 7},{23612, 7},{4287, 7},{15888, 7},{10369, 7},{11708, 7},{23064, 7},{21622, 7},{23060, 7},{1829, 7},
{9951, 7},{21775, 7},{3558, 7},{5018, 9},{23953, 7},{5577, 0},{7318, 7},{11582, 7},{23069, 7},{21936, 7},
{23256, 7},{11970, 7},{23070, 7},{26181, 7},{5469, 7},{23601, 7},{14693, 7},{23258, 7},{15074, 7},{23825, 7},
{21785, 7},{17397, 7},{23958, 7},{5023, 9},{22120, 7},{6455, 7},{15249, 7},{6447, 7},{2290, 7},{21940, 7},
{23602, 7},{18666, 7},{4058, 0},{23608, 7},{23606, 7},{21939, 7},{23261, 7},{16761, 7},{24018, 7},{24014, 7},
{6452, 7},{5019, 9},{17138, 7},{23822, 7},{5470, 7},{16753, 7},{3559, 7},{15888, 7},{5467, 7},{18735, 7},
{16752, 7},{6817, 7},{145, 7},{23259, 7},{11969, 7},{8994, 7},{17141, 7},{3895, 7},{11600, 7},{7311, 7},
{21426, 7},{2294, 7},{17887, 7},{4291, 7},{26185, 7},{3563, 7},{8992, 7},{10370, 7},{6278, 7},{14703, 7},
{21775, 7},{16954, 7},{4294, 7},{24018, 7},{17889, 7},{5019, 9},{8850, 0},{16956, 7},{21433, 7},{11710, 7},
{15233, 7},{14698, 7},{16961, 7},{16960, 7},{7310, 7},{15234, 7},{5466, 7},{10671, 7},{5020, 9},{23261, 7},
{11964, 7},{11577, 7},{21784, 7},{26179, 7},{14697, 7},{16959, 7},{8990, 7},{23264, 7},{6825, 7},{10372, 7},
{4287, 7},{14694, 7},{23952, 7},{15891, 7},{26180, 7},{26183, 7},{5017, 9},{15074, 7},{23608, 7},{149, 7},
{3884, 7},{5467, 7},{144, 7},{11578, 7},{11968, 7},{3885, 7},{24020, 7},{23963, 7},{18478, 7},{11583, 7},
{5470, 7},{21619, 7},{10371, 7},{14693, 7},{17139, 7},{16753, 7},{6451, 7},{3562, 7},{23824, 7},{16956, 7},
{4285, 7},{26185, 7},{17143, 7},{15239, 7},{5023, 9},{23065, 7},{17377, 7},{17890, 7},{23255, 7},{11649, 7},
{3888, 7},{15080, 7},{17142, 7},{5465, 7},{8995, 7},{4294, 7},{6453, 7},{23954, 7},{3561, 7},{3560, 7},
{8626, 0},{16759, 7},{17893, 7},{23821, 7},{21429, 7},{15071, 7},{17140, 7},{6284, 7},{6822, 7},{6821, 7},
{10372, 7},{17393, 7},{4292, 7},{21779, 7},{5024, 9},{11582, 7},{8993, 7},{15079, 7},{2156, 17},{20365, 17},
{22950, 1},{15491, 15},{13088, 15},{9049, 1},{15487, 15},{10443, 1},{10432, 1},{4366, 1},{15488, 15},{13092, 15},
{4862, 1},{12321, 1},{15493, 15},{3911, 1},{15490, 15},{15492, 15},{22944, 1},{13091, 15},{13089, 15},{15497, 15},
{15498, 15},{13090, 15},{881, 1},{13093, 15},{25177, 1},{14211, 1},{369, 1},{15494, 15},{15489, 15},{19333, 17},
{13714, 17},{15080, 17},{1078, 17},{18820, 3},{15718, 3},{15019, 4},{6343, 14},{10849, 4},{1341, 4},{10286, 4},
{1344, 4},{13555, 4},{1897, 4},{18628, 4},{17074, 4},{12035, 4},{12523, 2},{25775, 4},{14797, 4},{9763, 4},
{11461, 4},{8609, 4},{12038, 4},{13346, 4},{18831, 4},{4953, 4},{18010, 14},{6023, 4},{9524, 4},{25770, 4},
{4954, 4},{2820, 4},{22868, 4},{545, 4},{25378, 4},{4656, 4},{9518, 4},{20113, 4},{17076, 4},{10287, 4},
{14802, 4},{4655, 4},{2818, 4},{14274, 4},{11847, 4},{11850, 4},{665, 4},{11462, 4},{635, 4},{23081, 14},
{26142, 4},{11849, 4},{4651, 4},{23088, 14},{13347, 4},{20114, 4},{18832, 4},{1346, 4},{866, 2},{4046, 4},
{6634, 4},{8036, 4},{1902, 4},{10311, 4},{3930, 4},{7847, 4},{24659, 4},{11852, 4},{5112, 4},{11522, 4},
{11455, 4},{17676, 4},{4956, 4},{9765, 4},{14804, 4},{23727, 4},{23085, 14},{15022, 4},{18004, 14},{14262, 4},
{13557, 4},{22867, 4},{26350, 2},{869, 2},{11458, 4},{23662, 4},{9521, 4},{25996, 4},{3499, 4},{1900, 4},
{4047, 4},{10841, 4},{3015, 4},{6635, 4},{864, 2},{11454, 4},{9764, 4},{6638, 4},{568, 4},{3928, 4},
{6268, 4},{1899, 4},{3008, 4},{6028, 4},{7328, 4},{9760, 4},{2823, 4},{25990, 4},{16870, 4},{11459, 4},
{16871, 4},{3014, 4},{4957, 4},{660, 4},{24324, 4},{11526, 4},{4049, 4},{26139, 4},{15482, 4},{8606, 4},
{26353, 2},{3496, 4},{21737, 4},{18005, 14},{14639, 4},{23720, 4},{10845, 2},{632, 4},{25986, 4},{12036, 4},
{7846, 4},{6628, 4},{12519, 2},{6270, 4},{14799, 4},{18002, 14},{8043, 4},{18601, 4},{12522, 2},{21477, 4},
{16867, 4},{14270, 4},{11453, 4},{10293, 4},{8038, 4},{9520, 4},{16998, 4},{13556, 4},{662, 4},{11457, 4},
{658, 4},{18592, 4},{22865, 4},{14268, 4},{11848, 4},{10314, 4},{11523, 4},{24807, 4},{24319, 4},{3188, 4},
{18599, 4},{3011, 4},{1898, 4},{631, 4},{9517, 4},{3495, 4},{26143, 4},{14267, 4},{12512, 2},{11452, 4},
{12668, 4},{16864, 4},{1901, 4},{25376, 4},{6025, 4},{8612, 4},{2720, 14},{18602, 4},{3189, 4},{11280, 4},
{20115, 4},{18623, 4},{547, 4},{23729, 4},{8041, 4},{20338, 4},{13554, 4},{24503, 4},{11521, 4},{661, 4},
{3186, 4},{7335, 4},{7853, 4},{6029, 4},{25375, 4},{21734, 4},{14803, 4},{13173, 4},{14271, 4},{566, 4},
{18629, 4},{3185, 4},{24813, 4},{8615, 4},{9522, 4},{25773, 4},{13349, 4},{17075, 4},{7843, 4},{16868, 4},
{26141, 4},{8796, 4},{18839, 4},{13354, 4},{25995, 4},{4043, 4},{10292, 4},{13551, 4},{15018, 4},{18837, 4},
{17675, 4},{13348, 4},{12677, 2},{20109, 4},{10310, 4},{12677, 6},{11520, 4},{23084, 14},{6269, 4},{11854, 4},
{5114, 4},{25774, 4},{8040, 4},{4949, 4},{4044, 4},{23090, 14},{1896, 4},{8045, 4},{10844, 2},{3010, 4},
{24314, 4},{15476, 4},{26355, 2},{14272, 4},{16861, 4},{10291, 4},{12938, 4},{1893, 4},{15010, 4},{23083, 14},
{9762, 4},{18840, 4},{16164, 4},{24810, 4},{5116, 4},{8613, 4},{6022, 4},{10303, 4},{15017, 4},{20339, 4},
{10285, 4},{18011, 14},{13756, 4},{5115, 4},{23639, 4},{16865, 4},{9755, 4},{14795, 4},{11853, 4},{12040, 4},
{8044, 4},{1342, 4},{14796, 4},{10850, 4},{7840, 4},{12037, 4},{17681, 4},{12032, 4},{17679, 4},{26137, 4},
{3471, 4},{24316, 4},{20337, 4},{13748, 4},{24505, 4},{21729, 4},{7331, 4},{9759, 4},{17677, 4},{3492, 4},
{532, 4},{6271, 4},{4649, 4},{24653, 4},{20335, 4},{20107, 4},{18000, 14},{25772, 4},{25373, 4},{18595, 4},
{21736, 4},{1339, 4},{1903, 4},{865, 2},{25997, 4},{3018, 4},{659, 4},{4652, 4},{6021, 4},{18836, 4},
{18625, 4},{17073, 4},{13350, 4},{26349, 2},{4955, 4},{13561, 4},{8608, 4},{17079, 4},{11527, 4},{11525, 4},
{25776, 4},{24504, 4},{872, 2},{11524, 4},{2824, 4},{11518, 4},{868, 2},{25379, 4},{25768, 4},{14801, 4},
{18838, 4},{3489, 4},{18003, 14},{18598, 4},{18627, 4},{534, 4},{20336, 4},{666, 4},{6265, 4},{9523, 4},
{25377, 4},{24812, 4},{8605, 4},{15011, 4},{13747, 4},{12041, 4},{10313, 4},{18622, 4},{3190, 4},{4647, 4},
{21730, 4},{15477, 4},{867, 2},{20111, 4},{12941, 4},{4952, 4},{18834, 4},{6020, 4},{20334, 4},{25993, 4},
{9516, 4},{14273, 4},{20112, 4},{24507, 4},{21733, 4},{15479, 4},{11844, 4},{18600, 4},{4654, 4},{12516, 2},
{3009, 4},{1343, 4},{10304, 4},{18591, 4},{11456, 4},{24317, 4},{6267, 4},{23726, 4},{8614, 4},{26144, 4},
{24502, 4},{24320, 4},{871, 2},{3478, 4},{2825, 4},{10847, 4},{5113, 4},{13558, 4},{1348, 4},{3183, 4},
{13353, 4},{23082, 14},{4051, 4},{9758, 4},{12034, 4},{25987, 4},{8792, 4},{20340, 4},{6631, 4},{3476, 4},
{3493, 4},{17680, 4},{12657, 2},{24318, 4},{4650, 4},{2822, 4},{5117, 4},{15020, 4},{657, 4},{24809, 4},
{7845, 4},{18001, 14},{7841, 4},{26356, 2},{6266, 4},{7330, 4},{3184, 4},{12945, 4},{8793, 4},{24321, 4},
{25370, 4},{9761, 4},{8037, 4},{3474, 4},{7332, 4},{12940, 4},{3497, 4},{22866, 4},{26138, 4},{15481, 4},
{12513, 2},{4050, 4},{23728, 4},{22863, 4},{18321, 4},{12521, 2},{20341, 4},{17072, 4},{15015, 4},{3947, 4},
{636, 4},{1345, 4},{6027, 4},{13553, 4},{3477, 4},{25994, 4},{12039, 4},{20106, 4},{13351, 4},{3470, 4},
{12033, 4},{9754, 4},{8042, 4},{17669, 4},{5122, 4},{25769, 4},{1347, 4},{7329, 4},{22869, 4},{23089, 14},
{3181, 4},{18621, 4},{3187, 4},{10312, 4},{25992, 4},{8039, 4},{21442, 4},{6024, 4},{3475, 4},{6633, 4},
{25771, 4},{3469, 4},{7167, 4},{5225, 2},{12517, 2},{2819, 4},{20110, 4},{13355, 4},{14800, 4},{25374, 4},
{4653, 4},{14798, 4},{12669, 4},{21735, 4},{24816, 4},{19572, 4},{22871, 4},{13552, 4},{18006, 14},{10288, 4},
{18624, 4},{1340, 4},{15021, 4},{5118, 4},{23723, 4},{8611, 4},{14973, 4},{4052, 4},{6637, 4},{4950, 4},
{12518, 2},{10309, 4},{12653, 2},{7334, 4},{4045, 4},{21738, 4},{24806, 4},{7852, 4},{24808, 4},{10848, 2},
{3019, 4},{23721, 4},{3012, 4},{17087, 4},{529, 4},{6272, 4},{22864, 4},{7336, 4},{20333, 4},{2821, 4},
{9519, 4},{3946, 4},{6026, 4},{25371, 4},{7337, 4},{22872, 4},{24651, 4},{10308, 4},{25372, 4},{5734, 4},
{18596, 4},{14263, 4},{17678, 4},{6274, 4},{4951, 4},{11519, 4},{6636, 4},{7333, 4},{14269, 4},{18630, 4},
{21732, 4},{6629, 4},{12943, 4},{26352, 2},{655, 4},{16869, 4},{9515, 4},{23087, 14},{10846, 2},{3473, 4},
{18626, 4},{10290, 4},{23722, 4},{7844, 4},{24315, 4},{7842, 4},{2817, 4},{629, 4},{4958, 4},{24882, 4},
{863, 2},{5119, 4},{12672, 4},{656, 4},{12944, 4},{1894, 4},{15016, 4},{25991, 4},{26351, 2},{5121, 4},
{4648, 4},{24665, 4},{6273, 4},{11845, 4},{17670, 4},{18833, 4},{23724, 4},{10843, 4},{15483, 4},{8610, 4},
{22870, 4},{10289, 4},{16866, 4},{16860, 4},{23725, 4},{17674, 4},{3472, 4},{13352, 4},{24323, 4},{24506, 4},
{21009, 4},{3494, 4},{630, 4},{10284, 4},{11851, 4},{13562, 4},{24815, 4},{10307, 4},{12520, 2},{4048, 4},
{22465, 4},{18835, 4},{24811, 4},{26140, 4},{18942, 17},{11356, 17},{22949, 17},{21270, 17},{11576, 17},{22692, 15},
{18623, 17},{26223, 17},{5969, 17},{336, 17},{10467, 17},{17598, 17},{7381, 17},{23069, 17},{7553, 17},{3710, 17},
{4715, 17},{14796, 17},{22031, 17},{7410, 17},{2152, 17},{14059, 3},{12329, 3},{23641, 17},{3508, 17},{23995, 17},
{23781, 17},{16381, 17},{4905, 17},{23648, 17},{24450, 17},{18038, 3},{20809, 17},{16039, 17},{6799, 17},{571, 17},
{3644, 17},{23722, 17},{22326, 17},{8259, 17},{18072, 17},{24672, 7},{25119, 9},{11057, 7},{23547, 7},{25285, 7},
{9547, 7},{19329, 7},{22505, 7},{4275, 7},{19332, 7},{25118, 9},{16383, 7},{25287, 7},{16708, 7},{4131, 9},
{6933, 7},{21991, 7},{16704, 7},{12538, 7},{1689, 7},{4130, 9},{22510, 7},{1694, 7},{24675, 7},{25122, 9},
{9543, 7},{12537, 7},{16390, 7},{23554, 7},{16706, 7},{16703, 7},{22510, 7},{9904, 7},{25121, 9},{23557, 7},
{23552, 7},{25282, 7},{1695, 7},{9539, 7},{25120, 9},{23546, 7},{16710, 7},{24674, 7},{9545, 7},{25120, 9},
{24677, 7},{25289, 7},{19332, 7},{25123, 9},{7611, 7},{23553, 7},{1700, 7},{23552, 7},{25122, 9},{4271, 7},
{11789, 7},{24669, 7},{25288, 7},{8154, 3},{9452, 13},{22513, 17},{10794, 17},{23473, 17},{9547, 17},{220, 17},
{12539, 17},{7054, 17},{3617, 17},{8651, 17},{12035, 17},{15356, 17},{1497, 17},{16481, 17},{2378, 17},{25586, 17},
{10465, 17},{25997, 17},{9118, 17},{14720, 17},{5301, 17},{17436, 17},{25725, 17},{9554, 17},{3884, 17},{22715, 15},
{11259, 15},{13855, 15},{14876, 15},{3037, 15},{11246, 15},{1914, 15},{138, 15},{22716, 15},{3038, 15},{15583, 7},
{7720, 7},{25668, 7},{17689, 7},{22422, 7},{3613, 7},{4325, 7},{17164, 7},{16526, 7},{10153, 7},{499, 7},
{16936, 7},{8671, 7},{20211, 9},{22428, 7},{17318, 7},{13649, 7},{17900, 7},{503, 7},{23338, 7},{4781, 7},
{25663, 7},{1820, 15},{3028, 15},{7915, 7},{7529, 7},{17902, 7},{21833, 7},{8224, 7},{15588, 7},{24515, 7},
{17313, 7},{1038, 7},{1034, 7},{8672, 7},{8220, 7},{25668, 7},{22426, 7},{19475, 7},{16938, 7},{2672, 7},
{17691, 7},{25349, 7},{4855, 7},{21309, 9},{22315, 7},{24518, 7},{22860, 15},{6259, 15},{21859, 15},{9387, 15},
{12954, 15},{11045, 15},{13493, 15},{25651, 15},{14005, 17},{20337, 17},{15629, 17},{18817, 17},{12930, 17},{21634, 17},
{20713, 17},{3450, 17},{18596, 17},{18248, 17},{1570, 17},{18624, 17},{19174, 17},{9137, 12},{4111, 13},{1430, 3},
{6383, 3},{8696, 3},{20395, 3},{20864, 3},{22331, 13},{20368, 3},{898, 12},{18786, 13},{11950, 15},{18057, 15},
{9978, 15},{8007, 15},{26453, 15},{12241, 15},{9825, 15},{20369, 3},{12523, 12},{19078, 3},{26447, 15},{3534, 15},
{15094, 15},{13305, 15},{20635, 15},{10406, 15},{25810, 15},{18269, 15},{21320, 15},{15048, 15},{8065, 15},{19905, 15},
{3351, 15},{14538, 15},{2365, 15},{21177, 15},{20708, 15},{900, 9},{19514, 7},{9049, 7},{3918, 7},{879, 7},
{24048, 7},{1442, 9},{17213, 7},{10018, 7},{10018, 7},{1442, 9},{17215, 7},{3915, 7},{26235, 7},{26237, 7},
{26233, 7},{3640, 7},{901, 9},{878, 7},{10443, 7},{902, 9},{10439, 7},{26236, 7},{22949, 7},{878, 7},
{875, 7},{10439, 7},{902, 9},{22944, 7},{874, 7},{7551, 7},{24044, 7},{899, 9},{3908, 7},{22941, 7},
{899, 9},{17762, 7},{7553, 7},{26234, 7},{19303, 17},{13318, 3},{24506, 3},{25115, 3},{278, 17},{10424, 17},
{13821, 17},{20715, 17},{17137, 17},{22875, 17},{16044, 17},{3493, 17},{498, 17},{21611, 7},{5487, 7},{5485, 7},
{13148, 9},{16919, 7},{18452, 7},{21661, 7},{4077, 7},{5484, 7},{25197, 7},{8277, 7},{13148, 9},{1929, 7},
{13149, 9},{21608, 7},{21391, 7},{11665, 7},{8274, 7},{7244, 7},{13146, 9},{5487, 7},{23766, 7},{11665, 7},
{25195, 7},{25188, 7},{4084, 7},{11663, 7},{4078, 7},{13146, 9},{16918, 7},{1930, 7},{23768, 7},{1926, 7},
{11667, 7},{13147, 9},{21390, 7},{12460, 7},{5484, 7},{13147, 9},{4074, 7},{16926, 7},{11321, 7},{7981, 9},
{18087, 7},{21391, 7},{11662, 7},{11314, 7},{25198, 7},{11665, 7},{25188, 7},{11666, 7},{15457, 9},{23771, 7},
{21607, 7},{18453, 7},{4083, 7},{18080, 7},{4080, 7},{5485, 7},{15457, 9},{20200, 17},{19472, 17},{20876, 5},
{898, 5},{7091, 5},{9555, 5},{13435, 5},{5018, 5},{23947, 5},{20863, 5},{7274, 5},{25233, 5},{16442, 5},
{17262, 5},{6296, 5},{18782, 5},{14679, 5},{15246, 5},{12523, 5},{5297, 5},{8149, 5},{22809, 5},{15451, 5},
{4121, 5},{19526, 5},{9560, 5},{4132, 5},{23061, 5},{19355, 5},{20198, 5},{9344, 5},{2466, 5},{3449, 5},
{2627, 5},{26229, 5},{7185, 5},{24569, 5},{3447, 5},{9456, 5},{25232, 5},{9126, 5},{23949, 5},{9138, 5},
{9134, 5},{13149, 5},{26221, 5},{864, 5},{9140, 5},{9141, 5},{12677, 5},{5021, 5},{2460, 5},{7194, 5},
{20193, 5},{25944, 5},{7981, 5},{20864, 5},{8365, 5},{26224, 5},{13151, 5},{3158, 5},{12328, 5},{6279, 5},
{9125, 5},{9451, 5},{19719, 5},{6390, 5},{1442, 5},{4118, 5},{20882, 5},{6385, 5},{4117, 5},{14682, 5},
{24957, 5},{15452, 5},{900, 5},{26001, 5},{9558, 5},{4373, 5},{6384, 5},{6313, 5},{23059, 5},{4122, 5},
{7190, 5},{3929, 5},{7277, 5},{22806, 5},{17264, 5},{25239, 5},{901, 5},{10846, 5},{15447, 5},{23950, 5},
{905, 5},{20716, 5},{25115, 5},{14687, 5},{22808, 5},{19529, 5},{22804, 5},{7270, 5},{15446, 5},{6287, 5},
{897, 5},{8366, 5},{7976, 5},{1448, 5},{17260, 5},{8145, 5},{20714, 5},{4130, 5},{21510, 17},{2459, 5},
{9130, 5},{25234, 5},{2465, 5},{9131, 5},{6383, 5},{3454, 5},{12334, 5},{5020, 5},{2624, 5},{25124, 5},
{7090, 5},{9415, 5},{13433, 5},{22323, 5},{9133, 5},{7096, 5},{20407, 5},{896, 5},{4129, 5},{12330, 5},
{25121, 5},{13439, 5},{9552, 5},{15412, 5},{5019, 5},{4371, 5},{14681, 5},{20717, 5},{22331, 5},{3453, 5},
{5977, 17},{12043, 17},{13575, 17},{15604, 17},{17477, 17},{1419, 17},{22603, 17},{3509, 17},{5116, 17},{26407, 17},
{22367, 3},{8151, 3},{20197, 3},{8343, 3},{14912, 1},{15528, 15},{19805, 15},{19803, 15},{19168, 1},{25258, 15},
{25261, 15},{25259, 15},{25260, 15},{3338, 15},{25255, 15},{2557, 15},{19830, 15},{18863, 1},{2005, 1},{25257, 15},
{2405, 1},{2563, 15},{15539, 15},{15531, 15},{3233, 1},{2559, 15},{3322, 15},{2571, 15},{16293, 1},{19831, 15},
{9144, 15},{10347, 15},{9153, 15},{9148, 15},{9147, 15},{10333, 15},{15474, 15},{9146, 15},{15480, 15},{13754, 15},
{10351, 15},{10363, 15},{9149, 15},{21641, 1},{9150, 15},{2745, 1},{1570, 1},{6004, 1},{9143, 15},{4541, 1},
{9152, 15},{3239, 1},{9145, 15},{10402, 15},{21265, 1},{15605, 1},{19065, 17},{11826, 15},{17859, 15},{24610, 1},
{18852, 15},{20758, 1},{2735, 15},{1615, 1},{4147, 1},{18008, 15},{11825, 15},{19861, 1},{18007, 15},{2732, 15},
{2718, 15},{11828, 15},{11361, 1},{18014, 15},{18009, 15},{17863, 15},{11829, 15},{14767, 1},{11831, 15},{18012, 15},
{11835, 15},{18013, 15},{1578, 1},{11832, 15},{18015, 15},{11910, 3},{24669, 3},{25926, 13},{5784, 3},{16037, 15},
{16032, 15},{16035, 15},{5276, 1},{16031, 15},{8376, 15},{8371, 15},{2924, 1},{18387, 15},{21646, 1},{16038, 15},
{8373, 15},{16036, 15},{17196, 15},{17224, 15},{8372, 15},{8374, 15},{16033, 15},{25360, 1},{3237, 1},{9442, 1},
{8375, 15},{21269, 1},{25332, 15},{15604, 1},{15554, 15},{15561, 15},{21811, 15},{10265, 15},{15562, 15},{17740, 1},
{2006, 1},{25337, 15},{15599, 1},{15558, 15},{21813, 15},{15563, 15},{15559, 15},{15564, 15},{25740, 1},{15555, 15},
{21268, 1},{21814, 15},{25339, 15},{15557, 15},{21808, 15},{15560, 15},{14067, 1},{14064, 1},{11154, 15},{5299, 1},
{11153, 15},{2747, 1},{7260, 1},{10922, 1},{2003, 1},{11149, 15},{5646, 15},{5648, 15},{11148, 15},{11152, 15},
{11150, 15},{21642, 1},{11147, 15},{5643, 15},{11151, 15},{11155, 15},{10923, 1},{11146, 15},{5642, 15},{22372, 1},
{5647, 15},{5645, 15},{5644, 15},{15609, 15},{11384, 15},{13607, 15},{13610, 15},{11391, 15},{4545, 1},{11390, 15},
{14068, 1},{24088, 15},{13609, 15},{13600, 15},{13599, 15},{1576, 1},{13603, 15},{13604, 15},{11385, 15},{11389, 15},
{11393, 15},{11386, 15},{13608, 15},{3234, 1},{13605, 15},{2778, 1},{22896, 1},{11392, 15},{13606, 15},{2010, 1},
{6672, 15},{14148, 15},{16270, 15},{16278, 15},{21649, 1},{22374, 1},{576, 1},{16275, 15},{2401, 1},{14171, 15},
{22370, 1},{25716, 1},{16274, 15},{16271, 15},{16277, 15},{6678, 15},{9785, 1},{16273, 15},{6676, 15},{6677, 15},
{16272, 15},{7129, 1},{22368, 1},{915, 1},{14172, 15},{15349, 1},{16276, 15},{1458, 1},{6673, 15},{6679, 15},
{16269, 15},{3236, 1},{21142, 1},{11004, 15},{25839, 15},{11007, 15},{21903, 15},{4543, 1},{21897, 15},{4140, 1},
{11001, 15},{25837, 15},{10998, 15},{11006, 15},{21650, 1},{5629, 1},{10999, 15},{11003, 15},{25825, 15},{25836, 15},
{11005, 15},{5999, 1},{11008, 15},{11002, 15},{19288, 17},{24363, 17},{3154, 12},{21388, 3},{13439, 9},{15606, 7},
{15603, 7},{15602, 7},{14063, 7},{4143, 7},{1574, 7},{13438, 9},{22363, 7},{15604, 7},{8699, 7},{2010, 7},
{8703, 7},{10924, 7},{21647, 7},{20201, 9},{14067, 7},{12980, 15},{12981, 15},{12979, 15},{21646, 7},{20202, 9},
{8704, 7},{21650, 7},{3239, 7},{20201, 9},{9567, 7},{9786, 7},{1573, 7},{21648, 7},{21270, 7},{22369, 7},
{2006, 7},{20192, 9},{3231, 7},{3237, 7},{14068, 7},{14063, 7},{22363, 7},{13439, 9},{17089, 7},{5931, 15},
{5929, 15},{5932, 15},{5930, 15},{5927, 15},{20192, 9},{17104, 7},{1570, 7},{19179, 8},{19791, 17},{19175, 8},
{19174, 8},{19173, 8},{19172, 8},{19171, 8},{19170, 8},{19169, 8},{19168, 8},{10560, 7},{23449, 7},{24392, 7},
{10257, 7},{4484, 7},{9457, 9},{3987, 7},{18567, 7},{10867, 7},{5344, 7},{707, 7},{2156, 7},{26382, 7},
{26053, 7},{10260, 7},{706, 7},{6689, 7},{13223, 7},{14336, 7},{3988, 7},{10255, 7},{12560, 7},{6303, 7},
{3983, 7},{1393, 7},{13221, 7},{13223, 7},{25313, 7},{24163, 7},{4485, 7},{22118, 7},{9808, 7},{18650, 7},
{10788, 7},{2156, 7},{22141, 7},{17340, 7},{2155, 7},{24161, 7},{12560, 7},{9460, 9},{9920, 7},{19325, 7},
{3975, 7},{25127, 7},{25310, 7},{10793, 7},{16817, 7},{6126, 7},{18567, 7},{12559, 7},{24398, 7},{19987, 7},
{19993, 7},{25129, 7},{4479, 7},{7389, 7},{9455, 9},{23448, 7},{12318, 7},{20890, 7},{4477, 7},{18565, 7},
{11226, 7},{115, 7},{24401, 7},{1391, 7},{713, 7},{16415, 7},{26052, 7},{10839, 7},{246, 7},{3989, 7},
{8870, 7},{5347, 7},{115, 7},{19321, 7},{6303, 7},{715, 7},{9458, 9},{25320, 7},{25323, 7},{3988, 7},
{10254, 7},{13043, 7},{17335, 7},{18673, 7},{5592, 7},{16817, 7},{2154, 7},{1539, 0},{26382, 7},{5342, 7},
{19320, 7},{19995, 7},{13213, 7},{24168, 7},{17017, 7},{10796, 7},{21098, 7},{5344, 7},{711, 7},{8873, 7},
{3975, 7},{14338, 7},{3988, 7},{10255, 7},{2161, 7},{25317, 7},{9972, 7},{20976, 7},{8865, 7},{120, 7},
{18569, 7},{24401, 7},{23452, 7},{9032, 9},{5333, 7},{7715, 7},{22092, 7},{25318, 7},{3755, 7},{2152, 7},
{17334, 7},{7389, 7},{13216, 7},{25322, 7},{16820, 7},{11226, 7},{10562, 7},{6304, 7},{3987, 7},{10254, 7},
{13228, 7},{21100, 7},{711, 7},{9032, 9},{16813, 7},{800, 7},{20902, 7},{14334, 7},{1392, 7},{17458, 7},
{10839, 7},{13227, 7},{8870, 7},{13223, 7},{22102, 7},{10852, 7},{6286, 7},{9459, 9},{23450, 7},{23676, 7},
{2162, 7},{13546, 7},{21099, 7},{17028, 7},{8863, 7},{5347, 7},{6123, 7},{3991, 7},{23683, 7},{16825, 7},
{6131, 7},{12313, 7},{20739, 7},{3761, 7},{10797, 7},{14338, 7},{2156, 7},{25109, 7},{5341, 7},{24404, 7},
{25112, 7},{9033, 9},{12087, 7},{17336, 7},{16820, 7},{3764, 7},{14334, 7},{10797, 7},{22084, 7},{8870, 7},
{2157, 7},{8368, 9},{24172, 7},{24162, 7},{24167, 7},{19318, 7},{21106, 7},{10792, 7},{12319, 7},{23535, 7},
{16816, 7},{10795, 7},{9808, 7},{13213, 7},{17018, 7},{7715, 7},{23454, 7},{18673, 7},{23451, 7},{25320, 7},
{6305, 7},{12087, 7},{5333, 7},{12316, 7},{4478, 7},{8581, 7},{14336, 7},{5523, 7},{25317, 7},{17026, 7},
{8368, 9},{8868, 7},{4482, 7},{10867, 7},{16824, 7},{25312, 7},{6466, 17},{10700, 17},{9618, 17},{21898, 17},
{25284, 17},{6126, 17},{3506, 17},{7714, 17},{980, 17},{22844, 17},{7, 17},{5321, 17},{20357, 8},{640, 8},
{8569, 8},{16768, 8},{9539, 8},{7554, 8},{16870, 8},{8826, 8},{4217, 8},{10589, 8},{11506, 8},{15728, 8},
{11663, 8},{4138, 8},{10962, 8},{365, 17},{19557, 17},{15163, 17},{22910, 3},{863, 13},{3239, 3},{10379, 15},
{17952, 15},{19886, 15},{988, 15},{15954, 15},{20850, 15},{13869, 15},{22281, 15},{8313, 15},{19237, 15},{20854, 15},
{22622, 15},{16609, 15},{6650, 15},{17956, 15},{12620, 15},{8313, 15},{13869, 15},{26281, 15},{16607, 15},{25017, 15},
{22932, 15},{16605, 15},{26452, 15},{15003, 15},{19234, 15},{16616, 15},{485, 15},{9179, 15},{6886, 17},{16683, 17},
{25501, 17},{10548, 17},{21076, 17},{17670, 3},{17208, 3},{20089, 3},{16426, 3},{22330, 13},{8697, 3},{6210, 17},
{16523, 17},{20993, 17},{23531, 17},{7084, 17},{9621, 17},{9352, 17},{14308, 17},{3930, 3},{4374, 13},{9135, 17},
{8621, 17},{360, 15},{11036, 15},{23279, 15},{23273, 15},{9537, 15},{18803, 17},{2938, 15},{11040, 15},{10563, 15},
{13843, 15},{20916, 15},{23269, 15},{13280, 15},{20859, 15},{11041, 15},{1731, 15},{260, 15},{7655, 15},{6363, 15},
{20922, 15},{24289, 15},{13280, 15},{13415, 15},{14114, 15},{21460, 15},{13842, 15},{7554, 3},{9965, 3},{23303, 17},
{905, 17},{18201, 15},{10359, 15},{23185, 15},{2348, 15},{14111, 15},{14110, 15},{23680, 15},{19609, 15},{13217, 15},
{1353, 15},{10758, 15},{18201, 15},{19658, 15},{22992, 15},{2348, 15},{12721, 15},{23188, 15},{4700, 15},{14498, 15},
{22990, 15},{23325, 15},{6897, 17},{1241, 15},{18351, 15},{59, 15},{23324, 15},{54, 15},{556, 15},{1067, 17},
{21278, 15},{7591, 15},{2566, 15},{15226, 15},{3851, 15},{21788, 15},{6604, 15},{8996, 15},{7199, 15},{23600, 15},
{10064, 15},{24760, 15},{11856, 15},{21794, 15},{20663, 15},{12825, 15},{12830, 15},{15226, 15},{5368, 15},{20431, 15},
{26074, 15},{8406, 15},{5172, 15},{7196, 15},{17989, 15},{12834, 15},{24762, 15},{10953, 17},{10220, 7},{5514, 7},
{23947, 9},{19282, 7},{23504, 7},{23502, 7},{23945, 9},{20363, 7},{26025, 17},{24492, 7},{16751, 7},{23937, 9},
{23852, 7},{16996, 7},{23950, 9},{5510, 7},{5514, 7},{9585, 7},{23856, 7},{5515, 7},{678, 7},{20362, 7},
{678, 7},{23505, 7},{23850, 7},{23849, 7},{20360, 7},{19289, 7},{26002, 9},{23976, 7},{684, 7},{19281, 7},
{16988, 7},{26001, 9},{24492, 7},{680, 7},{19288, 7},{3418, 7},{24493, 7},{23949, 9},{23967, 7},{16751, 7},
{23947, 9},{23967, 7},{20363, 7},{26010, 7},{3413, 7},{23950, 9},{24488, 7},{680, 7},{23854, 7},{8920, 7},
{24487, 7},{5515, 7},{23949, 9},{681, 7},{675, 7},{684, 7},{16994, 7},{15826, 17},{12040, 17},{23311, 17},
{15288, 17},{78, 17},{8466, 17},{24609, 17},{22208, 17},{9651, 15},{11690, 15},{11686, 15},{24535, 15},{8885, 1},
{9650, 15},{11691, 15},{11693, 15},{11687, 15},{11692, 15},{6263, 15},{9644, 15},{19438, 15},{9646, 15},{9645, 15},
{11688, 15},{9647, 15},{14355, 1},{1942, 1},{24550, 15},{9641, 15},{3906, 15},{5585, 1},{3899, 15},{3886, 1},
{21111, 1},{18580, 1},{22686, 15},{22690, 15},{3903, 15},{3901, 15},{14357, 1},{3900, 15},{3898, 15},{4221, 1},
{3897, 15},{22687, 15},{22688, 15},{3902, 15},{3905, 15},{22691, 15},{22689, 15},{3904, 15},{22692, 15},{5574, 1},
{24333, 15},{23820, 1},{14567, 15},{6876, 1},{14571, 15},{14573, 15},{24332, 15},{10976, 15},{21550, 1},{14576, 15},
{14570, 15},{7778, 15},{7767, 15},{14569, 15},{9957, 1},{1933, 1},{14577, 15},{25212, 15},{18585, 1},{26241, 15},
{15247, 15},{17888, 1},{26244, 15},{26232, 15},{26245, 15},{1407, 1},{150, 1},{17886, 1},{26231, 15},{26242, 15},
{26243, 15},{26240, 15},{26246, 15},{25351, 15},{5710, 15},{25361, 15},{5708, 15},{5711, 15},{25358, 15},{25354, 15},
{25362, 15},{25355, 15},{5707, 15},{6760, 15},{25300, 1},{10988, 1},{8696, 1},{23605, 1},{5709, 15},{5712, 15},
{25353, 15},{25357, 15},{25352, 15},{6060, 15},{23823, 1},{6058, 15},{26160, 15},{26161, 15},{26154, 15},{6062, 15},
{6063, 15},{6061, 15},{6057, 15},{26159, 15},{26163, 15},{4216, 1},{26157, 15},{6056, 15},{26158, 15},{26164, 15},
{5579, 1},{26156, 15},{26155, 15},{10047, 15},{841, 15},{9229, 15},{18355, 15},{11472, 15},{24419, 15},{26382, 17},
{12528, 15},{12531, 15},{20294, 15},{20301, 15},{20300, 15},{12529, 15},{4220, 1},{16394, 1},{4058, 1},{20295, 15},
{12530, 15},{8621, 1},{20298, 15},{18579, 1},{20296, 15},{20292, 15},{20299, 15},{20297, 15},{20293, 15},{5197, 15},
{23835, 15},{21935, 1},{23838, 15},{23840, 15},{4290, 1},{23833, 15},{23834, 15},{21619, 1},{23837, 15},{23836, 15},
{4062, 1},{13191, 15},{23819, 1},{23839, 15},{4294, 1},{23831, 15},{13166, 15},{5578, 1},{23830, 15},{3451, 17},
{15713, 17},{15567, 8},{15566, 8},{15569, 8},{17678, 17},{2466, 17},{11100, 15},{15573, 8},{15572, 8},{8148, 13},
{15714, 3},{3219, 3},{23778, 3},{11682, 17},{3800, 17},{16039, 3},{20404, 3},{879, 3},{6769, 17},{25238, 17},
{10312, 17},{10588, 17},{3635, 17},{26293, 17},{7316, 17},{6353, 17},{24048, 17},{22179, 17},{5759, 17},{25386, 17},
{3895, 17},{7391, 17},{4526, 17},{10438, 17},{12269, 17},{4128, 12},{4063, 3},{1700, 3},{5022, 3},{9765, 3},
{9416, 13},{12566, 17},{22611, 17},{2713, 17},{7111, 17},{17884, 17},{20769, 17},{16918, 17},{21625, 17},{16744, 13},
{13435, 3},{892, 17},{25783, 17},{25669, 17},{9049, 17},{24870, 17},{20714, 12},{10843, 3},{20271, 3},{5593, 17},
{4869, 17},{15725, 17},{10428, 17},{23038, 17},{22609, 17},{4216, 7},{10990, 7},{8620, 7},{20406, 9},{21119, 7},
{12521, 17},{9367, 17},{16043, 17},{25987, 17},{170, 8},{21730, 8},{5590, 8},{1033, 8},{1843, 8},{9920, 8},
{791, 8},{24198, 8},{19384, 8},{19001, 8},{24356, 8},{1826, 8},{19556, 8},{25063, 8},{25729, 8},{1829, 8},
{24199, 8},{1844, 8},{19557, 8},{5589, 8},{169, 8},{25730, 8},{22050, 8},{4786, 8},{2368, 8},{21729, 8},
{1034, 8},{9911, 8},{24355, 8},{19000, 8},{18106, 17},{1852, 8},{1837, 8},{5595, 8},{164, 8},{24202, 8},
{18567, 8},{25723, 8},{14200, 8},{789, 8},{21734, 8},{1041, 8},{21918, 8},{19552, 8},{2379, 8},{18997, 8},
{7707, 8},{163, 8},{19553, 8},{2378, 8},{18996, 8},{25724, 8},{21733, 8},{24203, 8},{1042, 8},{10818, 8},
{1838, 8},{8997, 8},{24346, 8},{788, 8},{18566, 8},{25725, 8},{2377, 8},{1039, 8},{162, 8},{18995, 8},
{18569, 8},{7712, 8},{24349, 8},{21732, 8},{1835, 8},{8994, 8},{19554, 8},{24200, 8},{787, 8},{6899, 8},
{24348, 8},{5596, 8},{10820, 8},{25726, 8},{24882, 8},{786, 8},{18568, 8},{8995, 8},{2376, 8},{1836, 8},
{13220, 8},{161, 8},{19555, 8},{18994, 8},{1040, 8},{24351, 8},{8992, 8},{24206, 8},{25719, 8},{2375, 8},
{18563, 8},{1037, 8},{21738, 8},{168, 8},{785, 8},{18993, 8},{5599, 8},{1841, 8},{10821, 8},{19548, 8},
{17734, 17},{2373, 8},{19550, 8},{1035, 8},{5601, 8},{21736, 8},{24353, 8},{166, 8},{1839, 8},{24204, 8},
{18991, 8},{18565, 8},{12463, 8},{783, 8},{25721, 8},{8990, 8},{11522, 17},{26006, 17},{22261, 17},{3217, 3},
{680, 3},{25947, 3},{18783, 12},{20276, 3},{9141, 13},{24323, 17},{13973, 17},{12929, 7},{16200, 7},{22050, 7},
{6530, 7},{21879, 7},{23161, 7},{14598, 7},{21882, 7},{4024, 7},{16205, 7},{16477, 7},{9122, 9},{16199, 7},
{9333, 7},{9123, 9},{3676, 7},{6530, 7},{6527, 7},{13721, 7},{6009, 7},{13097, 7},{22778, 7},{25779, 0},
{101, 7},{16197, 7},{6007, 7},{23322, 7},{6006, 7},{23353, 7},{3678, 7},{6524, 7},{12933, 7},{23316, 7},
{273, 7},{9334, 7},{10821, 7},{4070, 7},{94, 7},{23158, 7},{17472, 7},{17647, 7},{16475, 7},{21875, 7},
{23036, 7},{9331, 7},{4018, 7},{9125, 9},{6009, 7},{8195, 7},{14597, 7},{16482, 7},{15998, 7},{95, 7},
{25939, 7},{15163, 7},{16481, 7},{4899, 7},{274, 7},{2650, 7},{7869, 0},{3106, 7},{2645, 7},{99, 7},
{8179, 7},{19738, 7},{24554, 7},{7975, 7},{11265, 7},{21874, 7},{9122, 9},{3670, 7},{16480, 7},{19838, 7},
{25937, 7},{23041, 7},{8197, 7},{8195, 7},{16475, 7},{9124, 9},{2647, 7},{3678, 7},{5892, 7},{10822, 7},
{19740, 7},{25824, 7},{4020, 7},{25938, 7},{13465, 7},{15997, 7},{23314, 7},{19731, 7},{25414, 7},{19737, 7},
{11510, 0},{16206, 7},{17640, 7},{14596, 7},{22766, 7},{12935, 7},{23162, 7},{9125, 9},{25932, 7},{100, 7},
{19739, 7},{9331, 7},{7967, 7},{9330, 7},{15165, 7},{9326, 7},{16474, 7},{103, 7},{23034, 7},{102, 7},
{23321, 7},{2644, 7},{16200, 7},{23040, 7},{8177, 7},{4609, 7},{2654, 7},{16197, 7},{15170, 7},{16205, 7},
{1252, 7},{16476, 7},{23037, 7},{22407, 7},{9334, 7},{4546, 9},{22794, 7},{14599, 7},{23346, 7},{8176, 7},
{17467, 7},{23038, 7},{25933, 7},{8198, 7},{25934, 7},{22768, 7},{4967, 0},{4900, 7},{21881, 7},{16475, 7},
{25936, 7},{10820, 7},{23041, 7},{6199, 7},{104, 7},{17648, 7},{4021, 7},{23036, 7},{15140, 7},{8197, 7},
{21877, 7},{12463, 7},{9124, 9},{19173, 17},{8198, 7},{8176, 7},{3674, 7},{16201, 7},{17640, 7},{3673, 7},
{3680, 7},{9128, 9},{19739, 7},{13094, 7},{13100, 7},{6009, 7},{12927, 7},{15167, 7},{16478, 7},{23323, 7},
{15163, 7},{3106, 7},{15992, 7},{9128, 9},{8196, 7},{8201, 7},{11794, 7},{275, 7},{6899, 7},{23032, 7},
{14601, 7},{21873, 7},{6015, 7},{21878, 7},{25930, 7},{11801, 7},{21872, 7},{17473, 7},{13470, 7},{19738, 7},
{4897, 7},{12933, 7},{13097, 7},{16206, 7},{15995, 7},{12534, 7},{13719, 7},{3634, 17},{894, 17},{8662, 17},
{9212, 17},{20751, 17},{22607, 7},{2708, 7},{368, 7},{6974, 7},{19711, 7},{1076, 7},{19516, 0},{10900, 7},
{18415, 7},{12755, 7},{15832, 7},{4869, 7},{4393, 7},{7286, 7},{4863, 7},{18110, 7},{14736, 7},{1449, 9},
{21632, 7},{12896, 7},{14732, 7},{21631, 7},{7759, 7},{9411, 7},{8146, 17},{19386, 17},{14762, 17},{4924, 15},
{5554, 17},{10839, 17},{16877, 7},{1840, 7},{1068, 7},{7285, 7},{21507, 7},{9401, 7},{11199, 7},{2714, 7},
{8673, 7},{2710, 7},{5800, 7},{1446, 9},{20776, 7},{12751, 7},{17958, 7},{20482, 7},{9408, 7},{7284, 7},
{7102, 7},{5799, 7},{4866, 7},{372, 7},{8938, 7},{11196, 7},{879, 0},{21501, 7},{14735, 7},{9183, 15},
{11641, 15},{17512, 15},{22896, 17},{13765, 17},{17203, 7},{8647, 7},{22238, 7},{13270, 7},{14654, 7},{25721, 7},
{19023, 7},{9884, 7},{12580, 7},{24287, 7},{3727, 7},{16056, 7},{19387, 7},{19322, 0},{7792, 7},{16177, 7},
{2226, 7},{24449, 7},{4749, 7},{287, 7},{14763, 7},{14723, 7},{20788, 7},{10823, 7},{11672, 7},{14756, 7},
{11812, 7},{4747, 7},{7092, 9},{8021, 7},{12873, 7},{17478, 7},{23422, 7},{26112, 7},{19695, 7},{5190, 7},
{4905, 7},{4909, 7},{7091, 9},{8172, 7},{14726, 7},{17944, 7},{3726, 7},{14756, 7},{16179, 7},{22501, 0},
{5982, 7},{2225, 7},{12587, 7},{19018, 7},{12874, 7},{11814, 7},{7753, 7},{7801, 7},{17477, 7},{25730, 7},
{23914, 7},{19024, 7},{22244, 7},{19022, 7},{18967, 7},{23645, 17},{24042, 7},{24284, 7},{16171, 7},{1693, 0},
{14725, 7},{8637, 7},{9307, 7},{10436, 7},{12882, 7},{8639, 7},{14650, 7},{14759, 7},{2222, 7},{11263, 7},
{24043, 7},{20786, 7},{6168, 7},{23912, 7},{11672, 7},{10435, 7},{17629, 9},{26111, 7},{15136, 7},{17207, 7},
{8183, 7},{9184, 15},{12960, 3},{18436, 3},{9085, 17},{20201, 17},{1072, 7},{1841, 7},{1075, 7},{4870, 7},
{14002, 7},{7761, 7},{19704, 7},{19937, 9},{7282, 7},{2709, 7},{1969, 7},{12760, 7},{12906, 7},{14205, 7},
{19705, 7},{19712, 7},{20781, 7},{12889, 7},{364, 7},{15831, 7},{10444, 0},{19932, 17},{17194, 17},{7082, 17},
{6087, 17},{20091, 17},{2711, 7},{10899, 7},{1445, 9},{20776, 7},{17948, 7},{19707, 7},{7282, 7},{12756, 7},
{5789, 7},{14004, 7},{15582, 7},{7760, 7},{8667, 7},{22347, 7},{7288, 7},{18105, 7},{14237, 7},{26367, 7},
{23916, 17},{8367, 12},{15544, 3},{24350, 17},{23288, 17},{15865, 17},{16788, 17},{2709, 7},{12890, 7},{372, 7},
{21625, 7},{7050, 7},{10903, 7},{12894, 7},{22609, 7},{7106, 7},{7766, 7},{1445, 9},{15581, 7},{17949, 7},
{18112, 7},{14204, 7},{8941, 7},{2392, 7},{9412, 7},{14008, 7},{12892, 7},{14210, 7},{16882, 7},{1842, 7},
{21507, 7},{2711, 7},{19709, 7},{373, 7},{18817, 7},{22482, 7},{20372, 7},{11605, 7},{13589, 7},{9559, 9},
{6674, 7},{19863, 17},{23285, 17},{18592, 17},{7278, 12},{15188, 3},{16199, 17},{2312, 17},{11527, 17},{26292, 17},
{8637, 17},{4111, 3},{20866, 12},{14356, 3},{8623, 3},{18121, 7},{13793, 7},{11351, 7},{3791, 7},{10, 7},
{7076, 7},{7444, 7},{15764, 7},{8776, 0},{24148, 7},{1420, 7},{7084, 7},{7440, 7},{11348, 7},{13669, 7},
{22026, 7},{17319, 7},{6170, 7},{9600, 7},{5293, 7},{17385, 7},{197, 7},{7449, 7},{764, 7},{18072, 7},
{6173, 7},{22681, 7},{15297, 7},{1300, 9},{18070, 7},{9261, 7},{2604, 7},{2903, 7},{6526, 17},{25697, 17},
{3087, 17},{13063, 17},{17386, 7},{1302, 9},{894, 7},{2388, 7},{25296, 7},{20563, 7},{9258, 7},{14015, 7},
{6871, 7},{5292, 7},{2598, 7},{7563, 7},{20566, 7},{18074, 7},{24204, 7},{20569, 7},{770, 7},{22684, 7},
{17326, 7},{6179, 7},{2897, 7},{22848, 0},{3788, 7},{6870, 7},{20688, 3},{20199, 3},{9262, 7},{24203, 7},
{14786, 7},{15, 7},{3785, 7},{13220, 7},{3520, 7},{22031, 7},{1302, 9},{4934, 7},{20813, 7},{10583, 7},
{11349, 7},{17328, 7},{22684, 7},{20454, 7},{18119, 7},{15774, 7},{24148, 7},{17561, 17},{26000, 17},{22477, 17},
{17847, 17},{6535, 17},{4093, 17},{7769, 17},{14271, 17},{2537, 17},{11065, 17},{7805, 17},{8840, 3},{26355, 12},
{4266, 3},{19526, 12},{9138, 13},{8740, 15},{12093, 15},{19972, 15},{5374, 15},{20983, 15},{14908, 15},{19947, 15},
{10343, 15},{19103, 15},{22090, 15},{4455, 15},{6540, 15},{5384, 15},{10692, 15},{8398, 15},{25514, 15},{23413, 15},
{3086, 17},{8738, 15},{2274, 15},{1723, 15},{14445, 15},{20842, 17},{1852, 17},{8704, 17},{21137, 17},{20762, 17},
{1623, 1},{22481, 1},{13592, 1},{2569, 15},{10503, 15},{10508, 15},{2572, 15},{10512, 15},{2565, 15},{10507, 15},
{15551, 15},{2570, 15},{15548, 15},{10510, 15},{10509, 15},{10505, 15},{10504, 15},{15534, 15},{10511, 15},{5947, 1},
{15556, 15},{2566, 15},{22483, 1},{10506, 15},{13051, 1},{22922, 15},{22919, 15},{18723, 15},{18719, 15},{18717, 15},
{19996, 1},{18726, 15},{22923, 15},{8827, 1},{18721, 15},{18716, 15},{22920, 15},{5725, 1},{1617, 1},{18722, 15},
{22924, 15},{22921, 15},{22927, 15},{18725, 15},{22926, 15},{18724, 15},{18720, 15},{6671, 1},{22925, 15},{15103, 1},
{22754, 15},{22755, 15},{7204, 15},{7707, 1},{17613, 15},{22757, 15},{7198, 15},{8830, 1},{22759, 15},{6666, 1},
{7196, 15},{19263, 1},{7197, 15},{7199, 15},{22760, 15},{7202, 15},{22753, 15},{7201, 15},{7200, 15},{22762, 15},
{22763, 15},{18815, 1},{6667, 1},{17602, 1},{22756, 15},{22758, 15},{8828, 1},{16589, 1},{20474, 15},{20473, 15},
{15210, 1},{21624, 15},{7358, 1},{22873, 1},{20476, 15},{20370, 1},{12436, 15},{21620, 15},{12439, 15},{8832, 1},
{20477, 15},{22475, 1},{15713, 1},{12437, 15},{12443, 15},{20475, 15},{12447, 15},{20472, 15},{12441, 15},{3210, 1},
{12446, 15},{21618, 15},{17988, 15},{5086, 15},{5087, 15},{17987, 15},{23285, 1},{5083, 15},{11602, 1},{5084, 15},
{5081, 15},{5078, 15},{5085, 15},{17990, 15},{17989, 15},{25697, 1},{22111, 1},{17992, 15},{5080, 15},{2117, 1},
{5598, 1},{7354, 1},{5079, 15},{5082, 15},{18556, 1},{8167, 15},{8164, 15},{8165, 15},{13589, 1},{26068, 15},
{26072, 15},{26073, 15},{10783, 1},{8163, 15},{1620, 1},{8161, 15},{8162, 15},{26074, 15},{20367, 1},{8166, 15},
{21356, 15},{26070, 15},{8159, 15},{26071, 15},{26075, 15},{8160, 15},{26076, 15},{8158, 15},{15892, 15},{23022, 15},
{16782, 15},{16127, 15},{23024, 15},{23026, 15},{25703, 1},{16735, 15},{15879, 15},{6665, 1},{23025, 15},{20373, 1},
{663, 1},{3216, 1},{13596, 1},{16097, 15},{16108, 15},{3215, 1},{18820, 1},{16111, 15},{23027, 15},{15884, 15},
{23023, 15},{15880, 15},{7712, 1},{18904, 15},{8973, 15},{8976, 15},{25457, 1},{8977, 15},{18819, 1},{8974, 15},
{18899, 15},{2113, 1},{380, 1},{8971, 15},{18905, 15},{8965, 15},{8972, 15},{8978, 15},{8831, 1},{18902, 15},
{20365, 1},{18903, 15},{8975, 15},{9893, 1},{18900, 15},{15720, 1},{8966, 15},{1577, 17},{18554, 1},{23594, 15},
{21786, 15},{21789, 15},{23598, 15},{23593, 15},{21792, 15},{21788, 15},{21795, 15},{21790, 15},{21791, 15},{23599, 15},
{21794, 15},{13591, 1},{21787, 15},{25185, 15},{13588, 1},{18811, 1},{23600, 15},{1386, 1},{23597, 15},{23596, 15},
{23595, 15},{6138, 17},{16180, 17},{21943, 17},{12946, 17},{13596, 3},{15505, 12},{2745, 3},{7092, 12},{21591, 3},
{6232, 12},{15457, 3},{7555, 17},{14742, 17},{9541, 17},{25818, 17},{21942, 17},{6806, 17},{5760, 17},{5781, 17},
{15838, 17},{5292, 17},{125, 17},{8568, 17},{7568, 17},{3456, 17},{22203, 17},{7278, 3},{7270, 3},{7090, 3},
{12927, 17},{18042, 17},{667, 17},{20379, 8},{12131, 8},{1952, 8},{434, 8},{20824, 8},{18659, 8},{9777, 8},
{7487, 8},{23792, 8},{12295, 8},{5695, 8},{9391, 8},{24277, 8},{16550, 8},{26083, 8},{8274, 17},{17800, 17},
{17288, 3},{26222, 12},{11509, 3},{3173, 3},{5021, 3},{13595, 3},{5963, 17},{25044, 17},{5564, 17},{6837, 17},
{23060, 17},{20113, 7},{13353, 7},{12512, 9},{636, 7},{8615, 7},{9761, 7},{20106, 7},{16865, 7},{17679, 7},
{12512, 9},{11061, 17},{8605, 7},{15481, 7},{12523, 9},{16871, 7},{12522, 9},{13747, 7},{23721, 7},{17679, 7},
{635, 7},{4044, 7},{12513, 9},{3015, 7},{23722, 7},{8610, 7},{17677, 7},{10850, 7},{9755, 7},{1897, 7},
{15476, 7},{16868, 7},{3928, 7},{17677, 7},{7167, 7},{23725, 7},{12513, 9},{16870, 7},{23723, 7},{20112, 7},
{12518, 9},{24503, 7},{13346, 7},{4045, 7},{20111, 7},{1896, 7},{9759, 7},{12521, 9},{12520, 9},{20112, 7},
{4048, 7},{630, 7},{8612, 7},{13354, 7},{13348, 7},{24503, 7},{12523, 9},{17675, 7},{11176, 13},{16988, 3},
{23061, 3},{20398, 13},{23688, 17},{10426, 17},{15452, 17},{6098, 17},{10210, 17},{13716, 17},{22246, 17},{19711, 17},
{4143, 1},{9083, 1},{11264, 15},{24576, 15},{4014, 15},{24579, 15},{24573, 15},{15603, 1},{24567, 15},{3238, 1},
{6203, 15},{24558, 15},{4022, 15},{25910, 1},{24564, 15},{67, 1},{4023, 15},{24562, 15},{918, 1},{8785, 15},
{11497, 15},{8788, 15},{8780, 15},{8781, 15},{17104, 1},{9974, 1},{24613, 1},{11498, 15},{11499, 15},{8782, 15},
{11496, 15},{2741, 1},{8784, 15},{11495, 15},{5638, 1},{11500, 15},{8783, 15},{8787, 15},{8786, 15},{8779, 15},
{3232, 1},{25568, 15},{25573, 15},{24219, 1},{2749, 1},{25575, 15},{10926, 1},{12193, 1},{6549, 15},{2742, 1},
{25569, 15},{25574, 15},{15601, 1},{25570, 15},{25572, 15},{15611, 1},{25578, 15},{6548, 15},{25571, 15},{18995, 1},
{25577, 15},{25528, 15},{25537, 15},{1869, 15},{25538, 15},{25532, 15},{1871, 15},{25535, 15},{25534, 15},{1873, 15},
{2011, 1},{25531, 15},{5636, 1},{25536, 15},{15610, 1},{1870, 15},{25533, 15},{1872, 15},{25529, 15},{12301, 17},
{6880, 15},{420, 15},{410, 15},{16764, 1},{8750, 1},{23760, 15},{21244, 1},{23758, 15},{23759, 15},{23756, 15},
{23757, 15},{5279, 1},{7044, 15},{26296, 1},{7041, 15},{7046, 15},{18312, 1},{7042, 15},{5285, 1},{7039, 15},
{24621, 1},{7045, 15},{12309, 1},{18335, 1},{12268, 1},{7043, 15},{1408, 1},{24623, 1},{18038, 1},{7040, 15},
{25848, 1},{15651, 1},{14372, 1},{18248, 1},{14932, 15},{4682, 1},{14935, 15},{2933, 1},{14942, 15},{14936, 15},
{21248, 1},{14941, 15},{16777, 1},{14939, 15},{14940, 15},{14937, 15},{14938, 15},{21591, 1},{21253, 1},{24237, 1},
{24596, 15},{24594, 15},{5321, 1},{12261, 1},{14050, 1},{24598, 15},{5283, 1},{24595, 15},{4570, 1},{24597, 15},
{1507, 15},{4571, 1},{18250, 1},{978, 1},{22056, 1},{17437, 1},{1631, 1},{24092, 1},{8679, 1},{16772, 1},
{1511, 15},{14032, 1},{20434, 1},{1509, 15},{1504, 15},{1503, 15},{16769, 1},{1510, 15},{21581, 1},{1505, 15},
{1506, 15},{21049, 1},{1502, 15},{1508, 15},{24004, 15},{5281, 1},{13240, 1},{24098, 1},{24010, 15},{14047, 1},
{24009, 15},{24006, 15},{24005, 15},{24007, 15},{16765, 1},{21130, 1},{21254, 1},{24008, 15},{8749, 1},{979, 1},
{12259, 1},{18042, 1},{1413, 1},{9967, 1},{18845, 15},{2410, 1},{5317, 1},{18846, 15},{18844, 15},{10005, 1},
{14046, 1},{18848, 15},{14055, 1},{18847, 15},{18843, 15},{12795, 1},{12262, 1},{17441, 1},{14350, 15},{25037, 1},
{14348, 15},{24240, 1},{15111, 1},{14349, 15},{14353, 15},{14352, 15},{14351, 15},{8671, 17},{21398, 17},{21132, 1},
{20643, 1},{16568, 15},{9969, 1},{18881, 1},{2414, 1},{16567, 15},{18043, 1},{25003, 1},{16569, 15},{16570, 15},
{18037, 1},{16566, 15},{26174, 1},{9621, 1},{4894, 15},{4297, 1},{9964, 1},{4889, 15},{12260, 1},{4893, 15},
{18378, 1},{15783, 1},{4888, 15},{26168, 1},{4886, 15},{4891, 15},{16822, 1},{16766, 1},{19074, 1},{4890, 15},
{4887, 15},{4892, 15},{4885, 15},{25452, 17},{21432, 17},{23941, 17},{5514, 17},{19054, 15},{19389, 17},{2318, 15},
{13588, 17},{3152, 12},{10172, 3},{9032, 3},{14679, 12},{17626, 3},{12520, 3},{20274, 3},{12516, 13},{20714, 17},
{18783, 17},{20343, 17},{4329, 17},{197, 8},{18464, 8},{78, 8},{10323, 8},{3185, 8},{21622, 8},{19133, 8},
{4298, 8},{10255, 8},{2247, 8},{5637, 8},{18109, 8},{10409, 8},{4900, 8},{11809, 8},{1415, 17},{23323, 17},
{7761, 17},{765, 17},{26224, 17},{13218, 17},{23153, 17},{13436, 17},{12303, 17},{1903, 17},{12458, 17},{16179, 17},
{2239, 17},{15581, 17},{25368, 17},{864, 17},{5017, 17},{13320, 17},{25893, 8},{17169, 8},{2779, 8},{769, 8},
{18832, 8},{19271, 8},{3756, 8},{11278, 8},{13237, 8},{6454, 8},{10117, 17},{6455, 8},{17170, 8},{13044, 8},
{15145, 8},{19270, 8},{18831, 8},{770, 8},{3755, 8},{2778, 8},{13238, 8},{25892, 8},{2380, 17},{25306, 17},
{8365, 13},{17194, 3},{7405, 3},{26229, 13},{18233, 17},{24004, 15},{24045, 3},{20216, 3},{13713, 17},{21751, 17},
{4171, 3},{868, 12},{24957, 3},{22524, 3},{10952, 3},{7190, 12},{20718, 12},{22116, 17},{7406, 3},{11364, 17},
{19476, 17},{10811, 17},{12501, 17},{8748, 17},{15391, 17},{2611, 15},{18745, 15},{14349, 15},{12036, 17},{6864, 17},
{5625, 8},{9084, 8},{5760, 8},{17313, 8},{1631, 8},{6011, 17},{4392, 17},{19738, 17},{17258, 17},{7096, 17},
{6635, 17},{3926, 17},{14021, 17},{568, 8},{19026, 8},{17018, 8},{10902, 8},{10012, 8},{21894, 8},{19446, 8},
{18472, 8},{3513, 8},{25753, 8},{22676, 8},{23020, 8},{25041, 8},{1459, 8},{12476, 8},{25208, 17},{10194, 17},
{21392, 17},{14064, 17},{16926, 17},{890, 17},{16578, 17},{18974, 17},{3497, 17},{11590, 17},{8609, 17},{8846, 17},
{22056, 17},{18791, 17},{12967, 17},{22840, 17},{24638, 17},{1173, 17},{9339, 3},{6285, 12},{26350, 13},{19356, 17},
{7440, 17},{13568, 17},{1490, 17},{4851, 17},{15836, 17},{21508, 17},{2896, 7},{2606, 7},{15765, 7},{18078, 7},
{10583, 7},{23477, 7},{6173, 7},{201, 7},{23471, 7},{7570, 7},{6867, 7},{1111, 7},{7568, 7},{14018, 7},
{4934, 7},{7825, 7},{1300, 9},{22680, 7},{1419, 7},{2385, 7},{17326, 7},{17324, 7},{7085, 7},{22023, 7},
{10584, 7},{17383, 7},{23476, 7},{11342, 7},{22678, 7},{12965, 7},{22027, 7},{7566, 7},{1299, 9},{14785, 7},
{2383, 7},{202, 7},{3221, 7},{14024, 7},{18122, 7},{13795, 7},{2384, 7},{20568, 7},{2899, 7},{770, 7},
{18079, 7},{20451, 7},{14, 7},{20701, 7},{15381, 7},{13794, 7},{6178, 7},{7079, 7},{13799, 7},{22685, 7},
{15300, 7},{4528, 7},{199, 7},{16042, 0},{7571, 7},{6, 7},{14787, 7},{13, 7},{2603, 7},{17321, 7},
{2902, 7},{887, 7},{2897, 7},{3521, 7},{1112, 7},{22685, 7},{20451, 7},{2386, 7},{3529, 7},{20454, 7},
{7828, 7},{6178, 7},{9257, 7},{22445, 7},{1299, 9},{2598, 7},{23472, 7},{2066, 0},{888, 7},{14016, 7},
{23476, 7},{1425, 7},{3527, 7},{22536, 7},{11345, 7},{13281, 15},{13000, 15},{16973, 15},{518, 15},{21, 15},
{1997, 15},{277, 15},{10591, 15},{5264, 15},{20004, 15},{5361, 15},{13083, 15},{5946, 15},{24482, 15},{23776, 15},
{15883, 15},{518, 15},{9178, 15},{18407, 15},{16450, 15},{18896, 15},{7848, 15},{5272, 15},{19158, 15},{22, 15},
{17378, 15},{16102, 15},{17376, 15},{19826, 15},{26256, 15},{16091, 15},{16090, 15},{23777, 15},{246, 17},{1040, 17},
{14670, 17},{8195, 17},{7726, 17},{16073, 17},{3216, 17},{19168, 17},{2895, 17},{15665, 15},{7953, 15},{21677, 15},
{9993, 15},{23140, 15},{24420, 15},{2319, 15},{9230, 15},{23143, 15},{11474, 15},{12979, 15},{8536, 15},{11479, 15},
{23524, 15},{1986, 15},{22809, 17},{1908, 15},{6057, 15},{12942, 15},{12602, 15},{21416, 15},{6075, 15},{25355, 15},
{6404, 15},{15657, 17},{5711, 15},{24437, 15},{11693, 15},{1918, 15},{12529, 15},{20298, 15},{11686, 15},{5197, 15},
{26161, 15},{2965, 15},{14570, 15},{8309, 15},{6058, 15},{25352, 15},{6451, 17},{3084, 17},{977, 17},{26229, 12},
{9560, 17},{14913, 17},{3161, 17},{4124, 13},{6279, 13},{7870, 3},{11394, 17},{15997, 17},{11868, 17},{24148, 17},
{1074, 17},{3261, 17},{20198, 17},{8470, 17},{10902, 17},{8145, 12},{7274, 12},{14484, 17},{21488, 17},{6145, 17},
{10501, 17},{13535, 17},{19357, 8},{20864, 8},{9415, 8},{22909, 8},{9416, 8},{20863, 8},{19358, 8},{22910, 8},
{7981, 8},{9417, 8},{21660, 8},{19355, 8},{22911, 8},{20866, 8},{9033, 8},{9469, 8},{7977, 8},{11082, 8},
{24173, 8},{9032, 8},{20865, 8},{4546, 8},{9418, 8},{7976, 8},{19356, 8},{22912, 8},{13988, 17},{1299, 9},
{20317, 7},{8776, 7},{12738, 7},{20310, 7},{24810, 17},{634, 7},{1299, 9},{13541, 7},{12733, 7},{26277, 17},
{17212, 17},{22100, 17},{9541, 7},{22503, 7},{19332, 7},{11058, 7},{22501, 7},{16385, 7},{5570, 7},{19322, 7},
{15542, 9},{4266, 7},{16701, 7},{9541, 7},{21991, 7},{15542, 9},{16385, 7},{12536, 7},{15546, 9},{16386, 7},
{4275, 7},{19328, 7},{15547, 9},{1695, 7},{16707, 7},{24672, 7},{5566, 7},{11058, 7},{5566, 7},{16383, 7},
{15544, 9},{1691, 7},{16709, 7},{4267, 7},{15544, 9},{23552, 7},{11060, 7},{22509, 7},{24678, 7},{23558, 7},
{22507, 7},{16388, 7},{22502, 7},{15545, 9},{12538, 7},{5561, 7},{17629, 9},{22500, 7},{24675, 7},{1693, 7},
{4271, 7},{9907, 7},{12542, 7},{15428, 17},{12490, 17},{10960, 17},{11909, 17},{1386, 17},{19221, 17},{12173, 17},
{2399, 17},{12332, 17},{7811, 17},{12672, 17},{12630, 17},{4898, 17},{4639, 17},{992, 3},{717, 3},{11313, 3},
{7112, 3},{20869, 17},{25008, 17},{7449, 17},{22742, 17},{5631, 17},{10845, 17},{23137, 17},{5792, 17},{7288, 17},
{8582, 17},{1453, 17},{14434, 15},{7888, 15},{11258, 15},{9386, 15},{19522, 15},{25011, 15},{13682, 15},{5476, 15},
{22710, 15},{4901, 17},{2842, 15},{13852, 15},{23009, 15},{23008, 15},{12045, 15},{5483, 15},{9379, 15},{11928, 15},
{5483, 15},{9382, 15},{5483, 15},{7982, 15},{11256, 15},{10647, 15},{5407, 15},{5498, 15},{11254, 15},{3037, 15},
{19522, 15},{9648, 15},{2843, 15},{20267, 15},{13853, 15},{7887, 15},{5904, 7},{18921, 7},{7268, 9},{4779, 7},
{16524, 7},{10160, 7},{986, 0},{15577, 7},{16522, 7},{17166, 7},{315, 7},{21829, 7},{1038, 7},{17690, 7},
{26376, 7},{4326, 7},{19473, 7},{17900, 7},{24874, 7},{21837, 7},{9375, 7},{4776, 7},{7529, 7},{506, 7},
{10424, 7},{15587, 7},{2711, 17},{1943, 17},{899, 17},{25666, 7},{2673, 7},{11127, 7},{18914, 7},{17163, 7},
{19475, 7},{7269, 9},{14345, 0},{3612, 7},{24877, 7},{10153, 7},{16939, 7},{13413, 7},{23306, 7},{18915, 7},
{4324, 7},{6990, 7},{22433, 7},{1037, 7},{16826, 17},{20406, 12},{21215, 3},{6388, 3},{6400, 15},{1511, 15},
{15260, 15},{22530, 15},{7043, 15},{2686, 15},{21243, 15},{22977, 15},{11487, 15},{13402, 15},{18748, 15},{3220, 15},
{9860, 15},{6197, 15},{1506, 15},{22210, 15},{22165, 15},{23303, 7},{24878, 7},{11126, 7},{20185, 7},{2239, 7},
{17159, 7},{8669, 7},{2679, 7},{2249, 7},{21982, 7},{9356, 7},{8224, 7},{7271, 9},{26366, 7},{17684, 7},
{4326, 7},{17310, 7},{12111, 7},{17899, 7},{3619, 7},{24873, 7},{8766, 15},{2689, 15},{11490, 15},{23241, 15},
{7040, 15},{22538, 15},{29, 15},{4086, 15},{34, 15},{6202, 15},{813, 15},{10160, 17},{18791, 12},{7186, 3},
{20716, 3},{9126, 17},{1431, 12},{25306, 3},{15623, 15},{15562, 15},{11147, 15},{11499, 15},{16123, 15},{12135, 15},
{18705, 15},{11153, 15},{8371, 15},{14039, 15},{25528, 15},{1869, 15},{4823, 15},{15531, 15},{23807, 15},{11006, 15},
{5886, 15},{23809, 15},{6520, 15},{755, 17},{20888, 17},{7765, 17},{13972, 17},{2884, 17},{897, 17},{668, 17},
{10496, 17},{9346, 17},{25718, 17},{3799, 8},{11681, 17},{18537, 17},{14666, 17},{17568, 17},{1940, 17},{22438, 17},
{2631, 17},{2113, 17},{7905, 17},{7820, 17},{11674, 17},{26351, 12},{9457, 3},{9557, 12},{3644, 3},{8572, 3},
{23552, 3},{17630, 3},{13571, 17},{10789, 17},{25918, 17},{23819, 17},{26066, 15},{26065, 15},{26064, 15},{26067, 15},
{20273, 17},{21094, 17},{9698, 17},{3516, 17},{7407, 17},{24670, 17},{6470, 17},{22413, 17},{17194, 8},{3644, 8},
{20366, 8},{11674, 8},{23771, 8},{15611, 8},{18578, 8},{24677, 8},{1894, 8},{26034, 8},{25787, 8},{9585, 8},
{21216, 8},{21253, 8},{8601, 8},{3645, 8},{24678, 8},{23770, 8},{21254, 8},{15610, 8},{19289, 8},{20365, 8},
{16034, 8},{26033, 8},{25788, 8},{21215, 8},{11673, 8},{18579, 8},{1893, 8},{8602, 8},{21107, 17},{1399, 8},
{1899, 8},{3637, 8},{20368, 8},{18586, 8},{26031, 8},{16041, 8},{19282, 8},{15606, 8},{25779, 8},{21248, 8},
{24673, 8},{21223, 8},{23765, 8},{11682, 8},{20367, 8},{15605, 8},{11681, 8},{1400, 8},{1898, 8},{21705, 8},
{24674, 8},{26030, 8},{23764, 8},{16042, 8},{3638, 8},{21222, 8},{19281, 8},{18587, 8},{22524, 8},{19284, 8},
{20370, 8},{21250, 8},{25781, 8},{15604, 8},{24675, 8},{23763, 8},{16039, 8},{1897, 8},{3635, 8},{11680, 8},
{21225, 8},{24013, 8},{18584, 8},{8624, 8},{23762, 8},{21224, 8},{24676, 8},{18585, 8},{1896, 8},{11679, 8},
{16040, 8},{26028, 8},{20369, 8},{3636, 8},{19283, 8},{21251, 8},{25782, 8},{8627, 8},{15603, 8},{11678, 8},
{24669, 8},{17232, 8},{25783, 8},{1395, 8},{26027, 8},{23769, 8},{1903, 8},{20372, 8},{21219, 8},{18582, 8},
{15602, 8},{21244, 8},{19286, 8},{3641, 8},{15601, 8},{1902, 8},{11677, 8},{19285, 8},{20371, 8},{23768, 8},
{1396, 8},{24670, 8},{25784, 8},{16046, 8},{26026, 8},{21218, 8},{18583, 8},{21245, 8},{3642, 8},{23767, 8},
{3639, 8},{24671, 8},{8604, 8},{25785, 8},{20374, 8},{16043, 8},{21246, 8},{1901, 8},{26025, 8},{15600, 8},
{11676, 8},{18580, 8},{19288, 8},{21221, 8},{4119, 17},{4724, 17},{13991, 17},{14930, 17},{10176, 17},{5597, 17},
{11378, 15},{8419, 15},{11136, 15},{17268, 15},{9625, 15},{21471, 15},{9499, 15},{9501, 15},{2803, 15},{5416, 15},
{2527, 15},{25561, 15},{2126, 15},{14611, 15},{11137, 15},{24681, 15},{14608, 15},{3432, 15},{17219, 15},{11376, 15},
{6560, 15},{1801, 15},{25434, 15},{25558, 15},{8413, 15},{14613, 15},{5754, 15},{17269, 15},{11640, 15},{22620, 15},
{13997, 15},{15000, 15},{11639, 15},{14643, 15},{25017, 15},{12377, 15},{22932, 15},{8313, 15},{9179, 15},{1781, 15},
{17508, 15},{13867, 15},{10241, 15},{21967, 15},{15001, 15},{20221, 15},{9183, 15},{5856, 15},{19076, 15},{13110, 15},
{22929, 15},{16607, 15},{10379, 15},{24059, 15},{484, 15},{11640, 15},{18618, 17},{10218, 3},{10438, 3},{7555, 3},
{1114, 8},{2151, 8},{25554, 8},{11849, 8},{11396, 8},{12249, 8},{22057, 8},{17935, 8},{20756, 8},{8672, 8},
{10790, 8},{21535, 8},{12680, 8},{21873, 8},{1079, 8},{15967, 17},{311, 8},{23128, 8},{25371, 8},{994, 8},
{20762, 8},{7811, 8},{5799, 8},{3719, 8},{8182, 8},{11610, 8},{18727, 8},{22023, 8},{22514, 8},{18343, 8},
{23129, 8},{18728, 8},{11609, 8},{25370, 8},{22513, 8},{7810, 8},{18344, 8},{5800, 8},{8873, 8},{20761, 8},
{23425, 8},{22024, 8},{3718, 8},{312, 8},{13488, 17},{4289, 17},{1689, 17},{3238, 3},{7188, 3},{13589, 3},
{19289, 3},{18431, 3},{5095, 3},{22911, 12},{16822, 3},{10662, 17},{6539, 17},{14340, 17},{14360, 17},{17262, 17},
{25719, 17},{26287, 17},{3082, 17},{11319, 17},{24906, 17},{3469, 17},{25458, 17},{21266, 17},{23762, 3},{25118, 3},
{7827, 17},{16475, 17},{10734, 15},{12766, 15},{2189, 15},{9950, 15},{12789, 17},{16580, 17},{8527, 17},{3804, 17},
{5095, 12},{21110, 3},{4116, 3},{3391, 17},{9920, 17},{3783, 17},{17835, 17},{23387, 15},{14649, 15},{21472, 15},
{23349, 15},{11691, 15},{1426, 13},{7101, 3},{19965, 3},{11320, 3},{7275, 13},{20087, 3},{3197, 15},{11693, 15},
{9691, 15},{15041, 15},{15409, 17},{21586, 17},{3496, 17},{14815, 17},{10222, 17},{13051, 17},{16956, 17},{7318, 17},
{5286, 17},{17079, 17},{16562, 15},{21411, 15},{13126, 15},{4804, 15},{7873, 3},{3426, 3},{4633, 17},{4325, 17},
{13445, 17},{4116, 17},{25990, 17},{16552, 17},{6130, 17},{20882, 17},{24903, 17},{10784, 17},{25953, 3},{1939, 3},
{9345, 13},{8259, 3},{1572, 3},{15510, 3},{4613, 17},{3408, 12},{14680, 13},{12538, 3},{24881, 17},{6990, 17},
{17439, 17},{22978, 15},{22538, 15},{9471, 15},{11105, 15},{22209, 15},{10381, 15},{18745, 15},{35, 15},{23364, 15},
{22727, 15},{7518, 15},{11106, 15},{26217, 15},{18843, 15},{22977, 15},{14280, 15},{3284, 15},{23647, 17},{2689, 15},
{9473, 15},{7043, 15},{2611, 15},{6204, 15},{26216, 15},{19530, 17},{18811, 17},{14070, 17},{1073, 17},{24506, 17},
{15231, 17},{24314, 17},{11198, 17},{11084, 13},{11060, 3},{22258, 3},{10922, 3},{3929, 12},{5282, 7},{16766, 7},
{5286, 7},{9415, 9},{1408, 7},{9415, 9},{12268, 7},{18246, 7},{5278, 7},{21587, 7},{21250, 7},{14046, 7},
{5551, 15},{6963, 15},{17269, 15},{23844, 15},{11374, 15},{3435, 15},{5920, 15},{2126, 15},{16763, 15},{25687, 15},
{12099, 15},{9625, 15},{9417, 9},{12260, 7},{9964, 7},{9961, 7},{23844, 15},{1480, 15},{1046, 15},{9633, 15},
{741, 15},{5420, 15},{16770, 15},{14609, 15},{17267, 15},{9630, 15},{8750, 17},{1573, 17},{22030, 17},{6287, 3},
{25239, 13},{12334, 17},{18359, 17},{11852, 17},{20694, 17},{11853, 17},{14039, 15},{15710, 15},{25575, 15},{6519, 15},
{24576, 15},{13786, 15},{15528, 15},{11391, 15},{8786, 15},{25536, 15},{24902, 17},{6321, 15},{13780, 15},{10999, 15},
{15636, 15},{21903, 15},{25534, 15},{5644, 15},{5642, 15},{4368, 15},{15919, 15},{15710, 15},{9143, 15},{10265, 15},
{14895, 15},{19771, 15},{16276, 15},{13784, 15},{9423, 15},{6513, 15},{13600, 15},{11002, 15},{2563, 15},{8176, 17},
{17881, 17},{9961, 17},{7904, 17},{10795, 17},{11911, 12},{9458, 12},{11676, 3},{18812, 3},{14734, 17},{14382, 17},
{5372, 15},{11862, 15},{5174, 15},{11855, 15},{11865, 15},{11856, 15},{11859, 15},{5171, 15},{5177, 15},{11857, 15},
{11861, 15},{5368, 15},{11860, 15},{11858, 15},{5172, 15},{11604, 1},{20372, 1},{17942, 15},{10488, 15},{23306, 17},
{9620, 17},{20402, 17},{13430, 17},{9338, 17},{1807, 15},{12105, 15},{20673, 15},{10218, 17},{21755, 17},{5564, 3},
{7379, 3},{22839, 3},{21244, 17},{11086, 17},{19281, 3},{20712, 3},{26351, 13},{18817, 3},{15977, 17},{14736, 17},
{26051, 17},{23769, 17},{13787, 17},{8442, 17},{10687, 17},{18452, 17},{26437, 17},{20719, 17},{9372, 17},{16081, 17},
{23510, 8},{19130, 17},{22727, 15},{14287, 15},{3285, 15},{6400, 15},{23357, 15},{6024, 17},{23509, 8},{2278, 15},
{7441, 17},{4092, 17},{22942, 17},{12907, 17},{18909, 17},{21692, 15},{8766, 15},{2279, 15},{23507, 8},{19283, 3},
{2060, 3},{25232, 12},{12264, 3},{11610, 17},{11226, 17},{18039, 3},{9762, 3},{22805, 12},{7244, 3},{4098, 3},
{7051, 17},{16877, 17},{4199, 17},{9456, 13},{25785, 3},{24670, 3},{4471, 3},{1694, 17},{7300, 17},{18307, 17},
{17386, 17},{17602, 17},{16744, 17},{16881, 17},{3235, 17},{14923, 17},{396, 17},{3929, 17},{25322, 17},{24834, 17},
{26197, 7},{167, 7},{3719, 7},{8470, 7},{23941, 7},{7902, 7},{24986, 7},{24461, 7},{19061, 7},{14830, 7},
{25922, 9},{9004, 7},{13567, 7},{20536, 7},{25224, 7},{18457, 0},{7351, 7},{23010, 7},{23013, 7},{1173, 7},
{8465, 7},{24470, 7},{5164, 17},{274, 17},{11580, 17},{2627, 13},{10709, 3},{26351, 3},{14047, 3},{20878, 12},
{10173, 3},{4970, 3},{25934, 17},{23763, 3},{8872, 3},{8361, 3},{18799, 17},{7403, 17},{22871, 17},{18971, 17},
{16007, 17},{8263, 17},{22517, 17},{3584, 17},{10844, 17},{19263, 17},{6986, 17},{25125, 17},{4971, 17},{12751, 17},
{7768, 17},{13796, 17},{12997, 15},{12998, 15},{2466, 12},{2010, 3},{24870, 3},{23061, 17},{22099, 17},{6124, 15},
{19897, 15},{26253, 15},{21, 15},{24172, 17},{11881, 15},{16092, 15},{524, 15},{6933, 3},{1197, 3},{22389, 12},
{25494, 17},{11605, 17},{3395, 17},{17437, 17},{16047, 17},{10439, 17},{3018, 17},{11664, 17},{25884, 17},{994, 17},
{6771, 17},{5614, 17},{3989, 17},{4544, 17},{25951, 17},{3984, 17},{14050, 17},{13772, 17},{21265, 17},{13540, 17},
{404, 17},{6888, 17},{25715, 17},{149, 17},{79, 17},{21665, 17},{26301, 17},{5464, 17},{1012, 17},{9523, 17},
{10311, 17},{9981, 17},{24398, 17},{20765, 17},{3933, 17},{18461, 17},{20910, 17},{24957, 17},{5466, 17},{2067, 17},
{25301, 3},{4546, 13},{23774, 3},{906, 3},{3153, 12},{12329, 13},{8607, 3},{19842, 17},{19395, 17},{23949, 17},
{10207, 15},{17247, 17},{16938, 17},{22155, 17},{4406, 17},{26208, 15},{15583, 17},{24046, 8},{2536, 8},{3108, 8},
{16203, 8},{505, 8},{16818, 8},{21997, 8},{10373, 8},{17435, 8},{18598, 8},{19964, 8},{19950, 8},{20810, 8},
{20780, 8},{5262, 8},{25497, 17},{20781, 8},{16817, 8},{16204, 8},{3254, 8},{19962, 8},{3588, 8},{24047, 8},
{20811, 8},{506, 8},{2535, 8},{5261, 8},{5734, 8},{19014, 8},{10374, 8},{17436, 8},{4128, 17},{18378, 17},
{3590, 8},{17438, 8},{20809, 8},{15349, 8},{10372, 8},{20779, 8},{24049, 8},{5259, 8},{504, 8},{19958, 8},
{3256, 8},{16819, 8},{16206, 8},{3105, 8},{18595, 8},{6004, 17},{9134, 3},{19358, 3},{3226, 17},{5092, 17},
{6304, 17},{23822, 17},{6674, 17},{8870, 17},{5538, 17},{15124, 17},{8363, 17},{16046, 3},{11058, 3},{17809, 3},
{9458, 3},{7981, 13},{8367, 13},{3408, 3},{14070, 3},{1197, 13},{4276, 3},{5356, 17},{10010, 17},{11815, 17},
{6822, 17},{16818, 17},{901, 12},{26224, 3},{8865, 17},{19379, 17},{8639, 17},{24001, 17},{10793, 17},{8151, 17},
{879, 17},{973, 17},{10618, 17},{16809, 17},{1829, 17},{2157, 17},{2376, 17},{7947, 17},{13268, 17},{7382, 3},
{19077, 3},{11084, 12},{15842, 3},{5578, 17},{281, 17},{10677, 17},{12455, 3},{13433, 12},{12737, 3},{9967, 3},
{864, 13},{7597, 17},{10661, 17},{24816, 8},{13469, 8},{22539, 8},{17527, 8},{22246, 8},{7256, 8},{4716, 8},
{9614, 8},{11123, 8},{10670, 8},{4005, 8},{10548, 8},{22540, 8},{24815, 8},{13470, 8},{22247, 8},{11749, 8},
{4004, 8},{11124, 8},{10839, 8},{7255, 8},{9615, 8},{4715, 8},{10671, 8},{10436, 17},{18466, 17},{1939, 17},
{2245, 17},{8172, 17},{12309, 17},{8173, 17},{8796, 17},{4216, 17},{6633, 17},{22878, 17},{4393, 17},{12304, 17},
{315, 17},{7348, 17},{2601, 7},{18118, 7},{2902, 7},{13669, 7},{2388, 7},{6170, 7},{10, 7},{6171, 7},
{17387, 7},{22029, 7},{20805, 7},{892, 7},{1301, 9},{25296, 7},{4528, 7},{17389, 7},{20571, 7},{13660, 7},
{24147, 7},{13801, 7},{22332, 17},{20845, 17},{17214, 17},{10960, 3},{9454, 12},{25784, 3},{4968, 3},{8702, 3},
{9309, 17},{13661, 7},{18124, 7},{20814, 7},{23470, 7},{6785, 7},{3789, 7},{6862, 7},{24146, 7},{18073, 7},
{13666, 7},{20453, 7},{4534, 7},{22026, 7},{3522, 7},{20571, 7},{767, 7},{13667, 7},{24154, 7},{11346, 7},
{15301, 7},{7571, 7},{13539, 0},{9258, 7},{23472, 7},{24150, 7},{4526, 7},{1116, 7},{23475, 7},{10579, 7},
{23473, 7},{24638, 7},{1301, 9},{22540, 7},{3788, 7},{7082, 7},{24206, 7},{15767, 7},{13668, 7},{9600, 7},
{22678, 7},{10582, 17},{22677, 17},{16384, 17},{12348, 17},{6890, 17},{3475, 17},{5626, 17},{12451, 17},{24463, 17},
{1403, 17},{74, 17},{881, 17},{6833, 17},{6008, 17},{1427, 13},{18531, 3},{17018, 17},{18462, 17},{2882, 17},
{8706, 17},{15236, 17},{11450, 17},{20873, 17},{22748, 17},{10410, 17},{21716, 3},{7271, 3},{915, 3},{19987, 17},
{9893, 17},{4015, 17},{12742, 17},{17281, 17},{895, 17},{22021, 17},{5523, 17},{3489, 17},{17963, 17},{18578, 17},
{21317, 17},{8604, 17},{6533, 17},{25418, 17},{19304, 17},{15717, 17},{14306, 17},{11808, 17},{15077, 17},{25937, 17},
{9068, 17},{22893, 17},{24404, 17},{25387, 17},{3996, 17},{2964, 15},{18518, 15},{26240, 15},{23377, 15},{1277, 15},
{7767, 15},{20295, 15},{15305, 15},{18987, 15},{25352, 15},{3899, 15},{1907, 15},{1788, 15},{23836, 15},{26002, 17},
{21481, 15},{14576, 15},{6419, 15},{21418, 15},{26246, 15},{23837, 15},{12538, 17},{20087, 8},{4361, 8},{13537, 8},
{7408, 8},{605, 8},{5282, 8},{3011, 8},{21609, 8},{14811, 8},{23555, 8},{22477, 8},{25281, 8},{16991, 8},
{17741, 8},{722, 8},{23091, 17},{21607, 8},{153, 8},{20089, 8},{22479, 8},{13535, 8},{14813, 8},{23557, 8},
{720, 8},{5284, 8},{3009, 8},{16993, 8},{603, 8},{7406, 8},{17739, 8},{25279, 8},{22478, 8},{25278, 8},
{5285, 8},{21606, 8},{602, 8},{721, 8},{16992, 8},{13536, 8},{23558, 8},{3008, 8},{4360, 8},{920, 8},
{14814, 8},{14866, 8},{7407, 8},{21607, 3},{17830, 3},{7681, 3},{3014, 8},{21612, 8},{20082, 8},{13542, 8},
{600, 8},{23552, 8},{7405, 8},{16994, 8},{5279, 8},{22480, 8},{14816, 8},{915, 8},{4366, 8},{25276, 8},
{719, 8},{16997, 8},{14858, 8},{5280, 8},{7402, 8},{23553, 8},{14817, 8},{13539, 8},{22483, 8},{909, 8},
{18321, 8},{599, 8},{9049, 8},{25275, 8},{21611, 8},{716, 8},{11458, 17},{23546, 8},{3019, 8},{13544, 8},
{17733, 8},{7410, 8},{4357, 8},{21605, 8},{20091, 8},{22475, 8},{5286, 8},{14819, 8},{16989, 8},{608, 8},
{724, 8},{25272, 8},{5287, 8},{21604, 8},{19842, 8},{23547, 8},{3018, 8},{16988, 8},{725, 8},{14820, 8},
{607, 8},{20090, 8},{7411, 8},{17732, 8},{22474, 8},{4358, 8},{13545, 8},{21663, 8},{11216, 8},{25023, 8},
{2227, 8},{14782, 8},{22320, 8},{12747, 8},{25460, 8},{8193, 8},{15072, 8},{14803, 8},{24391, 8},{7037, 8},
{11395, 8},{14742, 8},{1943, 8},{14798, 8},{7034, 8},{15079, 8},{24398, 8},{8199, 8},{21672, 8},{26197, 8},
{2218, 8},{11402, 8},{14734, 8},{12744, 8},{25455, 8},{14786, 8},{7947, 8},{11403, 8},{18239, 8},{13358, 8},
{23530, 8},{7033, 8},{21671, 8},{26196, 8},{15080, 8},{14787, 8},{25454, 8},{22317, 8},{14797, 8},{12743, 8},
{2219, 8},{14735, 8},{26195, 8},{11223, 8},{24400, 8},{21670, 8},{7032, 8},{8201, 8},{14796, 8},{11404, 8},
{15077, 8},{14784, 8},{25457, 8},{12746, 8},{2220, 8},{14732, 8},{22314, 8},{13574, 17},{15647, 8},{20703, 8},
{14464, 8},{25080, 8},{12740, 8},{21668, 8},{14738, 8},{22312, 8},{8195, 8},{14689, 8},{14802, 8},{14790, 8},
{7030, 8},{15075, 8},{2222, 8},{22313, 8},{8196, 8},{2223, 8},{18182, 8},{26200, 8},{21667, 8},{11407, 8},
{20699, 8},{7029, 8},{14739, 8},{15076, 8},{14791, 8},{14801, 8},{24401, 8},{12739, 8},{21666, 8},{24404, 8},
{11408, 8},{11219, 8},{22310, 8},{12742, 8},{8197, 8},{7028, 8},{15073, 8},{14800, 8},{14788, 8},{2224, 8},
{25453, 8},{26199, 8},{14736, 8},{14318, 8},{26198, 8},{14799, 8},{21665, 8},{15074, 8},{14737, 8},{12741, 8},
{24403, 8},{14789, 8},{2225, 8},{18168, 8},{7027, 8},{11409, 8},{22311, 8},{8198, 8},{20720, 17},{19320, 17},
{10253, 17},{896, 17},{23286, 17},{14668, 17},{6082, 7},{7478, 7},{2100, 7},{13025, 7},{13024, 7},{19795, 7},
{15977, 7},{8077, 7},{14949, 7},{17097, 7},{19221, 7},{18154, 7},{5659, 7},{1495, 7},{13452, 7},{3156, 9},
{24910, 7},{21083, 0},{15657, 7},{6798, 7},{24902, 7},{3157, 9},{19196, 7},{11396, 7},{6078, 7},{6538, 7},
{22774, 7},{19221, 7},{11401, 7},{24907, 7},{5652, 7},{1499, 7},{2434, 7},{18150, 7},{6537, 7},{18148, 7},
{2103, 7},{13445, 7},{14427, 7},{5652, 7},{13448, 7},{13022, 7},{16651, 7},{6535, 7},{14308, 9},{3506, 7},
{7476, 7},{1497, 7},{19798, 7},{10323, 7},{13026, 7},{6805, 7},{11399, 7},{14425, 7},{2104, 7},{26026, 0},
{10318, 7},{13444, 7},{6538, 7},{6807, 7},{13030, 7},{6313, 9},{14951, 7},{25394, 7},{2103, 7},{14423, 7},
{19797, 7},{5655, 7},{17096, 7},{22774, 7},{25390, 7},{21748, 7},{6081, 7},{3505, 7},{9118, 7},{6802, 7},
{19798, 7},{1490, 7},{9121, 7},{9109, 7},{6806, 7},{19220, 7},{9115, 7},{6084, 7},{22773, 7},{24909, 7},
{3112, 7},{25281, 0},{3111, 7},{3108, 7},{14311, 9},{10323, 7},{25389, 7},{21668, 7},{10319, 7},{25235, 3},
{22506, 3},{9457, 12},{19139, 12},{10319, 7},{5652, 7},{10323, 7},{4176, 0},{10324, 7},{5654, 7},{13029, 7},
{2434, 7},{14304, 9},{11398, 7},{6079, 7},{18151, 7},{22774, 7},{4169, 0},{4617, 7},{13445, 7},{2100, 7},
{14425, 7},{15973, 7},{14426, 7},{4608, 7},{25393, 7},{6296, 9},{17092, 7},{17095, 7},{24905, 7},{21748, 7},
{18148, 7},{17090, 7},{13029, 7},{14946, 7},{14306, 9},{17096, 7},{17093, 7},{10177, 0},{15971, 7},{15977, 7},
{6532, 7},{14954, 7},{22773, 7},{3506, 7},{9109, 7},{25388, 7},{785, 7},{6534, 7},{2099, 7},{13451, 7},
{13464, 7},{4610, 7},{2441, 7},{21670, 7},{25944, 9},{14946, 7},{1500, 7},{13446, 7},{5818, 17},{8570, 17},
{1680, 15},{10616, 1},{21239, 15},{21234, 15},{21235, 15},{21251, 1},{1679, 15},{18041, 1},{21688, 15},{21238, 15},
{21243, 15},{21692, 15},{1682, 15},{21240, 15},{21242, 15},{1681, 15},{1678, 15},{21584, 1},{21241, 15},{15259, 15},
{15260, 15},{21350, 15},{9962, 1},{21246, 1},{15262, 15},{14052, 1},{21347, 15},{21341, 15},{21343, 15},{21349, 15},
{15261, 15},{21342, 15},{21346, 15},{15258, 15},{21344, 15},{21345, 15},{15257, 15},{21340, 15},{2014, 17},{7389, 17},
{23362, 15},{5280, 1},{23363, 15},{7992, 15},{23357, 15},{23364, 15},{23358, 15},{25584, 1},{23365, 15},{18245, 1},
{19125, 1},{23359, 15},{23360, 15},{23356, 15},{10055, 1},{21588, 1},{1256, 15},{37, 15},{21705, 1},{39, 15},
{32, 15},{36, 15},{18246, 1},{38, 15},{34, 15},{15113, 1},{18040, 1},{29, 15},{1255, 15},{35, 15},
{33, 15},{28, 15},{7431, 1},{7094, 12},{25944, 13},{814, 15},{19080, 1},{819, 15},{823, 15},{822, 15},
{2408, 1},{820, 15},{813, 15},{20551, 15},{816, 15},{817, 15},{818, 15},{821, 15},{8676, 1},{12371, 1},
{21001, 1},{2284, 15},{2286, 15},{18334, 1},{2278, 15},{2285, 15},{25071, 15},{2283, 15},{17411, 15},{17408, 15},
{17407, 15},{13943, 15},{16771, 1},{2282, 15},{9963, 1},{2281, 15},{17406, 15},{17412, 15},{17409, 15},{2279, 15},
{14048, 1},{11357, 15},{10390, 15},{12264, 1},{10383, 15},{10387, 15},{15759, 15},{10381, 15},{21245, 1},{11358, 15},
{4686, 1},{10389, 15},{15466, 15},{10382, 15},{10385, 15},{10388, 15},{10386, 15},{10384, 15},{15461, 15},{25964, 15},
{10011, 1},{22161, 15},{22166, 15},{22164, 15},{7781, 15},{22162, 15},{7772, 15},{7776, 15},{15124, 1},{25855, 1},
{14568, 15},{7770, 15},{14578, 15},{22167, 15},{24231, 15},{14572, 15},{14579, 15},{22165, 15},{14566, 15},{4094, 15},
{25034, 15},{8767, 15},{24863, 15},{24865, 15},{8762, 15},{25008, 1},{4085, 15},{8766, 15},{5818, 1},{1405, 1},
{12269, 1},{10614, 1},{4090, 15},{7427, 1},{8765, 15},{8764, 15},{20422, 1},{11303, 1},{18340, 1},{4086, 15},
{9965, 1},{4087, 15},{4088, 15},{5816, 1},{10058, 1},{4089, 15},{3239, 7},{3409, 9},{17102, 7},{3410, 9},
{1574, 7},{2010, 7},{3235, 7},{10924, 7},{14687, 9},{21262, 7},{2750, 7},{21261, 7},{16483, 7},{15606, 7},
{17740, 7},{2011, 7},{15611, 7},{14060, 7},{14687, 9},{22372, 7},{2743, 7},{1572, 7},{2004, 7},{17739, 7},
{4142, 7},{21648, 7},{1570, 7},{2007, 7},{14688, 9},{1575, 7},{10926, 7},{9783, 7},{14688, 9},{15610, 7},
{4146, 7},{15610, 7},{14681, 9},{3231, 7},{21644, 7},{14681, 9},{909, 7},{10921, 7},{15603, 7},{10920, 7},
{17733, 7},{1575, 7},{4138, 7},{14070, 7},{3410, 9},{21793, 7},{22362, 7},{3407, 9},{21647, 7},{8706, 7},
{21265, 7},{4137, 7},{12185, 17},{9559, 17},{22183, 17},{18230, 17},{24320, 17},{12928, 17},{6840, 17},{11148, 15},
{4377, 15},{6093, 17},{16178, 17},{12268, 17},{18007, 15},{24558, 15},{15707, 15},{9681, 15},{14394, 15},{8373, 15},
{11393, 15},{13607, 15},{1872, 15},{4381, 15},{15890, 15},{4014, 15},{23807, 15},{18009, 15},{24360, 15},{17863, 15},
{2563, 15},{8501, 15},{5882, 15},{2146, 17},{19074, 17},{11208, 17},{22344, 17},{20372, 17},{15513, 17},{13482, 17},
{10319, 17},{25826, 15},{4691, 7},{9620, 7},{24242, 7},{745, 7},{5094, 9},{2409, 7},{24096, 7},{17285, 7},
{5313, 7},{16583, 7},{5320, 7},{20436, 7},{1630, 7},{10612, 7},{2416, 7},{16571, 7},{1634, 7},{15791, 7},
{14926, 7},{8751, 7},{3294, 7},{2412, 7},{25581, 7},{17439, 7},{17804, 7},{22552, 7},{15789, 7},{9623, 7},
{18334, 7},{20444, 7},{4691, 7},{17282, 7},{19131, 7},{18305, 7},{5094, 9},{25586, 7},{15648, 7},{9615, 7},
{11403, 7},{4804, 15},{4807, 15},{4805, 15},{4806, 15},{4808, 15},{4577, 7},{2923, 7},{14370, 7},{22056, 7},
{18301, 7},{4685, 7},{12789, 7},{4687, 7},{24625, 7},{3292, 7},{22550, 7},{18037, 0},{5092, 9},{5816, 7},
{14922, 7},{8744, 7},{1633, 7},{10009, 7},{15649, 7},{9621, 7},{12630, 7},{19550, 7},{22547, 7},{24234, 7},
{14370, 7},{972, 7},{2412, 7},{5092, 9},{10013, 7},{16767, 0},{15784, 7},{20651, 7},{1636, 7},{19554, 7},
{18669, 7},{7429, 7},{24238, 7},{2923, 7},{20648, 7},{3297, 7},{22553, 7},{2415, 7},{17799, 7},{2411, 7},
{24620, 7},{17805, 7},{10616, 7},{17285, 7},{24622, 7},{10062, 7},{5095, 9},{9621, 7},{8749, 7},{10057, 7},
{4683, 7},{5822, 7},{25583, 7},{10006, 7},{6207, 7},{14922, 7},{22547, 7},{16500, 7},{14655, 7},{973, 7},
{17442, 7},{977, 7},{3298, 7},{16578, 7},{13241, 7},{17440, 7},{18340, 7},{4685, 7},{5095, 9},{21128, 7},
{24620, 7},{18672, 7},{25584, 7},{16585, 7},{17797, 7},{747, 7},{14922, 7},{22061, 7},{10012, 7},{8524, 7},
{20434, 7},{20872, 7},{17445, 7},{5825, 7},{4575, 7},{18311, 7},{13240, 7},{2409, 7},{17801, 7},{16579, 7},
{14921, 7},{10616, 7},{8748, 7},{20888, 9},{23537, 7},{13242, 7},{8525, 7},{21131, 7},{20672, 7},{21584, 0},
{2918, 7},{25585, 7},{19124, 7},{5317, 7},{12638, 7},{2919, 7},{746, 7},{24620, 7},{5308, 7},{972, 7},
{17283, 7},{4576, 7},{18301, 7},{15785, 7},{16514, 7},{5317, 7},{21716, 0},{4682, 7},{20888, 9},{22053, 7},
{745, 7},{25846, 7},{10011, 7},{22058, 7},{26297, 7},{13244, 7},{16582, 7},{4567, 7},{12795, 7},{26261, 7},
{9619, 7},{23531, 7},{1628, 7},{974, 7},{14375, 7},{10054, 7},{20672, 7},{18337, 7},{5093, 9},{14923, 7},
{26298, 7},{17803, 7},{24239, 7},{19553, 7},{22546, 7},{19550, 7},{22838, 7},{20842, 7},{24859, 7},{18897, 7},
{8753, 7},{749, 7},{748, 7},{4576, 7},{20432, 7},{974, 7},{26297, 7},{17287, 7},{18336, 7},{14924, 7},
{18340, 7},{4689, 7},{15789, 7},{13245, 7},{20444, 7},{19130, 7},{25845, 7},{5093, 9},{19551, 7},{17439, 7},
{21049, 7},{23957, 17},{5024, 17},{6626, 17},{20336, 17},{5599, 17},{8573, 3},{17814, 12},{24568, 3},{14326, 17},
{12457, 17},{13066, 17},{7442, 17},{7109, 17},{13165, 17},{22680, 17},{13272, 17},{2903, 17},{5628, 17},{2298, 17},
{5974, 17},{10013, 17},{23282, 17},{25316, 17},{1894, 17},{14358, 17},{24611, 17},{24487, 17},{24198, 17},{17162, 17},
{7353, 3},{8620, 3},{14311, 12},{17260, 12},{14688, 13},{25238, 12},{11970, 17},{19229, 13},{5282, 3},{10926, 3},
{14948, 17},{16072, 17},{2601, 17},{10945, 17},{1633, 17},{2005, 17},{14210, 17},{17565, 17},{14819, 17},{5912, 17},
{25911, 8},{22872, 17},{21401, 17},{7100, 17},{5346, 17},{23023, 15},{6150, 15},{18414, 15},{8973, 15},{12826, 15},
{8163, 15},{3140, 15},{619, 15},{21278, 15},{5080, 15},{15222, 15},{12995, 15},{23022, 15},{21274, 15},{12829, 15},
{6152, 15},{3145, 15},{21618, 15},{18417, 15},{16538, 15},{6153, 15},{2572, 15},{18726, 15},{18723, 15},{14686, 17},
{4973, 7},{11876, 7},{1427, 9},{1429, 17},{3991, 17},{23400, 17},{17901, 17},{21807, 15},{19460, 15},{26319, 15},
{17785, 15},{15282, 15},{19460, 15},{26208, 15},{8296, 15},{2495, 15},{14155, 15},{2499, 15},{12162, 15},{11823, 15},
{17857, 15},{12921, 15},{13938, 15},{8294, 15},{1444, 15},{14153, 15},{11556, 15},{7868, 7},{1011, 7},{11512, 7},
{9131, 9},{26201, 15},{14961, 15},{2588, 15},{12155, 15},{16197, 17},{17495, 17},{24168, 17},{4456, 15},{24402, 15},
{11552, 15},{23713, 15},{3907, 17},{2117, 17},{25907, 8},{7967, 17},{11521, 17},{26011, 3},{25167, 3},{20197, 13},
{25283, 3},{5019, 3},{7411, 3},{21078, 3},{23766, 3},{20589, 3},{10616, 17},{22546, 17},{12577, 17},{17964, 17},
{15888, 17},{14795, 17},{4213, 3},{12512, 3},{17259, 12},{10174, 3},{15649, 17},{21384, 7},{25194, 7},{18080, 7},
{11827, 7},{4109, 9},{20689, 17},{15457, 17},{8361, 17},{22745, 17},{20373, 8},{11675, 8},{3640, 8},{1900, 8},
{21247, 8},{18581, 8},{23766, 8},{15599, 8},{8607, 8},{13787, 8},{26024, 8},{24672, 8},{19287, 8},{21220, 8},
{16044, 8},{15953, 17},{26413, 17},{18110, 8},{5636, 8},{18467, 8},{10322, 8},{10258, 8},{2248, 8},{12442, 8},
{198, 8},{4897, 8},{3184, 8},{4302, 8},{19130, 8},{77, 8},{11806, 8},{10408, 8},{11807, 8},{18466, 8},
{10321, 8},{6812, 8},{2249, 8},{199, 8},{21630, 8},{3183, 8},{5635, 8},{10257, 8},{19131, 8},{3370, 8},
{18307, 8},{18111, 8},{76, 8},{12440, 8},{18465, 8},{5638, 8},{3186, 8},{11808, 8},{2246, 8},{4299, 8},
{10256, 8},{19132, 8},{10410, 8},{18108, 8},{79, 8},{4899, 8},{196, 8},{10324, 8},{14916, 17},{21664, 17},
{4902, 8},{10261, 8},{18115, 8},{3187, 8},{2245, 8},{80, 8},{26104, 8},{10317, 8},{18470, 8},{203, 8},
{21619, 8},{5631, 8},{11811, 8},{19127, 8},{9812, 8},{4903, 8},{5634, 8},{18302, 8},{11812, 8},{9819, 8},
{10320, 8},{10260, 8},{18112, 8},{83, 8},{200, 8},{21614, 8},{18469, 8},{19128, 8},{3190, 8},{2242, 8},
{7991, 8},{10405, 8},{3189, 8},{10259, 8},{4904, 8},{21616, 8},{18113, 8},{82, 8},{10319, 8},{201, 8},
{11813, 8},{2243, 8},{4286, 8},{19129, 8},{18468, 8},{721, 3},{7185, 13},{13621, 17},{4912, 8},{18106, 8},
{11815, 8},{5629, 8},{12445, 8},{10326, 8},{2240, 8},{19125, 8},{10253, 8},{18309, 8},{3181, 8},{205, 8},
{74, 8},{6277, 8},{18461, 8},{10579, 17},{4267, 17},{11348, 17},{4483, 8},{15786, 8},{12255, 8},{3882, 8},
{7281, 8},{15999, 8},{2898, 8},{8042, 8},{23686, 8},{573, 8},{16181, 8},{18486, 8},{17905, 8},{15424, 17},
{8148, 3},{20888, 12},{20113, 3},{15482, 3},{6465, 17},{21536, 17},{22897, 17},{12583, 17},{17285, 17},{15713, 3},
{1574, 3},{22909, 12},{1429, 13},{17174, 17},{3170, 17},{15648, 17},{3256, 17},{3916, 17},{13064, 17},{7724, 17},
{14816, 3},{2624, 12},{9459, 13},{25174, 17},{17442, 17},{18562, 17},{9567, 17},{10459, 17},{18488, 17},{7111, 3},
{12330, 17},{871, 17},{5914, 7},{15583, 7},{19476, 7},{2242, 7},{3618, 7},{23339, 7},{12112, 7},{3447, 9},
{21837, 7},{12116, 7},{22427, 7},{11132, 7},{1400, 0},{7928, 7},{22431, 7},{8215, 7},{7529, 7},{23997, 7},
{24874, 7},{7721, 7},{24872, 7},{16522, 7},{7725, 7},{17685, 7},{20185, 7},{16521, 7},{2548, 7},{24001, 7},
{10427, 7},{2618, 7},{507, 7},{319, 7},{8218, 7},{22315, 7},{2671, 7},{18918, 7},{1037, 7},{16931, 7},
{10424, 7},{311, 7},{2670, 7},{17312, 7},{24512, 7},{21901, 7},{20188, 7},{22320, 7},{11125, 7},{23333, 7},
{10159, 7},{23338, 7},{10161, 7},{23995, 7},{21838, 7},{9349, 7},{320, 7},{21835, 7},{1943, 7},{15586, 7},
{8216, 7},{3450, 9},{13407, 7},{18920, 7},{11128, 7},{25665, 7},{7721, 7},{5168, 7},{24513, 7},{21836, 7},
{9350, 7},{16525, 7},{17899, 7},{5163, 7},{21894, 7},{3450, 9},{12117, 7},{4849, 7},{10153, 7},{17901, 7},
{13101, 7},{13616, 0},{25829, 7},{7724, 7},{4777, 7},{9352, 7},{4859, 7},{17568, 7},{509, 7},{24881, 7},
{9366, 7},{13405, 7},{9353, 7},{499, 7},{4858, 7},{9355, 7},{20182, 7},{13412, 7},{10422, 7},{3449, 9},
{5168, 7},{5164, 7},{22433, 7},{3616, 7},{10520, 7},{15588, 7},{13408, 7},{24880, 7},{9369, 7},{10423, 7},
{4851, 7},{12120, 7},{16937, 7},{17688, 7},{22311, 7},{21901, 7},{2243, 7},{15589, 7},{10161, 7},{8669, 7},
{503, 7},{5159, 7},{23309, 7},{19480, 7},{10523, 7},{23337, 7},{9354, 7},{17160, 7},{2673, 7},{3449, 9},
{9369, 7},{718, 0},{16525, 7},{8221, 7},{21829, 7},{10420, 7},{21981, 7},{314, 7},{17906, 7},{17164, 7},
{9367, 7},{5904, 7},{17900, 7},{7716, 7},{17162, 7},{24516, 7},{19471, 7},{4250, 0},{9372, 7},{24509, 7},
{16525, 7},{24001, 7},{25829, 7},{13410, 7},{4775, 7},{23304, 7},{8674, 7},{17166, 7},{16930, 7},{1041, 7},
{26366, 7},{10521, 7},{17899, 7},{24880, 7},{4851, 7},{18914, 7},{23336, 7},{18921, 7},{10527, 7},{7277, 9},
{1041, 7},{20182, 7},{5160, 7},{23307, 7},{23306, 7},{24001, 7},{2175, 0},{10154, 7},{7727, 7},{317, 7},
{21981, 7},{9354, 7},{21895, 7},{10157, 7},{5167, 7},{1042, 7},{4327, 7},{3621, 7},{18919, 7},{24879, 7},
{17310, 7},{4779, 7},{5161, 7},{21894, 7},{17313, 7},{7278, 9},{4772, 7},{5164, 7},{21828, 7},{13410, 7},
{16518, 7},{12946, 7},{16930, 7},{2671, 7},{4781, 7},{7272, 9},{23339, 7},{18916, 7},{24879, 7},{12117, 7},
{21838, 7},{22426, 7},{20187, 7},{13413, 7},{17690, 7},{24513, 7},{17161, 7},{9724, 7},{10428, 7},{9373, 7},
{12956, 7},{1034, 7},{12118, 7},{4331, 7},{10423, 7},{16523, 7},{15391, 7},{2670, 7},{9726, 7},{321, 7},
{7725, 7},{4855, 7},{17170, 7},{7273, 9},{16939, 7},{4330, 7},{15381, 17},{17091, 17},{24281, 17},{6200, 17},
{197, 17},{11912, 12},{7189, 13},{24570, 13},{7278, 13},{9129, 3},{7359, 3},{7100, 3},{12513, 3},{5514, 3},
{12039, 17},{15829, 17},{3645, 7},{11171, 9},{7553, 7},{11062, 7},{3907, 7},{12321, 7},{19521, 7},{23592, 7},
{7555, 7},{3914, 7},{11171, 9},{25177, 7},{22945, 7},{11170, 9},{7551, 7},{24039, 7},{10015, 7},{23384, 7},
{7554, 7},{11170, 9},{26237, 7},{7556, 7},{23592, 7},{22944, 7},{877, 7},{4358, 7},{875, 7},{11173, 9},
{7554, 7},{17213, 7},{19907, 7},{172, 7},{11174, 9},{880, 7},{879, 7},{17209, 7},{19907, 7},{4259, 7},
{17774, 7},{4358, 7},{12299, 7},{23384, 7},{874, 7},{11172, 9},{22941, 7},{876, 7},{7556, 7},{7559, 7},
{25177, 7},{24045, 7},{172, 7},{11172, 9},{20643, 17},{13798, 17},{1543, 17},{4269, 3},{22808, 12},{21104, 3},
{21082, 3},{13437, 12},{21101, 3},{11074, 12},{4121, 17},{10822, 17},{23915, 17},{17340, 17},{10175, 17},{4122, 17},
{6870, 17},{4525, 17},{16864, 17},{25994, 17},{8830, 17},{3213, 17},{14383, 17},{15500, 3},{26356, 3},{25288, 3},
{3168, 3},{24570, 3},{10224, 3},{21110, 17},{10291, 7},{657, 7},{21734, 7},{3499, 7},{18625, 7},{5116, 7},
{22864, 7},{22872, 7},{15020, 7},{11462, 7},{24807, 7},{13352, 0},{18630, 7},{6026, 7},{6268, 7},{18602, 7},
{20341, 7},{529, 7},{17075, 7},{24320, 7},{4649, 7},{24318, 7},{3181, 7},{15017, 7},{4955, 7},{2823, 7},
{6270, 7},{15010, 7},{18833, 7},{6027, 7},{26352, 9},{24880, 17},{10841, 17},{17802, 17},{17937, 17},{2110, 17},
{11176, 9},{23592, 7},{3913, 7},{7556, 7},{4357, 7},{1692, 3},{14342, 3},{18480, 17},{8574, 17},{18555, 17},
{8933, 17},{20374, 17},{3765, 17},{5507, 17},{17898, 17},{21461, 17},{24554, 17},{11175, 17},{21397, 3},{14050, 3},
{23851, 3},{4357, 3},{19284, 3},{18781, 3},{8469, 17},{16761, 17},{17438, 17},{4117, 17},{20125, 8},{5684, 8},
{25058, 8},{6248, 8},{20040, 8},{18680, 8},{9841, 8},{14079, 8},{6705, 8},{20212, 8},{18091, 8},{25675, 8},
{7836, 8},{11441, 8},{10888, 8},{23315, 17},{3912, 7},{24045, 7},{17265, 9},{7558, 7},{24044, 7},{6711, 8},
{25056, 8},{5682, 8},{9843, 8},{20042, 8},{6250, 8},{14073, 8},{25677, 8},{7830, 8},{18678, 8},{3070, 8},
{20131, 8},{11447, 8},{20214, 8},{10886, 8},{17557, 17},{15723, 17},{4174, 17},{24347, 7},{17263, 9},{22950, 7},
{10288, 17},{20447, 7},{2380, 7},{17388, 7},{20563, 7},{18124, 7},{7442, 7},{2607, 7},{18783, 9},{761, 7},
{22445, 7},{7565, 7},{2604, 7},{3785, 7},{7829, 7},{11345, 7},{22031, 7},{14014, 7},{17381, 7},{13801, 7},
{24205, 7},{22029, 7},{24199, 7},{9256, 7},{6867, 7},{20446, 7},{23474, 7},{15297, 7},{20564, 7},{2387, 7},
{6169, 7},{24207, 7},{9593, 7},{22029, 7},{1109, 7},{22684, 7},{5301, 7},{6178, 7},{20562, 7},{15764, 7},
{4525, 7},{21264, 7},{894, 7},{9594, 7},{6176, 7},{25954, 0},{14021, 7},{20813, 7},{13802, 7},{2381, 7},
{18784, 9},{3516, 7},{4527, 7},{3787, 7},{22683, 7},{15295, 7},{23473, 7},{887, 7},{2603, 7},{6867, 7},
{1111, 7},{6864, 7},{10, 7},{18787, 9},{4527, 7},{7083, 7},{4934, 7},{6173, 7},{13798, 7},{11344, 7},
{20449, 7},{10586, 7},{13544, 0},{1110, 7},{7440, 7},{11348, 7},{20805, 7},{1417, 7},{22028, 7},{2201, 7},
{9255, 7},{3789, 7},{13661, 7},{20562, 7},{15303, 7},{4938, 7},{14789, 7},{12, 7},{22683, 7},{22534, 7},
{18125, 7},{20451, 7},{24204, 7},{20806, 7},{6174, 7},{2386, 7},{4524, 7},{10586, 7},{14781, 7},{2599, 7},
{13798, 7},{13667, 7},{21264, 7},{22682, 7},{11349, 7},{8, 7},{9257, 7},{18787, 9},{10580, 7},{1415, 7},
{10581, 7},{9602, 7},{13664, 7},{22540, 7},{2899, 7},{17232, 0},{4525, 7},{7822, 7},{22681, 7},{1108, 7},
{6, 7},{4935, 7},{2389, 7},{7440, 7},{7081, 7},{1114, 7},{9256, 7},{22529, 7},{18788, 9},{13798, 7},
{7442, 7},{3789, 7},{14786, 7},{3527, 7},{20446, 7},{13799, 7},{18120, 7},{22032, 7},{13, 7},{12968, 7},
{18076, 7},{24145, 7},{10584, 7},{11346, 7},{14018, 7},{15298, 7},{7082, 7},{1115, 7},{7566, 7},{24643, 7},
{6869, 7},{8, 7},{11343, 7},{20571, 7},{889, 7},{18127, 7},{17386, 7},{6171, 7},{17326, 7},{11350, 7},
{15, 7},{7079, 7},{6169, 7},{13545, 0},{18785, 9},{22028, 7},{14016, 7},{1416, 7},{13796, 7},{4935, 7},
{14788, 7},{13793, 7},{196, 7},{9602, 7},{6172, 7},{22684, 7},{769, 7},{18785, 9},{17388, 7},{14787, 7},
{5293, 7},{17382, 7},{7, 7},{20562, 7},{9262, 7},{2895, 7},{886, 7},{2598, 7},{20809, 7},{2387, 7},
{5294, 7},{12730, 0},{20568, 7},{7082, 7},{2201, 7},{11351, 7},{4523, 7},{23479, 7},{7569, 7},{17385, 7},
{18128, 7},{22678, 7},{14782, 7},{12968, 7},{2904, 7},{20565, 7},{20806, 7},{10577, 7},{7570, 7},{13793, 7},
{18942, 7},{23474, 7},{762, 7},{7563, 7},{205, 7},{6176, 7},{18786, 9},{18958, 7},{3524, 7},{1420, 7},
{20455, 7},{1109, 7},{13668, 7},{2382, 7},{22531, 7},{7084, 7},{24206, 7},{15762, 7},{25952, 0},{18127, 7},
{6169, 7},{1422, 7},{14015, 7},{890, 7},{11345, 7},{6863, 7},{17381, 7},{23474, 7},{22540, 7},{15765, 7},
{2599, 7},{20451, 7},{893, 7},{7567, 7},{20566, 7},{7823, 7},{14785, 7},{2381, 7},{6176, 7},{887, 7},
{2600, 7},{891, 7},{8769, 0},{1425, 7},{18786, 9},{14020, 7},{7563, 7},{13800, 7},{22028, 7},{18074, 7},
{2386, 7},{14788, 7},{2900, 7},{18783, 9},{18123, 7},{24207, 7},{22025, 7},{22024, 7},{4525, 7},{204, 7},
{22032, 7},{24643, 7},{17323, 7},{3529, 7},{12, 7},{23479, 7},{10582, 7},{20811, 7},{24995, 7},{7449, 7},
{24202, 7},{13334, 15},{13336, 15},{14664, 1},{592, 1},{20272, 1},{6138, 1},{13331, 15},{13339, 15},{13335, 15},
{13330, 15},{3251, 1},{22283, 15},{22284, 15},{22282, 15},{22281, 15},{16826, 1},{13340, 15},{22277, 15},{13332, 15},
{13333, 15},{22280, 15},{22279, 15},{13337, 15},{12708, 1},{11680, 1},{21970, 15},{17972, 1},{21963, 15},{20119, 15},
{20118, 15},{20120, 15},{21967, 15},{604, 1},{7120, 15},{21969, 15},{20121, 15},{17854, 1},{21974, 15},{7228, 15},
{21965, 15},{21975, 15},{21968, 15},{20116, 15},{20127, 15},{26272, 15},{21966, 15},{20123, 15},{20122, 15},{4410, 1},
{19892, 15},{19891, 15},{19884, 15},{19885, 15},{23988, 15},{5723, 1},{19890, 15},{5729, 1},{7024, 15},{23119, 1},
{19893, 15},{7681, 1},{7025, 15},{7021, 15},{19888, 15},{24072, 1},{7022, 15},{7023, 15},{19886, 15},{7026, 15},
{19887, 15},{15618, 15},{21399, 1},{11612, 1},{2587, 15},{2584, 15},{19479, 1},{24058, 15},{2580, 15},{2581, 15},
{7696, 1},{4407, 1},{24056, 15},{24055, 15},{586, 1},{3593, 1},{18438, 1},{20273, 1},{21401, 1},{24059, 15},
{24060, 15},{22750, 1},{17850, 1},{2579, 15},{2578, 15},{22745, 1},{20275, 1},{24054, 15},{23780, 1},{2582, 15},
{24057, 15},{16009, 1},{2583, 15},{2586, 15},{908, 15},{930, 15},{17730, 15},{17737, 15},{21339, 15},{7687, 1},
{926, 15},{18430, 1},{17738, 15},{19486, 1},{17731, 15},{20276, 1},{21336, 15},{21338, 15},{18436, 1},{21335, 15},
{21393, 1},{21337, 15},{17736, 15},{17735, 15},{24875, 1},{924, 15},{13516, 15},{9869, 15},{13517, 15},{9868, 15},
{13514, 15},{18439, 1},{9871, 15},{13521, 15},{9873, 15},{9867, 15},{13522, 15},{21311, 1},{9864, 15},{13513, 15},
{15956, 1},{20280, 1},{13511, 15},{9865, 15},{7679, 1},{13512, 15},{13510, 15},{13515, 15},{9866, 15},{9870, 15},
{20608, 1},{22875, 1},{17512, 15},{17516, 15},{17514, 15},{26035, 15},{11216, 1},{12378, 15},{15954, 15},{24870, 1},
{17508, 15},{26038, 15},{15424, 1},{12383, 15},{12384, 15},{17507, 15},{12377, 15},{12382, 15},{12380, 15},{26042, 15},
{12381, 15},{17510, 15},{12379, 15},{17848, 1},{17951, 15},{17956, 15},{14658, 1},{21397, 1},{21535, 1},{24920, 15},
{2865, 15},{2868, 15},{25885, 1},{25017, 15},{12779, 15},{12679, 1},{607, 1},{2875, 15},{17950, 15},{7676, 1},
{602, 1},{16007, 1},{24992, 15},{2867, 15},{2864, 15},{17952, 15},{17957, 15},{601, 1},{7695, 1},{24941, 15},
{2870, 15},{2869, 15},{15431, 1},{11677, 1},{2866, 15},{2863, 15},{15001, 15},{18434, 1},{14996, 15},{15002, 15},
{15000, 15},{25174, 1},{17852, 1},{18961, 15},{15005, 15},{3702, 1},{15003, 15},{26429, 15},{14997, 15},{18701, 1},
{26452, 15},{14998, 15},{10410, 1},{15004, 15},{14999, 15},{26450, 15},{26449, 15},{596, 1},{18999, 15},{19031, 15},
{19487, 1},{18792, 17},{1457, 17},{4654, 17},{18735, 8},{18335, 8},{317, 8},{8863, 8},{7804, 8},{22519, 8},
{23132, 8},{25378, 8},{20767, 8},{8177, 8},{3715, 8},{22032, 8},{5795, 8},{11613, 8},{23263, 17},{6695, 17},
{18336, 8},{5792, 8},{20770, 8},{8866, 8},{23133, 8},{22662, 8},{8178, 8},{11612, 8},{25377, 8},{7803, 8},
{18732, 8},{22029, 8},{314, 8},{22522, 8},{992, 17},{22503, 17},{8865, 8},{22030, 8},{315, 8},{3713, 8},
{8179, 8},{18337, 8},{18733, 8},{11611, 8},{25376, 8},{20769, 8},{23134, 8},{7802, 8},{22521, 8},{5793, 8},
{23317, 17},{4076, 17},{25886, 17},{1969, 17},{9522, 17},{5281, 17},{4486, 17},{2630, 17},{640, 17},{6704, 7},
{3452, 9},{14722, 7},{6697, 7},{14342, 7},{15723, 7},{26264, 15},{11036, 15},{11034, 15},{10563, 15},{11092, 15},
{22121, 15},{13286, 15},{21457, 15},{5227, 15},{5242, 15},{8852, 15},{24936, 15},{13386, 15},{13284, 15},{18166, 15},
{9643, 15},{13420, 15},{5742, 15},{24937, 15},{1645, 15},{2628, 12},{905, 3},{10982, 3},{1015, 3},{20731, 15},
{18361, 15},{7651, 15},{18366, 15},{10566, 15},{16930, 17},{6230, 12},{15730, 3},{20090, 3},{3451, 12},{4134, 3},
{986, 3},{8151, 12},{5017, 12},{5488, 3},{9133, 12},{15728, 3},{5565, 3},{9544, 3},{10971, 3},{22261, 3},
{7188, 12},{19660, 17},{14665, 3},{23949, 3},{18469, 17},{19805, 15},{12214, 15},{21793, 17},{4269, 17},{1900, 3},
{6387, 13},{19326, 3},{10492, 17},{19739, 17},{23778, 17},{545, 17},{3761, 17},{17941, 17},{18491, 17},{3234, 17},
{24040, 17},{11787, 1},{21819, 15},{25336, 15},{25344, 15},{21820, 15},{25342, 15},{13440, 15},{25346, 15},{21807, 15},
{19322, 1},{21809, 15},{25285, 1},{5565, 1},{19379, 1},{25350, 15},{25284, 1},{21810, 15},{17781, 15},{9539, 1},
{17788, 15},{7799, 1},{11057, 1},{17783, 15},{17784, 15},{17786, 15},{4907, 1},{17785, 15},{17787, 15},{17779, 15},
{1087, 1},{4274, 1},{11309, 15},{17780, 15},{17782, 15},{16380, 1},{16710, 1},{16242, 15},{16234, 15},{19022, 1},
{7611, 1},{16236, 15},{1694, 1},{16239, 15},{16238, 15},{16237, 15},{16683, 1},{16235, 15},{5567, 1},{16233, 15},
{16232, 15},{16243, 15},{1695, 1},{22503, 1},{8295, 15},{2222, 1},{8297, 15},{7624, 15},{8299, 15},{8292, 15},
{7623, 15},{8298, 15},{7625, 15},{7626, 15},{6353, 1},{8294, 15},{8296, 15},{8290, 15},{7627, 15},{8293, 15},
{8291, 15},{25699, 17},{9264, 17},{13244, 17},{15101, 17},{1622, 17},{10823, 17},{11617, 17},{8894, 15},{2421, 15},
{22952, 15},{10835, 15},{17058, 15},{19208, 15},{17305, 15},{15489, 15},{7456, 15},{1227, 15},{22574, 15},{7457, 15},
{14625, 15},{16725, 15},{22884, 15},{12674, 15},{22568, 15},{24410, 15},{2997, 15},{17380, 15},{828, 15},{15491, 15},
{15190, 17},{12675, 15},{1233, 15},{24416, 15},{5993, 15},{17370, 15},{14626, 15},{1226, 15},{8896, 15},{21915, 15},
{22068, 15},{11062, 17},{9001, 17},{976, 17},{18435, 17},{1167, 17},{9905, 17},{12906, 17},{17849, 3},{21383, 3},
{8776, 3},{9556, 13},{23782, 3},{21758, 17},{10198, 17},{7194, 12},{4109, 12},{4372, 3},{19072, 3},{866, 13},
{16758, 17},{105, 17},{17075, 17},{17296, 17},{22241, 17},{16623, 17},{26054, 17},{14373, 17},{5112, 17},{5516, 17},
{13826, 17},{7476, 17},{4251, 17},{23537, 17},{20278, 3},{4256, 3},{13317, 17},{1947, 17},{7287, 17},{7408, 3},
{12332, 12},{4108, 3},{18242, 3},{7874, 3},{3155, 3},{13435, 12},{8570, 3},{5225, 3},{15476, 17},{12785, 17},
{4043, 17},{17479, 17},{19964, 17},{16041, 17},{26267, 17},{2019, 15},{2017, 15},{6131, 1},{21222, 1},{2018, 15},
{7345, 15},{2020, 15},{2023, 15},{26058, 1},{2024, 15},{2022, 15},{8575, 1},{7347, 15},{7343, 15},{2016, 15},
{7344, 15},{7346, 15},{7220, 1},{2015, 15},{2021, 15},{15839, 1},{18562, 1},{16892, 1},{11255, 15},{11259, 15},
{7238, 15},{5480, 15},{17603, 1},{5478, 15},{5477, 15},{5474, 15},{11258, 15},{11254, 15},{11252, 15},{11253, 15},
{7235, 15},{16624, 1},{7240, 15},{5475, 15},{22102, 1},{11257, 15},{5483, 15},{10873, 1},{11256, 15},{5476, 15},
{5019, 13},{2742, 3},{3169, 3},{18537, 3},{15610, 3},{9416, 3},{4118, 12},{20202, 12},{4255, 17},{14344, 17},
{21759, 8},{10419, 8},{20454, 8},{9951, 8},{9450, 8},{14640, 8},{25987, 8},{26437, 8},{6138, 8},{6207, 8},
{21758, 8},{10420, 8},{20455, 8},{13225, 8},{18910, 8},{9952, 8},{25986, 8},{6137, 8},{9449, 8},{24442, 8},
{24449, 8},{10423, 8},{13218, 8},{20452, 8},{12492, 8},{25993, 8},{9446, 8},{18881, 8},{6146, 8},{9959, 8},
{24450, 8},{18883, 8},{6145, 8},{26407, 8},{9960, 8},{10424, 8},{21771, 8},{9445, 8},{25992, 8},{20453, 8},
{9444, 8},{7426, 8},{6144, 8},{14467, 8},{25991, 8},{20450, 8},{10421, 8},{9957, 8},{12490, 8},{14654, 8},
{15940, 8},{9443, 8},{6143, 8},{10422, 8},{7427, 8},{20451, 8},{18508, 8},{9958, 8},{12489, 8},{25990, 8},
{12488, 8},{15900, 8},{9955, 8},{25997, 8},{6142, 8},{20448, 8},{24445, 8},{18897, 8},{9442, 8},{10427, 8},
{16176, 17},{7300, 8},{12486, 8},{20446, 8},{10425, 8},{24447, 8},{25995, 8},{7430, 8},{15914, 8},{6140, 8},
{9440, 8},{10426, 8},{9439, 8},{20447, 8},{24448, 8},{9954, 8},{12485, 8},{7431, 8},{26402, 8},{25994, 8},
{6139, 8},{20188, 17},{17902, 17},{21586, 3},{24830, 3},{4218, 3},{22330, 12},{23781, 3},{22312, 17},{13474, 3},
{21009, 3},{7439, 17},{17026, 17},{6448, 17},{10850, 17},{12497, 17},{1014, 17},{12786, 17},{20864, 17},{18121, 17},
{24882, 17},{17089, 17},{12541, 17},{8826, 17},{8263, 3},{11057, 3},{7273, 3},{20534, 17},{23477, 17},{10562, 17},
{4169, 17},{15831, 17},{10614, 17},{9544, 17},{16201, 17},{20876, 17},{5121, 17},{22326, 3},{8874, 3},{23553, 3},
{11909, 12},{26030, 3},{23945, 13},{25240, 13},{4221, 17},{25948, 17},{8048, 8},{16284, 8},{19306, 17},{13243, 17},
{5095, 17},{7261, 17},{21733, 17},{19305, 3},{25950, 3},{24834, 12},{7090, 12},{8835, 3},{6608, 17},{3604, 15},
{1408, 17},{6021, 8},{7078, 8},{19527, 8},{7049, 8},{17247, 8},{17174, 8},{23956, 8},{18230, 8},{17495, 8},
{10033, 8},{13410, 8},{10864, 8},{15975, 8},{100, 8},{4576, 8},{10173, 17},{23512, 17},{7569, 17},{15103, 17},
{1420, 17},{14272, 17},{23256, 17},{22155, 8},{23041, 17},{7877, 17},{23513, 8},{10580, 17},{23512, 8},{10057, 17},
{23511, 8},{23683, 8},{4355, 8},{9219, 8},{9333, 8},{24983, 8},{22775, 8},{10457, 8},{20182, 8},{10619, 8},
{22465, 8},{14023, 8},{23282, 8},{10459, 8},{13999, 8},{17135, 8},{14024, 8},{9334, 8},{14000, 8},{10620, 8},
{24982, 8},{20183, 8},{23281, 8},{17136, 8},{4356, 8},{25776, 8},{23682, 8},{22774, 8},{10456, 8},{9218, 8},
{10458, 8},{22084, 8},{9217, 8},{23290, 8},{10611, 8},{20190, 8},{14016, 8},{17143, 8},{13734, 8},{496, 8},
{9329, 8},{24987, 8},{22773, 8},{4359, 8},{10212, 8},{25771, 8},{9330, 8},{10466, 8},{4622, 8},{23289, 8},
{25770, 8},{14004, 8},{23671, 8},{10612, 8},{154, 8},{15391, 8},{10210, 8},{17144, 8},{24986, 8},{9216, 8},
{14017, 8},{22771, 8},{25769, 8},{10465, 8},{14001, 8},{22102, 8},{10613, 8},{9215, 8},{158, 8},{14014, 8},
{9331, 8},{17141, 8},{24985, 8},{7597, 8},{10467, 8},{20188, 8},{25768, 8},{20189, 8},{14002, 8},{10614, 8},
{9972, 8},{10215, 8},{4617, 8},{14015, 8},{23291, 8},{9214, 8},{10464, 8},{9332, 8},{6159, 8},{24984, 8},
{17142, 8},{18791, 13},{8568, 3},{25116, 3},{11605, 3},{9415, 12},{17853, 3},{9212, 8},{23285, 8},{17140, 8},
{14008, 8},{24990, 8},{4364, 8},{9326, 8},{25774, 8},{10460, 8},{9981, 8},{20187, 8},{10616, 8},{4610, 8},
{14021, 8},{427, 8},{24989, 8},{20184, 8},{14018, 8},{22767, 8},{9327, 8},{25773, 8},{19540, 8},{174, 8},
{22141, 8},{10461, 8},{14005, 8},{17137, 8},{9211, 8},{23288, 8},{10617, 8},{20185, 8},{25772, 8},{9328, 8},
{4608, 8},{23287, 8},{10618, 8},{17138, 8},{14019, 8},{24988, 8},{176, 8},{14006, 8},{406, 8},{9210, 8},
{10462, 8},{23677, 8},{23508, 8},{19288, 7},{675, 7},{19529, 9},{20353, 7},{23505, 7},{11074, 9},{3425, 7},
{23856, 7},{10220, 7},{19526, 9},{10218, 7},{23503, 7},{19283, 7},{16989, 7},{24498, 7},{684, 7},{19284, 7},
{5514, 7},{23850, 7},{23854, 7},{11068, 9},{3417, 7},{11071, 9},{19287, 7},{677, 7},{10217, 7},{3415, 7},
{23976, 7},{24498, 7},{23505, 7},{23504, 7},{24490, 7},{11071, 9},{13503, 9},{7382, 7},{3415, 7},{19289, 7},
{20360, 7},{7382, 7},{13203, 9},{681, 7},{19288, 7},{11068, 9},{681, 7},{26011, 7},{16993, 7},{676, 7},
{5297, 9},{20890, 17},{12303, 3},{21266, 3},{11084, 17},{2118, 17},{636, 17},{18736, 17},{16286, 8},{11811, 17},
{23737, 15},{23739, 15},{16755, 1},{18587, 1},{23743, 15},{23741, 15},{23740, 15},{25298, 1},{23738, 15},{23744, 15},
{11582, 1},{23742, 15},{16426, 17},{22422, 17},{14682, 12},{586, 3},{20354, 3},{1629, 17},{22531, 17},{24403, 17},
{8859, 17},{6176, 17},{16525, 17},{15505, 13},{17832, 3},{7350, 3},{23949, 13},{16708, 17},{17313, 17},{11338, 17},
{9078, 17},{3454, 13},{18579, 3},{20866, 13},{881, 3},{25926, 12},{2460, 3},{20907, 3},{15714, 17},{15870, 17},
{18497, 17},{26227, 17},{24459, 17},{897, 12},{17323, 17},{24613, 17},{17693, 17},{18088, 17},{14048, 17},{6943, 17},
{13246, 17},{9128, 13},{4250, 3},{8601, 3},{11503, 7},{4966, 7},{21843, 7},{9130, 9},{12966, 7},{4466, 7},
{9131, 9},{25785, 7},{18609, 7},{25779, 7},{9128, 9},{12963, 7},{4637, 7},{20691, 7},{9128, 9},{4473, 7},
{20686, 7},{1014, 7},{9129, 9},{4963, 7},{9126, 9},{1010, 7},{24708, 7},{7869, 7},{11511, 7},{4639, 7},
{18617, 7},{7876, 7},{7869, 7},{7873, 7},{9126, 9},{9127, 9},{20689, 7},{4472, 7},{11507, 7},{18614, 7},
{11867, 7},{4634, 7},{11510, 7},{7877, 7},{25781, 7},{1018, 7},{11868, 7},{9127, 9},{4968, 7},{4639, 7},
{9130, 9},{7092, 13},{18535, 3},{10242, 3},{7378, 3},{1573, 3},{4632, 3},{20433, 17},{4970, 17},{11511, 17},
{506, 17},{9661, 17},{19664, 17},{25127, 17},{20396, 17},{13477, 3},{4253, 17},{14772, 17},{24807, 17},{8343, 17},
{9125, 13},{21111, 3},{4129, 13},{18251, 3},{13438, 12},{5021, 13},{14601, 17},{5791, 17},{22482, 17},{724, 17},
{10849, 3},{9559, 12},{18675, 17},{20367, 3},{26002, 3},{877, 3},{21645, 3},{11086, 12},{7354, 17},{5787, 4},
{11086, 2},{4298, 4},{19528, 4},{15403, 4},{5777, 4},{20874, 4},{18798, 4},{13823, 4},{25047, 4},{23648, 4},
{6090, 4},{3256, 4},{5514, 4},{20769, 4},{12301, 4},{26275, 4},{24355, 4},{22183, 4},{12741, 4},{13817, 4},
{25446, 4},{5776, 4},{4678, 4},{18309, 4},{17564, 4},{23853, 4},{24493, 4},{1607, 4},{13989, 4},{12746, 4},
{13651, 14},{23851, 4},{24491, 4},{25852, 4},{13991, 4},{18307, 4},{24487, 4},{11341, 4},{6230, 2},{25464, 4},
{12742, 4},{22189, 4},{20358, 4},{17560, 4},{25844, 4},{26003, 2},{2568, 4},{26224, 2},{10213, 4},{1599, 4},
{22827, 4},{19524, 4},{675, 4},{18800, 4},{16995, 4},{8920, 4},{6232, 2},{12740, 4},{5515, 4},{12632, 14},
{24396, 4},{5781, 4},{26222, 2},{19100, 4},{3261, 4},{17565, 4},{23645, 4},{23976, 4},{6888, 4},{2561, 4},
{13659, 14},{15398, 4},{20764, 4},{19955, 4},{26274, 4},{24346, 4},{19094, 4},{19289, 4},{26015, 4},{9245, 4},
{25467, 4},{19787, 4},{13656, 14},{24350, 4},{13655, 14},{19099, 4},{25049, 4},{25546, 4},{3330, 4},{23947, 2},
{26011, 4},{19285, 4},{25044, 4},{18803, 4},{12642, 14},{18794, 4},{11145, 4},{11335, 4},{20768, 4},{6889, 4},
{12305, 4},{674, 4},{4672, 4},{23641, 4},{12745, 4},{10456, 4},{10460, 4},{4675, 4},{9250, 4},{4673, 4},
{3418, 4},{13821, 4},{10214, 4},{6891, 4},{3412, 4},{10217, 4},{18799, 4},{24353, 4},{3249, 4},{16991, 4},
{7382, 4},{3964, 4},{22834, 4},{19532, 4},{680, 4},{12307, 4},{14989, 4},{10212, 4},{23945, 2},{13818, 4},
{1604, 4},{18801, 4},{23967, 4},{19093, 4},{3962, 4},{18302, 4},{19091, 4},{3416, 4},{11427, 4},{3250, 4},
{24489, 4},{6892, 4},{6231, 2},{23965, 4},{17558, 4},{19287, 4},{9851, 4},{6092, 4},{17557, 4},{26008, 4},
{6890, 4},{11330, 4},{16997, 4},{4674, 4},{13983, 4},{1603, 4},{3413, 4},{16751, 4},{3960, 4},{4676, 4},
{13653, 14},{24351, 4},{1600, 4},{19095, 4},{6227, 2},{12300, 4},{24352, 4},{5934, 4},{13825, 4},{11160, 4},
{13822, 4},{20761, 4},{4680, 4},{15407, 4},{4302, 4},{15399, 4},{25418, 4},{6885, 4},{11084, 2},{9253, 4},
{22423, 4},{2564, 4},{24356, 4},{13816, 4},{20353, 4},{25849, 4},{14200, 4},{15359, 4},{11074, 2},{3258, 4},
{13820, 4},{683, 4},{15404, 4},{3967, 4},{13984, 4},{25413, 4},{13988, 4},{6893, 4},{24100, 14},{21470, 4},
{12744, 4},{25046, 4},{20766, 4},{15408, 4},{17556, 4},{24349, 4},{3426, 4},{23505, 4},{5779, 4},{24494, 4},
{22829, 4},{11334, 4},{25853, 4},{684, 4},{25051, 4},{678, 4},{11068, 2},{1606, 4},{22179, 4},{3963, 4},
{25550, 4},{16994, 4},{18802, 4},{26276, 4},{18692, 4},{25462, 4},{23852, 4},{17559, 4},{20357, 4},{24492, 4},
{3411, 4},{5516, 4},{23504, 4},{6886, 4},{16989, 4},{25553, 4},{26277, 4},{19526, 2},{19526, 6},{6089, 4},
{26230, 2},{26279, 4},{26271, 4},{18804, 4},{26002, 2},{26104, 4},{3417, 4},{23642, 4},{23503, 4},{10222, 4},
{20363, 4},{12743, 4},{25850, 4},{3334, 4},{4299, 4},{19281, 4},{16192, 4},{5510, 4},{10194, 4},{13990, 4},
{17563, 4},{2562, 4},{13826, 4},{24498, 4},{10215, 4},{25448, 4},{25555, 4},{19531, 4},{15517, 4},{25851, 4},
{19090, 4},{5780, 4},{681, 4},{12308, 4},{16990, 4},{25547, 4},{2558, 4},{12310, 4},{4679, 4},{23854, 4},
{10221, 4},{20762, 4},{3959, 4},{11331, 4},{4286, 4},{10633, 4},{3425, 4},{20763, 4},{10219, 4},{13657, 14},
{13819, 4},{26014, 4},{22185, 4},{16993, 4},{24095, 14},{19525, 4},{26009, 4},{15402, 4},{10210, 4},{19950, 4},
{6894, 4},{26010, 4},{20355, 4},{20362, 4},{25551, 4},{6887, 4},{16988, 4},{23950, 2},{3958, 4},{19286, 4},
{11047, 4},{11340, 4},{6094, 4},{11337, 4},{22180, 4},{1602, 4},{12748, 4},{1608, 4},{13654, 14},{26223, 2},
{23937, 2},{3260, 4},{13203, 2},{15365, 4},{20354, 4},{25554, 4},{23849, 4},{3415, 4},{11079, 4},{26221, 2},
{25847, 4},{18795, 4},{19533, 4},{9248, 4},{10945, 4},{10220, 4},{5782, 4},{5775, 4},{13987, 4},{19096, 4},
{9244, 4},{20767, 4},{15406, 4},{10223, 4},{6229, 2},{24102, 14},{1605, 4},{18797, 4},{23847, 4},{13658, 14},
{13986, 4},{25041, 4},{6097, 4},{6095, 4},{24499, 4},{22182, 4},{19288, 4},{22190, 4},{25556, 4},{24348, 4},
{11071, 2},{4681, 4},{13650, 14},{3966, 4},{19284, 4},{19959, 4},{6228, 2},{19283, 4},{10218, 4},{26001, 2},
{679, 4},{23501, 4},{15405, 4},{24490, 4},{18304, 4},{10457, 4},{6091, 4},{20845, 4},{7379, 4},{12739, 4},
{20356, 4},{19092, 4},{12306, 4},{26220, 2},{23647, 4},{3254, 4},{12747, 4},{8508, 4},{6093, 4},{19529, 2},
{17561, 4},{6098, 4},{7378, 4},{23646, 4},{2560, 4},{19540, 4},{17562, 4},{19527, 4},{9251, 4},{25048, 4},
{4677, 4},{24099, 14},{19282, 4},{24376, 4},{8846, 4},{23644, 4},{23949, 2},{9585, 4},{22184, 4},{8511, 4},
{23850, 4},{26229, 2},{677, 4},{13985, 4},{26226, 2},{15409, 4},{10462, 4},{11332, 4},{5297, 2},{9849, 4},
{24488, 4},{20359, 4},{3961, 4},{22181, 4},{6088, 4},{20765, 4},{23856, 4},{9246, 4},{19097, 4},{25040, 4},
{13652, 14},{1601, 4},{26225, 2},{3414, 4},{676, 4},{10467, 4},{5786, 4},{26280, 4},{13503, 2},{3965, 4},
{26227, 2},{20770, 4},{23855, 4},{25557, 4},{18310, 4},{22178, 4},{23502, 4},{9252, 4},{20360, 4},{16996, 4},
{5517, 4},{2567, 4},{10224, 4},{25552, 4},{16992, 4},{22432, 17},{664, 17},{3918, 17},{21608, 17},{15433, 17},
{26118, 17},{12906, 7},{14737, 7},{7110, 7},{1976, 7},{4865, 7},{5793, 7},{12752, 7},{22947, 0},{1838, 7},
{2708, 7},{2710, 7},{20777, 7},{11171, 9},{26377, 7},{12892, 7},{4384, 7},{17959, 7},{20780, 7},{22603, 7},
{18113, 7},{12755, 7},{14211, 7},{11172, 9},{21511, 7},{7768, 7},{12751, 7},{18113, 7},{9412, 7},{19706, 7},
{12759, 7},{365, 7},{1972, 7},{10894, 7},{4391, 7},{14207, 7},{21502, 7},{4385, 7},{1840, 7},{1079, 7},
{12758, 7},{2712, 7},{14210, 7},{21634, 7},{11201, 7},{14732, 7},{10897, 7},{220, 7},{7762, 7},{14734, 7},
{7281, 7},{11194, 7},{5799, 7},{19708, 7},{5793, 7},{21628, 7},{21501, 7},{9406, 7},{21633, 7},{7287, 7},
{18109, 7},{4868, 7},{5788, 7},{11170, 9},{8664, 7},{24127, 7},{4863, 7},{22346, 7},{4387, 7},{11171, 9},
{12757, 7},{4389, 7},{5788, 7},{14735, 7},{11202, 7},{8673, 7},{15825, 7},{18111, 7},{6974, 7},{1971, 7},
{21505, 7},{1072, 7},{14215, 7},{14002, 7},{11174, 9},{11198, 7},{17953, 7},{8663, 7},{11202, 7},{2709, 7},
{5788, 7},{21627, 7},{20779, 7},{21506, 7},{22603, 7},{24127, 7},{11193, 7},{16878, 7},{14245, 7},{9405, 7},
{14004, 7},{7769, 7},{4866, 7},{1844, 7},{14733, 7},{12753, 7},{8665, 7},{11175, 9},{7059, 7},{15822, 7},
{17958, 7},{22605, 7},{12889, 7},{20774, 7},{1078, 7},{6974, 7},{7110, 7},{362, 7},{21501, 7},{8668, 7},
{11200, 7},{1077, 7},{17762, 0},{20775, 7},{20772, 7},{14207, 7},{4389, 7},{14742, 7},{20777, 7},{13734, 7},
{1974, 7},{14237, 7},{12888, 7},{22610, 7},{20775, 7},{14005, 7},{19711, 7},{11199, 7},{8662, 7},{21501, 7},
{1970, 7},{11173, 9},{7049, 7},{18423, 7},{20772, 7},{11197, 7},{8935, 7},{15827, 7},{1969, 7},{11174, 9},
{12893, 7},{18108, 7},{21632, 7},{1975, 7},{7286, 7},{12757, 7},{22611, 7},{18111, 7},{21625, 7},{9407, 7},
{12886, 7},{22942, 0},{4390, 7},{26367, 7},{8673, 7},{7190, 17},{12473, 17},{9417, 12},{4474, 3},{3454, 17},
{19599, 17},{7256, 17},{22552, 17},{8472, 17},{3426, 17},{9339, 17},{14460, 17},{7402, 17},{21386, 17},{5775, 17},
{9519, 17},{6097, 17},{19026, 17},{4779, 17},{15973, 17},{1108, 17},{3409, 17},{1054, 17},{9122, 17},{25665, 17},
{14113, 15},{17085, 15},{17659, 15},{8257, 15},{14711, 15},{23184, 15},{14119, 15},{14958, 15},{8121, 15},{16351, 15},
{13917, 15},{11742, 15},{3631, 15},{23680, 15},{12396, 15},{53, 15},{2351, 15},{3014, 17},{14304, 3},{26235, 3},
{25188, 3},{5487, 3},{8778, 3},{866, 12},{17317, 8},{1627, 8},{9088, 8},{5621, 8},{5762, 8},{5761, 8},
{9087, 8},{17318, 8},{5622, 8},{1628, 8},{5623, 8},{1629, 8},{9086, 8},{17315, 8},{17316, 8},{1630, 8},
{9085, 8},{5624, 8},{16289, 7},{5632, 7},{14920, 7},{3801, 7},{22897, 7},{4913, 7},{9442, 7},{20245, 7},
{4139, 0},{22049, 7},{7038, 7},{24223, 7},{2399, 7},{4539, 7},{19720, 7},{9078, 7},{19175, 7},{24610, 7},
{20202, 9},{7434, 7},{22048, 7},{5352, 7},{17705, 7},{14190, 7},{5358, 7},{5963, 7},{1457, 7},{25746, 7},
{2535, 7},{16073, 7},{20202, 9},{5972, 7},{25744, 7},{11361, 7},{5635, 7},{24220, 7},{9212, 7},{4517, 7},
{21647, 0},{19001, 7},{19868, 7},{14771, 7},{4916, 7},{9974, 7},{5758, 8},{9082, 8},{5627, 8},{1633, 8},
{17311, 8},{9081, 8},{5628, 8},{5757, 8},{17312, 8},{1634, 8},{576, 7},{4919, 7},{759, 7},{13971, 7},
{24222, 7},{4914, 7},{20197, 9},{14768, 7},{20759, 7},{1616, 7},{4539, 7},{14915, 7},{5350, 7},{7809, 7},
{14378, 7},{2400, 7},{19867, 7},{5358, 7},{2402, 7},{24536, 7},{17694, 7},{21144, 7},{1453, 7},{7027, 7},
{14770, 7},{20199, 9},{9443, 7},{19714, 7},{23512, 7},{5999, 7},{8922, 7},{24603, 7},{579, 7},{5971, 7},
{19178, 7},{7259, 7},{9445, 7},{336, 7},{12184, 7},{18863, 7},{7262, 7},{9215, 7},{20200, 9},{2405, 7},
{24612, 7},{5972, 7},{21145, 7},{9084, 7},{22047, 7},{9213, 7},{5966, 7},{25739, 7},{21140, 7},{4533, 7},
{16073, 7},{751, 7},{7810, 7},{7803, 7},{19172, 7},{13979, 7},{9088, 7},{3801, 7},{2914, 7},{5967, 7},
{1612, 7},{15957, 7},{4921, 7},{20195, 9},{19000, 7},{24604, 7},{7804, 7},{7805, 7},{19171, 7},{9340, 7},
{576, 7},{12182, 7},{22417, 7},{19168, 7},{14767, 7},{341, 7},{12409, 7},{22419, 7},{22888, 7},{7802, 7},
{25909, 7},{24223, 7},{9214, 7},{16291, 7},{12910, 7},{18992, 7},{9081, 7},{7033, 7},{12186, 7},{24218, 7},
{7029, 7},{7435, 7},{1616, 7},{25715, 7},{15412, 9},{1454, 7},{4914, 7},{1452, 7},{18991, 7},{13975, 7},
{1614, 7},{14768, 7},{11365, 7},{2529, 7},{281, 7},{5632, 7},{12409, 7},{24221, 7},{2404, 7},{1093, 7},
{20756, 7},{4917, 7},{12194, 7},{14769, 7},{19001, 7},{14064, 0},{19174, 7},{5276, 7},{17486, 7},{9338, 7},
{14185, 7},{1099, 7},{4543, 7},{18995, 7},{2921, 7},{6002, 7},{1611, 7},{16072, 7},{18909, 7},{20198, 9},
{578, 7},{25915, 7},{19173, 7},{9601, 7},{2535, 7},{7028, 7},{24603, 7},{7038, 7},{12347, 7},{25713, 7},
{19864, 7},{9212, 7},{1089, 8},{666, 8},{22100, 8},{1176, 8},{11707, 8},{21146, 8},{15582, 8},{6006, 8},
{19100, 8},{885, 8},{4781, 8},{12679, 8},{18311, 8},{13023, 8},{19267, 8},{19097, 8},{17393, 8},{12562, 8},
{20482, 8},{1167, 8},{889, 8},{6008, 8},{656, 8},{19261, 8},{21142, 8},{12685, 8},{1080, 8},{4778, 8},
{13029, 8},{18305, 8},{1082, 8},{21144, 8},{6974, 8},{13031, 8},{22875, 8},{19259, 8},{6010, 8},{4300, 8},
{12560, 8},{658, 8},{887, 8},{4776, 8},{1169, 8},{17384, 8},{19095, 8},{19094, 8},{1168, 8},{4777, 8},
{12686, 8},{19258, 8},{21143, 8},{6011, 8},{18308, 8},{15575, 8},{1083, 8},{888, 8},{12559, 8},{11600, 8},
{13030, 8},{657, 8},{21072, 15},{230, 15},{26420, 15},{9652, 17},{13094, 17},{2497, 15},{8684, 15},{16980, 15},
{14295, 15},{2591, 15},{388, 15},{8684, 15},{26202, 15},{7624, 15},{17846, 15},{22973, 15},{1435, 15},{16235, 15},
{12920, 15},{11830, 15},{4277, 15},{19461, 15},{16239, 15},{17786, 15},{8681, 15},{9745, 15},{21819, 15},{23535, 17},
{4935, 17},{20275, 17},{11773, 17},{4330, 17},{25121, 17},{6987, 17},{9141, 17},{17554, 17},{10373, 17},{15729, 3},
{3407, 13},{21225, 17},{394, 17},{14914, 17},{10323, 17},{9138, 3},{22502, 3},{6694, 3},{21389, 17},{18669, 17},
{5570, 3},{6380, 12},{23936, 15},{16219, 15},{1157, 15},{12544, 15},{832, 15},{13256, 15},{24414, 15},{2800, 15},
{24412, 15},{13546, 17},{11172, 17},{23039, 17},{8995, 17},{19391, 17},{16878, 17},{13, 17},{8039, 17},{18508, 17},
{15784, 17},{15138, 17},{23309, 8},{15432, 8},{13566, 8},{10826, 8},{21128, 8},{24603, 8},{18128, 8},{2824, 8},
{8525, 17},{9689, 15},{6076, 15},{8516, 15},{9949, 15},{26040, 17},{6381, 17},{906, 13},{3637, 3},{14812, 3},
{23555, 3},{14479, 3},{15728, 17},{21254, 17},{18087, 17},{8703, 3},{2603, 17},{11058, 17},{26381, 17},{23430, 17},
{8465, 17},{14733, 17},{25496, 17},{4097, 10},{3237, 10},{11604, 10},{18582, 10},{4075, 10},{20687, 10},{9542, 10},
{21550, 10},{8259, 10},{19304, 10},{1405, 10},{15837, 10},{21650, 10},{16996, 10},{13475, 10},{12738, 10},{4078, 10},
{24023, 10},{3416, 10},{10843, 10},{1622, 10},{10928, 10},{21682, 10},{25189, 10},{14482, 10},{9585, 10},{24505, 10},
{13346, 10},{23501, 10},{21644, 10},{16425, 10},{16040, 10},{25284, 10},{588, 10},{22847, 10},{25195, 10},{592, 10},
{23551, 10},{8768, 10},{599, 10},{17734, 10},{1016, 10},{16886, 10},{4084, 10},{21001, 10},{21219, 10},{24676, 10},
{10961, 10},{16994, 10},{20368, 10},{2110, 10},{15836, 10},{2111, 10},{11666, 10},{11507, 10},{1409, 10},{19078, 10},
{24499, 10},{24491, 10},{8872, 10},{1011, 10},{4047, 10},{10847, 10},{11775, 10},{10018, 10},{14486, 10},{20367, 10},
{17099, 10},{15509, 10},{10439, 10},{7378, 10},{21588, 10},{7405, 10},{16866, 10},{10850, 10},{13596, 10},{12303, 10},
{13349, 10},{1399, 10},{25174, 10},{21661, 10},{11503, 10},{13621, 10},{3637, 10},{4215, 10},{20397, 10},{5585, 10},
{14032, 10},{15610, 10},{589, 10},{601, 10},{13787, 10},{13624, 10},{23503, 10},{3167, 10},{10214, 10},{22505, 10},
{22264, 10},{23502, 10},{12970, 10},{15601, 10},{5561, 10},{26234, 10},{14069, 10},{20089, 10},{7556, 10},{22255, 10},
{641, 10},{21254, 10},{18615, 10},{7355, 10},{3018, 10},{12321, 10},{7677, 10},{5576, 10},{14344, 10},{14048, 10},
{23720, 10},{721, 10},{10963, 10},{14360, 10},{677, 10},{20369, 10},{8576, 10},{11788, 10},{25164, 10},{395, 10},
{1928, 10},{5573, 10},{3170, 10},{3012, 10},{22842, 10},{25275, 10},{18583, 10},{4218, 10},{1018, 10},{12455, 10},
{3166, 10},{882, 10},{14052, 10},{21215, 10},{2060, 10},{21851, 10},{20873, 10},{22481, 10},{2065, 10},{21386, 10},
{21114, 10},{23729, 10},{15611, 10},{8627, 10},{3412, 10},{10923, 10},{11877, 10},{11667, 10},{5485, 10},{24503, 10},
{17211, 10},{3044, 10},{8876, 10},{18530, 10},{16865, 10},{20280, 10},{23505, 10},{3218, 10},{15479, 10},{18581, 10},
{2116, 10},{13354, 10},{1573, 10},{7352, 10},{14359, 10},{20312, 10},{18820, 10},{24376, 10},{6619, 10},{1929, 10},
{16864, 10},{25783, 10},{11668, 10},{4470, 10},{17740, 10},{25298, 10},{18089, 10},{9702, 10},{13320, 10},{9765, 10},
{3232, 10},{20107, 10},{19299, 10},{14818, 10},{23762, 10},{18587, 10},{1547, 10},{12962, 10},{5054, 10},{17679, 10},
{404, 10},{17849, 10},{22372, 10},{17194, 10},{18538, 10},{16009, 10},{5586, 10},{876, 10},{16007, 10},{14479, 10},
{19513, 10},{14050, 10},{13321, 10},{11784, 10},{7868, 10},{8619, 10},{12735, 10},{7220, 10},{18437, 10},{20905, 10},
{26235, 10},{21845, 10},{18816, 10},{3415, 10},{17826, 10},{11867, 10},{20310, 10},{21268, 10},{25193, 10},{16869, 10},
{20404, 10},{4083, 10},{3231, 10},{4143, 10},{8268, 10},{20355, 10},{4147, 10},{3913, 10},{4063, 10},{9704, 10},
{24494, 10},{26237, 10},{13474, 10},{4360, 10},{9703, 10},{10926, 10},{10990, 10},{9758, 10},{16039, 10},{5579, 10},
{25276, 10},{14663, 10},{16709, 10},{21705, 10},{22363, 10},{26008, 10},{9830, 10},{4099, 10},{7558, 10},{4971, 10},
{7353, 10},{16387, 10},{7695, 10},{5565, 10},{5278, 10},{8610, 10},{400, 10},{16386, 10},{24678, 10},{8676, 10},
{15574, 10},{4253, 10},{11320, 10},{4968, 10},{8771, 10},{20271, 10},{25283, 10},{12262, 10},{4274, 10},{19479, 10},
{24490, 10},{1695, 10},{26030, 10},{8775, 10},{17678, 10},{19285, 10},{20690, 10},{14666, 10},{19301, 10},{4252, 10},
{21218, 10},{6624, 10},{9762, 10},{13482, 10},{2010, 10},{16044, 10},{25282, 10},{25306, 10},{403, 10},{19907, 10},
{11872, 10},{17101, 10},{7684, 10},{7874, 10},{6933, 10},{1010, 10},{2069, 10},{19072, 10},{13486, 10},{8570, 10},
{12535, 10},{20314, 10},{4972, 10},{12265, 10},{3211, 10},{396, 10},{15723, 10},{20109, 10},{1009, 10},{2118, 10},
{9700, 10},{11319, 10},{10182, 10},{19077, 10},{18455, 10},{18451, 10},{4076, 10},{15518, 10},{8568, 10},{3239, 10},
{11508, 10},{16703, 10},{1935, 10},{20315, 10},{16702, 10},{3930, 10},{6669, 10},{13476, 10},{15519, 10},{7244, 10},
{25788, 10},{18321, 10},{15188, 10},{21115, 10},{14664, 10},{3010, 10},{4175, 10},{18449, 10},{16922, 10},{393, 10},
{13747, 10},{22510, 10},{4216, 10},{21261, 10},{17851, 10},{22003, 10},{18579, 10},{25948, 10},{13347, 10},{1926, 10},
{4092, 10},{12966, 10},{23780, 10},{15481, 10},{634, 10},{24039, 10},{16780, 10},{23722, 10},{15580, 10},{21606, 10},
{18086, 10},{23774, 10},{13586, 10},{2070, 10},{7560, 10},{12457, 10},{25188, 10},{11061, 10},{16380, 10},{6623, 10},
{5279, 10},{17850, 10},{12269, 10},{21605, 10},{17828, 10},{21843, 10},{11681, 10},{13542, 10},{21246, 10},{13353, 10},
{17835, 10},{25949, 10},{874, 10},{11787, 10},{585, 10},{4081, 10},{10962, 10},{3636, 10},{9810, 10},{22265, 10},
{2159, 10},{11300, 10},{18434, 10},{11675, 10},{21991, 10},{639, 10},{19300, 10},{13481, 10},{16701, 10},{19297, 10},
{22504, 10},{4060, 10},{1571, 10},{13587, 10},{3915, 10},{20693, 10},{26031, 10},{25194, 10},{9754, 10},{6622, 10},
{16926, 10},{24492, 10},{16766, 10},{25198, 10},{2119, 10},{4043, 10},{4636, 10},{11607, 10},{18585, 10},{24675, 10},
{14046, 10},{7680, 10},{24498, 10},{16426, 10},{22950, 10},{8606, 10},{21224, 10},{918, 10},{11875, 10},{18349, 10},
{722, 10},{17670, 10},{1903, 10},{2748, 10},{6664, 10},{6702, 10},{25008, 10},{3908, 10},{23781, 10},{5566, 10},
{14811, 10},{22949, 10},{4064, 10},{7358, 10},{14066, 10},{4221, 10},{10222, 10},{632, 10},{25305, 10},{20083, 10},
{21590, 10},{18537, 10},{4255, 10},{13884, 10},{25782, 10},{7675, 10},{21102, 10},{15719, 10},{10172, 10},{21641, 10},
{8651, 10},{23770, 10},{16860, 10},{8697, 10},{23773, 10},{21607, 10},{3638, 10},{18041, 10},{21397, 10},{16706, 10},
{15511, 10},{8874, 10},{5578, 10},{2750, 10},{18038, 10},{7104, 10},{18250, 10},{23592, 10},{21250, 10},{20608, 10},
{21119, 10},{18448, 10},{17607, 10},{15729, 10},{14820, 10},{22368, 10},{21269, 10},{1576, 10},{4140, 10},{3165, 10},
{23769, 10},{3217, 10},{26024, 10},{1620, 10},{20372, 10},{19281, 10},{1617, 10},{19484, 10},{1924, 10},{1577, 10},
{3635, 10},{14357, 10},{23854, 10},{13479, 10},{9547, 10},{4052, 10},{20091, 10},{2747, 10},{1624, 10},{1939, 10},
{10588, 10},{9049, 10},{14235, 10},{22941, 10},{6697, 10},{15210, 10},{14816, 10},{12668, 10},{25946, 10},{13483, 10},
{4638, 10},{5284, 10},{2007, 10},{10173, 10},{716, 10},{6670, 10},{725, 10},{18432, 10},{4249, 10},{24044, 10},
{18453, 10},{1013, 10},{7402, 10},{1404, 10},{10179, 10},{12324, 10},{15483, 10},{14332, 10},{18378, 10},{10956, 10},
{26183, 17},{13479, 17},{24275, 17},{8836, 17},{12984, 17},{12474, 17},{14952, 17},{7913, 17},{23351, 17},{1607, 17},
{12348, 8},{1445, 17},{369, 17},{380, 17},{18771, 17},{21550, 17},{15483, 17},{2063, 17},{18770, 17},{9353, 17},
{8058, 15},{24108, 15},{10108, 15},{10026, 15},{3350, 15},{8055, 15},{20633, 15},{20704, 15},{5540, 15},{15149, 15},
{11990, 15},{25810, 15},{26448, 15},{21327, 15},{2336, 15},{25812, 15},{11291, 15},{5544, 15},{14166, 15},{9973, 15},
{15093, 15},{26434, 15},{26329, 17},{26009, 17},{4173, 17},{427, 17},{16385, 3},{16788, 3},{9130, 3},{9758, 3},
{24173, 3},{2070, 3},{897, 3},{9552, 3},{20347, 17},{9701, 17},{5593, 8},{16164, 8},{21351, 8},{26403, 8},
{7562, 8},{7908, 8},{5720, 8},{22352, 8},{19792, 8},{21425, 8},{8224, 8},{20790, 8},{12934, 8},{14387, 8},
{12301, 8},{19531, 17},{5592, 8},{12300, 8},{7907, 8},{8225, 8},{26413, 8},{20341, 8},{19791, 8},{7563, 8},
{12935, 8},{19016, 8},{25045, 8},{21426, 8},{5719, 8},{14386, 8},{22353, 8},{1447, 17},{15969, 17},{3756, 17},
{8882, 17},{1696, 17},{25853, 17},{4475, 3},{24023, 3},{21250, 3},{2624, 3},{21991, 3},{1899, 3},{21265, 7},
{3234, 7},{15611, 7},{20193, 9},{22333, 17},{12099, 15},{5415, 15},{4181, 15},{1483, 15},{21469, 15},{3436, 15},
{24269, 15},{12870, 15},{6969, 15},{5415, 15},{9625, 15},{17234, 15},{14612, 15},{15875, 15},{8333, 15},{19761, 15},
{5753, 15},{3095, 15},{9495, 15},{8330, 15},{3441, 15},{2126, 15},{1483, 15},{3098, 15},{9498, 15},{25005, 15},
{6961, 15},{6560, 15},{8333, 15},{1479, 15},{21141, 17},{8300, 15},{20854, 15},{14220, 15},{6651, 15},{7024, 15},
{13333, 15},{484, 15},{9179, 15},{19231, 15},{22933, 15},{20851, 15},{11015, 17},{5726, 8},{20340, 8},{23421, 8},
{20784, 8},{8214, 8},{7568, 8},{21371, 8},{12928, 8},{22348, 8},{19797, 8},{21427, 8},{7906, 8},{25042, 8},
{16192, 8},{14381, 8},{7905, 8},{21359, 8},{12308, 8},{21428, 8},{7569, 8},{20785, 8},{19796, 8},{5594, 8},
{14380, 8},{8441, 8},{12929, 8},{25043, 8},{8215, 8},{20339, 8},{22349, 8},{1412, 17},{23398, 17},{26349, 17},
{9088, 17},{4273, 17},{718, 7},{8875, 7},{8624, 7},{8878, 7},{24572, 9},{16425, 7},{4254, 7},{20404, 7},
{8627, 7},{2159, 7},{8634, 7},{8641, 7},{14344, 7},{24571, 9},{14341, 7},{721, 7},{986, 7},{4253, 7},
{24571, 9},{15726, 7},{20875, 7},{720, 7},{24570, 9},{6704, 7},{8601, 7},{16426, 7},{21108, 7},{13620, 7},
{24566, 9},{14340, 7},{15246, 9},{8875, 7},{725, 7},{14719, 7},{719, 7},{15246, 9},{4255, 7},{1399, 7},
{20905, 7},{20873, 7},{8607, 7},{6699, 7},{992, 7},{20397, 7},{24572, 9},{13406, 17},{14340, 7},{24568, 9},
{13616, 7},{8655, 7},{14343, 7},{20907, 7},{3044, 7},{11442, 9},{4247, 7},{10309, 17},{6834, 17},{17796, 17},
{24018, 17},{2147, 17},{1636, 17},{16009, 3},{8707, 3},{718, 3},{15716, 3},{24999, 15},{64, 15},{5068, 15},
{18287, 15},{2366, 15},{15090, 15},{554, 15},{14500, 15},{23328, 15},{5070, 15},{5058, 15},{22994, 15},{23674, 15},
{17083, 15},{2667, 15},{22142, 15},{23635, 15},{450, 15},{15090, 15},{5068, 15},{8253, 15},{22529, 17},{24464, 17},
{1341, 17},{15408, 17},{12886, 17},{19552, 17},{14951, 17},{12590, 17},{8936, 17},{4018, 17},{6007, 17},{22262, 17},
{25192, 17},{3219, 17},{15442, 17},{4852, 17},{12961, 17},{19024, 17},{3513, 17},{8624, 17},{19196, 17},{15406, 17},
{2456, 13},{12452, 3},{23825, 17},{22201, 17},{11667, 3},{17467, 17},{9347, 17},{4964, 17},{17203, 17},{8753, 17},
{2883, 17},{7433, 17},{10195, 17},{18558, 17},{5117, 17},{6088, 17},{8364, 17},{9010, 17},{15951, 17},{10962, 3},
{26227, 12},{22811, 13},{7186, 12},{11064, 17},{1693, 3},{6474, 3},{2744, 3},{23779, 3},{10945, 3},{339, 17},
{3632, 15},{22142, 15},{3626, 15},{22148, 15},{19289, 1},{2558, 1},{7382, 1},{3631, 15},{684, 1},{3630, 15},
{3633, 15},{22144, 15},{8266, 17},{8567, 17},{6867, 17},{12682, 17},{1249, 15},{1250, 15},{16989, 1},{3411, 1},
{16996, 1},{1244, 15},{679, 1},{1242, 15},{1246, 15},{1243, 15},{1245, 15},{1240, 15},{1247, 15},{1241, 15},
{15481, 17},{19531, 1},{6889, 1},{19615, 15},{9585, 1},{19612, 15},{19610, 15},{15416, 15},{19607, 15},{11742, 15},
{19611, 15},{19609, 15},{19284, 1},{19616, 15},{16994, 1},{19614, 15},{23965, 1},{496, 17},{5517, 1},{2350, 15},
{25041, 1},{2355, 15},{20359, 1},{2349, 15},{11331, 1},{2347, 15},{2354, 15},{2351, 15},{2353, 15},{2352, 15},
{3413, 1},{2356, 15},{2348, 15},{12300, 1},{20845, 1},{10224, 1},{23637, 15},{23045, 15},{23632, 15},{23640, 15},
{9851, 1},{19287, 1},{23630, 15},{6090, 1},{23634, 15},{23628, 15},{16991, 1},{25551, 1},{17078, 15},{23976, 1},
{5580, 17},{19705, 17},{25666, 17},{18245, 17},{22991, 15},{20001, 15},{8251, 15},{13214, 15},{12743, 17},{2413, 17},
{6823, 17},{18074, 17},{4966, 17},{16932, 17},{2441, 17},{9087, 17},{7112, 4},{14486, 4},{17332, 4},{5343, 4},
{15914, 4},{7709, 4},{5536, 4},{18565, 4},{14488, 4},{24832, 2},{9700, 4},{17603, 4},{5341, 4},{24834, 2},
{469, 14},{10792, 4},{14346, 4},{14223, 4},{10793, 4},{5342, 4},{706, 4},{26382, 4},{6305, 4},{19984, 4},
{475, 14},{6126, 4},{20090, 4},{473, 14},{14858, 4},{17024, 4},{2153, 4},{24401, 4},{23454, 4},{10261, 4},
{13223, 4},{3764, 4},{25318, 4},{20902, 4},{10790, 4},{24161, 4},{5594, 4},{18668, 4},{17017, 4},{8361, 2},
{19330, 4},{10795, 4},{26056, 4},{18567, 4},{20083, 4},{9701, 4},{19323, 4},{26057, 4},{10797, 4},{9704, 4},
{21218, 4},{23421, 4},{12566, 4},{10873, 4},{477, 14},{3989, 4},{6689, 4},{15578, 4},{10253, 4},{10259, 4},
{9451, 2},{18675, 4},{11414, 4},{8574, 4},{7101, 4},{16624, 4},{24166, 4},{17596, 4},{23430, 4},{21221, 4},
{24168, 4},{10257, 4},{397, 4},{14484, 4},{6311, 4},{13317, 4},{17023, 4},{26052, 4},{24836, 2},{16879, 4},
{800, 4},{393, 4},{471, 14},{1393, 4},{8572, 4},{23447, 4},{2161, 4},{16820, 4},{15900, 4},{9698, 4},
{20976, 4},{19987, 4},{13314, 4},{15844, 4},{18650, 4},{9459, 2},{4481, 4},{994, 4},{5526, 4},{17028, 4},
{11226, 4},{25317, 4},{1541, 4},{12562, 4},{5592, 4},{10560, 4},{7381, 4},{14464, 4},{404, 4},{9460, 2},
{23452, 4},{1538, 4},{707, 4},{15841, 4},{16816, 4},{6279, 2},{24164, 4},{17018, 4},{19319, 4},{14534, 14},
{20089, 4},{14239, 4},{6301, 4},{6608, 4},{24398, 4},{9032, 2},{13358, 4},{4477, 4},{3984, 4},{21096, 4},
{8364, 2},{13218, 4},{13228, 4},{1543, 4},{14482, 4},{7103, 4},{14347, 4},{16876, 4},{711, 4},{9454, 2},
{13224, 4},{1394, 4},{14467, 4},{22100, 4},{8595, 4},{8367, 2},{12318, 4},{17333, 4},{13315, 4},{12561, 4},
{400, 4},{7104, 4},{26053, 4},{6131, 4},{470, 14},{9453, 2},{22092, 4},{22140, 4},{14487, 4},{16623, 4},
{3983, 4},{23455, 4},{5593, 4},{3990, 4},{6307, 4},{15576, 4},{25311, 4},{16892, 4},{4483, 4},{16886, 4},
{13043, 4},{3986, 4},{3061, 14},{9911, 4},{5333, 4},{396, 4},{26435, 4},{16817, 4},{8573, 4},{403, 4},
{714, 4},{25110, 4},{23453, 4},{1546, 4},{17335, 4},{21095, 4},{13221, 4},{9920, 4},{10559, 4},{17340, 4},
{12256, 4},{8867, 4},{24171, 4},{115, 4},{128, 4},{5588, 4},{9707, 4},{3761, 4},{16619, 4},{16813, 4},
{14532, 14},{3760, 4},{126, 4},{12563, 4},{3762, 4},{16433, 4},{10256, 4},{22133, 4},{24835, 2},{14866, 4},
{8576, 4},{24172, 4},{9808, 4},{24391, 4},{17025, 4},{10555, 4},{398, 4},{17022, 4},{22141, 4},{26402, 4},
{21097, 4},{23682, 4},{13316, 4},{24165, 4},{246, 4},{17330, 4},{3975, 4},{15843, 4},{9458, 2},{21216, 4},
{14336, 4},{120, 4},{5587, 4},{17331, 4},{9456, 2},{8567, 4},{8365, 2},{21222, 4},{25320, 4},{4479, 4},
{713, 4},{12314, 4},{13318, 4},{16824, 4},{12317, 4},{1542, 4},{15839, 4},{2766, 4},{25319, 4},{10842, 4},
{23683, 4},{16415, 4},{10556, 4},{13321, 4},{26055, 4},{712, 4},{21100, 4},{19321, 4},{19318, 4},{6308, 4},
{710, 4},{14335, 4},{20087, 4},{10867, 4},{15904, 4},{26329, 4},{8865, 4},{8873, 4},{10557, 4},{17458, 4},
{3758, 4},{15845, 4},{127, 4},{6286, 4},{9703, 4},{13216, 4},{24404, 4},{9457, 2},{2158, 4},{12079, 4},
{20091, 4},{4482, 4},{10788, 4},{6283, 2},{21223, 4},{3988, 4},{8868, 4},{10839, 4},{23676, 4},{17021, 4},
{14337, 4},{13313, 4},{21098, 4},{15940, 4},{19325, 4},{20082, 4},{3987, 4},{10864, 4},{20084, 4},{10838, 4},
{24400, 4},{25312, 4},{26060, 4},{7216, 4},{17026, 4},{14481, 4},{12316, 4},{21215, 4},{24837, 2},{17334, 4},
{20890, 4},{4486, 4},{9706, 4},{12312, 4},{10262, 4},{9972, 4},{1547, 4},{25112, 4},{980, 4},{17027, 4},
{8569, 4},{5539, 4},{15580, 4},{26058, 4},{3985, 4},{6129, 4},{21224, 4},{12560, 4},{24403, 4},{6130, 4},
{4485, 4},{16618, 4},{10260, 4},{25129, 4},{21099, 4},{18563, 4},{8570, 4},{19324, 4},{26051, 4},{17339, 4},
{23677, 4},{16423, 4},{7100, 4},{12559, 4},{25102, 4},{8568, 4},{17595, 4},{14235, 4},{18566, 4},{8581, 4},
{8368, 2},{18569, 4},{8363, 2},{26059, 4},{118, 4},{10548, 4},{23446, 4},{13546, 4},{17446, 4},{8863, 4},
{25322, 4},{25309, 4},{6285, 2},{1544, 4},{1539, 4},{25315, 4},{10794, 4},{7710, 4},{14485, 4},{10562, 4},
{4478, 4},{476, 14},{11450, 4},{21225, 4},{13225, 4},{12087, 4},{5345, 4},{708, 4},{13322, 4},{3765, 4},
{21219, 4},{1540, 4},{18558, 4},{24399, 4},{10258, 4},{13165, 4},{24162, 4},{24830, 2},{26407, 4},{3759, 4},
{6302, 4},{8866, 4},{23059, 2},{7387, 4},{14339, 4},{18564, 4},{7422, 4},{9833, 4},{6127, 4},{5347, 4},
{6304, 4},{7714, 4},{8575, 4},{478, 14},{7510, 14},{715, 4},{10254, 4},{3763, 4},{394, 4},{9699, 4},
{13222, 4},{9452, 2},{9705, 4},{18673, 4},{9928, 4},{23451, 4},{3756, 4},{13320, 4},{26054, 4},{16815, 4},
{3991, 4},{4484, 4},{8571, 4},{12319, 4},{16621, 4},{2152, 4},{9702, 4},{13213, 4},{1392, 4},{19993, 4},
{16620, 4},{6426, 4},{20739, 4},{8864, 4},{709, 4},{13227, 4},{9981, 4},{24392, 4},{21220, 4},{6562, 4},
{15574, 4},{8870, 4},{14338, 4},{14334, 4},{25310, 4},{5600, 4},{5348, 4},{5346, 4},{7715, 4},{6423, 4},
{23535, 4},{18562, 4},{9455, 2},{1391, 4},{24163, 4},{23061, 2},{23061, 6},{2155, 4},{22118, 4},{12313, 4},
{23449, 4},{21106, 4},{15838, 4},{472, 14},{2157, 4},{2162, 4},{5532, 4},{16819, 4},{3755, 4},{5344, 4},
{19320, 4},{25323, 4},{15840, 4},{10796, 4},{5597, 4},{13319, 4},{24363, 2},{22102, 4},{26287, 4},{8585, 4},
{25313, 4},{10852, 4},{16825, 4},{10255, 4},{23450, 4},{2154, 4},{8366, 2},{18568, 4},{19995, 4},{5523, 4},
{1545, 4},{22084, 4},{6123, 4},{3982, 4},{9033, 2},{7220, 4},{8362, 2},{23448, 4},{20086, 4},{16818, 4},
{17337, 4},{7111, 4},{16814, 4},{25127, 4},{17336, 4},{395, 4},{24167, 4},{15842, 4},{24831, 2},{23671, 4},
{14479, 4},{7389, 4},{15836, 4},{26437, 4},{399, 4},{6303, 4},{12556, 4},{12323, 4},{6287, 2},{7385, 4},
{25109, 4},{18684, 4},{22114, 4},{8582, 4},{15837, 4},{5545, 4},{2156, 4},{14960, 15},{6093, 7},{26001, 9},
{25418, 7},{22181, 7},{19288, 0},{12743, 7},{12301, 7},{22180, 7},{6885, 7},{19959, 7},{20766, 7},{19099, 7},
{3249, 7},{4680, 7},{25046, 7},{19096, 7},{23645, 7},{11341, 7},{17563, 7},{25852, 7},{6090, 7},{3425, 0},
{6092, 7},{13990, 7},{11047, 7},{25554, 7},{20767, 7},{26279, 7},{12744, 7},{12742, 7},{24348, 7},{13988, 7},
{26002, 9},{24346, 7},{11160, 7},{26277, 7},{3967, 7},{22834, 7},{22180, 7},{9851, 7},{25048, 7},{13986, 7},
{2564, 7},{3967, 7},{18801, 7},{19527, 7},{25851, 7},{23937, 9},{22827, 7},{11334, 7},{11330, 7},{11047, 7},
{23641, 7},{13989, 7},{9250, 7},{11079, 7},{13991, 7},{4672, 7},{10213, 0},{12300, 7},{13821, 7},{1603, 7},
{19094, 7},{22185, 7},{6098, 7},{13820, 7},{11335, 7},{4674, 7},{18692, 7},{22829, 7},{19093, 7},{19540, 7},
{25046, 7},{1604, 7},{13822, 7},{20766, 7},{26001, 9},{25851, 7},{1605, 7},{9244, 7},{3958, 7},{12747, 7},
{13985, 7},{3962, 7},{17556, 7},{25448, 7},{1602, 7},{10460, 7},{16989, 0},{25551, 7},{26230, 9},{5779, 7},
{15399, 7},{19532, 7},{3334, 7},{1606, 7},{4676, 7},{5775, 7},{6097, 7},{19090, 7},{10215, 7},{26230, 9},
{15403, 7},{3260, 7},{23641, 7},{3966, 7},{19524, 7},{4681, 7},{25847, 7},{26276, 7},{16192, 7},{6095, 7},
{18309, 7},{6093, 7},{18795, 7},{17564, 7},{17562, 7},{3965, 7},{5934, 7},{18797, 7},{3260, 7},{25547, 7},
{19525, 7},{18803, 7},{26003, 9},{20770, 7},{12307, 7},{10219, 0},{26229, 9},{16192, 7},{5786, 7},{14200, 7},
{12744, 7},{18804, 7},{26276, 7},{19787, 7},{3256, 7},{19532, 7},{20768, 7},{25850, 7},{10194, 7},{5779, 7},
{3960, 7},{22181, 7},{12741, 7},{9253, 7},{22183, 7},{18798, 7},{25853, 7},{13817, 7},{26271, 7},{23647, 7},
{25556, 7},{3962, 7},{1601, 7},{20877, 17},{13822, 7},{11427, 7},{15398, 7},{19090, 7},{21470, 7},{19533, 7},
{19532, 7},{20761, 7},{22184, 7},{25464, 7},{13826, 7},{13984, 7},{23950, 9},{8846, 7},{10456, 7},{2558, 7},
{10457, 7},{23937, 9},{17558, 7},{18799, 7},{24353, 7},{15405, 7},{9849, 7},{20360, 0},{25051, 7},{25418, 7},
{18302, 7},{12740, 7},{13985, 7},{1607, 7},{20814, 17},{1935, 17},{20185, 17},{15210, 17},{7900, 17},{17309, 17},
{21588, 7},{19139, 9},{21253, 7},{21591, 7},{18038, 7},{21727, 7},{5272, 15},{8332, 15},{1915, 15},{15267, 15},
{5749, 15},{9418, 9},{21716, 7},{21245, 7},{18252, 7},{21874, 17},{9705, 17},{19080, 7},{18246, 7},{22322, 9},
{14052, 7},{16772, 7},{18040, 7},{11303, 7},{1405, 7},{21727, 7},{18378, 7},{22323, 9},{5278, 7},{1620, 17},
{24243, 17},{1976, 17},{24571, 17},{5298, 17},{18820, 17},{6279, 17},{13084, 12},{1403, 3},{18070, 17},{1266, 15},
{7461, 15},{19207, 15},{3000, 15},{8892, 15},{17054, 15},{23510, 17},{3470, 17},{16703, 17},{399, 17},{21113, 17},
{2823, 17},{12512, 13},{9344, 3},{26146, 13},{1447, 13},{19286, 3},{18536, 17},{25460, 17},{18672, 17},{5489, 17},
{16767, 3},{9130, 12},{9418, 3},{11086, 3},{2463, 13},{13483, 3},{10367, 17},{18038, 17},{18734, 17},{1619, 17},
{18622, 17},{22003, 17},{25716, 17},{25744, 17},{3958, 17},{634, 17},{6142, 17},{19318, 17},{2766, 17},{26015, 17},
{724, 3},{9139, 3},{25123, 3},{23624, 3},{4146, 3},{19693, 17},{6302, 17},{978, 17},{21105, 17},{10959, 17},
{3222, 17},{16962, 17},{20852, 17},{4272, 17},{10132, 17},{7350, 17},{14700, 17},{22501, 17},{1035, 17},{17955, 17},
{17173, 17},{25280, 17},{11442, 12},{10709, 12},{11315, 3},{4472, 3},{15453, 12},{15721, 3},{8615, 3},{2006, 3},
{14487, 17},{21400, 17},{15720, 17},{24505, 17},{24872, 17},{4091, 1},{13869, 15},{13870, 15},{485, 15},{9918, 15},
{483, 15},{479, 15},{25497, 1},{13865, 15},{13868, 15},{481, 15},{18239, 1},{18696, 1},{489, 15},{486, 15},
{484, 15},{598, 1},{13867, 15},{482, 15},{13866, 15},{480, 15},{16933, 17},{17211, 17},{13503, 17},{5285, 17},
{22681, 17},{6229, 17},{7104, 3},{14235, 17},{4290, 17},{20907, 17},{19297, 17},{5727, 17},{14245, 17},{14, 17},
{25553, 17},{4183, 17},{20211, 3},{7354, 3},{7192, 13},{12169, 17},{14600, 17},{24315, 17},{18076, 17},{4097, 3},
{6229, 13},{9129, 13},{4915, 17},{9122, 12},{3212, 3},{5729, 17},{12893, 17},{11708, 17},{24608, 17},{3044, 3},
{22944, 3},{16203, 17},{19723, 17},{20278, 17},{6000, 17},{5459, 8},{26347, 8},{9568, 8},{5138, 8},{4714, 8},
{15861, 8},{18520, 8},{7361, 8},{25131, 8},{17155, 8},{861, 8},{20242, 8},{14174, 8},{6931, 8},{17816, 8},
{24492, 17},{9974, 17},{17148, 8},{10549, 8},{26345, 8},{5134, 8},{20240, 8},{4706, 8},{15858, 8},{5450, 8},
{14181, 8},{852, 8},{6922, 8},{25133, 8},{18524, 8},{7369, 8},{19294, 8},{4705, 8},{26344, 8},{5451, 8},
{15859, 8},{853, 8},{5133, 8},{10550, 8},{17147, 8},{25132, 8},{19293, 8},{20239, 8},{18542, 8},{6921, 8},
{14182, 8},{18525, 8},{15856, 8},{17146, 8},{25135, 8},{4708, 8},{6924, 8},{20238, 8},{26343, 8},{19296, 8},
{5136, 8},{7367, 8},{5452, 8},{10547, 8},{854, 8},{18522, 8},{14183, 8},{5135, 8},{5453, 8},{25134, 8},
{14184, 8},{18523, 8},{10840, 8},{19295, 8},{15857, 8},{20237, 8},{26342, 8},{855, 8},{4707, 8},{6923, 8},
{7368, 8},{17145, 8},{15800, 8},{17152, 8},{10854, 8},{19290, 8},{26341, 8},{18528, 8},{5454, 8},{20236, 8},
{5130, 8},{15854, 8},{856, 8},{7365, 8},{4710, 8},{14177, 8},{25137, 8},{4709, 8},{6925, 8},{7366, 8},
{26340, 8},{25136, 8},{20235, 8},{14178, 8},{9579, 8},{17151, 8},{18529, 8},{5129, 8},{5455, 8},{857, 8},
{15855, 8},{10857, 8},{25139, 8},{14179, 8},{18526, 8},{10551, 8},{5456, 8},{7363, 8},{5132, 8},{4712, 8},
{15852, 8},{26339, 8},{858, 8},{20234, 8},{17150, 8},{6928, 8},{19292, 8},{5131, 8},{14180, 8},{26338, 8},
{19291, 8},{17149, 8},{6927, 8},{10552, 8},{18527, 8},{4711, 8},{25138, 8},{5457, 8},{20233, 8},{859, 8},
{7364, 8},{15853, 8},{17311, 17},{22264, 17},{25938, 17},{26299, 17},{2880, 17},{9345, 9},{12730, 7},{25947, 7},
{8778, 7},{637, 7},{8769, 7},{22848, 7},{3932, 9},{8774, 7},{3932, 9},{16041, 7},{641, 7},{20315, 7},
{20314, 7},{3929, 9},{22841, 7},{3172, 7},{13535, 7},{3929, 9},{16046, 7},{13537, 7},{25949, 7},{6619, 7},
{3170, 7},{25955, 7},{3173, 7},{18614, 3},{14311, 13},{3172, 3},{4124, 5},{14686, 5},{4131, 5},{9417, 5},
{8151, 5},{3451, 5},{4546, 5},{180, 5},{20865, 5},{7098, 5},{11071, 5},{899, 5},{20713, 5},{14685, 5},
{25122, 5},{9454, 5},{22909, 5},{7094, 5},{12519, 5},{20195, 5},{9122, 5},{13430, 5},{20197, 5},{6381, 5},
{25235, 5},{20406, 5},{25116, 5},{12174, 17},{21454, 17},{9891, 17},{14684, 5},{26003, 5},{9458, 5},{21660, 5},
{10845, 5},{4116, 5},{866, 5},{25922, 5},{20879, 5},{22322, 5},{3926, 5},{12332, 5},{2628, 5},{13432, 5},
{9416, 5},{2456, 5},{15902, 5},{7278, 5},{4374, 5},{2878, 17},{12246, 17},{3452, 5},{13148, 5},{20866, 5},
{20883, 5},{6285, 5},{15457, 5},{9139, 5},{9551, 5},{20202, 5},{26220, 5},{12653, 5},{4372, 5},{902, 5},
{2455, 5},{7095, 5},{17259, 5},{7195, 5},{3455, 5},{9136, 5},{14308, 5},{5355, 17},{23944, 17},{11965, 17},
{23292, 5},{8368, 5},{22330, 5},{22329, 5},{9123, 5},{25118, 5},{4369, 5},{14688, 5},{14304, 5},{17265, 5},
{3932, 5},{25238, 5},{24363, 5},{20712, 5},{25236, 5},{867, 5},{11082, 5},{26230, 5},{13150, 5},{11442, 5},
{20719, 5},{20881, 5},{9452, 5},{20199, 5},{17258, 5},{7275, 5},{22327, 5},{8150, 5},{15449, 5},{8361, 5},
{12612, 17},{15, 17},{2108, 17},{13572, 17},{24653, 17},{6894, 17},{4949, 17},{16428, 17},{24353, 17},{12327, 17},
{805, 17},{18306, 17},{25121, 12},{4132, 12},{4107, 13},{6283, 17},{19023, 17},{9539, 17},{24097, 17},{22261, 8},
{5564, 8},{24503, 8},{7680, 8},{1576, 8},{5487, 8},{5565, 8},{7679, 8},{1575, 8},{22262, 8},{5486, 8},
{24502, 8},{1578, 8},{22259, 8},{5489, 8},{5566, 8},{7682, 8},{24505, 8},{5488, 8},{24504, 8},{22260, 8},
{7611, 8},{1577, 8},{7681, 8},{22363, 17},{5569, 8},{5482, 8},{22258, 8},{7675, 8},{1571, 8},{7678, 8},
{5570, 8},{22255, 8},{1574, 8},{24507, 8},{5485, 8},{24506, 8},{5571, 8},{5484, 8},{1573, 8},{22256, 8},
{7677, 8},{25109, 17},{1570, 8},{5561, 8},{22264, 8},{7684, 8},{22265, 8},{7683, 8},{9567, 8},{5562, 8},
{13134, 15},{3339, 15},{2795, 15},{19565, 15},{25712, 17},{6463, 17},{20694, 3},{16995, 3},{7553, 3},{9701, 1},
{7446, 15},{20286, 15},{13490, 15},{21225, 1},{7443, 15},{13492, 15},{18939, 15},{1546, 1},{13491, 15},{13493, 15},
{15842, 1},{13500, 15},{7447, 15},{13495, 15},{7445, 15},{24168, 1},{13489, 15},{10560, 1},{13494, 15},{14479, 1},
{20084, 1},{14858, 1},{13496, 15},{2155, 1},{18934, 15},{18937, 15},{23677, 17},{1345, 17},{8882, 3},{9135, 3},
{6313, 13},{20596, 3},{15500, 13},{7868, 3},{22520, 17},{24022, 17},{3626, 15},{13917, 15},{10006, 17},{2710, 17},
{13451, 7},{9120, 7},{10326, 7},{3113, 7},{4373, 9},{2107, 7},{14954, 7},{9118, 7},{19799, 7},{14952, 7},
{6079, 7},{13450, 7},{13030, 7},{1490, 7},{12499, 0},{2102, 7},{21746, 7},{18150, 7},{19794, 7},{19801, 7},
{4373, 9},{9121, 7},{21750, 7},{1496, 7},{19796, 7},{14428, 7},{789, 7},{8068, 7},{25385, 7},{786, 7},
{9114, 7},{10321, 7},{25391, 7},{11400, 7},{8077, 7},{10326, 7},{24906, 7},{1498, 7},{13023, 7},{4374, 9},
{6536, 7},{11397, 7},{13024, 7},{19800, 7},{6529, 7},{8074, 7},{15975, 7},{4622, 7},{25387, 7},{4374, 9},
{21664, 7},{14955, 7},{10318, 7},{18149, 7},{2442, 7},{15970, 7},{2437, 7},{6533, 7},{21672, 7},{786, 7},
{3506, 7},{15974, 7},{9114, 7},{4367, 9},{2441, 7},{6529, 7},{2106, 7},{14948, 7},{789, 7},{21672, 7},
{24903, 7},{8068, 7},{21748, 7},{22767, 7},{24901, 7},{3512, 7},{14953, 7},{22769, 7},{11396, 7},{3112, 7},
{19196, 7},{785, 7},{2100, 7},{22771, 7},{13450, 7},{17831, 0},{2440, 7},{9120, 7},{4367, 9},{19792, 7},
{14425, 7},{21752, 7},{23667, 7},{8077, 7},{24901, 7},{11653, 7},{6083, 7},{19220, 7},{25386, 7},{21755, 7},
{3504, 7},{3509, 7},{25391, 7},{19798, 7},{19302, 0},{6801, 7},{6800, 7},{17097, 7},{180, 9},{21670, 7},
{15657, 7},{13453, 7},{13447, 7},{17093, 7},{15974, 7},{11400, 7},{8074, 7},{5653, 7},{13464, 7},{15979, 7},
{14950, 7},{18159, 7},{9120, 7},{6535, 7},{13449, 7},{17094, 7},{1494, 7},{6801, 7},{13023, 7},{180, 9},
{22774, 7},{19796, 7},{11653, 7},{14948, 7},{14955, 7},{5653, 7},{18150, 7},{18151, 7},{24907, 7},{3507, 7},
{21751, 7},{17090, 7},{21663, 7},{2104, 7},{18158, 7},{13451, 7},{19014, 7},{7480, 7},{4370, 9},{21754, 7},
{15632, 7},{9121, 7},{22775, 7},{3505, 7},{3506, 7},{6807, 7},{787, 7},{21752, 7},{1491, 7},{13026, 7},
{21663, 7},{17094, 7},{18154, 7},{6538, 7},{26025, 0},{2443, 7},{784, 7},{6533, 7},{4370, 9},{788, 7},
{20804, 17},{23292, 12},{20007, 15},{15090, 15},{19657, 15},{8121, 15},{8109, 15},{22084, 17},{24041, 17},{17513, 17},
{17643, 17},{22589, 17},{15141, 17},{4753, 17},{18970, 17},{13411, 17},{17318, 17},{10952, 17},{9131, 3},{22911, 13},
{11678, 3},{9122, 13},{21245, 17},{18674, 17},{655, 17},{23033, 17},{12710, 17},{11363, 8},{6352, 8},{11362, 8},
{6353, 8},{21128, 17},{6355, 8},{11360, 8},{15442, 8},{6358, 8},{11356, 8},{19139, 13},{7981, 12},{8837, 3},
{15301, 17},{10928, 17},{21621, 15},{23324, 15},{18202, 15},{10361, 15},{25929, 15},{1240, 15},{18351, 15},{5069, 15},
{3633, 15},{3627, 15},{8246, 15},{14500, 15},{14113, 15},{10362, 15},{59, 15},{18287, 15},{19610, 15},{18351, 15},
{2348, 15},{13226, 15},{8666, 17},{12176, 17},{19865, 17},{22142, 15},{19654, 15},{14111, 15},{18204, 15},{1250, 15},
{12396, 15},{21576, 15},{9601, 17},{15910, 17},{13291, 15},{15152, 15},{7495, 15},{10636, 15},{21322, 15},{18057, 15},
{25811, 15},{17732, 3},{19513, 3},{5964, 17},{20107, 17},{12302, 17},{6617, 3},{1018, 3},{17629, 12},{3455, 12},
{10179, 3},{15519, 3},{762, 17},{24907, 17},{18533, 7},{21849, 7},{14311, 9},{17835, 7},{17827, 7},{12494, 7},
{14311, 9},{12501, 7},{12497, 7},{17836, 7},{21075, 7},{4175, 7},{10179, 7},{21079, 7},{6313, 9},{26027, 7},
{21082, 7},{10963, 7},{18534, 7},{6313, 9},{21083, 7},{10172, 7},{10182, 7},{21080, 7},{18531, 7},{20575, 7},
{19299, 7},{11027, 7},{12499, 7},{4175, 7},{14308, 9},{17830, 7},{4176, 7},{14308, 9},{26025, 7},{21081, 7},
{18537, 7},{12501, 7},{4172, 7},{12498, 7},{21078, 7},{6296, 9},{17836, 7},{19297, 7},{14304, 9},{21076, 7},
{21074, 7},{17826, 7},{25276, 7},{25944, 9},{12498, 7},{12496, 7},{17828, 7},{19300, 7},{21081, 7},{17827, 7},
{14306, 9},{4183, 7},{19306, 7},{17832, 7},{12933, 17},{16383, 17},{12186, 17},{18453, 3},{25234, 12},{23547, 3},
{23696, 17},{3369, 17},{25773, 17},{14335, 17},{12409, 17},{5762, 17},{26270, 17},{7152, 17},{8572, 17},{8607, 1},
{11131, 1},{4252, 1},{722, 1},{21676, 15},{21677, 15},{21673, 15},{14333, 1},{6992, 1},{21675, 15},{1399, 1},
{4248, 1},{21674, 15},{13410, 1},{4775, 1},{16425, 1},{6487, 15},{6486, 15},{6483, 15},{1034, 1},{6484, 15},
{6485, 15},{14343, 1},{6482, 15},{5162, 1},{724, 1},{3654, 15},{3651, 15},{20907, 1},{3648, 15},{719, 1},
{3653, 15},{3650, 15},{25349, 1},{3090, 1},{10154, 1},{3652, 15},{1042, 1},{3649, 15},{14344, 1},{8669, 1},
{16437, 1},{6702, 1},{8875, 1},{8674, 1},{23141, 15},{23140, 15},{23142, 15},{9367, 1},{24511, 1},{8645, 1},
{21829, 1},{499, 1},{23143, 15},{23139, 15},{3044, 1},{19473, 1},{8532, 15},{13620, 1},{13101, 1},{8624, 1},
{8531, 15},{19475, 1},{16517, 1},{21833, 1},{20873, 1},{8533, 15},{8537, 15},{8535, 15},{8534, 15},{14342, 1},
{4256, 1},{8536, 15},{18641, 15},{18642, 15},{21105, 1},{18644, 15},{18649, 15},{1396, 1},{16518, 1},{18646, 15},
{25672, 1},{5989, 15},{22315, 1},{18647, 15},{11126, 1},{18640, 15},{13616, 1},{18645, 15},{26144, 17},{880, 3},
{20355, 3},{11877, 3},{3522, 17},{16829, 17},{23353, 17},{9821, 17},{7262, 17},{10577, 17},{12187, 17},{1612, 17},
{22551, 17},{6624, 17},{12964, 3},{10921, 3},{9551, 3},{25183, 17},{2744, 17},{7083, 17},{8183, 17},{17383, 17},
{6195, 17},{11333, 17},{22841, 3},{24830, 12},{20876, 13},{23768, 3},{7444, 17},{18086, 17},{19325, 17},{6137, 17},
{4934, 17},{24877, 17},{18432, 17},{24982, 17},{21252, 17},{2148, 17},{7874, 17},{10259, 17},{23964, 17},{14014, 17},
{19301, 3},{6383, 12},{10260, 17},{5160, 17},{20315, 17},{1110, 17},{10012, 17},{12935, 17},{15868, 17},{19079, 17},
{23553, 17},{4173, 3},{17679, 3},{11505, 3},{18234, 17},{13439, 13},{14813, 3},{6380, 3},{6381, 13},{5359, 17},
{25555, 17},{3112, 17},{26352, 3},{9131, 13},{10649, 17},{17949, 17},{23855, 17},{16974, 15},{2496, 15},{20327, 15},
{4431, 15},{7624, 15},{16148, 15},{10081, 15},{25344, 15},{9745, 15},{1104, 15},{8670, 15},{1526, 15},{12920, 15},
{24192, 15},{16243, 15},{18643, 15},{15607, 15},{386, 15},{25249, 15},{15607, 15},{11972, 15},{11556, 15},{11657, 15},
{21819, 15},{4204, 15},{26414, 15},{16975, 15},{16331, 15},{19623, 15},{6497, 15},{11972, 15},{4435, 15},{1524, 15},
{26207, 15},{6638, 17},{9755, 17},{23671, 17},{20371, 17},{11361, 17},{25996, 17},{12966, 17},{21081, 17},{14761, 17},
{5761, 17},{11334, 17},{17178, 17},{2600, 17},{10223, 17},{21660, 17},{2066, 17},{23513, 17},{21782, 17},{7686, 17},
{16706, 17},{15914, 17},{26014, 17},{24866, 15},{24402, 15},{683, 17},{24324, 17},{22373, 17},{9311, 17},{7191, 13},
{9032, 13},{5097, 13},{17258, 3},{9139, 13},{6301, 17},{2707, 17},{11265, 17},{24348, 17},{23725, 17},{13227, 17},
{9455, 3},{1898, 3},{1396, 3},{20883, 13},{5967, 17},{16996, 17},{399, 3},{6452, 17},{23352, 17},{6390, 13},
{21251, 3},{7216, 3},{876, 17},{4517, 17},{10425, 17},{25363, 17},{21901, 17},{25770, 17},{8192, 17},{14556, 17},
{4361, 17},{5822, 17},{4567, 17},{8471, 17},{12258, 17},{15403, 17},{14927, 17},{22832, 17},{3212, 17},{18696, 4},
{21822, 4},{20272, 4},{26267, 4},{4000, 4},{23153, 4},{7679, 4},{15290, 4},{9065, 4},{4202, 4},{12781, 4},
{2373, 4},{17852, 4},{22202, 4},{5760, 4},{14689, 4},{14663, 4},{8551, 4},{18772, 4},{15427, 4},{11616, 4},
{6142, 4},{11676, 4},{11610, 4},{10690, 4},{23119, 4},{22804, 2},{21316, 4},{13066, 4},{13059, 4},{10810, 4},
{427, 4},{17964, 4},{25893, 4},{19147, 4},{11614, 4},{19142, 4},{18699, 4},{18432, 4},{5729, 4},{24077, 4},
{15367, 4},{5728, 4},{4091, 4},{406, 4},{4093, 4},{24069, 4},{25416, 4},{12420, 14},{11617, 4},{2372, 4},
{14657, 4},{4095, 4},{12703, 4},{11673, 4},{17242, 4},{15289, 4},{19534, 4},{18774, 4},{19958, 4},{22200, 4},
{7683, 4},{22199, 4},{3087, 4},{3999, 4},{14667, 4},{3257, 4},{21398, 4},{20277, 4},{15956, 4},{25166, 4},
{10806, 4},{14665, 4},{22807, 2},{11010, 4},{15432, 4},{25885, 4},{4004, 4},{17250, 4},{16831, 4},{22206, 4},
{18702, 4},{20278, 4},{19455, 4},{4098, 4},{15947, 4},{4099, 4},{6389, 2},{22743, 4},{23695, 4},{21401, 4},
{25495, 4},{22016, 4},{17844, 4},{17970, 4},{10465, 4},{11013, 4},{14668, 4},{7682, 4},{3255, 4},{19487, 4},
{19530, 4},{19484, 4},{22015, 4},{21534, 4},{16007, 4},{7678, 4},{5757, 4},{25452, 4},{10805, 4},{10694, 4},
{14690, 4},{13060, 4},{10811, 4},{24875, 4},{12705, 4},{10803, 4},{12712, 4},{11019, 4},{16009, 4},{21533, 4},
{22746, 4},{17969, 4},{23693, 4},{6384, 2},{22017, 4},{3589, 4},{20274, 4},{9067, 4},{22377, 4},{12416, 14},
{25501, 4},{2368, 4},{6146, 4},{3086, 4},{18435, 4},{12415, 14},{11333, 4},{15107, 4},{10808, 4},{25494, 4},
{19452, 4},{26269, 4},{17843, 4},{3084, 4},{10807, 4},{16832, 4},{5762, 4},{15952, 4},{22742, 4},{19479, 4},
{4001, 4},{19141, 4},{6312, 4},{13474, 4},{13475, 4},{588, 4},{6386, 2},{17966, 4},{11024, 4},{11070, 4},
{25165, 4},{20594, 4},{22357, 4},{4201, 4},{24870, 4},{25498, 4},{6141, 4},{4409, 4},{24072, 4},{598, 4},
{10588, 4},{22750, 4},{18437, 4},{11223, 4},{10409, 4},{25889, 4},{2375, 4},{17249, 4},{587, 4},{11618, 4},
{2377, 4},{23692, 4},{10461, 4},{10410, 4},{16834, 4},{18710, 4},{6385, 2},{15430, 4},{26273, 4},{7947, 4},
{22201, 4},{3085, 4},{10404, 4},{21312, 4},{22021, 4},{14669, 4},{13064, 4},{592, 4},{11609, 4},{13477, 4},
{3251, 4},{11615, 4},{4119, 2},{18770, 4},{23779, 4},{7677, 4},{11336, 4},{20608, 4},{15357, 4},{25450, 4},
{11911, 2},{12710, 4},{6145, 4},{18182, 4},{15425, 4},{25500, 4},{595, 4},{21317, 4},{15429, 4},{16008, 4},
{22749, 4},{6388, 2},{12707, 4},{23355, 14},{13057, 4},{22806, 2},{21988, 4},{9059, 4},{14666, 4},{23688, 4},
{11018, 4},{22805, 2},{25887, 4},{22748, 4},{4203, 4},{18768, 4},{21989, 4},{4002, 4},{3079, 4},{20276, 4},
{3082, 4},{10709, 2},{3259, 4},{25174, 4},{19445, 4},{23345, 14},{10463, 4},{18773, 4},{25888, 4},{21993, 4},
{21996, 4},{23343, 14},{6138, 4},{15108, 4},{12709, 4},{17248, 4},{21532, 4},{3587, 4},{19964, 4},{6140, 4},
{10464, 4},{11680, 4},{5759, 4},{11009, 4},{6383, 2},{4206, 4},{4403, 4},{18433, 4},{23781, 4},{18438, 4},
{15428, 4},{19143, 4},{22808, 2},{25407, 4},{18239, 4},{10458, 4},{25884, 4},{4405, 4},{21314, 4},{18775, 4},
{23366, 14},{25451, 4},{11216, 4},{13063, 4},{601, 4},{15102, 4},{25497, 4},{25459, 4},{15284, 4},{12711, 4},
{12679, 4},{16829, 4},{21525, 14},{21306, 4},{2378, 4},{12421, 14},{12686, 4},{11067, 4},{12708, 4},{5758, 4},
{22875, 4},{22805, 6},{10589, 4},{22020, 4},{15953, 4},{4401, 4},{11912, 2},{25883, 4},{5724, 4},{3593, 4},
{23690, 4},{17847, 4},{3078, 4},{21821, 4},{6381, 2},{17971, 4},{14670, 4},{20971, 4},{15358, 4},{11076, 4},
{11611, 4},{13062, 4},{22747, 4},{18436, 4},{602, 4},{26268, 4},{12414, 14},{22751, 4},{4410, 4},{3252, 4},
{4120, 2},{23311, 4},{10459, 4},{604, 4},{5727, 4},{20279, 4},{22849, 4},{20273, 4},{25368, 4},{3591, 4},
{21818, 4},{4124, 2},{26266, 4},{6137, 4},{5726, 4},{16835, 4},{7913, 4},{23780, 4},{17245, 4},{23687, 4},
{19150, 4},{21399, 4},{15951, 4},{11026, 4},{21313, 4},{25456, 4},{25886, 4},{11907, 2},{6144, 4},{4408, 4},
{15360, 4},{608, 4},{9060, 4},{13481, 4},{4005, 4},{13065, 4},{22018, 4},{22203, 4},{9812, 4},{6380, 2},
{21315, 4},{4407, 4},{591, 4},{11679, 4},{5719, 4},{17968, 4},{21812, 4},{14664, 4},{6139, 4},{25892, 4},
{25496, 4},{19450, 4},{6324, 4},{17569, 4},{24076, 4},{4207, 4},{5720, 4},{21528, 4},{24071, 4},{15288, 4},
{21394, 4},{18439, 4},{17965, 4},{14658, 4},{8917, 4},{18434, 4},{9069, 4},{4122, 2},{18430, 4},{20596, 4},
{13476, 4},{23334, 14},{15356, 4},{22000, 4},{21535, 4},{13483, 4},{6143, 4},{24070, 4},{10700, 4},{15286, 4},
{25402, 4},{15948, 4},{4208, 4},{6277, 4},{20271, 4},{5730, 4},{4205, 4},{7695, 4},{22744, 4},{10408, 4},
{8441, 4},{22013, 4},{23774, 4},{26270, 4},{17851, 4},{22810, 2},{19146, 4},{15287, 4},{7686, 4},{16826, 4},
{19451, 4},{11675, 4},{25369, 4},{11613, 4},{11677, 4},{6387, 2},{20603, 4},{4121, 2},{25167, 4},{16830, 4},
{9819, 4},{19948, 4},{15283, 4},{21311, 4},{13480, 4},{11908, 2},{5723, 4},{21526, 14},{17963, 4},{18761, 4},
{20720, 4},{600, 4},{20275, 4},{22745, 4},{22019, 4},{21395, 4},{21536, 4},{17854, 4},{22204, 4},{3080, 4},
{9068, 4},{4100, 4},{586, 4},{12685, 4},{19151, 4},{25890, 4},{496, 4},{19486, 4},{16833, 4},{15291, 4},
{17972, 4},{15431, 4},{12706, 4},{11678, 4},{18880, 4},{4200, 4},{21529, 4},{4123, 2},{4404, 4},{7681, 4},
{22207, 4},{20280, 4},{11339, 4},{18700, 4},{21520, 14},{20589, 4},{19144, 4},{13482, 4},{22811, 2},{17850, 4},
{11682, 4},{21402, 4},{9063, 4},{22809, 2},{21310, 4},{10405, 4},{22208, 4},{21396, 4},{13058, 4},{11612, 4},
{3702, 4},{15955, 4},{7680, 4},{13479, 4},{3997, 4},{4402, 4},{21815, 4},{607, 4},{10809, 4},{21531, 4},
{3592, 4},{4118, 2},{23686, 4},{19535, 4},{20725, 4},{6390, 2},{19962, 4},{17247, 4},{15285, 4},{12704, 4},
{25458, 4},{21817, 4},{21307, 4},{25491, 4},{5761, 4},{21397, 4},{19148, 4},{11681, 4},{17853, 4},{15433, 4},
{22014, 4},{18769, 4},{7684, 4},{11910, 2},{18431, 4},{18698, 4},{17251, 4},{12419, 14},{23177, 4},{17243, 4},
{3998, 4},{605, 4},{11081, 4},{24074, 4},{18771, 4},{22803, 2},{9066, 4},{15363, 4},{7676, 4},{15950, 4},
{23782, 4},{16827, 4},{7696, 4},{17848, 4},{15946, 4},{11338, 4},{4097, 4},{23691, 4},{19446, 4},{25175, 4},
{21527, 4},{17967, 4},{21530, 4},{13478, 4},{23689, 4},{2376, 4},{17246, 4},{3995, 4},{599, 4},{18697, 4},
{18168, 4},{4199, 4},{26265, 4},{21816, 4},{15424, 4},{25028, 2},{12681, 4},{19384, 4},{15292, 4},{12417, 14},
{17244, 4},{17849, 4},{603, 4},{589, 4},{16836, 4},{19145, 4},{11217, 4},{6812, 4},{10804, 4},{4117, 2},
{23773, 4},{20967, 4},{585, 4},{10812, 4},{3081, 4},{4406, 4},{11909, 2},{19952, 4},{9064, 4},{21400, 4},
{15426, 4},{23696, 4},{23340, 14},{24068, 4},{7690, 4},{10587, 4},{24173, 2},{4092, 4},{19449, 4},{21518, 14},
{23778, 4},{18701, 4},{596, 4},{24073, 4},{7675, 4},{2374, 4},{15949, 4},{22205, 4},{9070, 4},{6897, 4},
{12418, 14},{2379, 4},{13061, 4},{11674, 4},{25164, 4},{22438, 4},{4116, 2},{11219, 4},{21393, 4},{3996, 4},
{22012, 4},{18760, 4},{10466, 4},{7687, 4},{9255, 17},{7110, 17},{18602, 17},{3090, 17},{17836, 17},{19710, 17},
{11303, 17},{20451, 17},{9354, 17},{24013, 17},{20886, 17},{9307, 17},{1555, 17},{17246, 17},{10217, 17},{1038, 17},
{9828, 17},{1542, 3},{26002, 13},{13708, 17},{14215, 17},{25779, 3},{19299, 3},{5566, 3},{3456, 12},{9555, 3},
{16707, 17},{1941, 3},{3414, 3},{17633, 3},{20866, 3},{4207, 17},{18617, 17},{9962, 3},{23770, 3},{20368, 17},
{12748, 17},{2464, 17},{11911, 17},{25373, 7},{656, 7},{8044, 7},{660, 7},{8042, 7},{13173, 7},{25375, 7},
{17676, 0},{22871, 7},{21477, 7},{12941, 7},{3190, 7},{18837, 7},{11524, 7},{22872, 7},{18832, 7},{4950, 7},
{24321, 7},{12035, 7},{26353, 9},{18595, 7},{8792, 7},{10308, 7},{7847, 7},{1344, 7},{3499, 7},{2817, 7},
{8796, 7},{6273, 7},{1454, 17},{26268, 17},{23032, 17},{7680, 17},{1823, 15},{1822, 15},{24674, 3},{20399, 13},
{23375, 15},{23376, 15},{21127, 15},{21051, 15},{14995, 15},{14994, 15},{15443, 17},{1625, 17},{12168, 17},{10792, 17},
{4911, 17},{7190, 3},{6313, 17},{17094, 17},{5167, 17},{25740, 17},{4980, 17},{13350, 3},{2465, 12},{2654, 17},
{12535, 17},{17648, 17},{12499, 17},{17688, 17},{15723, 3},{10153, 17},{13641, 15},{17514, 15},{4553, 15},{9864, 15},
{12379, 15},{22919, 8},{20584, 8},{2528, 8},{5315, 8},{3051, 8},{26076, 8},{1226, 8},{2718, 8},{9873, 8},
{23181, 8},{15534, 8},{21524, 8},{25752, 8},{13600, 8},{20323, 8},{2322, 8},{13959, 8},{63, 8},{7204, 8},
{18510, 8},{24408, 8},{1285, 8},{5059, 8},{26251, 8},{3442, 8},{14148, 8},{23643, 8},{2571, 8},{13834, 8},
{22537, 8},{1773, 8},{11547, 8},{5549, 8},{1646, 8},{19936, 8},{2944, 8},{15156, 8},{2875, 8},{21975, 8},
{7958, 8},{23774, 7},{18432, 7},{11673, 7},{11908, 9},{11675, 7},{23778, 7},{13481, 7},{24870, 7},{17847, 7},
{1772, 8},{5550, 8},{13599, 8},{15155, 8},{24407, 8},{21974, 8},{22383, 8},{26250, 8},{20322, 8},{20585, 8},
{22538, 8},{5314, 8},{3441, 8},{18007, 8},{5058, 8},{21841, 8},{13958, 8},{19935, 8},{64, 8},{3052, 8},
{22244, 17},{7558, 17},{12533, 17},{5605, 17},{10404, 17},{24673, 17},{7274, 13},{15510, 17},{5778, 17},{24161, 17},
{6835, 17},{20355, 17},{19179, 17},{17260, 17},{22421, 17},{19697, 17},{2606, 17},{10370, 17},{19060, 17},{15606, 17},
{9064, 17},{14209, 17},{21049, 17},{11048, 3},{24091, 17},{12316, 17},{22769, 17},{19529, 13},{22390, 3},{14065, 3},
{4470, 3},{9963, 3},{22013, 17},{13478, 3},{17811, 13},{3410, 17},{2388, 17},{11137, 15},{18089, 1},{11139, 15},
{25193, 1},{11667, 1},{11136, 15},{25194, 1},{11141, 15},{11140, 15},{11138, 15},{11144, 15},{17511, 1},{14833, 1},
{11143, 15},{11135, 15},{6771, 1},{11134, 15},{14374, 17},{10, 17},{19993, 17},{11219, 17},{3883, 17},{7876, 17},
{9721, 17},{24883, 17},{23823, 17},{16423, 17},{14054, 17},{22946, 8},{17848, 8},{14482, 8},{1626, 8},{6122, 8},
{12737, 8},{16788, 8},{14719, 8},{10177, 8},{4469, 8},{11827, 8},{24494, 8},{22504, 8},{3231, 8},{3930, 8},
{1412, 8},{14720, 8},{22505, 8},{12738, 8},{24493, 8},{22947, 8},{10176, 8},{14481, 8},{9908, 8},{8859, 8},
{3230, 8},{17847, 8},{1924, 8},{4470, 8},{3928, 8},{1413, 8},{12735, 8},{4471, 8},{22944, 8},{8848, 8},
{1927, 8},{22506, 8},{636, 8},{3233, 8},{8632, 8},{10179, 8},{17850, 8},{24492, 8},{1624, 8},{7216, 8},
{10696, 17},{22942, 8},{1622, 8},{8645, 8},{14486, 8},{8679, 8},{1929, 8},{12733, 8},{4473, 8},{17852, 8},
{24490, 8},{8843, 8},{10173, 8},{22500, 8},{630, 8},{3235, 8},{12734, 8},{22943, 8},{10172, 8},{1408, 8},
{4474, 8},{14724, 8},{17851, 8},{629, 8},{24489, 8},{22501, 8},{3234, 8},{1621, 8},{5778, 8},{14485, 8},
{1928, 8},{16777, 8},{22940, 8},{22502, 8},{8641, 8},{14484, 8},{3237, 8},{10175, 8},{632, 8},{17854, 8},
{24488, 8},{1620, 8},{4475, 8},{8837, 8},{12731, 8},{1931, 8},{1930, 8},{631, 8},{8840, 8},{4476, 8},
{22503, 8},{22941, 8},{3236, 8},{10174, 8},{24487, 8},{16780, 8},{17853, 8},{23210, 8},{7220, 8},{1619, 8},
{14722, 8},{14488, 8},{8651, 8},{1405, 8},{1921, 8},{3239, 8},{8882, 8},{22509, 8},{4465, 8},{12729, 8},
{3947, 8},{24499, 8},{17844, 8},{10182, 8},{9893, 8},{22949, 8},{4466, 8},{3238, 8},{3946, 8},{1617, 8},
{8676, 8},{8655, 8},{17843, 8},{22950, 8},{8885, 8},{10181, 8},{24498, 8},{14487, 8},{1920, 8},{12730, 8},
{22510, 8},{2879, 17},{12586, 17},{13825, 17},{11507, 17},{19284, 17},{3051, 15},{14579, 15},{26216, 15},{24598, 15},
{14932, 15},{15259, 15},{13242, 17},{503, 17},{19448, 17},{10444, 3},{19332, 3},{3158, 3},{26225, 3},{11665, 3},
{17813, 13},{11314, 17},{3370, 17},{26350, 3},{20881, 3},{24571, 12},{4169, 3},{12513, 13},{11668, 3},{24834, 13},
{16992, 3},{16380, 3},{18784, 3},{3012, 3},{24837, 12},{25198, 3},{9136, 13},{3156, 12},{23687, 17},{25360, 17},
{7753, 17},{12114, 17},{13641, 15},{13639, 15},{15290, 1},{13642, 15},{13635, 15},{17869, 15},{13634, 15},{22749, 1},
{13638, 15},{13636, 15},{25167, 1},{13640, 15},{17868, 15},{7675, 1},{13637, 15},{13633, 15},{11964, 17},{9328, 17},
{16125, 17},{9126, 3},{19287, 3},{13346, 3},{153, 3},{22385, 13},{599, 3},{4288, 17},{1413, 17},{9252, 17},
{400, 7},{13313, 7},{15578, 7},{15845, 7},{15844, 7},{8570, 7},{9454, 9},{1539, 7},{9705, 7},{20091, 7},
{7103, 7},{393, 7},{9453, 9},{15836, 7},{13318, 7},{8567, 7},{7100, 7},{13319, 7},{9453, 9},{9699, 7},
{20082, 7},{9701, 7},{400, 7},{404, 7},{9456, 9},{394, 7},{21221, 7},{9704, 7},{1539, 7},{9452, 9},
{16876, 7},{14858, 7},{20089, 7},{13315, 7},{7112, 7},{21216, 7},{14866, 7},{9702, 7},{21223, 7},{9451, 9},
{14487, 7},{1540, 7},{21222, 7},{9451, 9},{396, 7},{9454, 9},{15842, 7},{15762, 17},{9455, 9},{21219, 7},
{16886, 7},{8572, 7},{15840, 7},{14479, 7},{1538, 7},{9458, 9},{14223, 7},{11404, 17},{6287, 17},{2440, 17},
{10432, 17},{2004, 17},{21099, 17},{4365, 17},{17704, 17},{24674, 17},{17387, 17},{8917, 17},{25851, 17},{8752, 17},
{9005, 17},{7193, 17},{198, 17},{17603, 17},{4649, 17},{9812, 17},{2548, 17},{7709, 17},{21511, 17},{3677, 17},
{19692, 17},{17274, 17},{3678, 17},{21311, 17},{10864, 17},{14225, 17},{12169, 1},{12538, 1},{24928, 15},{24923, 15},
{24924, 15},{24925, 15},{25521, 15},{4204, 15},{24929, 15},{25499, 15},{25505, 15},{25517, 15},{24930, 15},{25492, 15},
{25509, 15},{24927, 15},{24931, 15},{24926, 15},{24932, 15},{24675, 1},{9711, 15},{23556, 1},{9719, 15},{9913, 1},
{9709, 15},{9710, 15},{24677, 1},{2225, 1},{22509, 1},{9714, 15},{16701, 1},{21072, 15},{9720, 15},{11061, 1},
{16705, 1},{21073, 15},{9715, 15},{9713, 15},{9712, 15},{9716, 15},{9903, 1},{13933, 15},{11788, 1},{10534, 15},
{13938, 15},{10533, 15},{24285, 1},{4277, 15},{13935, 15},{4276, 1},{24673, 1},{13941, 15},{13936, 15},{10535, 15},
{12542, 1},{19376, 1},{10532, 15},{19328, 1},{22003, 1},{13934, 15},{13932, 15},{16384, 1},{4744, 1},{13942, 15},
{10531, 15},{5564, 1},{13937, 15},{14454, 15},{14451, 15},{1525, 15},{7048, 15},{7020, 15},{1524, 15},{14456, 15},
{1526, 15},{14452, 15},{14458, 15},{14453, 15},{1527, 15},{21061, 1},{22506, 1},{14459, 15},{11789, 1},{17935, 1},
{14726, 1},{19018, 1},{14455, 15},{2631, 1},{16387, 1},{5980, 1},{3423, 15},{3421, 15},{3422, 15},{11811, 1},
{3424, 15},{14156, 15},{14158, 15},{16709, 1},{14162, 15},{14155, 15},{14157, 15},{14153, 15},{4273, 1},{3419, 15},
{14160, 15},{14161, 15},{14159, 15},{3420, 15},{14154, 15},{22510, 1},{8455, 15},{26414, 15},{25287, 1},{9542, 1},
{8454, 15},{26412, 15},{9886, 1},{26319, 15},{26419, 15},{8457, 15},{26420, 15},{8174, 1},{9880, 1},{4270, 1},
{15139, 1},{26415, 15},{26291, 15},{26421, 15},{8456, 15},{26416, 15},{26321, 15},{24670, 1},{19333, 1},{6236, 15},
{11585, 15},{23558, 1},{4271, 1},{11587, 15},{6235, 15},{11581, 15},{19331, 1},{11575, 15},{5566, 1},{6233, 15},
{11592, 15},{11589, 15},{11063, 1},{19329, 1},{16383, 1},{6234, 15},{25286, 1},{25282, 1},{5987, 15},{18643, 15},
{17856, 15},{7754, 1},{9910, 1},{11833, 15},{26238, 15},{17864, 15},{17857, 15},{11834, 15},{17846, 15},{25283, 1},
{11830, 15},{11824, 15},{23551, 1},{11823, 15},{26207, 15},{21007, 15},{13518, 15},{26203, 15},{26205, 15},{26201, 15},
{13884, 1},{26208, 15},{19019, 1},{11058, 1},{26206, 15},{21005, 15},{26204, 15},{21006, 15},{21004, 15},{26202, 15},
{26209, 15},{15773, 10},{15568, 10},{19808, 10},{5683, 10},{23392, 10},{5176, 10},{16596, 10},{12133, 10},{5702, 10},
{10937, 10},{25793, 10},{6711, 10},{12125, 10},{20384, 10},{25679, 10},{15382, 10},{3016, 10},{18280, 10},{2699, 10},
{19873, 10},{693, 10},{18656, 10},{3073, 10},{16594, 10},{9779, 10},{18664, 10},{435, 10},{15736, 10},{12296, 10},
{5957, 10},{2169, 10},{25054, 10},{1949, 10},{25801, 10},{14421, 10},{18677, 10},{9205, 10},{11418, 10},{9298, 10},
{25678, 10},{22341, 10},{24543, 10},{1194, 10},{24272, 10},{7487, 10},{18928, 10},{7486, 10},{6320, 10},{16595, 10},
{2486, 10},{25410, 10},{440, 10},{26084, 10},{23794, 10},{6104, 10},{17984, 10},{19349, 10},{14077, 10},{26398, 10},
{16550, 10},{2485, 10},{25820, 10},{5005, 10},{9301, 10},{25399, 10},{12290, 10},{10881, 10},{6917, 10},{22337, 10},
{26081, 10},{10936, 10},{24540, 10},{15738, 10},{26077, 10},{18927, 10},{23246, 10},{17476, 10},{20152, 10},{14420, 10},
{15475, 10},{5686, 10},{9299, 10},{25924, 10},{3460, 10},{1210, 10},{16549, 10},{5697, 10},{22666, 10},{22784, 10},
{25057, 10},{20213, 10},{23793, 10},{18090, 10},{18271, 10},{20124, 10},{433, 10},{5958, 10},{1962, 10},{23390, 10},
{20208, 10},{700, 10},{1952, 10},{3075, 10},{25400, 10},{6920, 10},{18319, 10},{12273, 10},{2488, 10},{9840, 10},
{9398, 10},{5675, 10},{9834, 10},{15478, 10},{13153, 10},{16913, 10},{11918, 10},{1966, 10},{7488, 10},{5682, 10},
{7477, 10},{20037, 10},{23394, 10},{3065, 10},{19121, 10},{10939, 10},{12277, 10},{11419, 10},{16541, 10},{15741, 10},
{6252, 10},{14073, 10},{12070, 10},{5338, 10},{18082, 10},{12136, 10},{20039, 10},{13707, 10},{25802, 10},{20380, 10},
{22508, 10},{6108, 10},{9391, 10},{19119, 10},{18657, 10},{21186, 10},{23252, 10},{12643, 10},{22342, 10},{20624, 10},
{21602, 10},{697, 10},{22562, 10},{15761, 10},{5002, 10},{10886, 10},{5955, 10},{12647, 10},{5681, 10},{1946, 10},
{1961, 10},{15569, 10},{2171, 10},{18926, 10},{9201, 10},{15486, 10},{1959, 10},{9202, 10},{11423, 10},{11421, 10},
{16915, 10},{20818, 10},{9841, 10},{12289, 10},{13758, 10},{13158, 10},{437, 10},{15571, 10},{14080, 10},{2696, 10},
{5335, 10},{1463, 10},{10137, 10},{4997, 10},{1127, 10},{18676, 10},{5699, 10},{16942, 10},{11422, 10},{22664, 10},
{19123, 10},{699, 10},{16944, 10},{10888, 10},{25425, 10},{5695, 10},{6908, 10},{3457, 10},{18661, 10},{12649, 10},
{15573, 10},{22339, 10},{9393, 10},{21184, 10},{12282, 10},{1209, 10},{4194, 10},{25675, 10},{19348, 10},{25792, 10},
{20153, 10},{16945, 10},{18930, 10},{18278, 10},{20816, 10},{10759, 10},{11444, 10},{695, 10},{20217, 10},{12275, 10},
{13033, 10},{20379, 10},{18091, 10},{16547, 10},{1468, 10},{24277, 10},{438, 10},{21185, 10},{11447, 10},{25411, 10},
{23247, 10},{16941, 10},{16598, 10},{19343, 10},{11920, 10},{11415, 10},{20386, 10},{15485, 10},{16909, 10},{20215, 10},
{25422, 10},{14078, 10},{16912, 10},{18933, 10},{23800, 10},{20820, 10},{20156, 10},{12652, 10},{12645, 10},{12646, 10},
{6710, 10},{1198, 10},{8584, 10},{2481, 10},{15776, 10},{6705, 10},{16543, 10},{7014, 10},{23755, 10},{12276, 10},
{24539, 10},{16949, 10},{6107, 10},{694, 10},{12132, 10},{20382, 10},{20129, 10},{18658, 10},{9396, 10},{25780, 10},
{12281, 10},{12298, 10},{20385, 10},{9772, 10},{1945, 10},{6106, 10},{24537, 10},{18678, 10},{6245, 10},{18083, 10},
{7833, 10},{20041, 10},{19340, 10},{20815, 10},{17480, 10},{7837, 10},{5953, 10},{7485, 10},{19113, 10},{10883, 10},
{6105, 10},{26396, 10},{5960, 10},{25816, 10},{7491, 10},{24028, 10},{15069, 10},{1953, 10},{5000, 10},{18681, 10},
{25426, 10},{9770, 10},{7831, 10},{18655, 10},{23385, 10},{10884, 10},{10885, 10},{9800, 10},{9395, 10},{16911, 10},
{19122, 10},{3690, 10},{14074, 10},{23393, 10},{1954, 10},{26082, 10},{9843, 10},{22837, 10},{13152, 10},{11922, 10},
{25409, 10},{12280, 10},{9303, 10},{10887, 10},{12648, 10},{16545, 10},{10139, 10},{1956, 10},{1121, 10},{22722, 10},
{18925, 10},{25428, 10},{5369, 10},{7835, 10},{1967, 10},{4999, 10},{20038, 10},{25683, 10},{21610, 10},{24276, 10},
{9777, 10},{2489, 10},{1128, 10},{7838, 10},{1131, 10},{23395, 10},{11921, 10},{3692, 10},{4196, 10},{20505, 10},
{1203, 10},{5701, 10},{15567, 10},{7489, 10},{5694, 10},{16947, 10},{22668, 10},{10933, 10},{14076, 10},{439, 10},
{16943, 10},{2482, 10},{11449, 10},{23389, 10},{9776, 10},{2697, 10},{4195, 10},{1960, 10},{25423, 10},{16601, 10},
{19195, 10},{13160, 10},{11416, 10},{22338, 10},{23250, 10},{6592, 10},{10880, 10},{26395, 10},{11440, 10},{12297, 10},
{11424, 10},{20376, 10},{10934, 10},{10131, 10},{16546, 10},{1958, 10},{24279, 10},{18281, 10},{6249, 10},{18316, 10},
{16600, 10},{4191, 10},{23254, 10},{25420, 10},{1120, 10},{5376, 10},{5006, 10},{8260, 10},{11443, 10},{15770, 10},
{25831, 10},{434, 10},{9305, 10},{15566, 10},{3013, 10},{1469, 10},{6709, 10},{5684, 10},{16946, 10},{18932, 10},
{1195, 10},{26400, 10},{9203, 10},{23249, 10},{20043, 10},{9771, 10},{20040, 10},{23791, 10},{22663, 10},{20214, 10},
{18924, 10},{20212, 10},{18284, 10},{10138, 10},{7836, 10},{25798, 10},{18660, 10},{9197, 10},{22335, 10},{22670, 10},
{25427, 10},{26397, 10},{13155, 10},{25800, 10},{22334, 10},{25061, 10},{1951, 10},{4192, 10},{18686, 10},{13207, 10},
{10134, 10},{23245, 10},{1192, 10},{25060, 10},{5961, 10},{18318, 10},{20044, 10},{6561, 10},{6255, 10},{10935, 10},
{9775, 10},{20821, 10},{13180, 10},{20150, 10},{16548, 10},{4193, 10},{10932, 10},{6322, 10},{12291, 10},{3072, 10},
{14079, 10},{9306, 10},{23396, 10},{9392, 10},{22790, 10},{13751, 10},{20819, 10},{9199, 10},{2698, 10},{20824, 10},
{23798, 10},{14424, 10},{10931, 10},{6707, 10},{19116, 10},{13159, 10},{13156, 10},{18283, 10},{12651, 10},{2173, 10},
{1130, 10},{13710, 10},{19120, 10},{1471, 10},{1129, 10},{25803, 10},{9390, 10},{9198, 10},{26088, 10},{26393, 10},
{18685, 10},{23796, 10},{1957, 10},{12292, 10},{2166, 10},{15775, 10},{6251, 10},{26079, 10},{12130, 10},{20154, 10},
{24027, 10},{13157, 10},{5693, 10},{3693, 10},{1472, 10},{26171, 10},{6247, 10},{1465, 10},{1470, 10},{20158, 10},
{14422, 10},{19342, 10},{14083, 10},{14084, 10},{10141, 10},{5676, 10},{18682, 10},{6914, 10},{6248, 10},{4998, 10},
{15772, 10},{2174, 10},{23248, 10},{16544, 10},{16916, 10},{26399, 10},{25673, 10},{5959, 10},{15769, 10},{9204, 10},
{23253, 10},{11445, 10},{1950, 10},{18173, 10},{11420, 10},{21171, 10},{9835, 10},{14419, 10},{2702, 10},{6595, 10},
{15742, 10},{5956, 10},{11923, 10},{6713, 10},{5962, 10},{15572, 10},{3695, 10},{25684, 10},{20042, 10},{6926, 10},
{16597, 10},{18654, 10},{19112, 10},{20126, 10},{5700, 10},{23797, 10},{25419, 10},{26078, 10},{1133, 10},{25059, 10},
{1466, 10},{5173, 10},{20131, 10},{9200, 10},{15807, 10},{10136, 10},{6706, 10},{18597, 10},{5334, 10},{5169, 10},
{2694, 10},{24542, 10},{19341, 10},{19839, 10},{25674, 10},{20046, 10},{18683, 10},{20210, 10},{8540, 10},{19346, 10},
{19345, 10},{2700, 10},{19339, 10},{13434, 10},{9801, 10},{5337, 10},{5607, 10},{11915, 10},{24538, 10},{5003, 10},
{9773, 10},{18322, 10},{24541, 10},{432, 10},{18315, 10},{19118, 10},{22669, 10},{20822, 10},{9389, 10},{9297, 10},
{25815, 10},{11919, 10},{25406, 10},{23386, 10},{5339, 10},{25799, 10},{25408, 10},{21169, 10},{15771, 10},{25056, 10},
{25796, 10},{18282, 10},{18277, 10},{1126, 10},{6103, 10},{18680, 10},{24012, 10},{12650, 10},{15502, 10},{6708, 10},
{20128, 10},{12294, 10},{25055, 10},{1963, 10},{13161, 10},{25065, 10},{16914, 10},{24544, 10},{2695, 10},{8327, 10},
{20157, 10},{12131, 10},{5336, 10},{22665, 10},{5685, 10},{25797, 10},{24885, 10},{10889, 10},{9394, 10},{2168, 10},
{18929, 10},{2490, 10},{15740, 10},{25786, 10},{692, 10},{16540, 10},{5004, 10},{25405, 10},{11927, 10},{24278, 10},
{24546, 10},{11441, 10},{2484, 10},{5001, 10},{696, 10},{20045, 10},{25058, 10},{9774, 10},{5616, 10},{24545, 10},
{20151, 10},{18663, 10},{436, 10},{5679, 10},{26080, 10},{9797, 10},{12134, 10},{11448, 10},{10890, 10},{9304, 10},
{26401, 10},{20117, 10},{441, 10},{22343, 10},{3458, 10},{16602, 10},{16603, 10},{25677, 10},{21182, 10},{26392, 10},
{9845, 10},{12278, 10},{22336, 10},{9844, 10},{20159, 10},{3459, 10},{24024, 10},{6250, 10},{20155, 10},{9778, 10},
{1464, 10},{20377, 10},{698, 10},{9842, 10},{5952, 10},{13750, 10},{12279, 10},{6254, 10},{11446, 10},{3070, 10},
{3696, 10},{22667, 10},{20130, 10},{18279, 10},{11417, 10},{12274, 10},{26394, 10},{5170, 10},{19344, 10},{10930, 10},
{9196, 10},{6246, 10},{15735, 10},{7832, 10},{16910, 10},{11917, 10},{11904, 10},{1955, 10},{20209, 10},{11914, 10},
{7834, 10},{11916, 10},{26083, 10},{6929, 10},{2701, 10},{9302, 10},{20823, 10},{21181, 10},{23795, 10},{20383, 10},
{5696, 10},{9839, 10},{3017, 10},{4232, 10},{9799, 10},{23251, 10},{13738, 10},{6714, 10},{21180, 10},{20125, 10},
{2693, 10},{22485, 10},{15737, 10},{5178, 10},{16599, 10},{2170, 10},{2167, 10},{12295, 10},{12644, 10},{20825, 10},
{10140, 10},{25064, 10},{25680, 10},{5340, 10},{10135, 10},{2483, 10},{1467, 10},{23801, 10},{18679, 10},{9802, 10},
{3077, 10},{1132, 10},{18923, 10},{7839, 10},{9846, 10},{21187, 10},{20381, 10},{23391, 10},{2172, 10},{9300, 10},
{2487, 10},{19810, 10},{5680, 10},{6712, 10},{14075, 10},{21183, 10},{18659, 10},{7490, 10},{15739, 10},{16948, 10},
{7830, 10},{691, 10},{1964, 10},{25676, 10},{1206, 10},{5175, 10},{25424, 10},{21603, 10},{7484, 10},{1193, 10},
{22340, 10},{25404, 10},{18313, 10},{26087, 10},{11895, 10},{23792, 10},{9397, 10},{3694, 10},{18324, 10},{10938, 10},
{4359, 17},{14916, 7},{9086, 7},{15442, 7},{1452, 7},{7133, 0},{7991, 7},{13431, 9},{15958, 7},{14185, 7},
{7807, 7},{9217, 7},{17700, 7},{2405, 7},{11365, 7},{9596, 7},{1616, 7},{16295, 7},{7811, 7},{15967, 7},
{1096, 7},{16289, 7},{23512, 7},{6004, 7},{24220, 7},{16717, 7},{9210, 7},{7258, 7},{22420, 7},{19722, 7},
{4919, 7},{1454, 7},{5354, 7},{15964, 7},{14919, 7},{20758, 7},{14916, 7},{9589, 7},{14910, 7},{5970, 7},
{7261, 7},{14387, 7},{4914, 7},{24608, 7},{25908, 7},{1097, 7},{25360, 7},{22893, 7},{4540, 7},{13430, 9},
{25911, 7},{3807, 7},{3940, 7},{21145, 7},{12189, 7},{3808, 7},{22373, 0},{22894, 7},{22048, 7},{14913, 7},
{16299, 7},{9439, 7},{15969, 7},{7030, 7},{16294, 7},{2398, 7},{7032, 7},{1614, 7},{2782, 7},{14914, 7},
{20755, 7},{7436, 7},{19723, 7},{19168, 7},{19714, 7},{2788, 7},{23513, 7},{1453, 7},{1455, 7},{1611, 7},
{25737, 7},{1197, 9},{20757, 7},{4544, 7},{5350, 7},{2787, 7},{22040, 7},{15958, 7},{4536, 7},{2401, 7},
{7034, 7},{2781, 7},{19868, 7},{3230, 0},{16293, 7},{7808, 7},{22413, 7},{12910, 7},{14195, 7},{17497, 7},
{17495, 7},{2914, 7},{9589, 7},{14383, 7},{7425, 7},{2531, 7},{9450, 7},{13970, 7},{14911, 7},{24613, 7},
{13433, 9},{5355, 7},{18994, 7},{24217, 7},{7038, 7},{14915, 7},{9442, 7},{3805, 7},{16299, 7},{1625, 7},
{22893, 7},{19718, 7},{9591, 7},{15964, 7},{7808, 7},{20758, 7},{7425, 7},{5972, 7},{19714, 7},{345, 7},
{3800, 7},{12901, 7},{7805, 7},{13975, 7},{25906, 7},{1450, 7},{13432, 9},{9592, 7},{22047, 7},{2785, 7},
{15602, 0},{20750, 7},{3808, 7},{14916, 7},{14774, 7},{6000, 7},{9086, 7},{1100, 7},{571, 7},{14382, 7},
{4545, 7},{21137, 7},{281, 7},{2779, 7},{13432, 9},{19866, 7},{22889, 7},{17693, 7},{9443, 7},{3804, 7},
{2778, 7},{757, 7},{2534, 7},{23507, 7},{4517, 7},{13973, 7},{12908, 7},{4537, 7},{9592, 7},{23508, 7},
{1454, 7},{12902, 7},{19861, 7},{2913, 7},{18993, 7},{4913, 7},{574, 7},{24220, 7},{16293, 7},{25717, 7},
{12904, 7},{9085, 7},{14191, 7},{18996, 7},{7265, 7},{25366, 7},{22044, 7},{22413, 7},{2404, 7},{1093, 7},
{9082, 7},{16289, 7},{18991, 7},{22411, 7},{22374, 0},{1625, 7},{20754, 7},{13437, 9},{19718, 7},{12183, 7},
{7263, 7},{14767, 7},{12182, 7},{2745, 0},{15966, 7},{4544, 7},{3935, 7},{2922, 7},{19868, 7},{9211, 7},
{16291, 7},{4543, 7},{13436, 9},{2536, 7},{13978, 7},{25745, 7},{5970, 7},{20754, 7},{19715, 7},{25912, 7},
{9445, 7},{12185, 7},{24216, 7},{22419, 7},{7436, 7},{14386, 7},{7424, 7},{19722, 7},{5996, 7},{25359, 7},
{21143, 7},{7437, 7},{9596, 7},{19867, 7},{25911, 7},{9441, 7},{12909, 7},{8436, 7},{5996, 7},{4918, 7},
{18990, 7},{3943, 7},{2407, 7},{2786, 7},{16292, 7},{5290, 7},{1093, 7},{25713, 7},{2924, 7},{19725, 7},
{9601, 7},{14916, 7},{4922, 7},{25746, 7},{14193, 7},{15965, 7},{25906, 7},{7265, 7},{13435, 9},{19170, 7},
{7264, 7},{24536, 7},{3804, 7},{24614, 7},{17495, 7},{14191, 7},{3927, 7},{14764, 7},{12187, 7},{20204, 7},
{281, 7},{22415, 7},{2398, 7},{9595, 7},{13435, 9},{19000, 7},{12907, 7},{19721, 7},{20874, 17},{21523, 17},
{7871, 17},{8041, 17},{21219, 17},{22843, 17},{285, 17},{19962, 17},{1691, 17},{4362, 17},{2161, 17},{25047, 17},
{26113, 17},{25003, 17},{24740, 15},{2582, 15},{13865, 15},{9867, 15},{16611, 15},{2586, 15},{22902, 15},{10243, 15},
{19890, 15},{18961, 15},{13513, 15},{19238, 15},{13868, 15},{13265, 7},{17475, 7},{11182, 7},{2625, 7},{4364, 7},
{6355, 7},{23135, 7},{6159, 7},{5980, 7},{12873, 7},{20784, 7},{25118, 9},{13271, 7},{15901, 7},{23128, 7},
{16180, 7},{7794, 7},{4356, 7},{5625, 7},{4745, 7},{14718, 7},{7797, 7},{19018, 7},{13263, 7},{6168, 7},
{14761, 7},{15138, 7},{7747, 7},{2223, 7},{21488, 7},{15351, 7},{4355, 7},{17477, 7},{6210, 7},{12584, 7},
{12171, 7},{26111, 7},{19382, 7},{25729, 7},{5199, 7},{6356, 7},{17477, 7},{10825, 7},{25119, 9},{12878, 7},
{14717, 7},{23422, 7},{18972, 7},{18976, 7},{20783, 7},{9654, 7},{4750, 7},{2219, 7},{10441, 7},{1089, 7},
{13268, 7},{2227, 7},{5979, 7},{15139, 7},{20785, 7},{5977, 7},{5982, 7},{24040, 7},{17646, 7},{4747, 7},
{17936, 7},{4906, 7},{17944, 7},{17207, 7},{26118, 7},{13268, 7},{9309, 7},{18976, 7},{5620, 7},{16684, 7},
{24442, 7},{18508, 7},{25725, 7},{12590, 7},{12450, 7},{21060, 7},{19017, 7},{11184, 7},{19380, 7},{25723, 7},
{11808, 7},{12173, 7},{12537, 0},{22242, 7},{5605, 7},{11188, 7},{11810, 7},{4908, 7},{1083, 7},{25120, 9},
{16681, 7},{12176, 7},{11183, 7},{2224, 7},{11267, 7},{12581, 7},{7796, 7},{20786, 7},{268, 7},{26108, 7},
{15910, 7},{278, 7},{21486, 7},{7745, 7},{5606, 7},{11178, 7},{18973, 7},{25721, 7},{9658, 7},{12585, 7},
{12173, 7},{16688, 7},{20783, 7},{6639, 7},{4752, 7},{18971, 7},{13265, 7},{8173, 7},{6354, 7},{21495, 7},
{17479, 7},{4356, 7},{6159, 7},{21062, 7},{16171, 7},{21058, 7},{5623, 7},{20790, 7},{8183, 7},{23555, 0},
{10442, 7},{14757, 7},{11815, 7},{25121, 9},{23409, 7},{5606, 7},{24280, 7},{24283, 7},{9903, 0},{11177, 7},
{24040, 7},{1082, 7},{25725, 7},{10435, 7},{6357, 7},{5974, 7},{9879, 7},{12327, 7},{4910, 7},{25122, 9},
{4908, 7},{7744, 7},{22245, 7},{17935, 7},{285, 7},{19698, 7},{12174, 7},{4749, 7},{10036, 7},{24287, 7},
{18974, 7},{11183, 7},{16439, 15},{20223, 15},{13635, 15},{2141, 15},{26449, 15},{13998, 15},{22932, 15},{17491, 15},
{19563, 15},{17305, 15},{17490, 15},{3406, 17},{18616, 17},{17907, 17},{24492, 3},{16034, 3},{23947, 3},{15412, 3},
{11071, 3},{2124, 15},{12107, 15},{10446, 15},{11374, 15},{739, 15},{24888, 15},{1804, 15},{1479, 15},{1805, 15},
{11744, 15},{9502, 15},{738, 15},{8413, 15},{17217, 15},{2124, 15},{1798, 15},{8417, 15},{21501, 17},{3009, 3},
{22363, 3},{604, 3},{11317, 3},{4855, 17},{19480, 17},{10464, 17},{15034, 15},{19562, 15},{19568, 15},{12445, 17},
{12757, 17},{163, 7},{17536, 7},{25229, 7},{13769, 7},{165, 7},{19395, 7},{14883, 7},{13765, 7},{4110, 9},
{6833, 7},{15871, 7},{2312, 7},{5261, 7},{6463, 7},{26000, 7},{18493, 7},{26037, 7},{18497, 7},{7907, 7},
{26032, 7},{5482, 0},{2308, 7},{6338, 7},{20528, 7},{6653, 7},{6468, 7},{26197, 7},{15869, 7},{12486, 7},
{24463, 7},{6769, 7},{9009, 7},{20534, 7},{14833, 7},{10494, 7},{17511, 7},{13714, 7},{13764, 7},{9001, 7},
{1548, 7},{26029, 7},{15871, 7},{7904, 7},{13773, 7},{25229, 7},{1552, 7},{19651, 7},{14825, 7},{82, 7},
{4107, 9},{83, 7},{25998, 7},{13575, 7},{23091, 7},{19279, 7},{19277, 7},{11751, 7},{19070, 7},{20537, 7},
{12245, 7},{4107, 9},{13571, 7},{7901, 7},{6778, 7},{11665, 0},{80, 7},{13715, 7},{23014, 7},{18490, 7},
{14834, 7},{14825, 7},{26006, 7},{26198, 7},{23111, 7},{6465, 7},{1168, 7},{6840, 7},{3711, 7},{76, 7},
{6467, 7},{20528, 7},{13764, 7},{13717, 7},{19651, 7},{1167, 7},{165, 7},{15876, 7},{4106, 9},{21759, 7},
{9007, 7},{7901, 7},{6470, 7},{9001, 7},{18486, 7},{19060, 7},{1553, 7},{3710, 7},{6465, 7},{6463, 7},
{26000, 7},{13575, 7},{18235, 7},{6655, 7},{12246, 7},{1551, 7},{4106, 9},{20533, 7},{20491, 7},{1176, 7},
{2309, 7},{8466, 7},{10683, 7},{7900, 7},{25023, 7},{83, 7},{18233, 7},{6463, 7},{19271, 7},{8475, 7},
{10686, 7},{17263, 17},{9453, 13},{7128, 3},{3235, 3},{20192, 13},{902, 13},{19514, 3},{18787, 12},{2226, 17},
{19715, 17},{20601, 15},{5384, 15},{5373, 15},{5377, 15},{24554, 1},{5382, 15},{20602, 15},{20604, 15},{20605, 15},
{17471, 1},{5381, 15},{5379, 15},{5374, 15},{9329, 1},{25753, 1},{20599, 15},{5378, 15},{20598, 15},{4641, 1},
{13470, 1},{22524, 1},{11261, 1},{20600, 15},{5383, 15},{5380, 15},{8387, 15},{8397, 15},{8395, 15},{8396, 15},
{8393, 15},{8392, 15},{24402, 15},{8388, 15},{4635, 1},{14461, 15},{8398, 15},{8391, 15},{20035, 15},{19997, 15},
{14469, 15},{19988, 15},{24397, 15},{11873, 1},{8394, 15},{16076, 15},{8740, 15},{17500, 15},{8741, 15},{16080, 15},
{8738, 15},{4469, 1},{8739, 15},{12964, 1},{1015, 1},{8743, 15},{16079, 15},{8734, 15},{19020, 1},{1018, 1},
{8737, 15},{8742, 15},{8733, 15},{25824, 1},{3677, 1},{17493, 15},{17488, 15},{14815, 1},{20688, 1},{23161, 1},
{8736, 15},{20691, 1},{7872, 1},{14903, 15},{25781, 1},{25634, 15},{25635, 15},{14907, 15},{25641, 15},{3680, 1},
{14909, 15},{25642, 15},{11875, 1},{25640, 15},{14906, 15},{11511, 1},{25633, 15},{4634, 1},{14817, 1},{7869, 1},
{23318, 1},{25639, 15},{18618, 1},{14905, 15},{25638, 15},{11872, 1},{25784, 1},{25636, 15},{25637, 15},{14908, 15},
{14904, 15},{1252, 1},{1720, 15},{11509, 1},{25513, 15},{21012, 15},{1723, 15},{25510, 15},{25502, 15},{25779, 1},
{25515, 15},{18615, 1},{1725, 15},{22915, 1},{1722, 15},{4476, 1},{25511, 15},{25503, 15},{25508, 15},{25514, 15},
{1724, 15},{25512, 15},{1721, 15},{16921, 3},{21309, 13},{8026, 15},{19936, 15},{4912, 1},{100, 1},{8033, 15},
{9333, 1},{19943, 15},{7868, 1},{8034, 15},{8029, 15},{8025, 15},{19942, 15},{11796, 1},{19935, 15},{19947, 15},
{19944, 15},{8030, 15},{8027, 15},{19941, 15},{19940, 15},{1016, 1},{16205, 1},{11874, 1},{19946, 15},{18614, 1},
{19945, 15},{8028, 15},{8031, 15},{8032, 15},{1012, 1},{6190, 1},{16357, 15},{26306, 15},{16359, 15},{16361, 15},
{16358, 15},{26316, 15},{26308, 15},{26310, 15},{25785, 1},{26311, 15},{8176, 1},{26317, 15},{16355, 15},{16360, 15},
{4620, 1},{26307, 15},{26309, 15},{26305, 15},{95, 1},{8192, 1},{22768, 1},{26304, 15},{1011, 1},{16356, 15},
{4470, 1},{16362, 15},{22406, 1},{1019, 1},{7659, 15},{2209, 15},{7660, 15},{2216, 15},{7667, 15},{2215, 15},
{7666, 15},{7664, 15},{7668, 15},{2210, 15},{6192, 1},{7665, 15},{7663, 15},{4900, 1},{2211, 15},{2214, 15},
{2212, 15},{2213, 15},{4471, 1},{7661, 15},{7662, 15},{24448, 17},{5595, 17},{8655, 17},{16937, 17},{17944, 17},
{24470, 17},{17101, 3},{6389, 12},{6380, 13},{2159, 3},{24675, 3},{4118, 3},{10582, 7},{2896, 7},{1115, 7},
{20563, 7},{14782, 7},{17389, 7},{9261, 7},{22030, 7},{9139, 9},{198, 7},{3783, 7},{20448, 7},{4938, 7},
{15302, 7},{2605, 7},{7448, 7},{18076, 7},{18120, 7},{9256, 7},{23475, 7},{2601, 7},{11345, 7},{17323, 7},
{10585, 7},{12736, 0},{7440, 7},{17319, 7},{6785, 7},{20809, 7},{15766, 7},{18791, 9},{24643, 7},{17325, 7},
{892, 7},{6866, 7},{6865, 7},{24150, 7},{22031, 7},{2898, 7},{22843, 0},{2607, 7},{9255, 7},{13670, 7},
{197, 7},{24198, 7},{23480, 7},{6869, 7},{3786, 7},{1107, 7},{24145, 7},{4524, 7},{9604, 7},{7075, 7},
{20567, 7},{13660, 7},{6170, 7},{2901, 7},{20450, 7},{199, 7},{22677, 7},{24203, 7},{886, 7},{3520, 7},
{18792, 9},{3792, 7},{5294, 7},{13666, 7},{9, 7},{7570, 7},{9260, 7},{24149, 7},{9263, 7},{644, 0},
{7081, 7},{17320, 7},{1420, 7},{2900, 7},{893, 7},{18781, 9},{1114, 7},{198, 7},{10584, 7},{202, 7},
{892, 7},{14024, 7},{765, 7},{1421, 7},{2896, 7},{890, 7},{18079, 7},{14023, 7},{14785, 7},{10582, 7},
{14019, 7},{1422, 7},{9, 7},{12965, 7},{2904, 7},{10578, 7},{4535, 7},{14784, 7},{7827, 7},{1418, 7},
{3221, 7},{7563, 7},{14014, 7},{766, 7},{3785, 7},{11344, 7},{14017, 7},{2602, 7},{23479, 7},{18782, 9},
{14, 7},{1425, 7},{7444, 7},{7562, 7},{2899, 7},{24198, 7},{20811, 7},{4525, 7},{22681, 7},{6175, 7},
{7823, 7},{20810, 7},{15298, 7},{197, 7},{22031, 7},{14024, 7},{20806, 7},{9142, 9},{10581, 7},{2385, 7},
{17386, 7},{22025, 7},{7825, 7},{17383, 7},{196, 7},{11, 7},{22529, 7},{24205, 7},{1112, 7},{17382, 7},
{15302, 7},{13, 7},{9604, 7},{1113, 7},{20562, 7},{18079, 7},{23480, 7},{893, 7},{7824, 7},{3524, 7},
{22682, 7},{1109, 7},{11343, 7},{9139, 9},{1107, 7},{769, 7},{11346, 7},{18942, 7},{2062, 0},{3529, 7},
{15302, 7},{24202, 7},{13670, 7},{15299, 7},{20565, 7},{10582, 7},{765, 7},{22680, 7},{20810, 7},{6868, 7},
{20450, 7},{888, 7},{22024, 7},{14786, 7},{1424, 7},{13665, 7},{22682, 7},{200, 7},{9141, 9},{17388, 7},
{763, 7},{7565, 7},{7084, 7},{24199, 7},{2598, 7},{15381, 7},{17322, 7},{17390, 7},{20452, 7},{24207, 7},
{3790, 7},{18075, 7},{7568, 7},{18119, 7},{6178, 7},{3222, 7},{22531, 7},{14782, 7},{20810, 7},{20446, 7},
{15296, 7},{20804, 7},{15299, 7},{886, 7},{894, 7},{7078, 7},{18118, 7},{15766, 7},{1416, 7},{4528, 7},
{2380, 7},{15768, 7},{760, 7},{15763, 7},{7565, 7},{22030, 7},{2607, 7},{13796, 7},{12965, 7},{9142, 9},
{23479, 7},{2901, 7},{17382, 7},{3789, 17},{4251, 3},{13952, 15},{23687, 10},{5597, 10},{14189, 10},{14826, 10},
{19859, 10},{18337, 10},{24072, 10},{16480, 10},{5729, 10},{2786, 10},{3560, 10},{25745, 10},{16423, 10},{7256, 10},
{1606, 10},{16201, 10},{14006, 10},{20809, 10},{10663, 10},{12170, 10},{12877, 10},{10426, 10},{6168, 10},{2674, 10},
{9219, 10},{3710, 10},{5659, 10},{8177, 10},{6869, 10},{2560, 10},{3618, 10},{13661, 10},{3260, 10},{10642, 10},
{10308, 10},{13819, 10},{20902, 10},{3783, 10},{3524, 10},{19271, 10},{2413, 10},{2311, 10},{22202, 10},{2567, 10},
{18697, 10},{6091, 10},{6138, 10},{4613, 10},{21129, 10},{4981, 10},{18127, 10},{15235, 10},{23165, 10},{3291, 10},
{16756, 10},{22043, 10},{4917, 10},{18839, 10},{9346, 10},{14020, 10},{11811, 10},{3113, 10},{23305, 10},{21427, 10},
{5638, 10},{4854, 10},{17244, 10},{26277, 10},{15249, 10},{3256, 10},{10457, 10},{23941, 10},{12968, 10},{14759, 10},
{24458, 10},{1947, 10},{4290, 10},{16203, 10},{6358, 10},{15240, 10},{20976, 10},{14377, 10},{17383, 10},{6210, 10},
{6089, 10},{2436, 10},{2289, 10},{15575, 10},{22109, 10},{6894, 10},{3562, 10},{6086, 10},{2651, 10},{18739, 10},
{11844, 10},{15871, 10},{890, 10},{25893, 10},{13708, 10},{16824, 10},{25206, 10},{18112, 10},{24002, 10},{23954, 10},
{25036, 10},{7796, 10},{1605, 10},{2901, 10},{20444, 10},{18838, 10},{19865, 10},{24286, 10},{11145, 10},{18077, 10},
{10012, 10},{14245, 10},{22410, 10},{4681, 10},{22404, 10},{16571, 10},{14318, 10},{6835, 10},{12710, 10},{8992, 10},
{17319, 10},{1552, 10},{11349, 10},{2201, 10},{14920, 10},{20186, 10},{1611, 10},{7348, 10},{19070, 10},{24882, 10},
{15360, 10},{12486, 10},{659, 10},{11794, 10},{20507, 10},{17174, 10},{4753, 10},{3107, 10},{10586, 10},{22555, 10},
{25887, 10},{19952, 10},{25724, 10},{25324, 10},{21754, 10},{13237, 10},{13555, 10},{22548, 10},{13667, 10},{17948, 10},
{15, 10},{22521, 10},{13095, 10},{18124, 10},{19221, 10},{25996, 10},{14955, 10},{7435, 10},{22056, 10},{10162, 10},
{785, 10},{14321, 10},{19962, 10},{14092, 10},{18234, 10},{9079, 10},{13244, 10},{24608, 10},{8750, 10},{15828, 10},
{16526, 10},{6078, 10},{22606, 10},{6123, 10},{6785, 10},{21063, 10},{16160, 10},{2153, 10},{24612, 10},{14735, 10},
{2920, 10},{20724, 10},{21132, 10},{4537, 10},{23511, 10},{1550, 10},{13265, 10},{17475, 10},{7749, 10},{13719, 10},
{12174, 10},{25769, 10},{22748, 10},{20447, 10},{8195, 10},{2158, 10},{18834, 10},{21313, 10},{14225, 10},{22432, 10},
{17569, 10},{25584, 10},{1170, 10},{7444, 10},{15104, 10},{7803, 10},{23306, 10},{3587, 10},{6024, 10},{11957, 10},
{18684, 10},{10198, 10},{12038, 10},{1631, 10},{14741, 10},{10811, 10},{1113, 10},{15236, 10},{2218, 10},{24815, 10},
{8199, 10},{16801, 10},{7033, 10},{5621, 10},{19550, 10},{3881, 10},{21061, 10},{5613, 10},{17705, 10},{16681, 10},
{10495, 10},{21616, 10},{10980, 10},{5100, 10},{11427, 10},{13793, 10},{21747, 10},{498, 10},{20565, 10},{6876, 10},
{150, 10},{23119, 10},{8662, 10},{9519, 10},{3392, 10},{16831, 10},{4536, 10},{17906, 10},{12890, 10},{9109, 10},
{12739, 10},{16478, 10},{10788, 10},{17328, 10},{7569, 10},{21314, 10},{2220, 10},{25738, 10},{17466, 10},{1459, 10},
{12904, 10},{8201, 10},{23346, 10},{7099, 10},{19016, 10},{25364, 10},{10819, 10},{23642, 10},{10557, 10},{667, 10},
{18915, 10},{23447, 10},{11454, 10},{11815, 10},{20339, 10},{6822, 10},{25741, 10},{5356, 10},{24630, 10},{20562, 10},
{14208, 10},{18508, 10},{22120, 10},{16074, 10},{22102, 10},{24150, 10},{25037, 10},{23611, 10},{1340, 10},{16818, 10},
{767, 10},{15408, 10},{19175, 10},{20244, 10},{14886, 10},{13058, 10},{11796, 10},{3507, 10},{18624, 10},{2376, 10},
{5262, 10},{4005, 10},{3791, 10},{710, 10},{18675, 10},{26112, 10},{6, 10},{893, 10},{26199, 10},{20348, 10},
{246, 10},{18914, 10},{21059, 10},{14655, 10},{25359, 10},{19995, 10},{19133, 10},{5969, 10},{13165, 10},{13558, 10},
{5863, 10},{18109, 10},{14877, 10},{20346, 10},{6988, 10},{2823, 10},{18592, 10},{26117, 10},{21894, 10},{14693, 10},
{13713, 10},{16956, 10},{16851, 10},{16936, 10},{4324, 10},{3084, 10},{12475, 10},{16959, 10},{24809, 10},{9258, 10},
{1108, 10},{170, 10},{25378, 10},{14795, 10},{19023, 10},{19896, 10},{20532, 10},{2162, 10},{17964, 10},{2386, 10},
{11810, 10},{12168, 10},{11404, 10},{4651, 10},{1393, 10},{9215, 10},{25051, 10},{14734, 10},{19379, 10},{6190, 10},
{10661, 10},{17509, 10},{16760, 10},{6834, 10},{4858, 10},{21491, 10},{2599, 10},{2713, 10},{11128, 10},{4002, 10},
{13979, 10},{311, 10},{25228, 10},{22849, 10},{21881, 10},{3504, 10},{17881, 10},{4405, 10},{5634, 10},{8430, 10},
{24400, 10},{5358, 10},{3727, 10},{17284, 10},{23959, 10},{19093, 10},{3613, 10},{158, 10},{4617, 10},{18996, 10},
{6455, 10},{17315, 10},{2226, 10},{14595, 10},{5912, 10},{19670, 10},{13446, 10},{312, 10},{12301, 10},{9724, 10},
{14380, 10},{15429, 10},{16433, 10},{3261, 10},{23537, 10},{24204, 10},{10326, 10},{16682, 10},{13802, 10},{8038, 10},
{765, 10},{23015, 10},{2821, 10},{13445, 10},{21902, 10},{8068, 10},{17203, 10},{22894, 10},{16180, 10},{10826, 10},
{10194, 10},{15106, 10},{17902, 10},{9245, 10},{568, 10},{26057, 10},{25998, 10},{15972, 10},{23017, 10},{13505, 10},
{12186, 10},{11267, 10},{11409, 10},{25844, 10},{2161, 10},{8037, 10},{26301, 10},{11402, 10},{6629, 10},{25200, 10},
{15302, 10},{5820, 10},{23317, 10},{26293, 10},{21834, 10},{7258, 10},{966, 10},{18832, 10},{22608, 10},{19141, 10},
{6890, 10},{23258, 10},{19599, 10},{9011, 10},{26402, 10},{26403, 10},{6344, 10},{25794, 10},{2529, 10},{2102, 10},
{12708, 10},{26377, 10},{14373, 10},{3085, 10},{15010, 10},{1042, 10},{26055, 10},{21135, 10},{19025, 10},{15021, 10},
{12744, 10},{13551, 10},{15297, 10},{12678, 10},{13263, 10},{128, 10},{14950, 10},{10809, 10},{11331, 10},{10838, 10},
{7847, 10},{20778, 10},{16814, 10},{16394, 10},{12463, 10},{22190, 10},{25551, 10},{4779, 10},{8410, 10},{22536, 10},
{24166, 10},{11362, 10},{10497, 10},{25385, 10},{6526, 10},{7565, 10},{24609, 10},{7315, 10},{11348, 10},{15632, 10},
{17200, 10},{24447, 10},{6337, 10},{12302, 10},{26292, 10},{22097, 10},{5353, 10},{23912, 10},{10496, 10},{20781, 10},
{15762, 10},{6807, 10},{13721, 10},{4776, 10},{20645, 10},{17275, 10},{21901, 10},{11522, 10},{668, 10},{1973, 10},
{9327, 10},{25370, 10},{9518, 10},{7904, 10},{4772, 10},{20971, 10},{6127, 10},{9088, 10},{5800, 10},{23821, 10},
{18771, 10},{2672, 10},{12638, 10},{11338, 10},{5342, 10},{11079, 10},{22246, 10},{16684, 10},{4302, 10},{20189, 10},
{2224, 10},{25579, 10},{25211, 10},{14347, 10},{17282, 10},{4288, 10},{23108, 10},{7900, 10},{10700, 10},{26261, 10},
{19319, 10},{25581, 10},{1087, 10},{25668, 10},{12473, 10},{17802, 10},{9117, 10},{15169, 10},{13452, 10},{10285, 10},
{10191, 10},{10852, 10},{17321, 10},{1035, 10},{22241, 10},{15287, 10},{21431, 10},{21663, 10},{6267, 10},{1398, 10},
{21142, 10},{24356, 10},{24876, 10},{15011, 10},{3475, 10},{2902, 10},{13227, 10},{6268, 10},{5312, 10},{5977, 10},
{14205, 10},{24096, 10},{2434, 10},{26104, 10},{7383, 10},{24219, 10},{24904, 10},{11197, 10},{8523, 10},{23032, 10},
{18487, 10},{5164, 10},{25725, 10},{19267, 10},{11614, 10},{25387, 10},{17558, 10},{657, 10},{6286, 10},{20842, 10},
{17648, 10},{17938, 10},{2824, 10},{6098, 10},{2822, 10},{12874, 10},{1077, 10},{1348, 10},{17645, 10},{15948, 10},
{3801, 10},{20534, 10},{1173, 10},{380, 10},{5601, 10},{17599, 10},{1038, 10},{8044, 10},{20340, 10},{12488, 10},
{20438, 10},{9450, 10},{9005, 10},{10313, 10},{19265, 10},{14788, 10},{17939, 10},{23302, 10},{15997, 10},{24983, 10},
{12930, 10},{4865, 10},{15584, 10},{15787, 10},{25774, 10},{13989, 10},{15357, 10},{11019, 10},{19145, 10},{15424, 10},
{18836, 10},{18692, 10},{11853, 10},{8042, 10},{16651, 10},{19735, 10},{6891, 10},{24989, 10},{14467, 10},{15107, 10},
{3558, 10},{19998, 10},{22021, 10},{24399, 10},{22320, 10},{4390, 10},{19147, 10},{22207, 10},{24810, 10},{25739, 10},
{23648, 10},{14829, 10},{21060, 10},{11749, 10},{18794, 10},{14758, 10},{23064, 10},{7055, 10},{20814, 10},{12244, 10},
{9600, 10},{5592, 10},{4689, 10},{3388, 10},{19795, 10},{13094, 10},{9211, 10},{14924, 10},{23692, 10},{24877, 10},
{20533, 10},{11342, 10},{6012, 10},{9354, 10},{9374, 10},{10817, 10},{9007, 10},{20187, 10},{5348, 10},{26180, 10},
{6199, 10},{1629, 10},{6634, 10},{13358, 10},{25906, 10},{11263, 10},{3473, 10},{22868, 10},{24355, 10},{20491, 10},
{7753, 10},{4401, 10},{9615, 10},{274, 10},{14470, 10},{3495, 10},{16761, 10},{13096, 10},{25224, 10},{4544, 10},
{16175, 10},{17336, 10},{4859, 10},{19276, 10},{24514, 10},{19451, 10},{24462, 10},{22353, 10},{3985, 10},{5256, 10},
{4720, 10},{164, 10},{21359, 10},{10687, 10},{2408, 10},{9601, 10},{19955, 10},{15866, 10},{580, 10},{17468, 10},
{9408, 10},{24873, 10},{15349, 10},{4853, 10},{19095, 10},{10805, 10},{9066, 10},{14928, 10},{22180, 10},{5324, 10},
{166, 10},{711, 10},{21775, 10},{12193, 10},{8753, 10},{18473, 10},{13228, 10},{11177, 10},{6126, 10},{7902, 10},
{15296, 10},{10258, 10},{25318, 10},{12901, 10},{13, 10},{17511, 10},{9928, 10},{22609, 10},{7316, 10},{6531, 10},
{24241, 10},{25719, 10},{574, 10},{1495, 10},{20762, 10},{24883, 10},{22084, 10},{13225, 10},{7431, 10},{7384, 10},
{8198, 10},{13709, 10},{19867, 10},{19722, 10},{5816, 10},{11519, 10},{4914, 10},{10864, 10},{17472, 10},{21143, 10},
{20537, 10},{13220, 10},{2707, 10},{18696, 10},{2104, 10},{5161, 10},{16836, 10},{19530, 10},{17469, 10},{6992, 10},
{4406, 10},{566, 10},{5593, 10},{17641, 10},{5717, 10},{7390, 10},{163, 10},{10577, 10},{24903, 10},{10199, 10},
{12888, 10},{6986, 10},{15955, 10},{15432, 10},{10898, 10},{8747, 10},{23159, 10},{18076, 10},{13270, 10},{15786, 10},
{24021, 10},{10680, 10},{17296, 10},{12944, 10},{19698, 10},{25716, 10},{9958, 10},{19787, 10},{8669, 10},{24070, 10},
{20789, 10},{25321, 10},{17471, 10},{22514, 10},{17971, 10},{18493, 10},{12312, 10},{18622, 10},{17386, 10},{1102, 10},
{12712, 10},{21833, 10},{15239, 10},{25723, 10},{11802, 10},{21252, 10},{19172, 10},{15383, 10},{2312, 10},{23322, 10},
{10556, 10},{6453, 10},{80, 10},{10791, 10},{22433, 10},{7571, 10},{11408, 10},{1497, 10},{17907, 10},{8179, 10},
{9070, 10},{5758, 10},{4652, 10},{7906, 10},{17088, 10},{13107, 10},{7802, 10},{7442, 10},{6081, 10},{8997, 10},
{15910, 10},{21134, 10},{15359, 10},{4676, 10},{8940, 10},{4013, 10},{22836, 10},{11713, 10},{12243, 10},{19027, 10},
{11672, 10},{19694, 10},{268, 10},{23111, 10},{1632, 10},{2900, 10},{21532, 10},{10682, 10},{23135, 10},{19320, 10},
{11799, 10},{13971, 10},{17646, 10},{18733, 10},{23037, 10},{7076, 10},{9260, 10},{14721, 10},{12169, 10},{19721, 10},
{545, 10},{14736, 10},{2531, 10},{14385, 10},{17207, 10},{24404, 10},{4484, 10},{24378, 10},{3988, 10},{18840, 10},
{23256, 10},{12037, 10},{13665, 10},{19811, 10},{9084, 10},{4913, 10},{9248, 10},{5788, 10},{6302, 10},{18831, 10},
{9594, 10},{11524, 10},{7714, 10},{20783, 10},{10668, 10},{21094, 10},{14951, 10},{21989, 10},{10527, 10},{15398, 10},
{22829, 10},{22199, 10},{22915, 10},{9592, 10},{19715, 10},{17801, 10},{16521, 10},{19132, 10},{26143, 10},{25892, 10},
{5781, 10},{20703, 10},{15969, 10},{13552, 10},{14386, 10},{2897, 10},{3512, 10},{6823, 10},{15109, 10},{6095, 10},
{1344, 10},{13238, 10},{16077, 10},{13718, 10},{14603, 10},{6144, 10},{143, 10},{9375, 10},{17805, 10},{7799, 10},
{6532, 10},{1085, 10},{19480, 10},{3996, 10},{25048, 10},{22771, 10},{6312, 10},{12489, 10},{6353, 10},{9593, 10},
{18626, 10},{25771, 10},{11583, 10},{12041, 10},{2882, 10},{886, 10},{572, 10},{11347, 10},{25452, 10},{19062, 10},
{21938, 10},{23320, 10},{20759, 10},{6193, 10},{2152, 10},{6608, 10},{168, 10},{2678, 10},{6082, 10},{11618, 10},
{6655, 10},{23508, 10},{9004, 10},{25557, 10},{2883, 10},{17248, 10},{9656, 10},{12583, 10},{3803, 10},{15878, 10},
{2568, 10},{26183, 10},{25555, 10},{22682, 10},{102, 10},{6468, 10},{2706, 10},{21433, 10},{6804, 10},{18462, 10},
{11181, 10},{280, 10},{25210, 10},{4849, 10},{8021, 10},{21139, 10},{23509, 10},{7928, 10},{2219, 10},{15140, 10},
{26287, 10},{15977, 10},{11364, 10},{13826, 10},{22061, 10},{24509, 10},{12250, 10},{21748, 10},{8863, 10},{17169, 10},
{1493, 10},{18769, 10},{22239, 10},{3882, 10},{1420, 10},{19696, 10},{14919, 10},{25718, 10},{22315, 10},{23132, 10},
{9409, 10},{4751, 10},{21734, 10},{17091, 10},{8934, 10},{7795, 10},{13065, 10},{25454, 10},{17144, 10},{13977, 10},
{14375, 10},{21782, 10},{11619, 10},{11574, 10},{13822, 10},{24315, 10},{120, 10},{4781, 10},{1111, 10},{9951, 10},
{1491, 10},{9738, 10},{20771, 10},{17316, 10},{8667, 10},{17901, 10},{7385, 10},{22100, 10},{3471, 10},{663, 10},
{14699, 10},{2309, 10},{11076, 10},{18148, 10},{12910, 10},{14973, 10},{1558, 10},{7798, 10},{8990, 10},{3634, 10},
{24812, 10},{9442, 10},{6446, 10},{16202, 10},{10442, 10},{15164, 10},{13103, 10},{2778, 10},{24319, 10},{4686, 10},
{11809, 10},{19220, 10},{2401, 10},{11576, 10},{1554, 10},{22024, 10},{17028, 10},{4388, 10},{16581, 10},{18623, 10},
{18556, 10},{16524, 10},{16802, 10},{885, 10},{3885, 10},{7038, 10},{15407, 10},{7597, 10},{17337, 10},{15018, 10},
{18311, 10},{3255, 10},{18919, 10},{21733, 10},{7289, 10},{21672, 10},{6469, 10},{12927, 10},{24206, 10},{2014, 10},
{6806, 10},{6993, 10},{6145, 10},{8216, 10},{4323, 10},{7754, 10},{17602, 10},{13051, 10},{18563, 10},{23913, 10},
{14372, 10},{17497, 10},{2534, 10},{5355, 10},{11707, 10},{21780, 10},{26196, 10},{13575, 10},{18599, 10},{20435, 10},
{7314, 10},{4687, 10},{5596, 10},{2649, 10},{10659, 10},{17318, 10},{25042, 10},{22766, 10},{24273, 10},{6200, 10},
{1943, 10},{21755, 10},{9367, 10},{17904, 10},{18881, 10},{5974, 10},{3983, 10},{9001, 10},{19552, 10},{14327, 10},
{15993, 10},{5260, 10},{22059, 10},{4291, 10},{9957, 10},{20245, 10},{8074, 10},{22778, 10},{756, 10},{5160, 10},
{1094, 10},{4385, 10},{18621, 10},{26294, 10},{16817, 10},{10683, 10},{7288, 10},{10372, 10},{16072, 10},{8175, 10},
{10009, 10},{24212, 10},{18992, 10},{5196, 10},{8176, 10},{21306, 10},{7351, 10},{16811, 10},{6562, 10},{509, 10},
{12438, 10},{22031, 10},{18797, 10},{13796, 10},{11403, 10},{26144, 10},{24906, 10},{17090, 10},{20860, 10},{10011, 10},
{18305, 10},{18464, 10},{16683, 10},{21993, 10},{5471, 10},{18967, 10},{26274, 10},{2679, 10},{7716, 10},{23425, 10},
{12472, 10},{5822, 10},{7845, 10},{169, 10},{20203, 10},{21779, 10},{15231, 10},{13970, 10},{4922, 10},{7751, 10},
{24162, 10},{10411, 10},{22423, 10},{1976, 10},{4286, 10},{20567, 10},{22825, 10},{20204, 10},{9604, 10},{1171, 10},
{1392, 10},{16998, 10},{18804, 10},{5799, 10},{26276, 10},{9259, 10},{11851, 10},{13410, 10},{15651, 10},{9407, 10},
{18334, 10},{23038, 10},{11344, 10},{6130, 10},{10696, 10},{25717, 10},{23010, 10},{144, 10},{2375, 10},{7285, 10},
{2603, 10},{20813, 10},{18630, 10},{4773, 10},{16415, 10},{22118, 10},{23069, 10},{25296, 10},{14764, 10},{3798, 10},
{16757, 10},{11188, 10},{13820, 10},{25768, 10},{5760, 10},{1616, 10},{23058, 10},{7808, 10},{23136, 10},{19454, 10},
{21758, 10},{23822, 10},{17639, 10},{22409, 10},{14262, 10},{19097, 10},{19718, 10},{19472, 10},{2223, 10},{20807, 10},
{23065, 10},{24275, 10},{20000, 10},{20535, 10},{26296, 10},{16625, 10},{19449, 10},{24910, 10},{1252, 10},{22047, 10},
{22183, 10},{24880, 10},{6801, 10},{11359, 10},{6014, 10},{23639, 10},{12307, 10},{26443, 10},{24042, 10},{12348, 10},
{346, 10},{707, 10},{21432, 10},{8041, 10},{23944, 10},{23645, 10},{9886, 10},{3181, 10},{8639, 10},{337, 10},
{22346, 10},{16825, 10},{19026, 10},{8442, 10},{26413, 10},{22871, 10},{18466, 10},{17967, 10},{2149, 10},{20184, 10},
{8197, 10},{7721, 10},{18489, 10},{20841, 10},{20646, 10},{20751, 10},{7811, 10},{13988, 10},{3478, 10},{15586, 10},
{13066, 10},{12316, 10},{18566, 10},{16292, 10},{19739, 10},{20758, 10},{5823, 10},{5354, 10},{13222, 10},{21141, 10},
{2711, 10},{19150, 10},{19376, 10},{19740, 10},{25366, 10},{17554, 10},{6452, 10},{15105, 10},{15951, 10},{13247, 10},
{23908, 10},{11226, 10},{12682, 10},{5934, 10},{1068, 10},{12940, 10},{23105, 10},{3987, 10},{8846, 10},{10287, 10},
{18672, 10},{9411, 10},{24001, 10},{4774, 10},{10441, 10},{17963, 10},{18665, 10},{20910, 10},{5614, 10},{8431, 10},
{3081, 10},{24463, 10},{7991, 10},{4674, 10},{12905, 10},{19958, 10},{11201, 10},{12118, 10},{6029, 10},{3990, 10},
{15940, 10},{15425, 10},{12742, 10},{14828, 10},{1097, 10},{2625, 10},{13266, 10},{26271, 10},{9372, 10},{17437, 10},
{6871, 10},{25696, 10},{12189, 10},{2433, 10},{4392, 10},{9956, 10},{12956, 10},{16557, 10},{26297, 10},{12935, 10},
{16580, 10},{13799, 10},{18625, 10},{10689, 10},{14952, 10},{1072, 10},{19534, 10},{11223, 10},{22834, 10},{17312, 10},
{23475, 10},{4530, 10},{25666, 10},{21783, 10},{18128, 10},{9812, 10},{25720, 10},{4363, 10},{151, 10},{23676, 10},
{19178, 10},{15579, 10},{19280, 10},{17527, 10},{15101, 10},{2904, 10},{8183, 10},{22520, 10},{26270, 10},{3943, 10},
{9516, 10},{17690, 10},{18467, 10},{15767, 10},{14193, 10},{5308, 10},{25125, 10},{5629, 10},{4911, 10},{3989, 10},
{11365, 10},{9256, 10},{7792, 10},{16579, 10},{4905, 10},{26138, 10},{9369, 10},{766, 10},{24200, 10},{16174, 10},
{12933, 10},{25448, 10},{2414, 10},{24324, 10},{11, 10},{5654, 10},{23641, 10},{3895, 10},{9595, 10},{13406, 10},
{5630, 10},{1033, 10},{3393, 10},{7724, 10},{14834, 10},{11202, 10},{25201, 10},{10494, 10},{7312, 10},{17177, 10},
{708, 10},{23690, 10},{24604, 10},{13774, 10},{25204, 10},{20782, 10},{7563, 10},{15953, 10},{17180, 10},{24321, 10},
{11798, 10},{10674, 10},{5970, 10},{2441, 10},{15987, 10},{21131, 10},{1037, 10},{1169, 10},{21625, 10},{20566, 10},
{3591, 10},{15233, 10},{3883, 10},{9307, 10},{25582, 10},{13028, 10},{17390, 10},{22017, 10},{18669, 10},{18560, 10},
{19863, 10},{8529, 10},{2626, 10},{12185, 10},{22416, 10},{10796, 10},{18564, 10},{22046, 10},{17696, 10},{17445, 10},
{1081, 10},{24512, 10},{14713, 10},{3516, 10},{13064, 10},{10784, 10},{12171, 10},{9521, 10},{3670, 10},{19383, 10},
{7829, 10},{13272, 10},{14799, 10},{3559, 10},{22429, 10},{5294, 10},{16762, 10},{25394, 10},{5716, 10},{23157, 10},
{5999, 10},{16081, 10},{15970, 10},{769, 10},{3764, 10},{9883, 10},{18702, 10},{148, 10},{14803, 10},{5261, 10},
{21836, 10},{17285, 10},{19258, 10},{13562, 10},{26137, 10},{10618, 10},{25369, 10},{24203, 10},{17027, 10},{6805, 10},
{220, 10},{15144, 10},{6001, 10},{24353, 10},{364, 10},{14018, 10},{23315, 10},{9261, 10},{4656, 10},{19452, 10},
{6303, 10},{22040, 10},{2225, 10},{3190, 10},{11453, 10},{22865, 10},{12618, 10},{23952, 10},{25908, 10},{19660, 10},
{7263, 10},{21729, 10},{15137, 10},{20750, 10},{24018, 10},{754, 10},{6631, 10},{3786, 10},{3078, 10},{4298, 10},
{6862, 10},{14914, 10},{16728, 10},{7434, 10},{7760, 10},{21264, 10},{22676, 10},{5343, 10},{21875, 10},{22438, 10},
{15444, 10},{25494, 10},{5632, 10},{16678, 10},{12311, 10},{4285, 10},{5971, 10},{11200, 10},{21771, 10},{24172, 10},
{978, 10},{20439, 10},{3385, 10},{26302, 10},{24040, 10},{6812, 10},{21829, 10},{22552, 10},{14910, 10},{23682, 10},
{24284, 10},{24323, 10},{2411, 10},{14598, 10},{6021, 10},{18339, 10},{12587, 10},{24148, 10},{13061, 10},{15019, 10},
{18629, 10},{24041, 10},{10324, 10},{1842, 10},{17694, 10},{11183, 10},{15406, 10},{15431, 10},{6885, 10},{18338, 10},
{10684, 10},{25994, 10},{11845, 10},{23035, 10},{11127, 10},{25824, 10},{12746, 10},{3956, 10},{20768, 10},{6840, 10},
{20338, 10},{20757, 10},{3888, 10},{25553, 10},{6538, 10},{21736, 10},{2915, 10},{23016, 10},{19321, 10},{7054, 10},
{20644, 10},{23160, 10},{19711, 10},{22006, 10},{20993, 10},{20869, 10},{5590, 10},{13049, 10},{715, 10},{21488, 10},
{20766, 10},{19022, 10},{7286, 10},{14698, 10},{25698, 10},{1837, 10},{1977, 10},{162, 10},{12306, 10},{5979, 10},
{19094, 10},{5914, 10},{24808, 10},{9333, 10},{2820, 10},{20013, 10},{21900, 10},{15588, 10},{547, 10},{9443, 10},
{197, 10},{13670, 10},{19531, 10},{6207, 10},{19474, 10},{10782, 10},{369, 10},{14754, 10},{21784, 10},{26268, 10},
{13404, 10},{21882, 10},{278, 10},{3087, 10},{9336, 10},{3476, 10},{788, 10},{6025, 10},{4868, 10},{17642, 10},
{4533, 10},{5117, 10},{12476, 10},{2827, 10},{12464, 10},{12580, 10},{14269, 10},{19275, 10},{12036, 10},{7899, 10},
{25323, 10},{21812, 10},{7439, 10},{16685, 10},{18231, 10},{321, 10},{25461, 10},{23333, 10},{20343, 10},{15784, 10},
{23288, 10},{22206, 10},{3108, 10},{21994, 10},{24352, 10},{10583, 10},{12319, 10},{2105, 10},{17515, 10},{25711, 10},
{24620, 10},{18559, 10},{24092, 10},{10528, 10},{24905, 10},{21470, 10},{25229, 10},{15585, 10},{1451, 10},{9218, 10},
{7806, 10},{18304, 10},{11754, 10},{15581, 10},{21664, 10},{25498, 10},{15170, 10},{22349, 10},{11459, 10},{21983, 10},
{16835, 10},{13407, 10},{15988, 10},{25695, 10},{23911, 10},{17331, 10},{11363, 10},{7429, 10},{7480, 10},{4408, 10},
{11199, 10},{21918, 10},{15403, 10},{23910, 10},{11178, 10},{23260, 10},{4655, 10},{660, 10},{14596, 10},{9887, 10},
{13717, 10},{12492, 10},{22427, 10},{19382, 10},{21895, 10},{21307, 10},{18799, 10},{1114, 10},{24237, 10},{10057, 10},
{20188, 10},{13986, 10},{5660, 10},{20672, 10},{3080, 10},{23257, 10},{26200, 10},{24020, 10},{15399, 10},{2675, 10},
{4724, 10},{13568, 10},{125, 10},{6195, 10},{2443, 10},{17205, 10},{13409, 10},{5795, 10},{22768, 10},{10803, 10},
{1454, 10},{20770, 10},{11710, 10},{4517, 10},{7260, 10},{21671, 10},{18125, 10},{14654, 10},{19738, 10},{21504, 10},
{15650, 10},{12785, 10},{17397, 10},{23289, 10},{21622, 10},{9444, 10},{10785, 10},{25667, 10},{24349, 10},{3755, 10},
{23646, 10},{16131, 10},{16125, 10},{2295, 10},{6987, 10},{22189, 10},{7331, 10},{339, 10},{10056, 10},{5776, 10},
{26141, 10},{26179, 10},{16961, 10},{5467, 10},{15583, 10},{16500, 10},{14021, 10},{5464, 10},{9524, 10},{14949, 10},
{18803, 10},{7723, 10},{18488, 10},{4608, 10},{22181, 10},{4575, 10},{10425, 10},{3799, 10},{6887, 10},{23473, 10},
{11340, 10},{26295, 10},{782, 10},{17603, 10},{316, 10},{22589, 10},{25849, 10},{16192, 10},{6173, 10},{3477, 10},
{16582, 10},{4688, 10},{1079, 10},{5982, 10},{23282, 10},{656, 10},{17970, 10},{20699, 10},{17142, 10},{22178, 10},
{1175, 10},{12194, 10},{7915, 10},{10062, 10},{12934, 10},{24554, 10},{14270, 10},{21446, 10},{25393, 10},{10520, 10},
{1458, 10},{14194, 10},{23128, 10},{18309, 10},{6020, 10},{13999, 10},{2146, 10},{17095, 10},{21503, 10},{3474, 10},
{12907, 10},{16815, 10},{11610, 10},{427, 10},{9082, 10},{1829, 10},{9370, 10},{11160, 10},{15888, 10},{12450, 10},
{10821, 10},{12760, 10},{26184, 10},{14594, 10},{19266, 10},{22114, 10},{8193, 10},{14464, 10},{5824, 10},{2106, 10},
{24274, 10},{6140, 10},{20775, 10},{4870, 10},{26197, 10},{499, 10},{7908, 10},{3959, 10},{6339, 10},{5794, 10},
{14346, 10},{20570, 10},{25550, 10},{19540, 10},{15108, 10},{16073, 10},{3792, 10},{15016, 10},{14831, 10},{23430, 10},
{25753, 10},{20445, 10},{22133, 10},{22238, 10},{12889, 10},{3599, 10},{14428, 10},{6028, 10},{18558, 10},{5595, 10},
{12741, 10},{25845, 10},{23608, 10},{5322, 10},{1614, 10},{24077, 10},{15765, 10},{25934, 10},{26113, 10},{19130, 10},
{10579, 10},{15142, 10},{3886, 10},{15825, 10},{24223, 10},{22203, 10},{15300, 10},{19996, 10},{18798, 10},{19146, 10},
{25818, 10},{5715, 10},{5623, 10},{6174, 10},{23014, 10},{22015, 10},{15073, 10},{26407, 10},{22549, 10},{14000, 10},
{4982, 10},{8476, 10},{15790, 10},{21631, 10},{2561, 10},{17074, 10},{22243, 10},{17087, 10},{9726, 10},{22013, 10},
{17700, 10},{8674, 10},{24348, 10},{2606, 10},{19279, 10},{6015, 10},{23998, 10},{7255, 10},{24149, 10},{19450, 10},
{23513, 10},{15949, 10},{23012, 10},{15907, 10},{22751, 10},{11526, 10},{17079, 10},{15950, 10},{21528, 10},{5257, 10},
{10795, 10},{5972, 10},{3805, 10},{8466, 10},{10521, 10},{11330, 10},{5627, 10},{19525, 10},{14742, 10},{3226, 10},
{14207, 10},{16288, 10},{22058, 10},{23686, 10},{1843, 10},{6159, 10},{1840, 10},{6178, 10},{15102, 10},{18760, 10},
{19838, 10},{16578, 10},{6636, 10},{10006, 10},{17286, 10},{21501, 10},{6026, 10},{11394, 10},{4949, 10},{2151, 10},
{17949, 10},{15079, 10},{20453, 10},{13267, 10},{507, 10},{5975, 10},{13823, 10},{23907, 10},{1075, 10},{15165, 10},
{4903, 10},{367, 10},{9, 10},{25884, 10},{22426, 10},{20785, 10},{3106, 10},{26372, 10},{23319, 10},{16960, 10},
{4934, 10},{16753, 10},{24398, 10},{23353, 10},{14325, 10},{2673, 10},{3726, 10},{12314, 10},{2780, 10},{5631, 10},
{25713, 10},{25386, 10},{4207, 10},{24240, 10},{9614, 10},{24448, 10},{23823, 10},{14368, 10},{17708, 10},{2618, 10},
{8751, 10},{25714, 10},{503, 10},{25556, 10},{12563, 10},{22054, 10},{7720, 10},{23096, 10},{22517, 10},{10371, 10},
{1095, 10},{4900, 10},{8873, 10},{22012, 10},{977, 10},{14802, 10},{14267, 10},{24629, 10},{75, 10},{975, 10},
{4647, 10},{12466, 10},{24394, 10},{17953, 10},{18885, 10},{22546, 10},{18239, 10},{21434, 10},{22406, 10},{2405, 10},
{7376, 10},{16522, 10},{750, 10},{25700, 10},{22204, 10},{8202, 10},{15647, 10},{19179, 10},{7436, 10},{13062, 10},
{24222, 10},{19724, 10},{20509, 10},{12490, 10},{10160, 10},{3390, 10},{22310, 10},{18554, 10},{26056, 10},{14790, 10},
{9331, 10},{16618, 10},{13100, 10},{12167, 10},{12305, 10},{14762, 10},{15404, 10},{11577, 10},{23688, 10},{3472, 10},
{16162, 10},{4004, 10},{18121, 10},{9818, 10},{23091, 10},{23398, 10},{12176, 10},{19690, 10},{10010, 10},{5606, 10},
{10613, 10},{2389, 10},{17898, 10},{19381, 10},{101, 10},{2655, 10},{17274, 10},{13715, 10},{5968, 10},{2373, 10},
{1093, 10},{21937, 10},{9310, 10},{8039, 10},{198, 10},{662, 10},{1167, 10},{6301, 10},{5718, 10},{13059, 10},
{22867, 10},{5470, 10},{18700, 10},{18490, 10},{10257, 10},{21899, 10},{3189, 10},{20808, 10},{4909, 10},{14206, 10},
{6269, 10},{2677, 10},{23129, 10},{8663, 10},{5622, 10},{13991, 10},{4203, 10},{21997, 10},{18772, 10},{15110, 10},
{26381, 10},{7797, 10},{17941, 10},{7438, 10},{19065, 10},{11523, 10},{9914, 10},{5903, 10},{15103, 10},{17371, 10},
{12175, 10},{10896, 10},{23350, 10},{10464, 10},{17803, 10},{24991, 10},{19868, 10},{20333, 10},{4722, 10},{4980, 10},
{13794, 10},{24665, 10},{3493, 10},{18491, 10},{12087, 10},{17479, 10},{9920, 10},{25464, 10},{21816, 10},{287, 10},
{10581, 10},{7747, 10},{4679, 10},{22540, 10},{10501, 10},{18335, 10},{3679, 10},{21511, 10},{6864, 10},{26139, 10},
{23422, 10},{17161, 10},{19533, 10},{23943, 10},{10671, 10},{22889, 10},{26194, 10},{19000, 10},{2605, 10},{19705, 10},
{15999, 10},{800, 10},{3222, 10},{15971, 10},{5996, 10},{18710, 10},{2248, 10},{5298, 10},{12929, 10},{19399, 10},
{7433, 10},{23450, 10},{26051, 10},{17138, 10},{17796, 10},{8637, 10},{17647, 10},{23264, 10},{25905, 10},{10681, 10},
{2297, 10},{2381, 10},{7062, 10},{11520, 10},{25092, 10},{748, 10},{6818, 10},{19528, 10},{3584, 10},{4719, 10},
{1615, 10},{3469, 10},{5554, 10},{13816, 10},{14833, 10},{2818, 10},{26366, 10},{17799, 10},{17900, 10},{6637, 10},
{11757, 10},{8192, 10},{2562, 10},{2538, 10},{19324, 10},{12878, 10},{16623, 10},{22529, 10},{9654, 10},{17136, 10},
{14268, 10},{8666, 10},{16586, 10},{19124, 10},{23303, 10},{21737, 10},{4955, 10},{11751, 10},{14370, 10},{13985, 10},
{22465, 10},{3105, 10},{14913, 10},{1387, 10},{16198, 10},{6004, 10},{5166, 10},{4486, 10},{20451, 10},{12886, 10},
{11653, 10},{709, 10},{1425, 10},{5350, 10},{18800, 10},{4897, 10},{8178, 10},{7050, 10},{24022, 10},{343, 10},
{9515, 10},{17388, 10},{25467, 10},{25377, 10},{9522, 10},{1390, 10},{25911, 10},{15887, 10},{25930, 10},{3470, 10},
{14785, 10},{10262, 10},{21536, 10},{20482, 10},{4199, 10},{25730, 10},{25770, 10},{4070, 10},{757, 10},{4525, 10},
{10419, 10},{18497, 10},{22205, 10},{9213, 10},{9210, 10},{14379, 10},{10254, 10},{20805, 10},{24217, 10},{11756, 10},
{17202, 10},{14703, 10},{11361, 10},{21311, 10},{5981, 10},{15785, 10},{9616, 10},{78, 10},{2631, 10},{19261, 10},
{17310, 10},{25671, 10},{19723, 10},{23453, 10},{6307, 10},{14329, 10},{6008, 10},{23601, 10},{19129, 10},{23318, 10},
{2918, 10},{10467, 10},{24536, 10},{4920, 10},{14883, 10},{13712, 10},{16476, 10},{21145, 10},{18910, 10},{3671, 10},
{23476, 10},{18336, 10},{17800, 10},{2601, 10},{18182, 10},{13063, 10},{25112, 10},{10289, 10},{20528, 10},{10367, 10},
{12172, 10},{2293, 10},{3760, 10},{11615, 10},{12440, 10},{25372, 10},{7310, 10},{10820, 10},{17436, 10},{13060, 10},
{19861, 10},{12909, 10},{9115, 10},{22431, 10},{17595, 10},{15994, 10},{25546, 10},{21874, 10},{20967, 10},{9449, 10},
{16205, 10},{23449, 10},{25915, 10},{23477, 10},{10839, 10},{9888, 10},{3997, 10},{15998, 10},{22357, 10},{24320, 10},
{17339, 10},{10825, 10},{25588, 10},{7478, 10},{1041, 10},{25102, 10},{18302, 10},{22677, 10},{12469, 10},{12051, 10},
{11356, 10},{16517, 10},{15864, 10},{16300, 10},{3590, 10},{12931, 10},{3790, 10},{7337, 10},{2377, 10},{12753, 10},
{5254, 10},{11401, 10},{4200, 10},{10649, 10},{6129, 10},{14800, 10},{2244, 10},{7333, 10},{6194, 10},{23164, 10},
{23301, 10},{146, 10},{5114, 10},{20185, 10},{23955, 10},{15391, 10},{319, 10},{19797, 10},{7841, 10},{12184, 10},
{10036, 10},{12444, 10},{5598, 10},{21096, 10},{1607, 10},{6892, 10},{3619, 10},{3221, 10},{14339, 10},{25360, 10},
{19029, 10},{22053, 10},{11708, 10},{21878, 10},{3299, 10},{17075, 10},{23011, 10},{577, 10},{25384, 10},{1416, 10},
{23086, 10},{17243, 10},{4901, 10},{14324, 10},{1600, 10},{13448, 10},{4862, 10},{10260, 10},{9119, 10},{10783, 10},
{6771, 10},{6471, 10},{4330, 10},{17563, 10},{11405, 10},{20571, 10},{14763, 10},{17283, 10},{363, 10},{22515, 10},
{13983, 10},{11398, 10},{21530, 10},{23033, 10},{9959, 10},{3962, 10},{17139, 10},{25990, 10},{18761, 10},{18152, 10},
{516, 10},{25455, 10},{13773, 10},{13660, 10},{10434, 10},{25554, 10},{18153, 10},{1627, 10},{8595, 10},{23036, 10},
{14426, 10},{22769, 10},{21505, 10},{5720, 10},{18238, 10},{8218, 10},{5119, 10},{5538, 10},{23956, 10},{14946, 10},
{3523, 10},{2440, 10},{10005, 10},{18918, 10},{6448, 10},{22050, 10},{12754, 10},{1076, 10},{18595, 10},{4908, 10},
{5635, 10},{19476, 10},{23137, 10},{16179, 10},{22832, 10},{19064, 10},{15284, 10},{17444, 10},{20890, 10},{2598, 10},
{2221, 10},{24202, 10},{13444, 10},{7300, 10},{24168, 10},{24464, 10},{4016, 10},{6338, 10},{17598, 10},{8436, 10},
{9059, 10},{11279, 10},{25453, 10},{3497, 10},{14387, 10},{12908, 10},{6454, 10},{18154, 10},{15381, 10},{25407, 10},
{23535, 10},{18973, 10},{15995, 10},{17280, 10},{10612, 10},{6838, 10},{26058, 10},{9110, 10},{6539, 10},{25446, 10},
{24213, 10},{17888, 10},{4481, 10},{4529, 10},{2145, 10},{14383, 10},{6274, 10},{11114, 10},{21452, 10},{1630, 10},
{11848, 10},{8933, 10},{2879, 10},{5786, 10},{13561, 10},{21316, 10},{4777, 10},{9244, 10},{18398, 10},{22020, 10},
{2243, 10},{14916, 10},{5113, 10},{7947, 10},{4678, 10},{4749, 10},{25776, 10},{16882, 10},{9412, 10},{18568, 10},
{4649, 10},{19800, 10},{6175, 10},{22522, 10},{24207, 10},{11407, 10},{11400, 10},{8173, 10},{18072, 10},{17486, 10},
{17568, 10},{6191, 10},{17604, 10},{7844, 10},{26188, 10},{14917, 10},{17387, 10},{161, 10},{23915, 10},{3290, 10},
{18880, 10},{24643, 10},{24017, 10},{6083, 10},{26060, 10},{23916, 10},{9401, 10},{5980, 10},{1557, 10},{2708, 10},
{21753, 10},{15952, 10},{10366, 10},{14769, 10},{21669, 10},{23300, 10},{16931, 10},{16812, 10},{11847, 10},{22662, 10},
{21821, 10},{5789, 10},{19737, 10},{13224, 10},{24218, 10},{10409, 10},{23177, 10},{1385, 10},{10498, 10},{4677, 10},
{4208, 10},{13556, 10},{23644, 10},{17171, 10},{16482, 10},{10319, 10},{21442, 10},{23285, 10},{23647, 10},{21818, 10},
{12034, 10},{4675, 10},{4299, 10},{4300, 10},{6893, 10},{7823, 10},{21939, 10},{10555, 10},{4567, 10},{25846, 10},
{21980, 10},{15996, 10},{9353, 10},{15886, 10},{10312, 10},{6170, 10},{21477, 10},{18471, 10},{26109, 10},{1417, 10},
{18483, 10},{9217, 10},{22680, 10},{12757, 10},{15889, 10},{5725, 10},{14024, 10},{4953, 10},{10989, 10},{10156, 10},
{11208, 10},{14726, 10},{19001, 10},{25938, 10},{17166, 10},{17178, 10},{12896, 10},{762, 10},{11186, 10},{14210, 10},
{789, 10},{2099, 10},{18600, 10},{21750, 10},{19736, 10},{6311, 10},{22026, 10},{3529, 10},{16176, 10},{18883, 10},
{3965, 10},{7427, 10},{5904, 10},{24653, 10},{8749, 10},{17160, 10},{12556, 10},{22312, 10},{26178, 10},{9589, 10},
{10370, 10},{373, 10},{21423, 10},{4919, 10},{8221, 10},{24460, 10},{14, 10},{15292, 10},{25935, 10},{13451, 10},
{18114, 10},{12033, 10},{8465, 10},{2819, 10},{13573, 10},{13566, 10},{11527, 10},{2788, 10},{15138, 10},{17689, 10},
{17889, 10},{11113, 10},{14211, 10},{22430, 10},{25080, 10},{15827, 10},{20811, 10},{24318, 10},{1099, 10},{13714, 10},
{12895, 10},{12894, 10},{12585, 10},{19549, 10},{22683, 10},{21879, 10},{3621, 10},{26382, 10},{8668, 10},{4403, 10},
{8994, 10},{12323, 10},{8045, 10},{10215, 10},{5620, 10},{17687, 10},{23311, 10},{19455, 10},{17325, 10},{23677, 10},
{9087, 10},{9081, 10},{9851, 10},{13043, 10},{18147, 10},{7825, 10},{16755, 10},{1168, 10},{6356, 10},{21933, 10},
{5259, 10},{14334, 10},{5468, 10},{24625, 10},{25912, 10},{24879, 10},{19481, 10},{1636, 10},{15870, 10},{25851, 10},
{7109, 10},{21732, 10},{8932, 10},{9952, 10},{22863, 10},{15141, 10},{17684, 10},{8870, 10},{14911, 10},{10578, 10},
{5163, 10},{8585, 10},{1421, 10},{20529, 10},{24220, 10},{12315, 10},{10007, 10},{22775, 10},{14229, 10},{15957, 10},
{6989, 10},{16477, 10},{8661, 10},{1388, 10},{15078, 10},{19325, 10},{24984, 10},{3502, 10},{19014, 10},{9253, 10},
{14921, 10},{8745, 10},{17309, 10},{755, 10},{5626, 10},{25721, 10},{18668, 10},{25772, 10},{11456, 10},{18461, 10},
{16686, 10},{21107, 10},{4979, 10},{20777, 10},{7261, 10},{16204, 10},{17562, 10},{19096, 10},{24097, 10},{6172, 10},
{14215, 10},{760, 10},{25754, 10},{16718, 10},{16075, 10},{14237, 10},{18236, 10},{7765, 10},{25391, 10},{26006, 10},
{372, 10},{22519, 10},{24624, 10},{17173, 10},{6009, 10},{24165, 10},{11414, 10},{20341, 10},{18159, 10},{12461, 10},
{7719, 10},{11965, 10},{14947, 10},{21667, 10},{3565, 10},{14784, 10},{14014, 10},{17597, 10},{11461, 10},{4287, 10},
{15289, 10},{7078, 10},{3896, 10},{3184, 10},{22420, 10},{9882, 10},{14338, 10},{22772, 10},{16542, 10},{23451, 10},
{9355, 10},{14185, 10},{9658, 10},{19535, 10},{16881, 10},{7034, 10},{20563, 10},{18972, 10},{19017, 10},{22129, 10},
{15974, 10},{19091, 10},{7809, 10},{204, 10},{5116, 10},{20334, 10},{2384, 10},{345, 10},{25552, 10},{5552, 10},
{20804, 10},{5587, 10},{24047, 10},{8744, 10},{9406, 10},{20701, 10},{6284, 10},{18151, 10},{9619, 10},{21936, 10},
{26273, 10},{21759, 10},{14881, 10},{10492, 10},{12409, 10},{11616, 10},{10822, 10},{1391, 10},{7311, 10},{6352, 10},
{6824, 10},{18674, 10},{21428, 10},{14926, 10},{22103, 10},{16813, 10},{9721, 10},{6171, 10},{2294, 10},{22742, 10},
{202, 10},{16289, 10},{14195, 10},{12679, 10},{25665, 10},{22838, 10},{3116, 10},{1603, 10},{10404, 10},{17092, 10},
{7717, 10},{26195, 10},{17334, 10},{5594, 10},{18561, 10},{19127, 10},{12032, 10},{15077, 10},{10154, 10},{23286, 10},
{7905, 10},{3598, 10},{24198, 10},{4986, 10},{13411, 10},{15582, 10},{15869, 10},{17247, 10},{17143, 10},{12959, 10},
{2288, 10},{7800, 10},{7056, 10},{19456, 10},{2896, 10},{23693, 10},{26266, 10},{11854, 10},{22018, 10},{26052, 10},
{20651, 10},{3940, 10},{13465, 10},{21533, 10},{3505, 10},{3676, 10},{11462, 10},{18235, 10},{20643, 10},{19323, 10},
{9881, 10},{9264, 10},{10314, 10},{4855, 10},{1618, 10},{19060, 10},{13101, 10},{22743, 10},{18105, 10},{17473, 10},
{23689, 10},{9623, 10},{21982, 10},{342, 10},{3082, 10},{12485, 10},{7425, 10},{5915, 10},{6800, 10},{23060, 10},
{3620, 10},{21934, 10},{3616, 10},{10615, 10},{2107, 10},{10466, 10},{10256, 10},{5636, 10},{11337, 10},{9311, 10},
{11216, 10},{3186, 10},{13546, 10},{658, 10},{3561, 10},{18598, 10},{4723, 10},{23347, 10},{6266, 10},{16877, 10},
{4951, 10},{15145, 10},{2155, 10},{8220, 10},{17797, 10},{6638, 10},{7052, 10},{25363, 10},{21136, 10},{3527, 10},
{7707, 10},{16576, 10},{17384, 10},{118, 10},{19318, 10},{5775, 10},{14564, 10},{22518, 10},{14989, 10},{3785, 10},
{24019, 10},{1844, 10},{16473, 10},{22351, 10},{21093, 10},{2623, 10},{14797, 10},{1107, 10},{16816, 10},{15162, 10},
{12629, 10},{20448, 10},{17969, 10},{21106, 10},{19709, 10},{22314, 10},{11336, 10},{12751, 10},{25827, 10},{10500, 10},
{24392, 10},{994, 10},{1969, 10},{21095, 10},{19999, 10},{9974, 10},{4001, 10},{15973, 10},{18734, 10},{285, 10},
{3386, 10},{9439, 10},{21133, 10},{21735, 10},{17251, 10},{26108, 10},{5973, 10},{12745, 10},{21351, 10},{11613, 10},
{18775, 10},{21665, 10},{25992, 10},{23452, 10},{12786, 10},{21531, 10},{12943, 10},{20787, 10},{7710, 10},{25936, 10},
{24068, 10},{17311, 10},{16171, 10},{3521, 10},{21506, 10},{5290, 10},{5791, 10},{18909, 10},{22030, 10},{16200, 10},
{9086, 10},{14755, 10},{18837, 10},{1971, 10},{26032, 10},{22182, 10},{19695, 10},{10408, 10},{5253, 10},{7529, 10},
{4620, 10},{13213, 10},{4201, 10},{8526, 10},{26298, 10},{24811, 10},{8793, 10},{16474, 10},{25418, 10},{205, 10},
{14145, 10},{12309, 10},{17340, 10},{4867, 10},{16953, 10},{25856, 10},{17972, 10},{14263, 10},{16933, 10},{25319, 10},
{6088, 10},{2372, 10},{11970, 10},{17287, 10},{1347, 10},{3496, 10},{10873, 10},{4543, 10},{16525, 10},{18472, 10},
{11850, 10},{15299, 10},{16523, 10},{5346, 10},{8551, 10},{18993, 10},{5625, 10},{7309, 10},{11849, 10},{3252, 10},
{17458, 10},{16830, 10},{14602, 10},{8642, 10},{3884, 10},{17141, 10},{8748, 10},{19020, 10},{22140, 10},{2537, 10},
{12449, 10},{4482, 10},{4863, 10},{5545, 10},{10867, 10},{15831, 10},{2654, 10},{282, 10},{712, 10},{15826, 10},
{9405, 10},{4407, 10},{9250, 10},{6139, 10},{20872, 10},{7330, 10},{2298, 10},{571, 10},{12748, 10},{8473, 10},
{26181, 10},{12756, 10},{1970, 10},{24238, 10},{17955, 10},{19704, 10},{4690, 10},{22348, 10},{21942, 10},{9067, 10},
{19384, 10},{13768, 10},{7389, 10},{19391, 10},{7284, 10},{14214, 10},{16481, 10},{6308, 10},{22350, 10},{2787, 10},
{10, 10},{18701, 10},{17381, 10},{12561, 10},{10688, 10},{5165, 10},{9008, 10},{10456, 10},{11108, 10},{19866, 10},
{20449, 10},{5779, 10},{22862, 10},{12255, 10},{25459, 10},{2647, 10},{13413, 10},{13081, 10},{669, 10},{18897, 10},
{17470, 10},{13978, 10},{6802, 10},{6324, 10},{4852, 10},{14200, 10},{4775, 10},{11335, 10},{10008, 10},{21454, 10},
{23530, 10},{22016, 10},{7318, 10},{11018, 10},{9880, 10},{9312, 10},{12705, 10},{6820, 10},{3254, 10},{9263, 10},
{16293, 10},{25491, 10},{15906, 10},{6093, 10},{14923, 10},{2305, 10},{14231, 10},{7080, 10},{8675, 10},{16935, 10},
{23041, 10},{510, 10},{1637, 10},{23020, 10},{16807, 10},{24990, 10},{20867, 10},{25939, 10},{15402, 10},{6816, 10},
{15295, 10},{15100, 10},{24874, 10},{9617, 10},{22875, 10},{11582, 10},{20452, 10},{26029, 10},{9065, 10},{18990, 10},
{24508, 10},{10900, 10},{16806, 10},{10293, 10},{25670, 10},{14272, 10},{21632, 10},{14600, 10},{6886, 10},{24164, 10},
{7482, 10},{24513, 10},{18123, 10},{24171, 10},{22534, 10},{10812, 10},{23997, 10},{26435, 10},{18478, 10},{22794, 10},
{21626, 10},{9657, 10},{13218, 10},{7744, 10},{12182, 10},{13408, 10},{17446, 10},{7750, 10},{17887, 10},{22415, 10},
{26099, 10},{19984, 10},{18480, 10},{11795, 10},{24900, 10},{5624, 10},{12, 10},{21776, 10},{3520, 10},{26054, 10},
{10894, 10},{19475, 10},{4572, 10},{10499, 10},{15577, 10},{6335, 10},{3762, 10},{12039, 10},{6097, 10},{23533, 10},
{25458, 10},{14885, 10},{9960, 10},{18770, 10},{11350, 10},{14781, 10},{19993, 10},{12188, 10},{12758, 10},{12711, 10},
{23819, 10},{10427, 10},{23448, 10},{14001, 10},{576, 10},{1975, 10},{24511, 10},{5759, 10},{26367, 10},{3678, 10},
{22099, 10},{7481, 10},{15589, 10},{25374, 10},{7262, 10},{275, 10},{10307, 10},{12902, 10},{18920, 10},{18627, 10},
{11611, 10},{12173, 10},{25821, 10},{19714, 10},{7793, 10},{15992, 10},{22317, 10},{16177, 10},{24243, 10},{7840, 10},
{6995, 10},{8471, 10},{10291, 10},{573, 10},{14336, 10},{7822, 10},{7388, 10},{22057, 10},{10560, 10},{10261, 10},
{6447, 10},{23153, 10},{3079, 10},{11182, 10},{9060, 10},{20752, 10},{4869, 10},{17242, 10},{9063, 10},{4747, 10},
{11261, 10},{4478, 10},{12612, 10},{83, 10},{10410, 10},{8867, 10},{7051, 10},{25737, 10},{10690, 10},{8792, 10},
{2404, 10},{10810, 10},{2137, 10},{20784, 10},{5790, 10},{1109, 10},{2877, 10},{26040, 10},{9440, 10},{22244, 10},
{1490, 10},{24242, 10},{3503, 10},{11107, 10},{5655, 10},{13976, 10},{9349, 10},{8050, 10},{7726, 10},{3249, 10},
{24401, 10},{979, 10},{25672, 10},{24016, 10},{20767, 10},{8040, 10},{17322, 10},{24101, 10},{76, 10},{5301, 10},
{8520, 10},{368, 10},{10292, 10},{3808, 10},{7426, 10},{2410, 10},{6994, 10},{10842, 10},{17313, 10},{10202, 10},
{2442, 10},{4355, 10},{16752, 10},{4327, 10},{21535, 10},{6653, 10},{18110, 10},{1613, 10},{6833, 10},{23354, 10},
{12687, 10},{11807, 10},{10405, 10},{19796, 10},{11198, 10},{12573, 10},{17959, 10},{12040, 10},{1422, 10},{11132, 10},
{12120, 10},{17438, 10},{20650, 10},{1419, 10},{22319, 10},{19378, 10},{22042, 10},{11406, 10},{24160, 10},{18966, 10},
{2913, 10},{13405, 10},{19126, 10},{17018, 10},{12564, 10},{6837, 10},{19551, 10},{10153, 10},{20336, 10},{2239, 10},
{3975, 10},{17899, 10},{25368, 10},{20648, 10},{23336, 10},{16954, 10},{16854, 10},{15763, 10},{10662, 10},{17892, 10},
{13048, 10},{9069, 10},{26269, 10},{6094, 10},{4899, 10},{19554, 10},{5637, 10},{14331, 10},{16468, 10},{6080, 10},
{21502, 10},{6533, 10},{18917, 10},{20769, 10},{2416, 10},{10459, 10},{16199, 10},{2313, 10},{5600, 10},{579, 10},
{24626, 10},{14094, 10},{1345, 10},{18303, 10},{4983, 10},{18230, 10},{4326, 10},{6821, 10},{11452, 10},{13026, 10},
{6658, 10},{7386, 10},{19693, 10},{24235, 10},{21146, 10},{18970, 10},{11110, 10},{1499, 10},{21425, 10},{17467, 10},
{16585, 10},{24988, 10},{25704, 10},{10694, 10},{18991, 10},{13770, 10},{7804, 10},{3715, 10},{21815, 10},{17885, 10},
{655, 10},{25312, 10},{4540, 10},{344, 10},{15629, 10},{3807, 10},{2222, 10},{25205, 10},{13669, 10},{18344, 10},
{25883, 10},{14739, 10},{13973, 10},{15161, 10},{79, 10},{16056, 10},{6192, 10},{17644, 10},{5589, 10},{10058, 10},
{3995, 10},{12467, 10},{4915, 10},{10365, 10},{15979, 10},{16805, 10},{21628, 10},{18732, 10},{9911, 10},{18237, 10},
{7282, 10},{20536, 10},{4750, 10},{9808, 10},{11131, 10},{15832, 10},{9445, 10},{13023, 10},{24611, 10},{18995, 10},
{23323, 10},{18115, 10},{1628, 10},{17557, 10},{14556, 10},{5730, 10},{19801, 10},{18975, 10},{318, 10},{9068, 10},
{17683, 10},{17643, 10},{14761, 10},{10310, 10},{3564, 10},{9347, 10},{3115, 10},{21670, 10},{24391, 10},{24350, 10},
{4650, 10},{7748, 10},{21943, 10},{16624, 10},{8582, 10},{20810, 10},{4680, 10},{17324, 10},{5511, 10},{18108, 10},
{3114, 10},{18833, 10},{20437, 10},{15966, 10},{15964, 10},{6169, 10},{16834, 10},{15792, 10},{17025, 10},{14016, 10},
{6092, 10},{25829, 10},{17201, 10},{100, 10},{1339, 10},{8474, 10},{13469, 10},{8196, 10},{6278, 10},{19734, 10},
{1389, 10},{26053, 10},{2779, 10},{17884, 10},{19733, 10},{25109, 10},{11808, 10},{15022, 10},{25500, 10},{21138, 10},
{7766, 10},{21058, 10},{6143, 10},{4477, 10},{6013, 10},{763, 10},{5780, 10},{18727, 10},{16518, 10},{22345, 10},
{5333, 10},{23691, 10},{19270, 10},{19142, 10},{23092, 10},{25742, 10},{7081, 10},{18232, 10},{5825, 10},{13557, 10},
{19377, 10},{23818, 10},{9308, 10},{12704, 10},{10460, 10},{4685, 10},{23409, 10},{5728, 10},{15290, 10},{14925, 10},
{4744, 10},{4523, 10},{18484, 10},{17135, 10},{8796, 10},{6010, 10},{18482, 10},{4918, 10},{2400, 10},{20190, 10},
{24470, 10},{18118, 10},{77, 10},{13975, 10},{14002, 10},{10582, 10},{8527, 10},{18233, 10},{18942, 10},{18343, 10},
{6768, 10},{18774, 10},{23602, 10},{4609, 10},{17605, 10},{199, 10},{12707, 10},{18120, 10},{3998, 10},{6357, 10},
{6537, 10},{24901, 10},{10259, 10},{5762, 10},{15788, 10},{25991, 10},{2242, 10},{5293, 10},{17940, 10},{2919, 10},
{9116, 10},{15232, 10},{23134, 10},{1555, 10},{10580, 10},{14328, 10},{976, 10},{12043, 10},{23531, 10},{3720, 10},
{17096, 10},{15965, 10},{25587, 10},{7281, 10},{5190, 10},{11067, 10},{3933, 10},{5319, 10},{25909, 10},{10323, 10},
{2914, 10},{9972, 10},{4528, 10},{7820, 10},{19387, 10},{4545, 10},{10616, 10},{3550, 10},{17333, 10},{2415, 10},
{12875, 10},{12752, 10},{2923, 10},{13734, 10},{25044, 10},{201, 10},{3389, 10},{18795, 10},{6867, 10},{14927, 10},
{747, 10},{6277, 10},{23040, 10},{7801, 10},{3292, 10},{10902, 10},{3489, 10},{4534, 10},{9833, 10},{6778, 10},
{7479, 10},{4538, 10},{20862, 10},{26044, 10},{1078, 10},{6002, 10},{17326, 10},{23335, 10},{21492, 10},{9083, 10},
{21490, 10},{24283, 10},{4364, 10},{10317, 10},{16294, 10},{24807, 10},{24878, 10},{1551, 10},{8665, 10},{12079, 10},
{12249, 10},{10327, 10},{21144, 10},{8174, 10},{2825, 10},{19860, 10},{22777, 10},{7794, 10},{23957, 10},{670, 10},
{25773, 10},{2898, 10},{751, 10},{196, 10},{6423, 10},{17377, 10},{17440, 10},{14789, 10},{5357, 10},{14008, 10},
{8525, 10},{19092, 10},{23342, 10},{25375, 10},{6000, 10},{25208, 10},{11521, 10},{21627, 10},{22679, 10},{2291, 10},
{7430, 10},{26037, 10},{18958, 10},{18976, 10},{19389, 10},{25040, 10},{7483, 10},{21940, 10},{8524, 10},{22774, 10},
{14774, 10},{6470, 10},{7102, 10},{9330, 10},{7391, 10},{21064, 10},{786, 10},{2306, 10},{3298, 10},{22419, 10},
{17890, 10},{17245, 10},{14787, 10},{22023, 10},{10792, 10},{13024, 10},{12706, 10},{25910, 10},{1415, 10},{10667, 10},
{11130, 10},{341, 10},{9622, 10},{19731, 10},{5821, 10},{5605, 10},{3334, 10},{6657, 10},{26007, 10},{19555, 10},
{10617, 10},{1608, 10},{24610, 10},{3111, 10},{13772, 10},{9816, 10},{15823, 10},{11457, 10},{22014, 10},{12681, 10},
{25669, 10},{19148, 10},{18498, 10},{11070, 10},{4542, 10},{14650, 10},{18801, 10},{10611, 10},{8182, 10},{8077, 10},
{14756, 10},{21049, 10},{25041, 10},{4402, 10},{25933, 10},{15017, 10},{16759, 10},{4952, 10},{20433, 10},{15230, 10},
{11013, 10},{21057, 10},{19532, 10},{16962, 10},{5469, 10},{21668, 10},{9891, 10},{12938, 10},{23163, 10},{13764, 10},
{15648, 10},{10677, 10},{4683, 10},{10614, 10},{12794, 10},{9523, 10},{1036, 10},{25313, 10},{18111, 10},{4978, 10},
{5734, 10},{2245, 10},{17691, 10},{6273, 10},{5619, 10},{273, 10},{11125, 10},{11185, 10},{22108, 10},{10465, 10},
{149, 10},{16290, 10},{13821, 10},{9257, 10},{3612, 10},{22111, 10},{17692, 10},{11334, 10},{3709, 10},{12880, 10},
{13271, 10},{3674, 10},{8214, 10},{19131, 10},{26299, 10},{5507, 10},{10013, 10},{20564, 10},{3963, 10},{11196, 10},
{661, 10},{9652, 10},{20434, 10},{20432, 10},{15430, 10},{706, 10},{4024, 10},{12680, 10},{25365, 10},{25885, 10},
{7846, 10},{17958, 10},{21633, 10},{2881, 10},{20845, 10},{17495, 10},{4526, 10},{3188, 10},{2382, 10},{21317, 10},
{13663, 10},{25129, 10},{18768, 10},{18310, 10},{496, 10},{22029, 10},{23446, 10},{11578, 10},{9255, 10},{22418, 10},
{15358, 10},{3711, 10},{888, 10},{14738, 10},{9262, 10},{8647, 10},{3522, 10},{17176, 10},{4673, 10},{10436, 10},
{21315, 10},{14929, 10},{4292, 10},{3492, 10},{17965, 10},{20344, 10},{16527, 10},{23156, 10},{6131, 10},{783, 10},
{14770, 10},{19524, 10},{25987, 10},{19697, 10},{10423, 10},{11797, 10},{16291, 10},{24471, 10},{22750, 10},{3986, 10},
{14771, 10},{24881, 10},{18567, 10},{4958, 10},{4015, 10},{12115, 10},{4653, 10},{10585, 10},{10403, 10},{4672, 10},
{24393, 10},{3991, 10},{14912, 10},{2885, 10},{15904, 10},{17162, 10},{9000, 10},{21935, 10},{24239, 10},{10984, 10},
{18070, 10},{4916, 10},{4786, 10},{3615, 10},{22422, 10},{21981, 10},{16164, 10},{11967, 10},{1494, 10},{14718, 10},
{13769, 10},{25986, 10},{14204, 10},{9885, 10},{14273, 10},{10117, 10},{17905, 10},{10665, 10},{18079, 10},{12114, 10},
{17903, 10},{23281, 10},{4716, 10},{2392, 10},{24346, 10},{5652, 10},{23034, 10},{22873, 10},{25349, 10},{21629, 10},
{2246, 10},{2387, 10},{14767, 10},{10253, 10},{26198, 10},{19527, 10},{20847, 10},{1394, 10},{6798, 10},{25663, 10},
{9441, 10},{11339, 10},{2564, 10},{11265, 10},{11112, 10},{12686, 10},{17179, 10},{8519, 10},{2917, 10},{12245, 10},
{13057, 10},{25462, 10},{16932, 10},{17606, 10},{21666, 10},{14337, 10},{15163, 10},{21730, 10},{9828, 10},{805, 10},
{12747, 10},{2439, 10},{4921, 10},{12928, 10},{18075, 10},{3509, 10},{12559, 10},{6529, 10},{12317, 10},{15768, 10},
{18557, 10},{4289, 10},{12879, 10},{19061, 10},{14425, 10},{25852, 10},{14954, 10},{4384, 10},{3593, 10},{23259, 10},
{2379, 10},{15867, 10},{5995, 10},{5162, 10},{7441, 10},{19448, 10},{5792, 10},{19174, 10},{25744, 10},{2398, 10},
{17093, 10},{2710, 10},{19330, 10},{10210, 10},{16197, 10},{3784, 10},{13450, 10},{6003, 10},{3758, 10},{25662, 10},
{4861, 10},{25932, 10},{787, 10},{23019, 10},{24098, 10},{23307, 10},{18802, 10},{3588, 10},{7843, 10},{15774, 10},
{8959, 10},{17076, 10},{1346, 10},{2406, 10},{15947, 10},{2648, 10},{3293, 10},{18699, 10},{19710, 10},{1978, 10},
{10619, 10},{17560, 10},{5352, 10},{3251, 10},{25311, 10},{10288, 10},{10818, 10},{2916, 10},{26059, 10},{11966, 10},
{145, 10},{23070, 10},{20446, 10},{2249, 10},{19090, 10},{6006, 10},{12300, 10},{13097, 10},{13972, 10},{7722, 10},
{12873, 10},{3761, 10},{4654, 10},{165, 10},{3935, 10},{15139, 10},{23500, 10},{14640, 10},{664, 10},{9446, 10},
{2880, 10},{8522, 10},{82, 10},{2714, 10},{14782, 10},{11109, 10},{7082, 10},{9351, 10},{10666, 10},{8511, 10},
{25046, 10},{4541, 10},{10424, 10},{21062, 10},{7824, 10},{13412, 10},{12560, 10},{1450, 10},{2402, 10},{11278, 10},
{7762, 10},{16808, 10},{9214, 10},{19691, 10},{5159, 10},{23510, 10},{20852, 10},{18113, 10},{7810, 10},{362, 10},
{14023, 10},{2600, 10},{9821, 10},{11579, 10},{5465, 10},{14737, 10},{6825, 10},{1034, 10},{19024, 10},{4691, 10},
{5536, 10},{15143, 10},{5653, 10},{7332, 10},{764, 10},{21128, 10},{11964, 10},{19883, 10},{4577, 10},{25585, 10},
{22681, 10},{4748, 10},{25039, 10},{25726, 10},{24234, 10},{19864, 10},{22551, 10},{17596, 10},{22612, 10},{5782, 10},
{5911, 10},{666, 10},{94, 10},{22827, 10},{7449, 10},{24351, 10},{5724, 10},{25703, 10},{18340, 10},{17172, 10},
{25497, 10},{13173, 10},{9328, 10},{24613, 10},{17022, 10},{13649, 10},{2438, 10},{3499, 10},{19548, 10},{2374, 10},
{8475, 10},{9338, 10},{17886, 10},{13470, 10},{14922, 10},{4610, 10},{11015, 10},{18596, 10},{4391, 10},{22116, 10},
{26115, 10},{9618, 10},{154, 10},{14374, 10},{15301, 10},{19018, 10},{16930, 10},{19262, 10},{9368, 10},{14384, 10},
{13765, 10},{23917, 10},{19725, 10},{12581, 10},{24907, 10},{7745, 10},{4682, 10},{9620, 10},{11728, 10},{23695, 10},
{18835, 10},{15076, 10},{26267, 10},{6899, 10},{25995, 10},{18555, 10},{147, 10},{8672, 10},{9660, 10},{6085, 10},
{22313, 10},{15517, 10},{2895, 10},{16520, 10},{20776, 10},{16157, 10},{24163, 10},{22000, 10},{20858, 10},{12588, 10},
{12876, 10},{5504, 10},{7440, 10},{23472, 10},{23824, 10},{19557, 10},{21371, 10},{22445, 10},{7264, 10},{5757, 10},
{23421, 10},{3296, 10},{10063, 10},{11203, 10},{20772, 10},{4906, 10},{14690, 10},{3257, 10},{23474, 10},{24909, 10},
{21495, 10},{7059, 10},{4295, 10},{24872, 10},{746, 10},{19151, 10},{25701, 10},{7328, 10},{20765, 10},{317, 10},
{2240, 10},{6865, 10},{15291, 10},{15072, 10},{24014, 10},{19707, 10},{24146, 10},{11458, 10},{21749, 10},{4356, 10},
{25583, 10},{3982, 10},{17688, 10},{10620, 10},{1112, 10},{17441, 10},{11617, 10},{13818, 10},{12111, 10},{5121, 10},
{24049, 10},{25907, 10},{10462, 10},{15298, 10},{13242, 10},{15975, 10},{25376, 10},{9274, 10},{4984, 10},{7769, 10},
{1841, 10},{24985, 10},{4721, 10},{16938, 10},{19651, 10},{14697, 10},{8995, 10},{6087, 10},{13574, 10},{12471, 10},
{3958, 10},{2535, 10},{14757, 10},{12789, 10},{24627, 10},{21877, 10},{12327, 10},{16832, 10},{11026, 10},{3394, 10},
{5719, 10},{2290, 10},{3961, 10},{6011, 10},{25855, 10},{21496, 10},{10420, 10},{12586, 10},{14599, 10},{22025, 10},
{24316, 10},{18977, 10},{10303, 10},{17332, 10},{12881, 10},{19170, 10},{3763, 10},{16717, 10},{14192, 10},{6305, 10},
{24043, 10},{24199, 10},{19168, 10},{10428, 10},{6817, 10},{25457, 10},{17937, 10},{19471, 10},{6536, 10},{8868, 10},
{24516, 10},{16206, 10},{25218, 10},{8939, 10},{19263, 10},{21100, 10},{99, 10},{7084, 10},{3787, 10},{24071, 10},
{16378, 10},{13797, 10},{13987, 10},{16299, 10},{13449, 10},{6354, 10},{12310, 10},{11024, 10},{16829, 10},{6146, 10},
{11248, 10},{14371, 10},{14196, 10},{10195, 10},{15914, 10},{14689, 10},{4328, 10},{21822, 10},{3677, 10},{3557, 10},
{9981, 10},{13102, 10},{13706, 10},{759, 10},{3330, 10},{14760, 10},{22890, 10},{16620, 10},{20739, 10},{23339, 10},
{25495, 10},{6525, 10},{13243, 10},{4524, 10},{365, 10},{1835, 10},{7761, 10},{17385, 10},{3966, 10},{1602, 10},
{5191, 10},{5341, 10},{9085, 10},{23820, 10},{4571, 10},{24153, 10},{17249, 10},{19264, 10},{10369, 10},{20786, 10},
{10789, 10},{16820, 10},{24659, 10},{15283, 10},{8865, 10},{21785, 10},{25402, 10},{2884, 10},{19100, 10},{17097, 10},
{4725, 10},{7329, 10},{16679, 10},{17323, 10},{26049, 10},{17804, 10},{26005, 10},{17314, 10},{10255, 10},{2368, 10},
{12590, 10},{24216, 10},{22044, 10},{14326, 10},{7567, 10},{19706, 10},{9118, 10},{25223, 10},{1115, 10},{894, 10},
{17943, 10},{26185, 10},{4205, 10},{15868, 10},{5787, 10},{19063, 10},{1082, 10},{4389, 10},{752, 10},{7437, 10},
{2650, 10},{11969, 10},{8664, 10},{17704, 10},{2646, 10},{24076, 10},{23400, 10},{2148, 10},{8941, 10},{17026, 10},
{23605, 10},{22607, 10},{24651, 10},{7768, 10},{23696, 10},{5526, 10},{25997, 10},{7712, 10},{13553, 10},{21507, 10},
{20774, 10},{18735, 10},{1083, 10},{19792, 10},{11010, 10},{26279, 10},{1067, 10},{3506, 10},{4332, 10},{4987, 10},
{22184, 10},{4325, 10},{3295, 10},{6990, 10},{25316, 10},{18591, 10},{21426, 10},{23013, 10},{7387, 10},{2922, 10},
{3086, 10},{9325, 10},{10804, 10},{2101, 10},{9520, 10},{12941, 10},{6141, 10},{18650, 10},{5599, 10},{6839, 10},
{22027, 10},{11047, 10},{4864, 10},{1633, 10},{20788, 10},{11525, 10},{25063, 10},{10060, 10},{21429, 10},{24317, 10},
{22605, 10},{22611, 10},{4907, 10},{4394, 10},{4535, 10},{22747, 10},{23963, 10},{8172, 10},{9596, 10},{24902, 10},
{25460, 10},{1601, 10},{24816, 10},{2304, 10},{15363, 10},{14804, 10},{25373, 10},{21534, 10},{12565, 10},{5947, 10},
{1452, 10},{4570, 10},{10548, 10},{8673, 10},{7319, 10},{22550, 10},{3804, 10},{23827, 10},{1839, 10},{25715, 10},
{9340, 10},{1086, 10},{8472, 10},{17685, 10},{1498, 10},{10192, 10},{4202, 10},{15237, 10},{1100, 10},{15442, 10},
{8215, 10},{19713, 10},{17164, 10},{16178, 10},{7259, 10},{23539, 10},{3585, 10},{12795, 10},{21453, 10},{9352, 10},
{8219, 10},{11194, 10},{6527, 10},{7901, 10},{23133, 10},{12113, 10},{24623, 10},{152, 10},{17893, 10},{2412, 10},
{11814, 10},{3556, 10},{25993, 10},{23995, 10},{2156, 10},{25841, 10},{7075, 10},{6023, 10},{5818, 10},{14149, 10},
{6863, 10},{13990, 10},{3969, 10},{23512, 10},{25501, 10},{14948, 10},{14190, 10},{12755, 10},{17159, 10},{25451, 10},
{24236, 10},{22112, 10},{6142, 10},{25697, 10},{4485, 10},{2292, 10},{23958, 10},{2144, 10},{4404, 10},{20720, 10},
{5441, 10},{17382, 10},{1110, 10},{2385, 10},{13716, 10},{5777, 10},{4752, 10},{18916, 10},{24622, 10},{18486, 10},
{4625, 10},{15976, 10},{21048, 10},{25580, 10},{973, 10},{21738, 10},{6528, 10},{5628, 10},{5532, 10},{1080, 10},
{8917, 10},{10670, 10},{13030, 10},{10320, 10},{4573, 10},{11346, 10},{12906, 10},{24442, 10},{16939, 10},{14382, 10},
{5722, 10},{12882, 10},{21130, 10},{714, 10},{24069, 10},{15958, 10},{10786, 10},{8043, 10},{25450, 10},{4387, 10},
{19260, 10},{22155, 10},{2388, 10},{10033, 10},{14186, 10},{7280, 10},{19572, 10},{18602, 10},{11193, 10},{14696, 10},
{127, 10},{7381, 10},{1453, 10},{12743, 10},{18479, 10},{23287, 10},{19798, 10},{11351, 10},{1548, 10},{18158, 10},
{7975, 10},{19712, 10},{4574, 10},{13666, 10},{6451, 10},{19259, 10},{20347, 10},{11126, 10},{25045, 10},{11184, 10},
{9819, 10},{18698, 10},{20761, 10},{21493, 10},{23262, 10},{4359, 10},{22055, 10},{7283, 10},{14015, 10},{336, 10},
{19477, 10},{10559, 10},{17935, 10},{4527, 10},{16687, 10},{2296, 10},{13264, 10},{22513, 10},{19128, 10},{3680, 10},
{16552, 10},{18470, 10},{21140, 10},{17094, 10},{16583, 10},{13711, 10},{25702, 10},{26142, 10},{12685, 10},{3967, 10},
{2307, 10},{4297, 10},{3756, 10},{23338, 10},{8036, 10},{22242, 10},{13447, 10},{7110, 10},{14772, 10},{6271, 10},
{13798, 10},{9373, 10},{21898, 10},{3391, 10},{3802, 10},{15166, 10},{14209, 10},{5320, 10},{18569, 10},{17693, 10},
{8470, 10},{22352, 10},{14733, 10},{2383, 10},{15015, 10},{4576, 10},{13800, 10},{14725, 10},{22185, 10},{26187, 10},
{22744, 10},{13025, 10},{2380, 10},{9884, 10},{3712, 10},{22421, 10},{22539, 10},{23964, 10},{17686, 10},{23114, 10},
{15405, 10},{17481, 10},{20568, 10},{14191, 10},{5967, 10},{3513, 10},{6265, 10},{13029, 10},{14241, 10},{18481, 10},
{12386, 10},{6842, 10},{1549, 10},{25038, 10},{13246, 10},{24995, 10},{3592, 10},{25209, 10},{10322, 10},{10212, 10},
{5167, 10},{10004, 10},{11609, 10},{19478, 10},{8922, 10},{13554, 10},{13984, 10},{13974, 10},{12304, 10},{7030, 10},
{4329, 10},{12442, 10},{1456, 10},{11800, 10},{22092, 10},{22556, 10},{5317, 10},{74, 10},{23479, 10},{18106, 10},
{26376, 10},{16295, 10},{5726, 10},{22049, 10},{10458, 10},{18468, 10},{12903, 10},{6022, 10},{10059, 10},{25886, 10},
{15791, 10},{1625, 10},{1089, 10},{1084, 10},{19948, 10},{18736, 10},{7727, 10},{3960, 10},{4483, 10},{2876, 10},
{19664, 10},{12534, 10},{104, 10},{3508, 10},{11395, 10},{23263, 10},{6090, 10},{18150, 10},{25914, 10},{11333, 10},
{9356, 10},{25712, 10},{26140, 10},{13216, 10},{2602, 10},{19067, 10},{4956, 10},{1116, 10},{9216, 10},{16047, 10},
{12112, 10},{14801, 10},{10633, 10},{13567, 10},{10686, 10},{7907, 10},{16479, 10},{9329, 10},{7842, 10},{17702, 10},
{9332, 10},{15587, 10},{21835, 10},{6027, 10},{665, 10},{10897, 10},{7287, 10},{10159, 10},{16809, 10},{14915, 10},
{21752, 10},{10061, 10},{11852, 10},{2785, 10},{14460, 10},{15099, 10},{12965, 10},{25023, 10},{21055, 10},{15234, 10},
{12584, 10},{25708, 10},{5965, 10},{8671, 10},{314, 10},{2558, 10},{12116, 10},{770, 10},{26437, 10},{9337, 10},
{2310, 10},{713, 10},{26111, 10},{1418, 10},{23816, 10},{14723, 10},{5313, 10},{5567, 10},{21487, 10},{25127, 10},
{11812, 10},{7807, 10},{16826, 10},{20183, 10},{14825, 10},{13488, 10},{5966, 10},{13775, 10},{19169, 10},{17250, 10},
{14695, 10},{22002, 10},{24091, 10},{20436, 10},{21630, 10},{17556, 10},{6450, 10},{3112, 10},{4007, 10},{7049, 10},
{19994, 10},{20806, 10},{10793, 10},{7709, 10},{11649, 10},{14768, 10},{22245, 10},{13668, 10},{6449, 10},{19125, 10},
{504, 10},{21099, 10},{8528, 10},{8224, 10},{10794, 10},{9879, 10},{15075, 10},{17330, 10},{24603, 10},{24465, 10},
{22200, 10},{10437, 10},{22417, 10},{7913, 10},{20874, 10},{21137, 10},{6633, 10},{98, 10},{575, 10},{12759, 10},
{4000, 10},{14381, 10},{21486, 10},{7564, 10},{21527, 10},{2622, 10},{9954, 10},{9252, 10},{4568, 10},{5276, 10},
{2604, 10},{11518, 10},{12703, 10},{20182, 10},{749, 10},{17442, 10},{23914, 10},{23507, 10},{8217, 10},{6196, 10},
{22745, 10},{23671, 10},{126, 10},{6819, 10},{9591, 10},{20755, 10},{14830, 10},{10523, 10},{20345, 10},{21312, 10},
{974, 10},{17640, 10},{24987, 10},{11332, 10},{17559, 10},{980, 10},{16827, 10},{22344, 10},{14791, 10},{7028, 10},
{25709, 10},{10318, 10},{15946, 10},{22201, 10},{15657, 10},{4409, 10},{5793, 10},{14007, 10},{4904, 10},{17561, 10},
{2635, 10},{19309, 10},{25414, 10},{23471, 10},{15900, 10},{7424, 10},{200, 10},{19171, 10},{22749, 10},{16878, 10},
{1457, 10},{25888, 10},{26114, 10},{14835, 10},{3563, 10},{19556, 10},{6463, 10},{4025, 10},{6472, 10},{13221, 10},
{11813, 10},{3999, 10},{167, 10},{1341, 10},{9955, 10},{25315, 10},{14880, 10},{17535, 10},{18863, 10},{505, 10},
{15427, 10},{24127, 10},{23351, 10},{3759, 10},{19386, 10},{4019, 10},{21838, 10},{7265, 10},{506, 10},{23314, 10},
{3183, 10},{17023, 10},{18229, 10},{13739, 10},{8508, 10},{2108, 10},{14017, 10},{2715, 10},{19445, 10},{16170, 10},
{8993, 10},{2403, 10},{14335, 10},{2645, 10},{16934, 10},{17175, 10},{17335, 10},{7715, 10},{22787, 10},{23337, 10},
{23953, 10},{22895, 10},{23308, 10},{4954, 10},{4910, 10},{12308, 10},{10807, 10},{7852, 10},{2417, 10},{18921, 10},
{8864, 10},{25722, 10},{19144, 10},{4410, 10},{22547, 10},{11217, 10},{24280, 10},{22603, 10},{23470, 10},{7562, 10},
{25310, 10},{6868, 10},{3185, 10},{965, 10},{758, 10},{9849, 10},{20763, 10},{22864, 10},{14271, 10},{25931, 10},
{17281, 10},{7313, 10},{10651, 10},{176, 10},{23309, 10},{12893, 10},{6769, 10},{24145, 10},{2437, 10},{12984, 10},
{18119, 10},{17936, 10},{4020, 10},{5976, 10},{13825, 10},{18341, 10},{2676, 10},{23388, 10},{17536, 10},{532, 10},
{18492, 10},{12183, 10},{23996, 10},{6304, 10},{22678, 10},{2903, 10},{2147, 10},{12709, 10},{21510, 10},{7570, 10},
{9251, 10},{15766, 10},{6889, 10},{18728, 10},{22516, 10},{95, 10},{22107, 10},{24154, 10},{10373, 10},{15822, 10},
{5321, 10},{21876, 10},{6466, 10},{9366, 10},{11270, 10},{24459, 10},{1612, 10},{15367, 10},{1496, 10},{16937, 10},
{23261, 10},{2407, 10},{6524, 10},{1604, 10},{20531, 10},{13269, 10},{23817, 10},{15783, 10},{889, 10},{13268, 10},
{17891, 10},{12119, 10},{7334, 10},{24046, 10},{22414, 10},{5112, 10},{7053, 10},{21781, 10},{20856, 10},{9371, 10},
{3673, 10},{6084, 10},{15351, 10},{15876, 10},{2899, 10},{3887, 10},{10374, 10},{6467, 10},{4206, 10},{6870, 10},
{24167, 10},{13817, 10},{22746, 10},{13223, 10},{12892, 10},{7967, 10},{15136, 10},{791, 10},{15865, 10},{22400, 10},
{3395, 10},{9246, 10},{1040, 10},{14376, 10},{5168, 10},{25322, 10},{4648, 10},{6426, 10},{281, 10},{14798, 10},
{9309, 10},{16955, 10},{11111, 10},{15649, 10},{21872, 10},{1972, 10},{25317, 10},{2548, 10},{26182, 10},{10157, 10},
{20335, 10},{10797, 10},{24461, 10},{24205, 10},{10197, 10},{6639, 10},{16819, 10},{25756, 10},{17206, 10},{19453, 10},
{5539, 10},{24806, 10},{14694, 10},{17565, 10},{3589, 10},{22062, 10},{3719, 10},{4782, 10},{1074, 10},{3788, 10},
{21817, 10},{25309, 10},{9334, 10},{16619, 10},{23662, 10},{17204, 10},{19794, 10},{22893, 10},{16957, 10},{14005, 10},
{534, 10},{19069, 10},{12630, 10},{7805, 10},{5997, 10},{14101, 10},{270, 10},{15409, 10},{14953, 10},{17165, 10},
{12577, 10},{12897, 10},{12946, 10},{10286, 10},{3716, 10},{9831, 10},{24449, 10},{25848, 10},{3964, 10},{15167, 10},
{10584, 10},{15443, 10},{5978, 10},{1090, 10},{1172, 10},{22411, 10},{7031, 10},{25413, 10},{24614, 10},{14717, 10},
{21614, 10},{221, 10},{10155, 10},{23039, 10},{14330, 10},{20569, 10},{20649, 10},{24813, 10},{18415, 10},{24314, 10},
{10311, 10},{22531, 10},{6888, 10},{25586, 10},{20725, 10},{10321, 10},{12235, 10},{9517, 10},{5359, 10},{2886, 10},
{9410, 10},{23291, 10},{10054, 10},{2921, 10},{3369, 10},{24518, 10},{3614, 10},{14700, 10},{7032, 10},{11801, 10},
{7476, 10},{20450, 10},{7085, 10},{19019, 10},{12589, 10},{5347, 10},{3718, 10},{22870, 10},{5122, 10},{10808, 10},
{24515, 10},{4718, 10},{3187, 10},{11009, 10},{18738, 10},{9621, 10},{18601, 10},{9341, 10},{745, 10},{11612, 10},
{22866, 10},{23352, 10},{1039, 10},{6635, 10},{22070, 10},{13031, 10},{6137, 10},{4017, 10},{19553, 10},{4866, 10},
{23612, 10},{16688, 10},{14601, 10},{4479, 10},{4021, 10},{19473, 10},{6652, 10},{3586, 10},{13569, 10},{11396, 10},
{13027, 10},{22247, 10},{5819, 10},{19278, 10},{1096, 10},{13022, 10},{5195, 10},{14322, 10},{10685, 10},{8991, 10},
{5292, 10},{10787, 10},{18469, 10},{24403, 10},{10823, 10},{1634, 10},{23606, 10},{21508, 10},{18562, 10},{21489, 10},
{21832, 10},{5508, 10},{15901, 10},{12318, 10},{25699, 10},{17170, 10},{22892, 10},{8581, 10},{14597, 10},{11590, 10},
{1343, 10},{6530, 10},{14773, 10},{7060, 10},{12035, 10},{25390, 10},{15356, 10},{10201, 10},{10790, 10},{2781, 10},
{4957, 10},{4898, 10},{7568, 10},{23348, 10},{15764, 10},{17021, 10},{13241, 10},{17474, 10},{508, 10},{21097, 10},
{7079, 10},{22685, 10},{11345, 10},{5299, 10},{6079, 10},{16514, 10},{6176, 10},{11187, 10},{17439, 10},{7566, 10},
{23158, 10},{23290, 10},{1424, 10},{4778, 10},{17017, 10},{8, 10},{11806, 10},{13570, 10},{23138, 10},{5892, 10},
{11219, 10},{13771, 10},{12684, 10},{6272, 10},{1397, 10},{22179, 10},{7903, 10},{18773, 10},{115, 10},{15286, 10},
{6007, 10},{7746, 10},{7336, 10},{18149, 10},{2409, 10},{12246, 10},{8938, 10},{22045, 10},{21310, 10},{15830, 10},
{10903, 10},{23610, 10},{24287, 10},{3984, 10},{23999, 10},{23161, 10},{24147, 10},{15978, 10},{6836, 10},{25791, 10},
{4850, 10},{891, 10},{9661, 10},{15433, 10},{5998, 10},{19395, 10},{25937, 10},{18312, 10},{19964, 10},{2670, 10},
{18485, 10},{10368, 10},{24161, 10},{25049, 10},{7029, 10},{20779, 10},{24607, 10},{2532, 10},{21461, 10},{20886, 10},
{5258, 10},{13572, 10},{25416, 10},{5255, 10},{11360, 10},{81, 10},{14704, 10},{5462, 10},{5963, 10},{174, 10},
{19959, 10},{11123, 10},{3258, 10},{18168, 10},{3789, 10},{8936, 10},{1101, 10},{4393, 10},{15365, 10},{11251, 10},
{18423, 10},{15168, 10},{5115, 10},{4331, 10},{24073, 10},{2536, 10},{19173, 10},{26118, 10},{17968, 10},{19446, 10},
{24982, 10},{23401, 10},{5723, 10},{366, 10},{12347, 10},{17246, 10},{13453, 10},{7083, 10},{11129, 10},{7827, 10},
{8866, 10},{19196, 10},{5964, 10},{320, 10},{9010, 10},{23255, 10},{5344, 10},{10161, 10},{11600, 10},{25496, 10},
{4985, 10},{20342, 10},{12117, 10},{20642, 10},{15303, 10},{15426, 10},{4018, 10},{1836, 10},{529, 10},{6440, 10},
{7027, 10},{6659, 10},{10562, 10},{18301, 10},{17393, 10},{20754, 10},{16621, 10},{19274, 10},{7037, 10},{22773, 10},
{6974, 10},{14796, 10},{10200, 10},{19380, 10},{25047, 10},{7422, 10},{2783, 10},{23162, 10},{7375, 10},{22028, 10},
{22240, 10},{10304, 10},{22891, 10},{25746, 10},{13099, 10},{24074, 10},{8746, 10},{19692, 10},{24450, 10},{7764, 10},
{4912, 10},{25729, 10},{7, 10},{8752, 10},{13731, 10},{18628, 10},{25743, 10},{6628, 10},{17137, 10},{21056, 10},
{1553, 10},{11580, 10},{22048, 10},{22897, 10},{784, 10},{20753, 10},{17435, 10},{2671, 10},{21873, 10},{21988, 10},
{10309, 10},{21746, 10},{17944, 10},{4851, 10},{21529, 10},{1386, 10},{10463, 10},{9350, 10},{3927, 10},{2782, 10},
{5466, 10},{17966, 10},{17513, 10},{15080, 10},{24221, 10},{25850, 10},{6270, 10},{15074, 10},{1500, 10},{24859, 10},
{17477, 10},{2709, 10},{21778, 10},{21751, 10},{19708, 10},{24621, 10},{20868, 10},{2712, 10},{9402, 10},{15956, 10},
{18994, 10},{10196, 10},{15885, 10},{12256, 10},{11450, 10},{16475, 10},{2817, 10},{5118, 10},{8441, 10},{16833, 10},
{9009, 10},{14004, 10},{103, 10},{18073, 10},{18465, 10},{14765, 10},{19447, 10},{17541, 10},{16078, 10},{25740, 10},
{14274, 10},{5721, 10},{25388, 10},{25889, 10},{13571, 10},{1098, 10},{21837, 10},{2766, 10},{105, 10},{6841, 10},
{2103, 10},{12445, 10},{26265, 10},{8935, 10},{25389, 10},{22428, 10},{20780, 10},{25320, 10},{6654, 10},{5199, 10},
{4539, 10},{315, 10},{744, 10},{5588, 10},{22684, 10},{5523, 10},{6421, 10},{23825, 10},{22767, 10},{18565, 10},
{25775, 10},{20454, 10},{3250, 10},{26280, 10},{20647, 10},{2308, 10},{6799, 10},{17024, 10},{19099, 10},{13240, 10},
{26110, 10},{2530, 10},{9006, 10},{22888, 10},{4622, 10},{17073, 10},{5815, 10},{12781, 10},{18078, 10},{10421, 10},
{21996, 10},{6179, 10},{7725, 10},{10981, 10},{14019, 10},{10055, 10},{22610, 10},{22208, 10},{1974, 10},{17564, 10},
{22872, 10},{13704, 10},{16810, 10},{20790, 10},{4938, 10},{12891, 10},{25456, 10},{11341, 10},{7828, 10},{10461, 10},
{5553, 10},{15071, 10},{18666, 10},{23454, 10},{17072, 10},{26000, 10},{24517, 10},{14423, 10},{13664, 10},{19066, 10},
{1852, 10},{7853, 10},{24445, 10},{22052, 10},{21619, 10},{18673, 10},{9064, 10},{14378, 10},{11124, 10},{9602, 10},
{17478, 10},{11803, 10},{22347, 10},{7939, 10},{23683, 10},{892, 10},{15020, 10},{23316, 10},{8225, 10},{15288, 10},
{15909, 10},{4950, 10},{17798, 10},{20870, 10},{2154, 10},{23455, 10},{7759, 10},{7105, 10},{1054, 10},{18122, 10},
{2378, 10},{9212, 10},{25379, 10},{17140, 10},{25853, 10},{25043, 10},{5463, 10},{10806, 10},{5351, 10},{25890, 10},
{11758, 10},{17163, 10},{12566, 10},{19143, 10},{26275, 10},{3617, 10},{1342, 10},{12470, 10},{19273, 10},{18974, 10},
{12313, 10},{14786, 10},{25110, 10},{6162, 10},{10899, 10},{14427, 10},{9121, 10},{887, 10},{17389, 10},{22019, 10},
{6355, 10},{1073, 10},{11397, 10},{23667, 10},{22869, 10},{19689, 10},{10824, 10},{13801, 10},{11968, 10},{12926, 10},
{9078, 10},{11081, 10},{23607, 10},{18737, 10},{18306, 10},{20764, 10},{22311, 10},{3297, 10},{24281, 10},{21828, 10},
{5345, 10},{20455, 10},{7448, 10},{3713, 10},{972, 10},{22032, 10},{22553, 10},{7392, 10},{21430, 10},{22770, 10},
{23405, 10},{19277, 10},{8469, 10},{15967, 10},{6464, 10},{13464, 10},{13245, 10},{2247, 10},{23304, 10},{23609, 10},
{16958, 10},{4692, 10},{1599, 10},{20337, 10},{6897, 10},{12487, 10},{14369, 10},{4935, 10},{15829, 10},{1838, 10},
{2227, 10},{16758, 10},{12945, 10},{25371, 10},{15789, 10},{22407, 10},{21098, 10},{3294, 10},{761, 10},{25547, 10},
{6535, 10},{18308, 10},{19950, 10},{2399, 10},{21896, 10},{12474, 10},{12468, 10},{19021, 10},{24285, 10},{18971, 10},
{19987, 10},{19791, 10},{7106, 10},{578, 10},{18074, 10},{1455, 10},{13795, 10},{11455, 10},{7335, 10},{3675, 10},
{25847, 10},{19932, 10},{14732, 10},{9120, 10},{14930, 10},{9114, 10},{12562, 10},{2157, 10},{15891, 10},{6465, 10},
{18671, 10},{6866, 10},{3259, 10},{18922, 10},{3494, 10},{10435, 10},{3765, 10},{22896, 10},{17317, 10},{2878, 10},
{340, 10},{23480, 10},{20538, 10},{24638, 10},{1176, 10},{25999, 10},{3800, 10},{21634, 10},{203, 10},{6281, 10},
{5194, 10},{10290, 10},{21831, 10},{4746, 10},{11343, 10},{18307, 10},{406, 10},{10422, 10},{4902, 10},{17320, 10},
{5727, 10},{14457, 10},{8937, 10},{9326, 10},{10284, 10},{13044, 10},{11399, 10},{15285, 10},{5761, 10},{15428, 10},
{6689, 10},{2607, 10},{22377, 10},{2100, 10},{4856, 10},{26329, 10},{4745, 10},{23062, 10},{12740, 10},{10493, 10},
{6534, 10},{2644, 10},{1826, 10},{4294, 10},{19799, 10},{18997, 10},{24986, 10},{22141, 10},{6991, 10},{4715, 10},
{22602, 10},{2924, 10},{19720, 10},{23321, 10},{16181, 10},{19862, 10},{3370, 10},{20756, 10},{24015, 10},{22413, 10},
{26004, 10},{12187, 10},{4932, 15},{3829, 15},{18099, 15},{24527, 15},{6578, 15},{6325, 15},{3697, 15},{277, 15},
{5942, 15},{9173, 15},{9176, 15},{9176, 15},{13897, 15},{18102, 15},{24475, 15},{16496, 15},{5944, 15},{7849, 15},
{3698, 15},{17372, 15},{13001, 15},{26259, 15},{19745, 15},{8290, 15},{21379, 15},{14293, 15},{17783, 15},{21376, 15},
{26412, 15},{14458, 15},{4430, 15},{24188, 15},{7020, 15},{17556, 17},{3960, 17},{17100, 15},{24189, 15},{10091, 15},
{16974, 15},{19623, 15},{19745, 15},{12162, 15},{10531, 15},{17780, 15},{16923, 17},{19286, 17},{18478, 17},{22686, 15},
{5707, 15},{9691, 15},{25351, 15},{8517, 15},{1795, 15},{12529, 15},{24439, 15},{16797, 15},{22041, 15},{9940, 15},
{15044, 15},{8309, 15},{26160, 15},{26231, 15},{12986, 15},{20202, 13},{607, 3},{19356, 13},{13189, 15},{8305, 15},
{21515, 15},{23834, 15},{26231, 15},{7681, 17},{7977, 2},{6802, 4},{25393, 4},{5660, 4},{2105, 4},{19796, 4},
{25277, 4},{13447, 4},{13451, 4},{3159, 2},{4372, 2},{2099, 4},{15030, 14},{17835, 4},{18150, 4},{21749, 4},
{10181, 4},{10173, 4},{21663, 4},{21668, 4},{17091, 4},{10172, 4},{24013, 4},{15975, 4},{7482, 4},{10962, 4},
{14950, 4},{19794, 4},{7478, 4},{19220, 4},{10317, 4},{19196, 4},{7481, 4},{12498, 4},{4370, 2},{21671, 4},
{14952, 4},{2437, 4},{14423, 4},{6804, 4},{11398, 4},{21750, 4},{19801, 4},{3111, 4},{18535, 4},{19797, 4},
{10323, 4},{7976, 2},{13448, 4},{7483, 4},{25280, 4},{10179, 4},{2108, 4},{21078, 4},{13449, 4},{14426, 4},
{8074, 4},{6538, 4},{3506, 4},{19029, 4},{17827, 4},{17095, 4},{6532, 4},{14427, 4},{25391, 4},{4176, 4},
{10957, 4},{26034, 4},{6536, 4},{21752, 4},{25384, 4},{19298, 4},{25274, 4},{13464, 4},{21664, 4},{6807, 4},
{10953, 4},{19297, 4},{14308, 2},{6085, 4},{18538, 4},{19304, 4},{10319, 4},{12497, 4},{10326, 4},{21753, 4},
{3503, 4},{22767, 4},{17809, 2},{2440, 4},{5653, 4},{13446, 4},{15024, 14},{10327, 4},{2443, 4},{21672, 4},
{6082, 4},{21748, 4},{17088, 4},{19300, 4},{4174, 4},{12496, 4},{1496, 4},{4617, 4},{4169, 4},{21074, 4},
{15028, 14},{13030, 4},{17090, 4},{7476, 4},{10961, 4},{12499, 4},{19305, 4},{1490, 4},{3505, 4},{15023, 14},
{15973, 4},{14955, 4},{6806, 4},{787, 4},{9120, 4},{13453, 4},{1494, 4},{25281, 4},{18540, 4},{6533, 4},
{24907, 4},{25272, 4},{11783, 4},{19221, 4},{11400, 4},{786, 4},{15977, 4},{15027, 14},{180, 2},{21077, 4},
{21076, 4},{24901, 4},{10175, 4},{24905, 4},{6799, 4},{15026, 14},{6798, 4},{25275, 4},{23667, 4},{21851, 4},
{21849, 4},{21754, 4},{17626, 4},{3512, 4},{4183, 4},{24904, 4},{19303, 4},{17810, 2},{25278, 4},{4171, 4},
{17607, 4},{2104, 4},{17814, 2},{17813, 2},{14311, 2},{1491, 4},{15972, 4},{26027, 4},{8068, 4},{4373, 2},
{11773, 4},{10320, 4},{13445, 4},{6081, 4},{6083, 4},{791, 4},{4622, 4},{26031, 4},{3507, 4},{13025, 4},
{24906, 4},{10956, 4},{783, 4},{14946, 4},{2433, 4},{4369, 2},{25394, 4},{17093, 4},{13023, 4},{19299, 4},
{21079, 4},{11406, 4},{6539, 4},{3105, 4},{25390, 4},{10952, 4},{9115, 4},{782, 4},{25386, 4},{17094, 4},
{17630, 4},{24910, 4},{10960, 4},{6296, 2},{4175, 4},{25385, 4},{3152, 2},{3161, 2},{2442, 4},{785, 4},
{3113, 4},{2107, 4},{3108, 4},{8077, 4},{17097, 4},{8050, 4},{22774, 4},{10321, 4},{24900, 4},{21082, 4},
{5659, 4},{15025, 14},{3153, 2},{17296, 4},{10322, 4},{11401, 4},{11784, 4},{21746, 4},{3156, 2},{18147, 4},
{4374, 2},{21665, 4},{16651, 4},{13022, 4},{17092, 4},{1499, 4},{4367, 2},{7479, 4},{26026, 4},{9119, 4},
{18531, 4},{10177, 4},{19306, 4},{9118, 4},{18151, 4},{15974, 4},{6078, 4},{6529, 4},{14951, 4},{6534, 4},
{21081, 4},{18154, 4},{1495, 4},{14949, 4},{25944, 2},{788, 4},{17828, 4},{13027, 4},{6801, 4},{13028, 4},
{15978, 4},{15971, 4},{3154, 2},{9109, 4},{14425, 4},{17811, 2},{6087, 4},{11775, 4},{6535, 4},{4608, 4},
{10958, 4},{24903, 4},{21670, 4},{18536, 4},{17633, 4},{9117, 4},{10178, 4},{3513, 4},{18539, 4},{18534, 4},
{19792, 4},{15629, 4},{3509, 4},{3114, 4},{4371, 2},{2441, 4},{13029, 4},{2106, 4},{15976, 4},{19302, 4},
{6086, 4},{25170, 14},{17829, 4},{5655, 4},{21075, 4},{25388, 4},{12501, 4},{18153, 4},{25276, 4},{26024, 4},
{11396, 4},{9116, 4},{14953, 4},{9121, 4},{17833, 4},{13450, 4},{14428, 4},{14954, 4},{14311, 6},{15632, 4},
{19014, 4},{26030, 4},{19798, 4},{6537, 4},{18530, 4},{15657, 4},{18158, 4},{11653, 4},{21747, 4},{10182, 4},
{13452, 4},{784, 4},{10631, 14},{17831, 4},{21080, 4},{3504, 4},{26025, 4},{18537, 4},{2100, 4},{17615, 4},
{22773, 4},{20575, 4},{21845, 4},{19795, 4},{25387, 4},{10959, 4},{17832, 4},{4172, 4},{6084, 4},{25389, 4},
{11399, 4},{12495, 4},{10318, 4},{1493, 4},{18148, 4},{17836, 4},{18152, 4},{22775, 4},{13031, 4},{18159, 4},
{25279, 4},{14947, 4},{17826, 4},{15970, 4},{19799, 4},{21669, 4},{22769, 4},{6800, 4},{11397, 4},{4786, 4},
{21666, 4},{1497, 4},{26033, 4},{19800, 4},{4173, 4},{21755, 4},{17812, 2},{17096, 4},{3508, 4},{2103, 4},
{14306, 2},{1498, 4},{21751, 4},{10324, 4},{2438, 4},{4610, 4},{21667, 4},{12494, 4},{24909, 4},{13444, 4},
{6079, 4},{22771, 4},{13024, 4},{24902, 4},{10963, 4},{26028, 4},{7480, 4},{11027, 4},{18149, 4},{2102, 4},
{3155, 2},{5654, 4},{3502, 4},{9110, 4},{3158, 2},{16716, 14},{3157, 2},{10174, 4},{2434, 4},{14304, 2},
{19791, 4},{21083, 4},{13026, 4},{19301, 4},{9114, 4},{10176, 4},{1500, 4},{15979, 4},{4170, 4},{17635, 4},
{18533, 4},{17830, 4},{6805, 4},{14948, 4},{789, 4},{3160, 2},{3112, 4},{2101, 4},{19842, 4},{10627, 14},
{2436, 4},{5652, 4},{15029, 14},{6313, 2},{6080, 4},{2439, 4},{24401, 17},{19787, 17},{5892, 17},{2462, 17},
{14369, 17},{8362, 13},{9342, 3},{24909, 17},{18609, 3},{3928, 3},{8268, 3},{11027, 3},{1929, 17},{25998, 17},
{7804, 17},{14263, 17},{7260, 17},{14759, 17},{7248, 8},{8561, 8},{535, 8},{20550, 8},{5430, 8},{3769, 8},
{19577, 8},{14251, 8},{24382, 8},{12066, 8},{12483, 8},{12431, 8},{11761, 8},{23981, 8},{14309, 8},{26182, 17},
{10192, 17},{15450, 17},{9133, 17},{21682, 17},{17559, 17},{19735, 17},{15107, 17},{21009, 17},{6020, 17},{15887, 17},
{10584, 17},{5580, 7},{4220, 7},{8850, 7},{7405, 7},{19356, 9},{22260, 7},{19357, 9},{1933, 7},{25307, 7},
{1939, 7},{22258, 7},{18114, 17},{3790, 17},{25306, 7},{4215, 7},{7403, 7},{4061, 7},{21118, 7},{4213, 7},
{22258, 7},{15509, 7},{4057, 7},{25302, 7},{20396, 9},{1407, 7},{21117, 7},{18579, 7},{20396, 9},{5585, 7},
{20406, 9},{18578, 7},{4213, 7},{4063, 7},{8622, 7},{8623, 7},{20407, 9},{5585, 7},{22255, 7},{15510, 7},
{8620, 7},{21114, 7},{19355, 9},{18579, 7},{10990, 7},{5580, 7},{8625, 7},{18587, 7},{7410, 7},{19355, 9},
{4219, 7},{21115, 7},{8882, 7},{15507, 7},{18581, 7},{19356, 9},{14363, 7},{21550, 7},{20359, 17},{25240, 17},
{14387, 17},{22481, 7},{11602, 7},{7353, 7},{2462, 9},{11606, 7},{11605, 7},{8833, 7},{3212, 7},{22478, 7},
{6674, 7},{21660, 9},{7358, 7},{17629, 17},{9555, 9},{2119, 7},{2115, 7},{20371, 7},{2113, 7},{2118, 7},
{22476, 7},{6669, 7},{22478, 7},{3218, 7},{1621, 7},{13595, 7},{2117, 7},{9556, 9},{2110, 7},{2113, 7},
{2116, 7},{2114, 7},{9558, 9},{9558, 9},{18813, 7},{16589, 7},{15717, 7},{9560, 9},{2112, 7},{7350, 7},
{22481, 7},{20373, 7},{9557, 9},{22483, 7},{11603, 7},{21660, 9},{8826, 7},{6671, 7},{3212, 7},{1623, 7},
{20106, 17},{1836, 17},{16157, 17},{1388, 17},{10961, 17},{4133, 17},{15970, 17},{9622, 17},{23779, 17},{13430, 13},
{10848, 12},{17812, 13},{25234, 3},{2708, 17},{13476, 17},{6629, 17},{4122, 13},{25197, 17},{11618, 17},{11526, 17},
{19796, 17},{23013, 17},{26353, 13},{12517, 3},{4639, 3},{11172, 13},{7037, 17},{21388, 17},{8828, 17},{16759, 17},
{23912, 17},{4122, 3},{21606, 3},{25278, 3},{7089, 12},{23019, 17},{19300, 3},{13447, 17},{759, 17},{21146, 17},
{26352, 17},{12892, 17},{725, 17},{2101, 17},{2404, 17},{17180, 17},{20536, 17},{21139, 17},{12909, 17},{9762, 17},
{21754, 17},{7186, 17},{9217, 17},{15210, 3},{4044, 3},{21074, 3},{15952, 17},{16989, 17},{24363, 12},{20878, 3},
{13537, 3},{6230, 3},{2464, 12},{22385, 3},{9540, 3},{9553, 13},{5580, 3},{14811, 3},{7680, 3},{6472, 17},
{4212, 17},{19712, 17},{4484, 17},{26230, 17},{4781, 17},{15605, 3},{2743, 3},{21933, 17},{17799, 17},{13437, 3},
{19937, 3},{3408, 13},{3926, 3},{4130, 3},{25310, 17},{19478, 17},{4859, 17},{8829, 3},{12522, 13},{4121, 12},
{4909, 17},{18312, 17},{7696, 17},{2821, 17},{25218, 17},{1081, 17},{2297, 17},{5570, 17},{11521, 7},{3494, 7},
{11461, 7},{3472, 7},{25993, 7},{11459, 7},{5114, 7},{13562, 7},{24651, 7},{5225, 9},{22871, 7},{8039, 7},
{4652, 7},{12944, 7},{11526, 7},{657, 7},{4956, 7},{10311, 7},{21738, 7},{3473, 7},{18629, 7},{1341, 7},
{18602, 7},{3186, 7},{3478, 7},{26143, 7},{3470, 7},{9517, 7},{25768, 7},{14274, 7},{18840, 7},{18833, 7},
{25776, 7},{5112, 7},{5225, 9},{10308, 7},{7332, 7},{1343, 7},{6266, 7},{17076, 7},{18832, 7},{7330, 7},
{15015, 7},{15725, 3},{7272, 12},{1928, 3},{11604, 3},{9779, 8},{1950, 8},{23794, 8},{6908, 8},{7485, 8},
{12297, 8},{20381, 8},{16548, 8},{24279, 8},{18661, 8},{432, 8},{20822, 8},{26081, 8},{5697, 8},{9389, 8},
{3184, 7},{14797, 7},{15019, 7},{26137, 7},{4958, 7},{4652, 7},{4655, 7},{11520, 7},{10285, 7},{20333, 7},
{24315, 7},{8036, 7},{11527, 7},{12039, 7},{18626, 7},{9520, 7},{14273, 7},{10292, 7},{3183, 7},{10844, 9},
{8037, 7},{18831, 7},{532, 7},{11524, 7},{6029, 7},{7852, 7},{6020, 7},{24882, 7},{7842, 7},{10844, 9},
{11845, 7},{7333, 7},{20336, 7},{15015, 7},{18835, 7},{26143, 7},{2817, 7},{631, 0},{18592, 7},{8039, 7},
{8796, 7},{22870, 7},{9524, 7},{11452, 7},{16164, 7},{2825, 7},{8037, 7},{13553, 7},{16867, 0},{26142, 7},
{7336, 7},{12945, 7},{6023, 7},{865, 9},{14268, 7},{24816, 7},{11458, 7},{3493, 7},{6637, 7},{6636, 7},
{25371, 7},{25376, 7},{4647, 7},{8045, 7},{10293, 7},{18834, 7},{3477, 7},{6027, 7},{25990, 7},{11525, 7},
{3183, 7},{18601, 7},{25997, 7},{24659, 7},{11851, 7},{26141, 7},{24316, 7},{26144, 7},{4647, 7},{13557, 7},
{12032, 7},{18836, 7},{14272, 7},{24320, 7},{13561, 7},{18624, 7},{26137, 7},{21729, 7},{15022, 7},{25374, 7},
{8045, 7},{6634, 7},{10285, 7},{866, 9},{18598, 7},{3469, 7},{21442, 7},{24321, 7},{545, 7},{4949, 7},
{14803, 7},{12035, 7},{3189, 7},{4654, 7},{25770, 7},{24314, 7},{864, 9},{6029, 7},{12040, 7},{18838, 7},
{2820, 7},{24316, 7},{4950, 7},{15011, 7},{25378, 7},{24324, 7},{18600, 7},{9521, 7},{24318, 7},{25370, 7},
{5122, 7},{2825, 7},{1339, 7},{6267, 7},{15020, 7},{11518, 7},{12940, 7},{2822, 7},{1348, 7},{3184, 7},
{15021, 7},{6637, 7},{865, 9},{661, 7},{15476, 0},{6273, 7},{21735, 7},{18591, 7},{547, 7},{14802, 7},
{3472, 7},{13562, 7},{5113, 7},{3478, 7},{1347, 7},{660, 7},{14263, 7},{21730, 7},{3471, 7},{26138, 7},
{9519, 7},{4950, 7},{3187, 7},{6628, 7},{3476, 7},{7331, 7},{26137, 7},{9523, 7},{6265, 7},{1346, 7},
{7841, 7},{14800, 7},{26139, 7},{863, 9},{6636, 7},{13348, 0},{25770, 7},{10309, 7},{2821, 7},{18626, 7},
{13558, 7},{9520, 7},{4949, 7},{6633, 7},{24665, 7},{25770, 7},{15018, 7},{3188, 7},{3497, 7},{3189, 7},
{11453, 7},{11850, 7},{10307, 7},{863, 9},{25992, 7},{11848, 7},{20341, 7},{24806, 7},{18833, 7},{24316, 7},
{25376, 7},{26143, 7},{6631, 7},{532, 7},{6265, 7},{10293, 7},{11456, 7},{6020, 7},{4655, 7},{18622, 7},
{22868, 7},{22465, 7},{1348, 7},{9515, 7},{9523, 7},{21669, 17},{11456, 17},{19838, 17},{22062, 17},{23797, 8},
{9394, 8},{20819, 8},{12294, 8},{16543, 8},{20386, 8},{26078, 8},{7488, 8},{13707, 8},{5702, 8},{437, 8},
{1953, 8},{18656, 8},{9774, 8},{12134, 8},{14917, 17},{20818, 8},{9393, 8},{18657, 8},{1954, 8},{7489, 8},
{20385, 8},{5701, 8},{26077, 8},{12133, 8},{23798, 8},{16544, 8},{9775, 8},{8584, 8},{13710, 8},{436, 8},
{10456, 17},{25194, 17},{24272, 8},{439, 8},{9772, 8},{26080, 8},{7490, 8},{20821, 8},{20384, 8},{1955, 8},
{23795, 8},{12136, 8},{5700, 8},{16545, 8},{9396, 8},{12292, 8},{18654, 8},{18182, 17},{24234, 17},{11112, 17},
{4124, 17},{8601, 17},{8410, 17},{24879, 17},{20509, 17},{21082, 17},{23158, 17},{9706, 17},{14798, 17},{17316, 17},
{8632, 17},{13477, 17},{2456, 17},{22315, 17},{4098, 7},{13475, 7},{17844, 7},{22811, 9},{11679, 7},{20272, 7},
{587, 7},{13483, 7},{589, 7},{23779, 7},{4095, 7},{14665, 7},{20608, 7},{22811, 9},{20278, 7},{591, 7},
{20608, 7},{18430, 7},{21400, 7},{22810, 9},{591, 7},{21397, 7},{16009, 7},{25166, 7},{604, 7},{25164, 7},
{22809, 9},{25175, 7},{14665, 7},{23782, 7},{21395, 7},{602, 7},{592, 7},{4121, 9},{18436, 7},{7677, 7},
{4120, 9},{25167, 7},{586, 7},{18430, 7},{608, 7},{17852, 7},{11679, 7},{586, 7},{19486, 7},{4123, 9},
{3702, 7},{10587, 7},{20272, 7},{16009, 7},{17848, 7},{19484, 7},{18439, 7},{7683, 7},{7679, 7},{11679, 7},
{4122, 9},{14667, 7},{20589, 7},{20274, 7},{11674, 7},{7690, 7},{4119, 9},{21396, 7},{16008, 7},{14664, 7},
{18433, 7},{7676, 7},{10588, 7},{13475, 7},{4119, 9},{9521, 17},{14784, 17},{8214, 17},{24038, 17},{23976, 17},
{11844, 17},{1102, 17},{3499, 17},{6988, 17},{25282, 17},{22605, 17},{9619, 17},{16830, 17},{24708, 17},{14336, 17},
{21738, 17},{18236, 17},{25926, 17},{5715, 17},{14375, 17},{22612, 17},{6695, 3},{1547, 3},{22331, 12},{5571, 3},
{13147, 17},{12559, 17},{23159, 17},{17258, 12},{11510, 3},{20400, 13},{12521, 3},{7679, 3},{7563, 17},{11506, 3},
{8569, 17},{21025, 15},{14906, 15},{10340, 15},{8814, 15},{8771, 7},{13537, 7},{8774, 7},{2060, 7},{2064, 7},
{3169, 7},{3926, 9},{26309, 15},{11554, 15},{14448, 15},{16359, 15},{24788, 15},{14445, 15},{19108, 15},{19935, 15},
{6541, 15},{25510, 15},{12124, 15},{26305, 15},{16828, 15},{26316, 15},{17601, 15},{4457, 15},{641, 7},{13545, 7},
{25947, 7},{13536, 7},{13540, 7},{13539, 7},{8771, 7},{9339, 9},{12362, 15},{4450, 15},{14903, 15},{6544, 15},
{14523, 15},{23200, 15},{18295, 15},{20984, 15},{8827, 3},{7093, 12},{17810, 12},{25115, 12},{5516, 3},{12516, 12},
{12333, 3},{20715, 13},{19066, 17},{23722, 7},{16870, 7},{17681, 7},{1893, 7},{631, 7},{3008, 7},{9763, 7},
{26356, 9},{16869, 7},{15482, 7},{13355, 7},{15481, 7},{3012, 7},{9762, 7},{26356, 9},{23720, 7},{12669, 7},
{21133, 17},{26351, 9},{9761, 7},{16860, 7},{20109, 7},{3930, 7},{13351, 7},{1898, 7},{4051, 7},{12672, 7},
{20114, 7},{17676, 7},{26351, 9},{24506, 7},{8606, 7},{26352, 9},{3008, 7},{9758, 7},{3012, 7},{1902, 7},
{23724, 7},{13347, 7},{17680, 7},{1902, 7},{26352, 9},{3928, 7},{20111, 7},{16865, 7},{12672, 7},{17670, 7},
{23728, 7},{630, 7},{23729, 7},{10843, 7},{26350, 9},{17674, 7},{15477, 7},{3019, 7},{9754, 7},{15476, 7},
{16864, 7},{3019, 7},{4051, 7},{26349, 9},{4045, 7},{3947, 7},{13350, 7},{23728, 7},{18321, 7},{23722, 7},
{16864, 7},{4049, 7},{26355, 9},{23726, 7},{630, 7},{26355, 9},{15482, 7},{21009, 7},{20110, 7},{21613, 17},
{12735, 7},{6622, 7},{16046, 7},{9138, 9},{12737, 7},{16043, 7},{20316, 7},{9138, 9},{21851, 3},{15452, 3},
{24173, 12},{23949, 12},{11787, 3},{22259, 3},{25946, 7},{3171, 7},{12731, 7},{9136, 9},{18111, 17},{6029, 17},
{15298, 17},{1042, 17},{22845, 7},{640, 7},{3926, 9},{2064, 7},{25949, 7},{637, 7},{23210, 7},{6618, 7},
{18626, 17},{9951, 17},{15574, 17},{15405, 17},{12905, 17},{18119, 17},{7091, 13},{6390, 12},{4117, 12},{14063, 3},
{716, 3},{4123, 12},{9705, 3},{5566, 17},{22181, 17},{17207, 17},{24071, 17},{3561, 17},{166, 17},{2386, 17},
{2677, 17},{4483, 17},{18334, 17},{18566, 17},{4651, 17},{669, 17},{24490, 17},{15871, 17},{221, 17},{11512, 3},
{5096, 12},{11172, 12},{9808, 17},{13450, 17},{9545, 17},{1344, 17},{20863, 17},{13555, 17},{9349, 17},{11316, 17},
{1107, 17},{5635, 17},{5716, 17},{1603, 17},{23612, 17},{5620, 17},{18458, 17},{172, 17},{9728, 15},{9727, 15},
{9731, 15},{8277, 1},{24982, 1},{9730, 15},{25023, 1},{18457, 1},{10132, 1},{9729, 15},{25092, 1},{6041, 15},
{3709, 1},{23770, 1},{9734, 15},{9732, 15},{9737, 15},{22017, 17},{17286, 17},{10220, 17},{16920, 1},{24691, 15},
{17273, 15},{23763, 1},{21606, 1},{11318, 1},{17276, 15},{10498, 1},{8276, 1},{17279, 15},{24693, 15},{17277, 15},
{13764, 1},{17272, 15},{17278, 15},{18785, 17},{7873, 7},{7195, 9},{18610, 7},{4638, 7},{12962, 7},{7869, 7},
{1016, 7},{20406, 13},{1696, 3},{3449, 13},{19719, 3},{5297, 3},{11669, 1},{4177, 15},{4180, 15},{4182, 15},
{11319, 1},{3712, 1},{25356, 15},{4179, 15},{4178, 15},{4181, 15},{16925, 1},{16923, 1},{18080, 1},{4184, 15},
{21389, 1},{16651, 17},{11024, 17},{9248, 17},{23726, 3},{2326, 3},{25238, 13},{15446, 3},{8836, 3},{21253, 3},
{22549, 17},{17378, 15},{18533, 1},{16490, 15},{16491, 15},{16496, 15},{17372, 15},{16493, 15},{16489, 15},{16494, 15},
{16488, 15},{17373, 15},{17375, 15},{16495, 15},{19842, 1},{25244, 15},{2443, 1},{10959, 1},{17376, 15},{17379, 15},
{17374, 15},{16497, 15},{16492, 15},{13031, 1},{9450, 17},{13414, 15},{25090, 15},{9584, 15},{21457, 15},{10566, 15},
{23994, 15},{20936, 15},{23273, 15},{13843, 15},{9587, 15},{9314, 15},{25087, 15},{1644, 15},{25752, 15},{21890, 15},
{24366, 15},{21710, 15},{13834, 15},{21931, 15},{24366, 15},{13989, 17},{16925, 3},{20608, 3},{20687, 3},{720, 3},
{13561, 17},{22350, 17},{6899, 17},{24625, 17},{13818, 17},{8529, 17},{18917, 17},{19021, 17},{25365, 17},{5225, 17},
{19139, 3},{19282, 3},{22331, 3},{1428, 12},{19080, 3},{1446, 3},{1077, 17},{10521, 17},{14237, 17},{17262, 13},
{22607, 17},{17141, 17},{17319, 17},{8036, 17},{25051, 1},{8254, 15},{8252, 15},{8257, 15},{24396, 1},{8256, 15},
{8251, 15},{8247, 15},{24489, 1},{8255, 15},{18304, 1},{8253, 15},{3415, 1},{8250, 15},{8246, 15},{23852, 1},
{3414, 1},{16349, 15},{19281, 1},{16352, 15},{6893, 1},{16997, 1},{16348, 15},{19950, 1},{25448, 1},{10213, 1},
{16347, 15},{19268, 15},{10214, 1},{26271, 1},{19253, 15},{16350, 15},{16354, 15},{18302, 1},{19255, 15},{14963, 15},
{14957, 15},{17995, 15},{14960, 15},{14964, 15},{14962, 15},{23847, 1},{7379, 1},{14956, 15},{10083, 15},{14958, 15},
{14959, 15},{3418, 1},{675, 1},{680, 1},{17559, 1},{16352, 15},{14116, 15},{18205, 15},{558, 15},{25001, 15},
{2350, 15},{10362, 15},{18050, 15},{19249, 15},{9983, 15},{12250, 7},{1558, 7},{6466, 7},{19391, 7},{5261, 7},
{6338, 7},{14880, 7},{1170, 7},{18233, 7},{2312, 7},{13713, 7},{18498, 7},{13775, 7},{75, 7},{26005, 7},
{3709, 7},{8471, 7},{6842, 7},{15448, 9},{15866, 7},{5507, 7},{11313, 0},{7908, 7},{7903, 7},{13772, 7},
{6833, 7},{7901, 7},{15449, 9},{13708, 7},{24983, 7},{5507, 7},{6652, 7},{19389, 7},{25228, 7},{6840, 7},
{23014, 7},{8474, 7},{18237, 7},{20538, 7},{18498, 7},{23091, 7},{164, 7},{18493, 7},{14564, 7},{24471, 7},
{3713, 7},{24463, 7},{23941, 7},{13771, 7},{18229, 7},{6839, 7},{9005, 7},{1171, 7},{6344, 7},{19279, 7},
{165, 7},{5257, 7},{23943, 7},{14963, 15},{55, 15},{12721, 15},{2252, 15},{2355, 15},{1758, 15},{6471, 7},
{18235, 7},{79, 7},{7351, 7},{19275, 7},{23105, 7},{6652, 7},{6469, 7},{1548, 7},{2312, 7},{6838, 7},
{4983, 7},{6778, 7},{1169, 7},{19660, 7},{5253, 7},{15451, 9},{19066, 7},{23017, 7},{13574, 7},{19277, 7},
{5254, 7},{3710, 7},{9000, 7},{4981, 7},{5255, 7},{10685, 7},{7062, 7},{26198, 7},{12244, 7},{20869, 7},
{15452, 9},{13714, 7},{24459, 7},{11670, 0},{24471, 7},{162, 7},{6468, 7},{1550, 7},{4986, 7},{4980, 7},
{19070, 7},{7376, 7},{18236, 7},{1550, 7},{1558, 7},{10683, 7},{13714, 7},{15450, 9},{20536, 7},{10498, 7},
{24988, 7},{19061, 7},{164, 7},{19062, 7},{20491, 7},{11619, 7},{9007, 7},{80, 7},{4980, 7},{14826, 7},
{6469, 7},{6466, 7},{24984, 7},{20531, 7},{5256, 7},{23011, 7},{7348, 7},{1557, 7},{14831, 7},{24459, 7},
{75, 7},{8473, 7},{6471, 7},{24462, 7},{5508, 7},{10501, 7},{6468, 7},{6768, 7},{1930, 0},{19664, 7},
{14826, 7},{13768, 7},{24986, 7},{11619, 7},{78, 7},{168, 7},{3716, 7},{15450, 9},{14877, 7},{9010, 7},
{23768, 0},{24984, 7},{25998, 7},{25080, 7},{10682, 7},{18493, 7},{14094, 7},{7902, 7},{6471, 7},{19066, 7},
{17881, 7},{23092, 7},{10501, 7},{24985, 7},{19273, 7},{7900, 7},{6769, 7},{1555, 7},{15866, 7},{26000, 7},
{19651, 7},{8474, 7},{12330, 9},{26040, 7},{25092, 7},{14885, 7},{3713, 7},{13718, 7},{21759, 7},{79, 7},
{2304, 7},{18234, 7},{20507, 7},{1169, 7},{17515, 7},{18231, 7},{21392, 0},{23011, 7},{5260, 7},{8475, 7},
{12330, 9},{18489, 7},{19275, 7},{19280, 7},{19069, 7},{14829, 7},{81, 7},{12487, 7},{6652, 7},{9004, 7},
{18486, 7},{10685, 7},{14092, 7},{24462, 7},{13569, 7},{26029, 7},{8474, 7},{24471, 7},{9274, 7},{15452, 9},
{24985, 7},{6464, 7},{78, 7},{15865, 7},{14825, 7},{26194, 7},{77, 7},{2305, 7},{9009, 7},{13575, 7},
{17536, 7},{6335, 7},{24984, 7},{10682, 7},{19274, 7},{13569, 7},{19664, 7},{11754, 7},{7375, 7},{11758, 7},
{21454, 7},{78, 7},{3711, 7},{7902, 7},{1176, 7},{9005, 7},{19276, 7},{13770, 7},{5487, 0},{14833, 7},
{3713, 7},{13764, 7},{6653, 7},{18487, 7},{15453, 9},{11757, 7},{19065, 7},{23013, 7},{18889, 15},{3465, 15},
{13895, 15},{12998, 15},{16492, 15},{6128, 15},{6576, 15},{13946, 15},{15877, 15},{16091, 15},{16887, 15},{18894, 15},
{17374, 15},{19160, 15},{13898, 15},{26256, 15},{19153, 15},{17450, 15},{525, 15},{19826, 15},{16497, 15},{23908, 17},
{19664, 8},{19859, 8},{23606, 8},{17605, 8},{4625, 8},{24163, 8},{21832, 8},{16829, 8},{14209, 8},{9602, 8},
{1345, 8},{9308, 8},{22549, 8},{8, 17},{17446, 17},{8622, 17},{26168, 3},{4135, 12},{5515, 3},{13591, 3},
{3982, 17},{21833, 17},{9553, 17},{21609, 3},{4367, 3},{23937, 13},{4367, 9},{26028, 7},{17833, 7},{10960, 7},
{18533, 7},{21079, 7},{26024, 7},{18531, 7},{4370, 9},{10178, 7},{10177, 7},{21083, 7},{4369, 9},{10182, 7},
{17830, 7},{18535, 7},{17811, 9},{26031, 7},{4174, 7},{26024, 7},{25277, 7},{4374, 9},{19298, 7},{21076, 7},
{4169, 7},{10958, 7},{18533, 7},{4374, 9},{19305, 7},{4170, 7},{12499, 7},{10956, 7},{4171, 7},{17607, 7},
{19298, 7},{10176, 7},{4373, 9},{26031, 7},{11027, 7},{25276, 7},{12498, 7},{180, 9},{11784, 7},{18531, 7},
{2675, 17},{15230, 17},{17812, 9},{18538, 7},{25281, 7},{19298, 7},{21851, 7},{26025, 7},{25279, 7},{17630, 7},
{10961, 7},{17809, 9},{11773, 7},{10963, 7},{4174, 7},{25274, 7},{21849, 7},{19304, 7},{11871, 17},{4367, 5},
{15450, 5},{20877, 5},{9455, 5},{20887, 5},{15903, 5},{11086, 5},{9129, 5},{18787, 5},{15458, 5},{24566, 5},
{7092, 5},{26222, 5},{19229, 5},{7977, 5},{18834, 17},{4903, 17},{14829, 17},{13557, 17},{6207, 17},{12941, 17},
{75, 17},{3716, 17},{8641, 17},{18467, 17},{11669, 17},{4355, 17},{4632, 17},{19276, 17},{3254, 17},{14464, 17},
{20703, 17},{6994, 17},{5577, 17},{12897, 17},{16990, 3},{22806, 3},{21115, 3},{639, 3},{20316, 3},{14308, 12},
{12334, 3},{17317, 17},{8042, 17},{12519, 3},{12324, 3},{1937, 3},{26031, 3},{13100, 17},{26137, 17},{2646, 17},
{16793, 15},{13128, 15},{13145, 15},{1404, 1},{16797, 15},{2150, 15},{25307, 1},{24022, 1},{26183, 1},{8882, 1},
{22265, 1},{13126, 15},{15509, 1},{15866, 17},{3015, 17},{1498, 17},{22522, 17},{918, 17},{16769, 3},{20362, 3},
{13148, 3},{12262, 3},{6283, 3},{3679, 17},{4889, 15},{4885, 15},{158, 17},{368, 17},{13478, 7},{7678, 7},
{11912, 9},{18437, 7},{20275, 7},{4099, 7},{20271, 7},{26280, 17},{26007, 17},{6273, 17},{26356, 17},{13404, 17},
{761, 17},{11172, 3},{14068, 3},{7871, 3},{1015, 17},{24068, 17},{13551, 17},{14915, 17},{12721, 15},{12726, 15},
{10945, 1},{19288, 1},{12716, 15},{23148, 15},{12715, 15},{12719, 15},{1605, 1},{12720, 15},{12725, 15},{12722, 15},
{12724, 15},{15083, 15},{15082, 15},{15087, 15},{15090, 15},{15085, 15},{10913, 15},{10909, 15},{23642, 1},{15089, 15},
{10895, 15},{8121, 15},{10220, 1},{23856, 1},{15084, 15},{26014, 1},{11341, 1},{15439, 15},{24492, 1},{6766, 15},
{21621, 15},{26418, 15},{13042, 15},{25117, 15},{21597, 15},{13052, 15},{21576, 15},{24487, 1},{25103, 15},{24494, 1},
{21558, 15},{15440, 15},{6892, 1},{15441, 15},{23645, 1},{26010, 1},{2667, 15},{26404, 15},{2815, 15},{3261, 1},
{13226, 15},{12739, 1},{26417, 15},{13215, 15},{20762, 1},{23854, 1},{22829, 1},{26409, 15},{13214, 15},{13217, 15},
{13219, 15},{20355, 1},{23501, 1},{17081, 15},{23324, 15},{23328, 15},{17085, 15},{17084, 15},{10219, 1},{23329, 15},
{23330, 15},{24498, 1},{24355, 1},{17082, 15},{23851, 1},{23663, 15},{23327, 15},{19092, 1},{17080, 15},{23325, 15},
{23326, 15},{17083, 15},{17086, 15},{17077, 15},{5514, 1},{23635, 15},{17660, 15},{17662, 15},{17667, 15},{3416, 1},
{17658, 15},{677, 1},{17659, 15},{10364, 15},{17664, 15},{10223, 1},{18799, 1},{17668, 15},{17663, 15},{10360, 15},
{17657, 15},{3412, 1},{8511, 1},{10362, 15},{17661, 15},{5510, 1},{25467, 1},{10361, 15},{10359, 15},{13986, 1},
{20354, 1},{451, 15},{450, 15},{447, 15},{674, 1},{448, 15},{449, 15},{20357, 1},{444, 15},{452, 15},
{446, 15},{445, 15},{8248, 15},{453, 15},{13989, 1},{8249, 15},{561, 15},{551, 15},{559, 15},{552, 15},
{555, 15},{554, 15},{558, 15},{556, 15},{560, 15},{557, 15},{22184, 1},{10157, 17},{24998, 15},{18332, 15},
{18330, 15},{23504, 1},{25942, 15},{23502, 1},{25000, 15},{19285, 1},{23503, 1},{25002, 15},{12698, 15},{25001, 15},
{24999, 15},{24490, 1},{18351, 15},{25929, 15},{23853, 1},{3628, 15},{8109, 15},{20769, 1},{20010, 15},{20008, 15},
{20006, 15},{20003, 15},{22183, 1},{16990, 1},{3627, 15},{19283, 1},{20005, 15},{20007, 15},{22834, 1},{20002, 15},
{1602, 1},{3629, 15},{19286, 1},{20009, 15},{20001, 15},{20353, 1},{1152, 15},{19560, 15},{15487, 15},{1158, 15},
{7455, 15},{16725, 15},{22952, 15},{1157, 15},{15033, 15},{19562, 15},{21565, 15},{23932, 15},{6627, 3},{3090, 3},
{634, 3},{15547, 12},{18735, 17},{504, 17},{1900, 17},{4107, 3},{10988, 3},{1575, 17},{25272, 3},{18245, 3},
{180, 12},{7277, 13},{2104, 17},{14065, 17},{22502, 17},{17889, 17},{23607, 17},{5515, 17},{3214, 17},{3218, 17},
{20816, 8},{5694, 8},{441, 8},{23800, 8},{9770, 8},{19839, 8},{18663, 8},{1945, 8},{26088, 8},{9398, 8},
{20377, 8},{16540, 8},{13738, 8},{12290, 8},{19195, 8},{23801, 8},{440, 8},{17984, 8},{20376, 8},{1946, 8},
{18664, 8},{12289, 8},{16541, 8},{26087, 8},{5693, 8},{9397, 8},{12125, 8},{7477, 8},{20815, 8},{9771, 8},
{13535, 3},{20718, 3},{3407, 3},{9969, 17},{8829, 17},{14877, 17},{675, 17},{20533, 17},{14194, 17},{15714, 8},
{20608, 8},{24048, 8},{394, 8},{4269, 8},{6623, 8},{25008, 8},{20397, 8},{18536, 8},{3088, 8},{9761, 8},
{14360, 8},{23854, 8},{7867, 8},{21651, 8},{17801, 17},{11063, 17},{13353, 17},{14817, 17},{25045, 17},{20367, 17},
{19326, 17},{3189, 17},{22892, 17},{23133, 17},{7928, 17},{22518, 7},{15100, 7},{18464, 7},{3969, 7},{21423, 7},
{7707, 7},{20348, 7},{14321, 7},{9555, 9},{18559, 7},{13588, 0},{7392, 7},{5947, 7},{16811, 7},{23827, 7},
{21351, 7},{25461, 7},{16808, 7},{22107, 7},{4724, 7},{14322, 7},{663, 7},{22513, 7},{10782, 7},{12471, 7},
{17180, 7},{23827, 7},{10680, 7},{17599, 7},{25200, 7},{20343, 7},{16807, 7},{7350, 0},{7384, 7},{5721, 7},
{11111, 7},{11108, 7},{3956, 7},{10196, 7},{18555, 7},{16552, 7},{22520, 7},{2881, 7},{19932, 7},{9558, 9},
{1387, 7},{21048, 7},{25702, 7},{1388, 7},{12474, 7},{1398, 7},{9821, 7},{18556, 7},{5718, 7},{17599, 7},
{20870, 7},{2879, 7},{12255, 7},{5598, 7},{10677, 7},{12687, 7},{7392, 7},{8442, 7},{1385, 7},{10680, 7},
{16557, 7},{1397, 7},{12476, 7},{15714, 0},{14325, 7},{9553, 9},{26413, 7},{4719, 7},{667, 7},{18665, 7},
{17605, 7},{7712, 7},{6665, 0},{3394, 7},{25701, 7},{3393, 7},{5717, 7},{7597, 7},{10191, 7},{19258, 7},
{9556, 9},{21371, 7},{25324, 7},{18674, 7},{3585, 7},{18470, 7},{12680, 7},{15099, 7},{669, 7},{16625, 7},
{15106, 7},{18465, 7},{21048, 7},{22520, 7},{20347, 7},{9559, 9},{16808, 7},{18671, 7},{19996, 7},{668, 7},
{5717, 7},{19456, 7},{15109, 7},{16162, 7},{5722, 7},{22862, 7},{19261, 7},{22479, 0},{20344, 7},{24394, 7},
{9559, 9},{12682, 7},{12687, 7},{25316, 7},{14457, 7},{18468, 7},{18461, 7},{19263, 7},{25208, 7},{20910, 7},
{8829, 0},{7388, 7},{25461, 7},{25324, 7},{2880, 7},{23291, 7},{7386, 7},{15100, 7},{3394, 7},{15110, 7},
{10199, 7},{5722, 7},{23281, 7},{22109, 7},{15109, 7},{4722, 7},{16806, 7},{18819, 0},{23291, 7},{2014, 7},
{4723, 7},{19265, 7},{9816, 7},{3395, 7},{9557, 9},{22099, 7},{22097, 7},{17177, 7},{20343, 7},{5715, 7},
{22873, 7},{25698, 7},{20345, 7},{21351, 7},{4721, 7},{18465, 7},{18470, 7},{22006, 7},{11112, 7},{1387, 7},
{15104, 7},{8835, 0},{25453, 7},{10403, 7},{19267, 7},{21093, 7},{5589, 7},{14149, 7},{15101, 7},{22873, 7},
{670, 7},{16802, 7},{13044, 7},{11111, 7},{668, 7},{14326, 7},{12468, 7},{9560, 9},{8430, 7},{21423, 7},
{9831, 7},{17174, 7},{12573, 7},{16162, 7},{12577, 7},{1387, 7},{21660, 9},{12612, 7},{22515, 7},{8959, 7},
{8431, 7},{18671, 7},{12255, 7},{16807, 7},{22862, 7},{12476, 7},{17173, 7},{7719, 7},{21107, 7},{19998, 7},
{10684, 7},{9816, 7},{10202, 7},{10195, 7},{25209, 7},{22522, 7},{10696, 7},{14321, 7},{4720, 7},{21660, 9},
{1385, 7},{22516, 7},{25455, 7},{12468, 7},{25321, 7},{13102, 17},{25077, 15},{25075, 15},{25076, 15},{25078, 15},
{11288, 15},{11287, 15},{11291, 15},{11289, 15},{11286, 15},{9067, 17},{16307, 15},{16308, 15},{16305, 15},{13148, 17},
{8744, 17},{8277, 17},{8366, 13},{1304, 3},{14359, 3},{21876, 17},{7870, 8},{14359, 8},{20596, 8},{6622, 8},
{18088, 8},{18378, 8},{16426, 8},{12324, 8},{21648, 8},{23855, 8},{9758, 8},{4272, 8},{15210, 8},{395, 8},
{18533, 8},{3291, 17},{865, 17},{21821, 17},{7871, 8},{18087, 8},{23850, 8},{6619, 8},{21647, 8},{20594, 8},
{14356, 8},{18540, 8},{16437, 8},{398, 8},{15718, 8},{18353, 8},{4273, 8},{24044, 8},{9765, 8},{14384, 7},
{22892, 7},{22415, 7},{22419, 7},{342, 7},{25364, 7},{2924, 7},{21144, 7},{20203, 7},{9891, 7},{9595, 7},
{22048, 7},{2538, 7},{9449, 7},{1615, 7},{24213, 7},{22040, 7},{5629, 7},{5356, 7},{2778, 7},{24614, 7},
{1457, 7},{3404, 9},{25743, 7},{3935, 7},{9589, 7},{2536, 7},{9088, 7},{12905, 7},{25712, 7},{19306, 3},
{9126, 13},{11797, 17},{15073, 17},{13537, 17},{17683, 17},{23450, 17},{25933, 17},{4132, 17},{17088, 17},{7029, 17},
{11461, 17},{25049, 17},{18125, 17},{11396, 17},{22804, 9},{7690, 7},{23779, 7},{17843, 7},{17852, 7},{18433, 7},
{13476, 7},{23780, 7},{13483, 7},{16007, 7},{22804, 9},{7675, 7},{13480, 7},{21396, 7},{4099, 7},{18438, 7},
{7696, 7},{22803, 9},{22803, 9},{7687, 7},{13475, 7},{25174, 7},{20273, 7},{21394, 7},{10589, 7},{16007, 7},
{21400, 7},{4092, 7},{7682, 7},{11673, 7},{18434, 7},{7683, 7},{22806, 9},{600, 7},{4100, 7},{7695, 7},
{11682, 7},{11677, 7},{20280, 7},{18439, 7},{18432, 7},{22805, 9},{18433, 7},{22808, 9},{595, 7},{11677, 7},
{17853, 7},{4100, 7},{7684, 7},{22808, 9},{18435, 7},{7675, 7},{608, 7},{21394, 7},{585, 7},{22807, 9},
{595, 7},{588, 7},{25165, 7},{601, 7},{20273, 7},{18431, 7},{18431, 7},{7682, 7},{23779, 7},{16009, 7},
{20279, 7},{11676, 7},{22810, 9},{14670, 7},{4858, 17},{11577, 17},{15647, 17},{5358, 17},{23505, 3},{20107, 3},
{17831, 3},{7976, 13},{7089, 13},{15295, 17},{1386, 8},{17075, 8},{709, 8},{149, 8},{3789, 8},{16475, 8},
{7744, 8},{12910, 8},{22749, 8},{15407, 8},{9011, 8},{18917, 8},{11202, 8},{18150, 8},{12638, 8},{5333, 17},
{16477, 8},{11200, 8},{17073, 8},{24101, 8},{18915, 8},{7746, 8},{3787, 8},{15409, 8},{1388, 8},{22747, 8},
{147, 8},{9009, 8},{12908, 8},{711, 8},{18148, 8},{9008, 8},{24883, 8},{17072, 8},{11201, 8},{18147, 8},
{148, 8},{7747, 8},{1387, 8},{710, 8},{3788, 8},{16478, 8},{22746, 8},{18916, 8},{12907, 8},{15408, 8},
{24830, 13},{20686, 3},{16879, 3}},
{
{1685, 10},{1685, 10},{3781, 16},{25273, 10},{15130, 17},{22797, 7},{13175, 4},{9483, 8},{9133, 1},{21068, 7},
{13175, 4},{3781, 16},{9484, 8},{11769, 7},{22799, 7},{18525, 7},{20258, 17},{25273, 10},{11760, 7},{3781, 16},
{11769, 7},{9481, 8},{13175, 4},{22798, 7},{22796, 7},{26041, 17},{25273, 10},{19806, 7},{18520, 7},{25273, 10},
{8229, 17},{3781, 16},{9482, 8},{25264, 7},{13175, 4},{25263, 7},{13175, 4},{20653, 7},{9479, 8},{11769, 7},
{22158, 7},{22795, 7},{3781, 16},{25273, 10},{24959, 17},{18786, 1},{11764, 7},{25273, 10},{25266, 7},{9480, 8},
{11769, 7},{13175, 4},{10699, 17},{3781, 16},{11767, 7},{13175, 4},{22796, 7},{25273, 10},{3781, 16},{22802, 7},
{18787, 1},{7646, 17},{16790, 8},{18528, 7},{3781, 16},{22798, 7},{25273, 10},{13175, 4},{23617, 17},{9478, 8},
{21068, 7},{25266, 7},{25265, 7},{18529, 7},{25273, 10},{21068, 7},{24195, 17},{13175, 4},{3781, 16},{4578, 8},
{25273, 10},{9142, 1},{19806, 7},{20660, 7},{3781, 16},{9476, 8},{24305, 17},{13175, 4},{22798, 7},{1685, 10},
{6296, 15},{4424, 10},{13016, 8},{4169, 15},{13015, 8},{10175, 15},{4424, 10},{6296, 15},{13014, 8},{6296, 15},
{4424, 10},{12494, 15},{21076, 15},{4175, 15},{11783, 15},{6296, 15},{4424, 10},{13013, 8},{21849, 15},{13020, 8},
{4424, 10},{6296, 15},{21081, 15},{4176, 15},{13019, 8},{6296, 15},{4424, 10},{13018, 8},{4424, 10},{6296, 15},
{6296, 15},{4424, 10},{13017, 8},{4424, 10},{19078, 15},{22327, 15},{6692, 8},{4424, 10},{21254, 15},{22327, 15},
{6690, 8},{19079, 15},{18765, 8},{22327, 15},{4424, 10},{12268, 15},{4424, 10},{18764, 8},{22327, 15},{4424, 10},
{18767, 8},{22327, 15},{21254, 15},{21583, 15},{4424, 10},{22327, 15},{18766, 8},{7341, 15},{22327, 15},{15686, 8},
{4424, 10},{22327, 15},{11300, 15},{9434, 8},{4424, 10},{22327, 15},{18763, 8},{4424, 10},{22327, 15},{4424, 10},
{18762, 8},{5297, 15},{4424, 10},{16995, 15},{13015, 8},{23505, 15},{4424, 10},{13016, 8},{20362, 15},{5297, 15},
{13013, 8},{26014, 15},{5297, 15},{4424, 10},{4424, 10},{13014, 8},{5297, 15},{13019, 8},{5297, 15},{4424, 10},
{13020, 8},{4424, 10},{5297, 15},{24492, 15},{4424, 10},{20362, 15},{13017, 8},{5297, 15},{5297, 15},{683, 15},
{4424, 10},{13018, 8},{14361, 15},{5020, 15},{13020, 8},{4424, 10},{24884, 8},{4424, 10},{5297, 15},{5297, 15},
{4424, 10},{23849, 15},{24886, 8},{13019, 8},{5020, 15},{5585, 15},{4424, 10},{8204, 4},{1223, 10},{3781, 16},
{8884, 3},{7672, 10},{1020, 17},{16902, 0},{1753, 8},{1195, 7},{20863, 1},{4424, 10},{13013, 8},{5020, 15},
{1685, 10},{1685, 10},{3781, 16},{1530, 4},{7150, 7},{22191, 17},{7357, 7},{15448, 1},{25273, 10},{22591, 8},
{5512, 7},{26019, 7},{25273, 10},{1530, 4},{12626, 7},{26012, 7},{26097, 17},{3781, 16},{12331, 1},{3542, 8},
{25222, 7},{5502, 7},{7146, 7},{12479, 7},{182, 17},{25273, 10},{3781, 16},{1530, 4},{22581, 8},{1530, 4},
{3781, 16},{11793, 17},{7142, 7},{25273, 10},{7150, 7},{22580, 8},{7148, 7},{26022, 7},{20918, 8},{1530, 4},
{9568, 7},{26023, 7},{25273, 10},{20391, 17},{26019, 7},{26022, 7},{3781, 16},{26016, 7},{3781, 16},{1530, 4},
{26021, 7},{21930, 17},{25273, 10},{22582, 8},{12483, 7},{7146, 7},{7141, 7},{25273, 10},{17609, 17},{22585, 8},
{25221, 7},{26018, 7},{9579, 7},{1530, 4},{3781, 16},{26022, 7},{3781, 16},{17821, 8},{1530, 4},{2838, 17},
{7370, 7},{25273, 10},{15450, 1},{9568, 7},{1530, 4},{13147, 1},{22587, 8},{5506, 7},{25273, 10},{3781, 16},
{7357, 7},{25220, 7},{2526, 17},{132, 17},{9566, 7},{3781, 16},{22586, 8},{25273, 10},{1530, 4},{25225, 7},
{7373, 7},{25220, 7},{4424, 10},{18767, 8},{6230, 15},{18766, 8},{6230, 15},{4424, 10},{13016, 8},{4424, 10},
{3454, 15},{4424, 10},{13015, 8},{3454, 15},{14343, 15},{4424, 10},{3454, 15},{13018, 8},{3454, 15},{4424, 10},
{13017, 8},{724, 15},{8634, 15},{4424, 10},{14343, 15},{14342, 15},{3454, 15},{13020, 8},{13019, 8},{3454, 15},
{4424, 10},{17612, 4},{19847, 17},{25273, 10},{16371, 8},{20544, 7},{6856, 7},{3781, 16},{16372, 8},{7539, 7},
{12224, 17},{3781, 16},{20545, 7},{25239, 1},{25273, 10},{17612, 4},{6858, 7},{17612, 4},{859, 7},{858, 7},
{7539, 7},{16363, 8},{3781, 16},{25273, 10},{426, 17},{861, 7},{859, 7},{6856, 7},{3781, 16},{17612, 4},
{20546, 7},{25273, 10},{6568, 17},{7543, 7},{16364, 8},{17612, 4},{862, 7},{25238, 1},{3781, 16},{2013, 17},
{25273, 10},{23212, 8},{8108, 7},{20548, 7},{14512, 7},{19685, 17},{3781, 16},{25273, 10},{20544, 7},{16366, 8},
{17612, 4},{8104, 7},{7189, 1},{8099, 7},{3315, 17},{25273, 10},{9123, 1},{3781, 16},{16367, 8},{20549, 7},
{6856, 7},{17612, 4},{7542, 7},{17612, 4},{16368, 8},{20549, 7},{3781, 16},{11634, 17},{853, 7},{857, 7},
{25273, 10},{852, 7},{16369, 8},{8103, 7},{10076, 17},{20550, 7},{25273, 10},{17612, 4},{3781, 16},{22985, 17},
{6855, 7},{14509, 7},{17612, 4},{3781, 16},{16370, 8},{25273, 10},{1685, 10},{1685, 10},{6755, 17},{20236, 7},
{2726, 8},{23975, 4},{20235, 7},{3781, 16},{7161, 7},{25273, 10},{541, 7},{8691, 7},{25273, 10},{3781, 16},
{23975, 4},{2725, 8},{11212, 17},{25273, 10},{540, 7},{16257, 7},{8363, 1},{23975, 4},{11976, 17},{2728, 8},
{20237, 7},{3781, 16},{9124, 15},{4424, 10},{18767, 8},{7874, 15},{3781, 16},{7002, 7},{25273, 10},{5841, 7},
{20747, 17},{1143, 4},{9289, 8},{7003, 7},{2721, 8},{16261, 7},{9452, 1},{23975, 4},{19307, 17},{7160, 7},
{543, 7},{25273, 10},{3781, 16},{3781, 16},{2724, 8},{9530, 17},{23975, 4},{540, 7},{7161, 7},{25273, 10},
{25273, 10},{3781, 16},{15653, 17},{2723, 8},{23975, 4},{16265, 7},{539, 7},{542, 7},{1685, 10},{1685, 10},
{9452, 15},{4424, 10},{18765, 8},{15844, 15},{18764, 8},{4424, 10},{9452, 15},{4424, 10},{18767, 8},{9452, 15},
{4424, 10},{9452, 15},{18766, 8},{9452, 15},{4424, 10},{15686, 8},{9434, 8},{20084, 15},{4424, 10},{9452, 15},
{15580, 15},{4424, 10},{18763, 8},{8572, 15},{9452, 15},{9452, 15},{4424, 10},{18762, 8},{4424, 10},{9452, 15},
{6692, 8},{4424, 10},{6690, 8},{9452, 15},{6293, 7},{25273, 10},{3781, 16},{17301, 8},{17931, 17},{5533, 7},
{14310, 7},{12500, 7},{12232, 4},{3781, 16},{25273, 10},{12500, 7},{19929, 7},{18753, 17},{19756, 8},{5021, 1},
{12232, 4},{7362, 7},{14310, 7},{12232, 4},{25273, 10},{5023, 1},{19926, 7},{1059, 8},{3781, 16},{8927, 17},
{3781, 16},{1517, 17},{25273, 10},{14310, 7},{11777, 7},{1375, 8},{5525, 7},{14303, 7},{12232, 4},{13075, 17},
{12232, 4},{7366, 7},{12504, 7},{3781, 16},{11774, 7},{26440, 8},{25273, 10},{3781, 16},{14309, 7},{26441, 8},
{25273, 10},{12232, 4},{14310, 7},{6167, 17},{6293, 7},{5533, 7},{26438, 8},{12232, 4},{19929, 7},{25273, 10},
{21929, 17},{7367, 7},{14305, 7},{3781, 16},{3781, 16},{25273, 10},{19680, 8},{13767, 17},{7366, 7},{17620, 7},
{11772, 7},{12232, 4},{20399, 1},{14307, 7},{5528, 7},{11777, 7},{13757, 17},{25273, 10},{12232, 4},{6300, 7},
{12614, 7},{3781, 16},{17710, 8},{3781, 16},{11779, 7},{12504, 7},{12232, 4},{8713, 17},{19813, 8},{25273, 10},
{5528, 7},{6293, 7},{7672, 10},{10549, 0},{3781, 16},{22269, 8},{15486, 7},{897, 1},{1223, 10},{9775, 7},
{7117, 17},{25033, 3},{15272, 4},{16247, 17},{5452, 7},{3781, 16},{5451, 7},{10660, 7},{10576, 4},{23231, 8},
{25273, 10},{7188, 15},{4424, 10},{13013, 8},{4424, 10},{13014, 8},{7188, 15},{7188, 15},{13019, 8},{4424, 10},
{3781, 16},{25273, 10},{10576, 4},{10669, 7},{23232, 8},{10676, 7},{26169, 17},{14660, 7},{7188, 15},{13017, 8},
{4424, 10},{13018, 8},{7188, 15},{4424, 10},{9579, 7},{25273, 10},{1530, 4},{20523, 8},{5773, 17},{19292, 7},
{12328, 1},{3781, 16},{25273, 10},{20522, 8},{9566, 7},{5060, 17},{9568, 7},{12626, 7},{3781, 16},{26017, 7},
{1530, 4},{25219, 7},{25273, 10},{1530, 4},{20521, 8},{3781, 16},{5509, 7},{18828, 17},{1530, 4},{25273, 10},
{20520, 8},{26018, 7},{15449, 1},{26013, 7},{17369, 17},{3781, 16},{12977, 17},{13150, 1},{17327, 8},{25222, 7},
{25219, 7},{25273, 10},{1530, 4},{3781, 16},{26013, 7},{25273, 10},{20526, 8},{3781, 16},{1530, 4},{25870, 17},
{12478, 7},{5506, 7},{21772, 7},{1530, 4},{1179, 17},{12462, 8},{3781, 16},{12483, 7},{25273, 10},{25273, 10},
{7150, 7},{20524, 8},{12477, 7},{1530, 4},{3781, 16},{26019, 7},{10972, 17},{25273, 10},{18142, 17},{20518, 8},
{1530, 4},{19290, 7},{7149, 7},{12479, 7},{3781, 16},{20517, 8},{25273, 10},{1530, 4},{7142, 7},{7144, 7},
{14647, 17},{3781, 16},{1449, 1},{22668, 7},{7672, 10},{15272, 4},{22670, 7},{19359, 3},{1733, 8},{3781, 16},
{25917, 17},{9778, 7},{7685, 7},{12868, 7},{23236, 8},{4132, 1},{627, 17},{3781, 16},{10576, 4},{25273, 10},
{10669, 7},{12868, 7},{23237, 8},{6457, 17},{10576, 4},{3781, 16},{25273, 10},{3864, 10},{13378, 8},{25314, 2},
{6693, 3},{26084, 9},{24386, 9},{24387, 9},{5876, 13},{26283, 12},{24288, 5},{3781, 16},{194, 17},{18763, 8},
{4424, 10},{6381, 15},{7675, 15},{6381, 15},{18762, 8},{4099, 15},{13477, 15},{4424, 10},{4424, 10},{587, 15},
{18765, 8},{6381, 15},{6381, 15},{4424, 10},{18764, 8},{4424, 10},{6381, 15},{18767, 8},{4424, 10},{18766, 8},
{603, 15},{6381, 15},{18528, 7},{22799, 7},{25266, 7},{3781, 16},{25273, 10},{13175, 4},{14751, 17},{22582, 8},
{20918, 8},{13175, 4},{11761, 7},{3781, 16},{22658, 17},{25273, 10},{25263, 7},{20653, 7},{25265, 7},{18521, 7},
{13175, 4},{25273, 10},{25264, 7},{11768, 7},{25256, 7},{25096, 17},{22580, 8},{3781, 16},{18788, 1},{22581, 8},
{3781, 16},{1028, 17},{13175, 4},{25273, 10},{25263, 7},{21068, 7},{18521, 7},{13035, 17},{25268, 7},{18522, 7},
{17573, 7},{22586, 8},{13175, 4},{25273, 10},{3781, 16},{13175, 4},{11760, 7},{9343, 1},{21066, 7},{22587, 8},
{25273, 10},{11762, 7},{3781, 16},{18526, 7},{15676, 17},{21068, 7},{17463, 17},{25264, 7},{13175, 4},{25273, 10},
{17821, 8},{3781, 16},{18521, 7},{3781, 16},{11761, 7},{13381, 17},{22585, 8},{13175, 4},{25273, 10},{18521, 7},
{17792, 17},{25273, 10},{3781, 16},{22802, 7},{13175, 4},{3542, 8},{9344, 1},{13175, 4},{22800, 7},{3781, 16},
{25273, 10},{18521, 7},{22591, 8},{1884, 17},{1685, 10},{17352, 7},{23460, 7},{15272, 4},{25273, 10},{20052, 17},
{3775, 7},{3781, 16},{13205, 8},{15272, 4},{16700, 8},{3781, 16},{10547, 7},{17353, 7},{25880, 17},{19894, 7},
{16456, 7},{25273, 10},{15544, 15},{4424, 10},{18766, 8},{13884, 15},{23546, 15},{18767, 8},{4424, 10},{15544, 15},
{1685, 10},{8778, 15},{9137, 15},{4424, 10},{13017, 8},{13018, 8},{9137, 15},{4424, 10},{1685, 10},{1685, 10},
{25273, 10},{16259, 7},{20236, 7},{23975, 4},{16258, 7},{3781, 16},{19625, 8},{21084, 17},{1685, 10},{1685, 10},
{1685, 10},{6383, 15},{18762, 8},{4424, 10},{639, 15},{20314, 15},{18765, 8},{2065, 15},{4424, 10},{18782, 15},
{1685, 10},{18765, 8},{3156, 15},{4424, 10},{18767, 8},{18782, 15},{4424, 10},{3156, 15},{18767, 8},{4424, 10},
{18782, 15},{4424, 10},{15686, 8},{15686, 8},{4424, 10},{17829, 15},{3156, 15},{25172, 7},{10676, 7},{8945, 17},
{10576, 4},{25273, 10},{3781, 16},{4345, 8},{5451, 7},{3156, 15},{12496, 15},{18762, 8},{4424, 10},{7689, 7},
{12427, 7},{15782, 17},{10658, 7},{10576, 4},{7688, 7},{25273, 10},{3781, 16},{4346, 8},{3156, 15},{4424, 10},
{18763, 8},{3781, 16},{6857, 7},{7586, 17},{8103, 7},{912, 8},{25273, 10},{20544, 7},{17612, 4},{25273, 10},
{20546, 7},{7541, 7},{14509, 7},{17612, 4},{913, 8},{3781, 16},{21774, 17},{6850, 7},{914, 8},{8105, 7},
{20554, 7},{3781, 16},{857, 7},{8099, 7},{25273, 10},{17612, 4},{8760, 17},{21076, 15},{6690, 8},{25275, 15},
{3156, 15},{4424, 10},{25172, 7},{20141, 17},{25273, 10},{10576, 4},{4350, 8},{3781, 16},{12426, 7},{14661, 7},
{4424, 10},{3156, 15},{6692, 8},{10576, 4},{25273, 10},{15324, 17},{4351, 8},{14659, 7},{3781, 16},{5453, 7},
{10729, 8},{3781, 16},{25135, 7},{23528, 7},{25139, 7},{22106, 17},{25273, 10},{8204, 4},{5433, 7},{17612, 4},
{8099, 7},{25273, 10},{3781, 16},{917, 8},{6851, 7},{12004, 17},{8105, 7},{1685, 10},{10676, 7},{10576, 4},
{25273, 10},{25173, 7},{3781, 16},{14662, 7},{25146, 17},{19467, 7},{4341, 8},{17525, 17},{4342, 8},{12430, 7},
{3781, 16},{25273, 10},{20592, 7},{10576, 4},{14661, 7},{8286, 7},{1685, 10},{1685, 10},{1685, 10},{1685, 10},
{1685, 10},{25273, 10},{15855, 7},{21409, 8},{22646, 7},{15066, 4},{3781, 16},{1222, 17},{25273, 10},{8558, 7},
{3781, 16},{15066, 4},{5047, 7},{21410, 8},{17983, 17},{15066, 4},{2653, 7},{5047, 7},{3781, 16},{9041, 7},
{22649, 7},{25273, 10},{22818, 8},{14991, 17},{15066, 4},{22156, 17},{22821, 8},{21226, 7},{15859, 7},{3781, 16},
{25273, 10},{3781, 16},{25273, 10},{17717, 17},{8563, 7},{15856, 7},{10772, 8},{7816, 7},{8565, 7},{15066, 4},
{4644, 17},{22651, 7},{22815, 8},{7826, 7},{25273, 10},{15066, 4},{3781, 16},{15854, 7},{17920, 17},{8563, 7},
{2661, 7},{3781, 16},{3455, 1},{15066, 4},{25273, 10},{3840, 7},{10743, 8},{10763, 8},{2640, 7},{22646, 7},
{4990, 17},{3781, 16},{25273, 10},{15066, 4},{9041, 7},{13524, 17},{15066, 4},{14854, 7},{10711, 8},{22646, 7},
{25273, 10},{3781, 16},{3840, 7},{15066, 4},{14856, 7},{25273, 10},{16310, 17},{10731, 8},{3781, 16},{2640, 7},
{22653, 7},{1685, 10},{8204, 4},{8970, 7},{16904, 7},{19974, 17},{25273, 10},{10128, 7},{2734, 8},{23525, 7},
{3781, 16},{10125, 7},{3781, 16},{10130, 7},{8204, 4},{25273, 10},{18576, 17},{2733, 8},{25273, 10},{8204, 4},
{23931, 17},{3781, 16},{10126, 7},{2728, 8},{10121, 7},{5429, 7},{1797, 17},{8226, 7},{2727, 8},{3781, 16},
{16903, 7},{8204, 4},{25273, 10},{2726, 8},{17706, 17},{16901, 7},{3781, 16},{8204, 4},{25273, 10},{19613, 7},
{23527, 7},{16898, 7},{2725, 8},{15552, 17},{8204, 4},{26371, 7},{3781, 16},{25273, 10},{16906, 7},{10127, 7},
{2724, 8},{25273, 10},{3781, 16},{8204, 4},{16905, 7},{9365, 17},{5432, 7},{5434, 7},{19601, 7},{10120, 7},
{3781, 16},{25273, 10},{10121, 7},{2723, 8},{8204, 4},{13039, 17},{16903, 7},{8204, 4},{16898, 7},{3781, 16},
{25273, 10},{2451, 17},{25134, 7},{5435, 7},{2722, 8},{2721, 8},{11719, 7},{25273, 10},{12210, 17},{3781, 16},
{8204, 4},{5433, 7},{7189, 15},{4969, 15},{4424, 10},{6692, 8},{4424, 10},{7189, 15},{14816, 15},{6690, 8},
{7189, 15},{18765, 8},{4424, 10},{7189, 15},{4424, 10},{18764, 8},{18767, 8},{4424, 10},{7189, 15},{4473, 15},
{4969, 15},{4424, 10},{7189, 15},{18766, 8},{4969, 15},{7189, 15},{15686, 8},{4424, 10},{11511, 15},{4465, 15},
{9434, 8},{7189, 15},{4424, 10},{18763, 8},{7189, 15},{4424, 10},{18762, 8},{7189, 15},{4424, 10},{20309, 15},
{4424, 10},{18767, 8},{1299, 15},{23463, 7},{3781, 16},{10876, 7},{15418, 17},{9481, 8},{25273, 10},{15272, 4},
{10552, 7},{9482, 8},{25273, 10},{15272, 4},{3771, 7},{8756, 17},{3781, 16},{15272, 4},{25273, 10},{3781, 16},
{3766, 7},{9479, 8},{18025, 17},{20610, 7},{9480, 8},{23459, 7},{15272, 4},{25273, 10},{20261, 17},{3781, 16},
{3773, 7},{17576, 17},{3769, 7},{3781, 16},{17352, 7},{10854, 7},{15272, 4},{25273, 10},{16790, 8},{3768, 7},
{3781, 16},{19894, 7},{25273, 10},{3822, 17},{17359, 7},{3767, 7},{9478, 8},{15272, 4},{17264, 1},{20561, 7},
{26170, 17},{25273, 10},{4578, 8},{17352, 7},{3781, 16},{15272, 4},{17359, 7},{25273, 10},{19894, 7},{3781, 16},
{3768, 7},{10549, 7},{23701, 17},{9476, 8},{19937, 1},{15272, 4},{15272, 4},{20623, 7},{17357, 7},{25273, 10},
{3781, 16},{20588, 7},{9483, 8},{16449, 7},{10831, 17},{1334, 17},{3775, 7},{25273, 10},{17358, 7},{3781, 16},
{15272, 4},{9484, 8},{902, 1},{20623, 7},{1685, 10},{7004, 7},{25273, 10},{10099, 7},{3318, 7},{20719, 1},
{23702, 17},{2550, 8},{1143, 4},{5845, 7},{3781, 16},{4424, 10},{18766, 8},{11173, 15},{11173, 15},{4424, 10},
{18767, 8},{874, 15},{4424, 10},{18764, 8},{11173, 15},{7097, 15},{4424, 10},{4269, 15},{18762, 8},{18763, 8},
{4424, 10},{5562, 15},{24674, 15},{7097, 15},{16386, 15},{4424, 10},{18764, 8},{7097, 15},{18765, 8},{23554, 15},
{16388, 15},{7097, 15},{4424, 10},{4424, 10},{7097, 15},{18766, 8},{7097, 15},{4424, 10},{18767, 8},{1689, 15},
{6104, 7},{23975, 4},{8363, 1},{13631, 8},{7226, 3},{3781, 16},{11089, 17},{23665, 10},{25055, 7},{7672, 10},
{6106, 7},{10606, 3},{26325, 8},{23584, 17},{3781, 16},{7672, 10},{6283, 1},{6103, 7},{25057, 7},{23975, 4},
{3781, 16},{23665, 10},{7672, 10},{8367, 1},{1166, 3},{10954, 17},{12292, 7},{23975, 4},{26363, 8},{6900, 3},
{8365, 1},{23975, 4},{19112, 7},{3781, 16},{23665, 10},{21767, 17},{25060, 7},{6103, 7},{7672, 10},{13632, 8},
{3781, 16},{9032, 1},{23975, 4},{7672, 10},{13643, 8},{12274, 7},{940, 17},{8429, 3},{12298, 7},{6108, 7},
{12279, 7},{23975, 4},{26370, 8},{7672, 10},{13906, 17},{9718, 3},{8363, 1},{3781, 16},{6104, 7},{8364, 1},
{24053, 17},{7672, 10},{13647, 8},{12296, 7},{24723, 3},{3781, 16},{12298, 7},{23975, 4},{25054, 7},{9459, 1},
{3781, 16},{13645, 8},{23975, 4},{25057, 7},{23665, 10},{6983, 3},{8735, 17},{7672, 10},{9505, 8},{2473, 10},
{9506, 8},{2473, 10},{6285, 1},{12295, 7},{7672, 10},{3781, 16},{23975, 4},{15455, 8},{11142, 17},{23665, 10},
{9733, 3},{8540, 7},{12278, 7},{23975, 4},{9458, 1},{15454, 8},{23665, 10},{25057, 7},{12579, 3},{21926, 17},
{3781, 16},{12295, 7},{12275, 7},{7672, 10},{24752, 4},{18950, 7},{12022, 7},{23237, 8},{1005, 17},{3781, 16},
{5106, 7},{25273, 10},{3452, 15},{15686, 8},{4424, 10},{8651, 15},{3452, 15},{9434, 8},{4424, 10},{18763, 8},
{3452, 15},{20875, 15},{4424, 10},{18762, 8},{3452, 15},{4248, 15},{4424, 10},{18765, 8},{3452, 15},{4424, 10},
{4247, 15},{4424, 10},{3452, 15},{18764, 8},{13621, 15},{4424, 10},{15722, 15},{3452, 15},{18767, 8},{3452, 15},
{724, 15},{18766, 8},{4424, 10},{1685, 10},{6692, 8},{4424, 10},{20873, 15},{3452, 15},{4424, 10},{6690, 8},
{3452, 15},{24752, 4},{3781, 16},{23733, 17},{25273, 10},{12027, 7},{6921, 7},{18955, 7},{23235, 8},{25608, 8},
{25126, 10},{25126, 10},{17343, 8},{20795, 8},{25126, 10},{25126, 10},{1052, 8},{25126, 10},{25623, 8},{25126, 10},
{25621, 8},{17453, 8},{25126, 10},{25626, 8},{25126, 10},{25126, 10},{26313, 8},{26312, 8},{25126, 10},{4424, 10},
{26226, 15},{680, 15},{6690, 8},{4424, 10},{26226, 15},{6692, 8},{9434, 8},{26226, 15},{4424, 10},{15686, 8},
{26226, 15},{4424, 10},{26226, 15},{18762, 8},{4424, 10},{26226, 15},{4424, 10},{18763, 8},{26226, 15},{23856, 15},
{18764, 8},{4424, 10},{26226, 15},{4424, 10},{18765, 8},{19284, 15},{18766, 8},{26226, 15},{3412, 15},{4424, 10},
{5516, 15},{18767, 8},{26226, 15},{4424, 10},{4424, 10},{3453, 15},{6690, 8},{4424, 10},{6692, 8},{3453, 15},
{14332, 15},{8655, 15},{3453, 15},{992, 15},{4255, 15},{4424, 10},{9434, 8},{15686, 8},{8875, 15},{3453, 15},
{4424, 10},{4424, 10},{18762, 8},{13616, 15},{6703, 15},{3453, 15},{3453, 15},{18763, 8},{4424, 10},{3453, 15},
{4424, 10},{18764, 8},{6697, 15},{18765, 8},{4424, 10},{3453, 15},{3453, 15},{4424, 10},{18766, 8},{8634, 15},
{18767, 8},{3453, 15},{4424, 10},{4248, 15},{1685, 10},{23975, 14},{15362, 10},{15362, 10},{23975, 14},{23975, 14},
{15362, 10},{15362, 10},{23975, 14},{23975, 14},{15362, 10},{1685, 10},{23975, 14},{15362, 10},{15362, 10},{23975, 14},
{23975, 14},{15362, 10},{15362, 10},{23975, 14},{4424, 10},{17849, 15},{24173, 15},{18763, 8},{4424, 10},{18762, 8},
{17850, 15},{11681, 15},{13479, 15},{24173, 15},{11680, 15},{15686, 8},{24173, 15},{4424, 10},{7680, 15},{9434, 8},
{18430, 15},{24173, 15},{4424, 10},{18767, 8},{24173, 15},{4424, 10},{18433, 15},{4424, 10},{18766, 8},{21402, 15},
{23781, 15},{24173, 15},{18765, 8},{24173, 15},{18437, 15},{4424, 10},{20279, 15},{4424, 10},{18764, 8},{24173, 15},
{1685, 10},{4424, 10},{6690, 8},{24173, 15},{1685, 10},{14252, 7},{15800, 7},{8227, 7},{3781, 16},{23948, 17},
{23230, 8},{25273, 10},{24752, 4},{5107, 7},{25273, 10},{3781, 16},{14890, 8},{7821, 7},{15066, 4},{15857, 7},
{20149, 17},{2656, 7},{2653, 7},{22648, 7},{15861, 7},{25273, 10},{19013, 17},{20085, 7},{9424, 8},{15066, 4},
{3781, 16},{8564, 7},{24570, 1},{11174, 15},{4424, 10},{18767, 8},{3913, 15},{18766, 8},{4424, 10},{11174, 15},
{4424, 10},{3454, 15},{13013, 8},{25273, 10},{3594, 8},{8557, 7},{20085, 7},{25014, 17},{3781, 16},{401, 7},
{15066, 4},{22648, 7},{8556, 7},{15066, 4},{3781, 16},{22011, 8},{26249, 17},{15856, 7},{25273, 10},{15862, 7},
{22005, 8},{15066, 4},{3781, 16},{25273, 10},{14868, 7},{4154, 17},{9041, 7},{401, 7},{3781, 16},{23417, 17},
{22008, 8},{14851, 7},{15066, 4},{25273, 10},{21226, 7},{15862, 7},{8561, 7},{22646, 7},{25273, 10},{3781, 16},
{9159, 17},{15066, 4},{15857, 7},{9549, 8},{15855, 7},{3455, 1},{3781, 16},{7817, 7},{9561, 8},{14868, 7},
{7819, 7},{3952, 17},{25273, 10},{15066, 4},{9041, 7},{25273, 10},{3596, 8},{3781, 16},{13753, 17},{15066, 4},
{22647, 7},{18780, 17},{15066, 4},{25273, 10},{3781, 16},{14868, 7},{9041, 7},{3597, 8},{4809, 17},{3781, 16},
{3876, 8},{25273, 10},{15066, 4},{8563, 7},{402, 7},{4174, 15},{15686, 8},{21075, 15},{4424, 10},{6313, 15},
{21078, 15},{9434, 8},{6313, 15},{4424, 10},{6313, 15},{18763, 8},{4424, 10},{18533, 15},{4424, 10},{18762, 8},
{6313, 15},{4424, 10},{6313, 15},{18765, 8},{18764, 8},{6313, 15},{10956, 15},{4424, 10},{4424, 10},{6313, 15},
{19305, 15},{21851, 15},{18767, 8},{6313, 15},{4424, 10},{19303, 15},{18766, 8},{26030, 15},{4424, 10},{6313, 15},
{6692, 8},{17635, 15},{4424, 10},{10174, 15},{6690, 8},{6313, 15},{19576, 17},{16655, 8},{3781, 16},{12058, 7},
{22708, 7},{1738, 7},{5134, 7},{19954, 4},{25273, 10},{3781, 16},{16654, 8},{10779, 17},{19954, 4},{25616, 7},
{25273, 10},{25609, 7},{12523, 1},{1739, 7},{16657, 8},{19954, 4},{3821, 17},{3781, 16},{25273, 10},{8071, 7},
{25345, 8},{2473, 10},{2473, 10},{17396, 8},{2473, 10},{17395, 8},{17394, 8},{2473, 10},{17401, 8},{2473, 10},
{2473, 10},{17400, 8},{17399, 8},{2473, 10},{17398, 8},{2473, 10},{17392, 8},{2473, 10},{17391, 8},{2473, 10},
{19954, 4},{16658, 8},{25613, 7},{25273, 10},{22903, 17},{1743, 7},{3781, 16},{12516, 1},{16661, 8},{5135, 7},
{8070, 7},{25273, 10},{19954, 4},{9769, 17},{25614, 7},{3781, 16},{18766, 8},{4424, 10},{7273, 15},{26227, 15},
{6692, 8},{4424, 10},{26227, 15},{6690, 8},{4424, 10},{18767, 8},{16990, 15},{26227, 15},{16991, 15},{23851, 15},
{4424, 10},{18766, 8},{26227, 15},{4424, 10},{18765, 8},{4424, 10},{681, 15},{26227, 15},{20363, 15},{18764, 8},
{26227, 15},{4424, 10},{26227, 15},{18763, 8},{26009, 15},{4424, 10},{18762, 8},{26227, 15},{4424, 10},{4424, 10},
{10224, 15},{15686, 8},{26227, 15},{26227, 15},{4424, 10},{9434, 8},{25273, 10},{16653, 8},{3781, 16},{19954, 4},
{8069, 7},{12141, 17},{1745, 7},{1739, 7},{25273, 10},{21019, 8},{19954, 4},{3781, 16},{8079, 7},{5492, 17},
{1685, 10},{8226, 7},{8204, 4},{25135, 7},{5429, 7},{2550, 8},{25273, 10},{3781, 16},{20030, 17},{10121, 7},
{10123, 7},{25273, 10},{5424, 7},{8204, 4},{19603, 7},{8763, 17},{2549, 8},{3781, 16},{19601, 7},{16900, 7},
{19603, 7},{16791, 17},{8204, 4},{25273, 10},{3781, 16},{22595, 8},{16897, 7},{25273, 10},{3781, 16},{25136, 7},
{17454, 17},{8204, 4},{2547, 8},{11722, 7},{16905, 7},{12413, 17},{8204, 4},{2546, 8},{16906, 7},{3781, 16},
{10129, 7},{13431, 1},{25273, 10},{23523, 7},{8204, 4},{20201, 1},{10130, 7},{12166, 17},{25273, 10},{3781, 16},
{23527, 7},{2545, 8},{495, 17},{25273, 10},{3781, 16},{5428, 7},{2544, 8},{8204, 4},{16902, 7},{3781, 16},
{10120, 7},{2543, 8},{19602, 7},{8204, 4},{9293, 17},{5434, 7},{23529, 7},{25273, 10},{19895, 17},{3781, 16},
{5425, 7},{25273, 10},{8204, 4},{8970, 7},{23525, 7},{2542, 8},{25273, 10},{5424, 7},{8204, 4},{3781, 16},
{5430, 7},{4231, 17},{16906, 7},{2541, 8},{8970, 7},{19870, 17},{6387, 1},{15326, 3},{12134, 7},{23665, 10},
{26399, 7},{3781, 16},{6908, 7},{7672, 10},{24752, 4},{4734, 8},{25679, 7},{3781, 16},{23295, 3},{4733, 8},
{12030, 0},{1223, 10},{25678, 7},{22806, 1},{7672, 10},{19675, 17},{24752, 4},{1223, 10},{5106, 0},{4119, 1},
{4665, 17},{7672, 10},{25674, 7},{24752, 4},{3781, 16},{4736, 8},{14972, 3},{7672, 10},{23665, 10},{24752, 4},
{4117, 1},{26400, 7},{18933, 7},{18924, 7},{11382, 17},{3824, 3},{3781, 16},{4735, 8},{2300, 8},{23665, 10},
{18215, 3},{5375, 17},{12130, 7},{25674, 7},{6389, 1},{7672, 10},{24752, 4},{3781, 16},{13013, 8},{4424, 10},
{7278, 15},{25676, 7},{6977, 17},{8048, 0},{1223, 10},{6385, 1},{13080, 3},{25675, 7},{7672, 10},{2303, 8},
{24752, 4},{3781, 16},{25677, 7},{23665, 10},{15655, 3},{22803, 1},{4731, 8},{24752, 4},{7672, 10},{18574, 17},
{3781, 16},{1685, 10},{14126, 3},{6389, 1},{7672, 10},{26400, 7},{12125, 7},{24752, 4},{1354, 0},{26398, 7},
{3781, 16},{4738, 8},{4114, 17},{1223, 10},{5288, 17},{4737, 8},{3781, 16},{16740, 3},{12134, 7},{7672, 10},
{22811, 1},{24752, 4},{16333, 3},{997, 17},{24752, 4},{18924, 7},{7672, 10},{24173, 1},{1733, 8},{3781, 16},
{23665, 10},{3101, 17},{7672, 10},{7014, 7},{6387, 1},{22273, 8},{3781, 16},{24752, 4},{25033, 3},{19873, 7},
{22272, 8},{10143, 17},{7672, 10},{3781, 16},{6385, 1},{6828, 3},{24752, 4},{26396, 7},{23665, 10},{5176, 7},
{1730, 8},{24752, 4},{7672, 10},{22810, 1},{26400, 7},{3781, 16},{10167, 3},{5988, 17},{5178, 7},{2970, 17},
{22270, 8},{22810, 1},{24752, 4},{3781, 16},{7672, 10},{6581, 3},{25676, 7},{1225, 3},{18924, 7},{5176, 7},
{6385, 1},{1364, 0},{7672, 10},{22269, 8},{3781, 16},{24752, 4},{7546, 17},{18925, 7},{1223, 10},{3781, 16},
{1727, 8},{22804, 1},{10964, 17},{25676, 7},{24752, 4},{25202, 3},{1223, 10},{12023, 0},{7672, 10},{3373, 17},
{5369, 7},{3781, 16},{2090, 3},{22267, 8},{7672, 10},{6389, 1},{24752, 4},{4838, 17},{3781, 16},{18924, 7},
{22810, 1},{25303, 3},{22276, 8},{12132, 7},{24752, 4},{7672, 10},{1223, 10},{18927, 7},{8227, 0},{16241, 17},
{4117, 1},{7672, 10},{24752, 4},{22275, 8},{25678, 7},{26399, 7},{3781, 16},{17758, 3},{9557, 15},{8826, 15},
{1626, 15},{4424, 10},{9434, 8},{9557, 15},{2115, 15},{15686, 8},{4424, 10},{18762, 8},{9557, 15},{4424, 10},
{4424, 10},{9557, 15},{18763, 8},{9557, 15},{18764, 8},{4424, 10},{4424, 10},{15713, 15},{9557, 15},{18765, 8},
{22475, 15},{18766, 8},{4424, 10},{9557, 15},{18767, 8},{9557, 15},{4424, 10},{6690, 8},{8828, 15},{4424, 10},
{9557, 15},{4424, 10},{6692, 8},{9557, 15},{1128, 7},{11420, 7},{7672, 10},{18755, 3},{1126, 7},{24974, 8},
{3781, 16},{12958, 17},{12512, 1},{19954, 4},{3133, 17},{20824, 7},{2358, 3},{1739, 0},{3781, 16},{1223, 10},
{7672, 10},{12516, 1},{24973, 8},{25799, 7},{19954, 4},{25802, 7},{7672, 10},{24976, 8},{10848, 1},{1365, 3},
{19954, 4},{1566, 17},{25610, 0},{25792, 7},{18597, 7},{7835, 7},{3781, 16},{1223, 10},{3039, 17},{19954, 4},
{863, 1},{24975, 8},{790, 3},{7672, 10},{11415, 7},{3781, 16},{23665, 10},{1126, 7},{11422, 7},{9136, 1},
{1223, 10},{13175, 4},{18522, 0},{4492, 8},{18215, 3},{7672, 10},{3781, 16},{14045, 17},{10934, 7},{4494, 8},
{13175, 4},{7672, 10},{26247, 3},{21171, 7},{23665, 10},{11445, 7},{3781, 16},{9339, 1},{24093, 17},{19954, 4},
{18210, 8},{20820, 7},{18755, 3},{1127, 7},{7672, 10},{3781, 16},{12018, 17},{871, 1},{16699, 3},{23277, 17},
{3781, 16},{24971, 8},{7672, 10},{19954, 4},{20815, 7},{12516, 1},{7836, 7},{42, 17},{9339, 1},{10917, 3},
{7672, 10},{13175, 4},{11440, 7},{24276, 7},{25831, 7},{19183, 8},{3781, 16},{18792, 1},{3781, 16},{2323, 3},
{13175, 4},{12140, 17},{7672, 10},{10938, 7},{4532, 8},{1863, 17},{13738, 7},{7672, 10},{3781, 16},{26131, 3},
{9339, 1},{13175, 4},{9463, 8},{23665, 10},{3781, 16},{20260, 8},{9968, 3},{3458, 7},{25831, 7},{5616, 7},
{3926, 1},{7672, 10},{13175, 4},{22835, 17},{9073, 3},{25786, 7},{9461, 8},{23665, 10},{13175, 4},{3781, 16},
{24277, 7},{9138, 1},{7267, 17},{7672, 10},{19138, 8},{1223, 10},{8017, 17},{3460, 7},{3781, 16},{7672, 10},
{3926, 1},{18638, 3},{13175, 4},{11768, 0},{7672, 10},{5098, 17},{17476, 7},{10936, 7},{13338, 3},{18788, 1},
{9767, 8},{3781, 16},{13175, 4},{10937, 7},{3781, 16},{13175, 4},{7672, 10},{3970, 17},{25264, 0},{13738, 7},
{14406, 3},{18783, 1},{1223, 10},{11446, 7},{10075, 8},{15362, 10},{15272, 14},{15362, 10},{15272, 14},{15272, 14},
{15362, 10},{15362, 10},{15272, 14},{15272, 14},{15362, 10},{15272, 14},{15362, 10},{15272, 14},{15362, 10},{15362, 10},
{15272, 14},{15362, 10},{15272, 14},{15272, 14},{15362, 10},{12060, 7},{1744, 7},{1743, 7},{25273, 10},{5225, 1},
{16840, 8},{5134, 7},{3781, 16},{24455, 17},{19954, 4},{24822, 7},{12062, 7},{25273, 10},{3781, 16},{23538, 8},
{19954, 4},{2000, 17},{1744, 7},{22708, 7},{25273, 10},{3781, 16},{12060, 7},{10602, 17},{25605, 7},{19954, 4},
{23541, 8},{19954, 4},{25273, 10},{3781, 16},{23540, 8},{4593, 17},{12067, 7},{12061, 7},{9052, 8},{25273, 10},
{3781, 16},{12061, 7},{1743, 7},{12067, 7},{19954, 4},{16531, 17},{24822, 7},{25615, 7},{19954, 4},{19878, 17},
{25273, 10},{3781, 16},{9489, 8},{1745, 7},{5135, 7},{19954, 4},{9058, 8},{8070, 7},{5182, 17},{25614, 7},
{25273, 10},{3781, 16},{19954, 4},{25273, 10},{12061, 7},{9055, 8},{3781, 16},{12062, 7},{8073, 7},{728, 17},
{1143, 4},{25273, 10},{19577, 7},{9194, 17},{5849, 7},{20718, 1},{18546, 8},{26338, 7},{3781, 16},{7003, 7},
{3781, 16},{23443, 17},{18545, 8},{5846, 7},{1143, 4},{25273, 10},{19954, 4},{3781, 16},{7505, 17},{1743, 7},
{1736, 7},{9036, 8},{12067, 7},{25273, 10},{768, 17},{23536, 8},{8076, 7},{19954, 4},{25273, 10},{5129, 7},
{3781, 16},{1143, 4},{26341, 7},{5495, 8},{25273, 10},{7012, 7},{20794, 17},{3781, 16},{7003, 7},{25273, 10},
{3781, 16},{19581, 7},{26342, 7},{2456, 1},{1143, 4},{21286, 17},{18549, 8},{26345, 7},{3321, 7},{1143, 4},
{18548, 8},{5847, 7},{3781, 16},{25273, 10},{26341, 7},{25877, 17},{19908, 17},{3781, 16},{26345, 7},{1143, 4},
{3316, 7},{25273, 10},{3321, 7},{18547, 8},{3319, 7},{6276, 17},{26226, 1},{15739, 7},{23441, 4},{4496, 3},
{7672, 10},{16339, 8},{3781, 16},{695, 7},{23441, 4},{3781, 16},{7711, 3},{23245, 7},{20386, 7},{26322, 17},
{26003, 1},{16337, 8},{7672, 10},{7672, 10},{16344, 8},{23254, 7},{11068, 1},{4928, 3},{6793, 17},{3781, 16},
{23441, 4},{15738, 7},{26225, 1},{23665, 10},{3781, 16},{11207, 17},{23249, 7},{16342, 8},{111, 3},{7672, 10},
{6711, 7},{23441, 4},{20381, 7},{3781, 16},{14277, 8},{7672, 10},{11084, 1},{23441, 4},{17465, 17},{20380, 7},
{7451, 3},{16332, 8},{4003, 3},{7672, 10},{698, 7},{23945, 1},{3781, 16},{8090, 17},{694, 7},{23441, 4},
{15741, 7},{16336, 8},{20383, 7},{23441, 4},{20540, 3},{20385, 7},{7672, 10},{694, 7},{3781, 16},{26003, 1},
{19920, 17},{5472, 17},{3781, 16},{7672, 10},{20386, 7},{12631, 3},{16334, 8},{23441, 4},{23253, 7},{13203, 1},
{23252, 7},{13203, 1},{24709, 17},{2705, 8},{1223, 10},{8806, 3},{7672, 10},{23441, 4},{3781, 16},{6710, 7},
{11569, 0},{2704, 8},{3119, 3},{23248, 7},{23441, 4},{3781, 16},{20386, 7},{23937, 1},{7672, 10},{1275, 17},
{20381, 7},{1685, 10},{19493, 8},{25126, 10},{25126, 10},{19492, 8},{25126, 10},{19501, 8},{25126, 10},{19500, 8},
{25126, 10},{19499, 8},{19498, 8},{25126, 10},{25126, 10},{19497, 8},{19496, 8},{25126, 10},{19495, 8},{25126, 10},
{19494, 8},{25126, 10},{23975, 4},{7158, 7},{25273, 10},{18856, 17},{20233, 7},{7162, 7},{3781, 16},{19813, 8},
{3781, 16},{23975, 4},{25273, 10},{20233, 7},{1609, 17},{536, 7},{17710, 8},{8685, 7},{16261, 7},{540, 7},
{3781, 16},{25273, 10},{19680, 8},{23975, 4},{5153, 17},{16265, 7},{539, 7},{8687, 7},{8685, 7},{26438, 8},
{8690, 7},{25273, 10},{3781, 16},{16418, 17},{23975, 4},{25273, 10},{544, 7},{16257, 7},{16258, 7},{23975, 4},
{26441, 8},{8458, 17},{16264, 7},{3781, 16},{25273, 10},{3781, 16},{23975, 4},{6456, 17},{20237, 7},{16256, 7},
{26440, 8},{20238, 7},{8695, 7},{13887, 17},{1375, 8},{3781, 16},{23975, 4},{25273, 10},{541, 7},{542, 7},
{20236, 7},{8687, 7},{3781, 16},{23975, 4},{541, 7},{537, 7},{5837, 17},{25273, 10},{1059, 8},{19756, 8},
{6947, 17},{23975, 4},{537, 7},{3781, 16},{25273, 10},{7162, 7},{16261, 7},{8686, 7},{25273, 10},{16259, 7},
{3781, 16},{20236, 7},{4754, 17},{23975, 4},{17301, 8},{7275, 1},{7450, 17},{7672, 10},{15066, 4},{25842, 3},
{3781, 16},{22273, 8},{23665, 10},{1961, 7},{1223, 10},{21203, 3},{935, 17},{1960, 7},{7269, 1},{15066, 4},
{14851, 0},{1733, 8},{7672, 10},{3781, 16},{9357, 17},{23791, 7},{7672, 10},{3781, 16},{16943, 7},{7275, 1},
{22649, 0},{23832, 3},{1223, 10},{15066, 4},{1730, 8},{23797, 7},{16302, 17},{3781, 16},{8184, 3},{15066, 4},
{24569, 1},{7672, 10},{1960, 7},{22272, 8},{3453, 1},{15066, 4},{3781, 16},{25957, 3},{22269, 8},{23794, 7},
{10771, 17},{7672, 10},{3448, 1},{22588, 3},{7672, 10},{10881, 7},{15066, 4},{23793, 7},{23665, 10},{22270, 8},
{3781, 16},{19369, 17},{7672, 10},{10886, 7},{24566, 1},{10455, 3},{3781, 16},{12849, 17},{15066, 4},{23665, 10},
{16595, 7},{22267, 8},{1727, 8},{16945, 7},{3781, 16},{1966, 7},{3447, 1},{7291, 17},{15066, 4},{7672, 10},
{4520, 3},{15066, 4},{23436, 17},{24111, 3},{7672, 10},{22275, 8},{3781, 16},{10887, 7},{1223, 10},{401, 0},
{24568, 1},{7672, 10},{15066, 4},{3454, 1},{22276, 8},{14477, 3},{25520, 17},{3781, 16},{10890, 7},{10885, 7},
{23796, 7},{23665, 10},{18763, 8},{13149, 15},{4424, 10},{16917, 15},{4424, 10},{13149, 15},{18762, 8},{13149, 15},
{8270, 15},{15686, 8},{4424, 10},{8263, 15},{11322, 15},{4424, 10},{9434, 8},{13149, 15},{18454, 15},{4424, 10},
{13149, 15},{18767, 8},{4424, 10},{18080, 15},{13149, 15},{18766, 8},{25197, 15},{13149, 15},{18765, 8},{4424, 10},
{4424, 10},{13149, 15},{18764, 8},{25192, 15},{1685, 10},{13149, 15},{21611, 15},{6692, 8},{4424, 10},{6690, 8},
{13149, 15},{4424, 10},{2629, 1},{12253, 4},{18446, 17},{3781, 16},{3271, 7},{19848, 7},{5766, 8},{2762, 7},
{19856, 7},{25273, 10},{22387, 7},{12253, 4},{18194, 8},{7249, 7},{22396, 7},{3781, 16},{2763, 7},{25273, 10},
{17534, 17},{22396, 7},{3781, 16},{2763, 7},{18197, 8},{25273, 10},{5140, 17},{12253, 4},{2762, 7},{1529, 17},
{12253, 4},{3781, 16},{25273, 10},{16286, 7},{22394, 7},{18198, 8},{19851, 7},{12253, 4},{25273, 10},{3781, 16},
{3267, 7},{22398, 7},{3272, 7},{2452, 17},{19850, 7},{5811, 8},{12253, 4},{19852, 7},{22398, 7},{14181, 7},
{14177, 7},{5817, 8},{25273, 10},{6808, 17},{3781, 16},{9531, 17},{3781, 16},{25273, 10},{12253, 4},{7246, 7},
{18211, 8},{2762, 7},{16905, 7},{8204, 4},{11746, 7},{3781, 16},{14687, 1},{25273, 10},{23526, 7},{3174, 17},
{17627, 8},{11698, 17},{17622, 8},{25273, 10},{5428, 7},{5424, 7},{3781, 16},{8204, 4},{1685, 10},{7245, 7},
{3781, 16},{25273, 10},{2761, 7},{12253, 4},{9550, 17},{16195, 8},{16196, 8},{3781, 16},{3277, 7},{21271, 17},
{25273, 10},{2757, 7},{12253, 4},{19855, 7},{7248, 7},{10124, 7},{3781, 16},{25273, 10},{2809, 17},{11746, 7},
{8204, 4},{17618, 8},{178, 8},{25273, 10},{8204, 4},{3781, 16},{18382, 17},{25135, 7},{16902, 7},{184, 8},
{7890, 17},{3781, 16},{16897, 7},{10127, 7},{8970, 7},{25273, 10},{8204, 4},{25506, 17},{23523, 7},{17619, 8},
{16902, 7},{8204, 4},{3781, 16},{25273, 10},{18529, 7},{3781, 16},{25273, 10},{25269, 7},{3402, 8},{17116, 17},
{13175, 4},{19806, 7},{18524, 7},{3403, 8},{22792, 7},{26186, 17},{3781, 16},{18521, 7},{13175, 4},{25273, 10},
{24523, 17},{3400, 8},{22800, 7},{25273, 10},{13175, 4},{19806, 7},{3781, 16},{11767, 7},{13175, 4},{18911, 17},
{25268, 7},{18524, 7},{25273, 10},{18526, 7},{3401, 8},{3781, 16},{11760, 7},{3398, 8},{14296, 17},{3781, 16},
{11761, 7},{25273, 10},{20653, 7},{13175, 4},{25268, 7},{3399, 8},{25273, 10},{13175, 4},{18526, 7},{25264, 7},
{18783, 1},{20938, 17},{11764, 7},{3781, 16},{25265, 7},{25273, 10},{3396, 8},{16664, 17},{3781, 16},{18523, 7},
{13175, 4},{10515, 17},{25273, 10},{3781, 16},{22170, 7},{3397, 8},{11760, 7},{13175, 4},{9135, 1},{3781, 16},
{18527, 7},{11768, 7},{20969, 8},{25273, 10},{25267, 7},{22799, 7},{15181, 17},{13175, 4},{13175, 4},{3781, 16},
{20972, 8},{21068, 7},{18527, 7},{11761, 7},{20658, 7},{25273, 10},{19900, 17},{17327, 8},{8126, 7},{25273, 10},
{4713, 7},{25314, 4},{2575, 17},{3781, 16},{16141, 7},{4713, 7},{4709, 7},{25314, 4},{25273, 10},{3781, 16},
{20526, 8},{7292, 17},{24389, 7},{16144, 7},{25314, 4},{2839, 17},{25273, 10},{3781, 16},{12462, 8},{25273, 10},
{22309, 7},{20524, 8},{25314, 4},{16154, 17},{3781, 16},{24384, 7},{4707, 7},{24382, 7},{10756, 17},{25314, 4},
{20523, 8},{3781, 16},{25273, 10},{4709, 7},{24383, 7},{4708, 7},{3781, 16},{24389, 7},{25314, 4},{13036, 17},
{8135, 7},{25273, 10},{20522, 8},{16143, 7},{8128, 7},{4412, 17},{25273, 10},{3781, 16},{25314, 4},{16142, 7},
{20521, 8},{24389, 7},{8132, 7},{8636, 17},{24384, 7},{25273, 10},{20520, 8},{3781, 16},{24381, 7},{4708, 7},
{25314, 4},{1685, 10},{6492, 17},{25314, 4},{20517, 8},{3781, 16},{8134, 7},{8128, 7},{25273, 10},{4710, 7},
{536, 7},{20239, 7},{23975, 4},{2543, 8},{535, 7},{851, 17},{25273, 10},{3781, 16},{16257, 7},{3781, 16},
{4228, 8},{24326, 17},{5531, 7},{7368, 7},{6293, 7},{12232, 4},{25273, 10},{5529, 7},{18784, 15},{4424, 10},
{18766, 8},{2067, 15},{4424, 10},{2326, 15},{18767, 8},{4062, 15},{2326, 15},{18766, 8},{4424, 10},{4424, 10},
{22329, 15},{21254, 15},{6692, 8},{22329, 15},{6690, 8},{4424, 10},{18763, 8},{4424, 10},{22329, 15},{4424, 10},
{18762, 8},{22329, 15},{22329, 15},{15686, 8},{4424, 10},{9434, 8},{19075, 15},{22329, 15},{4424, 10},{18767, 8},
{22329, 15},{16780, 15},{4424, 10},{4424, 10},{18766, 8},{22329, 15},{4424, 10},{18765, 8},{8679, 15},{22329, 15},
{18764, 8},{22329, 15},{4424, 10},{17258, 15},{18764, 8},{4424, 10},{881, 15},{4424, 10},{17258, 15},{18765, 8},
{4424, 10},{19519, 15},{18766, 8},{17258, 15},{17210, 15},{18767, 8},{4424, 10},{22947, 15},{17258, 15},{7552, 15},
{9434, 8},{17258, 15},{4424, 10},{17213, 15},{15686, 8},{4424, 10},{17258, 15},{4424, 10},{17258, 15},{18762, 8},
{17258, 15},{23592, 15},{7552, 15},{18763, 8},{4424, 10},{4424, 10},{3451, 15},{13019, 8},{13020, 8},{716, 15},
{4424, 10},{3451, 15},{4424, 10},{3451, 15},{13017, 8},{14332, 15},{725, 15},{3451, 15},{4424, 10},{13018, 8},
{4424, 10},{13015, 8},{20404, 15},{3451, 15},{3451, 15},{4424, 10},{14719, 15},{13016, 8},{16425, 15},{4424, 10},
{13013, 8},{3451, 15},{13014, 8},{4424, 10},{3451, 15},{2473, 10},{24249, 8},{24250, 8},{2473, 10},{2473, 10},
{24251, 8},{2473, 10},{24252, 8},{2473, 10},{24253, 8},{2473, 10},{24254, 8},{2473, 10},{24255, 8},{2473, 10},
{24256, 8},{24246, 8},{2473, 10},{4012, 8},{2473, 10},{2028, 5},{8283, 10},{17061, 12},{25616, 9},{18945, 3},
{25615, 9},{20270, 13},{9092, 8},{512, 17},{19954, 2},{7832, 9},{3781, 16},{7835, 9},{19954, 2},{8283, 10},
{20958, 17},{3781, 16},{10914, 12},{7834, 9},{25613, 9},{9091, 8},{4264, 3},{20164, 5},{22113, 13},{26365, 17},
{16113, 13},{9090, 8},{8283, 10},{6065, 3},{25614, 9},{25611, 9},{19954, 2},{7836, 9},{7837, 9},{2031, 5},
{3781, 16},{8968, 12},{19954, 2},{3781, 16},{8283, 10},{6983, 3},{11415, 9},{16519, 17},{11416, 9},{24294, 5},
{22983, 13},{23514, 12},{25612, 9},{9089, 8},{24303, 5},{4948, 12},{3781, 16},{8283, 10},{4156, 3},{9096, 8},
{11088, 13},{19954, 2},{19716, 17},{5132, 9},{1128, 9},{1129, 9},{5131, 9},{5130, 9},{20989, 12},{3781, 16},
{5124, 13},{7838, 9},{1138, 17},{19954, 2},{9095, 8},{6609, 3},{2028, 5},{7839, 9},{8283, 10},{5129, 9},
{19954, 2},{9094, 8},{3781, 16},{7831, 9},{12350, 5},{15704, 12},{5201, 17},{8283, 10},{8599, 3},{12356, 13},
{1685, 10},{11820, 3},{9098, 8},{18218, 5},{19197, 12},{1126, 9},{5135, 9},{22639, 17},{19954, 2},{3781, 16},
{8283, 10},{4340, 13},{5133, 9},{1710, 13},{11608, 12},{3781, 16},{19954, 2},{5134, 9},{4875, 3},{9097, 8},
{8283, 10},{13830, 17},{1127, 9},{10401, 5},{16334, 8},{15272, 4},{20130, 7},{8708, 17},{7672, 10},{898, 1},
{3781, 16},{22669, 7},{5952, 7},{23665, 10},{1217, 3},{7672, 10},{15272, 4},{13504, 17},{20129, 7},{417, 3},
{22667, 7},{1448, 1},{3781, 16},{16336, 8},{16332, 8},{6579, 3},{15272, 4},{23665, 10},{1445, 1},{7672, 10},
{3781, 16},{22669, 7},{24727, 17},{23439, 3},{7672, 10},{22667, 7},{15272, 4},{14277, 8},{15069, 7},{3781, 16},
{17262, 1},{2740, 17},{3781, 16},{15272, 4},{20129, 7},{4339, 3},{3017, 7},{2339, 17},{16342, 8},{7672, 10},
{17261, 1},{20126, 7},{7672, 10},{16344, 8},{3781, 16},{3013, 7},{22668, 7},{1223, 10},{22088, 17},{20588, 0},
{20428, 3},{1449, 1},{15272, 4},{20117, 7},{16337, 8},{3775, 0},{24575, 3},{22668, 7},{1223, 10},{15272, 4},
{5958, 7},{5784, 1},{214, 17},{13758, 7},{7672, 10},{3781, 16},{9775, 7},{16339, 8},{18322, 7},{23361, 3},
{3781, 16},{7672, 10},{15272, 4},{19937, 1},{22192, 17},{15272, 4},{5033, 3},{2704, 8},{23665, 10},{12576, 17},
{895, 1},{7672, 10},{9774, 7},{3781, 16},{18155, 3},{1223, 10},{15272, 4},{10840, 0},{17260, 1},{7672, 10},
{2705, 8},{3781, 16},{5962, 7},{10082, 17},{9778, 7},{11768, 7},{25273, 10},{18527, 7},{17769, 17},{23536, 8},
{13175, 4},{3781, 16},{18521, 7},{25273, 10},{25269, 7},{13175, 4},{9036, 8},{22799, 7},{3781, 16},{25263, 7},
{15355, 17},{13175, 4},{21069, 7},{22795, 7},{18783, 1},{22801, 7},{3781, 16},{23540, 8},{5706, 17},{25273, 10},
{25268, 7},{13175, 4},{25273, 10},{3781, 16},{21069, 7},{23541, 8},{18527, 7},{9233, 17},{13760, 17},{9138, 1},
{3781, 16},{23538, 8},{22798, 7},{25273, 10},{13175, 4},{18521, 7},{18523, 7},{25273, 10},{18528, 7},{25264, 7},
{13175, 4},{16840, 8},{3781, 16},{21031, 17},{22800, 7},{3781, 16},{10450, 17},{18524, 7},{9055, 8},{22801, 7},
{13175, 4},{25273, 10},{13175, 4},{20490, 17},{3781, 16},{25264, 7},{22158, 7},{25262, 7},{9058, 8},{25273, 10},
{13175, 4},{25273, 10},{25267, 7},{2753, 17},{25264, 7},{9489, 8},{22801, 7},{19806, 7},{3781, 16},{9141, 1},
{20658, 7},{22793, 7},{25269, 7},{13175, 4},{3781, 16},{20557, 17},{25273, 10},{9052, 8},{790, 12},{3781, 16},
{8283, 10},{11072, 13},{2037, 5},{15272, 2},{17359, 9},{9095, 8},{22224, 17},{18319, 9},{18318, 9},{12293, 3},
{3013, 9},{15413, 13},{20171, 5},{15272, 2},{9096, 8},{11088, 3},{17360, 9},{15655, 12},{8283, 10},{22297, 17},
{3781, 16},{1610, 13},{17355, 9},{20168, 5},{8283, 10},{9093, 8},{3781, 16},{17358, 9},{23372, 12},{23734, 3},
{21285, 17},{15272, 2},{18313, 9},{20162, 5},{8283, 10},{5772, 13},{3781, 16},{2358, 3},{9094, 8},{15272, 2},
{17356, 9},{18316, 9},{1886, 17},{20105, 12},{18315, 9},{15824, 13},{24290, 5},{20131, 9},{21229, 17},{9091, 8},
{17914, 12},{20130, 9},{570, 3},{17352, 9},{8283, 10},{15272, 2},{3781, 16},{6691, 17},{5051, 3},{3312, 13},
{15272, 2},{20117, 9},{3781, 16},{8283, 10},{4895, 12},{17357, 9},{20166, 5},{15069, 9},{9092, 8},{20167, 5},
{8283, 10},{6346, 17},{15272, 2},{9089, 8},{22079, 12},{17353, 9},{13180, 9},{16137, 13},{3781, 16},{17354, 9},
{20126, 9},{12126, 3},{8283, 10},{15612, 3},{20128, 9},{15272, 2},{24297, 5},{16328, 17},{17351, 9},{3781, 16},
{25227, 13},{20129, 9},{9090, 8},{15014, 12},{1685, 10},{17929, 12},{15272, 2},{22846, 3},{9097, 8},{10857, 9},
{18324, 9},{8283, 10},{20352, 17},{20167, 5},{3781, 16},{1225, 13},{18322, 9},{23627, 13},{2031, 5},{3016, 9},
{14462, 12},{15272, 2},{3781, 16},{10854, 9},{12697, 17},{21985, 3},{8283, 10},{9098, 8},{22807, 15},{4424, 10},
{589, 15},{18766, 8},{9390, 7},{3781, 16},{9204, 7},{22273, 8},{14688, 1},{7672, 10},{22341, 7},{11532, 3},
{1877, 17},{8204, 4},{3781, 16},{5603, 17},{9201, 7},{15572, 7},{7672, 10},{22272, 8},{20201, 1},{22218, 3},
{8204, 4},{8204, 4},{12973, 3},{1198, 7},{2700, 7},{7672, 10},{3781, 16},{23665, 10},{1730, 8},{20863, 1},
{26165, 17},{3781, 16},{5041, 3},{6410, 17},{8204, 4},{13433, 1},{7672, 10},{22270, 8},{1209, 7},{1685, 10},
{17854, 15},{18763, 8},{4424, 10},{4099, 15},{22807, 15},{22807, 15},{9434, 8},{4424, 10},{22807, 15},{15686, 8},
{4424, 10},{1685, 10},{3270, 7},{13701, 8},{19849, 7},{3276, 7},{14181, 7},{12253, 4},{121, 17},{25273, 10},
{3781, 16},{19856, 7},{25273, 10},{3781, 16},{13702, 8},{2755, 7},{18872, 17},{12253, 4},{7245, 7},{14181, 7},
{13018, 8},{13437, 15},{4424, 10},{4424, 10},{13437, 15},{13017, 8},{13437, 15},{13015, 8},{4424, 10},{13437, 15},
{13014, 8},{4424, 10},{2005, 15},{4424, 10},{13013, 8},{13437, 15},{22392, 7},{22396, 7},{19855, 7},{3781, 16},
{13695, 8},{12253, 4},{25273, 10},{776, 17},{13696, 8},{3781, 16},{12253, 4},{25273, 10},{2764, 7},{3274, 7},
{22089, 17},{22393, 7},{3781, 16},{13697, 8},{22398, 7},{4516, 17},{12253, 4},{25273, 10},{22396, 7},{3781, 16},
{25273, 10},{3276, 7},{14184, 7},{19852, 7},{12253, 4},{13698, 8},{8644, 17},{22963, 17},{12253, 4},{7245, 7},
{2756, 7},{2763, 7},{25273, 10},{3781, 16},{13691, 8},{12253, 4},{22394, 7},{25273, 10},{19854, 7},{3781, 16},
{13692, 8},{21123, 17},{19848, 7},{14183, 7},{20880, 1},{3781, 16},{24115, 17},{25273, 10},{2758, 7},{13693, 8},
{7245, 7},{3270, 7},{12253, 4},{14184, 7},{13694, 8},{14175, 7},{19849, 7},{25273, 10},{3781, 16},{5878, 17},
{20881, 1},{12253, 4},{7158, 7},{7156, 7},{20253, 17},{23975, 4},{3781, 16},{25273, 10},{10763, 8},{536, 7},
{6690, 8},{4424, 10},{4122, 15},{14665, 15},{4093, 15},{6692, 8},{4122, 15},{4424, 10},{19487, 15},{9434, 8},
{4424, 10},{19486, 15},{4122, 15},{4424, 10},{4122, 15},{15686, 8},{13481, 15},{18762, 8},{4122, 15},{4424, 10},
{11678, 15},{2705, 8},{1223, 10},{21226, 0},{7277, 1},{10770, 17},{23793, 7},{3781, 16},{16599, 7},{16949, 7},
{22853, 3},{7672, 10},{15066, 4},{4424, 10},{4122, 15},{18764, 8},{4122, 15},{588, 15},{20272, 15},{18765, 8},
{4424, 10},{18766, 8},{4424, 10},{4122, 15},{4424, 10},{4122, 15},{18767, 8},{21203, 3},{15066, 4},{3781, 16},
{23798, 7},{16337, 8},{7672, 10},{11082, 1},{22819, 17},{16943, 7},{21904, 17},{23975, 4},{7160, 7},{21409, 8},
{25273, 10},{3781, 16},{16259, 7},{7672, 10},{6250, 7},{3781, 16},{23665, 10},{17612, 4},{18442, 8},{6341, 3},
{6392, 17},{9129, 1},{3846, 17},{17612, 4},{9129, 1},{18443, 8},{3781, 16},{7672, 10},{72, 3},{23665, 10},
{23392, 7},{6250, 7},{3781, 16},{23665, 10},{22508, 7},{13155, 7},{11864, 3},{7672, 10},{18444, 8},{1833, 17},
{17612, 4},{25239, 1},{5339, 7},{7672, 10},{25239, 1},{3781, 16},{5050, 8},{3693, 7},{17612, 4},{19244, 3},
{21945, 17},{17612, 4},{9113, 3},{11353, 17},{17127, 8},{13157, 7},{7672, 10},{9124, 1},{3781, 16},{23665, 10},
{17612, 4},{1223, 10},{23121, 17},{17423, 3},{5044, 8},{6595, 7},{23391, 7},{3781, 16},{9123, 1},{857, 0},
{7672, 10},{26190, 17},{17612, 4},{7672, 10},{25234, 1},{3781, 16},{13158, 7},{18440, 8},{16541, 7},{16550, 7},
{22846, 3},{23665, 10},{17612, 4},{18441, 8},{7783, 3},{7672, 10},{3781, 16},{25238, 1},{10942, 17},{25924, 7},
{6246, 7},{24522, 3},{3781, 16},{23665, 10},{7672, 10},{5034, 8},{3622, 17},{23395, 7},{25234, 1},{17612, 4},
{6255, 7},{25240, 1},{6252, 7},{3781, 16},{1868, 3},{6853, 0},{511, 17},{7672, 10},{5036, 8},{1223, 10},
{17612, 4},{1685, 10},{6786, 17},{25273, 10},{20517, 8},{3781, 16},{15855, 7},{7818, 7},{15066, 4},{2653, 7},
{6978, 17},{15066, 4},{2656, 7},{22653, 7},{20088, 7},{24568, 1},{3781, 16},{25273, 10},{20518, 8},{20526, 8},
{25273, 10},{15066, 4},{8562, 7},{402, 7},{3781, 16},{24129, 17},{402, 7},{8560, 7},{15066, 4},{3781, 16},
{3510, 17},{25273, 10},{17327, 8},{7272, 1},{3781, 16},{25273, 10},{8558, 7},{20524, 8},{22646, 7},{7394, 17},
{15066, 4},{21230, 7},{15857, 7},{25273, 10},{8564, 7},{15066, 4},{3781, 16},{20088, 7},{21226, 7},{12462, 8},
{24796, 17},{3455, 1},{7729, 17},{20522, 8},{8559, 7},{2661, 7},{3781, 16},{15066, 4},{25273, 10},{14851, 7},
{15066, 4},{21085, 17},{3781, 16},{8561, 7},{25273, 10},{20523, 8},{22651, 7},{3781, 16},{15862, 7},{25273, 10},
{22650, 7},{1655, 17},{15066, 4},{20520, 8},{3456, 1},{8565, 7},{25273, 10},{3840, 7},{7818, 7},{25830, 17},
{22651, 7},{20521, 8},{24569, 1},{15066, 4},{3781, 16},{13013, 8},{4424, 10},{16772, 15},{15902, 15},{4424, 10},
{13019, 8},{21611, 15},{15458, 15},{1685, 10},{12232, 4},{23497, 17},{13724, 8},{3781, 16},{12503, 7},{25273, 10},
{7362, 7},{1685, 10},{3781, 16},{20364, 17},{17357, 7},{10547, 7},{8509, 8},{19894, 7},{15272, 4},{3767, 7},
{25273, 10},{20588, 7},{8510, 8},{17353, 7},{25273, 10},{219, 17},{3781, 16},{15272, 4},{10550, 7},{20610, 7},
{23462, 7},{25273, 10},{15272, 4},{17793, 8},{10549, 7},{10876, 7},{3781, 16},{12179, 17},{17807, 8},{3768, 7},
{3781, 16},{15272, 4},{16455, 7},{21595, 17},{25273, 10},{10549, 7},{10840, 7},{17776, 8},{21153, 17},{15272, 4},
{25273, 10},{17354, 7},{3781, 16},{10551, 7},{20610, 7},{15272, 4},{3768, 7},{25273, 10},{3781, 16},{17351, 7},
{17790, 8},{4440, 17},{3769, 7},{17754, 8},{3781, 16},{20561, 7},{16451, 7},{25273, 10},{18143, 17},{15272, 4},
{3781, 16},{25273, 10},{15272, 4},{10551, 7},{25980, 17},{17358, 7},{16451, 7},{466, 8},{23463, 7},{19951, 17},
{23463, 7},{17726, 8},{16456, 7},{17360, 7},{25273, 10},{15272, 4},{10876, 7},{3781, 16},{15272, 4},{4717, 17},
{25273, 10},{23459, 7},{3781, 16},{21405, 8},{3770, 7},{12868, 7},{18145, 17},{10576, 4},{25273, 10},{10660, 7},
{3781, 16},{23538, 8},{25273, 10},{16840, 8},{12868, 7},{25601, 17},{10576, 4},{3781, 16},{5455, 7},{10576, 4},
{23540, 8},{3781, 16},{25173, 7},{10676, 7},{25273, 10},{7685, 7},{19841, 17},{3781, 16},{12412, 17},{8286, 7},
{10576, 4},{7693, 7},{23541, 8},{25273, 10},{25171, 7},{4128, 1},{5455, 7},{10878, 17},{10676, 7},{12900, 7},
{3781, 16},{9489, 8},{7691, 7},{25273, 10},{10576, 4},{14662, 7},{25273, 10},{5450, 7},{10676, 7},{12428, 7},
{10576, 4},{3781, 16},{9052, 8},{18063, 17},{9055, 8},{10576, 4},{12434, 7},{3781, 16},{25273, 10},{5451, 7},
{16694, 17},{5452, 7},{6610, 17},{25273, 10},{10576, 4},{12434, 7},{12427, 7},{22910, 1},{7693, 7},{12868, 7},
{9058, 8},{3781, 16},{23536, 8},{9163, 17},{12429, 7},{10576, 4},{3781, 16},{12435, 7},{25169, 7},{25273, 10},
{14662, 7},{10679, 7},{14661, 7},{3781, 16},{9036, 8},{12434, 7},{10576, 4},{3868, 17},{25273, 10},{1818, 8},
{5428, 7},{25273, 10},{25138, 7},{8204, 4},{3781, 16},{25136, 7},{19269, 17},{23528, 7},{3745, 17},{1817, 8},
{25273, 10},{19601, 7},{3781, 16},{10127, 7},{10129, 7},{8204, 4},{10121, 7},{16903, 7},{25273, 10},{5428, 7},
{10970, 8},{8204, 4},{3781, 16},{10124, 7},{114, 17},{5433, 7},{5435, 7},{25130, 7},{5432, 7},{3781, 16},
{13629, 17},{8204, 4},{25273, 10},{1815, 8},{8204, 4},{16904, 7},{25273, 10},{14407, 17},{25131, 7},{1814, 8},
{3781, 16},{3781, 16},{16906, 7},{5433, 7},{18690, 17},{8226, 7},{1813, 8},{8204, 4},{25273, 10},{23529, 7},
{18196, 17},{25273, 10},{10121, 7},{11719, 7},{1812, 8},{3781, 16},{8204, 4},{1811, 8},{25135, 7},{13439, 1},
{3781, 16},{25273, 10},{14390, 17},{8204, 4},{16905, 7},{8204, 4},{5432, 7},{15412, 1},{15615, 17},{5430, 7},
{10123, 7},{25273, 10},{1810, 8},{3781, 16},{8204, 4},{25273, 10},{3781, 16},{1809, 8},{19606, 7},{8226, 7},
{25705, 17},{7092, 15},{18762, 8},{24672, 15},{4424, 10},{4424, 10},{11066, 15},{18765, 8},{7092, 15},{18764, 8},
{7611, 15},{7092, 15},{4424, 10},{3781, 16},{17793, 8},{25267, 7},{9138, 1},{25263, 7},{25273, 10},{25900, 17},
{13175, 4},{25273, 10},{23495, 17},{18527, 7},{3781, 16},{22797, 7},{17807, 8},{17573, 7},{13175, 4},{13175, 4},
{25267, 7},{22793, 7},{3707, 17},{11761, 7},{3781, 16},{22800, 7},{25273, 10},{17776, 8},{3781, 16},{13175, 4},
{11766, 7},{9140, 1},{17790, 8},{24646, 17},{25273, 10},{22795, 7},{25273, 10},{18528, 7},{22795, 7},{17754, 8},
{21066, 7},{16101, 17},{18526, 7},{13175, 4},{3781, 16},{9493, 17},{21069, 7},{13175, 4},{11762, 7},{3781, 16},
{25266, 7},{25273, 10},{466, 8},{17573, 7},{3781, 16},{25267, 7},{25273, 10},{18520, 7},{13175, 4},{17726, 8},
{11761, 7},{15352, 17},{21405, 8},{25273, 10},{25264, 7},{9158, 17},{13175, 4},{11766, 7},{22797, 7},{3781, 16},
{9142, 1},{9137, 1},{295, 17},{25256, 7},{13175, 4},{22798, 7},{3781, 16},{8509, 8},{25273, 10},{18520, 7},
{19403, 17},{13175, 4},{8510, 8},{22170, 7},{3781, 16},{11762, 7},{25273, 10},{7092, 15},{18766, 8},{4424, 10},
{19493, 8},{25126, 10},{25126, 10},{19492, 8},{13019, 8},{4424, 10},{4116, 15},{13481, 15},{4116, 15},{13020, 8},
{4424, 10},{4116, 15},{7684, 15},{13017, 8},{4424, 10},{17854, 15},{4116, 15},{4424, 10},{13018, 8},{25126, 10},
{19499, 8},{25126, 10},{19498, 8},{25126, 10},{19501, 8},{19500, 8},{25126, 10},{19495, 8},{25126, 10},{19494, 8},
{25126, 10},{19497, 8},{25126, 10},{19496, 8},{25126, 10},{1685, 10},{3360, 8},{1828, 10},{7293, 14},{1685, 10},
{18764, 8},{11062, 15},{4424, 10},{5784, 15},{26233, 15},{18765, 8},{4424, 10},{5784, 15},{4424, 10},{874, 15},
{18766, 8},{5784, 15},{4424, 10},{7551, 15},{5784, 15},{18767, 8},{7551, 15},{10018, 15},{5784, 15},{9434, 8},
{4424, 10},{4424, 10},{15686, 8},{4358, 15},{5784, 15},{4360, 15},{18762, 8},{7555, 15},{26235, 15},{23591, 15},
{4424, 10},{5784, 15},{5784, 15},{10433, 15},{26233, 15},{4424, 10},{18763, 8},{4424, 10},{6690, 8},{5784, 15},
{1685, 10},{12478, 7},{12480, 7},{25222, 7},{25273, 10},{23538, 8},{7373, 7},{1530, 4},{22965, 17},{3781, 16},
{23541, 8},{15450, 1},{5512, 7},{25273, 10},{3781, 16},{1530, 4},{3364, 17},{25221, 7},{11621, 17},{25273, 10},
{26016, 7},{26021, 7},{1530, 4},{23540, 8},{3781, 16},{25273, 10},{12491, 7},{1530, 4},{9052, 8},{26012, 7},
{11367, 17},{3781, 16},{6116, 17},{25273, 10},{19290, 7},{1530, 4},{9489, 8},{26013, 7},{3781, 16},{19294, 7},
{9058, 8},{5513, 7},{3781, 16},{4233, 17},{1530, 4},{9579, 7},{25273, 10},{9055, 8},{25273, 10},{3781, 16},
{21044, 17},{5509, 7},{1530, 4},{21772, 7},{19666, 7},{25273, 10},{3781, 16},{4896, 17},{7150, 7},{1530, 4},
{9036, 8},{12483, 7},{23536, 8},{25225, 7},{26023, 7},{3781, 16},{1530, 4},{6479, 17},{25273, 10},{4424, 10},
{6692, 8},{7191, 15},{4424, 10},{7191, 15},{6690, 8},{4424, 10},{7191, 15},{18763, 8},{14819, 15},{18762, 8},
{7191, 15},{4424, 10},{1013, 15},{15686, 8},{4424, 10},{7191, 15},{4968, 15},{4634, 15},{12960, 15},{9434, 8},
{7191, 15},{4424, 10},{7191, 15},{4424, 10},{18767, 8},{4424, 10},{7191, 15},{18766, 8},{4424, 10},{18765, 8},
{7191, 15},{4424, 10},{1012, 15},{7191, 15},{18764, 8},{19493, 8},{25126, 10},{19492, 8},{25126, 10},{25126, 10},
{19495, 8},{19494, 8},{25126, 10},{21852, 3},{9094, 8},{13434, 9},{8283, 10},{3781, 16},{19068, 12},{8204, 2},
{2028, 5},{25132, 9},{22073, 13},{10828, 17},{25126, 10},{19496, 8},{19499, 8},{25126, 10},{25126, 10},{19498, 8},
{25126, 10},{19501, 8},{25126, 10},{19500, 8},{7092, 15},{18767, 8},{16389, 15},{4424, 10},{19327, 15},{1685, 10},
{1685, 10},{4424, 10},{24884, 8},{22950, 15},{1448, 15},{3641, 15},{22944, 15},{4424, 10},{10015, 15},{1448, 15},
{13013, 8},{4424, 10},{1448, 15},{13014, 8},{1448, 15},{13015, 8},{4424, 10},{1685, 10},{13017, 8},{4424, 10},
{1448, 15},{13018, 8},{876, 15},{4424, 10},{1448, 15},{13019, 8},{22949, 15},{1448, 15},{4424, 10},{4424, 10},
{1448, 15},{13020, 8},{4424, 10},{18762, 8},{24490, 15},{23945, 15},{20362, 15},{4424, 10},{18763, 8},{23945, 15},
{23945, 15},{4424, 10},{9434, 8},{4424, 10},{23945, 15},{15686, 8},{18766, 8},{23945, 15},{4424, 10},{3425, 15},
{4424, 10},{18767, 8},{23945, 15},{18764, 8},{23945, 15},{4424, 10},{4424, 10},{18765, 8},{16991, 15},{16989, 15},
{23945, 15},{23945, 15},{19283, 15},{4424, 10},{6690, 8},{23945, 15},{4424, 10},{24499, 15},{6692, 8},{3891, 8},
{17042, 17},{25273, 10},{6851, 7},{17612, 4},{3781, 16},{20549, 7},{14507, 7},{25235, 1},{4424, 10},{9969, 15},
{22327, 15},{13018, 8},{22327, 15},{14050, 15},{4424, 10},{13017, 8},{19077, 15},{906, 15},{4424, 10},{18767, 8},
{10444, 15},{4424, 10},{18766, 8},{906, 15},{17213, 15},{4424, 10},{906, 15},{18765, 8},{18764, 8},{4424, 10},
{172, 15},{906, 15},{906, 15},{4424, 10},{18763, 8},{4360, 15},{18762, 8},{906, 15},{4424, 10},{906, 15},
{11062, 15},{4424, 10},{3637, 15},{15686, 8},{4424, 10},{906, 15},{9434, 8},{906, 15},{4424, 10},{6692, 8},
{6690, 8},{3908, 15},{24038, 15},{906, 15},{4424, 10},{1685, 10},{4424, 10},{22257, 15},{5024, 15},{13014, 8},
{13013, 8},{4215, 15},{4424, 10},{5024, 15},{5024, 15},{13016, 8},{4424, 10},{5024, 15},{4424, 10},{13015, 8},
{13018, 8},{5024, 15},{8617, 15},{4424, 10},{5024, 15},{4424, 10},{13017, 8},{13020, 8},{5024, 15},{4424, 10},
{4221, 15},{4424, 10},{5024, 15},{13019, 8},{24884, 8},{5024, 15},{4424, 10},{1685, 10},{1685, 10},{21068, 9},
{13175, 2},{3781, 16},{13813, 17},{21169, 9},{3722, 12},{8504, 8},{21171, 9},{21069, 9},{15323, 10},{2390, 13},
{8279, 3},{16637, 13},{13175, 2},{777, 17},{15323, 10},{3458, 9},{21066, 9},{3781, 16},{14126, 3},{3754, 8},
{20653, 9},{10470, 12},{3457, 9},{15323, 10},{8806, 12},{3781, 16},{3460, 9},{13175, 2},{22158, 9},{8467, 8},
{3923, 17},{22170, 9},{3466, 3},{3824, 13},{20658, 9},{13175, 2},{18390, 17},{3459, 9},{5842, 3},{20660, 9},
{15323, 10},{4881, 12},{8481, 8},{3717, 13},{3781, 16},{15323, 10},{13502, 8},{11769, 9},{13738, 9},{18155, 12},
{12228, 17},{11768, 9},{13175, 2},{11368, 13},{3781, 16},{16211, 3},{14832, 13},{10917, 12},{17984, 9},{8462, 8},
{3781, 16},{15323, 10},{11767, 9},{26361, 3},{2043, 17},{13175, 2},{1685, 10},{15362, 10},{13175, 14},{15362, 10},
{13175, 14},{15362, 10},{13175, 14},{15362, 10},{13175, 14},{13175, 14},{15362, 10},{13175, 14},{15362, 10},{13175, 14},
{15362, 10},{13175, 14},{15362, 10},{15362, 10},{13175, 14},{13175, 14},{15362, 10},{13019, 8},{7272, 15},{4424, 10},
{13020, 8},{725, 15},{7272, 15},{4424, 10},{8604, 15},{13017, 8},{7272, 15},{4424, 10},{3090, 15},{7272, 15},
{13018, 8},{4424, 10},{7272, 15},{13015, 8},{4424, 10},{14724, 15},{4424, 10},{7272, 15},{13013, 8},{2175, 15},
{16425, 15},{14719, 15},{4424, 10},{13014, 8},{7272, 15},{25614, 7},{9283, 8},{3781, 16},{19189, 17},{19954, 4},
{25273, 10},{1743, 7},{25273, 10},{9282, 8},{3781, 16},{12058, 7},{8079, 7},{15350, 17},{19954, 4},{19954, 4},
{9287, 8},{866, 1},{23869, 17},{12061, 7},{3781, 16},{8069, 7},{5136, 7},{25273, 10},{25605, 7},{12066, 7},
{8069, 7},{9286, 8},{8070, 7},{19954, 4},{866, 1},{3781, 16},{903, 17},{5138, 7},{25273, 10},{4792, 17},
{1743, 7},{3781, 16},{19954, 4},{9285, 8},{25606, 7},{25273, 10},{5134, 7},{19954, 4},{1740, 7},{25273, 10},
{25895, 17},{9284, 8},{3781, 16},{24822, 7},{5133, 7},{3781, 16},{25273, 10},{24365, 17},{8070, 7},{1740, 7},
{19954, 4},{26039, 8},{872, 1},{19954, 4},{9161, 17},{12058, 7},{9290, 8},{25615, 7},{25273, 10},{867, 1},
{1740, 7},{8072, 7},{3781, 16},{11601, 17},{9289, 8},{1736, 7},{25273, 10},{8079, 7},{19954, 4},{25614, 7},
{3781, 16},{25273, 10},{10454, 17},{1744, 7},{25614, 7},{19954, 4},{12064, 7},{25616, 7},{3781, 16},{9288, 8},
{4424, 10},{18763, 8},{19282, 15},{13503, 15},{16991, 15},{13503, 15},{4424, 10},{18762, 8},{19282, 15},{10962, 15},
{4424, 10},{7977, 15},{15686, 8},{4424, 10},{7977, 15},{9434, 8},{20356, 15},{4424, 10},{13503, 15},{18767, 8},
{3664, 8},{2473, 10},{4424, 10},{18765, 8},{12494, 15},{7977, 15},{4172, 15},{7977, 15},{18764, 8},{18540, 15},
{4424, 10},{2473, 10},{3656, 8},{2473, 10},{3655, 8},{3658, 8},{2473, 10},{3657, 8},{2473, 10},{4424, 10},
{19306, 15},{7977, 15},{6692, 8},{7977, 15},{10958, 15},{6690, 8},{4424, 10},{2473, 10},{3662, 8},{3661, 8},
{2473, 10},{1685, 10},{1685, 10},{5847, 7},{3781, 16},{1143, 4},{19680, 8},{26340, 7},{25273, 10},{26347, 7},
{12288, 17},{3316, 7},{2465, 1},{3317, 7},{26438, 8},{3781, 16},{19586, 7},{21192, 17},{3321, 7},{10093, 7},
{1143, 4},{20722, 1},{25273, 10},{26345, 7},{5399, 17},{26346, 7},{25273, 10},{1143, 4},{26441, 8},{3781, 16},
{26339, 7},{25463, 17},{7006, 7},{26440, 8},{25273, 10},{10093, 7},{3316, 7},{1143, 4},{3781, 16},{26339, 7},
{1375, 8},{5848, 7},{3781, 16},{19177, 17},{25273, 10},{1143, 4},{10093, 7},{25273, 10},{3319, 7},{1059, 8},
{1143, 4},{15158, 17},{3781, 16},{5849, 7},{917, 8},{7161, 7},{25273, 10},{7163, 7},{17982, 17},{3781, 16},
{23975, 4},{9032, 1},{20235, 7},{2837, 17},{25273, 10},{7164, 7},{20239, 7},{3781, 16},{916, 8},{23975, 4},
{16262, 7},{3781, 16},{25273, 10},{23975, 4},{16259, 7},{5370, 8},{542, 7},{20233, 7},{14244, 17},{3781, 16},
{2087, 17},{23975, 4},{16260, 7},{907, 8},{25273, 10},{7164, 7},{21367, 8},{15066, 4},{1223, 10},{3781, 16},
{10914, 3},{7672, 10},{15246, 1},{227, 17},{8565, 0},{1964, 7},{1967, 7},{24572, 1},{10881, 7},{7672, 10},
{21368, 8},{24720, 3},{3781, 16},{15066, 4},{17485, 17},{3781, 16},{3321, 7},{1143, 4},{7003, 7},{19813, 8},
{26340, 7},{6553, 17},{25273, 10},{10089, 7},{25273, 10},{17710, 8},{3781, 16},{1143, 4},{10096, 7},{292, 17},
{19585, 7},{26339, 7},{23798, 7},{21363, 8},{15066, 4},{16943, 7},{23665, 10},{16601, 7},{3781, 16},{15565, 3},
{8320, 17},{7672, 10},{24566, 1},{3781, 16},{7672, 10},{15066, 4},{21364, 8},{7268, 1},{13105, 17},{1966, 7},
{22644, 0},{1223, 10},{16596, 7},{14462, 3},{1685, 10},{7672, 10},{1748, 8},{12232, 4},{8151, 1},{22188, 17},
{3781, 16},{9301, 7},{24036, 3},{3781, 16},{12232, 4},{7672, 10},{1749, 8},{18658, 7},{26146, 1},{5005, 7},
{14701, 3},{17199, 17},{23665, 10},{23665, 10},{24977, 8},{18755, 3},{3781, 16},{22333, 1},{4842, 17},{12253, 4},
{18280, 7},{7672, 10},{24027, 7},{4424, 10},{11060, 15},{6692, 8},{9907, 15},{4132, 15},{25405, 7},{19409, 3},
{20399, 1},{7672, 10},{3781, 16},{1756, 8},{12232, 4},{31, 17},{3781, 16},{21603, 7},{24974, 8},{23211, 17},
{14644, 3},{12253, 4},{7672, 10},{20877, 1},{1946, 7},{16914, 7},{5019, 1},{3781, 16},{23665, 10},{11914, 7},
{15215, 3},{12232, 4},{1754, 8},{7672, 10},{12800, 17},{1755, 8},{4874, 3},{15743, 17},{12232, 4},{18656, 7},
{5024, 1},{3781, 16},{7672, 10},{1752, 8},{12232, 4},{18657, 7},{7672, 10},{9676, 3},{12614, 0},{1223, 10},
{5023, 1},{5001, 7},{11704, 17},{3781, 16},{24970, 8},{3781, 16},{18277, 7},{2629, 1},{12253, 4},{7672, 10},
{14539, 3},{3072, 7},{23786, 17},{18280, 7},{24971, 8},{20882, 1},{1223, 10},{10140, 7},{3072, 7},{7672, 10},
{12253, 4},{25052, 17},{3781, 16},{7711, 3},{14184, 0},{3993, 17},{9298, 7},{1223, 10},{8153, 1},{7672, 10},
{3781, 16},{16465, 3},{1751, 8},{12232, 4},{12509, 0},{18523, 7},{3781, 16},{18786, 1},{25273, 10},{20933, 17},
{4351, 8},{22796, 7},{13175, 4},{19806, 7},{18528, 7},{22799, 7},{11766, 7},{18528, 7},{13175, 4},{25273, 10},
{25269, 7},{4352, 8},{1063, 17},{3781, 16},{7648, 17},{4349, 8},{25273, 10},{11762, 7},{13175, 4},{9138, 1},
{3781, 16},{22795, 7},{13175, 4},{25265, 7},{3781, 16},{12591, 17},{4350, 8},{25273, 10},{11760, 7},{20177, 17},
{4347, 8},{13175, 4},{3781, 16},{25273, 10},{11769, 7},{21066, 7},{4348, 8},{25273, 10},{13175, 4},{25264, 7},
{23217, 17},{20653, 7},{22800, 7},{3781, 16},{11764, 7},{4345, 8},{19412, 17},{3781, 16},{11767, 7},{25273, 10},
{13175, 4},{25264, 7},{11761, 7},{18783, 1},{3781, 16},{25273, 10},{13326, 17},{4346, 8},{18524, 7},{13175, 4},
{25264, 7},{22800, 7},{13175, 4},{3781, 16},{25268, 7},{9272, 17},{4341, 8},{25273, 10},{11767, 7},{4342, 8},
{13175, 4},{25273, 10},{3781, 16},{25265, 7},{22801, 7},{3193, 17},{21069, 7},{17612, 2},{15323, 10},{8504, 8},
{3690, 9},{21537, 13},{3781, 16},{10448, 17},{17252, 3},{10538, 12},{7543, 9},{7541, 9},{22195, 13},{9113, 3},
{17612, 2},{3754, 8},{3781, 16},{8942, 12},{7542, 9},{15423, 17},{15323, 10},{22485, 9},{14506, 9},{13190, 3},
{3781, 16},{25979, 12},{13502, 8},{4258, 17},{3694, 9},{14507, 9},{15323, 10},{17345, 13},{17612, 2},{14508, 9},
{17612, 2},{3696, 9},{111, 12},{3781, 16},{3695, 9},{8462, 8},{15323, 10},{22616, 13},{22486, 17},{490, 3},
{17612, 2},{7540, 9},{3692, 9},{3781, 16},{15323, 10},{19543, 17},{20105, 3},{8467, 8},{7507, 13},{15217, 12},
{15323, 10},{13259, 17},{3781, 16},{16137, 3},{7539, 9},{8481, 8},{21260, 12},{8808, 13},{3693, 9},{17612, 2},
{18764, 8},{4424, 10},{9830, 15},{7093, 15},{23556, 15},{18765, 8},{4424, 10},{7093, 15},{18766, 8},{7093, 15},
{4424, 10},{4424, 10},{7093, 15},{18767, 8},{4424, 10},{11063, 15},{7093, 15},{9434, 8},{15686, 8},{4424, 10},
{7093, 15},{11787, 15},{7093, 15},{4424, 10},{11064, 15},{4276, 15},{18762, 8},{4424, 10},{7093, 15},{18763, 8},
{1689, 15},{11065, 15},{20166, 5},{12732, 13},{20124, 9},{20125, 9},{16455, 9},{15272, 2},{6764, 10},{12098, 3},
{10355, 17},{16456, 9},{9026, 12},{3781, 16},{4502, 8},{6690, 8},{9906, 15},{7093, 15},{4424, 10},{22506, 15},
{5571, 15},{16710, 15},{15272, 2},{20623, 9},{6764, 10},{23700, 17},{20616, 9},{5952, 9},{4501, 8},{12867, 13},
{3781, 16},{3377, 3},{2032, 5},{9271, 12},{5953, 9},{3781, 16},{6764, 10},{6696, 17},{20588, 9},{15272, 2},
{6803, 13},{2033, 5},{5957, 9},{25979, 3},{5958, 9},{5518, 12},{4506, 8},{5959, 9},{3781, 16},{17929, 3},
{16451, 9},{15797, 12},{15272, 2},{4507, 8},{23748, 17},{24063, 13},{6764, 10},{5960, 9},{2033, 5},{13294, 13},
{15272, 6},{1000, 8},{3781, 16},{16052, 17},{20168, 5},{19894, 9},{7116, 3},{15272, 2},{8282, 12},{6764, 10},
{5956, 9},{379, 12},{1003, 8},{3781, 16},{6764, 10},{15272, 2},{16070, 13},{2036, 5},{6226, 17},{20561, 9},
{3268, 3},{5955, 9},{16449, 9},{25273, 10},{3781, 16},{19606, 7},{8204, 4},{5072, 17},{16659, 8},{25134, 7},
{8204, 4},{25273, 10},{16658, 8},{4873, 17},{16897, 7},{3781, 16},{19601, 7},{25130, 7},{3781, 16},{23528, 7},
{16661, 8},{14682, 1},{19337, 17},{8204, 4},{25273, 10},{23525, 7},{16660, 8},{25132, 7},{25273, 10},{8204, 4},
{16903, 7},{3781, 16},{21214, 17},{25136, 7},{23528, 7},{25273, 10},{8204, 4},{24824, 17},{16655, 8},{25130, 7},
{3781, 16},{16654, 8},{10123, 7},{11719, 7},{8204, 4},{10125, 7},{15361, 17},{25132, 7},{3781, 16},{25273, 10},
{8204, 4},{5425, 7},{3781, 16},{16657, 8},{5429, 7},{25273, 10},{11842, 17},{23520, 7},{10123, 7},{11746, 7},
{26371, 7},{22813, 17},{25273, 10},{16656, 8},{8204, 4},{3781, 16},{25273, 10},{16897, 7},{8204, 4},{3781, 16},
{11722, 7},{19613, 7},{16901, 7},{16653, 8},{7418, 17},{20201, 1},{25273, 10},{16898, 7},{3781, 16},{8204, 4},
{5432, 7},{13463, 17},{8970, 7},{16904, 7},{21019, 8},{1685, 10},{25126, 10},{13831, 8},{13833, 8},{25126, 10},
{6593, 8},{25126, 10},{6594, 8},{25126, 10},{6587, 8},{25126, 10},{25126, 10},{6588, 8},{25126, 10},{13829, 8},
{25126, 10},{6590, 8},{25126, 10},{6596, 8},{6597, 8},{25126, 10},{1685, 10},{23771, 15},{6690, 8},{25193, 15},
{4424, 10},{15450, 15},{21611, 15},{6692, 8},{4424, 10},{15450, 15},{5489, 15},{18766, 8},{4424, 10},{15450, 15},
{18767, 8},{4424, 10},{23763, 15},{23768, 15},{15450, 15},{12460, 15},{4424, 10},{18764, 8},{15450, 15},{11317, 15},
{4424, 10},{18765, 8},{16920, 15},{15450, 15},{18762, 8},{4424, 10},{18085, 15},{15450, 15},{15450, 15},{4424, 10},
{12458, 15},{18763, 8},{11662, 15},{18454, 15},{12451, 15},{9434, 8},{11321, 15},{4424, 10},{15450, 15},{11320, 15},
{15450, 15},{8259, 15},{4424, 10},{15686, 8},{24381, 7},{13462, 8},{3781, 16},{25314, 4},{21052, 17},{25273, 10},
{22303, 7},{11869, 8},{25273, 10},{14311, 1},{24389, 7},{25314, 4},{3781, 16},{4628, 17},{8128, 7},{8134, 7},
{19629, 8},{3153, 1},{17190, 17},{25273, 10},{8132, 7},{25314, 4},{8127, 7},{3781, 16},{16150, 7},{1904, 7},
{25314, 4},{3781, 16},{4707, 7},{25273, 10},{24387, 7},{3863, 17},{19628, 8},{25273, 10},{8134, 7},{19627, 8},
{22300, 7},{16283, 17},{25314, 4},{3781, 16},{8134, 7},{25314, 4},{19044, 17},{24381, 7},{25273, 10},{3781, 16},
{19626, 8},{16140, 7},{8135, 7},{3781, 16},{25273, 10},{22302, 7},{20059, 17},{4708, 7},{25314, 4},{19625, 8},
{19624, 8},{3781, 16},{24382, 7},{25273, 10},{26149, 17},{25314, 4},{3152, 1},{4709, 7},{11819, 8},{17464, 17},
{1904, 7},{22301, 7},{25314, 4},{25273, 10},{8132, 7},{3781, 16},{11816, 8},{3781, 16},{16005, 17},{4706, 7},
{4707, 7},{22309, 7},{25273, 10},{25314, 4},{16146, 7},{6690, 8},{4424, 10},{19073, 15},{20880, 15},{6692, 8},
{4424, 10},{20880, 15},{9962, 15},{4424, 10},{18762, 8},{20880, 15},{4424, 10},{18763, 8},{20880, 15},{5280, 15},
{4424, 10},{21248, 15},{9434, 8},{20880, 15},{20880, 15},{15686, 8},{4424, 10},{15113, 15},{4424, 10},{18766, 8},
{20880, 15},{20880, 15},{18767, 8},{4424, 10},{20880, 15},{4424, 10},{18764, 8},{21244, 15},{20880, 15},{4424, 10},
{18765, 8},{19077, 15},{1685, 10},{13020, 8},{1700, 15},{4424, 10},{25119, 15},{24678, 15},{25119, 15},{13019, 8},
{4424, 10},{16386, 15},{25119, 15},{13018, 8},{4424, 10},{24672, 15},{13017, 8},{12537, 15},{25119, 15},{4424, 10},
{1685, 10},{3358, 8},{7293, 14},{1828, 10},{1685, 10},{15565, 3},{23975, 4},{25065, 7},{3781, 16},{13735, 17},
{7672, 10},{9455, 1},{12273, 7},{12294, 7},{14593, 8},{25058, 7},{1223, 10},{20237, 0},{9607, 17},{25055, 7},
{7672, 10},{3781, 16},{23975, 4},{465, 3},{8364, 1},{14592, 8},{19112, 7},{25060, 7},{6661, 17},{12295, 7},
{1223, 10},{12454, 3},{16256, 0},{14583, 8},{12292, 7},{7672, 10},{3781, 16},{23975, 4},{8368, 1},{4895, 3},
{23975, 4},{7672, 10},{12277, 7},{9033, 1},{19123, 7},{1223, 10},{3781, 16},{6393, 17},{12289, 7},{8688, 0},
{14582, 8},{1223, 10},{7157, 0},{24798, 3},{9459, 1},{7672, 10},{23975, 4},{15132, 17},{14585, 8},{3781, 16},
{6107, 7},{14584, 8},{23975, 4},{7672, 10},{22673, 17},{16899, 3},{12298, 7},{9454, 1},{3781, 16},{6105, 7},
{14587, 8},{540, 0},{7672, 10},{9733, 3},{12295, 7},{23975, 4},{6283, 1},{3781, 16},{1223, 10},{15216, 17},
{3781, 16},{8361, 1},{12292, 7},{1223, 10},{14586, 8},{7672, 10},{16265, 0},{5895, 3},{23975, 4},{13905, 17},
{12640, 3},{23975, 4},{14589, 8},{24363, 1},{7672, 10},{13034, 17},{19113, 7},{3781, 16},{19120, 7},{7672, 10},
{12290, 7},{8363, 1},{23665, 10},{14588, 8},{10451, 17},{23975, 4},{25751, 3},{3781, 16},{19121, 7},{9482, 8},
{3781, 16},{26016, 7},{1530, 4},{7148, 7},{19251, 17},{25273, 10},{25220, 7},{12479, 7},{19666, 7},{1530, 4},
{19295, 7},{3781, 16},{12328, 1},{25273, 10},{19015, 17},{9481, 8},{25273, 10},{3781, 16},{9480, 8},{26018, 7},
{12478, 7},{12477, 7},{19155, 17},{1530, 4},{26017, 7},{9479, 8},{25225, 7},{5503, 7},{3781, 16},{25273, 10},
{11977, 17},{1530, 4},{25273, 10},{1530, 4},{7143, 7},{5503, 7},{9478, 8},{25220, 7},{3781, 16},{10513, 17},
{19291, 7},{9566, 7},{5503, 7},{1530, 4},{25222, 7},{16253, 17},{3781, 16},{16790, 8},{25273, 10},{7142, 7},
{25273, 10},{3781, 16},{9476, 8},{5513, 7},{1530, 4},{12484, 7},{3429, 17},{24793, 17},{3781, 16},{12491, 7},
{1530, 4},{4578, 8},{25273, 10},{26020, 7},{13509, 17},{5509, 7},{26019, 7},{3781, 16},{25273, 10},{9484, 8},
{7148, 7},{19290, 7},{1530, 4},{1530, 4},{9483, 8},{26012, 7},{25273, 10},{26018, 7},{7141, 7},{9566, 7},
{12230, 17},{3781, 16},{15451, 1},{1685, 10},{8204, 4},{15573, 7},{22338, 7},{24344, 8},{20102, 17},{13429, 3},
{20193, 1},{7672, 10},{3781, 16},{20217, 7},{6298, 17},{7672, 10},{23665, 10},{8204, 4},{1537, 3},{2693, 7},
{3781, 16},{9204, 7},{14685, 1},{24340, 8},{14170, 8},{21574, 3},{7672, 10},{15933, 17},{3781, 16},{22337, 7},
{14684, 1},{8204, 4},{3781, 16},{8204, 4},{23397, 3},{23665, 10},{9204, 7},{21617, 17},{14685, 1},{20213, 7},
{24342, 8},{9197, 7},{7672, 10},{1144, 17},{13430, 1},{22335, 7},{7672, 10},{8204, 4},{24341, 8},{20208, 7},
{3781, 16},{22615, 3},{2699, 7},{22339, 7},{26282, 17},{22342, 7},{9953, 3},{24336, 8},{3781, 16},{7672, 10},
{1209, 7},{14687, 1},{8204, 4},{3781, 16},{2468, 3},{9396, 7},{20200, 1},{8204, 4},{24335, 8},{23665, 10},
{11991, 17},{7672, 10},{20721, 17},{14682, 1},{3781, 16},{24338, 8},{9394, 7},{8204, 4},{2694, 7},{7672, 10},
{23665, 10},{18215, 3},{5435, 0},{24337, 8},{8204, 4},{10606, 3},{3781, 16},{1223, 10},{12077, 17},{20195, 1},
{7672, 10},{9201, 7},{13018, 8},{1445, 15},{4424, 10},{13017, 8},{4424, 10},{1445, 15},{13020, 8},{17211, 15},
{19516, 15},{4424, 10},{1445, 15},{1445, 15},{13019, 8},{4424, 10},{13014, 8},{4424, 10},{1445, 15},{10444, 15},
{13013, 8},{4358, 15},{4424, 10},{1445, 15},{1445, 15},{4424, 10},{11053, 15},{13016, 8},{4424, 10},{13015, 8},
{1445, 15},{19300, 15},{13017, 8},{3154, 15},{4424, 10},{18765, 8},{4136, 15},{4143, 15},{14679, 15},{4424, 10},
{17145, 7},{2982, 8},{23441, 4},{3781, 16},{10393, 7},{17147, 7},{12606, 17},{25273, 10},{10398, 7},{2981, 8},
{6787, 17},{23441, 4},{25273, 10},{11570, 7},{4308, 7},{3781, 16},{4311, 7},{2980, 8},{44, 17},{11569, 7},
{3781, 16},{11570, 7},{25273, 10},{11119, 7},{23984, 7},{23441, 4},{4308, 7},{10393, 7},{4310, 7},{23981, 7},
{2979, 8},{23441, 4},{25273, 10},{1708, 17},{3781, 16},{26230, 1},{23980, 7},{10396, 7},{4311, 7},{23441, 4},
{3781, 16},{25273, 10},{25903, 17},{2986, 8},{17146, 7},{3781, 16},{23441, 4},{11115, 7},{2985, 8},{11120, 7},
{19368, 17},{23980, 7},{25273, 10},{25273, 10},{3781, 16},{15160, 17},{11572, 7},{23441, 4},{17145, 7},{26220, 1},
{23980, 7},{2984, 8},{25273, 10},{3781, 16},{4308, 7},{23441, 4},{17154, 7},{2983, 8},{23981, 7},{3229, 17},
{23441, 4},{23698, 17},{2988, 8},{25273, 10},{3781, 16},{11570, 7},{23987, 7},{2987, 8},{10393, 7},{6031, 17},
{25273, 10},{23441, 4},{17151, 7},{11564, 7},{3781, 16},{1685, 10},{1983, 17},{25273, 10},{3781, 16},{23529, 7},
{4352, 8},{25132, 7},{10127, 7},{5428, 7},{8204, 4},{5428, 7},{23527, 7},{5432, 7},{24585, 17},{25273, 10},
{8204, 4},{4351, 8},{3781, 16},{10123, 7},{8204, 4},{19489, 17},{11719, 7},{19603, 7},{3781, 16},{25273, 10},
{4350, 8},{16897, 7},{25132, 7},{4349, 8},{25273, 10},{23528, 7},{8204, 4},{8970, 7},{3781, 16},{12082, 17},
{8204, 4},{11516, 17},{20195, 1},{26371, 7},{25273, 10},{4348, 8},{3781, 16},{19606, 7},{25273, 10},{23528, 7},
{3781, 16},{25130, 7},{23523, 7},{13038, 17},{8204, 4},{16898, 7},{4347, 8},{5801, 17},{7672, 10},{24978, 8},
{3781, 16},{18682, 7},{12369, 3},{20713, 1},{1143, 4},{23665, 10},{8204, 4},{16904, 7},{19613, 7},{25273, 10},
{4345, 8},{3781, 16},{8546, 17},{9558, 1},{24081, 17},{2039, 3},{1143, 4},{7672, 10},{3781, 16},{5847, 0},
{1223, 10},{24976, 8},{5693, 7},{7672, 10},{12322, 3},{3781, 16},{20717, 1},{24975, 8},{1143, 4},{12645, 7},
{23665, 10},{24029, 17},{25423, 7},{9900, 17},{1143, 4},{24974, 8},{7672, 10},{3781, 16},{5041, 3},{2456, 1},
{5696, 7},{24973, 8},{2466, 1},{23665, 10},{1143, 4},{7672, 10},{3781, 16},{22918, 17},{18685, 7},{8184, 3},
{20712, 1},{1143, 4},{3781, 16},{2488, 7},{3318, 0},{1223, 10},{25428, 7},{16740, 3},{7672, 10},{18210, 8},
{7113, 17},{5694, 7},{7672, 10},{17608, 17},{3781, 16},{24971, 8},{1143, 4},{8916, 3},{23665, 10},{9553, 1},
{24839, 17},{16906, 7},{10123, 7},{25134, 7},{4342, 8},{25136, 7},{8204, 4},{25273, 10},{3781, 16},{3781, 16},
{18676, 7},{7672, 10},{2463, 1},{24969, 8},{19468, 3},{1143, 4},{15207, 17},{25273, 10},{3272, 7},{23515, 8},
{3371, 17},{3781, 16},{19857, 7},{12253, 4},{2761, 7},{3781, 16},{2755, 7},{14132, 17},{12253, 4},{25273, 10},
{23516, 8},{22396, 7},{19854, 7},{25273, 10},{23517, 8},{12253, 4},{7246, 7},{3781, 16},{23296, 17},{19852, 7},
{2762, 7},{2759, 7},{3781, 16},{23518, 8},{12253, 4},{25273, 10},{2757, 7},{22387, 7},{1492, 17},{19856, 7},
{25273, 10},{20880, 1},{21008, 8},{7246, 7},{5771, 17},{3781, 16},{12253, 4},{25273, 10},{8963, 8},{3781, 16},
{12253, 4},{16285, 7},{3266, 7},{8143, 17},{14179, 7},{2628, 1},{3781, 16},{7245, 7},{22462, 17},{12253, 4},
{22391, 7},{25273, 10},{23521, 8},{3267, 7},{16163, 17},{3272, 7},{7252, 7},{22387, 7},{3781, 16},{25273, 10},
{12253, 4},{23522, 8},{8980, 8},{3266, 7},{7245, 7},{25273, 10},{22392, 7},{23829, 17},{3781, 16},{12253, 4},
{16850, 17},{3267, 7},{14184, 7},{12253, 4},{25273, 10},{16285, 7},{8981, 8},{3781, 16},{4424, 10},{18787, 15},
{13013, 8},{4424, 10},{18787, 15},{13014, 8},{642, 15},{18787, 15},{13015, 8},{4424, 10},{4424, 10},{18787, 15},
{13016, 8},{4424, 10},{3165, 15},{18787, 15},{13017, 8},{18787, 15},{4424, 10},{13018, 8},{4424, 10},{6622, 15},
{13019, 8},{25951, 15},{18787, 15},{3172, 15},{18787, 15},{13020, 8},{4424, 10},{22845, 15},{18787, 15},{4424, 10},
{24884, 8},{1685, 10},{1685, 10},{4424, 10},{13019, 8},{22322, 15},{13020, 8},{22322, 15},{4424, 10},{22322, 15},
{13017, 8},{4424, 10},{4424, 10},{13018, 8},{22322, 15},{4424, 10},{18041, 15},{12263, 15},{13013, 8},{22322, 15},
{14582, 8},{16338, 3},{20040, 7},{3781, 16},{19195, 7},{21421, 17},{7672, 10},{10576, 4},{4131, 1},{7672, 10},
{7688, 0},{2170, 7},{2169, 7},{3781, 16},{7432, 3},{947, 17},{4129, 1},{14583, 8},{10576, 4},{1223, 10},
{13207, 7},{21185, 7},{14584, 8},{10656, 3},{25149, 17},{10576, 4},{3781, 16},{7089, 1},{7672, 10},{10576, 4},
{22723, 3},{7672, 10},{2170, 7},{14585, 8},{17306, 17},{3781, 16},{7091, 1},{23930, 3},{14586, 8},{20597, 0},
{7672, 10},{1223, 10},{10576, 4},{21187, 7},{7089, 1},{3781, 16},{18253, 17},{2173, 7},{3781, 16},{7672, 10},
{21756, 17},{3824, 3},{22911, 1},{14587, 8},{10576, 4},{20040, 7},{14588, 8},{3781, 16},{2050, 17},{20043, 7},
{7672, 10},{21183, 7},{23665, 10},{18945, 3},{10576, 4},{22911, 1},{23752, 17},{25925, 3},{1467, 7},{7093, 1},
{7672, 10},{7485, 7},{3781, 16},{14589, 8},{6929, 7},{10576, 4},{7672, 10},{4133, 1},{10576, 4},{1472, 7},
{19396, 17},{10656, 3},{3781, 16},{14592, 8},{3781, 16},{2168, 7},{20478, 3},{17791, 17},{4133, 1},{14593, 8},
{10576, 4},{7672, 10},{20045, 7},{1685, 10},{13020, 8},{12451, 15},{18455, 15},{4424, 10},{1928, 15},{12332, 15},
{12332, 15},{13019, 8},{4424, 10},{4424, 10},{13018, 8},{12332, 15},{4424, 10},{12332, 15},{13017, 8},{18458, 15},
{4424, 10},{3083, 15},{12332, 15},{13013, 8},{25236, 15},{4424, 10},{13018, 8},{14812, 15},{4424, 10},{13017, 8},
{18617, 15},{25236, 15},{13020, 8},{25236, 15},{4424, 10},{7877, 15},{25236, 15},{20694, 15},{4424, 10},{13019, 8},
{4967, 15},{13014, 8},{25236, 15},{4424, 10},{11876, 15},{13013, 8},{7871, 15},{25236, 15},{4424, 10},{13020, 8},
{4424, 10},{20314, 15},{18783, 15},{2473, 10},{11411, 8},{6220, 8},{2473, 10},{6215, 8},{2473, 10},{6214, 8},
{2473, 10},{2473, 10},{6213, 8},{2473, 10},{6212, 8},{6219, 8},{2473, 10},{2473, 10},{11383, 8},{2473, 10},
{6217, 8},{2473, 10},{6216, 8},{26015, 15},{11068, 15},{13016, 8},{4424, 10},{11068, 15},{4424, 10},{13015, 8},
{11068, 15},{4424, 10},{13014, 8},{4424, 10},{13013, 8},{11068, 15},{13020, 8},{11068, 15},{4424, 10},{13019, 8},
{4424, 10},{11068, 15},{9457, 15},{4424, 10},{14866, 15},{1547, 15},{6690, 8},{4424, 10},{11068, 15},{13017, 8},
{9457, 15},{8569, 15},{9434, 8},{4424, 10},{15686, 8},{9457, 15},{4424, 10},{18762, 8},{404, 15},{9457, 15},
{4424, 10},{4424, 10},{14486, 15},{18763, 8},{9706, 15},{9457, 15},{1546, 15},{18764, 8},{4424, 10},{9457, 15},
{4424, 10},{7111, 15},{18765, 8},{9457, 15},{4424, 10},{24886, 8},{11068, 15},{4424, 10},{676, 15},{24884, 8},
{11068, 15},{6690, 8},{10588, 15},{6380, 15},{4424, 10},{18762, 8},{6380, 15},{4424, 10},{17848, 15},{6380, 15},
{21395, 15},{4424, 10},{596, 15},{18763, 8},{4424, 10},{19479, 15},{10588, 15},{6380, 15},{9434, 8},{15686, 8},
{6380, 15},{17849, 15},{4424, 10},{3702, 15},{6380, 15},{4424, 10},{18766, 8},{18767, 8},{4424, 10},{6380, 15},
{4424, 10},{6380, 15},{18764, 8},{6380, 15},{18765, 8},{4424, 10},{598, 15},{13020, 8},{22262, 15},{19356, 15},
{4424, 10},{19356, 15},{4424, 10},{13019, 8},{13018, 8},{19356, 15},{4424, 10},{13017, 8},{4424, 10},{19356, 15},
{7406, 15},{13016, 8},{4424, 10},{19356, 15},{18578, 15},{13015, 8},{4424, 10},{19356, 15},{1685, 10},{13013, 8},
{19356, 15},{25299, 15},{4424, 10},{6690, 8},{12331, 15},{4424, 10},{25197, 15},{3083, 15},{4424, 10},{12331, 15},
{6692, 8},{18762, 8},{12331, 15},{4424, 10},{4424, 10},{12331, 15},{21391, 15},{18763, 8},{4424, 10},{9434, 8},
{12331, 15},{4424, 10},{12331, 15},{15686, 8},{25193, 15},{4424, 10},{18766, 8},{12331, 15},{4424, 10},{25194, 15},
{18767, 8},{12331, 15},{12331, 15},{4424, 10},{18764, 8},{21682, 15},{4424, 10},{12331, 15},{18765, 8},{1685, 10},
{18764, 8},{20086, 15},{4424, 10},{6283, 15},{24831, 15},{4424, 10},{7220, 15},{18767, 8},{18766, 8},{24831, 15},
{1539, 15},{4424, 10},{11776, 7},{6293, 7},{12232, 4},{3781, 16},{20517, 8},{8421, 17},{25273, 10},{20518, 8},
{12232, 4},{5530, 7},{25273, 10},{19924, 7},{22094, 17},{5533, 7},{3781, 16},{1685, 10},{15272, 4},{3781, 16},
{3775, 7},{17358, 7},{3773, 7},{1103, 17},{20522, 8},{25273, 10},{10857, 7},{15272, 4},{3781, 16},{897, 1},
{17816, 7},{10857, 7},{10840, 7},{20523, 8},{3775, 7},{25447, 17},{25273, 10},{20520, 8},{3781, 16},{25273, 10},
{19894, 7},{10857, 7},{16779, 17},{15272, 4},{17359, 7},{3781, 16},{3766, 7},{23458, 7},{15272, 4},{20521, 8},
{9876, 17},{25273, 10},{10549, 7},{20526, 8},{19571, 17},{17351, 7},{3781, 16},{3766, 7},{25273, 10},{15272, 4},
{17355, 7},{20588, 7},{10608, 17},{17327, 8},{16456, 7},{25273, 10},{3781, 16},{15272, 4},{23459, 7},{897, 1},
{16455, 7},{17356, 7},{20610, 7},{1887, 17},{3781, 16},{20524, 8},{25273, 10},{3769, 7},{15272, 4},{10551, 7},
{12462, 8},{25273, 10},{1442, 1},{10840, 7},{16451, 7},{16742, 17},{20623, 7},{15272, 4},{3781, 16},{10907, 17},
{3781, 16},{3771, 7},{3769, 7},{25273, 10},{20517, 8},{15272, 4},{16456, 7},{3781, 16},{20518, 8},{23463, 7},
{16456, 7},{960, 17},{25273, 10},{15272, 4},{1685, 10},{1685, 10},{20520, 8},{11778, 7},{3781, 16},{20696, 17},
{11777, 7},{7367, 7},{12232, 4},{25273, 10},{4424, 10},{6690, 8},{9552, 15},{1685, 10},{1685, 10},{1685, 10},
{13018, 8},{20866, 15},{21265, 15},{4424, 10},{13017, 8},{20866, 15},{4424, 10},{4424, 10},{20866, 15},{13020, 8},
{22369, 15},{17732, 15},{4424, 10},{13019, 8},{20866, 15},{4424, 10},{20866, 15},{13013, 8},{1685, 10},{1685, 10},
{7672, 10},{7835, 7},{371, 17},{3781, 16},{19954, 4},{1133, 7},{25792, 7},{14248, 3},{12519, 1},{21361, 8},
{7672, 10},{7836, 7},{3781, 16},{10844, 1},{21360, 8},{11418, 7},{22449, 17},{5400, 3},{19954, 4},{21366, 8},
{19954, 4},{20823, 7},{10846, 1},{3781, 16},{10283, 17},{7672, 10},{2181, 3},{19954, 4},{11420, 7},{6762, 17},
{7672, 10},{3781, 16},{21365, 8},{12657, 1},{14477, 3},{20820, 7},{867, 1},{24720, 3},{19954, 4},{21364, 8},
{7672, 10},{1127, 7},{3781, 16},{25796, 7},{228, 17},{19954, 4},{21363, 8},{10845, 1},{7834, 7},{7672, 10},
{3781, 16},{2449, 17},{23754, 3},{19954, 4},{22898, 3},{22577, 8},{864, 1},{11419, 7},{3781, 16},{26263, 17},
{7672, 10},{16697, 17},{19954, 4},{5277, 3},{21369, 8},{7672, 10},{7838, 7},{12519, 1},{3781, 16},{1120, 7},
{21368, 8},{19954, 4},{25799, 7},{4067, 17},{7672, 10},{13921, 3},{3781, 16},{864, 1},{25798, 7},{13294, 3},
{3781, 16},{21367, 8},{19954, 4},{7832, 7},{11415, 7},{23665, 10},{12516, 1},{20945, 17},{7672, 10},{2473, 10},
{6216, 8},{1685, 10},{10982, 15},{9434, 8},{5023, 15},{4424, 10},{22262, 15},{21110, 15},{5023, 15},{15686, 8},
{4424, 10},{1939, 15},{18762, 8},{8837, 15},{8885, 15},{5023, 15},{4424, 10},{4424, 10},{12334, 15},{18764, 8},
{18763, 8},{4424, 10},{12334, 15},{18088, 15},{18762, 8},{12334, 15},{4424, 10},{12334, 15},{15686, 8},{4424, 10},
{18765, 8},{20084, 15},{4424, 10},{9453, 15},{5486, 15},{12334, 15},{4424, 10},{24023, 15},{18080, 15},{6692, 8},
{6690, 8},{4424, 10},{12334, 15},{4424, 10},{9453, 15},{18766, 8},{4424, 10},{21116, 15},{5023, 15},{10988, 15},
{6690, 8},{4424, 10},{5023, 15},{8620, 15},{6692, 8},{7672, 10},{3781, 16},{8709, 3},{1530, 4},{15776, 7},
{17911, 17},{15450, 1},{433, 7},{436, 7},{24978, 8},{2573, 3},{15447, 1},{24977, 8},{1530, 4},{7672, 10},
{6942, 17},{433, 7},{3781, 16},{9453, 15},{18767, 8},{4424, 10},{7103, 15},{1530, 4},{12334, 1},{440, 7},
{9154, 17},{24970, 8},{1461, 3},{3781, 16},{7672, 10},{23665, 10},{9434, 8},{4424, 10},{9453, 15},{1530, 4},
{12329, 1},{18210, 8},{14075, 7},{3781, 16},{20155, 7},{23665, 10},{7672, 10},{4928, 3},{437, 7},{2193, 17},
{14077, 7},{15448, 1},{1530, 4},{15772, 7},{12683, 3},{24971, 8},{7672, 10},{3781, 16},{14074, 7},{3375, 17},
{23665, 10},{13146, 1},{25607, 3},{6507, 17},{7672, 10},{1530, 4},{15761, 7},{14074, 7},{3781, 16},{24974, 8},
{20152, 7},{1530, 4},{15452, 1},{7672, 10},{23665, 10},{24973, 8},{25334, 17},{3781, 16},{15775, 7},{4495, 3},
{24976, 8},{20155, 7},{7672, 10},{19244, 3},{26019, 0},{14073, 7},{1223, 10},{15183, 17},{7981, 1},{1530, 4},
{18173, 7},{3781, 16},{1530, 4},{12329, 1},{8346, 17},{1223, 10},{438, 7},{7141, 0},{3781, 16},{7672, 10},
{14671, 3},{24975, 8},{9303, 7},{25400, 7},{6332, 17},{7672, 10},{12232, 4},{9300, 7},{3781, 16},{20398, 1},
{9768, 3},{5034, 8},{4424, 10},{18762, 8},{9453, 15},{8145, 1},{7672, 10},{3781, 16},{23990, 17},{5005, 7},
{11923, 7},{11916, 7},{17755, 3},{23665, 10},{12232, 4},{18444, 8},{18059, 17},{5050, 8},{7672, 10},{5679, 7},
{8147, 1},{3781, 16},{17254, 3},{12232, 4},{5676, 7},{2241, 17},{18442, 8},{1223, 10},{5017, 1},{26134, 3},
{5530, 0},{12232, 4},{3781, 16},{7672, 10},{4424, 10},{9453, 15},{18763, 8},{8567, 15},{12232, 4},{21563, 3},
{5676, 7},{3781, 16},{18440, 8},{7672, 10},{5683, 7},{19356, 1},{25400, 7},{22135, 17},{23665, 10},{5018, 1},
{12505, 0},{7304, 3},{7672, 10},{18441, 8},{5681, 7},{12232, 4},{1223, 10},{3781, 16},{21295, 17},{12232, 4},
{5000, 7},{19358, 1},{5004, 7},{3781, 16},{1223, 10},{12507, 0},{7672, 10},{24803, 3},{15624, 17},{5684, 7},
{17127, 8},{7672, 10},{19922, 0},{249, 3},{5006, 7},{1223, 10},{3781, 16},{7502, 17},{5001, 7},{5044, 8},
{12232, 4},{20395, 1},{22285, 8},{21228, 17},{25273, 10},{15066, 4},{3781, 16},{22646, 7},{8564, 7},{25126, 10},
{26312, 8},{26313, 8},{25126, 10},{25273, 10},{7009, 7},{19627, 8},{19583, 7},{3781, 16},{1143, 4},{23047, 17},
{25126, 10},{17343, 8},{25608, 8},{25126, 10},{1052, 8},{25126, 10},{25126, 10},{20795, 8},{25126, 10},{25621, 8},
{25623, 8},{25126, 10},{25626, 8},{25126, 10},{17453, 8},{25126, 10},{6593, 8},{25126, 10},{25126, 10},{6594, 8},
{25126, 10},{13831, 8},{25126, 10},{13833, 8},{25126, 10},{13829, 8},{25126, 10},{6590, 8},{6587, 8},{25126, 10},
{6588, 8},{25126, 10},{6596, 8},{25126, 10},{6597, 8},{25126, 10},{902, 1},{3781, 16},{23465, 7},{17355, 7},
{20610, 7},{10754, 8},{25273, 10},{17356, 7},{22826, 17},{15272, 4},{3781, 16},{16449, 7},{15272, 4},{25273, 10},
{17357, 7},{23464, 7},{10755, 8},{2081, 17},{10750, 8},{3781, 16},{13880, 17},{25273, 10},{16449, 7},{3770, 7},
{15272, 4},{17353, 7},{23461, 7},{10751, 8},{3769, 7},{3774, 7},{1445, 1},{23459, 7},{15731, 17},{3781, 16},
{25273, 10},{15272, 4},{10549, 7},{25273, 10},{10748, 8},{15272, 4},{3781, 16},{14436, 17},{17357, 7},{23464, 7},
{3775, 7},{18606, 17},{16455, 7},{10749, 8},{17816, 7},{3781, 16},{15272, 4},{25273, 10},{7064, 17},{10746, 8},
{3781, 16},{23465, 7},{10549, 7},{10876, 7},{15272, 4},{25273, 10},{10747, 8},{23458, 7},{25273, 10},{24031, 17},
{17357, 7},{3781, 16},{1447, 1},{19894, 7},{15272, 4},{10744, 8},{15272, 4},{25273, 10},{4884, 17},{17354, 7},
{10854, 7},{3781, 16},{15272, 4},{10745, 8},{12019, 17},{17352, 7},{25273, 10},{3781, 16},{17263, 1},{10551, 7},
{4424, 10},{14306, 15},{6690, 8},{7269, 15},{4424, 10},{8601, 15},{21108, 15},{13013, 8},{7269, 15},{4424, 10},
{13020, 8},{7269, 15},{13019, 8},{4424, 10},{4424, 10},{13018, 8},{7269, 15},{7269, 15},{4424, 10},{2175, 15},
{13017, 8},{15722, 15},{10175, 15},{14306, 15},{18764, 8},{4424, 10},{4424, 10},{18765, 8},{14306, 15},{14306, 15},
{4424, 10},{18766, 8},{12501, 15},{14306, 15},{18767, 8},{4424, 10},{11775, 15},{10175, 15},{14306, 15},{4424, 10},
{9434, 8},{18531, 15},{4424, 10},{19305, 15},{15686, 8},{14306, 15},{14306, 15},{21076, 15},{18762, 8},{4424, 10},
{18763, 8},{14306, 15},{4424, 10},{8204, 4},{218, 3},{2699, 7},{3781, 16},{9392, 7},{8491, 8},{20199, 1},
{7672, 10},{11651, 17},{7672, 10},{25070, 17},{8490, 8},{17772, 3},{22337, 7},{3781, 16},{1197, 1},{8204, 4},
{13080, 3},{22463, 17},{8489, 8},{3781, 16},{20192, 1},{2699, 7},{8204, 4},{7672, 10},{7672, 10},{20214, 7},
{3781, 16},{20198, 1},{8488, 8},{8204, 4},{24141, 3},{1223, 10},{14028, 17},{8970, 0},{15250, 17},{8204, 4},
{8487, 8},{10298, 3},{22338, 7},{14685, 1},{7672, 10},{3781, 16},{23665, 10},{8204, 4},{9203, 7},{3781, 16},
{7672, 10},{14680, 1},{3224, 17},{8720, 3},{8486, 8},{3781, 16},{10538, 3},{8204, 4},{8485, 8},{13430, 1},
{1198, 7},{13703, 17},{7672, 10},{20201, 1},{8484, 8},{8204, 4},{7672, 10},{9197, 7},{22335, 7},{23665, 10},
{21846, 3},{8023, 17},{3781, 16},{20209, 7},{7672, 10},{12815, 3},{20866, 1},{3781, 16},{8204, 4},{4600, 17},
{1223, 10},{10125, 0},{8483, 8},{22336, 7},{8482, 8},{10126, 0},{3781, 16},{1223, 10},{1141, 17},{7672, 10},
{8204, 4},{14688, 1},{13531, 3},{9398, 7},{10096, 7},{25273, 10},{22324, 17},{26344, 7},{10099, 7},{3781, 16},
{1143, 4},{19626, 8},{4424, 10},{18765, 8},{15845, 15},{1547, 15},{23059, 15},{4424, 10},{18764, 8},{23059, 15},
{23059, 15},{18767, 8},{4424, 10},{13313, 15},{23059, 15},{4424, 10},{18766, 8},{23059, 15},{4424, 10},{15686, 8},
{8573, 15},{23059, 15},{4424, 10},{9434, 8},{18763, 8},{23059, 15},{4424, 10},{18762, 8},{1544, 15},{4424, 10},
{23059, 15},{1543, 15},{6692, 8},{23059, 15},{4424, 10},{6690, 8},{23059, 15},{4424, 10},{1301, 15},{18766, 8},
{4424, 10},{18767, 8},{4424, 10},{1301, 15},{1301, 15},{4424, 10},{18764, 8},{1685, 10},{1685, 10},{1685, 10},
{5607, 7},{11995, 17},{9339, 1},{13175, 4},{23665, 10},{21731, 3},{25780, 7},{7578, 8},{3781, 16},{7672, 10},
{7639, 17},{18783, 1},{7672, 10},{7579, 8},{3781, 16},{10936, 7},{4156, 3},{10931, 7},{11445, 7},{13175, 4},
{7576, 8},{10939, 7},{13175, 4},{11445, 7},{25267, 0},{3781, 16},{4642, 3},{1223, 10},{5154, 17},{7672, 10},
{9135, 1},{23716, 17},{7577, 8},{7672, 10},{18785, 1},{5607, 7},{3781, 16},{13175, 4},{2889, 3},{7574, 8},
{3781, 16},{25780, 7},{25831, 7},{15807, 7},{7929, 17},{7672, 10},{9051, 3},{18783, 1},{13175, 4},{10936, 7},
{11441, 7},{13175, 4},{23665, 10},{7035, 3},{117, 17},{3932, 1},{7575, 8},{3781, 16},{11446, 7},{7672, 10},
{3459, 7},{3929, 1},{6756, 3},{7572, 8},{21069, 0},{7672, 10},{13175, 4},{24700, 17},{3781, 16},{1223, 10},
{17476, 7},{3781, 16},{13082, 3},{7672, 10},{13175, 4},{18791, 1},{21984, 17},{7573, 8},{10938, 7},{7672, 10},
{17423, 3},{23665, 10},{13710, 7},{10934, 7},{10414, 17},{13175, 4},{7582, 8},{18781, 1},{3781, 16},{7583, 8},
{9141, 1},{11448, 7},{23665, 10},{23734, 3},{3459, 7},{7672, 10},{10938, 7},{13175, 4},{3781, 16},{19190, 17},
{1685, 10},{1685, 10},{1685, 10},{1685, 10},{1685, 10},{15686, 8},{9554, 15},{4424, 10},{25314, 4},{22309, 7},
{4713, 7},{25273, 10},{18553, 8},{8135, 7},{4167, 17},{3781, 16},{10180, 17},{18552, 8},{22300, 7},{24385, 7},
{22307, 7},{4714, 7},{3781, 16},{3156, 1},{25314, 4},{25273, 10},{25522, 17},{18544, 8},{3781, 16},{16140, 7},
{4709, 7},{25273, 10},{25314, 4},{25273, 10},{24381, 7},{16150, 7},{15471, 17},{3781, 16},{25314, 4},{18543, 8},
{1904, 7},{18546, 8},{8129, 7},{22303, 7},{13523, 17},{3781, 16},{4713, 7},{22301, 7},{25314, 4},{25273, 10},
{25273, 10},{16141, 7},{25314, 4},{3781, 16},{4370, 1},{18545, 8},{24388, 7},{22302, 7},{26284, 17},{25314, 4},
{4713, 7},{4707, 7},{25273, 10},{4708, 7},{16141, 7},{18548, 8},{3781, 16},{7937, 17},{4372, 1},{4707, 7},
{3781, 16},{24384, 7},{25273, 10},{13461, 17},{25314, 4},{18547, 8},{10974, 17},{3781, 16},{5495, 8},{24380, 7},
{25273, 10},{25314, 4},{16142, 7},{16141, 7},{25314, 4},{18549, 8},{24306, 17},{16146, 7},{3781, 16},{25273, 10},
{16140, 7},{8135, 7},{7672, 10},{23665, 10},{9556, 1},{16339, 8},{1143, 4},{18682, 7},{22721, 17},{3781, 16},
{15182, 3},{25423, 7},{12645, 7},{23665, 10},{2488, 7},{3781, 16},{1143, 4},{7672, 10},{9556, 1},{16408, 3},
{16337, 8},{17671, 17},{12652, 7},{5695, 7},{9554, 1},{3781, 16},{1143, 4},{5696, 7},{25426, 7},{7672, 10},
{16344, 8},{3045, 3},{3461, 17},{21298, 17},{20719, 1},{7672, 10},{25422, 7},{3781, 16},{19919, 3},{16342, 8},
{1143, 4},{25423, 7},{9814, 3},{7672, 10},{25424, 7},{1143, 4},{18681, 7},{12801, 17},{2460, 1},{3781, 16},
{14277, 8},{3030, 17},{1143, 4},{25422, 7},{2889, 3},{1223, 10},{16332, 8},{9557, 1},{7672, 10},{3781, 16},
{5697, 7},{10094, 0},{12645, 7},{1143, 4},{25424, 7},{4845, 17},{23665, 10},{16336, 8},{7672, 10},{3781, 16},
{10951, 3},{2460, 1},{18683, 7},{3781, 16},{5842, 3},{7009, 0},{25423, 7},{16334, 8},{1143, 4},{7672, 10},
{20716, 1},{5699, 7},{22526, 17},{1223, 10},{9554, 1},{18018, 3},{2705, 8},{23268, 17},{3781, 16},{13033, 7},
{25422, 7},{7672, 10},{1143, 4},{23665, 10},{1143, 4},{2704, 8},{932, 3},{25422, 7},{12652, 7},{2455, 1},
{3781, 16},{7672, 10},{23665, 10},{2446, 17},{4424, 10},{3161, 15},{6692, 8},{3161, 15},{4424, 10},{19303, 15},
{6690, 8},{12333, 15},{4424, 10},{6690, 8},{4424, 10},{25192, 15},{8276, 15},{12333, 15},{6692, 8},{25197, 15},
{4424, 10},{12333, 15},{9434, 8},{21388, 15},{21608, 15},{12333, 15},{15686, 8},{4424, 10},{23768, 15},{18762, 8},
{12333, 15},{4424, 10},{4424, 10},{16926, 15},{18763, 8},{12333, 15},{12460, 15},{12333, 15},{18764, 8},{4424, 10},
{3161, 15},{4424, 10},{18762, 8},{3161, 15},{4424, 10},{15686, 8},{3161, 15},{9434, 8},{4171, 15},{4424, 10},
{4424, 10},{18765, 8},{4117, 15},{11210, 17},{12508, 7},{7365, 7},{8510, 8},{25273, 10},{12506, 7},{12232, 4},
{3781, 16},{8620, 15},{5019, 15},{18766, 8},{15509, 15},{10242, 15},{4424, 10},{15518, 15},{5019, 15},{18578, 15},
{18767, 8},{4424, 10},{15686, 8},{4424, 10},{4117, 15},{9434, 8},{4424, 10},{25175, 15},{7679, 15},{4117, 15},
{4424, 10},{18762, 8},{5019, 15},{4117, 15},{18762, 8},{4424, 10},{17852, 15},{7687, 15},{12509, 7},{7362, 7},
{17793, 8},{6316, 7},{3781, 16},{5756, 17},{6310, 7},{12232, 4},{25273, 10},{5533, 7},{16792, 17},{25273, 10},
{6293, 7},{12232, 4},{3781, 16},{17807, 8},{12232, 4},{17776, 8},{22375, 17},{3781, 16},{25273, 10},{5527, 7},
{11774, 7},{11778, 7},{17790, 8},{11778, 7},{3781, 16},{23828, 17},{12232, 4},{25273, 10},{7366, 7},{3781, 16},
{17754, 8},{11776, 7},{24635, 17},{12232, 4},{12503, 7},{25273, 10},{19922, 7},{12508, 7},{25273, 10},{12503, 7},
{466, 8},{12232, 4},{3781, 16},{13628, 17},{14360, 15},{18762, 8},{4424, 10},{26146, 15},{21405, 8},{5529, 7},
{25273, 10},{11776, 7},{14302, 7},{8344, 17},{3781, 16},{12232, 4},{541, 7},{25273, 10},{20238, 7},{19986, 17},
{23975, 4},{1812, 8},{8688, 7},{3781, 16},{25273, 10},{23975, 4},{8690, 7},{705, 17},{6279, 1},{1811, 8},
{3781, 16},{543, 7},{1814, 8},{16258, 7},{20237, 7},{8060, 17},{8685, 7},{3781, 16},{23975, 4},{25273, 10},
{5802, 17},{1813, 8},{25273, 10},{20234, 7},{535, 7},{539, 7},{23975, 4},{3781, 16},{24363, 1},{7162, 7},
{19933, 17},{3781, 16},{20234, 7},{10970, 8},{20240, 7},{20233, 7},{25273, 10},{23975, 4},{20241, 7},{22095, 17},
{8692, 7},{1815, 8},{8690, 7},{3781, 16},{23975, 4},{8685, 7},{25273, 10},{25273, 10},{16255, 7},{8600, 17},
{23975, 4},{3781, 16},{7161, 7},{1818, 8},{23792, 7},{16599, 7},{7672, 10},{8487, 8},{7274, 1},{25254, 3},
{2360, 17},{23665, 10},{16942, 7},{15066, 4},{3781, 16},{25273, 10},{23975, 4},{1810, 8},{20237, 7},{3781, 16},
{25159, 17},{7158, 7},{25273, 10},{536, 7},{1809, 8},{4839, 17},{3781, 16},{16262, 7},{8689, 7},{20239, 7},
{23975, 4},{1685, 10},{18764, 8},{4424, 10},{5517, 15},{19281, 15},{11086, 15},{16511, 8},{25126, 10},{16512, 8},
{25126, 10},{25126, 10},{16502, 8},{25126, 10},{16503, 8},{16504, 8},{25126, 10},{25126, 10},{16505, 8},{16506, 8},
{25126, 10},{25126, 10},{16507, 8},{16508, 8},{25126, 10},{1223, 10},{22651, 0},{3450, 1},{11659, 17},{7254, 3},
{8491, 8},{15066, 4},{3781, 16},{7672, 10},{16602, 7},{16947, 7},{15686, 8},{4424, 10},{11086, 15},{11086, 15},
{4424, 10},{9434, 8},{9585, 15},{1685, 10},{1685, 10},{4424, 10},{13017, 8},{5019, 15},{21485, 15},{1937, 15},
{5019, 15},{13018, 8},{4424, 10},{14356, 15},{5019, 15},{10990, 15},{4424, 10},{13019, 8},{13020, 8},{4424, 10},
{5019, 15},{5019, 15},{4424, 10},{13013, 8},{1685, 10},{1685, 10},{17573, 7},{25273, 10},{13175, 4},{3781, 16},
{22799, 7},{13258, 8},{7938, 17},{18529, 7},{22795, 7},{25240, 15},{4424, 10},{13014, 8},{14817, 15},{25240, 15},
{4424, 10},{13013, 8},{4424, 10},{13016, 8},{25240, 15},{13015, 8},{4424, 10},{25240, 15},{13018, 8},{4424, 10},
{25240, 15},{13017, 8},{4424, 10},{25240, 15},{25240, 15},{4424, 10},{13020, 8},{25240, 15},{13019, 8},{4424, 10},
{25273, 10},{12868, 7},{3781, 16},{10576, 4},{22285, 8},{12435, 7},{5454, 7},{1522, 17},{8286, 7},{25273, 10},
{5451, 7},{25169, 7},{3781, 16},{10576, 4},{15820, 17},{22286, 8},{12868, 7},{25273, 10},{11250, 17},{7694, 7},
{10576, 4},{5457, 7},{7691, 7},{12434, 7},{22287, 8},{3781, 16},{4129, 1},{10576, 4},{3781, 16},{25273, 10},
{1825, 17},{5455, 7},{8286, 7},{10676, 7},{1808, 8},{7693, 7},{22912, 1},{14852, 17},{10576, 4},{3781, 16},
{10679, 7},{5450, 7},{25273, 10},{20597, 7},{12435, 7},{22289, 8},{10576, 4},{22290, 8},{25273, 10},{4131, 1},
{15410, 17},{3781, 16},{12427, 7},{25168, 7},{12424, 7},{25273, 10},{3781, 16},{10576, 4},{12425, 7},{4133, 1},
{22291, 8},{25171, 7},{213, 17},{16398, 17},{15039, 7},{25273, 10},{25116, 1},{20593, 7},{10576, 4},{22292, 8},
{3781, 16},{5460, 7},{5456, 7},{25273, 10},{1774, 8},{25230, 17},{3781, 16},{4133, 1},{20592, 7},{10576, 4},
{5452, 7},{7685, 7},{22278, 8},{7685, 7},{17577, 17},{3781, 16},{7694, 7},{25169, 7},{10664, 7},{10576, 4},
{25273, 10},{4424, 10},{18762, 8},{7192, 15},{14816, 15},{14811, 15},{18763, 8},{4424, 10},{7192, 15},{4424, 10},
{7192, 15},{18613, 15},{9434, 8},{11876, 15},{15686, 8},{7192, 15},{4424, 10},{4424, 10},{7192, 15},{18766, 8},
{7192, 15},{18767, 8},{4424, 10},{7192, 15},{18764, 8},{4424, 10},{1014, 15},{4424, 10},{18765, 8},{7192, 15},
{6690, 8},{4424, 10},{7192, 15},{6692, 8},{4424, 10},{7192, 15},{21249, 7},{7826, 7},{15066, 4},{3542, 8},
{8562, 7},{25273, 10},{20955, 17},{3781, 16},{3781, 16},{18632, 17},{15066, 4},{2642, 7},{22591, 8},{9041, 7},
{25273, 10},{22644, 7},{15066, 4},{3781, 16},{25273, 10},{8565, 7},{2653, 7},{848, 17},{22586, 8},{14868, 7},
{7826, 7},{25273, 10},{2653, 7},{3781, 16},{22648, 7},{22587, 8},{15066, 4},{6945, 17},{17821, 8},{402, 7},
{25273, 10},{2514, 17},{14856, 7},{15852, 7},{15066, 4},{3781, 16},{14861, 7},{22136, 17},{22585, 8},{15066, 4},
{14854, 7},{15854, 7},{3781, 16},{25273, 10},{8562, 7},{14854, 7},{22582, 8},{7817, 7},{6359, 17},{3781, 16},
{15066, 4},{25273, 10},{15853, 7},{15066, 4},{18631, 17},{3781, 16},{2640, 7},{20918, 8},{8558, 7},{25273, 10},
{7271, 1},{3781, 16},{7818, 7},{14840, 17},{22580, 8},{25273, 10},{15066, 4},{2642, 7},{22581, 8},{21249, 7},
{3781, 16},{15066, 4},{15855, 7},{25273, 10},{14071, 17},{18766, 8},{6227, 15},{4424, 10},{26014, 15},{6227, 15},
{4424, 10},{18767, 8},{18764, 8},{6227, 15},{4424, 10},{595, 15},{13017, 8},{4118, 15},{4424, 10},{18431, 15},
{13018, 8},{4118, 15},{4424, 10},{6690, 8},{9469, 15},{4424, 10},{4424, 10},{9469, 15},{6692, 8},{9469, 15},
{11876, 15},{18764, 8},{4424, 10},{9469, 15},{4424, 10},{18765, 8},{18766, 8},{9469, 15},{4424, 10},{4474, 15},
{4638, 15},{18767, 8},{9469, 15},{4973, 15},{4424, 10},{9469, 15},{4424, 10},{1012, 15},{9434, 8},{4424, 10},
{9469, 15},{15686, 8},{4424, 10},{18762, 8},{9469, 15},{1012, 15},{12961, 15},{4973, 15},{20694, 15},{18763, 8},
{14815, 15},{4964, 15},{9469, 15},{4424, 10},{13017, 8},{18533, 15},{4424, 10},{17607, 15},{3152, 15},{17630, 15},
{22330, 15},{4424, 10},{18763, 8},{21716, 15},{12262, 15},{9964, 15},{4424, 10},{9434, 8},{15111, 15},{21727, 15},
{22330, 15},{3152, 15},{4175, 15},{13020, 8},{4424, 10},{18766, 8},{18359, 15},{22330, 15},{4424, 10},{4424, 10},
{22330, 15},{18248, 15},{18767, 8},{4424, 10},{22330, 15},{18764, 8},{22330, 15},{4424, 10},{18765, 8},{6690, 8},
{22330, 15},{4424, 10},{12262, 15},{22330, 15},{6692, 8},{4424, 10},{986, 15},{4424, 10},{7273, 15},{18762, 8},
{3781, 16},{6478, 17},{12232, 4},{7363, 7},{907, 8},{25273, 10},{12505, 7},{5533, 7},{25273, 10},{3781, 16},
{6310, 7},{5370, 8},{12500, 7},{12232, 4},{17610, 7},{4531, 17},{7369, 7},{12232, 4},{3781, 16},{12505, 7},
{19925, 7},{916, 8},{18139, 17},{25273, 10},{18157, 17},{6300, 7},{12232, 4},{917, 8},{3781, 16},{25273, 10},
{12509, 7},{914, 8},{3781, 16},{17620, 7},{25273, 10},{12507, 7},{12232, 4},{7362, 7},{4461, 17},{5397, 8},
{6300, 7},{12575, 17},{25273, 10},{19923, 7},{12232, 4},{7475, 7},{3781, 16},{3781, 16},{19927, 7},{5527, 7},
{912, 8},{25273, 10},{6310, 7},{12232, 4},{10816, 17},{11778, 7},{3781, 16},{5531, 7},{14305, 7},{25273, 10},
{12508, 7},{7363, 7},{7580, 17},{12232, 4},{913, 8},{12232, 4},{12355, 17},{17610, 7},{19923, 7},{3781, 16},
{910, 8},{25273, 10},{19922, 7},{911, 8},{25603, 17},{5529, 7},{25273, 10},{12232, 4},{5528, 7},{6300, 7},
{3781, 16},{3781, 16},{17726, 8},{22443, 17},{25273, 10},{7685, 7},{10676, 7},{10576, 4},{1685, 10},{7273, 15},
{18765, 8},{4424, 10},{6698, 15},{13616, 15},{9566, 7},{1864, 17},{3781, 16},{26021, 7},{19291, 7},{13462, 8},
{1530, 4},{19293, 7},{25273, 10},{26023, 7},{19293, 7},{25273, 10},{3781, 16},{1530, 4},{11869, 8},{14853, 17},
{9568, 7},{19625, 8},{1530, 4},{12334, 1},{3781, 16},{25273, 10},{19295, 7},{19186, 17},{19624, 8},{7141, 7},
{12330, 1},{7150, 7},{3781, 16},{1530, 4},{25273, 10},{3468, 17},{7370, 7},{3781, 16},{1530, 4},{7147, 7},
{15457, 1},{11819, 8},{25219, 7},{25273, 10},{2049, 17},{19217, 17},{11816, 8},{25273, 10},{19292, 7},{1530, 4},
{9568, 7},{25225, 7},{12483, 7},{3781, 16},{19629, 8},{1530, 4},{7147, 7},{12483, 7},{12484, 7},{25273, 10},
{1207, 17},{3781, 16},{25273, 10},{12491, 7},{15135, 17},{7144, 7},{19628, 8},{3781, 16},{1530, 4},{5502, 7},
{25273, 10},{12333, 1},{20638, 17},{26016, 7},{19627, 8},{25219, 7},{26012, 7},{1530, 4},{3781, 16},{3781, 16},
{12482, 7},{1530, 4},{15174, 17},{19626, 8},{25273, 10},{5505, 7},{7268, 15},{4424, 10},{4255, 15},{13015, 8},
{7268, 15},{15721, 15},{4424, 10},{13016, 8},{13013, 8},{7268, 15},{4424, 10},{13617, 15},{13014, 8},{4424, 10},
{7268, 15},{20907, 15},{4424, 10},{3044, 15},{14340, 15},{13019, 8},{7268, 15},{7268, 15},{13020, 8},{4424, 10},
{21102, 15},{4424, 10},{986, 15},{7268, 15},{13017, 8},{13018, 8},{7268, 15},{4424, 10},{7268, 15},{4424, 10},
{24884, 8},{1685, 10},{4881, 13},{15905, 3},{12505, 9},{16375, 12},{15323, 10},{3781, 16},{13951, 17},{12504, 9},
{8467, 8},{12232, 2},{5001, 9},{3781, 16},{12506, 9},{12232, 2},{25941, 3},{5002, 9},{379, 12},{12507, 9},
{18179, 17},{8481, 8},{4999, 9},{14266, 13},{15323, 10},{4424, 10},{18763, 8},{10848, 15},{9758, 15},{18762, 8},
{10848, 15},{4424, 10},{10848, 15},{15686, 8},{4424, 10},{13354, 15},{9434, 8},{17681, 15},{4424, 10},{10848, 15},
{18767, 8},{4424, 10},{10848, 15},{4424, 10},{18766, 8},{10848, 15},{9754, 15},{10848, 15},{4424, 10},{18765, 8},
{23725, 15},{13351, 15},{4424, 10},{18764, 8},{10848, 15},{6692, 8},{4424, 10},{10848, 15},{3018, 15},{4424, 10},
{10848, 15},{6690, 8},{23949, 15},{9434, 8},{4424, 10},{24494, 15},{15686, 8},{23949, 15},{4424, 10},{20358, 15},
{20354, 15},{23949, 15},{18762, 8},{4424, 10},{23949, 15},{4424, 10},{26010, 15},{18763, 8},{4424, 10},{18764, 8},
{23949, 15},{5510, 15},{23505, 15},{23949, 15},{4424, 10},{18765, 8},{18766, 8},{23949, 15},{4424, 10},{18767, 8},
{19283, 15},{4424, 10},{23949, 15},{16994, 15},{6690, 8},{23949, 15},{26014, 15},{4424, 10},{4424, 10},{6692, 8},
{23949, 15},{1685, 10},{1685, 10},{632, 15},{20115, 15},{869, 15},{13013, 8},{9763, 15},{4424, 10},{13203, 15},
{23851, 15},{13013, 8},{4424, 10},{24752, 4},{12024, 7},{6924, 7},{20518, 8},{14128, 17},{25273, 10},{3781, 16},
{4424, 10},{13018, 8},{869, 15},{869, 15},{4424, 10},{13019, 8},{4424, 10},{13020, 8},{869, 15},{17327, 8},
{24752, 4},{5106, 7},{25273, 10},{12026, 7},{3781, 16},{18952, 7},{13364, 17},{18953, 7},{20526, 8},{24752, 4},
{5101, 7},{1358, 7},{3781, 16},{1359, 7},{25273, 10},{18959, 7},{14574, 17},{5103, 7},{3781, 16},{14250, 7},
{7298, 17},{25273, 10},{12462, 8},{24752, 4},{3311, 17},{25273, 10},{24752, 4},{1357, 7},{20524, 8},{6923, 7},
{12022, 7},{3781, 16},{25273, 10},{20523, 8},{3781, 16},{14257, 7},{14249, 7},{6930, 7},{22096, 17},{24752, 4},
{14250, 7},{20522, 8},{3781, 16},{24752, 4},{6934, 17},{25273, 10},{14254, 7},{1357, 7},{12029, 7},{20521, 8},
{12025, 7},{3781, 16},{24752, 4},{16985, 7},{25273, 10},{20061, 17},{10599, 17},{4124, 1},{1363, 7},{3781, 16},
{18955, 7},{25273, 10},{20520, 8},{24752, 4},{22792, 7},{11767, 7},{13175, 4},{20973, 17},{17573, 7},{25269, 7},
{25273, 10},{1809, 8},{3781, 16},{3781, 16},{1810, 8},{18529, 7},{25273, 10},{22801, 7},{22793, 7},{13175, 4},
{19182, 17},{11764, 7},{3781, 16},{2071, 17},{22800, 7},{11767, 7},{25273, 10},{13175, 4},{1817, 8},{13175, 4},
{21068, 7},{19806, 7},{6718, 17},{18524, 7},{1818, 8},{18788, 1},{25273, 10},{3781, 16},{17573, 7},{13487, 17},
{13175, 4},{1815, 8},{3781, 16},{21068, 7},{25273, 10},{11762, 7},{9342, 1},{25266, 7},{10970, 8},{3781, 16},
{18524, 7},{21066, 7},{13175, 4},{25273, 10},{1905, 17},{25273, 10},{3781, 16},{21069, 7},{11768, 7},{25871, 17},
{22796, 7},{1813, 8},{13175, 4},{22801, 7},{3781, 16},{22793, 7},{13175, 4},{1814, 8},{22799, 7},{2474, 17},
{25273, 10},{13175, 4},{20658, 7},{24955, 17},{22158, 7},{1811, 8},{25273, 10},{3781, 16},{11766, 7},{18525, 7},
{22797, 7},{25273, 10},{13175, 4},{1812, 8},{3781, 16},{19028, 17},{1685, 10},{15272, 4},{6742, 8},{16455, 7},
{3771, 7},{20623, 7},{25273, 10},{3781, 16},{1659, 17},{13020, 8},{13203, 15},{4424, 10},{16190, 17},{25132, 7},
{3781, 16},{3878, 8},{25273, 10},{25139, 7},{16900, 7},{8204, 4},{10121, 7},{10124, 7},{3877, 8},{3781, 16},
{8204, 4},{21196, 17},{23519, 7},{25273, 10},{19602, 7},{17794, 17},{11722, 7},{25273, 10},{16900, 7},{10129, 7},
{8204, 4},{23523, 7},{3781, 16},{3876, 8},{3875, 8},{25133, 7},{25273, 10},{8204, 4},{20201, 1},{10128, 7},
{16902, 7},{11588, 17},{3781, 16},{10130, 7},{8970, 7},{8204, 4},{3874, 8},{25273, 10},{5435, 7},{3781, 16},
{23523, 7},{16907, 7},{13646, 17},{1481, 17},{16904, 7},{8204, 4},{3781, 16},{25273, 10},{10124, 7},{3873, 8},
{25273, 10},{10126, 7},{16906, 7},{25136, 7},{25523, 17},{23528, 7},{8204, 4},{3781, 16},{3872, 8},{3781, 16},
{8204, 4},{3871, 8},{23526, 7},{25273, 10},{25130, 7},{802, 17},{20192, 1},{11719, 7},{3781, 16},{3870, 8},
{19604, 7},{8204, 4},{25273, 10},{2098, 17},{5435, 7},{3781, 16},{8204, 4},{25138, 7},{5433, 7},{13528, 17},
{25273, 10},{3869, 8},{25273, 10},{7248, 7},{7249, 7},{22329, 1},{12253, 4},{3124, 17},{3270, 7},{3781, 16},
{15467, 8},{14174, 7},{2764, 7},{2756, 7},{22387, 7},{15468, 8},{22395, 7},{12253, 4},{1635, 17},{2628, 1},
{3781, 16},{25273, 10},{15469, 8},{3781, 16},{7249, 7},{5827, 17},{20882, 1},{2763, 7},{12253, 4},{25273, 10},
{3781, 16},{25273, 10},{7968, 17},{12253, 4},{3275, 7},{15470, 8},{22392, 7},{22388, 7},{22392, 7},{9418, 1},
{12253, 4},{11052, 17},{3781, 16},{25273, 10},{7242, 7},{15463, 8},{25273, 10},{19857, 7},{19139, 1},{12253, 4},
{15464, 8},{2758, 7},{23968, 17},{3781, 16},{3277, 7},{3277, 7},{14177, 7},{25273, 10},{3781, 16},{20887, 1},
{7251, 7},{12253, 4},{13170, 17},{15465, 8},{2763, 7},{6411, 17},{6165, 8},{3273, 7},{25273, 10},{12253, 4},
{22392, 7},{3781, 16},{19852, 7},{15460, 8},{7620, 17},{12253, 4},{19849, 7},{7241, 7},{25273, 10},{22387, 7},
{3781, 16},{3781, 16},{12253, 4},{19856, 7},{13689, 8},{12068, 17},{25273, 10},{3266, 7},{4424, 10},{13017, 8},
{10179, 15},{3156, 15},{6692, 8},{1449, 15},{10438, 15},{4424, 10},{3636, 15},{22941, 15},{1449, 15},{4424, 10},
{6690, 8},{1449, 15},{4424, 10},{18763, 8},{1449, 15},{18762, 8},{4424, 10},{4424, 10},{1449, 15},{15686, 8},
{3914, 15},{1449, 15},{7556, 15},{9434, 8},{4424, 10},{1449, 15},{4424, 10},{18767, 8},{3638, 15},{4424, 10},
{18766, 8},{1449, 15},{1449, 15},{4424, 10},{18765, 8},{10433, 15},{1449, 15},{4424, 10},{7556, 15},{18764, 8},
{25273, 10},{14863, 17},{4705, 7},{25314, 4},{7977, 1},{3781, 16},{2734, 8},{16143, 7},{2733, 8},{25273, 10},
{3781, 16},{22301, 7},{8134, 7},{22306, 7},{5938, 17},{25314, 4},{25273, 10},{3781, 16},{16150, 7},{8132, 7},
{2724, 8},{19226, 17},{25314, 4},{25314, 4},{16143, 7},{6789, 17},{2723, 8},{24383, 7},{3781, 16},{25273, 10},
{8135, 7},{5879, 17},{8127, 7},{2722, 8},{8126, 7},{3781, 16},{25273, 10},{25314, 4},{4708, 7},{2721, 8},
{25273, 10},{16150, 7},{3781, 16},{17815, 17},{25314, 4},{2728, 8},{25314, 4},{24385, 7},{25273, 10},{3781, 16},
{25068, 17},{4710, 7},{3781, 16},{24384, 7},{25273, 10},{2727, 8},{22309, 7},{25314, 4},{9278, 7},{23973, 17},
{3781, 16},{4011, 17},{24383, 7},{2726, 8},{8128, 7},{25314, 4},{25273, 10},{4712, 7},{8126, 7},{25314, 4},
{25273, 10},{3781, 16},{24389, 7},{25944, 1},{4709, 7},{2725, 8},{17930, 17},{1685, 10},{13370, 8},{8804, 17},
{12650, 9},{1143, 2},{10099, 9},{3781, 16},{24297, 5},{4626, 12},{14931, 13},{11515, 3},{12651, 9},{3864, 10},
{10098, 9},{5895, 12},{23890, 13},{3781, 16},{490, 3},{25661, 17},{13369, 8},{10097, 9},{3864, 10},{1143, 2},
{24294, 5},{12652, 9},{1013, 15},{11867, 15},{7192, 15},{13014, 8},{4424, 10},{1143, 2},{3781, 16},{20170, 5},
{19584, 9},{13373, 8},{8152, 12},{5701, 9},{3864, 10},{19421, 17},{19583, 9},{1142, 13},{5696, 9},{8928, 3},
{19581, 9},{5695, 9},{1143, 2},{13372, 8},{20165, 5},{9414, 12},{4668, 13},{23361, 3},{19582, 9},{18419, 17},
{3781, 16},{3864, 10},{12350, 5},{8124, 17},{13375, 8},{8819, 3},{19580, 9},{3781, 16},{8327, 9},{6642, 12},
{15980, 13},{1143, 2},{3864, 10},{19579, 9},{1868, 12},{3864, 10},{1143, 2},{261, 3},{13374, 8},{5697, 9},
{25419, 9},{3781, 16},{17928, 5},{19577, 9},{25328, 17},{294, 13},{19578, 9},{2323, 12},{11515, 3},{3781, 16},
{3864, 10},{5694, 9},{10799, 5},{4344, 17},{1143, 2},{10095, 9},{24075, 13},{944, 8},{10096, 9},{5798, 3},
{3781, 16},{10094, 9},{13376, 8},{25548, 12},{10093, 9},{1143, 2},{3864, 10},{24819, 17},{5693, 9},{2073, 13},
{17928, 5},{19585, 9},{20170, 5},{1061, 3},{5699, 9},{24849, 12},{13379, 8},{3864, 10},{3781, 16},{14213, 17},
{1143, 2},{5700, 9},{740, 13},{3864, 10},{13378, 8},{16693, 3},{1143, 2},{5702, 9},{3781, 16},{21846, 12},
{8184, 13},{20421, 17},{20163, 5},{19586, 9},{1685, 10},{1685, 10},{16512, 8},{25126, 10},{16511, 8},{25126, 10},
{16503, 8},{25126, 10},{16502, 8},{25126, 10},{25126, 10},{16505, 8},{25126, 10},{16504, 8},{16507, 8},{25126, 10},
{25126, 10},{16506, 8},{25126, 10},{16509, 8},{25126, 10},{16508, 8},{6690, 8},{4130, 15},{4424, 10},{6692, 8},
{4130, 15},{4424, 10},{18764, 8},{4130, 15},{4424, 10},{22502, 15},{4424, 10},{18765, 8},{4130, 15},{9904, 15},
{4424, 10},{4130, 15},{18766, 8},{5564, 15},{24669, 15},{23551, 15},{18767, 8},{4424, 10},{4130, 15},{1699, 15},
{9434, 8},{4424, 10},{4130, 15},{4130, 15},{4424, 10},{15686, 8},{11060, 15},{22502, 15},{4130, 15},{4424, 10},
{18762, 8},{4424, 10},{4130, 15},{18763, 8},{1685, 10},{1685, 10},{12653, 15},{13015, 8},{4424, 10},{12653, 15},
{3019, 15},{4424, 10},{13016, 8},{12653, 15},{4424, 10},{12672, 15},{13013, 8},{4424, 10},{12653, 15},{13014, 8},
{4424, 10},{13019, 8},{12653, 15},{13020, 8},{12653, 15},{4424, 10},{4424, 10},{12653, 15},{3009, 15},{13017, 8},
{12653, 15},{4424, 10},{3010, 15},{13018, 8},{4424, 10},{21386, 15},{12334, 15},{18767, 8},{16925, 15},{24884, 8},
{12653, 15},{4424, 10},{9758, 15},{25273, 10},{12667, 17},{9561, 8},{19603, 7},{23528, 7},{8204, 4},{3781, 16},
{16901, 7},{9549, 8},{11213, 17},{13437, 1},{3781, 16},{8204, 4},{16903, 7},{10123, 7},{5430, 7},{25273, 10},
{3781, 16},{25273, 10},{19187, 17},{25133, 7},{8204, 4},{19613, 7},{16904, 7},{19603, 7},{3597, 8},{3596, 8},
{49, 17},{11719, 7},{3781, 16},{8204, 4},{5431, 7},{25273, 10},{1685, 10},{5432, 7},{25273, 10},{11719, 7},
{6913, 17},{3594, 8},{8204, 4},{25135, 7},{3781, 16},{23520, 7},{3781, 16},{10125, 7},{8204, 4},{7214, 17},
{22008, 8},{23529, 7},{25273, 10},{19601, 7},{3781, 16},{22005, 8},{5433, 7},{25137, 7},{8204, 4},{26371, 7},
{4151, 17},{25273, 10},{8204, 4},{20681, 17},{25273, 10},{9424, 8},{5433, 7},{3781, 16},{5431, 7},{11719, 7},
{26371, 7},{25273, 10},{7500, 17},{3781, 16},{8204, 4},{14890, 8},{19613, 7},{3781, 16},{25100, 17},{22646, 7},
{15855, 7},{7826, 7},{3875, 8},{25273, 10},{15066, 4},{1685, 10},{13015, 8},{20192, 15},{4424, 10},{23987, 7},
{13296, 17},{13730, 8},{23937, 1},{17152, 7},{23441, 4},{25273, 10},{17155, 7},{3781, 16},{13013, 8},{20192, 15},
{4424, 10},{2743, 15},{25273, 10},{3781, 16},{13732, 8},{10400, 7},{11573, 7},{15833, 17},{10395, 7},{23441, 4},
{11119, 7},{10398, 7},{11117, 7},{23441, 4},{11115, 7},{25273, 10},{13727, 8},{6946, 17},{3781, 16},{10394, 7},
{3781, 16},{13726, 8},{11051, 17},{25273, 10},{23441, 4},{11569, 7},{4308, 7},{13017, 8},{4424, 10},{21651, 15},
{20192, 15},{22373, 15},{7393, 17},{23979, 7},{10393, 7},{3781, 16},{17150, 7},{23441, 4},{17145, 7},{13728, 8},
{25273, 10},{13015, 8},{20712, 15},{13595, 15},{4424, 10},{4424, 10},{3214, 15},{13016, 8},{20712, 15},{20365, 15},
{25273, 10},{13725, 8},{5838, 17},{3781, 16},{11573, 7},{17150, 7},{23441, 4},{10393, 7},{23441, 4},{25273, 10},
{11118, 7},{4307, 7},{13724, 8},{8824, 17},{3781, 16},{10399, 7},{13019, 8},{20712, 15},{4424, 10},{4424, 10},
{20712, 15},{13020, 8},{8707, 15},{4424, 10},{24884, 8},{3230, 15},{20192, 15},{13018, 8},{22482, 15},{13590, 15},
{20712, 15},{4424, 10},{1685, 10},{4424, 10},{18767, 8},{22806, 15},{4424, 10},{22806, 15},{18766, 8},{22806, 15},
{18765, 8},{4424, 10},{18764, 8},{22806, 15},{4424, 10},{25164, 15},{18763, 8},{4424, 10},{22806, 15},{18762, 8},
{22806, 15},{4424, 10},{4424, 10},{7678, 15},{22806, 15},{3702, 15},{19479, 15},{15686, 8},{4424, 10},{13430, 15},
{3230, 15},{2747, 15},{6692, 8},{6692, 8},{25165, 15},{7686, 15},{4424, 10},{22806, 15},{22806, 15},{6690, 8},
{4424, 10},{11674, 15},{18433, 15},{22510, 15},{15686, 8},{4131, 15},{4424, 10},{18763, 8},{13430, 15},{9786, 15},
{4424, 10},{4424, 10},{1695, 15},{18767, 8},{11066, 15},{4131, 15},{18766, 8},{4131, 15},{23553, 15},{4424, 10},
{9913, 15},{4131, 15},{18765, 8},{4424, 10},{13430, 15},{4424, 10},{18767, 8},{25273, 10},{3781, 16},{13175, 4},
{20658, 7},{6730, 8},{22799, 7},{21069, 7},{25268, 7},{15757, 17},{19806, 7},{6731, 8},{25273, 10},{3781, 16},
{22801, 7},{9339, 1},{18520, 7},{22796, 7},{13068, 17},{13175, 4},{22801, 7},{6726, 8},{24697, 17},{25273, 10},
{11760, 7},{13175, 4},{3781, 16},{22158, 7},{13175, 4},{25273, 10},{3781, 16},{25256, 7},{14473, 8},{22460, 17},
{25265, 7},{18527, 7},{6724, 8},{13175, 4},{4878, 17},{25273, 10},{3781, 16},{25273, 10},{22795, 7},{6725, 8},
{23638, 17},{21068, 7},{13175, 4},{3781, 16},{1729, 17},{22792, 7},{13175, 4},{11768, 7},{11764, 7},{3781, 16},
{25273, 10},{3932, 1},{20653, 7},{6722, 8},{4189, 17},{13175, 4},{25273, 10},{6723, 8},{25256, 7},{11768, 7},
{3781, 16},{21066, 7},{25273, 10},{18528, 7},{18527, 7},{24921, 17},{13175, 4},{6720, 8},{3781, 16},{3781, 16},
{6721, 8},{11760, 7},{25263, 7},{22792, 7},{13175, 4},{15703, 17},{25269, 7},{25273, 10},{4424, 10},{13020, 8},
{2629, 15},{21591, 15},{21001, 15},{2629, 15},{13019, 8},{4424, 10},{15111, 15},{13018, 8},{4424, 10},{2629, 15},
{9962, 15},{4424, 10},{13017, 8},{2629, 15},{13014, 8},{2629, 15},{4424, 10},{2629, 15},{13013, 8},{4424, 10},
{15861, 7},{3869, 8},{9041, 7},{15066, 4},{22646, 7},{25273, 10},{3781, 16},{7732, 17},{10576, 4},{12805, 17},
{7685, 7},{15337, 8},{3781, 16},{25273, 10},{12434, 7},{3781, 16},{15338, 8},{10576, 4},{1049, 17},{25273, 10},
{8286, 7},{7693, 7},{7254, 13},{18280, 9},{22630, 12},{18279, 9},{1000, 8},{6764, 10},{3781, 16},{3272, 9},
{23754, 3},{20170, 5},{2135, 17},{12253, 2},{12426, 7},{3781, 16},{25168, 7},{25273, 10},{12916, 7},{15330, 8},
{1118, 17},{10576, 4},{15331, 8},{7694, 7},{25273, 10},{17529, 17},{3781, 16},{19467, 7},{10576, 4},{3271, 9},
{15198, 12},{6764, 10},{21796, 13},{18282, 9},{3276, 9},{18283, 9},{9166, 17},{12253, 2},{3781, 16},{4507, 8},
{5674, 3},{20163, 5},{19668, 3},{12253, 2},{18281, 9},{22846, 12},{6764, 10},{4500, 8},{13080, 13},{3277, 9},
{4232, 9},{3781, 16},{24294, 5},{16240, 17},{6109, 17},{18091, 9},{12253, 2},{3274, 9},{2037, 5},{6764, 10},
{3275, 9},{18271, 9},{11169, 12},{4762, 13},{4501, 8},{3781, 16},{11820, 3},{3077, 9},{12253, 2},{3781, 16},
{22833, 17},{5033, 13},{18634, 3},{2033, 5},{18090, 9},{3267, 9},{6764, 10},{4502, 8},{3266, 9},{14746, 12},
{10673, 7},{12431, 7},{3781, 16},{10576, 4},{25273, 10},{21297, 17},{5460, 7},{15336, 8},{25119, 1},{2627, 15},
{13020, 8},{4424, 10},{3870, 8},{8562, 7},{7636, 17},{15857, 7},{15855, 7},{2642, 7},{7277, 1},{25273, 10},
{3781, 16},{15066, 4},{9509, 8},{2473, 10},{1685, 10},{9510, 8},{2473, 10},{2473, 10},{4830, 8},{3781, 16},
{17612, 4},{15463, 8},{19310, 17},{20549, 7},{8107, 7},{25273, 10},{14508, 7},{17612, 4},{14513, 7},{9684, 17},
{20546, 7},{6849, 7},{7193, 1},{15464, 8},{25273, 10},{3781, 16},{26145, 17},{3781, 16},{14514, 7},{15465, 8},
{6852, 7},{17612, 4},{25273, 10},{7543, 7},{3781, 16},{2945, 17},{17612, 4},{859, 7},{20547, 7},{25273, 10},
{6165, 8},{6856, 7},{15467, 8},{17612, 4},{6039, 17},{8099, 7},{6850, 7},{25273, 10},{3781, 16},{852, 7},
{25273, 10},{14511, 7},{3781, 16},{6858, 7},{17612, 4},{8141, 17},{15468, 8},{6853, 7},{14508, 7},{7539, 7},
{20546, 7},{17612, 4},{3781, 16},{15469, 8},{11275, 17},{25273, 10},{25273, 10},{6854, 7},{3781, 16},{14510, 7},
{17612, 4},{14512, 7},{12054, 17},{6850, 7},{15470, 8},{2473, 10},{9513, 8},{15460, 8},{24850, 17},{8100, 7},
{25273, 10},{14508, 7},{3781, 16},{20549, 7},{17612, 4},{854, 7},{5703, 17},{17612, 4},{25273, 10},{3781, 16},
{13689, 8},{14509, 7},{854, 7},{14508, 7},{6855, 7},{2473, 10},{9514, 8},{9511, 8},{2473, 10},{4424, 10},
{6228, 15},{18766, 8},{9512, 8},{2473, 10},{1685, 10},{4424, 10},{26223, 15},{23853, 15},{18763, 8},{3415, 15},
{2656, 7},{15853, 7},{22646, 7},{22653, 7},{19546, 17},{3781, 16},{15066, 4},{25273, 10},{2723, 8},{22652, 7},
{22646, 7},{15858, 7},{3781, 16},{15066, 4},{2724, 8},{25273, 10},{14945, 17},{3781, 16},{25273, 10},{402, 7},
{2721, 8},{15066, 4},{20088, 7},{7817, 7},{1932, 17},{21230, 7},{25273, 10},{3781, 16},{15066, 4},{15862, 7},
{22649, 7},{2722, 8},{8213, 17},{25273, 10},{15066, 4},{7819, 7},{15857, 7},{14822, 17},{3781, 16},{2727, 8},
{401, 7},{8560, 7},{7816, 7},{26085, 17},{7277, 1},{25273, 10},{15066, 4},{3781, 16},{2728, 8},{14868, 7},
{14861, 7},{8565, 7},{3781, 16},{7816, 7},{15066, 4},{2725, 8},{6494, 17},{14854, 7},{25273, 10},{25872, 17},
{8562, 7},{15861, 7},{3447, 1},{25273, 10},{15066, 4},{3781, 16},{2726, 8},{25273, 10},{16537, 17},{7268, 1},
{2733, 8},{15066, 4},{3781, 16},{15852, 7},{14851, 7},{15312, 17},{15066, 4},{25273, 10},{3781, 16},{21249, 7},
{2734, 8},{7818, 7},{6690, 8},{4424, 10},{2624, 15},{5278, 15},{2624, 15},{4424, 10},{9965, 15},{6692, 8},
{4424, 10},{2624, 15},{18762, 8},{18763, 8},{4424, 10},{2624, 15},{21245, 15},{2624, 15},{4424, 10},{9434, 8},
{4424, 10},{2624, 15},{15686, 8},{21251, 15},{4424, 10},{18766, 8},{21590, 15},{5280, 15},{2624, 15},{18767, 8},
{2624, 15},{4424, 10},{18764, 8},{2624, 15},{4424, 10},{14055, 15},{18243, 15},{19077, 15},{2624, 15},{4424, 10},
{18765, 8},{6588, 8},{25126, 10},{6587, 8},{25126, 10},{6590, 8},{25126, 10},{25126, 10},{13829, 8},{13833, 8},
{25126, 10},{13831, 8},{25126, 10},{25126, 10},{6594, 8},{6593, 8},{25126, 10},{25126, 10},{6597, 8},{25126, 10},
{6596, 8},{11747, 8},{1449, 1},{25273, 10},{3781, 16},{10547, 7},{16455, 7},{16282, 17},{15272, 4},{16456, 7},
{25273, 10},{17524, 8},{17357, 7},{15272, 4},{24715, 17},{3781, 16},{15272, 4},{20561, 7},{3769, 7},{3781, 16},
{25273, 10},{23458, 7},{17358, 7},{25473, 17},{2435, 8},{20623, 7},{12423, 17},{3781, 16},{20610, 7},{2448, 8},
{3767, 7},{23462, 7},{15272, 4},{25273, 10},{10281, 8},{3781, 16},{15272, 4},{3769, 7},{20588, 7},{23458, 7},
{24379, 17},{25273, 10},{17360, 7},{20616, 7},{25273, 10},{2418, 8},{3781, 16},{10854, 7},{20623, 7},{21227, 17},
{17263, 1},{15272, 4},{15272, 4},{16449, 7},{3781, 16},{4305, 17},{7980, 8},{3773, 7},{23459, 7},{25273, 10},
{25273, 10},{17351, 7},{10211, 8},{3768, 7},{20481, 17},{15272, 4},{10549, 7},{3781, 16},{10547, 7},{15272, 4},
{20588, 7},{3767, 7},{10854, 7},{9206, 17},{25273, 10},{3781, 16},{2345, 8},{19894, 7},{10549, 7},{3781, 16},
{10547, 7},{2357, 8},{17359, 7},{25273, 10},{9611, 17},{15272, 4},{24884, 8},{3234, 15},{4424, 10},{20195, 15},
{2748, 15},{19954, 14},{15362, 10},{13013, 8},{20195, 15},{4424, 10},{20195, 15},{13014, 8},{2009, 15},{4424, 10},
{5179, 17},{15567, 7},{18420, 3},{9197, 7},{20864, 1},{3781, 16},{7672, 10},{7583, 8},{8204, 4},{10543, 17},
{23063, 3},{9202, 7},{7672, 10},{7582, 8},{20865, 1},{3781, 16},{8204, 4},{1223, 10},{14686, 1},{1195, 7},
{25576, 3},{22337, 7},{1192, 7},{11722, 0},{7672, 10},{7579, 8},{8204, 4},{8230, 17},{3781, 16},{3781, 16},
{1223, 10},{1192, 7},{23930, 3},{5431, 0},{14683, 1},{7672, 10},{7578, 8},{8204, 4},{9396, 7},{24599, 17},
{25137, 0},{20734, 3},{20193, 1},{7672, 10},{15437, 17},{2698, 7},{3781, 16},{7577, 8},{1223, 10},{8204, 4},
{1685, 10},{7672, 10},{9202, 7},{20199, 1},{8204, 4},{3781, 16},{490, 3},{7575, 8},{10753, 17},{23665, 10},
{7672, 10},{8204, 4},{2701, 7},{14686, 1},{3732, 17},{7574, 8},{12683, 3},{23665, 10},{3781, 16},{9201, 7},
{1206, 7},{19353, 3},{20865, 1},{8204, 4},{7573, 8},{6918, 17},{7672, 10},{3781, 16},{9202, 7},{8204, 4},
{22336, 7},{2641, 3},{10295, 17},{14682, 1},{7672, 10},{7572, 8},{23665, 10},{3781, 16},{9505, 8},{2473, 10},
{9506, 8},{2473, 10},{2473, 10},{4830, 8},{9508, 8},{2473, 10},{9509, 8},{2473, 10},{2473, 10},{9510, 8},
{2473, 10},{9511, 8},{9512, 8},{2473, 10},{2473, 10},{9513, 8},{2473, 10},{9514, 8},{8690, 7},{9052, 8},
{23975, 4},{7156, 7},{3781, 16},{24104, 17},{25273, 10},{16258, 7},{10491, 17},{10126, 7},{25273, 10},{8204, 4},
{5428, 7},{26371, 7},{20972, 8},{25135, 7},{3781, 16},{20200, 1},{16905, 7},{20969, 8},{8204, 4},{10127, 7},
{3781, 16},{25135, 7},{25273, 10},{15265, 17},{1143, 4},{5850, 7},{3894, 8},{7005, 7},{25273, 10},{3781, 16},
{8285, 17},{19582, 7},{25133, 7},{16902, 7},{3403, 8},{8204, 4},{13872, 17},{3781, 16},{8970, 7},{25273, 10},
{15252, 17},{8204, 4},{25132, 7},{10129, 7},{3402, 8},{11722, 7},{5429, 7},{25273, 10},{3781, 16},{3401, 8},
{10123, 7},{3781, 16},{19613, 7},{16906, 7},{16900, 7},{8204, 4},{17191, 17},{25273, 10},{1685, 10},{3781, 16},
{8204, 4},{10120, 7},{3399, 8},{5429, 7},{13980, 17},{19604, 7},{25273, 10},{25134, 7},{25273, 10},{8204, 4},
{3781, 16},{5430, 7},{16903, 7},{25138, 7},{16904, 7},{8084, 17},{3398, 8},{10204, 17},{8226, 7},{16903, 7},
{8204, 4},{25273, 10},{3781, 16},{25132, 7},{5425, 7},{3397, 8},{17106, 17},{10127, 7},{25273, 10},{25132, 7},
{3781, 16},{10129, 7},{3396, 8},{8204, 4},{4357, 15},{19519, 15},{895, 15},{4424, 10},{6690, 8},{895, 15},
{12299, 15},{6692, 8},{4424, 10},{18766, 8},{895, 15},{4424, 10},{24347, 15},{4424, 10},{3642, 15},{895, 15},
{18767, 8},{18764, 8},{895, 15},{3637, 15},{4424, 10},{4424, 10},{3635, 15},{895, 15},{18765, 8},{18762, 8},
{4424, 10},{895, 15},{895, 15},{18763, 8},{23592, 15},{4424, 10},{3914, 15},{9434, 8},{895, 15},{4424, 10},
{15686, 8},{3636, 15},{4424, 10},{895, 15},{15451, 15},{21386, 15},{4424, 10},{13013, 8},{1685, 10},{26223, 15},
{19284, 15},{3413, 15},{16990, 15},{6692, 8},{7379, 15},{4424, 10},{18766, 8},{7095, 15},{4424, 10},{804, 17},
{869, 1},{25610, 7},{11233, 8},{24822, 7},{19954, 4},{25273, 10},{3781, 16},{19954, 4},{11232, 8},{25273, 10},
{3781, 16},{12063, 7},{5136, 7},{8069, 7},{8071, 7},{2344, 17},{12060, 7},{3781, 16},{25273, 10},{11231, 8},
{5136, 7},{7234, 17},{12059, 7},{19954, 4},{8080, 7},{19954, 4},{12060, 7},{19598, 8},{25273, 10},{5129, 7},
{8076, 7},{25613, 7},{3781, 16},{12845, 17},{25273, 10},{25599, 17},{5138, 7},{10845, 1},{4228, 8},{1735, 7},
{25615, 7},{3781, 16},{19954, 4},{25273, 10},{8075, 7},{25614, 7},{11236, 8},{19954, 4},{3781, 16},{5137, 7},
{13864, 17},{12066, 7},{25273, 10},{19954, 4},{11235, 8},{3781, 16},{5134, 7},{24062, 17},{22708, 7},{5137, 7},
{25273, 10},{23622, 8},{19954, 4},{12067, 7},{12518, 1},{1735, 7},{3781, 16},{11122, 17},{1739, 7},{3781, 16},
{25614, 7},{25611, 7},{12062, 7},{8001, 17},{25273, 10},{19954, 4},{14783, 8},{10100, 7},{9558, 1},{25273, 10},
{3893, 8},{2789, 17},{10088, 7},{3781, 16},{1143, 4},{1685, 10},{1685, 10},{13017, 8},{6279, 15},{4424, 10},
{4424, 10},{13018, 8},{6279, 15},{21218, 15},{6279, 15},{4424, 10},{13019, 8},{6279, 15},{13020, 8},{4424, 10},
{14487, 15},{21224, 15},{6279, 15},{4424, 10},{13013, 8},{13014, 8},{6279, 15},{4424, 10},{3451, 15},{4424, 10},
{6690, 8},{3451, 15},{4424, 10},{15722, 15},{6692, 8},{4424, 10},{3451, 15},{18762, 8},{716, 15},{3451, 15},
{4255, 15},{18763, 8},{4424, 10},{3451, 15},{4424, 10},{15727, 15},{9434, 8},{15686, 8},{4424, 10},{3451, 15},
{18766, 8},{3451, 15},{4424, 10},{4424, 10},{3451, 15},{717, 15},{18767, 8},{4424, 10},{18764, 8},{3451, 15},
{3451, 15},{18765, 8},{4424, 10},{1685, 10},{13014, 8},{4424, 10},{22810, 15},{13013, 8},{14657, 15},{22810, 15},
{4424, 10},{4424, 10},{22810, 15},{13016, 8},{13015, 8},{4424, 10},{22810, 15},{13018, 8},{4424, 10},{22810, 15},
{4092, 15},{598, 15},{14670, 15},{4424, 10},{22810, 15},{13017, 8},{13020, 8},{18436, 15},{4424, 10},{22810, 15},
{4424, 10},{14657, 15},{13019, 8},{22810, 15},{11678, 15},{4424, 10},{22810, 15},{24884, 8},{7683, 15},{1143, 4},
{19584, 7},{3781, 16},{13882, 17},{25273, 10},{1810, 8},{7007, 7},{16803, 17},{7009, 7},{1809, 8},{10089, 7},
{1143, 4},{25273, 10},{7012, 7},{3781, 16},{3316, 7},{3781, 16},{1143, 4},{10099, 7},{10096, 7},{5849, 7},
{1812, 8},{24295, 17},{25273, 10},{26340, 7},{1811, 8},{1143, 4},{25273, 10},{7002, 7},{24979, 17},{3781, 16},
{1143, 4},{3781, 16},{7013, 7},{26343, 7},{25273, 10},{1814, 8},{24271, 17},{3781, 16},{1813, 8},{2460, 1},
{1531, 17},{10094, 7},{25273, 10},{1143, 4},{26339, 7},{10096, 7},{19583, 7},{25273, 10},{22198, 17},{3781, 16},
{19585, 7},{10970, 8},{19579, 7},{1143, 4},{3781, 16},{7012, 7},{25273, 10},{1143, 4},{23900, 17},{1815, 8},
{7009, 7},{5850, 7},{1818, 8},{3781, 16},{21284, 17},{25273, 10},{5846, 7},{1143, 4},{1817, 8},{10100, 7},
{10099, 7},{1143, 4},{25273, 10},{3781, 16},{18035, 17},{10098, 7},{3781, 16},{10099, 7},{3892, 8},{15506, 17},
{19586, 7},{1143, 4},{3321, 7},{5845, 7},{25273, 10},{1685, 10},{11764, 7},{3781, 16},{21092, 17},{2549, 8},
{22799, 7},{25273, 10},{13175, 4},{21066, 7},{25256, 7},{6461, 17},{3781, 16},{25273, 10},{25264, 7},{2550, 8},
{13175, 4},{21069, 7},{25273, 10},{2265, 17},{3781, 16},{18528, 7},{13175, 4},{20658, 7},{2547, 8},{18784, 1},
{25263, 7},{11764, 7},{22595, 8},{25273, 10},{13175, 4},{3781, 16},{112, 17},{8887, 17},{18782, 1},{21068, 7},
{25265, 7},{2545, 8},{25273, 10},{22796, 7},{13175, 4},{3781, 16},{2546, 8},{22802, 7},{25273, 10},{25264, 7},
{17573, 7},{13175, 4},{18529, 7},{3781, 16},{10357, 17},{25273, 10},{13175, 4},{25263, 7},{3781, 16},{8241, 17},
{2543, 8},{25269, 7},{21069, 7},{25273, 10},{22158, 7},{2178, 17},{9142, 1},{13175, 4},{3781, 16},{2544, 8},
{3781, 16},{13175, 4},{22441, 17},{2541, 8},{18521, 7},{25273, 10},{20653, 7},{25265, 7},{22800, 7},{25273, 10},
{3781, 16},{2542, 8},{18525, 7},{13175, 4},{19786, 17},{19806, 7},{1685, 10},{3781, 16},{25136, 7},{10120, 7},
{8204, 4},{3953, 17},{25273, 10},{19605, 7},{18553, 8},{10126, 7},{23527, 7},{8204, 4},{19485, 17},{18552, 8},
{19613, 7},{25133, 7},{25273, 10},{3781, 16},{3274, 7},{25273, 10},{3781, 16},{15337, 8},{12253, 4},{14175, 7},
{771, 17},{19851, 7},{3781, 16},{19848, 7},{17109, 17},{15338, 8},{25273, 10},{12253, 4},{7245, 7},{14179, 7},
{7242, 7},{15329, 8},{12253, 4},{19853, 7},{14086, 17},{25273, 10},{16284, 7},{3781, 16},{2756, 7},{3781, 16},
{3624, 17},{25273, 10},{15330, 8},{12253, 4},{22395, 7},{2759, 7},{15331, 8},{22396, 7},{12253, 4},{3781, 16},
{25273, 10},{7246, 7},{16908, 17},{25273, 10},{15332, 8},{19852, 7},{19849, 7},{7251, 7},{3277, 7},{3781, 16},
{12253, 4},{13032, 17},{9417, 1},{16900, 7},{8204, 4},{23529, 7},{3781, 16},{18544, 8},{25273, 10},{15702, 17},
{25137, 7},{5424, 7},{4303, 17},{3781, 16},{18543, 8},{16901, 7},{8204, 4},{25273, 10},{19606, 7},{22391, 7},
{9024, 17},{3781, 16},{22392, 7},{25273, 10},{12253, 4},{15335, 8},{14182, 7},{14178, 7},{19602, 7},{8204, 4},
{26371, 7},{10129, 7},{20197, 1},{25138, 7},{359, 17},{18545, 8},{3781, 16},{25273, 10},{15362, 10},{17612, 14},
{1223, 10},{17050, 17},{10140, 7},{3077, 7},{20878, 1},{10993, 3},{3781, 16},{16855, 8},{12253, 4},{7672, 10},
{3276, 0},{13020, 8},{637, 15},{18786, 15},{4424, 10},{4424, 10},{18786, 15},{13019, 8},{4424, 10},{13018, 8},
{18786, 15},{6623, 15},{4424, 10},{13017, 8},{6627, 15},{18786, 15},{20312, 15},{4424, 10},{13016, 8},{18786, 15},
{4424, 10},{13015, 8},{18786, 15},{18786, 15},{4424, 10},{16044, 15},{13014, 8},{4424, 10},{18786, 15},{13013, 8},
{18786, 15},{4424, 10},{24884, 8},{4424, 10},{6231, 15},{18766, 8},{15362, 10},{17612, 14},{18764, 8},{19288, 15},
{5514, 15},{4424, 10},{10217, 15},{6231, 15},{15362, 10},{17612, 14},{19358, 15},{6692, 8},{4424, 10},{6690, 8},
{7402, 15},{19358, 15},{4424, 10},{1410, 15},{4424, 10},{18763, 8},{19358, 15},{19358, 15},{18762, 8},{4424, 10},
{15514, 15},{15686, 8},{19358, 15},{4424, 10},{4424, 10},{19358, 15},{9434, 8},{22255, 15},{19358, 15},{4424, 10},
{18767, 8},{1940, 15},{19358, 15},{4424, 10},{21118, 15},{18766, 8},{14363, 15},{4059, 15},{4424, 10},{18765, 8},
{19358, 15},{4424, 10},{19358, 15},{18764, 8},{12633, 11},{11538, 10},{9434, 8},{905, 15},{4424, 10},{15686, 8},
{905, 15},{4424, 10},{905, 15},{4424, 10},{22946, 15},{18762, 8},{18763, 8},{4424, 10},{4366, 15},{905, 15},
{4424, 10},{18764, 8},{905, 15},{4424, 10},{905, 15},{24039, 15},{18765, 8},{4424, 10},{18766, 8},{905, 15},
{4424, 10},{905, 15},{18767, 8},{19514, 15},{13017, 8},{18037, 15},{4424, 10},{15903, 15},{11048, 15},{6690, 8},
{905, 15},{4424, 10},{4424, 10},{6692, 8},{905, 15},{1129, 7},{19954, 4},{25798, 7},{22270, 8},{3781, 16},
{25792, 7},{13675, 17},{7774, 3},{7672, 10},{10845, 1},{773, 17},{25202, 3},{863, 1},{3781, 16},{22269, 8},
{19954, 4},{11424, 7},{7835, 7},{1128, 7},{7672, 10},{19954, 4},{2258, 17},{11421, 7},{7218, 3},{23665, 10},
{12517, 1},{7672, 10},{3781, 16},{1727, 8},{10846, 1},{8113, 3},{19954, 4},{22267, 8},{922, 17},{1130, 7},
{7672, 10},{3781, 16},{25022, 3},{7672, 10},{1733, 8},{23665, 10},{25798, 7},{25793, 7},{867, 1},{5228, 17},
{19954, 4},{3781, 16},{19497, 8},{25126, 10},{22272, 8},{19954, 4},{12513, 1},{23506, 17},{8806, 3},{3781, 16},
{11415, 7},{7672, 10},{3781, 16},{19954, 4},{8460, 3},{7672, 10},{20820, 7},{12516, 1},{26148, 17},{7839, 7},
{1730, 8},{25126, 10},{19492, 8},{25126, 10},{19493, 8},{23665, 10},{7835, 7},{22276, 8},{7672, 10},{21871, 17},
{19954, 4},{10846, 1},{3781, 16},{9254, 3},{11424, 7},{22275, 8},{25801, 7},{8928, 3},{25800, 7},{16417, 17},
{864, 1},{7672, 10},{1223, 10},{5129, 0},{19954, 4},{3781, 16},{1685, 10},{1685, 10},{6690, 8},{1541, 15},
{9706, 15},{20086, 15},{4424, 10},{9455, 15},{9455, 15},{6692, 8},{15843, 15},{4424, 10},{18762, 8},{9455, 15},
{4424, 10},{4424, 10},{9455, 15},{18763, 8},{9434, 8},{4424, 10},{14239, 15},{9455, 15},{7100, 15},{4424, 10},
{403, 15},{15686, 8},{9455, 15},{14239, 15},{18766, 8},{1540, 15},{399, 15},{4424, 10},{403, 15},{9455, 15},
{4424, 10},{9455, 15},{18767, 8},{20083, 15},{9455, 15},{4424, 10},{13318, 15},{8576, 15},{18764, 8},{21223, 15},
{9455, 15},{4424, 10},{18765, 8},{20084, 15},{1685, 10},{24230, 3},{23801, 7},{16947, 7},{23665, 10},{15734, 17},
{15066, 4},{3781, 16},{7672, 10},{8486, 8},{24570, 1},{1685, 10},{2624, 15},{25003, 15},{24884, 8},{4424, 10},
{2624, 15},{4424, 10},{14055, 15},{24886, 8},{11300, 15},{13015, 8},{2624, 15},{4424, 10},{5281, 15},{13016, 8},
{4424, 10},{2624, 15},{4424, 10},{2624, 15},{14048, 15},{13013, 8},{13014, 8},{4424, 10},{2624, 15},{5283, 15},
{13019, 8},{18251, 15},{2624, 15},{4424, 10},{14053, 15},{2624, 15},{4424, 10},{13020, 8},{4424, 10},{13017, 8},
{2624, 15},{4424, 10},{2624, 15},{13018, 8},{23975, 14},{15362, 10},{12662, 8},{25126, 10},{22785, 8},{25126, 10},
{12664, 8},{25126, 10},{25126, 10},{12665, 8},{25126, 10},{12658, 8},{12659, 8},{25126, 10},{18951, 7},{19629, 8},
{25273, 10},{3781, 16},{24752, 4},{6923, 7},{1360, 7},{1357, 7},{17295, 17},{6930, 7},{24752, 4},{25273, 10},
{18952, 7},{19628, 8},{3781, 16},{14255, 7},{1519, 17},{19627, 8},{25273, 10},{16985, 7},{1051, 17},{24752, 4},
{6925, 7},{3781, 16},{12028, 7},{3781, 16},{12022, 7},{25273, 10},{14254, 7},{5663, 17},{19626, 8},{24752, 4},
{3781, 16},{24752, 4},{25273, 10},{18960, 7},{6931, 7},{19625, 8},{21443, 17},{7672, 10},{432, 7},{3781, 16},
{1530, 4},{12331, 1},{6958, 17},{13631, 8},{7218, 3},{5109, 7},{25273, 10},{24752, 4},{11819, 8},{21122, 17},
{3781, 16},{15800, 7},{25273, 10},{24752, 4},{6925, 7},{1354, 7},{2975, 17},{3781, 16},{11816, 8},{6390, 1},
{16053, 7},{20692, 17},{24752, 4},{6921, 7},{8047, 7},{25273, 10},{13462, 8},{3781, 16},{24752, 4},{16985, 7},
{11869, 8},{25273, 10},{20656, 17},{3781, 16},{1354, 7},{15448, 1},{15772, 7},{9801, 7},{490, 3},{26325, 8},
{1530, 4},{7672, 10},{1238, 17},{3781, 16},{24756, 17},{26247, 3},{10880, 7},{16601, 7},{24569, 1},{15066, 4},
{3781, 16},{10883, 7},{7672, 10},{8490, 8},{15451, 15},{4424, 10},{18765, 8},{15451, 15},{5488, 15},{4424, 10},
{18764, 8},{4424, 10},{15451, 15},{18767, 8},{15451, 15},{4424, 10},{18449, 15},{23767, 15},{18766, 8},{15686, 8},
{4424, 10},{15451, 15},{8276, 15},{15451, 15},{4424, 10},{9434, 8},{15451, 15},{23770, 15},{4424, 10},{18763, 8},
{4424, 10},{15451, 15},{18762, 8},{6692, 8},{4424, 10},{15451, 15},{6690, 8},{11322, 15},{18457, 15},{15451, 15},
{4424, 10},{18453, 15},{16150, 7},{3781, 16},{25273, 10},{25314, 4},{8128, 7},{17823, 17},{22011, 8},{8103, 7},
{20554, 7},{25273, 10},{15334, 8},{19085, 17},{8105, 7},{20546, 7},{3781, 16},{17612, 4},{3781, 16},{25273, 10},
{4758, 17},{14511, 7},{17612, 4},{8100, 7},{8099, 7},{8104, 7},{15335, 8},{22005, 8},{25273, 10},{3781, 16},
{25314, 4},{22304, 7},{8131, 7},{13548, 17},{18766, 8},{4424, 10},{9139, 15},{9139, 15},{4424, 10},{6617, 15},
{18767, 8},{25314, 4},{1904, 7},{8134, 7},{3781, 16},{3287, 17},{25273, 10},{22304, 7},{3597, 8},{3781, 16},
{3596, 8},{22304, 7},{4370, 1},{4710, 7},{24661, 17},{24384, 7},{25273, 10},{25314, 4},{25273, 10},{3781, 16},
{4711, 7},{24380, 7},{8128, 7},{4714, 7},{25314, 4},{9527, 17},{9424, 8},{17878, 17},{4714, 7},{16144, 7},
{25273, 10},{25314, 4},{3781, 16},{8127, 7},{14890, 8},{10469, 17},{858, 7},{14515, 7},{25273, 10},{3781, 16},
{862, 7},{8107, 7},{15337, 8},{17612, 4},{3781, 16},{14515, 7},{25273, 10},{15338, 8},{17612, 4},{4006, 17},
{8105, 7},{6690, 8},{4424, 10},{9139, 15},{9139, 15},{6692, 8},{4424, 10},{1685, 10},{1685, 10},{4424, 10},
{16744, 15},{18763, 8},{16744, 15},{4424, 10},{18762, 8},{15686, 8},{16744, 15},{4424, 10},{22475, 15},{11606, 15},
{16744, 15},{9434, 8},{4424, 10},{18767, 8},{4424, 10},{16744, 15},{4424, 10},{16744, 15},{18766, 8},{9893, 15},
{4424, 10},{16744, 15},{18765, 8},{6669, 15},{13590, 15},{18764, 8},{16744, 15},{4424, 10},{22478, 15},{13591, 15},
{4424, 10},{16744, 15},{6690, 8},{20909, 12},{19339, 9},{3781, 16},{19608, 13},{17928, 5},{25314, 2},{932, 3},
{19510, 17},{4711, 9},{8283, 10},{9098, 8},{4710, 9},{19341, 9},{4709, 9},{19340, 9},{25314, 2},{9097, 8},
{2036, 5},{13729, 13},{8283, 10},{12847, 3},{3781, 16},{21985, 12},{14082, 17},{6803, 13},{3781, 16},{3847, 17},
{9335, 3},{20207, 12},{25314, 2},{9092, 8},{8283, 10},{2033, 5},{9845, 9},{8131, 9},{9840, 9},{8128, 9},
{3781, 16},{8721, 17},{2033, 5},{23050, 3},{8283, 10},{12634, 12},{9091, 8},{2832, 13},{25314, 2},{8129, 9},
{12322, 3},{9090, 8},{999, 17},{9839, 9},{25314, 2},{8283, 10},{3781, 16},{9842, 9},{2038, 5},{22300, 9},
{4340, 13},{25022, 12},{9841, 9},{22301, 9},{8283, 10},{4224, 3},{10993, 13},{18979, 17},{1217, 12},{9089, 8},
{3781, 16},{2034, 5},{25314, 2},{8126, 9},{15678, 13},{3781, 16},{19342, 9},{8283, 10},{25016, 3},{20165, 5},
{8189, 17},{9096, 8},{25314, 2},{6163, 12},{25314, 2},{8127, 9},{8283, 10},{8134, 9},{9834, 9},{5041, 12},
{9095, 8},{7203, 13},{9835, 9},{3781, 16},{1149, 3},{9902, 17},{12350, 5},{3781, 16},{9843, 9},{7428, 12},
{9271, 3},{8283, 10},{18188, 5},{9491, 13},{8132, 9},{9094, 8},{8135, 9},{14980, 17},{9844, 9},{25314, 2},
{9846, 9},{21147, 17},{4895, 13},{6329, 3},{25314, 2},{15911, 12},{9093, 8},{8283, 10},{2032, 5},{8130, 9},
{8133, 9},{3781, 16},{13020, 8},{4424, 10},{4133, 15},{13175, 4},{7672, 10},{3781, 16},{8490, 8},{3544, 17},
{10470, 3},{13707, 7},{18788, 1},{3781, 16},{7672, 10},{11446, 7},{8491, 8},{7371, 17},{13175, 4},{18783, 1},
{18945, 3},{23665, 10},{3781, 16},{9135, 1},{8488, 8},{18913, 3},{7672, 10},{23665, 10},{13710, 7},{10652, 17},
{13175, 4},{1162, 17},{13707, 7},{9142, 1},{3781, 16},{23665, 10},{8489, 8},{11445, 7},{13175, 4},{7672, 10},
{12847, 3},{13175, 4},{3781, 16},{17476, 7},{9342, 1},{3459, 7},{8486, 8},{11444, 7},{7672, 10},{22706, 3},
{3074, 17},{13175, 4},{18784, 1},{23063, 3},{11840, 17},{10931, 7},{3781, 16},{7672, 10},{25780, 7},{8487, 8},
{3781, 16},{7672, 10},{23665, 10},{10939, 7},{13175, 4},{9606, 3},{22624, 17},{9343, 1},{8484, 8},{24279, 7},
{1223, 10},{7672, 10},{19591, 17},{8485, 8},{5616, 7},{10937, 7},{13175, 4},{25820, 7},{11763, 0},{3781, 16},
{19468, 3},{9139, 1},{24279, 7},{11446, 7},{3781, 16},{3932, 1},{13175, 4},{2751, 17},{7672, 10},{8482, 8},
{24282, 3},{3781, 16},{407, 17},{8483, 8},{15807, 7},{10932, 7},{20799, 3},{7672, 10},{13175, 4},{18783, 1},
{24279, 7},{18765, 8},{11174, 15},{4424, 10},{25273, 10},{22708, 7},{8075, 7},{19954, 4},{22591, 8},{3781, 16},
{12718, 17},{12062, 7},{11174, 15},{4424, 10},{18764, 8},{12059, 7},{22581, 8},{3781, 16},{6188, 17},{19954, 4},
{25609, 7},{25273, 10},{25611, 7},{5133, 7},{25609, 7},{25614, 7},{25273, 10},{16335, 17},{3781, 16},{19954, 4},
{22580, 8},{8075, 7},{12066, 7},{1736, 7},{20918, 8},{1744, 7},{19954, 4},{5138, 7},{14987, 17},{12067, 7},
{25273, 10},{3781, 16},{22582, 8},{7997, 17},{19954, 4},{5130, 7},{25273, 10},{3781, 16},{25605, 7},{8075, 7},
{22585, 8},{3781, 16},{25615, 7},{12061, 7},{10757, 17},{5134, 7},{19954, 4},{25273, 10},{3725, 17},{25616, 7},
{19954, 4},{5132, 7},{3781, 16},{25273, 10},{17821, 8},{5130, 7},{25616, 7},{22587, 8},{5130, 7},{25613, 7},
{19954, 4},{25273, 10},{3781, 16},{26334, 17},{1741, 7},{1740, 7},{8111, 17},{5136, 7},{25273, 10},{24822, 7},
{19954, 4},{3781, 16},{22586, 8},{4057, 15},{14363, 15},{8885, 15},{6692, 8},{5024, 15},{4221, 15},{4424, 10},
{5024, 15},{6690, 8},{4424, 10},{5024, 15},{18582, 15},{4424, 10},{18767, 8},{5024, 15},{18766, 8},{4424, 10},
{21538, 15},{4221, 15},{5024, 15},{18765, 8},{4424, 10},{18764, 8},{4424, 10},{5024, 15},{4424, 10},{18763, 8},
{5024, 15},{14360, 15},{5024, 15},{18762, 8},{1403, 15},{4424, 10},{15686, 8},{5024, 15},{4424, 10},{1939, 15},
{5024, 15},{10990, 15},{9434, 8},{4424, 10},{18683, 7},{1143, 4},{1755, 8},{3781, 16},{18682, 7},{18685, 7},
{5016, 17},{20715, 1},{8114, 3},{7672, 10},{17253, 3},{1754, 8},{12646, 7},{1143, 4},{2490, 7},{7672, 10},
{23665, 10},{5702, 7},{7213, 17},{16744, 1},{3781, 16},{1757, 8},{9560, 1},{1143, 4},{25428, 7},{3781, 16},
{25420, 7},{7672, 10},{24224, 3},{24751, 17},{2487, 7},{22704, 17},{9051, 3},{1756, 8},{1223, 10},{19579, 0},
{2460, 1},{3781, 16},{7672, 10},{2483, 7},{1143, 4},{2490, 7},{26300, 17},{3781, 16},{7672, 10},{12644, 7},
{1143, 4},{9560, 1},{1751, 8},{18141, 3},{1143, 4},{5701, 7},{5848, 0},{11425, 17},{1223, 10},{7672, 10},
{1750, 8},{2487, 7},{20718, 1},{3781, 16},{5151, 3},{3781, 16},{1269, 3},{12651, 7},{7672, 10},{1753, 8},
{5844, 0},{20718, 1},{1143, 4},{1223, 10},{21090, 17},{7672, 10},{5950, 17},{20540, 3},{1143, 4},{9559, 1},
{5697, 7},{18678, 7},{1752, 8},{2489, 7},{23665, 10},{3781, 16},{2862, 3},{1749, 8},{23665, 10},{25423, 7},
{5696, 7},{9552, 1},{1143, 4},{7672, 10},{18679, 7},{3781, 16},{26303, 17},{18679, 7},{3781, 16},{1143, 4},
{2464, 1},{5696, 7},{18686, 7},{23880, 17},{1748, 8},{20425, 3},{7672, 10},{15903, 15},{4424, 10},{21247, 15},
{13019, 8},{21068, 7},{12987, 17},{25265, 7},{11763, 7},{16700, 8},{25273, 10},{3781, 16},{13175, 4},{11769, 7},
{13175, 4},{25269, 7},{19806, 7},{25273, 10},{24118, 17},{807, 8},{18524, 7},{3781, 16},{13014, 8},{15903, 15},
{5284, 15},{4424, 10},{13169, 8},{13175, 4},{22039, 17},{25273, 10},{18520, 7},{3781, 16},{18527, 7},{13016, 8},
{15903, 15},{4424, 10},{8204, 4},{251, 17},{25133, 0},{9393, 7},{15572, 7},{24970, 8},{3781, 16},{1223, 10},
{14684, 1},{9392, 7},{4096, 3},{7672, 10},{248, 3},{7672, 10},{23665, 10},{15573, 7},{20214, 7},{22340, 7},
{8204, 4},{24969, 8},{14685, 1},{7757, 17},{3781, 16},{7637, 17},{3781, 16},{23665, 10},{18777, 3},{1206, 7},
{8204, 4},{20864, 1},{7672, 10},{2698, 7},{18210, 8},{2702, 7},{5434, 0},{18688, 17},{16006, 3},{24971, 8},
{3781, 16},{1223, 10},{8204, 4},{20192, 1},{7672, 10},{1198, 7},{8204, 4},{10123, 0},{23755, 7},{22907, 17},
{3781, 16},{14035, 3},{1223, 10},{24974, 8},{20200, 1},{7672, 10},{8204, 4},{15502, 7},{3781, 16},{7672, 10},
{21765, 17},{13433, 1},{25227, 3},{22335, 7},{24973, 8},{8204, 4},{19244, 3},{1165, 17},{3781, 16},{7672, 10},
{24976, 8},{11746, 0},{1192, 7},{1223, 10},{20201, 1},{23665, 10},{24975, 8},{3781, 16},{8204, 4},{4053, 3},
{16696, 17},{20214, 7},{1192, 7},{20197, 1},{2695, 7},{7672, 10},{21422, 3},{24978, 8},{8204, 4},{1209, 7},
{7672, 10},{9390, 7},{9708, 17},{20863, 1},{3781, 16},{22334, 7},{24977, 8},{9393, 7},{20213, 7},{8809, 17},
{23665, 10},{20193, 1},{3781, 16},{7672, 10},{20270, 3},{8204, 4},{1685, 10},{9165, 17},{23441, 4},{25273, 10},
{23977, 7},{4308, 7},{3781, 16},{9424, 8},{23441, 4},{4313, 7},{3781, 16},{4315, 7},{14890, 8},{13743, 17},
{25273, 10},{11564, 7},{9424, 8},{15800, 7},{12031, 7},{24752, 4},{12030, 7},{22803, 1},{3781, 16},{25273, 10},
{7878, 17},{14890, 8},{3781, 16},{24752, 4},{25273, 10},{8227, 7},{5104, 7},{5049, 17},{12029, 7},{12030, 7},
{11565, 7},{22008, 8},{3781, 16},{25273, 10},{26107, 17},{11116, 7},{23441, 4},{6380, 1},{24752, 4},{25273, 10},
{1357, 7},{1363, 7},{4072, 17},{5105, 7},{3781, 16},{9549, 8},{25273, 10},{23441, 4},{22626, 17},{17154, 7},
{23984, 7},{3781, 16},{10397, 7},{22011, 8},{11568, 7},{24752, 4},{3596, 8},{6923, 7},{25273, 10},{14255, 7},
{3781, 16},{9106, 17},{16985, 7},{18860, 17},{3781, 16},{23441, 4},{17145, 7},{3597, 8},{10399, 7},{25273, 10},
{5649, 17},{16053, 7},{24752, 4},{1354, 7},{3594, 8},{18954, 7},{12023, 7},{3781, 16},{25273, 10},{25273, 10},
{11572, 7},{65, 17},{3781, 16},{23982, 7},{9561, 8},{23983, 7},{11116, 7},{23441, 4},{25273, 10},{23441, 4},
{26223, 1},{21154, 17},{10398, 7},{11115, 7},{9549, 8},{3781, 16},{6220, 8},{2473, 10},{11411, 8},{2473, 10},
{1685, 10},{2473, 10},{6212, 8},{6213, 8},{2473, 10},{6214, 8},{2473, 10},{2473, 10},{6215, 8},{6216, 8},
{2473, 10},{2473, 10},{6217, 8},{2473, 10},{11383, 8},{6219, 8},{2473, 10},{9434, 8},{2630, 15},{4424, 10},
{4424, 10},{15686, 8},{2630, 15},{11302, 15},{2630, 15},{18762, 8},{4424, 10},{18763, 8},{2630, 15},{4424, 10},
{18764, 8},{11303, 15},{18251, 15},{2630, 15},{4424, 10},{18765, 8},{4424, 10},{12260, 15},{2630, 15},{4424, 10},
{2630, 15},{18251, 15},{21588, 15},{18766, 8},{4424, 10},{9963, 15},{5281, 15},{21705, 15},{2630, 15},{18767, 8},
{4424, 10},{2630, 15},{6690, 8},{6692, 8},{4424, 10},{2630, 15},{296, 17},{12253, 4},{25273, 10},{3781, 16},
{7251, 7},{2758, 7},{6742, 8},{19853, 7},{25273, 10},{3781, 16},{7251, 7},{14175, 7},{3267, 7},{6743, 8},
{26364, 17},{12253, 4},{14620, 8},{8908, 17},{12253, 4},{19850, 7},{22391, 7},{7245, 7},{25273, 10},{2755, 7},
{3781, 16},{2757, 7},{2761, 7},{6745, 8},{3781, 16},{25273, 10},{10625, 17},{12253, 4},{14178, 7},{22388, 7},
{6746, 8},{7248, 7},{3781, 16},{12253, 4},{14554, 17},{14174, 7},{25273, 10},{6747, 8},{14178, 7},{3781, 16},
{2759, 7},{19853, 7},{12253, 4},{25273, 10},{5224, 17},{12253, 4},{14182, 7},{14312, 17},{19851, 7},{25273, 10},
{6748, 8},{3781, 16},{6749, 8},{18427, 17},{3781, 16},{22392, 7},{2760, 7},{12253, 4},{25273, 10},{6750, 8},
{22394, 7},{12253, 4},{3781, 16},{14179, 7},{25273, 10},{7251, 7},{14364, 17},{3746, 17},{12253, 4},{19855, 7},
{25273, 10},{3781, 16},{7242, 7},{6751, 8},{1685, 10},{2473, 10},{2775, 8},{2473, 10},{2774, 8},{2773, 8},
{2473, 10},{2772, 8},{2473, 10},{2771, 8},{2473, 10},{2770, 8},{2473, 10},{4424, 10},{13016, 8},{20192, 15},
{14620, 8},{23441, 4},{10399, 7},{8841, 17},{17146, 7},{25273, 10},{3781, 16},{13020, 8},{896, 15},{4424, 10},
{5325, 17},{3781, 16},{6746, 8},{11573, 7},{23441, 4},{25273, 10},{23981, 7},{7551, 15},{879, 15},{4358, 15},
{3915, 15},{896, 15},{4424, 10},{13018, 8},{4424, 10},{20192, 15},{13014, 8},{13017, 8},{4357, 15},{4424, 10},
{24347, 15},{896, 15},{1685, 10},{12518, 15},{4424, 10},{18764, 8},{12518, 15},{18765, 8},{4424, 10},{23722, 15},
{12518, 15},{18766, 8},{3019, 15},{4424, 10},{3018, 15},{20113, 15},{4424, 10},{18767, 8},{12518, 15},{4424, 10},
{8606, 15},{12518, 15},{18762, 8},{16866, 15},{4424, 10},{12518, 15},{18763, 8},{1685, 10},{4424, 10},{3947, 15},
{863, 15},{636, 15},{13017, 8},{15039, 7},{5453, 7},{3781, 16},{10576, 4},{2987, 8},{7692, 7},{24553, 17},
{25273, 10},{17612, 4},{7189, 1},{14513, 7},{8105, 7},{858, 7},{25019, 17},{22581, 8},{8107, 7},{3781, 16},
{25273, 10},{1685, 10},{9135, 15},{6621, 15},{13017, 8},{4424, 10},{1685, 10},{10089, 7},{10096, 7},{6050, 17},
{7009, 7},{25273, 10},{10755, 8},{7004, 7},{3781, 16},{1143, 4},{25273, 10},{1143, 4},{10754, 8},{3781, 16},
{19580, 7},{19578, 7},{14490, 17},{1685, 10},{7009, 7},{25273, 10},{7531, 17},{10751, 8},{1143, 4},{3781, 16},
{19583, 7},{10096, 7},{3319, 7},{11633, 17},{10750, 8},{3781, 16},{5847, 7},{7013, 7},{25273, 10},{1143, 4},
{1143, 4},{10094, 7},{17631, 17},{25273, 10},{10749, 8},{3781, 16},{10097, 7},{19583, 7},{10748, 8},{1143, 4},
{3781, 16},{10099, 7},{21509, 17},{25273, 10},{5848, 7},{25273, 10},{6100, 17},{1143, 4},{7008, 7},{10747, 8},
{7006, 7},{19577, 7},{3781, 16},{7006, 7},{25273, 10},{10746, 8},{1143, 4},{26341, 7},{3317, 7},{19583, 7},
{3753, 17},{3781, 16},{3781, 16},{16744, 1},{15251, 17},{26341, 7},{19578, 7},{1143, 4},{25273, 10},{26343, 7},
{10093, 7},{10745, 8},{3781, 16},{7008, 7},{7007, 7},{26344, 7},{10744, 8},{1143, 4},{25273, 10},{21855, 17},
{5849, 7},{8287, 3},{3781, 16},{10704, 13},{19188, 12},{26371, 9},{8204, 2},{1652, 17},{15571, 9},{14749, 8},
{15323, 10},{3781, 16},{13913, 17},{16898, 9},{8204, 2},{15567, 9},{3754, 8},{15566, 9},{16059, 3},{10951, 12},
{2088, 13},{15323, 10},{2573, 12},{8504, 8},{5124, 13},{15573, 9},{16897, 9},{15323, 10},{25184, 17},{8204, 2},
{5151, 3},{15572, 9},{3781, 16},{22343, 9},{9768, 12},{8204, 2},{8481, 8},{15323, 10},{26314, 3},{23582, 13},
{3781, 16},{1979, 17},{16904, 9},{3781, 16},{8467, 8},{15159, 17},{16906, 9},{15568, 9},{8204, 2},{21577, 12},
{22073, 3},{25591, 13},{15323, 10},{16907, 9},{15569, 9},{8462, 8},{15323, 10},{18634, 13},{12454, 3},{22334, 9},
{19136, 12},{16903, 9},{16902, 9},{8204, 2},{23496, 17},{3781, 16},{4318, 13},{22335, 9},{15323, 10},{16905, 9},
{13502, 8},{24954, 17},{8204, 2},{22342, 9},{17189, 12},{14030, 3},{3781, 16},{10394, 0},{1223, 10},{23945, 1},
{7672, 10},{8485, 8},{6713, 7},{5674, 3},{23441, 4},{3781, 16},{1856, 17},{3781, 16},{7672, 10},{6706, 7},
{9080, 3},{23665, 10},{23441, 4},{8484, 8},{26225, 1},{10866, 17},{8487, 8},{3781, 16},{20385, 7},{14691, 17},
{23441, 4},{5440, 3},{23949, 1},{15742, 7},{7672, 10},{3781, 16},{1223, 10},{468, 17},{7672, 10},{11564, 0},
{24803, 3},{8486, 8},{700, 7},{26001, 1},{23441, 4},{3781, 16},{16740, 3},{7672, 10},{23665, 10},{23249, 7},
{8489, 8},{23251, 7},{23441, 4},{26001, 1},{1053, 17},{23665, 10},{26225, 1},{691, 7},{23441, 4},{9104, 17},
{7672, 10},{8488, 8},{4458, 3},{3781, 16},{8491, 8},{11120, 0},{23249, 7},{11304, 17},{4895, 3},{3781, 16},
{6713, 7},{23441, 4},{6708, 7},{11068, 1},{1223, 10},{7672, 10},{6756, 3},{7672, 10},{3979, 17},{23441, 4},
{20383, 7},{8490, 8},{3781, 16},{6709, 7},{15736, 7},{26003, 1},{13017, 8},{25120, 15},{4424, 10},{13018, 8},
{4424, 10},{25120, 15},{16386, 15},{5568, 15},{25120, 15},{4424, 10},{13019, 8},{13020, 8},{25120, 15},{4424, 10},
{16707, 15},{25120, 15},{13013, 8},{4424, 10},{12535, 15},{11066, 15},{25120, 15},{5564, 15},{4424, 10},{13014, 8},
{13531, 3},{23978, 0},{693, 7},{8483, 8},{23246, 7},{6713, 7},{1223, 10},{23441, 4},{15690, 17},{3781, 16},
{7672, 10},{11084, 1},{8482, 8},{1223, 10},{23484, 17},{7672, 10},{11086, 1},{23441, 4},{6705, 7},{10397, 0},
{21551, 3},{3781, 16},{1685, 10},{12329, 15},{13016, 8},{4424, 10},{5488, 15},{13015, 8},{4424, 10},{21389, 15},
{12329, 15},{13014, 8},{4424, 10},{12329, 15},{12329, 15},{4424, 10},{13013, 8},{4424, 10},{12329, 15},{13020, 8},
{21606, 15},{23764, 15},{4424, 10},{12329, 15},{13019, 8},{18081, 15},{4424, 10},{12329, 15},{13018, 8},{12329, 15},
{13017, 8},{4424, 10},{23768, 15},{4424, 10},{12329, 15},{24886, 8},{18453, 15},{12329, 15},{11669, 15},{4424, 10},
{24884, 8},{3840, 9},{3781, 16},{10885, 9},{19188, 3},{22644, 9},{20164, 5},{8283, 10},{9091, 8},{15066, 2},
{2323, 13},{17329, 12},{15931, 17},{10881, 9},{10880, 9},{10592, 3},{8283, 10},{9092, 8},{19869, 12},{15854, 9},
{2034, 5},{15824, 13},{3781, 16},{3834, 17},{15066, 2},{15855, 9},{3781, 16},{14533, 3},{22648, 9},{9089, 8},
{6555, 17},{22649, 9},{8283, 10},{25925, 13},{7783, 12},{10883, 9},{15066, 2},{20163, 5},{15066, 2},{238, 3},
{12350, 5},{22647, 9},{3781, 16},{6586, 13},{9090, 8},{17841, 12},{20099, 17},{10886, 9},{8283, 10},{22646, 9},
{15857, 9},{8283, 10},{16946, 9},{9095, 8},{1906, 13},{22853, 12},{16947, 9},{24288, 5},{3781, 16},{15856, 9},
{18240, 3},{15066, 2},{20415, 17},{24297, 5},{22837, 9},{16115, 3},{17777, 12},{15861, 9},{4463, 13},{9096, 8},
{10030, 17},{3781, 16},{15066, 2},{15862, 9},{8283, 10},{16577, 13},{15852, 9},{15066, 2},{9093, 8},{16944, 9},
{8821, 17},{14553, 12},{15853, 9},{20171, 5},{3781, 16},{8283, 10},{9436, 3},{16945, 9},{23361, 13},{9094, 8},
{15098, 3},{3781, 16},{7630, 12},{15859, 9},{8283, 10},{23469, 17},{20170, 5},{15066, 2},{15858, 9},{16941, 9},
{10250, 17},{8561, 9},{3781, 16},{8560, 9},{24522, 12},{8283, 10},{19668, 13},{15066, 2},{11891, 3},{24297, 5},
{9097, 8},{4224, 13},{870, 3},{16942, 9},{8283, 10},{20760, 17},{9098, 8},{15066, 2},{8562, 9},{24801, 12},
{17928, 5},{3781, 16},{25126, 10},{6593, 8},{6594, 8},{25126, 10},{13831, 8},{25126, 10},{25126, 10},{13833, 8},
{19306, 15},{26024, 15},{18763, 8},{3158, 15},{4424, 10},{1685, 10},{13694, 8},{25273, 10},{3781, 16},{8075, 7},
{21447, 17},{19954, 4},{25612, 7},{25606, 7},{8080, 7},{3781, 16},{5131, 7},{24051, 17},{25273, 10},{12065, 7},
{19954, 4},{13693, 8},{13692, 8},{25273, 10},{25615, 7},{866, 1},{1745, 7},{19954, 4},{3781, 16},{1740, 7},
{14124, 17},{25605, 7},{10846, 1},{25273, 10},{3781, 16},{25614, 7},{13691, 8},{15213, 17},{19954, 4},{8073, 7},
{1745, 7},{13698, 8},{237, 17},{25273, 10},{3781, 16},{25605, 7},{19954, 4},{12067, 7},{1735, 7},{1739, 7},
{3781, 16},{25273, 10},{13697, 8},{11290, 17},{19954, 4},{8075, 7},{25273, 10},{1743, 7},{3781, 16},{12061, 7},
{22176, 17},{1735, 7},{19954, 4},{13696, 8},{15675, 17},{25273, 10},{3781, 16},{13695, 8},{12066, 7},{25615, 7},
{12522, 1},{19954, 4},{5132, 7},{8069, 7},{3781, 16},{11055, 17},{25273, 10},{13702, 8},{19954, 4},{12064, 7},
{25611, 7},{13701, 8},{25273, 10},{3781, 16},{19954, 4},{6371, 17},{1736, 7},{25614, 7},{25605, 7},{1685, 10},
{1685, 10},{13724, 8},{10844, 1},{19954, 4},{22227, 17},{25273, 10},{12067, 7},{3781, 16},{12063, 7},{9551, 15},
{13017, 8},{4424, 10},{9551, 15},{18811, 15},{13018, 8},{4424, 10},{3781, 16},{5052, 17},{19954, 4},{5133, 7},
{1735, 7},{12063, 7},{25273, 10},{2716, 8},{13728, 8},{8076, 7},{25273, 10},{3781, 16},{25611, 7},{20148, 17},
{19954, 4},{3781, 16},{25605, 7},{14860, 17},{13727, 8},{8070, 7},{19954, 4},{25273, 10},{12065, 7},{25273, 10},
{19954, 4},{13726, 8},{17986, 17},{1744, 7},{3781, 16},{1738, 7},{19954, 4},{21541, 17},{13733, 8},{1736, 7},
{25273, 10},{1742, 7},{3781, 16},{13732, 8},{25616, 7},{21034, 17},{3781, 16},{25273, 10},{8080, 7},{19954, 4},
{5130, 7},{1744, 7},{1685, 10},{19954, 4},{22708, 7},{13730, 8},{12060, 7},{1744, 7},{25273, 10},{25706, 17},
{24822, 7},{3781, 16},{4843, 17},{16145, 7},{3781, 16},{25273, 10},{16149, 7},{16655, 8},{4714, 7},{25314, 4},
{2194, 17},{25314, 4},{4706, 7},{8130, 7},{3781, 16},{25273, 10},{16654, 8},{4712, 7},{8126, 7},{25273, 10},
{4367, 1},{24386, 7},{3781, 16},{8132, 7},{16657, 8},{25314, 4},{97, 17},{24389, 7},{8127, 7},{25314, 4},
{22303, 7},{25273, 10},{16656, 8},{3781, 16},{18519, 17},{8130, 7},{22309, 7},{25314, 4},{24389, 7},{16659, 8},
{20251, 17},{22302, 7},{3781, 16},{25273, 10},{24383, 7},{25273, 10},{9278, 7},{24388, 7},{25314, 4},{3781, 16},
{16658, 8},{4115, 17},{4711, 7},{16146, 7},{16143, 7},{3781, 16},{19991, 17},{4373, 1},{25273, 10},{25314, 4},
{16661, 8},{16660, 8},{20179, 17},{24386, 7},{25314, 4},{25273, 10},{16146, 7},{3781, 16},{8095, 17},{25273, 10},
{16653, 8},{25314, 4},{4709, 7},{8126, 7},{24384, 7},{3781, 16},{8130, 7},{3781, 16},{14304, 1},{21019, 8},
{8129, 7},{4714, 7},{25314, 4},{16145, 7},{25273, 10},{4712, 7},{23886, 17},{18765, 8},{12268, 15},{4424, 10},
{15902, 15},{2728, 8},{25273, 10},{21332, 17},{3781, 16},{18528, 7},{22793, 7},{13175, 4},{11761, 7},{20660, 7},
{3781, 16},{2725, 8},{25273, 10},{19649, 17},{25263, 7},{13175, 4},{21069, 7},{18529, 7},{5302, 17},{2726, 8},
{25273, 10},{3781, 16},{13175, 4},{3781, 16},{18783, 1},{22170, 7},{13175, 4},{24577, 17},{2723, 8},{25273, 10},
{11762, 7},{16790, 8},{7008, 7},{25273, 10},{3781, 16},{19726, 17},{1143, 4},{10096, 7},{3317, 7},{25273, 10},
{25267, 7},{13175, 4},{3781, 16},{22800, 7},{18525, 7},{4831, 17},{2724, 8},{2721, 8},{18526, 7},{9342, 1},
{3781, 16},{2657, 17},{18520, 7},{25273, 10},{13175, 4},{21069, 7},{22797, 7},{13175, 4},{531, 17},{21069, 7},
{11762, 7},{25273, 10},{25267, 7},{22802, 7},{3781, 16},{2722, 8},{868, 15},{4424, 10},{15686, 8},{9434, 8},
{868, 15},{4424, 10},{3009, 15},{8614, 15},{18763, 8},{17675, 15},{868, 15},{4424, 10},{4424, 10},{868, 15},
{18762, 8},{20109, 15},{868, 15},{4424, 10},{18765, 8},{16861, 15},{868, 15},{18764, 8},{4424, 10},{18767, 8},
{868, 15},{4424, 10},{868, 15},{1893, 15},{18766, 8},{4424, 10},{4424, 10},{868, 15},{15477, 15},{6692, 8},
{4424, 10},{868, 15},{6690, 8},{9479, 8},{16856, 17},{3781, 16},{1143, 4},{5850, 7},{5849, 7},{25273, 10},
{10099, 7},{12232, 4},{12507, 7},{12503, 7},{2068, 17},{14307, 7},{6726, 8},{3781, 16},{25273, 10},{14473, 8},
{10714, 17},{12232, 4},{7363, 7},{3781, 16},{14307, 7},{25273, 10},{25273, 10},{12232, 4},{3781, 16},{6724, 8},
{19924, 7},{12509, 7},{5018, 1},{11782, 7},{4621, 17},{3781, 16},{25273, 10},{19926, 7},{12089, 17},{12232, 4},
{7366, 7},{6725, 8},{11778, 7},{25273, 10},{6293, 7},{19931, 7},{6722, 8},{7365, 7},{3781, 16},{3820, 17},
{12232, 4},{12509, 7},{12232, 4},{19931, 7},{3781, 16},{6723, 8},{25273, 10},{11776, 7},{25869, 17},{25273, 10},
{6720, 8},{12232, 4},{19930, 7},{9897, 17},{5528, 7},{3781, 16},{6721, 8},{3781, 16},{19923, 7},{7363, 7},
{19927, 7},{5528, 7},{3941, 17},{12232, 4},{25273, 10},{6730, 8},{17652, 17},{12232, 4},{3781, 16},{25273, 10},
{6293, 7},{12504, 7},{8146, 1},{12504, 7},{6731, 8},{25273, 10},{3781, 16},{12232, 4},{17666, 17},{5529, 7},
{6293, 7},{4424, 10},{6690, 8},{14683, 15},{6692, 8},{4424, 10},{14683, 15},{4424, 10},{14683, 15},{18762, 8},
{14683, 15},{18763, 8},{4424, 10},{17740, 15},{9434, 8},{4424, 10},{14683, 15},{14069, 15},{4424, 10},{15686, 8},
{14683, 15},{14683, 15},{4424, 10},{18766, 8},{4142, 15},{4424, 10},{18767, 8},{14683, 15},{4424, 10},{14683, 15},
{18764, 8},{2003, 15},{4424, 10},{15603, 15},{14683, 15},{18765, 8},{3317, 7},{3597, 8},{3781, 16},{25273, 10},
{5846, 7},{21823, 17},{1143, 4},{7009, 7},{5840, 7},{3596, 8},{19577, 7},{9557, 1},{1401, 17},{3781, 16},
{1143, 4},{5847, 7},{26341, 7},{25273, 10},{7012, 7},{3316, 7},{10100, 7},{10099, 7},{12695, 17},{9561, 8},
{25273, 10},{3781, 16},{1143, 4},{25273, 10},{5107, 7},{6740, 17},{24752, 4},{6930, 7},{2985, 8},{6921, 7},
{3781, 16},{16246, 17},{3781, 16},{19586, 7},{1143, 4},{22008, 8},{19578, 7},{25273, 10},{19581, 7},{18954, 7},
{24752, 4},{2979, 8},{12027, 7},{3781, 16},{7000, 17},{8048, 7},{25273, 10},{14251, 7},{22011, 8},{19580, 7},
{19167, 17},{25273, 10},{5844, 7},{1143, 4},{3781, 16},{2981, 8},{12026, 7},{25273, 10},{3781, 16},{24752, 4},
{12031, 7},{12030, 7},{18954, 7},{15570, 17},{2988, 8},{1358, 7},{5437, 17},{24752, 4},{18954, 7},{25273, 10},
{3781, 16},{14254, 7},{16053, 7},{3781, 16},{24752, 4},{22806, 1},{25273, 10},{12453, 17},{2987, 8},{3194, 17},
{1143, 4},{5846, 7},{9424, 8},{25273, 10},{3781, 16},{5845, 7},{3321, 7},{3781, 16},{7008, 7},{25273, 10},
{19586, 7},{7007, 7},{1143, 4},{14890, 8},{15353, 17},{18792, 15},{4424, 10},{6692, 8},{6690, 8},{18792, 15},
{4424, 10},{4424, 10},{18792, 15},{18763, 8},{18792, 15},{18762, 8},{4424, 10},{23210, 15},{15686, 8},{4424, 10},
{18792, 15},{4424, 10},{2069, 15},{9434, 8},{18792, 15},{4424, 10},{18767, 8},{16041, 15},{18792, 15},{18792, 15},
{4424, 10},{18766, 8},{2060, 15},{4424, 10},{18765, 8},{18792, 15},{18764, 8},{18792, 15},{4424, 10},{7817, 7},
{15856, 7},{15066, 4},{21230, 7},{3781, 16},{3840, 7},{25273, 10},{12109, 17},{16195, 8},{25273, 10},{3781, 16},
{20085, 7},{15066, 4},{16196, 8},{6688, 17},{3840, 7},{8564, 7},{2640, 7},{15066, 4},{18859, 17},{3455, 1},
{9041, 7},{18211, 8},{3781, 16},{25273, 10},{15066, 4},{5047, 7},{18214, 8},{25273, 10},{16466, 17},{7816, 7},
{3781, 16},{15856, 7},{3781, 16},{22648, 7},{5811, 8},{25273, 10},{2661, 7},{15066, 4},{8578, 17},{7817, 7},
{8557, 7},{5817, 8},{20055, 17},{3781, 16},{7817, 7},{15854, 7},{15066, 4},{25273, 10},{25273, 10},{22644, 7},
{15680, 17},{18197, 8},{8557, 7},{7817, 7},{15066, 4},{3781, 16},{18198, 8},{25273, 10},{3781, 16},{15853, 7},
{15066, 4},{4439, 17},{21249, 7},{7818, 7},{7274, 1},{2661, 7},{3781, 16},{402, 7},{25273, 10},{5785, 17},
{5766, 8},{15066, 4},{3781, 16},{18194, 8},{8558, 7},{5047, 7},{25273, 10},{15066, 4},{22651, 7},{1984, 17},
{7819, 7},{1685, 10},{11027, 15},{4370, 15},{18766, 8},{19299, 15},{4424, 10},{23937, 15},{18766, 8},{4424, 10},
{24376, 15},{13019, 8},{26230, 15},{4424, 10},{24490, 15},{16996, 15},{26230, 15},{4424, 10},{13018, 8},{4424, 10},
{13017, 8},{26230, 15},{18762, 8},{4424, 10},{23937, 15},{18763, 8},{23504, 15},{4424, 10},{23937, 15},{23937, 15},
{4424, 10},{9434, 8},{5514, 15},{15686, 8},{24490, 15},{4424, 10},{23937, 15},{25273, 10},{10099, 7},{3781, 16},
{1143, 4},{10096, 7},{9483, 8},{20555, 17},{7672, 10},{15272, 4},{18648, 3},{20443, 17},{13751, 7},{21365, 8},
{3781, 16},{17264, 1},{23665, 10},{3781, 16},{12983, 3},{3731, 17},{15272, 4},{5956, 7},{5784, 1},{21366, 8},
{23665, 10},{7672, 10},{13180, 7},{3781, 16},{23665, 10},{23627, 3},{21363, 8},{7672, 10},{12713, 17},{9773, 7},
{5955, 7},{15272, 4},{906, 1},{5961, 7},{7672, 10},{905, 1},{3781, 16},{21364, 8},{9435, 3},{15272, 4},
{23665, 10},{10798, 17},{3781, 16},{21369, 8},{15272, 4},{8117, 3},{9771, 7},{3931, 17},{5953, 7},{17261, 1},
{7672, 10},{22577, 8},{15272, 4},{294, 3},{7779, 17},{895, 1},{3781, 16},{7672, 10},{20126, 7},{1223, 10},
{7463, 3},{895, 1},{10857, 0},{9772, 7},{7672, 10},{3781, 16},{5958, 7},{15272, 4},{18316, 7},{21367, 8},
{8006, 17},{13750, 7},{15272, 4},{17582, 3},{8426, 17},{3781, 16},{21368, 8},{18316, 7},{902, 1},{7672, 10},
{17262, 1},{21360, 8},{18313, 7},{15272, 4},{3781, 16},{1223, 10},{18318, 7},{21302, 3},{13750, 7},{17353, 0},
{20031, 17},{7672, 10},{21361, 8},{7672, 10},{12723, 3},{3781, 16},{22663, 7},{5957, 7},{6950, 17},{15272, 4},
{17265, 1},{18319, 7},{24569, 15},{18763, 8},{4424, 10},{18762, 8},{6697, 15},{4424, 10},{8876, 15},{24569, 15},
{4254, 15},{8627, 15},{24569, 15},{4424, 10},{9434, 8},{24569, 15},{4424, 10},{18767, 8},{18766, 8},{24569, 15},
{4424, 10},{4424, 10},{18765, 8},{24569, 15},{24569, 15},{4424, 10},{18764, 8},{17612, 4},{25273, 10},{3781, 16},
{861, 7},{11836, 17},{6851, 7},{20546, 7},{13701, 8},{8104, 7},{14514, 7},{25273, 10},{7542, 7},{14513, 7},
{17612, 4},{3781, 16},{3376, 17},{13702, 8},{18607, 17},{858, 7},{7194, 1},{20553, 7},{7542, 7},{14512, 7},
{13691, 8},{3781, 16},{17612, 4},{25273, 10},{20553, 7},{17612, 4},{3781, 16},{6852, 7},{854, 7},{25273, 10},
{6715, 17},{14515, 7},{13692, 8},{9126, 1},{9061, 17},{14508, 7},{13693, 8},{14510, 7},{17612, 4},{3781, 16},
{25273, 10},{20544, 7},{12636, 17},{25273, 10},{6856, 7},{13694, 8},{3781, 16},{17612, 4},{13695, 8},{17612, 4},
{6855, 7},{6856, 7},{25105, 17},{14512, 7},{3781, 16},{25273, 10},{25234, 1},{17612, 4},{25108, 17},{3781, 16},
{20547, 7},{25273, 10},{20544, 7},{13696, 8},{855, 7},{17612, 4},{25273, 10},{8107, 7},{8101, 7},{26167, 17},
{13697, 8},{8108, 7},{3781, 16},{14508, 7},{25235, 1},{13698, 8},{20553, 7},{7771, 17},{25273, 10},{7540, 7},
{17612, 4},{3781, 16},{1685, 10},{25126, 10},{13576, 8},{3158, 15},{13019, 8},{4424, 10},{13578, 8},{25126, 10},
{13579, 8},{25126, 10},{13580, 8},{25126, 10},{13581, 8},{25126, 10},{12855, 8},{25126, 10},{25275, 15},{13020, 8},
{3158, 15},{4424, 10},{3158, 15},{25281, 15},{4424, 10},{13017, 8},{4424, 10},{7278, 15},{13019, 8},{7278, 15},
{13014, 8},{4424, 10},{3781, 16},{4729, 8},{6908, 7},{7672, 10},{25679, 7},{22811, 1},{1223, 10},{10695, 3},
{24752, 4},{5175, 7},{12714, 17},{5103, 0},{14944, 17},{3781, 16},{12477, 7},{1530, 4},{25273, 10},{26012, 7},
{25918, 1},{10763, 8},{25273, 10},{19292, 7},{1530, 4},{25222, 7},{19980, 17},{10743, 8},{26016, 7},{3781, 16},
{25222, 7},{10731, 8},{3781, 16},{26023, 7},{1530, 4},{2507, 17},{25273, 10},{12481, 7},{7357, 7},{7357, 7},
{17060, 17},{3781, 16},{25926, 1},{10711, 8},{1530, 4},{5512, 7},{25273, 10},{12478, 7},{19294, 7},{424, 17},
{1530, 4},{22821, 8},{26021, 7},{3781, 16},{15448, 1},{26013, 7},{26023, 7},{25273, 10},{1685, 10},{3781, 16},
{7423, 17},{12484, 7},{25273, 10},{19291, 7},{7148, 7},{22815, 8},{1530, 4},{12483, 7},{26098, 17},{10772, 8},
{3781, 16},{1530, 4},{26019, 7},{25273, 10},{19290, 7},{19295, 7},{1685, 10},{5505, 7},{3781, 16},{3135, 17},
{1530, 4},{21410, 8},{25273, 10},{5506, 7},{21772, 7},{1530, 4},{8628, 17},{19666, 7},{12481, 7},{3781, 16},
{21409, 8},{25273, 10},{7142, 7},{10640, 7},{12428, 7},{10576, 4},{7689, 7},{17128, 17},{9283, 8},{25273, 10},
{3781, 16},{1685, 10},{9288, 8},{5327, 17},{25273, 10},{3781, 16},{20593, 7},{10576, 4},{7098, 1},{14662, 7},
{5455, 7},{25273, 10},{12429, 7},{20592, 7},{14659, 7},{9289, 8},{2445, 17},{10576, 4},{5457, 7},{3781, 16},
{1685, 10},{13020, 8},{4424, 10},{13433, 15},{4424, 10},{13433, 15},{13019, 8},{1575, 15},{1570, 15},{14068, 15},
{13433, 15},{15599, 15},{4424, 10},{13018, 8},{13433, 15},{4138, 15},{1572, 15},{13017, 8},{4424, 10},{1685, 10},
{20238, 7},{25273, 10},{7157, 7},{20972, 8},{3781, 16},{7156, 7},{23975, 4},{3325, 17},{23750, 17},{20969, 8},
{9457, 1},{16256, 7},{3781, 16},{540, 7},{23975, 4},{25273, 10},{7159, 7},{16255, 7},{539, 7},{3781, 16},
{17133, 17},{23975, 4},{25273, 10},{3397, 8},{8686, 7},{7157, 7},{7161, 7},{8689, 7},{539, 7},{3781, 16},
{3396, 8},{23975, 4},{25273, 10},{12016, 17},{13914, 17},{536, 7},{23975, 4},{25273, 10},{3399, 8},{3781, 16},
{8691, 7},{16256, 7},{3781, 16},{541, 7},{8690, 7},{23975, 4},{3398, 8},{20240, 7},{22904, 17},{25273, 10},
{16256, 7},{13746, 17},{23975, 4},{16258, 7},{7163, 7},{25273, 10},{3401, 8},{3781, 16},{7157, 7},{7164, 7},
{6480, 17},{16255, 7},{25273, 10},{23975, 4},{3781, 16},{3400, 8},{20241, 7},{23975, 4},{16261, 7},{25273, 10},
{8689, 7},{3403, 8},{3781, 16},{539, 7},{13878, 17},{3402, 8},{16257, 7},{542, 7},{3781, 16},{23975, 4},
{22739, 17},{544, 7},{6279, 1},{25273, 10},{535, 7},{17391, 8},{2473, 10},{17392, 8},{2473, 10},{2473, 10},
{17396, 8},{25345, 8},{2473, 10},{2473, 10},{17394, 8},{2473, 10},{17395, 8},{2473, 10},{17400, 8},{17401, 8},
{2473, 10},{2473, 10},{17398, 8},{17399, 8},{2473, 10},{25273, 10},{18523, 7},{21513, 17},{3781, 16},{18522, 7},
{17301, 8},{25256, 7},{13175, 4},{18528, 7},{3781, 16},{11769, 7},{18528, 7},{25273, 10},{5668, 17},{3932, 1},
{13175, 4},{19756, 8},{25265, 7},{20660, 7},{22792, 7},{1059, 8},{3781, 16},{25273, 10},{13175, 4},{9044, 17},
{11764, 7},{13175, 4},{3781, 16},{1375, 8},{18520, 7},{25273, 10},{25263, 7},{16050, 17},{26440, 8},{3781, 16},
{13175, 4},{25273, 10},{22793, 7},{18528, 7},{11492, 17},{13945, 17},{3781, 16},{26441, 8},{13175, 4},{22170, 7},
{25273, 10},{20658, 7},{22170, 7},{25270, 17},{26438, 8},{3781, 16},{13175, 4},{11760, 7},{22797, 7},{25273, 10},
{22795, 7},{3929, 1},{25273, 10},{11764, 7},{3781, 16},{11768, 7},{25403, 17},{19680, 8},{13175, 4},{25268, 7},
{25273, 10},{20653, 7},{17710, 8},{11766, 7},{18523, 7},{13175, 4},{3551, 17},{3781, 16},{9342, 1},{1307, 17},
{13175, 4},{25273, 10},{11769, 7},{3781, 16},{11767, 7},{25263, 7},{18528, 7},{19813, 8},{1685, 10},{16838, 17},
{19603, 7},{3781, 16},{8204, 4},{25273, 10},{14591, 8},{16907, 7},{8204, 4},{25273, 10},{10128, 7},{3781, 16},
{10129, 7},{21290, 8},{4876, 17},{20427, 17},{8204, 4},{14562, 8},{19604, 7},{3781, 16},{25134, 7},{19603, 7},
{25273, 10},{23527, 7},{25273, 10},{23519, 7},{8347, 17},{3781, 16},{16901, 7},{13436, 1},{14555, 8},{8204, 4},
{16904, 7},{5429, 7},{14549, 8},{8204, 4},{16901, 7},{13430, 1},{7175, 17},{25273, 10},{3781, 16},{3781, 16},
{6222, 17},{25273, 10},{10130, 7},{5424, 7},{8323, 8},{8204, 4},{25139, 7},{8204, 4},{21499, 17},{25135, 7},
{25273, 10},{8322, 8},{3781, 16},{8970, 7},{3781, 16},{25134, 7},{25273, 10},{8204, 4},{8321, 8},{16304, 17},
{4618, 17},{5692, 8},{3781, 16},{25131, 7},{25273, 10},{10126, 7},{8204, 4},{25135, 7},{5691, 8},{3781, 16},
{8204, 4},{25273, 10},{5763, 17},{25131, 7},{1685, 10},{1685, 10},{1685, 10},{4371, 15},{4424, 10},{18766, 8},
{4424, 10},{18767, 8},{4371, 15},{4424, 10},{4371, 15},{4171, 15},{18764, 8},{4371, 15},{18535, 15},{4424, 10},
{18765, 8},{25274, 15},{18762, 8},{4371, 15},{4424, 10},{4371, 15},{4424, 10},{18763, 8},{4371, 15},{11783, 15},
{17635, 15},{9434, 8},{4424, 10},{10177, 15},{15686, 8},{4424, 10},{4371, 15},{13019, 8},{4424, 10},{12677, 15},
{2473, 10},{3665, 8},{4424, 10},{11442, 15},{6692, 8},{6690, 8},{4424, 10},{11442, 15},{16426, 15},{7153, 15},
{4424, 10},{18765, 8},{7153, 15},{20367, 15},{18764, 8},{1617, 15},{4424, 10},{4424, 10},{7153, 15},{18767, 8},
{7355, 15},{4424, 10},{7153, 15},{18766, 8},{18765, 8},{11442, 15},{4424, 10},{15729, 15},{8655, 15},{11442, 15},
{4424, 10},{18764, 8},{18767, 8},{4424, 10},{11442, 15},{4424, 10},{11442, 15},{18766, 8},{11442, 15},{15727, 15},
{15686, 8},{4424, 10},{4424, 10},{9434, 8},{11442, 15},{11442, 15},{4253, 15},{8632, 15},{4424, 10},{18763, 8},
{4424, 10},{11442, 15},{18762, 8},{14333, 15},{15686, 8},{15722, 15},{4424, 10},{3447, 15},{19922, 7},{25273, 10},
{7468, 17},{5533, 7},{19923, 7},{3781, 16},{2547, 8},{14303, 7},{12232, 4},{25273, 10},{3781, 16},{22595, 8},
{12232, 4},{12502, 7},{6300, 7},{2467, 17},{25273, 10},{5530, 7},{14309, 7},{24962, 17},{5021, 1},{12502, 7},
{12232, 4},{3781, 16},{7363, 7},{2545, 8},{14310, 7},{2546, 8},{19929, 7},{25273, 10},{12232, 4},{11781, 7},
{3781, 16},{20072, 17},{7475, 7},{25273, 10},{12232, 4},{3781, 16},{2543, 8},{19929, 7},{7368, 7},{9234, 17},
{20396, 1},{5204, 17},{25273, 10},{19923, 7},{11777, 7},{2544, 8},{3781, 16},{12232, 4},{6316, 7},{2541, 8},
{7367, 7},{14302, 7},{12232, 4},{3781, 16},{25273, 10},{4548, 17},{25273, 10},{9348, 17},{12232, 4},{19930, 7},
{7368, 7},{2542, 8},{14307, 7},{5529, 7},{8151, 1},{3781, 16},{2549, 8},{5529, 7},{25273, 10},{12232, 4},
{12508, 7},{3781, 16},{20467, 17},{19926, 7},{3781, 16},{4056, 17},{12500, 7},{25273, 10},{5527, 7},{2550, 8},
{12232, 4},{4424, 10},{15686, 8},{20396, 15},{5576, 15},{4424, 10},{9434, 8},{20396, 15},{20396, 15},{5586, 15},
{22262, 15},{18763, 8},{4424, 10},{4424, 10},{20396, 15},{18762, 8},{1936, 15},{20396, 15},{4424, 10},{18765, 8},
{18764, 8},{4424, 10},{20396, 15},{20396, 15},{4424, 10},{7402, 15},{18767, 8},{18766, 8},{4424, 10},{20396, 15},
{6692, 8},{4424, 10},{20396, 15},{6690, 8},{20396, 15},{8616, 15},{4424, 10},{13180, 7},{22664, 7},{3781, 16},
{7672, 10},{15272, 4},{3016, 7},{5034, 8},{18858, 3},{906, 1},{22525, 17},{5036, 8},{15272, 4},{1448, 1},
{9776, 7},{17496, 17},{9777, 7},{7672, 10},{20130, 7},{23665, 10},{3781, 16},{921, 3},{18440, 8},{5959, 7},
{7628, 17},{7672, 10},{15486, 7},{12369, 3},{19937, 1},{15272, 4},{15475, 7},{3781, 16},{17257, 1},{3301, 17},
{22784, 7},{6803, 3},{15272, 4},{18316, 7},{3781, 16},{7672, 10},{18441, 8},{1446, 1},{23665, 10},{7672, 10},
{15272, 4},{2199, 3},{9777, 7},{22722, 7},{17127, 8},{3781, 16},{18477, 17},{7672, 10},{5044, 8},{15272, 4},
{1816, 3},{13860, 17},{9772, 7},{17259, 1},{22664, 7},{9774, 7},{3781, 16},{15272, 4},{1442, 1},{7672, 10},
{3781, 16},{18444, 8},{23665, 10},{12689, 3},{793, 17},{20125, 7},{11273, 3},{5784, 1},{19894, 0},{1223, 10},
{3781, 16},{22627, 17},{7672, 10},{15478, 7},{5050, 8},{15272, 4},{5955, 7},{13758, 7},{8113, 3},{15272, 4},
{7672, 10},{18442, 8},{682, 17},{897, 1},{3781, 16},{3781, 16},{23444, 17},{17260, 1},{18443, 8},{6114, 3},
{7672, 10},{20117, 7},{15272, 4},{1685, 10},{1685, 10},{13374, 8},{3781, 16},{13175, 2},{25591, 3},{25831, 9},
{8709, 13},{21017, 17},{18523, 9},{18522, 9},{24294, 5},{3864, 10},{19197, 12},{25780, 9},{11719, 7},{5425, 7},
{10121, 7},{3781, 16},{25139, 7},{8204, 4},{14417, 17},{25273, 10},{14146, 8},{19954, 4},{20821, 7},{25333, 3},
{4841, 17},{7672, 10},{25799, 7},{7835, 7},{871, 1},{3781, 16},{24970, 8},{24278, 9},{24279, 9},{21768, 17},
{13175, 2},{3864, 10},{13372, 8},{3781, 16},{18520, 9},{1537, 13},{20166, 5},{4480, 3},{21601, 12},{12520, 1},
{19954, 4},{16427, 17},{11415, 7},{3781, 16},{7672, 10},{20306, 3},{25796, 7},{23665, 10},{7839, 7},{24969, 8},
{231, 12},{13175, 2},{24277, 9},{14126, 3},{13373, 8},{12013, 17},{3864, 10},{12847, 13},{3781, 16},{24301, 5},
{11760, 9},{24276, 9},{21971, 17},{19603, 7},{10126, 7},{14680, 1},{10128, 7},{3781, 16},{14143, 8},{25273, 10},
{8204, 4},{25137, 7},{16116, 17},{10124, 7},{14142, 8},{25273, 10},{26371, 7},{3781, 16},{8204, 4},{1685, 10},
{8204, 4},{10125, 7},{14141, 8},{11719, 7},{3781, 16},{25273, 10},{5391, 17},{25131, 7},{25138, 7},{10124, 7},
{25273, 10},{11746, 7},{8204, 4},{16880, 17},{14140, 8},{16907, 7},{3781, 16},{24978, 8},{1132, 7},{7672, 10},
{12519, 1},{7830, 7},{3781, 16},{3377, 3},{7221, 17},{18597, 7},{19954, 4},{25802, 7},{2163, 3},{10846, 1},
{11417, 7},{7672, 10},{24977, 8},{13121, 17},{19954, 4},{3781, 16},{1685, 10},{3316, 7},{3567, 17},{1143, 4},
{25273, 10},{3781, 16},{26339, 7},{19756, 8},{2459, 1},{3781, 16},{24090, 17},{23981, 7},{11566, 7},{4308, 7},
{10400, 7},{23441, 4},{2448, 8},{25273, 10},{17151, 7},{25273, 10},{4310, 7},{4307, 7},{4028, 17},{23441, 4},
{10395, 7},{3781, 16},{2435, 8},{4308, 7},{25291, 17},{23441, 4},{11573, 7},{23984, 7},{25273, 10},{3781, 16},
{2418, 8},{10281, 8},{10393, 7},{3781, 16},{11120, 7},{25273, 10},{13497, 17},{23441, 4},{11573, 7},{23441, 4},
{25273, 10},{23981, 7},{4308, 7},{3781, 16},{9054, 17},{23984, 7},{10211, 8},{7980, 8},{3781, 16},{4309, 7},
{487, 17},{23441, 4},{25273, 10},{11572, 7},{19529, 1},{2357, 8},{23441, 4},{4310, 7},{3781, 16},{4307, 7},
{4262, 17},{25273, 10},{17151, 7},{11569, 7},{1091, 17},{2345, 8},{25273, 10},{23983, 7},{11120, 7},{3781, 16},
{23441, 4},{4313, 7},{17524, 8},{10394, 7},{3781, 16},{23982, 7},{25273, 10},{17147, 7},{23441, 4},{5852, 17},
{23979, 7},{14187, 17},{23441, 4},{3781, 16},{11571, 7},{25273, 10},{23978, 7},{11747, 8},{11572, 7},{17301, 8},
{26338, 7},{10095, 7},{1143, 4},{25273, 10},{13507, 17},{19581, 7},{3781, 16},{23975, 4},{20237, 7},{25273, 10},
{19678, 17},{14140, 8},{8366, 1},{3781, 16},{20234, 7},{1685, 10},{3781, 16},{8685, 7},{8695, 7},{8688, 7},
{539, 7},{26050, 17},{15468, 8},{25273, 10},{9032, 1},{23975, 4},{3781, 16},{15917, 17},{25273, 10},{15467, 8},
{23975, 4},{16258, 7},{20233, 7},{8366, 1},{3781, 16},{537, 7},{23975, 4},{8686, 7},{21921, 17},{15470, 8},
{25273, 10},{15469, 8},{25273, 10},{10761, 17},{3781, 16},{8695, 7},{23975, 4},{538, 7},{23975, 4},{15464, 8},
{25273, 10},{7157, 7},{3781, 16},{6047, 17},{16262, 7},{25273, 10},{11023, 17},{3781, 16},{20233, 7},{23975, 4},
{15463, 8},{20238, 7},{8361, 1},{25273, 10},{7156, 7},{6165, 8},{10603, 17},{23975, 4},{20236, 7},{20237, 7},
{3781, 16},{20233, 7},{23975, 4},{20236, 7},{25273, 10},{537, 7},{21907, 17},{15465, 8},{9458, 1},{3781, 16},
{25273, 10},{13689, 8},{3781, 16},{16260, 7},{23975, 4},{8686, 7},{16261, 7},{535, 7},{1268, 17},{7158, 7},
{20240, 7},{3781, 16},{15460, 8},{25273, 10},{22487, 17},{23975, 4},{538, 7},{5107, 7},{14252, 7},{25273, 10},
{3781, 16},{11683, 17},{24752, 4},{13258, 8},{5110, 7},{6924, 7},{16457, 8},{5109, 7},{25273, 10},{3781, 16},
{14252, 7},{22254, 17},{24752, 4},{16700, 8},{6923, 7},{25273, 10},{14251, 7},{24752, 4},{17824, 17},{16985, 7},
{3781, 16},{93, 17},{14251, 7},{6931, 7},{13205, 8},{25273, 10},{16985, 7},{3781, 16},{24752, 4},{14252, 7},
{18954, 7},{24752, 4},{14249, 7},{15760, 17},{3781, 16},{812, 8},{25273, 10},{24752, 4},{8603, 17},{807, 8},
{18952, 7},{18959, 7},{6930, 7},{6931, 7},{25273, 10},{3781, 16},{3781, 16},{8227, 7},{24752, 4},{14258, 7},
{25273, 10},{19898, 17},{18949, 7},{18954, 7},{13178, 8},{25273, 10},{16985, 7},{10475, 17},{24752, 4},{6923, 7},
{6925, 7},{3781, 16},{13169, 8},{1685, 10},{24752, 4},{22131, 8},{25273, 10},{8955, 17},{5110, 7},{18952, 7},
{3781, 16},{25273, 10},{1360, 7},{24752, 4},{12026, 7},{3781, 16},{4960, 17},{22130, 8},{18552, 8},{1143, 4},
{8549, 17},{7007, 7},{5849, 7},{25273, 10},{3781, 16},{5840, 7},{10093, 7},{25273, 10},{1143, 4},{7002, 7},
{3781, 16},{18544, 8},{3944, 17},{19583, 7},{7005, 7},{3317, 7},{22370, 15},{20863, 15},{18762, 8},{4424, 10},
{3781, 16},{14506, 7},{17612, 4},{14634, 8},{7189, 1},{25273, 10},{22221, 17},{8108, 7},{8103, 7},{6857, 7},
{17612, 4},{25273, 10},{8102, 7},{3781, 16},{14635, 8},{14510, 7},{17877, 17},{17612, 4},{8105, 7},{2594, 17},
{7543, 7},{14636, 8},{25273, 10},{3781, 16},{14629, 8},{3781, 16},{20545, 7},{23876, 17},{7186, 1},{8102, 7},
{17612, 4},{6849, 7},{25273, 10},{17612, 4},{8108, 7},{4976, 17},{8101, 7},{6857, 7},{861, 7},{25273, 10},
{14630, 8},{3781, 16},{17612, 4},{7539, 7},{3781, 16},{858, 7},{13940, 17},{14631, 8},{20547, 7},{25273, 10},
{3781, 16},{14632, 8},{13910, 17},{17612, 4},{20550, 7},{25273, 10},{6858, 7},{15601, 15},{6690, 8},{20863, 15},
{4424, 10},{4424, 10},{6692, 8},{20863, 15},{12525, 17},{14507, 7},{17612, 4},{8101, 7},{25273, 10},{20543, 7},
{3781, 16},{14637, 8},{6567, 17},{3781, 16},{7542, 7},{14638, 8},{25273, 10},{14512, 7},{17612, 4},{7271, 15},
{13018, 8},{4424, 10},{13017, 8},{7271, 15},{4424, 10},{7271, 15},{4424, 10},{13020, 8},{720, 15},{13019, 8},
{7271, 15},{4424, 10},{13014, 8},{7271, 15},{4424, 10},{7271, 15},{13013, 8},{4424, 10},{13015, 8},{4424, 10},
{7271, 15},{23053, 17},{19954, 4},{11424, 7},{12657, 1},{7672, 10},{10646, 3},{23665, 10},{5044, 8},{3781, 16},
{17127, 8},{48, 17},{25542, 3},{11415, 7},{20820, 7},{19954, 4},{7672, 10},{3781, 16},{868, 1},{7672, 10},
{5132, 0},{864, 1},{9930, 17},{5690, 3},{1223, 10},{7837, 7},{25801, 7},{20822, 7},{19954, 4},{3781, 16},
{18441, 8},{19954, 4},{11418, 7},{18912, 17},{3781, 16},{3045, 3},{7672, 10},{11419, 7},{18440, 8},{864, 1},
{1126, 7},{10356, 3},{19954, 4},{23665, 10},{18443, 8},{15396, 17},{7672, 10},{3781, 16},{10844, 1},{7837, 7},
{18442, 8},{20824, 7},{10846, 1},{19869, 3},{12192, 17},{7672, 10},{3781, 16},{19954, 4},{13190, 3},{19954, 4},
{5050, 8},{12519, 1},{3781, 16},{7835, 7},{7672, 10},{25802, 7},{17484, 17},{11424, 7},{7672, 10},{864, 1},
{11415, 7},{18444, 8},{19954, 4},{7831, 7},{13125, 17},{238, 3},{3781, 16},{19679, 17},{7672, 10},{12516, 1},
{3781, 16},{19954, 4},{25801, 7},{18375, 3},{25796, 7},{5036, 8},{2832, 3},{3781, 16},{866, 1},{7672, 10},
{7833, 7},{7834, 7},{5034, 8},{19954, 4},{12320, 17},{23665, 10},{1685, 10},{5861, 3},{3781, 16},{12232, 4},
{19316, 17},{5021, 1},{19426, 8},{25404, 7},{11923, 7},{7672, 10},{9298, 7},{3781, 16},{13874, 17},{12232, 4},
{20406, 1},{19925, 0},{7672, 10},{1223, 10},{19483, 3},{19427, 8},{11921, 7},{7672, 10},{5017, 1},{19424, 8},
{8381, 17},{12232, 4},{17253, 3},{11917, 7},{5676, 7},{3781, 16},{9299, 7},{8147, 1},{5679, 7},{5681, 7},
{7672, 10},{6953, 3},{9302, 7},{12232, 4},{244, 17},{3781, 16},{23665, 10},{19425, 8},{7672, 10},{3781, 16},
{25404, 7},{5681, 7},{12232, 4},{11864, 3},{18661, 7},{3744, 17},{5024, 1},{19422, 8},{7672, 10},{6275, 3},
{12232, 4},{19423, 8},{20407, 1},{18661, 7},{3781, 16},{8119, 17},{7672, 10},{25408, 7},{20478, 3},{3781, 16},
{23665, 10},{19420, 8},{12232, 4},{18664, 7},{5679, 7},{1377, 17},{5023, 1},{7672, 10},{12232, 4},{9300, 7},
{15533, 8},{15179, 3},{19058, 17},{11919, 7},{23665, 10},{3781, 16},{18654, 7},{19358, 1},{859, 7},{15332, 8},
{25273, 10},{18138, 17},{17612, 4},{3781, 16},{20544, 7},{12334, 1},{1753, 8},{3781, 16},{7672, 10},{19296, 0},
{14073, 7},{1530, 4},{1269, 3},{20156, 7},{13529, 17},{1223, 10},{23665, 10},{15770, 7},{1752, 8},{3781, 16},
{7672, 10},{9193, 17},{6717, 3},{1530, 4},{15449, 1},{6360, 3},{436, 7},{7672, 10},{22823, 17},{1751, 8},
{1530, 4},{23665, 10},{12331, 1},{3781, 16},{13172, 17},{1530, 4},{1750, 8},{13294, 3},{3781, 16},{1223, 10},
{15448, 1},{20151, 7},{7672, 10},{7370, 0},{14077, 7},{14074, 7},{23665, 10},{1757, 8},{7672, 10},{1530, 4},
{12334, 1},{17228, 17},{5120, 3},{20154, 7},{3781, 16},{18173, 7},{569, 17},{9801, 7},{12329, 1},{3781, 16},
{13921, 3},{1530, 4},{1756, 8},{7672, 10},{15775, 7},{7672, 10},{1755, 8},{15776, 7},{3781, 16},{20159, 7},
{15458, 1},{9291, 17},{10522, 3},{434, 7},{1530, 4},{1754, 8},{15449, 1},{4882, 17},{1530, 4},{3781, 16},
{15215, 3},{7672, 10},{23665, 10},{14075, 7},{12815, 3},{15448, 1},{1749, 8},{20159, 7},{1530, 4},{23665, 10},
{5814, 17},{7672, 10},{3781, 16},{23665, 10},{20154, 7},{7672, 10},{3781, 16},{1748, 8},{14083, 7},{12332, 1},
{1530, 4},{5200, 3},{5392, 17},{22333, 15},{18767, 8},{4424, 10},{21254, 15},{18766, 8},{22333, 15},{4424, 10},
{4424, 10},{22333, 15},{18765, 8},{4424, 10},{18764, 8},{5285, 15},{22333, 15},{4424, 10},{18763, 8},{22333, 15},
{18039, 15},{4424, 10},{22333, 15},{18762, 8},{7672, 10},{24173, 1},{24752, 4},{3781, 16},{6756, 3},{1220, 17},
{2705, 8},{5170, 7},{3781, 16},{26396, 7},{11273, 3},{2704, 8},{7672, 10},{23665, 10},{6386, 1},{21720, 17},
{24752, 4},{12361, 3},{24752, 4},{3781, 16},{16344, 8},{20670, 17},{7672, 10},{4120, 1},{18927, 7},{22333, 15},
{4424, 10},{6690, 8},{24752, 4},{16339, 8},{12515, 3},{6318, 17},{6389, 1},{25674, 7},{3781, 16},{12131, 7},
{7672, 10},{18927, 7},{1685, 10},{23665, 10},{16336, 8},{4117, 1},{18933, 7},{7672, 10},{24214, 3},{9921, 17},
{3781, 16},{24752, 4},{16334, 8},{25673, 7},{24752, 4},{3781, 16},{7672, 10},{9027, 17},{21741, 3},{4117, 1},
{24752, 4},{14277, 8},{23665, 10},{26394, 7},{7672, 10},{26171, 7},{12815, 3},{3781, 16},{4117, 1},{11684, 17},
{17342, 17},{7672, 10},{13921, 3},{3781, 16},{6384, 1},{24752, 4},{26396, 7},{26398, 7},{16332, 8},{3954, 3},
{9801, 9},{25225, 9},{25222, 9},{3781, 16},{567, 17},{19180, 13},{1530, 2},{14749, 8},{5330, 12},{15323, 10},
{26278, 3},{25221, 9},{15323, 10},{19401, 12},{3754, 8},{24328, 13},{3781, 16},{9800, 9},{1530, 2},{10975, 17},
{25220, 9},{3324, 17},{15323, 10},{19666, 9},{9802, 9},{7116, 12},{8504, 8},{3797, 13},{9799, 9},{1530, 2},
{23049, 3},{3781, 16},{3781, 16},{5513, 9},{13276, 17},{22983, 12},{1291, 3},{1530, 2},{22562, 9},{15323, 10},
{8481, 8},{8233, 13},{12626, 9},{3781, 16},{25219, 9},{5670, 3},{16000, 17},{2054, 12},{8467, 8},{1291, 13},
{9797, 9},{1530, 2},{15323, 10},{3781, 16},{5506, 9},{6322, 9},{20652, 3},{8462, 8},{1530, 2},{20105, 13},
{12373, 17},{15323, 10},{14972, 12},{7370, 9},{6320, 9},{1530, 2},{3781, 16},{18865, 17},{15323, 10},{13164, 3},
{13502, 8},{5512, 9},{17929, 13},{14034, 12},{6931, 9},{3781, 16},{18928, 9},{9096, 8},{24294, 5},{10522, 12},
{19436, 13},{21500, 3},{21555, 17},{8283, 10},{24752, 2},{3781, 16},{8283, 10},{4125, 13},{6930, 9},{6924, 9},
{20166, 5},{5907, 3},{25842, 12},{18929, 9},{24752, 2},{9095, 8},{22781, 17},{18930, 9},{5062, 17},{6923, 9},
{20166, 5},{14462, 13},{6922, 9},{25254, 3},{9094, 8},{8283, 10},{24752, 2},{23066, 12},{3781, 16},{6921, 9},
{8098, 3},{24752, 2},{8283, 10},{3781, 16},{9093, 8},{25683, 9},{18188, 5},{21372, 17},{6515, 13},{25684, 9},
{1166, 12},{3936, 13},{25678, 9},{6754, 17},{6756, 3},{6928, 9},{24752, 2},{3781, 16},{8283, 10},{2038, 5},
{9092, 8},{14981, 12},{6927, 9},{9091, 8},{20163, 5},{25677, 9},{25595, 12},{8283, 10},{15800, 9},{22675, 17},
{24752, 2},{12973, 13},{4616, 3},{3781, 16},{6462, 12},{16053, 9},{8283, 10},{3781, 16},{25489, 3},{6925, 9},
{24752, 2},{22697, 17},{25680, 9},{20166, 5},{25477, 13},{9090, 8},{3136, 17},{9089, 8},{25679, 9},{17997, 3},
{8283, 10},{24752, 2},{25842, 12},{18188, 5},{1359, 9},{1354, 9},{301, 13},{3781, 16},{24288, 5},{25643, 17},
{21148, 13},{6875, 12},{10695, 3},{24752, 2},{3781, 16},{18925, 9},{8283, 10},{14251, 9},{9098, 8},{1685, 10},
{10673, 9},{20478, 12},{12932, 3},{4500, 8},{18188, 5},{3781, 16},{10669, 9},{22009, 17},{2168, 9},{10576, 2},
{6764, 10},{12209, 13},{10576, 2},{6764, 10},{4501, 8},{10640, 9},{2167, 9},{20171, 5},{23431, 13},{7629, 17},
{3781, 16},{16733, 12},{15039, 9},{4874, 3},{2641, 12},{7949, 17},{2166, 9},{10576, 2},{3781, 16},{12857, 9},
{19467, 9},{20040, 9},{6764, 10},{16375, 13},{4502, 8},{25591, 3},{20168, 5},{12868, 9},{6764, 10},{24288, 5},
{20039, 9},{17422, 17},{19469, 9},{10576, 2},{17195, 3},{69, 13},{3781, 16},{10073, 12},{10576, 6},{4503, 8},
{6764, 10},{24328, 12},{26385, 17},{1000, 8},{10660, 9},{10576, 2},{20163, 5},{3781, 16},{10664, 9},{13207, 9},
{17758, 3},{2174, 9},{3748, 13},{1003, 8},{10658, 9},{2036, 5},{11477, 3},{932, 13},{25466, 17},{10576, 2},
{3781, 16},{6764, 10},{12900, 9},{490, 12},{2173, 9},{6764, 10},{10576, 2},{2171, 9},{248, 12},{3781, 16},
{13418, 13},{2037, 5},{3700, 17},{4506, 8},{22853, 3},{10676, 9},{2172, 9},{6764, 10},{3781, 16},{8659, 17},
{26047, 12},{10679, 9},{2034, 5},{4507, 8},{16066, 3},{2170, 9},{19068, 13},{10576, 2},{2169, 9},{4532, 8},
{7672, 10},{3781, 16},{8204, 4},{13430, 1},{11841, 3},{9397, 7},{5499, 17},{15569, 7},{10853, 17},{1223, 10},
{7672, 10},{2700, 7},{5432, 0},{8204, 4},{3781, 16},{9733, 3},{19183, 8},{14680, 1},{22343, 7},{10539, 17},
{7672, 10},{379, 3},{22342, 7},{8204, 4},{3781, 16},{14686, 1},{20260, 8},{7672, 10},{8204, 4},{9463, 8},
{1223, 10},{23519, 0},{2700, 7},{15568, 7},{11841, 3},{1588, 17},{14687, 1},{3781, 16},{2702, 7},{8204, 4},
{9201, 7},{20202, 1},{2701, 7},{7672, 10},{9608, 17},{19138, 8},{3781, 16},{11012, 3},{23665, 10},{3781, 16},
{8204, 4},{7672, 10},{17187, 3},{9197, 7},{13437, 1},{9461, 8},{14228, 17},{1223, 10},{19605, 0},{9397, 7},
{22338, 7},{10075, 8},{1223, 10},{7632, 17},{3781, 16},{7672, 10},{16897, 0},{8204, 4},{13437, 1},{309, 3},
{20863, 1},{8204, 4},{3781, 16},{2701, 7},{23665, 10},{9767, 8},{7672, 10},{13080, 3},{20208, 7},{10014, 17},
{15573, 7},{16024, 17},{9393, 7},{9398, 7},{7672, 10},{8204, 4},{14682, 1},{3781, 16},{4494, 8},{24112, 3},
{22339, 7},{13930, 17},{20195, 1},{3781, 16},{4492, 8},{23665, 10},{8204, 4},{6360, 3},{7672, 10},{15573, 7},
{1685, 10},{1685, 10},{13596, 15},{4424, 10},{9556, 15},{9893, 15},{18765, 8},{18764, 8},{9556, 15},{4424, 10},
{18767, 8},{4424, 10},{9556, 15},{4424, 10},{18766, 8},{9556, 15},{7353, 15},{4424, 10},{15686, 8},{9556, 15},
{9556, 15},{3214, 15},{4424, 10},{9434, 8},{4424, 10},{18763, 8},{9556, 15},{7354, 15},{6675, 15},{7355, 15},
{18762, 8},{9556, 15},{4424, 10},{9556, 15},{6692, 8},{4424, 10},{1617, 15},{4424, 10},{6690, 8},{9556, 15},
{26082, 7},{22307, 0},{25314, 4},{25020, 3},{3781, 16},{7672, 10},{19339, 7},{4371, 1},{23147, 17},{16344, 8},
{1223, 10},{7672, 10},{4370, 1},{1223, 10},{17555, 3},{1904, 0},{16342, 8},{9844, 7},{26082, 7},{3781, 16},
{9834, 7},{801, 17},{25314, 4},{20989, 3},{26083, 7},{17910, 17},{25314, 4},{19345, 7},{16339, 8},{3781, 16},
{6296, 1},{7672, 10},{19401, 3},{16337, 8},{24543, 7},{8545, 17},{3155, 1},{25314, 4},{7672, 10},{3781, 16},
{24654, 3},{19348, 7},{16336, 8},{7672, 10},{3781, 16},{25314, 4},{6296, 1},{23732, 17},{25314, 4},{1223, 10},
{3781, 16},{7672, 10},{9846, 7},{26088, 7},{26080, 7},{22789, 17},{19191, 3},{16140, 0},{3153, 1},{16334, 8},
{14277, 8},{3781, 16},{7977, 1},{25314, 4},{7672, 10},{23665, 10},{24541, 7},{4194, 7},{11532, 3},{24538, 7},
{19880, 17},{19672, 17},{7698, 3},{7672, 10},{25314, 4},{1223, 10},{16332, 8},{4373, 1},{22306, 0},{24542, 7},
{3781, 16},{25926, 15},{15686, 8},{4424, 10},{9434, 8},{25926, 15},{4424, 10},{18763, 8},{25926, 15},{4424, 10},
{4424, 10},{25926, 15},{18762, 8},{4074, 15},{18765, 8},{25926, 15},{23762, 15},{4424, 10},{4424, 10},{25926, 15},
{18764, 8},{2705, 8},{3781, 16},{14311, 1},{24197, 17},{25314, 4},{4191, 7},{9842, 7},{24546, 7},{17934, 3},
{7672, 10},{18766, 8},{4424, 10},{25926, 15},{1685, 10},{6588, 8},{25126, 10},{6587, 8},{25126, 10},{25126, 10},
{13833, 8},{25126, 10},{13831, 8},{25126, 10},{6594, 8},{25126, 10},{6593, 8},{3781, 16},{5109, 7},{12029, 7},
{14257, 7},{25273, 10},{14147, 8},{1357, 7},{24752, 4},{21744, 17},{3781, 16},{9151, 17},{25273, 10},{5110, 7},
{14146, 8},{4116, 1},{24752, 4},{6922, 7},{1357, 7},{3781, 16},{6927, 7},{5461, 8},{24752, 4},{25273, 10},
{18058, 17},{1360, 7},{15800, 7},{24752, 4},{14144, 8},{14258, 7},{10624, 17},{25273, 10},{3781, 16},{12028, 7},
{8227, 7},{25273, 10},{24752, 4},{18949, 7},{1364, 7},{14143, 8},{14258, 7},{3781, 16},{15189, 17},{1696, 15},
{13020, 8},{25115, 15},{16705, 15},{24676, 15},{4424, 10},{16710, 15},{18959, 7},{19336, 17},{14141, 8},{24752, 4},
{3781, 16},{25273, 10},{1364, 7},{6388, 1},{6922, 7},{3781, 16},{12028, 7},{24752, 4},{18952, 7},{5101, 7},
{16396, 17},{14140, 8},{14256, 7},{25273, 10},{18952, 7},{25273, 10},{24752, 4},{14152, 8},{3781, 16},{6925, 7},
{24804, 17},{5101, 7},{14151, 8},{25273, 10},{3781, 16},{12022, 7},{24752, 4},{6566, 17},{5018, 1},{12232, 4},
{9302, 7},{4492, 8},{11917, 7},{7672, 10},{7361, 0},{25560, 17},{740, 3},{3781, 16},{1223, 10},{8149, 1},
{22560, 3},{25408, 7},{11774, 0},{18656, 7},{12232, 4},{25404, 7},{4494, 8},{1223, 10},{7672, 10},{13273, 17},
{3781, 16},{3781, 16},{4241, 3},{18657, 7},{12232, 4},{7672, 10},{8147, 1},{19183, 8},{15744, 17},{12232, 4},
{4998, 7},{25404, 7},{3781, 16},{23665, 10},{5591, 17},{4532, 8},{7672, 10},{7177, 3},{5022, 1},{9463, 8},
{20505, 7},{7254, 3},{18658, 7},{3781, 16},{23665, 10},{20401, 1},{7672, 10},{12232, 4},{22150, 17},{8153, 1},
{3781, 16},{13928, 17},{18155, 3},{20260, 8},{1223, 10},{18664, 7},{18659, 7},{5528, 0},{5681, 7},{7672, 10},
{12232, 4},{7672, 10},{5679, 7},{12232, 4},{23665, 10},{5020, 1},{3781, 16},{5986, 17},{23109, 3},{11916, 7},
{9461, 8},{5120, 3},{16428, 1},{3781, 16},{19219, 17},{7672, 10},{12232, 4},{5675, 7},{19138, 8},{25410, 7},
{13183, 17},{7672, 10},{12232, 4},{3498, 3},{20406, 1},{25399, 7},{11920, 7},{3781, 16},{9767, 8},{9301, 7},
{23174, 17},{14031, 3},{3781, 16},{12232, 4},{5682, 7},{5681, 7},{20396, 1},{7672, 10},{23665, 10},{10075, 8},
{4998, 7},{1685, 10},{7191, 15},{4424, 10},{13018, 8},{12963, 15},{13017, 8},{4424, 10},{7191, 15},{7191, 15},
{13019, 8},{4424, 10},{1009, 15},{16512, 8},{25126, 10},{4424, 10},{11664, 15},{18766, 8},{4106, 15},{11321, 15},
{8829, 15},{18762, 8},{7154, 15},{4424, 10},{7154, 15},{4424, 10},{8836, 15},{18764, 8},{18765, 8},{7154, 15},
{4424, 10},{4424, 10},{18766, 8},{7154, 15},{18819, 15},{18767, 8},{4424, 10},{7154, 15},{1685, 10},{15812, 17},
{3781, 16},{12821, 3},{1957, 7},{7672, 10},{3449, 1},{23801, 7},{15066, 4},{5034, 8},{10592, 3},{15982, 17},
{3781, 16},{7672, 10},{16944, 7},{15066, 4},{1223, 10},{5036, 8},{15856, 0},{24566, 1},{18444, 8},{3781, 16},
{13298, 3},{3454, 1},{7672, 10},{7415, 17},{15066, 4},{10888, 7},{16600, 7},{23665, 10},{1223, 10},{22650, 0},
{10884, 7},{3781, 16},{3448, 1},{23383, 3},{1963, 7},{5050, 8},{6680, 17},{15066, 4},{7672, 10},{23042, 17},
{7672, 10},{3781, 16},{16947, 7},{1958, 7},{7271, 1},{15066, 4},{1960, 7},{25271, 3},{18442, 8},{24566, 1},
{7672, 10},{824, 17},{15066, 4},{10885, 7},{23665, 10},{9854, 3},{3781, 16},{18443, 8},{7672, 10},{6581, 3},
{15066, 4},{23665, 10},{18440, 8},{23426, 17},{3781, 16},{23793, 7},{11082, 1},{10888, 7},{3781, 16},{7672, 10},
{3455, 1},{15066, 4},{10883, 7},{3498, 3},{18441, 8},{23791, 7},{2470, 17},{3781, 16},{15246, 1},{17127, 8},
{2074, 3},{7672, 10},{23797, 7},{15066, 4},{23665, 10},{23067, 17},{16947, 7},{15066, 4},{5044, 8},{7672, 10},
{10885, 7},{467, 17},{3781, 16},{24571, 1},{23044, 3},{15272, 4},{13631, 8},{7672, 10},{22669, 7},{3781, 16},
{4616, 3},{5956, 7},{9776, 7},{1445, 1},{7916, 17},{1685, 10},{6929, 7},{15454, 8},{20684, 3},{10576, 4},
{7092, 1},{7672, 10},{3781, 16},{2167, 7},{256, 17},{21180, 7},{4131, 1},{22593, 17},{1223, 10},{3781, 16},
{1470, 7},{15455, 8},{21185, 7},{7672, 10},{10576, 4},{18370, 3},{12900, 0},{22674, 3},{10576, 4},{26325, 8},
{3781, 16},{1466, 7},{7672, 10},{22887, 17},{4129, 1},{1070, 17},{10576, 4},{3781, 16},{13631, 8},{6920, 7},
{7672, 10},{25121, 1},{14981, 3},{3781, 16},{25122, 1},{13632, 8},{1467, 7},{7672, 10},{20046, 7},{8660, 3},
{10576, 4},{21187, 7},{2058, 17},{3781, 16},{24121, 17},{2168, 7},{9436, 3},{7672, 10},{4132, 1},{1466, 7},
{26363, 8},{10576, 4},{23790, 17},{10576, 4},{7491, 7},{3781, 16},{1467, 7},{25120, 1},{26370, 8},{7672, 10},
{12723, 3},{10576, 4},{7672, 10},{1464, 7},{3781, 16},{1472, 7},{1866, 17},{7485, 7},{23665, 10},{10646, 3},
{22910, 1},{13643, 8},{19248, 17},{21183, 7},{7098, 1},{10576, 4},{13645, 8},{3781, 16},{10190, 3},{2173, 7},
{20037, 7},{7672, 10},{7486, 7},{13647, 8},{25118, 1},{12426, 0},{7257, 17},{1223, 10},{14419, 7},{6926, 7},
{10576, 4},{3781, 16},{7672, 10},{22073, 3},{25118, 15},{4424, 10},{23557, 15},{18762, 8},{19529, 15},{4424, 10},
{6692, 8},{4424, 10},{6690, 8},{19529, 15},{9481, 8},{3781, 16},{25273, 10},{7369, 7},{17927, 17},{11777, 7},
{19930, 7},{5530, 7},{5017, 1},{12232, 4},{4314, 7},{25273, 10},{17148, 7},{23441, 4},{8807, 17},{22587, 8},
{3781, 16},{5529, 7},{12232, 4},{9479, 8},{5524, 7},{25273, 10},{12055, 17},{19923, 7},{19928, 7},{3781, 16},
{25273, 10},{18542, 7},{7361, 7},{12232, 4},{7475, 7},{9480, 8},{25035, 17},{3781, 16},{16790, 8},{12508, 7},
{21420, 17},{3781, 16},{7362, 7},{25273, 10},{7363, 7},{7366, 7},{12232, 4},{25273, 10},{14307, 7},{20407, 1},
{12500, 7},{9478, 8},{14309, 7},{12232, 4},{24183, 17},{12507, 7},{3781, 16},{4578, 8},{14305, 7},{25273, 10},
{7361, 7},{19927, 7},{12232, 4},{11777, 7},{3781, 16},{5128, 17},{11778, 7},{9476, 8},{8052, 17},{14309, 7},
{3781, 16},{25273, 10},{18542, 7},{19931, 7},{12232, 4},{19931, 7},{7364, 7},{7366, 7},{3781, 16},{9483, 8},
{12232, 4},{14838, 17},{20407, 1},{19927, 7},{25273, 10},{3781, 16},{12232, 4},{8147, 1},{5525, 7},{10481, 17},
{25273, 10},{7368, 7},{9484, 8},{3266, 7},{20888, 1},{7251, 7},{3781, 16},{1709, 17},{3270, 7},{19855, 7},
{25273, 10},{12253, 4},{9058, 8},{23441, 4},{11570, 7},{11569, 7},{25273, 10},{11571, 7},{3781, 16},{20918, 8},
{17307, 17},{17147, 7},{11566, 7},{22582, 8},{25273, 10},{23441, 4},{3781, 16},{11878, 17},{17145, 7},{17695, 17},
{14182, 7},{14180, 7},{19854, 7},{12253, 4},{25273, 10},{23540, 8},{3781, 16},{25273, 10},{3781, 16},{4704, 17},
{23441, 4},{22580, 8},{4308, 7},{4309, 7},{10391, 7},{2473, 10},{9510, 8},{9509, 8},{2473, 10},{9508, 8},
{2473, 10},{2473, 10},{4830, 8},{9514, 8},{2473, 10},{2473, 10},{9513, 8},{2473, 10},{9512, 8},{2473, 10},
{9511, 8},{9506, 8},{2473, 10},{2473, 10},{9505, 8},{1685, 10},{1685, 10},{18766, 8},{4424, 10},{17813, 15},
{25273, 10},{3781, 16},{8559, 7},{2640, 7},{8560, 7},{15335, 8},{18532, 17},{15066, 4},{8558, 7},{25273, 10},
{15097, 17},{15336, 8},{3781, 16},{21230, 7},{15066, 4},{21553, 17},{7816, 7},{20085, 7},{15333, 8},{3781, 16},
{15066, 4},{25273, 10},{8559, 7},{15856, 7},{3781, 16},{15697, 17},{15334, 8},{21249, 7},{21226, 7},{25273, 10},
{15066, 4},{8562, 7},{2642, 7},{19482, 17},{14856, 7},{2658, 7},{15331, 8},{25273, 10},{22651, 7},{15859, 7},
{3781, 16},{15066, 4},{15332, 8},{15854, 7},{15066, 4},{5047, 7},{5203, 17},{3781, 16},{25273, 10},{14868, 7},
{2656, 7},{2642, 7},{20915, 17},{15066, 4},{15329, 8},{25273, 10},{7274, 1},{9041, 7},{8564, 7},{2653, 7},
{3781, 16},{15330, 8},{25273, 10},{3781, 16},{23576, 17},{15066, 4},{15855, 7},{22653, 7},{15337, 8},{1665, 17},
{3781, 16},{22653, 7},{2661, 7},{15066, 4},{25273, 10},{1235, 17},{3781, 16},{15858, 7},{15338, 8},{25273, 10},
{15066, 4},{15852, 7},{1685, 10},{1685, 10},{23228, 8},{5457, 7},{8286, 7},{10576, 4},{25273, 10},{26103, 17},
{14660, 7},{3781, 16},{25168, 7},{25168, 7},{23229, 8},{10576, 4},{25273, 10},{25172, 7},{14662, 7},{8275, 17},
{5457, 7},{3781, 16},{7672, 10},{17263, 1},{18319, 7},{22275, 8},{22765, 3},{15272, 4},{10348, 17},{3781, 16},
{22722, 7},{1223, 10},{7672, 10},{905, 1},{8137, 17},{15272, 4},{3781, 16},{18324, 7},{22669, 7},{22667, 7},
{3772, 0},{22276, 8},{8660, 3},{10576, 4},{12916, 7},{7685, 7},{3781, 16},{25273, 10},{10679, 7},{23230, 8},
{12434, 7},{25128, 17},{6911, 17},{3781, 16},{15272, 4},{18319, 7},{7672, 10},{23665, 10},{22270, 8},{111, 3},
{17256, 1},{15485, 7},{22267, 8},{3781, 16},{24735, 17},{15272, 4},{13418, 3},{9775, 7},{902, 1},{7672, 10},
{15272, 4},{1727, 8},{25158, 17},{7672, 10},{3781, 16},{18215, 3},{5961, 7},{1442, 1},{3016, 7},{10576, 4},
{10676, 7},{12916, 7},{25273, 10},{10673, 7},{7306, 8},{3781, 16},{15214, 17},{10679, 7},{3781, 16},{25168, 7},
{2911, 17},{23235, 8},{10576, 4},{25273, 10},{12425, 7},{8956, 3},{7672, 10},{9775, 7},{17263, 1},{25073, 17},
{3781, 16},{15272, 4},{1730, 8},{7672, 10},{19937, 1},{1223, 10},{3781, 16},{10171, 17},{9774, 7},{10876, 0},
{15272, 4},{18964, 3},{22272, 8},{24384, 9},{26069, 3},{26090, 5},{26077, 9},{3864, 10},{24385, 9},{13379, 8},
{8819, 12},{25314, 2},{3781, 16},{1021, 13},{187, 17},{6690, 8},{14686, 15},{4424, 10},{21647, 15},{131, 12},
{26079, 9},{3864, 10},{25314, 2},{107, 17},{16147, 9},{24301, 5},{944, 8},{16146, 9},{687, 13},{18141, 3},
{3781, 16},{25314, 2},{3129, 13},{3864, 10},{13376, 8},{18862, 3},{18018, 12},{5458, 17},{2032, 5},{24389, 9},
{3781, 16},{24388, 9},{26078, 9},{3781, 16},{4714, 9},{3864, 10},{7643, 17},{6830, 12},{18810, 3},{25314, 2},
{19348, 9},{13375, 8},{11689, 13},{20171, 5},{25314, 2},{4708, 9},{11329, 17},{22983, 3},{24297, 5},{19869, 13},
{13374, 8},{19349, 9},{3864, 10},{6065, 12},{4713, 9},{3781, 16},{4730, 13},{3781, 16},{18651, 12},{24380, 9},
{24381, 9},{25314, 2},{13373, 8},{26083, 9},{15318, 17},{20166, 5},{310, 3},{3864, 10},{4728, 17},{24383, 9},
{26081, 9},{26082, 9},{13372, 8},{25314, 2},{20306, 13},{3781, 16},{3864, 10},{24382, 9},{16137, 12},{5690, 3},
{24294, 5},{4424, 10},{2011, 15},{1578, 15},{18767, 8},{14686, 15},{4424, 10},{18766, 8},{14686, 15},{17740, 15},
{22363, 15},{18765, 8},{14686, 15},{4424, 10},{2745, 15},{14686, 15},{4424, 10},{8706, 15},{18764, 8},{14686, 15},
{2745, 15},{18763, 8},{4424, 10},{4424, 10},{18762, 8},{14686, 15},{4424, 10},{22369, 15},{14686, 15},{15686, 8},
{14686, 15},{4424, 10},{9434, 8},{17353, 7},{3781, 16},{2539, 17},{25273, 10},{23458, 7},{15272, 4},{11869, 8},
{25273, 10},{10552, 7},{3781, 16},{23459, 7},{16449, 7},{15272, 4},{13533, 17},{13462, 8},{3774, 7},{3781, 16},
{19624, 8},{23461, 7},{16456, 7},{15272, 4},{4740, 17},{25273, 10},{10551, 7},{25273, 10},{19625, 8},{3768, 7},
{17356, 7},{3781, 16},{8190, 17},{15272, 4},{15272, 4},{3781, 16},{3768, 7},{23461, 7},{11816, 8},{15347, 17},
{25273, 10},{23463, 7},{3774, 7},{10840, 7},{25273, 10},{3781, 16},{17816, 7},{3770, 7},{11819, 8},{12097, 17},
{15272, 4},{23465, 7},{17816, 7},{19628, 8},{23459, 7},{25273, 10},{3781, 16},{15272, 4},{5013, 17},{21011, 17},
{3769, 7},{3781, 16},{25273, 10},{15272, 4},{19629, 8},{3766, 7},{16456, 7},{22153, 17},{3781, 16},{20561, 7},
{17355, 7},{17360, 7},{15272, 4},{25273, 10},{19626, 8},{17357, 7},{5029, 17},{17351, 7},{19627, 8},{25273, 10},
{3781, 16},{15272, 4},{25273, 10},{3781, 16},{24752, 4},{2728, 8},{12029, 7},{14249, 7},{5448, 17},{4124, 1},
{2727, 8},{14253, 7},{16837, 17},{25273, 10},{12030, 7},{3781, 16},{24752, 4},{17778, 17},{24752, 4},{5108, 7},
{25273, 10},{1358, 7},{12028, 7},{2726, 8},{3781, 16},{1358, 7},{2725, 8},{3781, 16},{19640, 17},{6386, 1},
{12024, 7},{24752, 4},{25273, 10},{25273, 10},{14256, 7},{2724, 8},{24752, 4},{3781, 16},{1354, 7},{15320, 17},
{5108, 7},{25273, 10},{22001, 17},{2723, 8},{1357, 7},{5102, 7},{3781, 16},{24752, 4},{18951, 7},{3781, 16},
{1357, 7},{2722, 8},{25273, 10},{22806, 1},{24752, 4},{5107, 7},{4564, 17},{2721, 8},{19777, 17},{25273, 10},
{14251, 7},{6922, 7},{24752, 4},{3781, 16},{14250, 7},{1364, 7},{24752, 4},{3781, 16},{17192, 17},{14251, 7},
{2734, 8},{25273, 10},{22805, 1},{16053, 7},{18953, 7},{18951, 7},{3781, 16},{24752, 4},{2733, 8},{5984, 17},
{25273, 10},{1685, 10},{7188, 15},{13020, 8},{4424, 10},{18762, 8},{17629, 15},{4424, 10},{9542, 15},{4424, 10},
{18763, 8},{17629, 15},{25286, 15},{4424, 10},{24670, 15},{17629, 15},{9434, 8},{4424, 10},{18766, 8},{17629, 15},
{4424, 10},{5569, 15},{18767, 8},{17629, 15},{17629, 15},{4424, 10},{18764, 8},{4275, 15},{18765, 8},{4424, 10},
{24678, 15},{17629, 15},{1685, 10},{7195, 15},{4424, 10},{18767, 8},{11504, 15},{4424, 10},{18766, 8},{25787, 15},
{7195, 15},{4633, 15},{7195, 15},{18765, 8},{4424, 10},{18612, 15},{4424, 10},{7195, 15},{18764, 8},{7195, 15},
{18763, 8},{4424, 10},{18762, 8},{7195, 15},{4424, 10},{15686, 8},{7195, 15},{20688, 15},{4424, 10},{7195, 15},
{4424, 10},{9434, 8},{22524, 15},{7195, 15},{4424, 10},{11872, 15},{11512, 15},{6692, 8},{7872, 15},{25785, 15},
{1685, 10},{1685, 10},{7790, 17},{24977, 8},{7672, 10},{1223, 10},{5277, 3},{9125, 1},{5340, 7},{16548, 7},
{3781, 16},{13157, 7},{17612, 4},{8107, 0},{24978, 8},{7672, 10},{17482, 17},{6595, 7},{7193, 1},{3781, 16},
{17612, 4},{6843, 3},{23385, 7},{9268, 3},{25234, 1},{1223, 10},{8102, 0},{13863, 17},{7672, 10},{24969, 8},
{3781, 16},{6252, 7},{17612, 4},{7672, 10},{23665, 10},{4783, 17},{3781, 16},{6255, 7},{17612, 4},{3693, 7},
{5335, 7},{24951, 3},{24970, 8},{25239, 1},{17612, 4},{5339, 7},{7672, 10},{1223, 10},{24971, 8},{688, 17},
{14509, 0},{3693, 7},{3781, 16},{25240, 1},{21745, 3},{6250, 7},{17612, 4},{3781, 16},{1223, 10},{18210, 8},
{24141, 3},{23394, 7},{859, 0},{7672, 10},{5337, 7},{12856, 17},{9123, 1},{3781, 16},{7672, 10},{7185, 1},
{5340, 7},{9101, 17},{13157, 7},{16137, 3},{24973, 8},{17612, 4},{23390, 7},{7672, 10},{5339, 7},{1223, 10},
{24974, 8},{9128, 1},{3781, 16},{10301, 17},{7540, 0},{17612, 4},{23468, 3},{3695, 7},{7672, 10},{23754, 3},
{6055, 17},{17612, 4},{7188, 1},{3781, 16},{24975, 8},{3781, 16},{24976, 8},{16550, 7},{7672, 10},{10813, 3},
{17612, 4},{14656, 17},{25236, 1},{5340, 7},{6247, 7},{541, 7},{23975, 4},{6283, 1},{4304, 17},{2542, 8},
{20235, 7},{25273, 10},{7156, 7},{3781, 16},{7162, 7},{2541, 8},{8685, 7},{25273, 10},{20242, 7},{23975, 4},
{3781, 16},{7164, 7},{10760, 17},{20235, 7},{2544, 8},{23975, 4},{16265, 7},{2893, 17},{16260, 7},{3781, 16},
{16264, 7},{25273, 10},{1685, 10},{2546, 8},{23975, 4},{541, 7},{6279, 1},{3781, 16},{25273, 10},{16256, 7},
{8078, 17},{2545, 8},{3781, 16},{25273, 10},{23975, 4},{20242, 7},{10477, 17},{8690, 7},{16257, 7},{22595, 8},
{8687, 7},{23975, 4},{16265, 7},{3781, 16},{16255, 7},{25273, 10},{25873, 17},{9032, 1},{25273, 10},{20233, 7},
{2547, 8},{16264, 7},{23975, 4},{3781, 16},{6283, 1},{539, 7},{8685, 7},{25564, 17},{15752, 17},{20234, 7},
{2550, 8},{8695, 7},{23975, 4},{3781, 16},{25273, 10},{9032, 1},{3781, 16},{8687, 7},{25273, 10},{536, 7},
{8688, 7},{2549, 8},{22831, 17},{23975, 4},{1685, 10},{1685, 10},{4424, 10},{9551, 15},{6690, 8},{9893, 15},
{9551, 15},{3218, 15},{4424, 10},{6692, 8},{9551, 15},{4424, 10},{7355, 15},{18762, 8},{4424, 10},{9551, 15},
{18763, 8},{9551, 15},{4424, 10},{9434, 8},{4424, 10},{15686, 8},{9551, 15},{9551, 15},{18766, 8},{4424, 10},
{9551, 15},{4424, 10},{18767, 8},{9551, 15},{4424, 10},{18764, 8},{18765, 8},{4424, 10},{9551, 15},{8204, 4},
{19601, 7},{25273, 10},{23520, 7},{24728, 17},{3781, 16},{17628, 8},{25135, 7},{1685, 10},{13175, 4},{18527, 7},
{25273, 10},{18526, 7},{916, 8},{22799, 7},{18523, 7},{18093, 17},{3781, 16},{3781, 16},{18528, 7},{917, 8},
{25263, 7},{13175, 4},{22796, 7},{25273, 10},{15377, 17},{22797, 7},{13175, 4},{22793, 7},{25273, 10},{22802, 7},
{914, 8},{25265, 7},{22699, 17},{3781, 16},{18528, 7},{22170, 7},{20469, 17},{25273, 10},{13175, 4},{5397, 8},
{3781, 16},{11762, 7},{13175, 4},{3781, 16},{22795, 7},{7584, 17},{22793, 7},{25273, 10},{912, 8},{13175, 4},
{913, 8},{3781, 16},{19728, 17},{11764, 7},{25269, 7},{25273, 10},{22158, 7},{21068, 7},{3781, 16},{19537, 17},
{25273, 10},{910, 8},{18523, 7},{11767, 7},{13175, 4},{911, 8},{3781, 16},{13175, 4},{25273, 10},{11769, 7},
{9342, 1},{18527, 7},{4828, 17},{8204, 4},{16904, 7},{25273, 10},{13871, 17},{23526, 7},{3781, 16},{17624, 8},
{11762, 7},{22170, 7},{907, 8},{13175, 4},{12854, 17},{3781, 16},{25273, 10},{11769, 7},{25265, 7},{11766, 7},
{9339, 1},{13175, 4},{11764, 7},{18034, 17},{25273, 10},{3781, 16},{5370, 8},{11763, 7},{4803, 8},{3781, 16},
{25273, 10},{25133, 7},{16906, 7},{18695, 17},{19613, 7},{13435, 1},{16903, 7},{8204, 4},{25273, 10},{25136, 7},
{15808, 17},{16901, 7},{19601, 7},{3781, 16},{4802, 8},{5434, 7},{8204, 4},{13431, 1},{15421, 8},{5435, 7},
{19605, 7},{8204, 4},{7016, 17},{25273, 10},{3781, 16},{19606, 7},{14197, 17},{4800, 8},{13431, 1},{16898, 7},
{23523, 7},{23519, 7},{3781, 16},{8204, 4},{25273, 10},{19601, 7},{7470, 17},{4799, 8},{25131, 7},{10120, 7},
{3781, 16},{25273, 10},{16901, 7},{8204, 4},{8204, 4},{4798, 8},{3480, 17},{25273, 10},{20193, 1},{16902, 7},
{3781, 16},{10124, 7},{1309, 17},{3781, 16},{4797, 8},{10121, 7},{16898, 7},{25273, 10},{8204, 4},{3781, 16},
{4796, 8},{20202, 1},{25137, 7},{23529, 7},{11902, 17},{16897, 7},{25273, 10},{8204, 4},{8970, 7},{25137, 7},
{21919, 17},{25273, 10},{11719, 7},{10128, 7},{8204, 4},{25132, 7},{4795, 8},{3781, 16},{3781, 16},{4794, 8},
{20200, 1},{25135, 7},{5424, 7},{8204, 4},{3833, 17},{25273, 10},{3781, 16},{8283, 10},{16549, 9},{21985, 13},
{21167, 8},{24288, 5},{17612, 2},{15824, 12},{20549, 9},{8020, 17},{19608, 3},{1685, 10},{18764, 8},{4424, 10},
{24875, 15},{6385, 15},{18765, 8},{11086, 15},{4424, 10},{11538, 10},{12633, 11},{4424, 10},{18762, 8},{6385, 15},
{4424, 10},{6385, 15},{18763, 8},{19853, 7},{3781, 16},{3270, 7},{25273, 10},{24745, 17},{19848, 7},{22396, 7},
{12253, 4},{16371, 8},{3781, 16},{2759, 7},{16372, 8},{12253, 4},{10468, 17},{25273, 10},{19852, 7},{7248, 7},
{931, 17},{3274, 7},{7246, 7},{16367, 8},{12253, 4},{25273, 10},{3781, 16},{3271, 7},{20879, 1},{20880, 1},
{7241, 7},{12253, 4},{1999, 17},{16368, 8},{3274, 7},{3781, 16},{25273, 10},{14175, 7},{12253, 4},{3781, 16},
{15129, 17},{16369, 8},{14179, 7},{25273, 10},{16285, 7},{7245, 7},{2204, 17},{12253, 4},{3277, 7},{16370, 8},
{25273, 10},{3781, 16},{19848, 7},{16363, 8},{3781, 16},{12253, 4},{14993, 17},{2759, 7},{25273, 10},{3273, 7},
{3781, 16},{16364, 8},{22395, 7},{7241, 7},{9912, 17},{25273, 10},{12253, 4},{22396, 7},{22398, 7},{14183, 7},
{19852, 7},{611, 17},{12253, 4},{23212, 8},{25273, 10},{3781, 16},{9417, 1},{22391, 7},{19850, 7},{12253, 4},
{3781, 16},{16366, 8},{18825, 17},{3273, 7},{25273, 10},{3266, 7},{6692, 8},{6385, 15},{4424, 10},{11681, 15},
{9434, 8},{4424, 10},{2460, 15},{4424, 10},{18763, 8},{2460, 15},{18817, 15},{2114, 15},{8831, 15},{4424, 10},
{2460, 15},{18762, 8},{3215, 15},{4424, 10},{2460, 15},{18765, 8},{18764, 8},{4424, 10},{2460, 15},{4424, 10},
{2460, 15},{18814, 15},{2115, 15},{18767, 8},{2460, 15},{18766, 8},{4424, 10},{3781, 16},{23237, 8},{25273, 10},
{22307, 7},{2831, 17},{25314, 4},{4709, 7},{3781, 16},{11996, 17},{14515, 7},{25273, 10},{20549, 7},{9285, 8},
{17612, 4},{16150, 7},{22309, 7},{8134, 7},{25273, 10},{8128, 7},{23235, 8},{25314, 4},{3781, 16},{14557, 17},
{25273, 10},{7539, 7},{6854, 7},{3781, 16},{9287, 8},{9122, 1},{17612, 4},{21575, 17},{1685, 10},{25273, 10},
{22307, 7},{25314, 4},{16144, 7},{23233, 8},{8134, 7},{19272, 17},{3781, 16},{7622, 17},{9289, 8},{856, 7},
{861, 7},{3781, 16},{8107, 7},{862, 7},{25273, 10},{17612, 4},{25239, 1},{24383, 7},{23231, 8},{16142, 7},
{25314, 4},{2638, 17},{3781, 16},{8126, 7},{25273, 10},{17612, 4},{26039, 8},{14508, 7},{3781, 16},{17672, 17},
{14511, 7},{25273, 10},{862, 7},{1685, 10},{17612, 4},{7195, 1},{7672, 10},{5335, 7},{23397, 3},{3781, 16},
{26105, 17},{2704, 8},{17612, 4},{6595, 7},{3781, 16},{9127, 1},{6875, 3},{21552, 17},{2705, 8},{7672, 10},
{23395, 7},{13158, 7},{16873, 17},{7672, 10},{17612, 4},{16337, 8},{25235, 1},{858, 0},{1223, 10},{6953, 3},
{3694, 7},{3781, 16},{17612, 4},{25233, 1},{7672, 10},{16339, 8},{3781, 16},{13157, 7},{15198, 3},{4037, 17},
{7672, 10},{3690, 7},{7192, 1},{3781, 16},{16544, 7},{16342, 8},{17555, 3},{803, 17},{23665, 10},{17612, 4},
{5188, 3},{7672, 10},{10875, 17},{9127, 1},{17612, 4},{16549, 7},{3781, 16},{23390, 7},{16344, 8},{7672, 10},
{7232, 17},{17612, 4},{16332, 8},{25924, 7},{3781, 16},{4125, 3},{7195, 1},{23665, 10},{7672, 10},{21202, 17},
{3781, 16},{23396, 7},{9125, 1},{25483, 3},{5334, 7},{23392, 7},{14277, 8},{17612, 4},{9125, 1},{17612, 4},
{16334, 8},{3781, 16},{6255, 7},{7672, 10},{18064, 17},{11841, 3},{11897, 17},{13158, 7},{3694, 7},{1223, 10},
{16336, 8},{8108, 0},{25232, 1},{17612, 4},{9026, 3},{3781, 16},{7672, 10},{1685, 10},{6690, 8},{9131, 15},
{4424, 10},{25612, 7},{25273, 10},{3781, 16},{19954, 4},{5732, 17},{25611, 7},{14632, 8},{12065, 7},{15751, 17},
{3781, 16},{1739, 7},{14631, 8},{25273, 10},{12064, 7},{19954, 4},{14630, 8},{12059, 7},{25273, 10},{19954, 4},
{3781, 16},{5137, 7},{25098, 17},{22708, 7},{14629, 8},{3781, 16},{4235, 17},{1742, 7},{8076, 7},{25273, 10},
{19954, 4},{25273, 10},{19954, 4},{3781, 16},{25876, 17},{8070, 7},{1741, 7},{14636, 8},{14635, 8},{25609, 7},
{25273, 10},{849, 17},{1735, 7},{3781, 16},{25605, 7},{19954, 4},{5133, 7},{14634, 8},{7317, 17},{25273, 10},
{1745, 7},{19954, 4},{3781, 16},{5130, 7},{14633, 8},{25613, 7},{22814, 17},{12064, 7},{19954, 4},{25273, 10},
{8073, 7},{3781, 16},{19954, 4},{25609, 7},{3781, 16},{1738, 7},{5136, 7},{25273, 10},{10335, 17},{25616, 7},
{14638, 8},{19954, 4},{14637, 8},{25273, 10},{10490, 17},{12060, 7},{8073, 7},{3781, 16},{4424, 10},{6690, 8},
{3929, 15},{1685, 10},{1685, 10},{14638, 8},{3781, 16},{23441, 4},{17154, 7},{16330, 17},{10394, 7},{25273, 10},
{11571, 7},{23979, 7},{14637, 8},{10396, 7},{23441, 4},{4314, 7},{3781, 16},{25273, 10},{10398, 7},{11565, 7},
{7296, 17},{25273, 10},{3781, 16},{17145, 7},{23441, 4},{23980, 7},{10394, 7},{8530, 17},{14634, 8},{11903, 17},
{23441, 4},{14633, 8},{25273, 10},{3781, 16},{4306, 7},{17155, 7},{25273, 10},{3781, 16},{17152, 7},{14636, 8},
{23441, 4},{17151, 7},{17150, 7},{15395, 17},{23981, 7},{10764, 17},{3781, 16},{25273, 10},{10396, 7},{14635, 8},
{23441, 4},{11565, 7},{23441, 4},{18096, 17},{25273, 10},{11117, 7},{14630, 8},{3781, 16},{17149, 7},{11564, 7},
{14629, 8},{10693, 17},{3781, 16},{11570, 7},{17150, 7},{25273, 10},{23441, 4},{10400, 7},{4313, 7},{6915, 17},
{14632, 8},{11117, 7},{23441, 4},{3781, 16},{25273, 10},{10397, 7},{23977, 7},{10393, 7},{25273, 10},{3781, 16},
{10147, 17},{10393, 7},{14631, 8},{11565, 7},{23441, 4},{23982, 7},{7250, 7},{6733, 17},{12253, 4},{20878, 1},
{22396, 7},{3781, 16},{25273, 10},{11747, 8},{2729, 17},{19852, 7},{12253, 4},{3781, 16},{17524, 8},{22393, 7},
{14181, 7},{25273, 10},{1685, 10},{12253, 4},{22391, 7},{22394, 7},{2345, 8},{6161, 17},{3781, 16},{7245, 7},
{25273, 10},{19854, 7},{25273, 10},{16689, 17},{2357, 8},{7248, 7},{22331, 1},{3781, 16},{19852, 7},{12253, 4},
{19855, 7},{12253, 4},{25273, 10},{7252, 7},{22391, 7},{3781, 16},{597, 17},{7980, 8},{4597, 17},{25273, 10},
{12253, 4},{2761, 7},{3781, 16},{14183, 7},{10211, 8},{25273, 10},{12253, 4},{14179, 7},{19856, 7},{10281, 8},
{22398, 7},{18873, 17},{3266, 7},{3781, 16},{2418, 8},{12253, 4},{25273, 10},{2762, 7},{19852, 7},{3781, 16},
{7321, 17},{22387, 7},{12253, 4},{7496, 17},{3275, 7},{22388, 7},{25273, 10},{2435, 8},{3781, 16},{14174, 7},
{2448, 8},{12253, 4},{2761, 7},{19849, 7},{8967, 17},{3781, 16},{2755, 7},{25273, 10},{19529, 15},{4424, 10},
{13020, 8},{19529, 15},{13019, 8},{4424, 10},{13018, 8},{4424, 10},{679, 15},{19529, 15},{4424, 10},{13017, 8},
{19529, 15},{20360, 15},{4424, 10},{13016, 8},{19529, 15},{4424, 10},{13015, 8},{19529, 15},{13014, 8},{4424, 10},
{19529, 15},{4424, 10},{19529, 15},{13013, 8},{24250, 8},{2473, 10},{24249, 8},{2473, 10},{2473, 10},{24252, 8},
{24251, 8},{2473, 10},{24254, 8},{2473, 10},{24253, 8},{2473, 10},{24256, 8},{2473, 10},{24255, 8},{2473, 10},
{4012, 8},{2473, 10},{24246, 8},{2473, 10},{10094, 7},{1143, 4},{9557, 1},{3781, 16},{22131, 8},{5847, 7},
{19981, 17},{25273, 10},{3781, 16},{1143, 4},{943, 17},{19581, 7},{7009, 7},{25273, 10},{22130, 8},{19586, 7},
{7006, 7},{5840, 7},{16700, 8},{3781, 16},{7005, 7},{12688, 17},{1143, 4},{3320, 7},{25273, 10},{3781, 16},
{11974, 17},{13205, 8},{7007, 7},{5844, 7},{25273, 10},{7013, 7},{1143, 4},{26340, 7},{3781, 16},{1143, 4},
{25273, 10},{10099, 7},{26347, 7},{13258, 8},{2738, 17},{5848, 7},{14468, 17},{19584, 7},{16457, 8},{3781, 16},
{3319, 7},{25273, 10},{1143, 4},{5844, 7},{26344, 7},{26344, 7},{5846, 7},{3781, 16},{25273, 10},{13178, 8},
{8369, 17},{1143, 4},{10098, 7},{10100, 7},{26344, 7},{1143, 4},{25273, 10},{3781, 16},{19583, 7},{6242, 17},
{13169, 8},{1143, 4},{5841, 7},{5849, 7},{812, 8},{25273, 10},{19580, 7},{3781, 16},{26338, 7},{21373, 17},
{807, 8},{10440, 17},{7005, 7},{19585, 7},{25273, 10},{3781, 16},{1143, 4},{1685, 10},{10669, 7},{13174, 17},
{10576, 4},{7693, 7},{25273, 10},{3781, 16},{25118, 1},{16195, 8},{5455, 7},{7093, 1},{10679, 7},{10640, 7},
{3781, 16},{25168, 7},{10576, 4},{16196, 8},{6583, 17},{25273, 10},{3781, 16},{10676, 7},{10576, 4},{5766, 8},
{12428, 7},{17721, 17},{25273, 10},{5770, 17},{10576, 4},{12429, 7},{18194, 8},{25273, 10},{12430, 7},{3781, 16},
{25169, 7},{20592, 7},{18197, 8},{3209, 17},{10658, 7},{25273, 10},{10576, 4},{3781, 16},{7694, 7},{14662, 7},
{5452, 7},{18198, 8},{13791, 17},{25273, 10},{20592, 7},{10576, 4},{3781, 16},{25173, 7},{3781, 16},{4991, 17},
{5811, 8},{10576, 4},{25169, 7},{25273, 10},{5457, 7},{10664, 7},{5454, 7},{25273, 10},{5817, 8},{10576, 4},
{7693, 7},{3781, 16},{963, 17},{7688, 7},{18211, 8},{25172, 7},{3554, 17},{12430, 7},{25273, 10},{10576, 4},
{3781, 16},{25273, 10},{7689, 7},{5456, 7},{5460, 7},{10576, 4},{3781, 16},{24431, 17},{18214, 8},{12900, 7},
{1685, 10},{2653, 7},{9055, 8},{22652, 7},{25273, 10},{3781, 16},{7818, 7},{2250, 17},{7816, 7},{15066, 4},
{25273, 10},{8564, 7},{15066, 4},{8881, 17},{3781, 16},{402, 7},{9058, 8},{15852, 7},{3781, 16},{19829, 17},
{15066, 4},{25273, 10},{8561, 7},{9489, 8},{5047, 7},{3456, 1},{9052, 8},{14861, 7},{24568, 1},{15853, 7},
{22650, 7},{14405, 17},{15066, 4},{25273, 10},{3781, 16},{401, 7},{25273, 10},{15854, 7},{3781, 16},{17961, 17},
{15066, 4},{8565, 7},{21226, 7},{23540, 8},{7278, 1},{23541, 8},{25273, 10},{15066, 4},{3781, 16},{14856, 7},
{18026, 17},{22647, 7},{15066, 4},{15855, 7},{3751, 17},{3781, 16},{15853, 7},{15857, 7},{25273, 10},{23538, 8},
{25273, 10},{21226, 7},{23493, 17},{16840, 8},{3781, 16},{15066, 4},{22651, 7},{2661, 7},{25273, 10},{22652, 7},
{15066, 4},{25567, 17},{3781, 16},{23536, 8},{2640, 7},{20085, 7},{14861, 7},{7817, 7},{9036, 8},{15066, 4},
{3781, 16},{15852, 7},{3100, 17},{2661, 7},{25273, 10},{11082, 1},{8317, 17},{3781, 16},{16147, 7},{20518, 8},
{25273, 10},{16149, 7},{1904, 7},{25314, 4},{22390, 15},{14361, 15},{18762, 8},{4424, 10},{21550, 15},{4424, 10},
{18767, 8},{22390, 15},{4424, 10},{18766, 8},{22390, 15},{22390, 15},{18765, 8},{4424, 10},{1937, 15},{18764, 8},
{22390, 15},{8840, 15},{4424, 10},{4424, 10},{18763, 8},{14684, 15},{14684, 15},{18762, 8},{3231, 15},{4424, 10},
{4424, 10},{14684, 15},{3237, 15},{18765, 8},{1577, 15},{18764, 8},{4424, 10},{14684, 15},{21265, 15},{14684, 15},
{4424, 10},{18767, 8},{4424, 10},{18766, 8},{14065, 15},{8703, 15},{14684, 15},{2642, 7},{15066, 4},{25273, 10},
{5047, 7},{18416, 17},{22647, 7},{2653, 7},{10725, 8},{3781, 16},{10726, 8},{15853, 7},{3781, 16},{12637, 17},
{402, 7},{8565, 7},{15066, 4},{25273, 10},{21053, 17},{10723, 8},{14861, 7},{15066, 4},{22650, 7},{22648, 7},
{3449, 1},{8563, 7},{25273, 10},{3781, 16},{10724, 8},{15066, 4},{15853, 7},{15858, 7},{7817, 7},{25273, 10},
{23882, 17},{3781, 16},{401, 7},{25273, 10},{15855, 7},{8559, 7},{401, 7},{2642, 7},{2826, 17},{3781, 16},
{10729, 8},{15066, 4},{25273, 10},{3781, 16},{15066, 4},{15859, 7},{8561, 7},{8556, 7},{3242, 17},{10730, 8},
{11942, 8},{3781, 16},{15066, 4},{25273, 10},{8564, 7},{2640, 7},{22653, 7},{25203, 17},{20088, 7},{15066, 4},
{3781, 16},{15853, 7},{11944, 8},{3447, 1},{8561, 7},{2653, 7},{12272, 17},{25273, 10},{25273, 10},{22648, 7},
{7826, 7},{15854, 7},{26405, 17},{15066, 4},{11933, 8},{8556, 7},{3781, 16},{8556, 7},{25273, 10},{11936, 8},
{7826, 7},{15066, 4},{15855, 7},{3781, 16},{22647, 7},{25594, 17},{1685, 10},{16451, 7},{10857, 7},{2727, 8},
{19308, 17},{15272, 4},{19894, 7},{25273, 10},{3781, 16},{10447, 17},{2728, 8},{15272, 4},{16455, 7},{19937, 1},
{25273, 10},{3774, 7},{3781, 16},{12402, 17},{3772, 7},{23461, 7},{16456, 7},{15272, 4},{20561, 7},{25273, 10},
{3781, 16},{2725, 8},{3781, 16},{10547, 7},{17354, 7},{9361, 17},{25273, 10},{17358, 7},{15272, 4},{2726, 8},
{25273, 10},{3781, 16},{23458, 7},{19686, 17},{2723, 8},{17356, 7},{15272, 4},{23463, 7},{10550, 7},{3781, 16},
{897, 1},{20588, 7},{2724, 8},{15272, 4},{9889, 17},{25273, 10},{2721, 8},{3781, 16},{3775, 7},{17351, 7},
{25273, 10},{11701, 17},{15272, 4},{17816, 7},{3774, 7},{19894, 7},{25273, 10},{2722, 8},{15272, 4},{17354, 7},
{3781, 16},{1137, 17},{3770, 7},{23460, 7},{20561, 7},{20499, 17},{25273, 10},{3781, 16},{2733, 8},{15272, 4},
{3769, 7},{20610, 7},{15272, 4},{25273, 10},{3781, 16},{10876, 7},{2734, 8},{3770, 7},{16231, 17},{16455, 7},
{1685, 10},{1685, 10},{1685, 10},{4424, 10},{26168, 15},{18767, 8},{20888, 15},{18041, 15},{20888, 15},{4424, 10},
{18766, 8},{16768, 15},{4424, 10},{11300, 15},{18765, 8},{16772, 15},{20888, 15},{18043, 15},{4424, 10},{20888, 15},
{18764, 8},{26168, 15},{20888, 15},{9965, 15},{19075, 15},{4424, 10},{18763, 8},{18039, 15},{12269, 15},{18762, 8},
{20888, 15},{4424, 10},{15686, 8},{4424, 10},{20888, 15},{18251, 15},{9434, 8},{4424, 10},{20888, 15},{4424, 10},
{20888, 15},{6692, 8},{20888, 15},{4424, 10},{5281, 15},{6690, 8},{1685, 10},{10622, 17},{14509, 7},{25273, 10},
{17612, 4},{20554, 7},{3781, 16},{22580, 8},{10576, 4},{7691, 7},{14660, 7},{21201, 17},{2988, 8},{25273, 10},
{5456, 7},{3781, 16},{20546, 7},{8106, 7},{9878, 17},{17612, 4},{3781, 16},{25273, 10},{22582, 8},{6858, 7},
{17612, 4},{25273, 10},{7541, 7},{20550, 7},{859, 7},{25240, 1},{2992, 17},{3781, 16},{8107, 7},{20918, 8},
{8106, 7},{6850, 7},{25273, 10},{854, 7},{21217, 17},{17612, 4},{17821, 8},{3781, 16},{22585, 8},{3781, 16},
{15646, 17},{8105, 7},{17612, 4},{861, 7},{25273, 10},{22586, 8},{857, 7},{25273, 10},{3781, 16},{14507, 7},
{17612, 4},{14506, 7},{26092, 17},{22587, 8},{3781, 16},{14507, 7},{17612, 4},{8105, 7},{25273, 10},{6396, 17},
{25273, 10},{2983, 8},{20593, 7},{10576, 4},{10669, 7},{7688, 7},{3781, 16},{12916, 7},{20020, 17},{2391, 17},
{25171, 7},{3781, 16},{12435, 7},{10640, 7},{2984, 8},{25273, 10},{10576, 4},{10576, 4},{3781, 16},{22910, 1},
{5450, 7},{7689, 7},{19469, 7},{25273, 10},{2985, 8},{11627, 17},{2730, 17},{10576, 4},{25273, 10},{25173, 7},
{3781, 16},{7694, 7},{25171, 7},{2986, 8},{5450, 7},{12430, 7},{3781, 16},{20593, 7},{25273, 10},{10576, 4},
{2979, 8},{25596, 17},{3781, 16},{14661, 7},{25173, 7},{7090, 1},{2980, 8},{10658, 7},{10576, 4},{1824, 17},
{25273, 10},{861, 7},{14508, 7},{24842, 17},{3542, 8},{25273, 10},{3781, 16},{6853, 7},{7540, 7},{17612, 4},
{22591, 8},{25238, 1},{12994, 17},{3781, 16},{8100, 7},{17612, 4},{856, 7},{25273, 10},{16904, 7},{25273, 10},
{25136, 7},{23519, 7},{3781, 16},{15809, 17},{19604, 7},{8204, 4},{7618, 8},{13955, 17},{25273, 10},{7617, 8},
{23523, 7},{25131, 7},{23528, 7},{3781, 16},{8204, 4},{19605, 7},{19606, 7},{8204, 4},{25273, 10},{13439, 1},
{24215, 17},{7615, 8},{3781, 16},{19605, 7},{7057, 17},{3781, 16},{7614, 8},{19606, 7},{8204, 4},{25273, 10},
{23520, 7},{25273, 10},{7613, 8},{2910, 17},{16900, 7},{11746, 7},{16898, 7},{3781, 16},{23528, 7},{8204, 4},
{25138, 7},{3781, 16},{8204, 4},{11746, 7},{5431, 7},{25273, 10},{8580, 17},{7612, 8},{23523, 7},{8204, 4},
{3781, 16},{5873, 17},{25273, 10},{13950, 8},{25130, 7},{10123, 7},{8204, 4},{10120, 7},{3781, 16},{25273, 10},
{19541, 17},{16904, 7},{7610, 8},{3781, 16},{23527, 7},{16904, 7},{10129, 7},{16405, 17},{25273, 10},{8204, 4},
{10120, 7},{7609, 8},{3781, 16},{25273, 10},{16906, 7},{16216, 17},{8204, 4},{16900, 7},{25138, 7},{7608, 8},
{3158, 15},{4424, 10},{18766, 8},{18767, 8},{4424, 10},{19303, 15},{20575, 15},{3158, 15},{10176, 15},{3158, 15},
{4424, 10},{18764, 8},{3158, 15},{4424, 10},{18765, 8},{10177, 15},{3158, 15},{4424, 10},{18762, 8},{1685, 10},
{9434, 8},{3158, 15},{4424, 10},{3158, 15},{15686, 8},{4424, 10},{10172, 15},{6690, 8},{10174, 15},{10952, 15},
{4424, 10},{3158, 15},{25274, 15},{4170, 15},{3158, 15},{4424, 10},{6692, 8},{10961, 15},{2733, 8},{25273, 10},
{3781, 16},{22795, 7},{20660, 7},{21066, 7},{24628, 17},{13175, 4},{22799, 7},{13175, 4},{22797, 7},{2734, 8},
{23565, 17},{11763, 7},{3781, 16},{25273, 10},{15902, 15},{6692, 8},{4424, 10},{15902, 15},{4424, 10},{6690, 8},
{22796, 7},{3781, 16},{13175, 4},{18526, 7},{25256, 7},{10977, 17},{2727, 8},{18527, 7},{25273, 10},{18764, 8},
{4424, 10},{1412, 15},{15902, 15},{14053, 15},{15902, 15},{4424, 10},{18767, 8},{4424, 10},{18766, 8},{18042, 15},
{15902, 15},{15686, 8},{4424, 10},{15902, 15},{15902, 15},{4424, 10},{9434, 8},{4424, 10},{15902, 15},{18763, 8},
{1413, 15},{18762, 8},{15902, 15},{4424, 10},{1685, 10},{5135, 7},{25613, 7},{13689, 8},{3781, 16},{25273, 10},
{19954, 4},{24311, 17},{25615, 7},{12063, 7},{3781, 16},{25615, 7},{24822, 7},{15460, 8},{25613, 7},{18869, 17},
{19954, 4},{25273, 10},{6165, 8},{5132, 7},{12062, 7},{25273, 10},{12061, 7},{14678, 17},{3781, 16},{19954, 4},
{5135, 7},{3781, 16},{18456, 17},{12518, 1},{1744, 7},{19954, 4},{25273, 10},{15465, 8},{12067, 7},{19954, 4},
{1743, 7},{3781, 16},{25273, 10},{15464, 8},{428, 17},{872, 1},{12058, 7},{1745, 7},{1741, 7},{19954, 4},
{8080, 7},{5135, 7},{3781, 16},{5133, 7},{14089, 17},{15463, 8},{25273, 10},{8069, 7},{1743, 7},{16843, 17},
{25273, 10},{1740, 7},{19954, 4},{12061, 7},{3781, 16},{22708, 7},{15470, 8},{19954, 4},{15469, 8},{25605, 7},
{5135, 7},{25273, 10},{9111, 17},{8072, 7},{3781, 16},{15468, 8},{19954, 4},{8079, 7},{8069, 7},{3781, 16},
{3047, 17},{25273, 10},{5129, 7},{12064, 7},{25609, 7},{15467, 8},{5130, 7},{3781, 16},{25273, 10},{17494, 17},
{19954, 4},{7185, 1},{23392, 7},{7672, 10},{18608, 17},{3781, 16},{17612, 4},{1748, 8},{17416, 3},{13153, 7},
{3693, 7},{5335, 7},{17612, 4},{7672, 10},{6255, 7},{7195, 1},{1749, 8},{4668, 3},{3781, 16},{23897, 17},
{7428, 3},{5335, 7},{23971, 17},{1223, 10},{23385, 7},{1754, 8},{7195, 1},{7672, 10},{3781, 16},{6854, 0},
{17612, 4},{1755, 8},{7672, 10},{9131, 1},{17612, 4},{16540, 7},{1223, 10},{20550, 0},{3781, 16},{2450, 3},
{16528, 17},{9221, 17},{16547, 7},{17612, 4},{23396, 7},{23665, 10},{9469, 1},{22168, 3},{1756, 8},{3781, 16},
{7672, 10},{6250, 7},{3781, 16},{19620, 17},{6065, 3},{6248, 7},{7672, 10},{3692, 7},{17612, 4},{1757, 8},
{6857, 0},{1223, 10},{9130, 1},{23414, 17},{3781, 16},{9129, 1},{1750, 8},{7672, 10},{3692, 7},{17612, 4},
{21797, 3},{16545, 7},{6250, 7},{9832, 3},{7672, 10},{6251, 7},{1751, 8},{23665, 10},{3781, 16},{21839, 17},
{9469, 1},{17612, 4},{15851, 17},{7672, 10},{3268, 3},{1752, 8},{13157, 7},{23665, 10},{7189, 1},{3781, 16},
{17612, 4},{7186, 1},{7672, 10},{16548, 7},{474, 3},{1753, 8},{17612, 4},{22485, 7},{4810, 17},{3781, 16},
{13148, 1},{18553, 8},{12480, 7},{25273, 10},{3781, 16},{12181, 17},{7149, 7},{1530, 4},{12491, 7},{13277, 17},
{7141, 7},{3781, 16},{25273, 10},{18552, 8},{5509, 7},{1530, 4},{3781, 16},{1530, 4},{24848, 17},{7357, 7},
{19294, 7},{25273, 10},{18548, 8},{26018, 7},{26017, 7},{25273, 10},{7142, 7},{26017, 7},{3781, 16},{19666, 7},
{1212, 17},{1530, 4},{18547, 8},{5502, 7},{19293, 7},{25273, 10},{7142, 7},{1530, 4},{5495, 8},{3781, 16},
{18425, 17},{1530, 4},{18549, 8},{26016, 7},{3781, 16},{12483, 7},{25273, 10},{17434, 17},{16025, 17},{12479, 7},
{7149, 7},{1530, 4},{25273, 10},{3781, 16},{5503, 7},{18544, 8},{9579, 7},{18543, 8},{7147, 7},{12479, 7},
{3781, 16},{1530, 4},{14974, 17},{25273, 10},{15452, 1},{1530, 4},{5509, 7},{3781, 16},{18546, 8},{25273, 10},
{11274, 17},{5505, 7},{26017, 7},{7357, 7},{12978, 17},{12491, 7},{19292, 7},{1530, 4},{3781, 16},{25273, 10},
{18545, 8},{25126, 10},{12855, 8},{13583, 8},{25126, 10},{25126, 10},{13580, 8},{13581, 8},{25126, 10},{13578, 8},
{25126, 10},{13579, 8},{25126, 10},{13576, 8},{25126, 10},{25126, 10},{13577, 8},{25126, 10},{13584, 8},{13585, 8},
{25126, 10},{20966, 17},{6764, 10},{2804, 3},{3781, 16},{19929, 9},{2034, 5},{4506, 8},{9300, 9},{12232, 2},
{6609, 13},{19922, 9},{22853, 12},{3781, 16},{18056, 3},{6764, 10},{20162, 5},{19923, 9},{12232, 2},{9299, 9},
{19924, 9},{11292, 13},{10325, 17},{4507, 8},{8968, 12},{23063, 13},{8999, 17},{19926, 9},{12232, 2},{6764, 10},
{1000, 8},{3781, 16},{19927, 9},{22542, 3},{7338, 12},{20171, 5},{9298, 9},{19928, 9},{1003, 8},{9297, 9},
{12232, 2},{12232, 6},{3781, 16},{19817, 17},{20170, 5},{327, 12},{6764, 10},{10249, 13},{753, 3},{12232, 2},
{17620, 9},{9306, 9},{20165, 5},{14753, 17},{11774, 9},{4502, 8},{9303, 9},{3980, 12},{20799, 3},{23431, 13},
{3781, 16},{6764, 10},{6764, 10},{9436, 13},{4503, 8},{20478, 3},{10799, 5},{7218, 12},{17610, 9},{5684, 9},
{3781, 16},{9305, 9},{12232, 2},{11772, 9},{9811, 17},{8051, 12},{18260, 17},{12232, 2},{19925, 9},{2028, 5},
{3781, 16},{19930, 9},{9302, 9},{6764, 10},{16747, 3},{4500, 8},{130, 13},{3781, 16},{9304, 9},{10401, 5},
{19436, 13},{4501, 8},{12232, 2},{7338, 3},{10993, 12},{6764, 10},{22401, 17},{9301, 9},{19931, 9},{1685, 10},
{1685, 10},{9508, 8},{2473, 10},{1685, 10},{7672, 10},{3929, 1},{1757, 8},{16096, 17},{7507, 3},{23665, 10},
{10935, 7},{3781, 16},{13175, 4},{16991, 15},{23852, 15},{24886, 8},{4424, 10},{11071, 15},{11071, 15},{4424, 10},
{24884, 8},{3426, 15},{4424, 10},{11071, 15},{16992, 15},{13018, 8},{11071, 15},{13017, 8},{4424, 10},{10221, 15},
{13020, 8},{11071, 15},{4424, 10},{4424, 10},{11071, 15},{13019, 8},{11071, 15},{13014, 8},{4424, 10},{23850, 15},
{19284, 15},{4424, 10},{23856, 15},{13013, 8},{11071, 15},{11071, 15},{24490, 15},{4424, 10},{10224, 15},{13016, 8},
{23852, 15},{4424, 10},{11071, 15},{13015, 8},{6279, 15},{18764, 8},{4424, 10},{18762, 8},{20716, 15},{4424, 10},
{18763, 8},{4424, 10},{20716, 15},{9434, 8},{22476, 15},{4424, 10},{20716, 15},{4424, 10},{20716, 15},{15686, 8},
{4424, 10},{18766, 8},{20716, 15},{2117, 15},{20716, 15},{4424, 10},{18767, 8},{20716, 15},{18764, 8},{4424, 10},
{18817, 15},{1622, 15},{20716, 15},{18765, 8},{4424, 10},{20716, 15},{6690, 8},{4424, 10},{8833, 15},{11604, 15},
{6675, 15},{20716, 15},{6692, 8},{13588, 15},{4424, 10},{18763, 8},{4424, 10},{6279, 15},{1381, 3},{3781, 16},
{22392, 9},{16912, 9},{12253, 2},{16911, 9},{22391, 9},{1166, 13},{22051, 17},{10993, 12},{15323, 10},{13502, 8},
{11072, 12},{22397, 9},{8260, 9},{15323, 10},{3781, 16},{8462, 8},{19592, 17},{12253, 2},{22398, 9},{13298, 3},
{16338, 13},{16909, 9},{19191, 13},{22387, 9},{72, 12},{16916, 9},{15323, 10},{16553, 17},{8467, 8},{3781, 16},
{12253, 2},{1885, 3},{22388, 9},{21500, 12},{12253, 2},{22393, 9},{22394, 9},{8481, 8},{3781, 16},{16910, 9},
{14981, 13},{21422, 3},{15323, 10},{23180, 17},{8952, 13},{16286, 9},{16284, 9},{6064, 17},{15323, 10},{12253, 2},
{16913, 9},{25881, 12},{8504, 8},{16914, 9},{16211, 3},{3781, 16},{9050, 12},{16915, 9},{16285, 9},{15323, 10},
{24713, 13},{18129, 3},{12253, 2},{3754, 8},{9998, 17},{3781, 16},{25273, 10},{3781, 16},{12232, 4},{7365, 7},
{14152, 8},{5020, 1},{12503, 7},{15942, 17},{2473, 10},{9508, 8},{2473, 10},{4830, 8},{9510, 8},{2473, 10},
{2473, 10},{9509, 8},{2473, 10},{9512, 8},{9511, 8},{2473, 10},{2473, 10},{9514, 8},{2473, 10},{9513, 8},
{2473, 10},{9506, 8},{2473, 10},{9505, 8},{1685, 10},{19954, 4},{1739, 7},{25606, 7},{23028, 17},{15332, 8},
{5134, 7},{25273, 10},{3781, 16},{3781, 16},{14099, 17},{25273, 10},{8073, 7},{19954, 4},{15331, 8},{25614, 7},
{17456, 17},{25605, 7},{19954, 4},{25273, 10},{8075, 7},{15330, 8},{12063, 7},{3781, 16},{5130, 7},{15329, 8},
{1745, 7},{19954, 4},{12061, 7},{3781, 16},{8071, 7},{7638, 17},{25273, 10},{15336, 8},{22708, 7},{1742, 7},
{3781, 16},{19954, 4},{25273, 10},{8069, 7},{20180, 17},{1742, 7},{5129, 7},{25273, 10},{12060, 7},{15335, 8},
{19954, 4},{23904, 17},{3781, 16},{15334, 8},{10183, 17},{5130, 7},{3781, 16},{12065, 7},{19954, 4},{25273, 10},
{3781, 16},{15333, 8},{1735, 7},{5135, 7},{12517, 1},{25273, 10},{8071, 7},{6224, 17},{19954, 4},{1685, 10},
{5136, 7},{5130, 7},{10846, 1},{23166, 17},{25273, 10},{3781, 16},{15338, 8},{19954, 4},{12067, 7},{25614, 7},
{15337, 8},{14313, 17},{3781, 16},{19954, 4},{12067, 7},{25273, 10},{1685, 10},{1685, 10},{2473, 10},{24254, 8},
{24253, 8},{2473, 10},{24256, 8},{2473, 10},{2473, 10},{24255, 8},{24250, 8},{2473, 10},{24249, 8},{2473, 10},
{24252, 8},{2473, 10},{24251, 8},{2473, 10},{4012, 8},{2473, 10},{24246, 8},{2473, 10},{1685, 10},{22649, 7},
{17634, 17},{14635, 8},{3781, 16},{15854, 7},{14856, 7},{25273, 10},{15066, 4},{8561, 7},{22651, 7},{8565, 7},
{15066, 4},{25273, 10},{24644, 17},{3781, 16},{14636, 8},{15066, 4},{25273, 10},{9565, 17},{401, 7},{14633, 8},
{22651, 7},{3781, 16},{4153, 17},{8559, 7},{15066, 4},{14634, 8},{3781, 16},{25273, 10},{7816, 7},{24568, 1},
{14631, 8},{3781, 16},{15066, 4},{22647, 7},{7910, 17},{25273, 10},{8559, 7},{3455, 1},{22652, 7},{25273, 10},
{21773, 17},{15066, 4},{22648, 7},{14632, 8},{15858, 7},{3781, 16},{308, 17},{15066, 4},{14629, 8},{3781, 16},
{25273, 10},{7817, 7},{15853, 7},{2653, 7},{3781, 16},{15066, 4},{25273, 10},{2661, 7},{8562, 7},{241, 17},
{14630, 8},{14637, 8},{22651, 7},{15066, 4},{25273, 10},{24846, 17},{3781, 16},{14861, 7},{22647, 7},{14638, 8},
{16229, 17},{15066, 4},{22648, 7},{25273, 10},{3781, 16},{6597, 8},{25126, 10},{6596, 8},{25126, 10},{21660, 15},
{8836, 15},{13020, 8},{4424, 10},{20374, 15},{13019, 8},{18812, 15},{2117, 15},{21660, 15},{4424, 10},{6590, 8},
{25126, 10},{13017, 8},{21660, 15},{4424, 10},{13833, 8},{25126, 10},{25126, 10},{13831, 8},{13014, 8},{21660, 15},
{4424, 10},{6593, 8},{25126, 10},{1685, 10},{13724, 8},{20593, 7},{7692, 7},{25273, 10},{3781, 16},{10165, 17},
{10576, 4},{12426, 7},{5457, 7},{10576, 4},{13725, 8},{16301, 17},{25273, 10},{3781, 16},{15686, 8},{4424, 10},
{1571, 15},{14688, 15},{9434, 8},{4424, 10},{14688, 15},{5455, 7},{13745, 17},{3781, 16},{7093, 1},{10576, 4},
{12431, 7},{13728, 8},{14662, 7},{25273, 10},{5457, 7},{5455, 7},{5460, 7},{2716, 8},{10576, 4},{16875, 17},
{10676, 7},{25273, 10},{3781, 16},{3781, 16},{25273, 10},{10576, 4},{13705, 17},{12916, 7},{12425, 7},{13730, 8},
{12868, 7},{4424, 10},{20407, 15},{21117, 15},{13017, 8},{17734, 15},{4424, 10},{18767, 8},{14688, 15},{14067, 15},
{3781, 16},{5451, 7},{13733, 8},{5455, 7},{25169, 7},{10576, 4},{8288, 17},{25273, 10},{1685, 10},{7682, 15},
{13013, 8},{17852, 15},{4424, 10},{4122, 15},{13014, 8},{4122, 15},{10587, 15},{4424, 10},{4424, 10},{7690, 15},
{13015, 8},{4122, 15},{4122, 15},{4424, 10},{13017, 8},{4424, 10},{13018, 8},{4122, 15},{13019, 8},{17853, 15},
{4424, 10},{4122, 15},{13020, 8},{4122, 15},{4424, 10},{25978, 17},{11780, 12},{3781, 16},{25605, 9},{8283, 10},
{7833, 9},{9093, 8},{25606, 9},{11954, 13},{7830, 9},{2033, 5},{19954, 2},{23050, 3},{13014, 8},{4424, 10},
{22842, 15},{9142, 15},{18765, 8},{4424, 10},{19526, 15},{4424, 10},{18767, 8},{3926, 15},{8778, 15},{9434, 8},
{4424, 10},{10223, 15},{19526, 15},{9142, 15},{4424, 10},{13017, 8},{1685, 10},{1685, 10},{13020, 8},{9142, 15},
{4424, 10},{4424, 10},{9142, 15},{22842, 15},{13019, 8},{3926, 15},{15686, 8},{4424, 10},{1685, 10},{1530, 4},
{9424, 8},{3781, 16},{7145, 7},{25273, 10},{26016, 7},{5503, 7},{15685, 17},{1530, 4},{3781, 16},{14890, 8},
{25273, 10},{1423, 17},{7144, 7},{26016, 7},{9561, 8},{12484, 7},{26017, 7},{1530, 4},{3781, 16},{14297, 17},
{25273, 10},{7147, 7},{19292, 7},{26019, 7},{2053, 17},{25273, 10},{9579, 7},{5503, 7},{9549, 8},{3781, 16},
{1530, 4},{17636, 17},{1530, 4},{25273, 10},{3597, 8},{7357, 7},{3781, 16},{26013, 7},{3596, 8},{3781, 16},
{11189, 17},{7147, 7},{9566, 7},{25273, 10},{1530, 4},{7533, 17},{22011, 8},{1530, 4},{7142, 7},{25273, 10},
{3781, 16},{7145, 7},{3594, 8},{17866, 17},{3781, 16},{25273, 10},{1530, 4},{26021, 7},{19296, 7},{25273, 10},
{3781, 16},{26012, 7},{25219, 7},{1796, 17},{1530, 4},{22008, 8},{5509, 7},{9281, 17},{25273, 10},{5509, 7},
{1530, 4},{7146, 7},{3781, 16},{19295, 7},{12332, 1},{22005, 8},{7186, 15},{4424, 10},{18765, 8},{14311, 15},
{4424, 10},{18766, 8},{21076, 15},{18534, 15},{7186, 15},{4424, 10},{18767, 8},{18766, 8},{4424, 10},{7186, 15},
{11504, 15},{4424, 10},{7186, 15},{15686, 8},{9434, 8},{4424, 10},{7186, 15},{18763, 8},{7186, 15},{4473, 15},
{4424, 10},{18762, 8},{4424, 10},{4466, 15},{7186, 15},{4424, 10},{14311, 15},{6692, 8},{4424, 10},{14311, 15},
{6690, 8},{21080, 15},{24013, 15},{4636, 15},{6692, 8},{7186, 15},{4424, 10},{18613, 15},{1012, 15},{7186, 15},
{6690, 8},{4424, 10},{7278, 15},{6692, 8},{4424, 10},{4256, 15},{23529, 7},{10187, 17},{20197, 1},{10281, 8},
{5435, 7},{3781, 16},{8204, 4},{25273, 10},{1685, 10},{15902, 1},{1730, 8},{17455, 3},{21603, 7},{23665, 10},
{12253, 4},{6101, 17},{3781, 16},{24028, 7},{1950, 7},{7672, 10},{18280, 7},{3781, 16},{16115, 3},{22272, 8},
{12253, 4},{18325, 17},{23665, 10},{7672, 10},{3075, 7},{20876, 1},{1946, 7},{22326, 1},{22273, 8},{3781, 16},
{10131, 7},{3623, 3},{8260, 7},{7672, 10},{12253, 4},{19166, 17},{20881, 1},{1365, 3},{3075, 7},{12253, 4},
{7672, 10},{3077, 7},{1733, 8},{3781, 16},{22830, 17},{21602, 7},{13534, 17},{15903, 1},{7672, 10},{22267, 8},
{16911, 7},{12253, 4},{3781, 16},{22457, 3},{17682, 3},{1727, 8},{12191, 17},{3781, 16},{10134, 7},{12253, 4},
{7672, 10},{20879, 1},{7672, 10},{3781, 16},{2830, 17},{12253, 4},{9418, 1},{22269, 8},{3070, 7},{23665, 10},
{17416, 3},{22270, 8},{1223, 10},{7672, 10},{7249, 0},{20877, 1},{11904, 7},{790, 3},{24177, 17},{11895, 7},
{12253, 4},{3781, 16},{12253, 4},{21548, 17},{7672, 10},{9418, 1},{2184, 3},{22275, 8},{16909, 7},{3781, 16},
{21602, 7},{10136, 7},{12253, 4},{7672, 10},{22276, 8},{16916, 7},{16883, 17},{1223, 10},{1954, 7},{16472, 3},
{2630, 1},{16286, 0},{3781, 16},{16906, 7},{2345, 8},{25138, 7},{6044, 17},{25273, 10},{3781, 16},{8204, 4},
{3781, 16},{13175, 4},{9286, 8},{18522, 7},{20658, 7},{20746, 17},{25273, 10},{13175, 4},{18524, 7},{3781, 16},
{15311, 17},{22799, 7},{20653, 7},{25273, 10},{11769, 7},{9287, 8},{9134, 1},{25273, 10},{3781, 16},{7503, 17},
{22799, 7},{11761, 7},{13175, 4},{25263, 7},{9284, 8},{18764, 8},{7278, 15},{4424, 10},{16436, 12},{3781, 16},
{15658, 13},{11568, 9},{11569, 9},{6764, 10},{17365, 17},{4507, 8},{23254, 9},{20162, 5},{23441, 2},{25925, 3},
{11768, 7},{24033, 17},{25273, 10},{9290, 8},{3781, 16},{18523, 7},{13175, 4},{11747, 8},{5432, 7},{20199, 1},
{3781, 16},{8204, 4},{19604, 7},{16903, 7},{25273, 10},{4068, 17},{20068, 17},{13175, 4},{22793, 7},{18527, 7},
{25273, 10},{3781, 16},{9288, 8},{7278, 15},{4424, 10},{9434, 8},{8877, 15},{14179, 7},{17183, 17},{22396, 7},
{25273, 10},{12253, 4},{2762, 7},{3781, 16},{17624, 8},{25273, 10},{3781, 16},{7251, 7},{11937, 17},{2760, 7},
{12253, 4},{7248, 7},{10754, 8},{2763, 7},{2758, 7},{10755, 8},{7250, 7},{22387, 7},{12253, 4},{14841, 17},
{25273, 10},{3781, 16},{2763, 7},{8623, 15},{24886, 8},{5018, 15},{14359, 15},{4424, 10},{24884, 8},{5018, 15},
{4424, 10},{5575, 15},{4424, 10},{5018, 15},{13016, 8},{9996, 17},{3781, 16},{10745, 8},{22396, 7},{20882, 1},
{3270, 7},{2759, 7},{12253, 4},{25273, 10},{22395, 7},{16442, 15},{6692, 8},{4424, 10},{18806, 17},{3781, 16},
{10747, 8},{12253, 4},{14180, 7},{25273, 10},{3277, 7},{14184, 7},{12253, 4},{10748, 8},{19848, 7},{22387, 7},
{3781, 16},{25273, 10},{15197, 17},{20259, 17},{10749, 8},{2757, 7},{20879, 1},{12253, 4},{7248, 7},{3781, 16},
{25273, 10},{2762, 7},{1747, 17},{25273, 10},{14182, 7},{3781, 16},{2764, 7},{7242, 7},{3267, 7},{12253, 4},
{10750, 8},{4424, 10},{13017, 8},{4220, 15},{5018, 15},{11839, 17},{25273, 10},{3270, 7},{14184, 7},{12253, 4},
{178, 8},{3781, 16},{7242, 7},{1685, 10},{4219, 15},{4424, 10},{16442, 15},{6690, 8},{15510, 15},{20238, 7},
{8691, 7},{23975, 4},{20242, 7},{25273, 10},{3781, 16},{13702, 8},{26439, 17},{16503, 8},{25126, 10},{25126, 10},
{16504, 8},{25126, 10},{16505, 8},{16506, 8},{25126, 10},{25126, 10},{16507, 8},{16508, 8},{25126, 10},{16509, 8},
{25126, 10},{13696, 8},{23975, 4},{7165, 7},{20240, 7},{25273, 10},{12376, 17},{3781, 16},{23975, 4},{9023, 17},
{25273, 10},{3781, 16},{20237, 7},{13695, 8},{536, 7},{16255, 7},{16260, 7},{23975, 4},{3781, 16},{25273, 10},
{8691, 7},{16255, 7},{13698, 8},{7158, 7},{3067, 17},{16257, 7},{3781, 16},{8688, 7},{20237, 7},{20233, 7},
{13697, 8},{23975, 4},{1373, 17},{25273, 10},{3781, 16},{3484, 17},{7156, 7},{23975, 4},{13692, 8},{7159, 7},
{16262, 7},{25273, 10},{22473, 17},{536, 7},{3781, 16},{16255, 7},{13691, 8},{25273, 10},{23975, 4},{13694, 8},
{20236, 7},{7163, 7},{3781, 16},{16262, 7},{23975, 4},{25273, 10},{4591, 17},{20239, 7},{25273, 10},{8691, 7},
{10752, 17},{9453, 1},{13693, 8},{23975, 4},{8686, 7},{3781, 16},{8849, 17},{3781, 16},{25273, 10},{23523, 7},
{18348, 8},{8204, 4},{25132, 7},{18345, 8},{8204, 4},{3781, 16},{16167, 17},{5430, 7},{19602, 7},{25273, 10},
{18333, 8},{11719, 7},{19606, 7},{3781, 16},{25273, 10},{17503, 17},{23519, 7},{8204, 4},{5431, 7},{25273, 10},
{16905, 7},{8204, 4},{5429, 7},{18331, 8},{16902, 7},{9817, 17},{3781, 16},{8204, 4},{25273, 10},{7327, 8},
{16904, 7},{11426, 17},{3781, 16},{25130, 7},{18327, 8},{3781, 16},{25273, 10},{8204, 4},{5435, 7},{24298, 17},
{11746, 7},{25133, 7},{19606, 7},{25273, 10},{19613, 7},{3781, 16},{7325, 8},{26371, 7},{8204, 4},{10123, 7},
{22074, 17},{11722, 7},{5435, 7},{14688, 1},{8204, 4},{7324, 8},{6049, 17},{3781, 16},{25273, 10},{25273, 10},
{7323, 8},{11722, 7},{3781, 16},{8204, 4},{23523, 7},{26411, 17},{23519, 7},{16902, 7},{8204, 4},{3781, 16},
{7322, 8},{8226, 7},{13433, 1},{24658, 17},{25273, 10},{10124, 7},{4424, 10},{4372, 15},{18765, 8},{17833, 15},
{18764, 8},{18535, 15},{4424, 10},{4372, 15},{18538, 15},{21077, 15},{18767, 8},{4372, 15},{4424, 10},{4372, 15},
{18766, 8},{4424, 10},{10961, 15},{4424, 10},{18762, 8},{4372, 15},{20373, 15},{4424, 10},{13018, 8},{18817, 15},
{21660, 15},{13829, 8},{25126, 10},{21660, 15},{13015, 8},{4424, 10},{25232, 15},{4424, 10},{6690, 8},{4424, 10},
{25232, 15},{6692, 8},{7869, 15},{20685, 15},{25126, 10},{6594, 8},{25232, 15},{4424, 10},{18766, 8},{4424, 10},
{18767, 8},{25232, 15},{18764, 8},{25232, 15},{4424, 10},{18765, 8},{4424, 10},{25232, 15},{25232, 15},{4424, 10},
{18762, 8},{25232, 15},{4424, 10},{18763, 8},{9434, 8},{4424, 10},{25232, 15},{25232, 15},{15686, 8},{20689, 15},
{4424, 10},{1685, 10},{16886, 15},{13014, 8},{4424, 10},{6287, 15},{7111, 15},{4424, 10},{9699, 15},{6287, 15},
{13013, 8},{6287, 15},{13016, 8},{4424, 10},{6287, 15},{4424, 10},{13015, 8},{4424, 10},{13018, 8},{6287, 15},
{21223, 15},{6287, 15},{396, 15},{4424, 10},{13017, 8},{13020, 8},{6287, 15},{4424, 10},{7101, 15},{6287, 15},
{13019, 8},{4424, 10},{15446, 15},{4424, 10},{12458, 15},{6690, 8},{15446, 15},{4424, 10},{6692, 8},{23765, 15},
{23762, 15},{18762, 8},{21386, 15},{15446, 15},{4424, 10},{5489, 15},{4424, 10},{18763, 8},{15446, 15},{4424, 10},
{9434, 8},{15446, 15},{15446, 15},{4424, 10},{11663, 15},{12456, 15},{15686, 8},{15446, 15},{21612, 15},{4424, 10},
{11321, 15},{18766, 8},{15446, 15},{4424, 10},{18767, 8},{18764, 8},{15446, 15},{1921, 15},{4424, 10},{4424, 10},
{18765, 8},{3083, 15},{11663, 15},{15446, 15},{17392, 8},{2473, 10},{2473, 10},{17391, 8},{17395, 8},{2473, 10},
{17394, 8},{2473, 10},{25345, 8},{2473, 10},{17396, 8},{2473, 10},{17399, 8},{2473, 10},{17398, 8},{2473, 10},
{2473, 10},{17401, 8},{2473, 10},{17400, 8},{1685, 10},{14182, 7},{10744, 8},{14181, 7},{14138, 17},{25273, 10},
{12253, 4},{3781, 16},{18763, 8},{5297, 15},{4424, 10},{1685, 10},{2473, 10},{24249, 8},{24250, 8},{2473, 10},
{2473, 10},{24251, 8},{24252, 8},{2473, 10},{24253, 8},{2473, 10},{2473, 10},{24254, 8},{24255, 8},{2473, 10},
{24256, 8},{2473, 10},{24246, 8},{2473, 10},{2473, 10},{4012, 8},{7363, 7},{7362, 7},{3781, 16},{2985, 8},
{12232, 4},{7365, 7},{15340, 17},{25273, 10},{19922, 7},{12509, 7},{3781, 16},{2986, 8},{12232, 4},{16485, 17},
{14305, 7},{25273, 10},{21944, 17},{2983, 8},{25273, 10},{18542, 7},{5533, 7},{12232, 4},{3781, 16},{7367, 7},
{2984, 8},{3781, 16},{3981, 17},{25273, 10},{12232, 4},{19930, 7},{7361, 7},{11772, 7},{2981, 8},{12232, 4},
{3781, 16},{17610, 7},{21979, 17},{14305, 7},{25273, 10},{19927, 7},{2982, 8},{12232, 4},{8149, 1},{10203, 17},
{25273, 10},{19929, 7},{19926, 7},{5529, 7},{3781, 16},{3781, 16},{25273, 10},{6310, 7},{7369, 7},{16636, 17},
{12232, 4},{2979, 8},{19925, 7},{7364, 7},{12232, 4},{2980, 8},{3781, 16},{11776, 7},{18499, 17},{25273, 10},
{14307, 7},{2987, 8},{19926, 7},{25273, 10},{6955, 17},{12232, 4},{7365, 7},{19929, 7},{3781, 16},{3781, 16},
{2988, 8},{19923, 7},{25273, 10},{12232, 4},{7713, 17},{14307, 7},{18767, 8},{4424, 10},{23061, 15},{4424, 10},
{15580, 15},{23061, 15},{18766, 8},{18765, 8},{4424, 10},{21216, 15},{14482, 15},{23061, 15},{18764, 8},{23061, 15},
{4424, 10},{15576, 15},{23061, 15},{397, 15},{18763, 8},{4424, 10},{11912, 15},{18766, 8},{4424, 10},{15686, 8},
{23061, 15},{4424, 10},{18764, 8},{11912, 15},{4424, 10},{3781, 16},{437, 7},{7672, 10},{13148, 1},{1223, 10},
{15382, 7},{131, 3},{1530, 4},{25219, 0},{24340, 8},{16156, 17},{15769, 7},{21219, 15},{4424, 10},{6690, 8},
{21221, 15},{21220, 15},{23061, 15},{9702, 15},{16333, 3},{20156, 7},{24342, 8},{3781, 16},{20151, 7},{1530, 4},
{7672, 10},{438, 7},{13151, 1},{12196, 17},{1270, 17},{12328, 1},{15773, 7},{14133, 3},{20150, 7},{7672, 10},
{23665, 10},{3781, 16},{1530, 4},{20159, 7},{24341, 8},{5560, 3},{1223, 10},{7672, 10},{7148, 0},{13149, 1},
{3781, 16},{8979, 17},{1530, 4},{24336, 8},{15761, 7},{1223, 10},{7672, 10},{20150, 7},{20153, 7},{1530, 4},
{26023, 0},{23514, 3},{7671, 17},{12333, 1},{24335, 8},{3781, 16},{24338, 8},{22854, 3},{1530, 4},{6322, 7},
{3781, 16},{7672, 10},{7150, 0},{10070, 17},{12331, 1},{1223, 10},{24067, 17},{15772, 7},{4125, 3},{3781, 16},
{24337, 8},{1530, 4},{7672, 10},{9801, 7},{12334, 1},{4424, 10},{6287, 15},{18763, 8},{18762, 8},{4424, 10},
{6287, 15},{9434, 8},{17194, 15},{18781, 15},{4424, 10},{1685, 10},{9434, 8},{4424, 10},{21223, 15},{6287, 15},
{18781, 15},{4424, 10},{18766, 8},{18781, 15},{4424, 10},{18767, 8},{9508, 8},{2473, 10},{2473, 10},{4830, 8},
{18194, 8},{19294, 7},{3781, 16},{19295, 7},{1530, 4},{25273, 10},{19367, 17},{2473, 10},{9509, 8},{9512, 8},
{2473, 10},{26013, 7},{18211, 8},{1530, 4},{3781, 16},{25273, 10},{22740, 17},{12482, 7},{26012, 7},{1530, 4},
{26019, 7},{5817, 8},{3781, 16},{7144, 7},{25273, 10},{4766, 17},{2473, 10},{9513, 8},{698, 7},{7672, 10},
{20380, 7},{19180, 3},{2891, 17},{10398, 0},{23441, 4},{7573, 8},{1223, 10},{3781, 16},{26225, 1},{12483, 7},
{16195, 8},{12482, 7},{2001, 17},{5502, 7},{1530, 4},{25273, 10},{7150, 7},{3781, 16},{9506, 8},{2473, 10},
{2473, 10},{9505, 8},{23441, 4},{3781, 16},{20376, 7},{20893, 17},{20380, 7},{7672, 10},{7577, 8},{23248, 7},
{22659, 3},{26224, 1},{20386, 7},{23441, 4},{19529, 1},{3781, 16},{693, 7},{7672, 10},{26290, 17},{26047, 3},
{20380, 7},{7576, 8},{15742, 7},{13503, 1},{6713, 7},{7579, 8},{23441, 4},{25789, 3},{3781, 16},{7672, 10},
{23029, 17},{23949, 1},{15742, 7},{6713, 7},{17124, 3},{4338, 17},{3781, 16},{7578, 8},{7672, 10},{23441, 4},
{1685, 10},{5495, 8},{3781, 16},{540, 7},{20242, 7},{22226, 17},{23975, 4},{25273, 10},{2473, 10},{9505, 8},
{2473, 10},{9506, 8},{8687, 7},{14317, 17},{3781, 16},{23975, 4},{18549, 8},{8692, 7},{25273, 10},{2473, 10},
{9513, 8},{9514, 8},{2473, 10},{2473, 10},{9511, 8},{9512, 8},{2473, 10},{2473, 10},{9509, 8},{5040, 17},
{7162, 7},{25273, 10},{16265, 7},{18548, 8},{7165, 7},{23975, 4},{3781, 16},{4830, 8},{2473, 10},{6287, 15},
{4424, 10},{6690, 8},{23975, 4},{17757, 17},{544, 7},{8689, 7},{18547, 8},{3781, 16},{7165, 7},{25273, 10},
{8687, 7},{22066, 17},{7609, 8},{3781, 16},{19584, 7},{10088, 7},{25273, 10},{1143, 4},{7158, 7},{23975, 4},
{16260, 7},{12002, 17},{3781, 16},{25273, 10},{18545, 8},{10845, 15},{13019, 8},{8612, 15},{4424, 10},{23722, 15},
{13020, 8},{4424, 10},{10845, 15},{13017, 8},{10845, 15},{4424, 10},{1685, 10},{23726, 15},{10845, 15},{4043, 15},
{4424, 10},{13015, 8},{16265, 7},{540, 7},{18544, 8},{543, 7},{3781, 16},{25273, 10},{10484, 17},{23975, 4},
{10845, 15},{13013, 8},{4424, 10},{4424, 10},{13014, 8},{10845, 15},{10845, 15},{24884, 8},{4424, 10},{24886, 8},
{4424, 10},{10845, 15},{13020, 8},{21604, 15},{7981, 15},{4424, 10},{1143, 4},{7008, 7},{7009, 7},{8823, 17},
{7618, 8},{3781, 16},{25273, 10},{11745, 17},{3781, 16},{14662, 7},{10576, 4},{10660, 7},{13698, 8},{12857, 7},
{25273, 10},{14661, 7},{10097, 7},{10099, 7},{25273, 10},{19579, 7},{7009, 7},{1143, 4},{7617, 8},{20586, 17},
{3781, 16},{7981, 15},{13014, 8},{4424, 10},{13013, 8},{4424, 10},{7981, 15},{1685, 10},{21187, 7},{16555, 17},
{23665, 10},{7098, 1},{10576, 4},{19359, 3},{3781, 16},{24344, 8},{7672, 10},{1463, 7},{1223, 10},{7672, 10},
{10576, 4},{3781, 16},{8808, 3},{4129, 1},{12424, 0},{283, 17},{1471, 7},{24345, 8},{1223, 10},{7672, 10},
{21685, 3},{12916, 0},{10576, 4},{24335, 8},{2174, 7},{1467, 7},{20802, 17},{3781, 16},{25118, 1},{7672, 10},
{1466, 7},{3781, 16},{860, 17},{22854, 3},{24336, 8},{6926, 7},{23665, 10},{22909, 1},{10576, 4},{24801, 3},
{21184, 7},{3781, 16},{2171, 7},{25122, 1},{7672, 10},{24337, 8},{10576, 4},{23665, 10},{21183, 7},{25843, 17},
{8434, 17},{13694, 8},{3781, 16},{12430, 7},{10676, 7},{12427, 7},{22911, 1},{25273, 10},{10576, 4},{6914, 7},
{7672, 10},{951, 17},{14170, 8},{3781, 16},{7089, 1},{2163, 3},{10576, 4},{6914, 7},{17709, 3},{7672, 10},
{10966, 17},{24340, 8},{4135, 1},{3781, 16},{14421, 7},{10576, 4},{1472, 7},{23590, 3},{1472, 7},{4134, 1},
{7672, 10},{3781, 16},{24341, 8},{10576, 4},{25604, 17},{21180, 7},{7096, 1},{24342, 8},{7672, 10},{3781, 16},
{25751, 3},{1472, 7},{6944, 17},{10576, 4},{1685, 10},{1518, 17},{11915, 7},{23665, 10},{13729, 3},{7578, 8},
{7672, 10},{5017, 1},{9297, 7},{3781, 16},{12232, 4},{3781, 16},{12232, 4},{7672, 10},{19244, 3},{16741, 17},
{7579, 8},{5006, 7},{20396, 1},{3781, 16},{8797, 17},{12232, 4},{7576, 8},{7672, 10},{7758, 3},{5024, 1},
{9300, 7},{12232, 4},{23665, 10},{5676, 7},{19441, 17},{5020, 1},{7672, 10},{3781, 16},{9676, 3},{7577, 8},
{4999, 7},{4998, 7},{7672, 10},{26129, 17},{7574, 8},{1223, 10},{3781, 16},{5683, 7},{5684, 7},{18654, 7},
{5021, 1},{19924, 0},{8552, 3},{12232, 4},{7672, 10},{12232, 4},{5679, 7},{22105, 17},{20407, 1},{7575, 8},
{23665, 10},{3781, 16},{18056, 3},{16698, 17},{12232, 4},{18657, 7},{4999, 7},{2502, 3},{3781, 16},{23665, 10},
{18661, 7},{7572, 8},{7672, 10},{20401, 1},{3781, 16},{25410, 7},{25399, 7},{5020, 1},{23951, 17},{7672, 10},
{7573, 8},{25548, 3},{12232, 4},{18767, 8},{4424, 10},{2466, 15},{4424, 10},{2466, 15},{18766, 8},{4424, 10},
{15718, 15},{2466, 15},{18765, 8},{18764, 8},{2466, 15},{4424, 10},{3781, 16},{20396, 1},{7603, 17},{23665, 10},
{25406, 7},{7672, 10},{8233, 3},{25408, 7},{11921, 7},{7582, 8},{12232, 4},{3781, 16},{12232, 4},{23665, 10},
{5000, 7},{9304, 7},{7672, 10},{4895, 3},{5022, 1},{9303, 7},{15616, 17},{7583, 8},{17837, 17},{16262, 7},
{16261, 7},{3781, 16},{23975, 4},{25273, 10},{16265, 7},{7618, 8},{7157, 7},{542, 7},{7617, 8},{16256, 7},
{23975, 4},{8692, 7},{6237, 17},{3781, 16},{25273, 10},{20518, 8},{26345, 7},{3319, 7},{25273, 10},{16377, 17},
{1143, 4},{3781, 16},{20517, 8},{10096, 7},{25273, 10},{18823, 17},{7012, 7},{7007, 7},{1143, 4},{3781, 16},
{16260, 7},{23747, 8},{20237, 7},{25273, 10},{23975, 4},{3781, 16},{17727, 17},{16261, 7},{23745, 8},{25273, 10},
{23975, 4},{16262, 7},{7163, 7},{7165, 7},{20498, 17},{3781, 16},{23975, 4},{3781, 16},{964, 17},{23785, 8},
{539, 7},{25273, 10},{7165, 7},{20520, 8},{1143, 4},{9558, 1},{19580, 7},{25242, 17},{3316, 7},{25273, 10},
{3781, 16},{7013, 7},{9559, 1},{12094, 17},{25273, 10},{20523, 8},{5841, 7},{3781, 16},{19578, 7},{1143, 4},
{25273, 10},{16264, 7},{3781, 16},{16260, 7},{7614, 8},{16257, 7},{6283, 1},{23975, 4},{8686, 7},{21382, 17},
{3781, 16},{10088, 7},{26340, 7},{1143, 4},{25273, 10},{10648, 17},{20716, 1},{12462, 8},{19582, 7},{3781, 16},
{19585, 7},{5843, 7},{22408, 17},{1143, 4},{20524, 8},{25273, 10},{10100, 7},{7162, 7},{8695, 7},{541, 7},
{6939, 17},{3890, 8},{25273, 10},{3781, 16},{23975, 4},{1143, 4},{19577, 7},{20526, 8},{25273, 10},{942, 17},
{3781, 16},{19580, 7},{7693, 7},{25273, 10},{24897, 17},{10576, 4},{25171, 7},{13726, 8},{3781, 16},{25173, 7},
{25172, 7},{13727, 8},{25273, 10},{7689, 7},{10576, 4},{5451, 7},{18639, 17},{3781, 16},{19496, 8},{25126, 10},
{4424, 10},{14688, 15},{18763, 8},{18762, 8},{14688, 15},{4424, 10},{14688, 15},{8707, 15},{4424, 10},{18765, 8},
{25273, 10},{3781, 16},{5951, 8},{10576, 4},{5454, 7},{12429, 7},{11413, 17},{7685, 7},{25273, 10},{12857, 7},
{3781, 16},{10576, 4},{21906, 17},{13732, 8},{19497, 8},{25126, 10},{14688, 15},{18766, 8},{4424, 10},{4137, 15},
{7692, 7},{5453, 7},{13815, 17},{25273, 10},{8980, 8},{10576, 4},{7094, 1},{3781, 16},{8981, 8},{10576, 4},
{25171, 7},{25913, 17},{25273, 10},{5454, 7},{10669, 7},{3781, 16},{5452, 7},{25273, 10},{9195, 17},{7692, 7},
{5450, 7},{3781, 16},{12868, 7},{12424, 7},{23515, 8},{10576, 4},{25273, 10},{10576, 4},{3781, 16},{12868, 7},
{23516, 8},{13824, 17},{12435, 7},{1598, 17},{23517, 8},{25273, 10},{10576, 4},{10658, 7},{3781, 16},{25172, 7},
{5806, 17},{12868, 7},{3781, 16},{25273, 10},{12425, 7},{10576, 4},{23518, 8},{12900, 7},{21008, 8},{3781, 16},
{12429, 7},{25168, 7},{10576, 4},{25273, 10},{17629, 1},{12567, 17},{7688, 7},{10669, 7},{22177, 17},{3781, 16},
{25273, 10},{10576, 4},{12900, 7},{8963, 8},{3781, 16},{10855, 17},{5454, 7},{25273, 10},{10576, 4},{23521, 8},
{7689, 7},{7688, 7},{10576, 4},{23522, 8},{14659, 7},{25273, 10},{3781, 16},{22442, 17},{16902, 7},{25273, 10},
{22591, 8},{6327, 17},{26371, 7},{20202, 1},{8204, 4},{3781, 16},{3542, 8},{19603, 7},{5705, 17},{25273, 10},
{3781, 16},{19613, 7},{8204, 4},{8204, 4},{25273, 10},{5431, 7},{22585, 8},{21208, 17},{3781, 16},{5435, 7},
{5434, 7},{8204, 4},{23519, 7},{1726, 17},{25273, 10},{3781, 16},{17821, 8},{23528, 7},{1685, 10},{22586, 8},
{25273, 10},{10128, 7},{8204, 4},{9663, 17},{5429, 7},{3781, 16},{10121, 7},{8204, 4},{22581, 8},{23520, 7},
{25273, 10},{25901, 17},{3781, 16},{11746, 7},{22580, 8},{3781, 16},{8204, 4},{2929, 17},{25273, 10},{8226, 7},
{20866, 1},{16902, 7},{5425, 7},{8226, 7},{10130, 7},{25273, 10},{20918, 8},{10189, 17},{3781, 16},{8204, 4},
{8204, 4},{25273, 10},{22582, 8},{3781, 16},{19601, 7},{20864, 1},{16902, 7},{10130, 7},{6319, 17},{21647, 15},
{13019, 8},{4424, 10},{20199, 15},{13020, 8},{20199, 15},{4424, 10},{4136, 15},{8697, 15},{13017, 8},{4424, 10},
{21646, 15},{20199, 15},{13018, 8},{4424, 10},{20199, 15},{4424, 10},{13015, 8},{20199, 15},{13013, 8},{4424, 10},
{2008, 15},{20199, 15},{4424, 10},{13014, 8},{20199, 15},{12513, 15},{18765, 8},{4424, 10},{9278, 7},{22302, 7},
{13732, 8},{22306, 7},{2873, 17},{22301, 7},{25273, 10},{3781, 16},{25314, 4},{24388, 7},{24387, 7},{25314, 4},
{3781, 16},{25273, 10},{4188, 17},{5951, 8},{6005, 17},{25273, 10},{4713, 7},{22306, 7},{13730, 8},{3781, 16},
{25314, 4},{3781, 16},{1213, 17},{22303, 7},{16144, 7},{2716, 8},{25273, 10},{25314, 4},{12513, 15},{8612, 15},
{9434, 8},{4424, 10},{18763, 8},{12513, 15},{4424, 10},{12513, 15},{629, 15},{4424, 10},{1896, 15},{18762, 8},
{25273, 10},{13725, 8},{3781, 16},{22300, 7},{16149, 7},{25314, 4},{7349, 17},{25314, 4},{4709, 7},{25273, 10},
{13724, 8},{3781, 16},{12911, 17},{16140, 7},{6692, 8},{4424, 10},{8612, 15},{12513, 15},{12513, 15},{6690, 8},
{4424, 10},{1685, 10},{1685, 10},{1685, 10},{25126, 10},{12654, 8},{12655, 8},{25126, 10},{12664, 8},{25126, 10},
{12665, 8},{25126, 10},{25126, 10},{12662, 8},{25126, 10},{22785, 8},{25126, 10},{12660, 8},{22782, 8},{25126, 10},
{12658, 8},{25126, 10},{25126, 10},{12659, 8},{1685, 10},{26313, 8},{25126, 10},{26312, 8},{25126, 10},{25126, 10},
{20795, 8},{1052, 8},{25126, 10},{25126, 10},{25608, 8},{4424, 10},{13017, 8},{3452, 15},{17453, 8},{25126, 10},
{25126, 10},{25626, 8},{25623, 8},{25126, 10},{25126, 10},{25621, 8},{13020, 8},{25298, 15},{10982, 15},{20400, 15},
{4424, 10},{20400, 15},{13019, 8},{4424, 10},{7403, 15},{8619, 15},{4424, 10},{20400, 15},{13018, 8},{20400, 15},
{8619, 15},{13017, 8},{4424, 10},{13014, 8},{21114, 15},{20400, 15},{4424, 10},{13013, 8},{4424, 10},{20400, 15},
{25748, 17},{25273, 10},{3781, 16},{2726, 8},{10096, 7},{26344, 7},{1143, 4},{9559, 1},{25273, 10},{3781, 16},
{25902, 17},{1143, 4},{2725, 8},{10097, 7},{7002, 7},{19582, 7},{25273, 10},{2728, 8},{3781, 16},{19585, 7},
{14504, 17},{26341, 7},{26342, 7},{10088, 7},{1143, 4},{1143, 4},{26340, 7},{3781, 16},{25273, 10},{2727, 8},
{7008, 7},{10949, 17},{1359, 7},{6924, 7},{24752, 4},{3781, 16},{7414, 17},{25273, 10},{23747, 8},{23745, 8},
{25273, 10},{3781, 16},{11494, 17},{24752, 4},{6388, 1},{12023, 7},{6930, 7},{7467, 17},{1143, 4},{2724, 8},
{26339, 7},{3781, 16},{3316, 7},{25273, 10},{3781, 16},{17048, 17},{1143, 4},{26342, 7},{10093, 7},{19581, 7},
{25273, 10},{26343, 7},{2723, 8},{3781, 16},{15984, 17},{22805, 1},{6921, 7},{14255, 7},{24752, 4},{5109, 7},
{3894, 8},{25273, 10},{3781, 16},{18949, 7},{12030, 7},{24752, 4},{5109, 7},{3893, 8},{25273, 10},{5014, 17},
{10097, 7},{1565, 17},{10089, 7},{20713, 1},{25273, 10},{10093, 7},{3781, 16},{7009, 7},{2734, 8},{1143, 4},
{23784, 8},{3781, 16},{24752, 4},{12023, 7},{5104, 7},{25273, 10},{6016, 17},{5106, 7},{14254, 7},{3890, 8},
{24752, 4},{24193, 17},{3781, 16},{25273, 10},{24752, 4},{16796, 17},{18960, 7},{1364, 7},{25273, 10},{3781, 16},
{3889, 8},{25273, 10},{24752, 4},{22805, 1},{24225, 17},{3892, 8},{18955, 7},{1363, 7},{3781, 16},{3781, 16},
{2931, 17},{14251, 7},{3891, 8},{25273, 10},{24752, 4},{6927, 7},{5132, 7},{1740, 7},{12062, 7},{25273, 10},
{22008, 8},{8073, 7},{3809, 17},{3781, 16},{19954, 4},{4424, 10},{18788, 15},{13014, 8},{4424, 10},{18788, 15},
{13013, 8},{634, 15},{18788, 15},{4424, 10},{13016, 8},{18788, 15},{4424, 10},{13015, 8},{18788, 15},{13018, 8},
{4424, 10},{4424, 10},{13017, 8},{8776, 15},{2065, 15},{18788, 15},{17232, 15},{18788, 15},{13020, 8},{4424, 10},
{22845, 15},{18788, 15},{4424, 10},{13019, 8},{4424, 10},{6692, 8},{12330, 15},{4424, 10},{12330, 15},{6690, 8},
{12330, 15},{18763, 8},{4424, 10},{18762, 8},{12330, 15},{4424, 10},{1928, 15},{4077, 15},{24023, 15},{11668, 15},
{4424, 10},{12330, 15},{15686, 8},{12330, 15},{9434, 8},{4424, 10},{4424, 10},{18767, 8},{12330, 15},{12330, 15},
{4424, 10},{18766, 8},{23767, 15},{11320, 15},{11662, 15},{18765, 8},{18457, 15},{12330, 15},{4424, 10},{21392, 15},
{12330, 15},{18764, 8},{4424, 10},{14256, 7},{16985, 7},{24752, 4},{18954, 7},{4120, 1},{2477, 17},{1358, 7},
{25273, 10},{23522, 8},{3781, 16},{23521, 8},{25273, 10},{6923, 7},{24752, 4},{6927, 7},{19802, 17},{18960, 7},
{5107, 7},{3781, 16},{3781, 16},{24752, 4},{8963, 8},{20465, 17},{25273, 10},{8048, 7},{1364, 7},{24752, 4},
{20743, 17},{25273, 10},{18953, 7},{18952, 7},{21008, 8},{12022, 7},{12025, 7},{3781, 16},{23516, 8},{1358, 7},
{4123, 1},{3781, 16},{6931, 7},{24752, 4},{24694, 17},{5106, 7},{16053, 7},{25273, 10},{14256, 7},{24752, 4},
{6931, 7},{6383, 1},{25273, 10},{14249, 7},{24560, 17},{23515, 8},{1354, 7},{3781, 16},{1685, 10},{1685, 10},
{10400, 7},{17149, 7},{11115, 7},{23489, 17},{2722, 8},{25273, 10},{23441, 4},{3781, 16},{23981, 7},{23441, 4},
{25273, 10},{3781, 16},{11568, 7},{4312, 7},{2721, 8},{3723, 17},{23441, 4},{2724, 8},{4307, 7},{4418, 17},
{3781, 16},{4309, 7},{25273, 10},{24912, 17},{11922, 7},{12232, 4},{3781, 16},{11940, 3},{19356, 1},{24974, 8},
{7672, 10},{9299, 7},{3781, 16},{5349, 17},{23984, 7},{4313, 7},{23441, 4},{25273, 10},{2726, 8},{23981, 7},
{15795, 17},{3781, 16},{4311, 7},{23441, 4},{25273, 10},{2725, 8},{4309, 7},{23441, 4},{25273, 10},{17146, 7},
{2728, 8},{3781, 16},{11118, 7},{4309, 7},{11120, 7},{20744, 17},{10392, 7},{17152, 7},{3781, 16},{14238, 17},
{2727, 8},{25273, 10},{23441, 4},{15272, 2},{13751, 9},{15133, 13},{16593, 8},{8024, 17},{3864, 10},{3781, 16},
{3775, 9},{6299, 12},{17928, 5},{20196, 3},{13750, 9},{23984, 7},{2734, 8},{14276, 17},{11116, 7},{25273, 10},
{10393, 7},{11568, 7},{23441, 4},{3781, 16},{23441, 4},{4306, 7},{3781, 16},{15278, 17},{2733, 8},{10392, 7},
{25273, 10},{11570, 7},{17145, 7},{13886, 17},{25273, 10},{23461, 7},{23462, 7},{10743, 8},{3781, 16},{23460, 7},
{15272, 4},{17256, 1},{17351, 7},{25273, 10},{3781, 16},{20616, 7},{15272, 4},{10763, 8},{2871, 17},{3771, 7},
{4739, 17},{10549, 7},{1442, 1},{25273, 10},{10857, 7},{3781, 16},{15272, 4},{10711, 8},{23433, 17},{15272, 4},
{3771, 7},{25273, 10},{17359, 7},{3781, 16},{901, 1},{10731, 8},{10550, 7},{3781, 16},{22818, 8},{3767, 7},
{25273, 10},{15272, 4},{19894, 7},{21211, 17},{23458, 7},{15272, 4},{5557, 17},{17351, 7},{3781, 16},{23460, 7},
{25273, 10},{22821, 8},{19314, 17},{25273, 10},{10772, 8},{10552, 7},{17351, 7},{3775, 7},{16449, 7},{3781, 16},
{15272, 4},{622, 17},{15272, 4},{17355, 7},{25273, 10},{3781, 16},{3769, 7},{22815, 8},{1685, 10},{18381, 17},
{15272, 4},{25273, 10},{3781, 16},{23460, 7},{20588, 7},{21409, 8},{17353, 7},{895, 1},{8839, 17},{25273, 10},
{15272, 4},{20588, 7},{21410, 8},{17816, 7},{3781, 16},{12253, 4},{16249, 17},{3781, 16},{2756, 7},{14182, 7},
{19856, 7},{7617, 8},{25273, 10},{7246, 7},{3781, 16},{3275, 7},{25273, 10},{7618, 8},{14183, 7},{12253, 4},
{22391, 7},{8349, 17},{22333, 1},{2760, 7},{22333, 1},{3781, 16},{14182, 7},{7608, 8},{7252, 7},{22318, 17},
{25273, 10},{12253, 4},{2761, 7},{12253, 4},{7250, 7},{13204, 17},{3781, 16},{7609, 8},{7252, 7},{25273, 10},
{25273, 10},{3781, 16},{1819, 17},{2756, 7},{7610, 8},{14177, 7},{12253, 4},{19856, 7},{19852, 7},{13950, 8},
{12253, 4},{3781, 16},{25273, 10},{7399, 17},{12253, 4},{14180, 7},{25273, 10},{24736, 17},{3781, 16},{7612, 8},
{22393, 7},{19851, 7},{14179, 7},{3781, 16},{25273, 10},{7613, 8},{2764, 7},{12253, 4},{2621, 17},{19849, 7},
{7614, 8},{25273, 10},{12253, 4},{3781, 16},{14178, 7},{6641, 17},{19848, 7},{8548, 17},{22395, 7},{7615, 8},
{3275, 7},{3781, 16},{25273, 10},{12253, 4},{4424, 10},{1539, 15},{9456, 15},{13020, 8},{9456, 15},{4424, 10},
{13019, 8},{13318, 15},{4424, 10},{13018, 8},{9456, 15},{4424, 10},{13017, 8},{9456, 15},{13017, 8},{11510, 15},
{4424, 10},{7194, 15},{4424, 10},{7194, 15},{13018, 8},{13014, 8},{13318, 15},{9456, 15},{1539, 15},{15844, 15},
{4424, 10},{7194, 15},{13020, 8},{4424, 10},{3665, 8},{2473, 10},{2473, 10},{3664, 8},{1685, 10},{2473, 10},
{3662, 8},{3661, 8},{2473, 10},{3660, 8},{2473, 10},{2473, 10},{3659, 8},{2473, 10},{3658, 8},{3657, 8},
{2473, 10},{3656, 8},{2473, 10},{3655, 8},{2473, 10},{4424, 10},{21399, 15},{6389, 15},{18767, 8},{1685, 10},
{8104, 7},{25273, 10},{1651, 17},{19624, 8},{3781, 16},{17612, 4},{6851, 7},{9130, 1},{7542, 7},{12633, 11},
{11538, 10},{13020, 8},{67, 15},{13437, 15},{4424, 10},{17120, 15},{15604, 15},{13437, 15},{4424, 10},{13019, 8},
{1685, 10},{4424, 10},{18764, 8},{14681, 15},{920, 15},{4424, 10},{18765, 8},{14681, 15},{18766, 8},{22374, 15},
{4424, 10},{14681, 15},{2005, 15},{4424, 10},{14681, 15},{18767, 8},{4424, 10},{14681, 15},{9434, 8},{14681, 15},
{4424, 10},{15686, 8},{18762, 8},{4424, 10},{1576, 15},{14681, 15},{21268, 15},{18763, 8},{4424, 10},{14681, 15},
{13017, 8},{4424, 10},{15450, 15},{3781, 16},{19627, 8},{17612, 4},{14511, 7},{20547, 7},{19719, 1},{25327, 17},
{25273, 10},{6854, 7},{1685, 10},{4424, 10},{13431, 15},{13013, 8},{4424, 10},{13431, 15},{13018, 8},{4424, 10},
{13431, 15},{13017, 8},{2004, 15},{13431, 15},{10920, 15},{4424, 10},{13020, 8},{4424, 10},{13019, 8},{10926, 15},
{13431, 15},{25273, 10},{3781, 16},{15862, 7},{8479, 17},{7819, 7},{13724, 8},{15066, 4},{21226, 7},{9041, 7},
{13725, 8},{3781, 16},{5042, 17},{15855, 7},{25273, 10},{15066, 4},{22649, 7},{14333, 15},{6692, 8},{4424, 10},
{8624, 15},{3456, 15},{4424, 10},{3456, 15},{6690, 8},{1685, 10},{18763, 8},{3456, 15},{4424, 10},{16426, 15},
{4424, 10},{18762, 8},{3456, 15},{15726, 15},{3456, 15},{15686, 8},{4424, 10},{7817, 7},{401, 7},{15066, 4},
{5951, 8},{3781, 16},{7826, 7},{25273, 10},{2653, 7},{12011, 17},{25273, 10},{8561, 7},{14868, 7},{15066, 4},
{13728, 8},{5047, 7},{22468, 17},{3781, 16},{4424, 10},{3456, 15},{18766, 8},{22644, 7},{7816, 7},{25273, 10},
{15066, 4},{11599, 17},{3781, 16},{13726, 8},{8564, 7},{15859, 7},{17673, 17},{2653, 7},{9041, 7},{15066, 4},
{25273, 10},{13727, 8},{3781, 16},{18765, 8},{4424, 10},{13084, 15},{4424, 10},{13084, 15},{18764, 8},{13084, 15},
{18767, 8},{4424, 10},{16920, 15},{18766, 8},{13084, 15},{12451, 15},{4424, 10},{15686, 8},{4424, 10},{21606, 15},
{16920, 15},{13084, 15},{13084, 15},{9434, 8},{11668, 15},{4424, 10},{4424, 10},{13084, 15},{18763, 8},{18762, 8},
{13084, 15},{4424, 10},{3088, 15},{7244, 15},{13084, 15},{4424, 10},{6692, 8},{6690, 8},{4424, 10},{13084, 15},
{724, 15},{8869, 15},{18762, 8},{20216, 15},{4424, 10},{18764, 8},{4424, 10},{4254, 15},{20216, 15},{8624, 15},
{20216, 15},{4424, 10},{18765, 8},{18766, 8},{20216, 15},{4424, 10},{4424, 10},{20216, 15},{18767, 8},{25273, 10},
{23441, 4},{19788, 17},{23983, 7},{10400, 7},{3781, 16},{5951, 8},{4424, 10},{17828, 15},{18763, 8},{3153, 15},
{18762, 8},{4424, 10},{3153, 15},{15686, 8},{3153, 15},{4424, 10},{25276, 15},{9434, 8},{4424, 10},{3153, 15},
{3153, 15},{18767, 8},{17833, 15},{4424, 10},{4424, 10},{18534, 15},{3153, 15},{18766, 8},{25280, 15},{3153, 15},
{4170, 15},{4424, 10},{18765, 8},{18764, 8},{10962, 15},{3153, 15},{4424, 10},{21077, 15},{9232, 17},{1143, 4},
{7006, 7},{9284, 8},{26338, 7},{19578, 7},{25273, 10},{3781, 16},{20712, 1},{3153, 15},{4424, 10},{11783, 15},
{6692, 8},{6690, 8},{3153, 15},{4424, 10},{4170, 15},{16511, 8},{25126, 10},{25126, 10},{16512, 8},{25126, 10},
{16508, 8},{16509, 8},{25126, 10},{25126, 10},{16506, 8},{25126, 10},{16507, 8},{16504, 8},{25126, 10},{16505, 8},
{25126, 10},{25126, 10},{16502, 8},{16503, 8},{25126, 10},{23520, 7},{16907, 7},{8204, 4},{20800, 17},{6731, 8},
{3781, 16},{11746, 7},{25273, 10},{19601, 7},{8204, 4},{13436, 1},{11719, 7},{3781, 16},{24519, 17},{6730, 8},
{11722, 7},{16902, 7},{25273, 10},{5848, 7},{16794, 17},{9287, 8},{25273, 10},{3781, 16},{1143, 4},{19582, 7},
{3781, 16},{8204, 4},{10123, 7},{6726, 8},{17290, 17},{23526, 7},{5428, 7},{25273, 10},{8226, 7},{24721, 17},
{23527, 7},{5424, 7},{3781, 16},{5435, 7},{8226, 7},{6725, 8},{25273, 10},{8204, 4},{19604, 7},{8204, 4},
{25273, 10},{12080, 17},{6724, 8},{5433, 7},{3781, 16},{25273, 10},{8204, 4},{5428, 7},{6723, 8},{19973, 17},
{8970, 7},{3781, 16},{10124, 7},{5433, 7},{25131, 7},{8204, 4},{25273, 10},{25137, 7},{6722, 8},{3781, 16},
{14684, 1},{5860, 17},{6721, 8},{3781, 16},{25273, 10},{5424, 7},{16903, 7},{15811, 17},{5434, 7},{8204, 4},
{23525, 7},{3781, 16},{23520, 7},{247, 17},{6720, 8},{23526, 7},{25273, 10},{8204, 4},{5430, 7},{25134, 7},
{10576, 4},{10660, 7},{14629, 8},{3781, 16},{15039, 7},{25273, 10},{3667, 17},{7692, 7},{14630, 8},{25273, 10},
{12426, 7},{5454, 7},{25173, 7},{22444, 17},{10576, 4},{3781, 16},{10576, 4},{3781, 16},{25273, 10},{5455, 7},
{5452, 7},{19915, 17},{10669, 7},{14631, 8},{14632, 8},{7694, 7},{3781, 16},{12434, 7},{25273, 10},{10576, 4},
{3526, 17},{20172, 17},{25273, 10},{14633, 8},{14662, 7},{10576, 4},{3781, 16},{25169, 7},{5453, 7},{3781, 16},
{10660, 7},{14634, 8},{10576, 4},{7693, 7},{25273, 10},{14471, 17},{14635, 8},{12868, 7},{25273, 10},{5454, 7},
{10576, 4},{3781, 16},{25169, 7},{7689, 7},{9609, 17},{25120, 1},{14636, 8},{10576, 4},{25168, 7},{1336, 17},
{10664, 7},{25273, 10},{3781, 16},{7685, 7},{10658, 7},{5455, 7},{14637, 8},{16062, 17},{25273, 10},{10576, 4},
{3781, 16},{6589, 17},{25273, 10},{14638, 8},{3781, 16},{20593, 7},{25169, 7},{10576, 4},{4424, 10},{13017, 8},
{25122, 15},{6700, 15},{14332, 15},{24572, 15},{4424, 10},{18763, 8},{4424, 10},{895, 15},{13019, 8},{22949, 15},
{895, 15},{4424, 10},{13020, 8},{3683, 17},{16902, 7},{8204, 4},{3781, 16},{6751, 8},{25273, 10},{5428, 7},
{10128, 7},{25138, 7},{8226, 7},{3781, 16},{25273, 10},{6750, 8},{8204, 4},{25137, 7},{8905, 17},{3781, 16},
{19605, 7},{13309, 17},{8204, 4},{6749, 8},{5432, 7},{10121, 7},{25273, 10},{3781, 16},{6748, 8},{5429, 7},
{7536, 17},{5430, 7},{25273, 10},{8204, 4},{16906, 7},{3781, 16},{5432, 7},{5433, 7},{25273, 10},{19613, 7},
{23525, 7},{8204, 4},{6747, 8},{20202, 1},{14176, 17},{25135, 7},{8204, 4},{3781, 16},{10127, 7},{25273, 10},
{11722, 7},{11746, 7},{24245, 17},{6746, 8},{8204, 4},{25273, 10},{13366, 17},{6745, 8},{5431, 7},{8226, 7},
{10125, 7},{3781, 16},{11746, 7},{7243, 17},{8204, 4},{3781, 16},{23529, 7},{14620, 8},{25273, 10},{14681, 1},
{11719, 7},{3781, 16},{5430, 7},{19602, 7},{1677, 17},{25273, 10},{8204, 4},{6743, 8},{6742, 8},{16903, 7},
{25273, 10},{3781, 16},{8204, 4},{20193, 1},{25130, 7},{22022, 17},{16902, 7},{14509, 7},{7417, 17},{862, 7},
{3781, 16},{20544, 7},{23536, 8},{25273, 10},{8102, 7},{17612, 4},{17612, 4},{3781, 16},{9036, 8},{6854, 7},
{20544, 7},{854, 7},{862, 7},{9126, 1},{25273, 10},{23877, 17},{9123, 1},{857, 7},{25273, 10},{22194, 17},
{17612, 4},{23538, 8},{862, 7},{3781, 16},{14515, 7},{14511, 7},{9896, 17},{20544, 7},{20545, 7},{25273, 10},
{17612, 4},{20553, 7},{3781, 16},{16840, 8},{8105, 7},{4549, 17},{14509, 7},{3781, 16},{23540, 8},{25273, 10},
{8099, 7},{17612, 4},{857, 7},{3781, 16},{17612, 4},{23541, 8},{6854, 7},{25273, 10},{14513, 7},{21010, 17},
{857, 7},{8100, 7},{17612, 4},{25273, 10},{8104, 7},{3781, 16},{6849, 7},{15374, 17},{9489, 8},{7540, 7},
{853, 7},{1308, 17},{9052, 8},{17612, 4},{25273, 10},{7540, 7},{862, 7},{3781, 16},{14508, 7},{25273, 10},
{14512, 7},{17612, 4},{14515, 7},{14507, 7},{9055, 8},{3781, 16},{5473, 17},{3781, 16},{854, 7},{25273, 10},
{9058, 8},{20554, 7},{17612, 4},{16193, 17},{25610, 7},{3781, 16},{8076, 7},{25396, 17},{25273, 10},{16366, 8},
{863, 1},{19954, 4},{25616, 7},{23212, 8},{25273, 10},{3781, 16},{15893, 17},{19954, 4},{5134, 7},{12065, 7},
{5138, 7},{19954, 4},{3781, 16},{13560, 17},{8073, 7},{25273, 10},{16364, 8},{1743, 7},{1744, 7},{864, 1},
{19954, 4},{16363, 8},{1741, 7},{25611, 7},{3781, 16},{16713, 17},{1745, 7},{25273, 10},{8071, 7},{25273, 10},
{21706, 17},{12065, 7},{16370, 8},{3781, 16},{1739, 7},{19954, 4},{5130, 7},{25273, 10},{19954, 4},{3781, 16},
{14259, 17},{5129, 7},{16369, 8},{3781, 16},{25273, 10},{22708, 7},{16368, 8},{867, 1},{2471, 17},{12062, 7},
{19954, 4},{5129, 7},{12061, 7},{8914, 17},{19954, 4},{25611, 7},{12063, 7},{25273, 10},{16367, 8},{3781, 16},
{22708, 7},{19954, 4},{1744, 7},{3781, 16},{25273, 10},{16372, 8},{12062, 7},{16281, 17},{25610, 7},{25823, 17},
{16371, 8},{25273, 10},{19954, 4},{3781, 16},{25613, 7},{12059, 7},{5132, 7},{1685, 10},{11538, 10},{12633, 11},
{18766, 8},{4424, 10},{25918, 15},{12456, 15},{13013, 8},{4424, 10},{20401, 15},{5576, 15},{13014, 8},{21110, 15},
{4424, 10},{20401, 15},{20401, 15},{13015, 8},{21118, 15},{4424, 10},{20401, 15},{13017, 8},{4424, 10},{15510, 15},
{10158, 15},{4424, 10},{13018, 8},{20401, 15},{20401, 15},{4424, 10},{13019, 8},{13020, 8},{20401, 15},{4424, 10},
{18587, 15},{1685, 10},{18762, 8},{19355, 15},{7403, 15},{4424, 10},{19355, 15},{18763, 8},{4424, 10},{4424, 10},
{9434, 8},{19355, 15},{1940, 15},{1403, 15},{19355, 15},{15686, 8},{4424, 10},{18766, 8},{19355, 15},{4424, 10},
{14359, 15},{18586, 15},{4424, 10},{18767, 8},{18580, 15},{19355, 15},{19355, 15},{4424, 10},{18764, 8},{18765, 8},
{19355, 15},{8625, 15},{4424, 10},{21111, 15},{4424, 10},{6690, 8},{19355, 15},{8625, 15},{4424, 10},{23624, 15},
{6692, 8},{1404, 15},{19355, 15},{8438, 17},{25273, 10},{16143, 7},{22301, 7},{17618, 8},{25314, 4},{3781, 16},
{8130, 7},{22307, 7},{16143, 7},{178, 8},{3781, 16},{4707, 7},{25314, 4},{25273, 10},{24380, 7},{2968, 17},
{3781, 16},{16146, 7},{4708, 7},{12813, 17},{25273, 10},{8131, 7},{184, 8},{25314, 4},{25273, 10},{3781, 16},
{22303, 7},{25314, 4},{4372, 1},{18460, 17},{17619, 8},{8128, 7},{8134, 7},{22300, 7},{25273, 10},{25314, 4},
{16149, 7},{9239, 17},{17622, 8},{3781, 16},{3781, 16},{24386, 7},{16140, 7},{1904, 7},{8128, 7},{17621, 8},
{25314, 4},{25273, 10},{4488, 17},{4714, 7},{17624, 8},{22304, 7},{5713, 17},{3781, 16},{25314, 4},{25273, 10},
{25314, 4},{16141, 7},{3781, 16},{4712, 7},{17623, 8},{25273, 10},{374, 17},{25273, 10},{4710, 7},{3781, 16},
{16145, 7},{4705, 7},{25314, 4},{17628, 8},{15064, 17},{8132, 7},{4712, 7},{3781, 16},{25314, 4},{25273, 10},
{9278, 7},{4714, 7},{17627, 8},{20614, 17},{17154, 7},{11118, 7},{23905, 17},{3781, 16},{25273, 10},{10751, 8},
{23441, 4},{25273, 10},{10750, 8},{23441, 4},{10394, 7},{12225, 17},{3781, 16},{17148, 7},{23441, 4},{3781, 16},
{10749, 8},{17154, 7},{10400, 7},{15276, 17},{23950, 1},{25273, 10},{17145, 7},{23977, 7},{25273, 10},{11568, 7},
{17150, 7},{4306, 7},{2632, 17},{4311, 7},{23441, 4},{3781, 16},{10748, 8},{23978, 7},{23441, 4},{11573, 7},
{25273, 10},{17146, 7},{18741, 17},{10747, 8},{3781, 16},{23977, 7},{11572, 7},{23983, 7},{22364, 17},{25273, 10},
{10746, 8},{3781, 16},{23441, 4},{10399, 7},{10745, 8},{11573, 7},{25273, 10},{23441, 4},{13325, 17},{3781, 16},
{10744, 8},{25273, 10},{23983, 7},{4314, 7},{17148, 7},{729, 17},{23441, 4},{3781, 16},{10392, 7},{23982, 7},
{10396, 7},{10755, 8},{4312, 7},{25273, 10},{23491, 17},{23441, 4},{3781, 16},{25273, 10},{23980, 7},{11120, 7},
{3781, 16},{10754, 8},{20838, 17},{23441, 4},{18767, 8},{4424, 10},{14311, 15},{6588, 8},{25126, 10},{25126, 10},
{6587, 8},{25126, 10},{6594, 8},{25126, 10},{6593, 8},{25126, 10},{13833, 8},{25126, 10},{13831, 8},{4424, 10},
{18765, 8},{14311, 15},{4424, 10},{18764, 8},{14311, 15},{1685, 10},{10959, 15},{18763, 8},{4424, 10},{14311, 15},
{18762, 8},{4424, 10},{14311, 15},{3454, 15},{4424, 10},{15721, 15},{6692, 8},{16426, 15},{4424, 10},{6690, 8},
{3454, 15},{24969, 8},{12232, 4},{3781, 16},{3919, 3},{8154, 1},{5686, 7},{4660, 17},{7672, 10},{25273, 10},
{20240, 7},{8411, 17},{16372, 8},{3781, 16},{23975, 4},{7165, 7},{21849, 15},{4424, 10},{10956, 15},{14311, 15},
{15686, 8},{4424, 10},{3454, 15},{18767, 8},{20250, 17},{20235, 7},{23975, 4},{25273, 10},{542, 7},{544, 7},
{16367, 8},{3781, 16},{8364, 1},{25273, 10},{544, 7},{3781, 16},{8685, 7},{23975, 4},{16773, 17},{16370, 8},
{8690, 7},{4424, 10},{26025, 15},{9434, 8},{14311, 15},{541, 7},{16364, 8},{3781, 16},{25273, 10},{544, 7},
{23975, 4},{8180, 17},{25273, 10},{21559, 17},{3781, 16},{23975, 4},{7163, 7},{16261, 7},{16363, 8},{23059, 1},
{19245, 17},{16366, 8},{20240, 7},{23975, 4},{3781, 16},{8690, 7},{25273, 10},{7161, 7},{540, 7},{4424, 10},
{9434, 8},{4254, 15},{3454, 15},{1685, 10},{3781, 16},{18952, 7},{24752, 4},{24619, 17},{1357, 7},{23072, 8},
{25273, 10},{25273, 10},{1358, 7},{6931, 7},{22803, 1},{24752, 4},{20723, 17},{12022, 7},{18954, 7},{23071, 8},
{3781, 16},{7545, 17},{3781, 16},{25273, 10},{24752, 4},{12023, 7},{18954, 7},{14253, 7},{6924, 7},{23080, 8},
{3781, 16},{25273, 10},{24752, 4},{1357, 7},{23079, 8},{5105, 7},{5107, 7},{8729, 17},{6927, 7},{18959, 7},
{24752, 4},{12338, 8},{12022, 7},{25273, 10},{1712, 17},{3781, 16},{6925, 7},{24752, 4},{6928, 7},{5109, 7},
{12023, 7},{23077, 8},{1364, 7},{25273, 10},{24094, 17},{3781, 16},{3781, 16},{23076, 8},{16382, 17},{1358, 7},
{25273, 10},{24752, 4},{8047, 7},{6924, 7},{25273, 10},{18951, 7},{23075, 8},{18960, 7},{24752, 4},{1325, 17},
{3781, 16},{25273, 10},{1359, 7},{3781, 16},{23074, 8},{24752, 4},{18954, 7},{18959, 7},{21161, 17},{24752, 4},
{3781, 16},{14256, 7},{5101, 7},{25273, 10},{23073, 8},{2047, 17},{9558, 15},{18767, 8},{4424, 10},{9558, 15},
{4424, 10},{18766, 8},{4424, 10},{18765, 8},{9558, 15},{8826, 15},{4424, 10},{9558, 15},{18764, 8},{22474, 15},
{4424, 10},{18763, 8},{9558, 15},{9558, 15},{4424, 10},{18762, 8},{22477, 15},{15686, 8},{4424, 10},{22481, 15},
{13588, 15},{9558, 15},{9434, 8},{9558, 15},{4424, 10},{4424, 10},{6692, 8},{9558, 15},{4424, 10},{6690, 8},
{9558, 15},{3781, 16},{25168, 7},{10576, 4},{25273, 10},{14651, 17},{25172, 7},{23233, 8},{14661, 7},{10576, 4},
{4877, 17},{12857, 7},{10676, 7},{19467, 7},{9484, 8},{3781, 16},{25273, 10},{1685, 10},{25273, 10},{10576, 4},
{11236, 8},{3781, 16},{14660, 7},{25168, 7},{564, 17},{20597, 7},{10640, 7},{13175, 4},{22793, 7},{18529, 7},
{3781, 16},{25273, 10},{7398, 17},{22800, 7},{3871, 8},{22798, 7},{3872, 8},{11767, 7},{22158, 7},{25273, 10},
{25263, 7},{13175, 4},{20653, 7},{17167, 17},{3781, 16},{3781, 16},{13085, 17},{13175, 4},{22158, 7},{25273, 10},
{22798, 7},{3869, 8},{11760, 7},{22799, 7},{6813, 17},{25273, 10},{11768, 7},{3781, 16},{3870, 8},{13175, 4},
{9135, 1},{3875, 8},{13175, 4},{18520, 7},{25273, 10},{3781, 16},{21066, 7},{22795, 7},{10034, 17},{20653, 7},
{581, 17},{25273, 10},{3781, 16},{22796, 7},{18526, 7},{11762, 7},{3876, 8},{11761, 7},{13175, 4},{18521, 7},
{3873, 8},{25273, 10},{13175, 4},{3781, 16},{25265, 7},{18962, 17},{19806, 7},{22800, 7},{22793, 7},{3781, 16},
{13175, 4},{22801, 7},{3874, 8},{25273, 10},{18520, 7},{23310, 17},{25269, 7},{22793, 7},{25273, 10},{13827, 17},
{21069, 7},{3781, 16},{21068, 7},{3877, 8},{13175, 4},{16874, 17},{3878, 8},{13175, 4},{18528, 7},{19806, 7},
{3781, 16},{20658, 7},{25273, 10},{13018, 8},{4424, 10},{15449, 15},{12451, 15},{15449, 15},{13017, 8},{4424, 10},
{13020, 8},{4424, 10},{5488, 15},{15449, 15},{4424, 10},{13019, 8},{15449, 15},{13013, 8},{4424, 10},{15449, 15},
{4424, 10},{2627, 15},{6692, 8},{25273, 10},{25239, 1},{14508, 7},{8101, 7},{16406, 17},{854, 7},{17612, 4},
{3781, 16},{14507, 7},{5951, 8},{17612, 4},{8757, 17},{6850, 7},{25273, 10},{6858, 7},{13732, 8},{3781, 16},
{14512, 7},{17530, 17},{17612, 4},{25240, 1},{13733, 8},{25273, 10},{3781, 16},{857, 7},{14510, 7},{25273, 10},
{3781, 16},{13726, 8},{7540, 7},{854, 7},{14511, 7},{6444, 17},{17612, 4},{17612, 4},{18571, 17},{25273, 10},
{3781, 16},{14515, 7},{8105, 7},{13727, 8},{17612, 4},{24605, 17},{25273, 10},{14508, 7},{3781, 16},{8102, 7},
{13728, 8},{8108, 7},{7540, 7},{3781, 16},{17612, 4},{8103, 7},{25273, 10},{2716, 8},{11770, 17},{858, 7},
{18767, 8},{4424, 10},{21248, 15},{2627, 15},{18250, 15},{14032, 15},{4424, 10},{2627, 15},{12371, 15},{18766, 8},
{25273, 10},{17612, 4},{13724, 8},{861, 7},{3126, 17},{14514, 7},{20550, 7},{3781, 16},{6857, 7},{6851, 7},
{25273, 10},{17612, 4},{6853, 7},{6852, 7},{22657, 17},{13725, 8},{3781, 16},{4424, 10},{18763, 8},{2627, 15},
{2627, 15},{18762, 8},{4424, 10},{21254, 15},{8679, 15},{4424, 10},{13017, 8},{20863, 15},{9434, 8},{21591, 15},
{4424, 10},{2627, 15},{3781, 16},{25273, 10},{22393, 7},{14183, 7},{12253, 4},{26095, 17},{23071, 8},{25273, 10},
{10576, 4},{11231, 8},{10664, 7},{3781, 16},{25168, 7},{20288, 17},{4312, 9},{4313, 9},{4668, 13},{12932, 12},
{23441, 2},{8462, 8},{15738, 9},{15737, 9},{8384, 17},{16059, 3},{3781, 16},{15323, 10},{14365, 12},{13502, 8},
{4315, 9},{15658, 13},{4314, 9},{15735, 9},{17014, 17},{3781, 16},{15736, 9},{23441, 2},{16734, 3},{15323, 10},
{24179, 17},{13418, 3},{19232, 12},{8481, 8},{11120, 9},{3781, 16},{15323, 10},{15742, 9},{23441, 2},{24214, 13},
{1166, 13},{22853, 12},{3781, 16},{23441, 2},{18383, 17},{11118, 9},{25548, 3},{15323, 10},{15741, 9},{8467, 8},
{11119, 9},{3754, 8},{11502, 17},{15323, 10},{23441, 2},{1402, 3},{15740, 9},{3781, 16},{5764, 13},{11116, 9},
{16465, 12},{11117, 9},{17294, 17},{6341, 3},{23441, 2},{15739, 9},{15323, 10},{8504, 8},{20734, 12},{2784, 13},
{11115, 9},{3781, 16},{4424, 10},{25122, 15},{9434, 8},{15686, 8},{11787, 15},{4424, 10},{25122, 15},{25122, 15},
{4424, 10},{6690, 8},{4267, 15},{25122, 15},{4424, 10},{6692, 8},{1685, 10},{25126, 10},{12658, 8},{12659, 8},
{25126, 10},{12660, 8},{25126, 10},{22782, 8},{25126, 10},{25126, 10},{12662, 8},{22785, 8},{25126, 10},{12664, 8},
{25126, 10},{25126, 10},{12665, 8},{12654, 8},{25126, 10},{12655, 8},{25126, 10},{9707, 15},{4424, 10},{9452, 15},
{13013, 8},{13020, 8},{4424, 10},{20089, 15},{14479, 15},{9452, 15},{13019, 8},{4424, 10},{9452, 15},{13018, 8},
{14485, 15},{9452, 15},{4424, 10},{13017, 8},{4424, 10},{9452, 15},{14481, 15},{15845, 15},{13322, 15},{4424, 10},
{6690, 8},{20395, 15},{3781, 16},{19954, 4},{25615, 7},{16196, 8},{25616, 7},{5137, 7},{1739, 7},{25273, 10},
{15689, 17},{10329, 17},{25273, 10},{5131, 7},{19954, 4},{16195, 8},{25606, 7},{3781, 16},{18198, 8},{25273, 10},
{25614, 7},{2259, 17},{5133, 7},{12512, 1},{19954, 4},{3781, 16},{25273, 10},{18197, 8},{19954, 4},{3781, 16},
{22708, 7},{5805, 17},{8079, 7},{9003, 17},{18194, 8},{25273, 10},{19954, 4},{1743, 7},{12059, 7},{3781, 16},
{5129, 7},{19954, 4},{12059, 7},{8076, 7},{3781, 16},{12406, 17},{22708, 7},{25273, 10},{5766, 8},{8080, 7},
{8075, 7},{18214, 8},{19954, 4},{5131, 7},{3781, 16},{1740, 7},{25273, 10},{15834, 17},{1742, 7},{8069, 7},
{6847, 17},{1739, 7},{3781, 16},{19954, 4},{25273, 10},{18211, 8},{5817, 8},{25614, 7},{25273, 10},{3781, 16},
{8070, 7},{26175, 17},{19954, 4},{24822, 7},{1739, 7},{5811, 8},{25273, 10},{12064, 7},{1745, 7},{3781, 16},
{14558, 17},{8073, 7},{19954, 4},{866, 1},{1685, 10},{18952, 7},{10836, 17},{14250, 7},{12027, 7},{25273, 10},
{4117, 1},{24752, 4},{22591, 8},{3781, 16},{6749, 8},{19927, 7},{25273, 10},{7365, 7},{12232, 4},{10906, 17},
{7363, 7},{3781, 16},{7164, 9},{24035, 17},{9718, 3},{23975, 2},{6764, 10},{21148, 13},{12274, 9},{4501, 8},
{10697, 12},{3781, 16},{7165, 9},{12273, 9},{20165, 5},{17367, 17},{12232, 4},{3781, 16},{5527, 7},{19922, 7},
{6747, 8},{14307, 7},{25273, 10},{18226, 12},{4507, 8},{3781, 16},{6764, 10},{7161, 9},{23975, 2},{7698, 13},
{24329, 17},{7162, 9},{2033, 5},{12275, 9},{26166, 3},{6745, 8},{12232, 4},{16532, 17},{19931, 7},{25273, 10},
{3781, 16},{6300, 7},{12788, 13},{7157, 9},{24297, 5},{3781, 16},{18240, 3},{1003, 8},{23975, 2},{6764, 10},
{12075, 17},{21045, 12},{12277, 9},{11597, 17},{25273, 10},{14635, 8},{3781, 16},{23975, 4},{537, 7},{20239, 7},
{8685, 7},{8695, 7},{12280, 9},{6764, 10},{20168, 5},{15217, 13},{12279, 9},{7159, 9},{21635, 3},{25067, 17},
{1000, 8},{19919, 12},{3781, 16},{7158, 9},{23975, 2},{2473, 10},{17400, 8},{14752, 13},{3004, 17},{25314, 2},
{24543, 9},{6764, 10},{22307, 9},{13686, 12},{20162, 5},{3781, 16},{2039, 3},{1000, 8},{1685, 10},{17398, 8},
{2473, 10},{8690, 7},{23975, 4},{24714, 17},{3781, 16},{25273, 10},{16262, 7},{2986, 8},{535, 7},{25273, 10},
{3781, 16},{8363, 1},{8689, 7},{2985, 8},{8691, 7},{23975, 4},{24114, 17},{25273, 10},{20236, 7},{3781, 16},
{537, 7},{2984, 8},{20233, 7},{13722, 17},{23975, 4},{3781, 16},{22060, 17},{2983, 8},{20238, 7},{16259, 7},
{23975, 4},{25273, 10},{3781, 16},{23975, 4},{537, 7},{20242, 7},{2982, 8},{6379, 17},{25273, 10},{7156, 7},
{16256, 7},{4424, 10},{6692, 8},{13437, 15},{544, 7},{7156, 7},{23975, 4},{3781, 16},{25273, 10},{2980, 8},
{1432, 17},{536, 7},{8695, 7},{7162, 7},{23975, 4},{25273, 10},{19595, 17},{3781, 16},{2979, 8},{17396, 8},
{2473, 10},{23975, 4},{3781, 16},{7163, 7},{25273, 10},{2988, 8},{7160, 7},{19440, 17},{17619, 8},{25273, 10},
{24752, 4},{12025, 7},{3781, 16},{18956, 7},{6815, 17},{22303, 9},{24540, 9},{24844, 17},{3781, 16},{12853, 12},
{24369, 13},{24539, 9},{4500, 8},{12404, 3},{20166, 5},{6764, 10},{25314, 2},{11538, 10},{12633, 11},{17395, 8},
{2473, 10},{1685, 10},{13833, 8},{25126, 10},{4424, 10},{21644, 15},{13437, 15},{18767, 8},{13831, 8},{25126, 10},
{17531, 17},{1359, 7},{3781, 16},{18950, 7},{6928, 7},{25273, 10},{17627, 8},{24752, 4},{14257, 7},{17812, 15},
{25275, 15},{4424, 10},{18765, 8},{1685, 10},{1685, 10},{3781, 16},{6099, 17},{26023, 7},{1530, 4},{25273, 10},
{7373, 7},{7370, 7},{2716, 8},{1685, 10},{1530, 4},{25273, 10},{9566, 7},{3781, 16},{7370, 7},{7147, 7},
{13728, 8},{16781, 17},{7144, 7},{13727, 8},{7146, 7},{19290, 7},{3240, 17},{26012, 7},{25273, 10},{3781, 16},
{25219, 7},{1530, 4},{25273, 10},{1530, 4},{8656, 17},{7357, 7},{13726, 8},{3781, 16},{12480, 7},{5503, 7},
{1685, 10},{19954, 14},{15362, 10},{15294, 17},{12484, 7},{5951, 8},{25273, 10},{9566, 7},{3781, 16},{26013, 7},
{1530, 4},{19291, 7},{9555, 15},{13017, 8},{6674, 15},{4424, 10},{13018, 8},{4424, 10},{9555, 15},{10576, 4},
{3781, 16},{24466, 8},{25273, 10},{7688, 7},{4130, 1},{5455, 7},{18969, 17},{20458, 17},{14662, 7},{25273, 10},
{24467, 8},{22912, 1},{5460, 7},{10576, 4},{3781, 16},{19469, 7},{10305, 17},{12429, 7},{14731, 8},{10664, 7},
{25172, 7},{10576, 4},{25273, 10},{3781, 16},{24469, 8},{12426, 7},{25168, 7},{10576, 4},{5456, 7},{2346, 17},
{5459, 7},{3781, 16},{25273, 10},{7691, 7},{16739, 17},{10576, 4},{3781, 16},{25169, 7},{7689, 7},{12428, 7},
{25273, 10},{8847, 8},{4128, 1},{14744, 8},{10679, 7},{25173, 7},{10453, 17},{3781, 16},{25273, 10},{12900, 7},
{10576, 4},{10640, 7},{25273, 10},{12425, 7},{10576, 4},{10679, 7},{3781, 16},{8082, 17},{24472, 8},{1685, 10},
{4424, 10},{13013, 8},{9141, 15},{13017, 8},{9141, 15},{4424, 10},{13540, 15},{20314, 15},{4424, 10},{13018, 8},
{3169, 15},{9141, 15},{9141, 15},{4424, 10},{13019, 8},{9141, 15},{13020, 8},{4424, 10},{23590, 12},{18218, 5},
{25254, 13},{24752, 2},{13370, 8},{3864, 10},{3781, 16},{24657, 3},{5109, 9},{19839, 9},{4833, 17},{3781, 16},
{23626, 17},{3864, 10},{24752, 2},{5106, 9},{24290, 5},{12125, 9},{17071, 12},{6803, 3},{13369, 8},{24657, 13},
{3864, 10},{5868, 17},{24752, 2},{20170, 5},{3781, 16},{12134, 9},{24641, 12},{20105, 3},{5252, 13},{5101, 9},
{13379, 8},{16059, 3},{24752, 2},{12132, 9},{16313, 12},{5104, 9},{12133, 9},{13378, 8},{3864, 10},{4826, 17},
{5672, 13},{20166, 5},{3781, 16},{1859, 13},{944, 8},{15133, 3},{24752, 2},{5105, 9},{20166, 5},{3781, 16},
{3864, 10},{12136, 9},{5108, 9},{13472, 17},{3936, 12},{15215, 3},{13129, 12},{5107, 9},{5102, 9},{24752, 2},
{9854, 13},{2028, 5},{3864, 10},{19873, 9},{13376, 8},{12388, 17},{3781, 16},{2028, 5},{18932, 9},{18933, 9},
{2181, 3},{13375, 8},{22898, 13},{14254, 9},{15549, 17},{24752, 2},{3980, 12},{3781, 16},{3864, 10},{3864, 10},
{4467, 17},{24752, 2},{3781, 16},{2037, 5},{13374, 8},{14255, 9},{14031, 13},{2088, 12},{21236, 3},{14256, 9},
{18923, 9},{14257, 9},{24752, 2},{25254, 12},{5103, 9},{3864, 10},{2033, 5},{13373, 8},{9335, 13},{12131, 9},
{3717, 3},{17985, 17},{3781, 16},{6908, 9},{2505, 3},{20166, 5},{14253, 9},{3864, 10},{24726, 13},{25842, 12},
{12130, 9},{13372, 8},{17975, 17},{24752, 2},{3781, 16},{14258, 9},{18766, 8},{19356, 15},{4424, 10},{21244, 15},
{5093, 15},{4424, 10},{21705, 15},{18765, 8},{4424, 10},{18246, 15},{5093, 15},{18764, 8},{19356, 15},{4424, 10},
{21111, 15},{4062, 15},{18763, 8},{4424, 10},{14047, 15},{5093, 15},{18766, 8},{13019, 8},{5021, 15},{15512, 15},
{4424, 10},{18586, 15},{13020, 8},{5021, 15},{4424, 10},{13017, 8},{7406, 15},{15518, 15},{5021, 15},{4424, 10},
{4424, 10},{13018, 8},{5021, 15},{5021, 15},{7405, 15},{4424, 10},{13015, 8},{4424, 10},{13016, 8},{4057, 15},
{5021, 15},{5021, 15},{13013, 8},{22264, 15},{4424, 10},{13014, 8},{8616, 15},{4424, 10},{5021, 15},{16284, 7},
{2764, 7},{7250, 7},{12253, 4},{10746, 8},{3781, 16},{16984, 17},{25273, 10},{535, 7},{4497, 17},{13727, 8},
{3781, 16},{8691, 7},{25273, 10},{23975, 4},{16262, 7},{5018, 15},{4424, 10},{13013, 8},{3781, 16},{13726, 8},
{7158, 7},{8361, 1},{7159, 7},{17105, 17},{23975, 4},{8690, 7},{7162, 7},{25273, 10},{4424, 10},{5018, 15},
{13020, 8},{18764, 8},{4424, 10},{14688, 15},{13019, 8},{8620, 15},{5018, 15},{4424, 10},{18767, 8},{12523, 15},
{10841, 15},{4424, 10},{16864, 15},{13351, 15},{9759, 15},{4424, 10},{18766, 8},{12523, 15},{12523, 15},{4424, 10},
{18765, 8},{4424, 10},{18764, 8},{12523, 15},{12523, 15},{4424, 10},{18763, 8},{13349, 15},{18762, 8},{4424, 10},
{12523, 15},{8612, 15},{4424, 10},{12523, 15},{10841, 15},{15686, 8},{12523, 15},{4424, 10},{3011, 15},{9434, 8},
{16861, 15},{4049, 15},{12523, 15},{6690, 8},{4424, 10},{12123, 17},{10751, 8},{3781, 16},{2757, 7},{12253, 4},
{3277, 7},{25273, 10},{1685, 10},{12232, 4},{25273, 10},{5529, 7},{3781, 16},{5527, 7},{10050, 17},{14307, 7},
{3402, 8},{5528, 7},{7464, 17},{19925, 7},{3781, 16},{25273, 10},{11782, 7},{12503, 7},{12232, 4},{3403, 8},
{5530, 7},{12504, 7},{23116, 17},{25273, 10},{3400, 8},{7365, 7},{3781, 16},{12232, 4},{11778, 7},{12232, 4},
{3401, 8},{3778, 17},{11782, 7},{5017, 1},{5529, 7},{25273, 10},{3781, 16},{3398, 8},{5533, 7},{3781, 16},
{5524, 7},{15688, 17},{6310, 7},{25273, 10},{12232, 4},{5530, 7},{3399, 8},{19930, 7},{21121, 17},{3781, 16},
{12502, 7},{11779, 7},{12232, 4},{25273, 10},{19926, 7},{11774, 7},{14309, 7},{25273, 10},{3781, 16},{11778, 7},
{24724, 17},{12232, 4},{3396, 8},{19931, 7},{25273, 10},{3397, 8},{3781, 16},{12232, 4},{6310, 7},{18542, 7},
{8770, 17},{16746, 17},{19923, 7},{3781, 16},{7364, 7},{25273, 10},{5524, 7},{5531, 7},{12232, 4},{20969, 8},
{20972, 8},{3781, 16},{5019, 1},{25273, 10},{19922, 7},{19925, 7},{12503, 7},{18209, 17},{12232, 4},{12505, 7},
{1685, 10},{3781, 16},{7370, 7},{24357, 17},{25219, 7},{2728, 8},{1530, 4},{25222, 7},{25273, 10},{25225, 7},
{14824, 17},{3781, 16},{5512, 7},{1530, 4},{2727, 8},{26022, 7},{25273, 10},{22599, 17},{2726, 8},{19291, 7},
{3781, 16},{25222, 7},{25221, 7},{1530, 4},{25273, 10},{20243, 17},{7370, 7},{26012, 7},{1530, 4},{7143, 7},
{3781, 16},{25273, 10},{26018, 7},{2725, 8},{25222, 7},{2724, 8},{1530, 4},{1474, 17},{12626, 7},{3781, 16},
{25273, 10},{2723, 8},{12481, 7},{25273, 10},{3781, 16},{26019, 7},{16778, 17},{26017, 7},{1530, 4},{25219, 7},
{25273, 10},{26016, 7},{12479, 7},{19290, 7},{5859, 17},{2722, 8},{26018, 7},{1530, 4},{3781, 16},{12334, 1},
{5503, 7},{2721, 8},{1530, 4},{12483, 7},{25222, 7},{25273, 10},{3781, 16},{5506, 7},{21352, 17},{3781, 16},
{26016, 7},{2734, 8},{3148, 17},{1530, 4},{26019, 7},{26020, 7},{25273, 10},{12479, 7},{25559, 17},{1530, 4},
{3781, 16},{7142, 7},{2733, 8},{19666, 7},{12329, 1},{25273, 10},{10889, 7},{7577, 8},{23930, 3},{15066, 4},
{3781, 16},{16949, 7},{3454, 1},{7672, 10},{1648, 17},{4424, 10},{18764, 8},{24568, 15},{14342, 15},{18765, 8},
{24568, 15},{4424, 10},{721, 15},{24568, 15},{4424, 10},{18766, 8},{18767, 8},{24568, 15},{4424, 10},{6702, 15},
{18762, 8},{24568, 15},{4424, 10},{24568, 15},{4424, 10},{18763, 8},{4424, 10},{6692, 8},{19229, 15},{19229, 15},
{6690, 8},{4424, 10},{24678, 15},{4424, 10},{19229, 15},{18767, 8},{18766, 8},{4424, 10},{19229, 15},{19229, 15},
{9548, 15},{9544, 15},{16389, 15},{18765, 8},{4424, 10},{4424, 10},{19229, 15},{18764, 8},{19229, 15},{4424, 10},
{5561, 15},{18763, 8},{19229, 15},{18762, 8},{4424, 10},{5564, 15},{19229, 15},{4424, 10},{19327, 15},{9904, 15},
{15686, 8},{19229, 15},{9434, 8},{4424, 10},{1685, 10},{4424, 10},{18762, 8},{21650, 15},{14687, 15},{18763, 8},
{14687, 15},{4424, 10},{1685, 10},{4424, 10},{18762, 8},{18786, 15},{4424, 10},{18766, 8},{14687, 15},{10923, 15},
{4424, 10},{14687, 15},{18767, 8},{17732, 15},{14687, 15},{4424, 10},{21641, 15},{18764, 8},{14687, 15},{4424, 10},
{21269, 15},{18765, 8},{6692, 8},{6626, 15},{4424, 10},{18786, 15},{6690, 8},{18786, 15},{4424, 10},{853, 7},
{3781, 16},{17612, 4},{20544, 7},{10702, 17},{25273, 10},{13205, 8},{16700, 8},{9127, 1},{12422, 17},{14511, 7},
{8102, 7},{25273, 10},{17612, 4},{852, 7},{3781, 16},{25273, 10},{20654, 17},{8103, 7},{852, 7},{855, 7},
{6855, 7},{16457, 8},{3781, 16},{9125, 1},{17612, 4},{17612, 4},{13258, 8},{20544, 7},{2340, 17},{6852, 7},
{14508, 7},{25273, 10},{3781, 16},{9925, 17},{17612, 4},{14508, 7},{3781, 16},{14510, 7},{25273, 10},{14511, 7},
{13169, 8},{6849, 7},{24384, 7},{180, 1},{25314, 4},{25273, 10},{7780, 17},{16142, 7},{24382, 7},{6730, 8},
{4710, 7},{3781, 16},{20544, 7},{3781, 16},{807, 8},{20543, 7},{17612, 4},{25273, 10},{2469, 17},{25273, 10},
{17612, 4},{3781, 16},{6951, 17},{8108, 7},{14507, 7},{812, 8},{14515, 7},{8107, 7},{25314, 4},{25273, 10},
{4708, 7},{6723, 8},{12817, 17},{3781, 16},{16144, 7},{16141, 7},{22308, 7},{25314, 4},{8132, 7},{3781, 16},
{6722, 8},{25273, 10},{24383, 7},{7976, 1},{24389, 7},{22232, 17},{6721, 8},{3781, 16},{22309, 7},{25314, 4},
{15134, 17},{16142, 7},{8135, 7},{16140, 7},{25273, 10},{3781, 16},{22302, 7},{6720, 8},{20669, 17},{24387, 7},
{8127, 7},{25314, 4},{25273, 10},{14473, 8},{4713, 7},{25314, 4},{4711, 7},{5894, 17},{25273, 10},{24382, 7},
{3781, 16},{17861, 17},{4708, 7},{6726, 8},{22301, 7},{25273, 10},{25314, 4},{3781, 16},{4705, 7},{6725, 8},
{16558, 17},{25314, 4},{25273, 10},{22301, 7},{24389, 7},{3781, 16},{22302, 7},{8131, 7},{21435, 17},{3781, 16},
{16149, 7},{25273, 10},{25314, 4},{6724, 8},{4711, 7},{4714, 7},{8133, 7},{20689, 15},{4546, 15},{18610, 15},
{11868, 15},{18763, 8},{11505, 15},{4424, 10},{4424, 10},{18762, 8},{25784, 15},{4546, 15},{4635, 15},{4546, 15},
{15686, 8},{4424, 10},{4546, 15},{9434, 8},{4424, 10},{4424, 10},{18767, 8},{4546, 15},{25787, 15},{4546, 15},
{4966, 15},{18766, 8},{4424, 10},{4966, 15},{4424, 10},{4546, 15},{18765, 8},{4424, 10},{18764, 8},{18616, 15},
{4546, 15},{4424, 10},{13017, 8},{1575, 15},{20865, 15},{20865, 15},{13018, 8},{4424, 10},{4473, 15},{4546, 15},
{6692, 8},{4634, 15},{4424, 10},{6690, 8},{4546, 15},{4424, 10},{4424, 10},{21391, 15},{23770, 15},{13017, 8},
{15448, 15},{25126, 10},{16502, 8},{25273, 10},{3781, 16},{13701, 8},{2511, 17},{16259, 7},{8685, 7},{23975, 4},
{7161, 7},{7165, 7},{4424, 10},{3159, 15},{6692, 8},{4175, 15},{6690, 8},{4424, 10},{3159, 15},{4424, 10},
{18765, 8},{3159, 15},{3159, 15},{18764, 8},{4424, 10},{18767, 8},{17826, 15},{3159, 15},{4424, 10},{4424, 10},
{18766, 8},{3159, 15},{10175, 15},{4424, 10},{3159, 15},{15686, 8},{9434, 8},{26025, 15},{4424, 10},{3159, 15},
{3159, 15},{18763, 8},{4424, 10},{18537, 15},{25275, 15},{19306, 15},{3159, 15},{18762, 8},{4424, 10},{1685, 10},
{1685, 10},{1685, 10},{16511, 8},{25126, 10},{25126, 10},{16512, 8},{4424, 10},{2464, 15},{18765, 8},{18764, 8},
{2464, 15},{4424, 10},{18767, 8},{2464, 15},{4424, 10},{18766, 8},{4424, 10},{2464, 15},{9434, 8},{20368, 15},
{2464, 15},{4424, 10},{4424, 10},{18763, 8},{15720, 15},{2464, 15},{18762, 8},{4424, 10},{2464, 15},{541, 7},
{7163, 7},{25273, 10},{23975, 4},{8690, 7},{3781, 16},{23209, 17},{6747, 8},{543, 7},{1685, 10},{13175, 4},
{13645, 8},{24522, 3},{3457, 7},{9342, 1},{15807, 7},{12070, 7},{3781, 16},{10575, 17},{7672, 10},{3926, 1},
{17770, 17},{7672, 10},{3781, 16},{13175, 4},{13647, 8},{1848, 3},{25831, 7},{10931, 7},{3752, 17},{3781, 16},
{26370, 8},{23665, 10},{11447, 7},{7672, 10},{9344, 1},{19232, 3},{24279, 7},{13175, 4},{7672, 10},{3781, 16},
{18783, 1},{12796, 3},{13643, 8},{13175, 4},{6209, 17},{17476, 7},{3781, 16},{7672, 10},{13632, 8},{12070, 7},
{13175, 4},{9968, 3},{15815, 17},{9135, 1},{7672, 10},{3460, 7},{26363, 8},{8301, 17},{13175, 4},{25815, 7},
{1885, 3},{3458, 7},{23665, 10},{3781, 16},{9139, 1},{10934, 7},{26325, 8},{9138, 1},{322, 17},{7672, 10},
{23665, 10},{3781, 16},{5560, 3},{13175, 4},{7672, 10},{24591, 17},{16333, 3},{13175, 4},{3457, 7},{9134, 1},
{23665, 10},{13631, 8},{3781, 16},{18792, 1},{15454, 8},{10932, 7},{22402, 17},{11447, 7},{7672, 10},{13175, 4},
{16338, 3},{10930, 7},{3781, 16},{26247, 3},{17984, 7},{9345, 1},{7672, 10},{11444, 7},{15185, 17},{3781, 16},
{13175, 4},{15455, 8},{5130, 7},{5133, 7},{19954, 4},{3381, 17},{25615, 7},{17628, 8},{3781, 16},{25273, 10},
{25273, 10},{1736, 7},{8071, 7},{5134, 7},{3781, 16},{10846, 1},{19954, 4},{17627, 8},{25476, 17},{17618, 8},
{25273, 10},{3781, 16},{25616, 7},{16003, 17},{12061, 7},{19954, 4},{4424, 10},{9782, 15},{13017, 8},{13435, 15},
{3781, 16},{12067, 7},{12066, 7},{8076, 7},{19954, 4},{25273, 10},{22151, 17},{25615, 7},{184, 8},{19954, 4},
{25273, 10},{5130, 7},{3781, 16},{1738, 7},{17619, 8},{4645, 17},{8069, 7},{25612, 7},{868, 1},{19954, 4},
{5132, 7},{17622, 8},{1743, 7},{3781, 16},{25273, 10},{21016, 17},{25273, 10},{25611, 7},{17621, 8},{12769, 17},
{25615, 7},{8075, 7},{19954, 4},{3781, 16},{8069, 7},{1745, 7},{25273, 10},{3781, 16},{25614, 7},{25611, 7},
{17624, 8},{5447, 17},{19954, 4},{1736, 7},{19954, 4},{17623, 8},{3781, 16},{25273, 10},{5138, 7},{24680, 17},
{10772, 8},{14662, 7},{10576, 4},{25172, 7},{3781, 16},{25273, 10},{16434, 17},{7692, 7},{1685, 10},{18762, 8},
{6387, 15},{4424, 10},{4424, 10},{6387, 15},{18763, 8},{7676, 15},{11673, 15},{6387, 15},{9434, 8},{4424, 10},
{4098, 15},{4424, 10},{7675, 15},{15686, 8},{6387, 15},{18766, 8},{6387, 15},{4424, 10},{6387, 15},{18767, 8},
{4424, 10},{4424, 10},{20275, 15},{587, 15},{6387, 15},{18764, 8},{4424, 10},{23778, 15},{6387, 15},{18765, 8},
{15390, 17},{1530, 4},{26022, 7},{26016, 7},{26013, 7},{3781, 16},{4352, 8},{25273, 10},{4351, 8},{8452, 17},
{25273, 10},{3781, 16},{1530, 4},{26023, 7},{25219, 7},{5502, 7},{1530, 4},{14988, 17},{4350, 8},{3781, 16},
{5505, 7},{19294, 7},{25273, 10},{12626, 7},{25273, 10},{3781, 16},{4349, 8},{7145, 7},{12482, 7},{25222, 7},
{1530, 4},{13150, 1},{3305, 17},{4424, 10},{6690, 8},{6387, 15},{19292, 7},{12626, 7},{3781, 16},{4347, 8},
{116, 17},{25273, 10},{7370, 7},{1530, 4},{12334, 1},{19291, 7},{9757, 17},{19295, 7},{25273, 10},{1530, 4},
{3781, 16},{4346, 8},{7145, 7},{3781, 16},{1530, 4},{19295, 7},{7357, 7},{4345, 8},{12727, 17},{25273, 10},
{5505, 7},{5700, 7},{1143, 4},{10605, 3},{7672, 10},{8489, 8},{3781, 16},{2456, 1},{12651, 7},{2489, 7},
{23665, 10},{9806, 17},{17994, 17},{26341, 0},{1223, 10},{20718, 1},{5702, 7},{8488, 8},{7672, 10},{6163, 3},
{1143, 4},{3781, 16},{8491, 8},{3781, 16},{8327, 7},{20714, 1},{1143, 4},{12649, 7},{12803, 3},{7672, 10},
{13543, 17},{1365, 3},{1143, 4},{8490, 8},{7007, 0},{5701, 7},{3781, 16},{1223, 10},{2481, 7},{1845, 17},
{7672, 10},{20714, 1},{12648, 7},{7672, 10},{9525, 17},{8485, 8},{3781, 16},{1143, 4},{18681, 7},{9556, 1},
{12098, 3},{8484, 8},{19869, 3},{3781, 16},{7672, 10},{9552, 1},{2487, 7},{3910, 17},{23665, 10},{25422, 7},
{1143, 4},{3781, 16},{7672, 10},{1143, 4},{14701, 3},{2466, 1},{8653, 17},{8487, 8},{18686, 7},{23665, 10},
{7672, 10},{25428, 7},{3781, 16},{1143, 4},{108, 3},{14986, 17},{20713, 1},{8486, 8},{18677, 7},{20201, 15},
{13013, 8},{4424, 10},{4424, 10},{13014, 8},{20201, 15},{22064, 17},{8483, 8},{12651, 7},{3781, 16},{19643, 3},
{7672, 10},{2455, 1},{25420, 7},{20624, 7},{1143, 4},{12647, 7},{1143, 4},{3781, 16},{4155, 3},{9558, 1},
{7672, 10},{4102, 17},{8482, 8},{13017, 8},{2010, 15},{9786, 15},{20201, 15},{4424, 10},{4424, 10},{13018, 8},
{20201, 15},{20201, 15},{4424, 10},{13019, 8},{4424, 10},{20201, 15},{13020, 8},{7163, 7},{8363, 1},{23975, 4},
{16842, 17},{8687, 7},{3781, 16},{6746, 8},{20233, 7},{25273, 10},{1685, 10},{15066, 4},{2640, 0},{3781, 16},
{13626, 17},{1223, 10},{3455, 1},{7672, 10},{1748, 8},{16943, 7},{23587, 3},{15066, 4},{1223, 10},{25751, 3},
{11082, 1},{22817, 17},{3781, 16},{16944, 7},{7672, 10},{1749, 8},{8562, 0},{16945, 7},{1959, 7},{7270, 1},
{4241, 3},{22837, 7},{3781, 16},{5210, 17},{7672, 10},{23665, 10},{15066, 4},{1756, 8},{1961, 7},{1223, 10},
{2810, 17},{3781, 16},{15066, 4},{1757, 8},{3449, 1},{8559, 0},{7672, 10},{16948, 7},{7507, 3},{7203, 3},
{1754, 8},{3451, 1},{23798, 7},{3781, 16},{10514, 17},{15066, 4},{7672, 10},{9363, 17},{7672, 10},{15066, 4},
{4642, 3},{3781, 16},{7270, 1},{1755, 8},{16947, 7},{7273, 1},{7672, 10},{7821, 0},{1223, 10},{12689, 3},
{1752, 8},{10881, 7},{15066, 4},{3781, 16},{16028, 17},{16941, 7},{1753, 8},{24570, 1},{11864, 3},{7672, 10},
{119, 17},{3781, 16},{1966, 7},{23665, 10},{16600, 7},{15066, 4},{1964, 7},{1958, 7},{3450, 1},{1750, 8},
{7672, 10},{3781, 16},{7973, 17},{15066, 4},{7959, 3},{9041, 0},{16945, 7},{1223, 10},{11284, 17},{22837, 7},
{23795, 7},{7672, 10},{3452, 1},{3781, 16},{15066, 4},{1751, 8},{16596, 7},{13082, 3},{25126, 10},{22782, 8},
{12660, 8},{25126, 10},{25126, 10},{12659, 8},{12658, 8},{25126, 10},{25126, 10},{12665, 8},{12664, 8},{25126, 10},
{22785, 8},{25126, 10},{12662, 8},{25126, 10},{12655, 8},{25126, 10},{12654, 8},{25126, 10},{1685, 10},{1685, 10},
{5580, 15},{9434, 8},{4424, 10},{20400, 15},{18765, 8},{26222, 15},{4424, 10},{10214, 15},{12481, 7},{3781, 16},
{2988, 8},{1530, 4},{26019, 7},{12076, 17},{25273, 10},{5506, 7},{9579, 7},{12330, 1},{2987, 8},{25220, 7},
{12479, 7},{12481, 7},{20429, 17},{3781, 16},{26020, 7},{1530, 4},{25273, 10},{2980, 8},{21905, 17},{5513, 7},
{25273, 10},{7145, 7},{19294, 7},{3781, 16},{24957, 1},{1530, 4},{7373, 7},{8361, 15},{4424, 10},{18767, 8},
{4424, 10},{8361, 15},{18764, 8},{1545, 15},{8361, 15},{4424, 10},{18765, 8},{4424, 10},{8361, 15},{18762, 8},
{18763, 8},{4424, 10},{8361, 15},{9434, 8},{8361, 15},{8575, 15},{14484, 15},{4424, 10},{13441, 17},{25221, 7},
{26016, 7},{25273, 10},{1530, 4},{2985, 8},{3781, 16},{25273, 10},{22170, 7},{16280, 17},{25262, 7},{14151, 8},
{11762, 7},{13175, 4},{3781, 16},{8126, 7},{25314, 4},{16120, 17},{25273, 10},{14147, 8},{22300, 7},{3781, 16},
{3781, 16},{20029, 17},{14146, 8},{8132, 7},{25314, 4},{4707, 7},{25273, 10},{16141, 7},{4712, 7},{726, 17},
{25273, 10},{3781, 16},{24386, 7},{25314, 4},{16142, 7},{5461, 8},{25273, 10},{8129, 7},{14144, 8},{25314, 4},
{8135, 7},{24386, 7},{3781, 16},{24387, 7},{15898, 17},{25314, 4},{4705, 7},{4374, 1},{3781, 16},{8134, 7},
{25273, 10},{7933, 17},{22303, 7},{14143, 8},{1685, 10},{3595, 17},{16150, 7},{25314, 4},{25273, 10},{4374, 1},
{3781, 16},{4713, 7},{14141, 8},{3781, 16},{4707, 7},{25273, 10},{16149, 7},{14140, 8},{22302, 7},{4427, 17},
{16143, 7},{25314, 4},{22304, 7},{25273, 10},{25314, 4},{14152, 8},{16144, 7},{3781, 16},{20742, 17},{22303, 7},
{25273, 10},{25314, 4},{15628, 17},{24389, 7},{3781, 16},{14151, 8},{8126, 7},{22581, 8},{6931, 7},{25273, 10},
{2993, 17},{16985, 7},{18955, 7},{3781, 16},{24752, 4},{6045, 17},{11782, 7},{3781, 16},{19628, 8},{25273, 10},
{12232, 4},{12505, 7},{12232, 4},{3781, 16},{5531, 7},{19629, 8},{17773, 17},{6310, 7},{12506, 7},{25273, 10},
{19926, 7},{12614, 7},{5529, 7},{25273, 10},{19626, 8},{3781, 16},{7363, 7},{14310, 7},{12232, 4},{12820, 17},
{5530, 7},{11943, 17},{3781, 16},{19627, 8},{6310, 7},{12232, 4},{25273, 10},{7363, 7},{19357, 1},{12502, 7},
{3781, 16},{5529, 7},{12694, 17},{25273, 10},{19624, 8},{12232, 4},{12505, 7},{11014, 17},{12232, 4},{3781, 16},
{11772, 7},{19931, 7},{25273, 10},{19625, 8},{25273, 10},{22077, 17},{19931, 7},{11816, 8},{6310, 7},{12507, 7},
{3781, 16},{12232, 4},{12232, 4},{25273, 10},{11777, 7},{3781, 16},{23969, 17},{11819, 8},{5524, 7},{3781, 16},
{11879, 17},{11869, 8},{25273, 10},{12232, 4},{7366, 7},{12505, 7},{19923, 7},{3781, 16},{10349, 17},{12232, 4},
{11772, 7},{25273, 10},{13462, 8},{7362, 7},{19928, 7},{1685, 10},{1685, 10},{26013, 7},{25219, 7},{1530, 4},
{5370, 8},{15453, 1},{25273, 10},{3781, 16},{5513, 7},{22193, 17},{907, 8},{25273, 10},{7143, 7},{5512, 7},
{23814, 17},{3781, 16},{1530, 4},{25273, 10},{24914, 17},{7357, 7},{12478, 7},{5512, 7},{1530, 4},{917, 8},
{3781, 16},{19290, 7},{7142, 7},{12483, 7},{1530, 4},{12337, 17},{916, 8},{3781, 16},{25273, 10},{19666, 7},
{7144, 7},{20803, 17},{7141, 7},{25273, 10},{3781, 16},{1530, 4},{13151, 1},{5397, 8},{7142, 7},{19295, 7},
{1530, 4},{5512, 7},{26016, 7},{25273, 10},{19204, 17},{3781, 16},{914, 8},{12491, 7},{7149, 7},{17459, 17},
{3781, 16},{913, 8},{1530, 4},{26013, 7},{25273, 10},{15452, 1},{3781, 16},{25273, 10},{912, 8},{26013, 7},
{1530, 4},{22361, 17},{7141, 7},{5503, 7},{25221, 7},{3781, 16},{8712, 17},{7146, 7},{7145, 7},{1530, 4},
{9579, 7},{25273, 10},{911, 8},{6625, 17},{7148, 7},{1530, 4},{910, 8},{7147, 7},{3781, 16},{25273, 10},
{26012, 7},{7149, 7},{1685, 10},{2473, 10},{3664, 8},{2473, 10},{3665, 8},{2473, 10},{3655, 8},{3656, 8},
{2473, 10},{2473, 10},{3657, 8},{2473, 10},{3658, 8},{3659, 8},{2473, 10},{3660, 8},{2473, 10},{3661, 8},
{2473, 10},{3662, 8},{2473, 10},{18864, 17},{22170, 7},{18527, 7},{3781, 16},{25273, 10},{2981, 8},{13175, 4},
{22801, 7},{3781, 16},{11766, 7},{13175, 4},{18527, 7},{25273, 10},{2982, 8},{12635, 17},{13175, 4},{2979, 8},
{25273, 10},{22795, 7},{21003, 17},{3929, 1},{11764, 7},{3781, 16},{2980, 8},{18529, 7},{13175, 4},{6559, 17},
{25273, 10},{25262, 7},{3781, 16},{11760, 7},{2985, 8},{11769, 7},{13175, 4},{25262, 7},{4398, 17},{3781, 16},
{25273, 10},{22795, 7},{2986, 8},{21066, 7},{25273, 10},{23940, 17},{13175, 4},{9343, 1},{22792, 7},{3781, 16},
{4260, 17},{25268, 7},{3781, 16},{2983, 8},{11769, 7},{11766, 7},{13175, 4},{18524, 7},{25273, 10},{25273, 10},
{2984, 8},{25263, 7},{2275, 17},{3781, 16},{22798, 7},{11762, 7},{13175, 4},{11769, 7},{3781, 16},{2987, 8},
{13175, 4},{18521, 7},{22698, 17},{25273, 10},{20658, 7},{8596, 17},{2988, 8},{25273, 10},{20658, 7},{3781, 16},
{18520, 7},{13175, 4},{1685, 10},{25273, 10},{20398, 1},{12232, 4},{1817, 8},{5531, 7},{7369, 7},{10264, 17},
{3781, 16},{3455, 15},{4424, 10},{13017, 8},{13625, 15},{13018, 8},{14724, 15},{15725, 15},{8645, 15},{4424, 10},
{3455, 15},{13019, 8},{3455, 15},{14332, 15},{4424, 10},{3455, 15},{20873, 15},{13020, 8},{4424, 10},{4424, 10},
{3455, 15},{13013, 8},{6703, 15},{13014, 8},{4424, 10},{3455, 15},{3455, 15},{4250, 15},{4424, 10},{13015, 8},
{14333, 15},{13016, 8},{15722, 15},{8655, 15},{3455, 15},{4424, 10},{10396, 7},{2029, 17},{25273, 10},{3781, 16},
{23441, 4},{17147, 7},{23977, 7},{4314, 7},{13692, 8},{13691, 8},{10392, 7},{11117, 7},{10394, 7},{23441, 4},
{25273, 10},{10397, 7},{3781, 16},{20281, 17},{2906, 17},{3781, 16},{25273, 10},{10398, 7},{23441, 4},{4312, 7},
{11564, 7},{13694, 8},{23441, 4},{3781, 16},{13693, 8},{11120, 7},{21927, 17},{4315, 7},{25273, 10},{13696, 8},
{23947, 1},{23441, 4},{16166, 17},{11566, 7},{4315, 7},{11568, 7},{3781, 16},{25273, 10},{11573, 7},{22175, 17},
{3781, 16},{25273, 10},{11115, 7},{17146, 7},{23441, 4},{13695, 8},{25273, 10},{23441, 4},{16134, 17},{17151, 7},
{10395, 7},{13698, 8},{11570, 7},{3781, 16},{4425, 17},{23441, 4},{25273, 10},{3781, 16},{11118, 7},{13697, 8},
{11565, 7},{26222, 1},{13702, 8},{26002, 1},{1319, 17},{25273, 10},{23441, 4},{11569, 7},{11564, 7},{3781, 16},
{4311, 7},{25273, 10},{3781, 16},{11120, 7},{11570, 7},{24310, 17},{13701, 8},{23441, 4},{17151, 7},{3781, 16},
{14254, 7},{14251, 7},{6928, 7},{3542, 8},{20361, 17},{24752, 4},{25273, 10},{17612, 4},{6855, 7},{20554, 7},
{3781, 16},{25970, 17},{25273, 10},{20522, 8},{1685, 10},{12232, 14},{15362, 10},{25608, 8},{25126, 10},{1685, 10},
{19500, 8},{25126, 10},{1685, 10},{25126, 10},{19494, 8},{25126, 10},{19495, 8},{2473, 10},{24250, 8},{2473, 10},
{24249, 8},{2473, 10},{24252, 8},{24251, 8},{2473, 10},{24254, 8},{2473, 10},{19496, 8},{25126, 10},{24256, 8},
{2473, 10},{2473, 10},{24255, 8},{19497, 8},{25126, 10},{4012, 8},{2473, 10},{2473, 10},{24246, 8},{7672, 10},
{7488, 7},{21852, 3},{10576, 4},{1470, 7},{23665, 10},{8485, 8},{4129, 1},{14123, 17},{20039, 7},{3781, 16},
{7672, 10},{1466, 7},{7484, 7},{1463, 7},{7089, 1},{3781, 16},{23381, 17},{8483, 8},{3344, 3},{10576, 4},
{1685, 10},{15686, 8},{11670, 15},{4424, 10},{12332, 15},{18089, 15},{9434, 8},{12332, 15},{4424, 10},{12332, 15},
{4424, 10},{23770, 15},{18763, 8},{18762, 8},{4424, 10},{12332, 15},{18084, 15},{4424, 10},{12332, 15},{21604, 15},
{18765, 8},{12332, 15},{18764, 8},{4424, 10},{18087, 15},{18081, 15},{18767, 8},{16924, 15},{4424, 10},{12332, 15},
{4424, 10},{12332, 15},{5486, 15},{18766, 8},{6692, 8},{4424, 10},{18453, 15},{12332, 15},{23765, 15},{6690, 8},
{4424, 10},{12332, 15},{7307, 17},{20561, 7},{23540, 8},{3781, 16},{23463, 7},{15272, 4},{23461, 7},{25273, 10},
{1685, 10},{2656, 7},{25273, 10},{3781, 16},{8556, 7},{15066, 4},{2640, 7},{21827, 17},{7819, 7},{1813, 8},
{3781, 16},{25273, 10},{1814, 8},{23578, 17},{8562, 7},{15859, 7},{3456, 1},{15066, 4},{25273, 10},{15066, 4},
{25707, 17},{3781, 16},{1811, 8},{7826, 7},{14854, 7},{15854, 7},{1812, 8},{25273, 10},{15936, 17},{3781, 16},
{2643, 7},{15066, 4},{14854, 7},{3781, 16},{21579, 17},{25273, 10},{1817, 8},{15066, 4},{21230, 7},{15857, 7},
{8561, 7},{15859, 7},{15066, 4},{1818, 8},{7272, 1},{11501, 17},{3781, 16},{8560, 7},{25273, 10},{15066, 4},
{3781, 16},{25273, 10},{1815, 8},{5047, 7},{24566, 1},{12840, 17},{2658, 7},{8562, 7},{3781, 16},{25273, 10},
{8558, 7},{10970, 8},{15861, 7},{4764, 17},{15066, 4},{15066, 4},{3781, 16},{8562, 7},{26120, 17},{15859, 7},
{401, 7},{25273, 10},{1809, 8},{13790, 17},{8561, 7},{3781, 16},{9041, 7},{2640, 7},{25273, 10},{1810, 8},
{15066, 4},{2661, 7},{6217, 8},{2473, 10},{6216, 8},{2473, 10},{6219, 8},{2473, 10},{11383, 8},{2473, 10},
{2473, 10},{6213, 8},{2473, 10},{6212, 8},{6215, 8},{2473, 10},{6214, 8},{2473, 10},{11411, 8},{2473, 10},
{2473, 10},{6220, 8},{25126, 10},{6588, 8},{25119, 15},{6692, 8},{4424, 10},{25288, 15},{7683, 15},{13017, 8},
{13483, 15},{22805, 15},{16008, 15},{4424, 10},{7678, 15},{4424, 10},{13018, 8},{22805, 15},{4424, 10},{13019, 8},
{22805, 15},{13020, 8},{22805, 15},{23780, 15},{4424, 10},{14666, 15},{7681, 15},{22805, 15},{4424, 10},{13013, 8},
{13478, 15},{4424, 10},{13014, 8},{22805, 15},{16904, 7},{19134, 17},{23525, 7},{16901, 7},{8204, 4},{10129, 7},
{22292, 8},{3781, 16},{25273, 10},{3781, 16},{8204, 4},{22291, 8},{3579, 17},{23529, 7},{14683, 1},{25273, 10},
{10130, 7},{23528, 7},{22290, 8},{11719, 7},{8204, 4},{26387, 17},{3781, 16},{25273, 10},{11746, 7},{8204, 4},
{25132, 7},{16907, 7},{19606, 7},{13443, 17},{22289, 8},{5432, 7},{25273, 10},{3781, 16},{16161, 17},{10130, 7},
{3781, 16},{8204, 4},{11722, 7},{25273, 10},{5433, 7},{1808, 8},{25132, 7},{18507, 17},{22287, 8},{19605, 7},
{3781, 16},{25273, 10},{16901, 7},{8204, 4},{25273, 10},{10124, 7},{23528, 7},{22286, 8},{8204, 4},{3781, 16},
{18030, 17},{8204, 4},{25133, 7},{22285, 8},{25273, 10},{19606, 7},{14202, 17},{3781, 16},{1685, 10},{18785, 15},
{18762, 8},{4424, 10},{11746, 7},{19604, 7},{16906, 7},{10128, 7},{22278, 8},{8204, 4},{3781, 16},{25484, 17},
{25273, 10},{25134, 7},{25273, 10},{15364, 17},{23519, 7},{8204, 4},{1774, 8},{3781, 16},{5430, 7},{23529, 7},
{18765, 8},{4424, 10},{20877, 15},{18252, 15},{18764, 8},{21251, 15},{20877, 15},{4424, 10},{4424, 10},{20877, 15},
{18767, 8},{9969, 15},{4424, 10},{20877, 15},{18766, 8},{21591, 15},{4424, 10},{21245, 15},{15686, 8},{20877, 15},
{20877, 15},{4424, 10},{9434, 8},{4424, 10},{20877, 15},{9964, 15},{18763, 8},{20877, 15},{19073, 15},{4424, 10},
{18762, 8},{25119, 15},{4424, 10},{18764, 8},{17356, 7},{23212, 8},{3781, 16},{23464, 7},{25273, 10},{16587, 17},
{15272, 4},{15272, 4},{20623, 7},{25273, 10},{17359, 7},{16366, 8},{6905, 17},{3781, 16},{15272, 4},{3771, 7},
{21742, 17},{17355, 7},{3781, 16},{3766, 7},{25273, 10},{3775, 7},{16363, 8},{3770, 7},{923, 17},{3781, 16},
{15272, 4},{17352, 7},{25273, 10},{10857, 7},{16364, 8},{15272, 4},{4242, 17},{3781, 16},{16369, 8},{10840, 7},
{10547, 7},{25273, 10},{17351, 7},{16370, 8},{10547, 7},{3781, 16},{15272, 4},{25273, 10},{16455, 7},{20054, 17},
{3770, 7},{16367, 8},{15272, 4},{25273, 10},{17946, 17},{3781, 16},{10552, 7},{19086, 17},{16451, 7},{16368, 8},
{10552, 7},{15272, 4},{25273, 10},{3781, 16},{23463, 7},{3781, 16},{16371, 8},{16449, 7},{16451, 7},{25273, 10},
{15272, 4},{9400, 17},{17358, 7},{7669, 17},{3781, 16},{15272, 4},{16372, 8},{17360, 7},{25273, 10},{4424, 10},
{6692, 8},{1445, 15},{4358, 15},{10443, 15},{7149, 7},{1530, 4},{26017, 7},{19292, 7},{16840, 8},{25273, 10},
{3781, 16},{2046, 17},{7357, 7},{18767, 8},{1445, 15},{4424, 10},{1445, 15},{4424, 10},{18766, 8},{4424, 10},
{18765, 8},{1445, 15},{1445, 15},{4424, 10},{18764, 8},{17213, 15},{4424, 10},{1445, 15},{18763, 8},{1445, 15},
{18762, 8},{4366, 15},{4424, 10},{4424, 10},{15686, 8},{1445, 15},{1445, 15},{9434, 8},{4424, 10},{10443, 15},
{172, 15},{13078, 17},{25263, 7},{16371, 8},{18527, 7},{3781, 16},{25273, 10},{18526, 7},{13175, 4},{25273, 10},
{20653, 7},{16372, 8},{3781, 16},{18526, 7},{16736, 17},{13175, 4},{17573, 7},{23212, 8},{18524, 7},{3781, 16},
{18526, 7},{25269, 7},{25273, 10},{13175, 4},{11767, 7},{4759, 17},{3781, 16},{14519, 17},{16366, 8},{18527, 7},
{11760, 7},{13175, 4},{21068, 7},{22798, 7},{25273, 10},{13175, 4},{18522, 7},{18520, 7},{25273, 10},{16363, 8},
{594, 17},{3781, 16},{16364, 8},{25264, 7},{10040, 17},{13175, 4},{22797, 7},{25273, 10},{3781, 16},{3781, 16},
{20613, 17},{22798, 7},{18525, 7},{13175, 4},{16369, 8},{25273, 10},{22799, 7},{22170, 7},{3781, 16},{11763, 7},
{16370, 8},{24600, 17},{13175, 4},{22795, 7},{11767, 7},{18523, 7},{25273, 10},{13175, 4},{20653, 7},{16367, 8},
{25268, 7},{22800, 7},{25273, 10},{20302, 17},{3781, 16},{15065, 17},{3781, 16},{13175, 4},{21066, 7},{11762, 7},
{25273, 10},{18525, 7},{16368, 8},{7874, 15},{4971, 15},{7186, 15},{4424, 10},{13016, 8},{7685, 9},{7812, 17},
{1469, 9},{13369, 8},{10576, 2},{10401, 5},{18862, 3},{1470, 9},{3781, 16},{25489, 12},{3864, 10},{26432, 13},
{5556, 17},{13370, 8},{1471, 9},{1472, 9},{20791, 3},{23193, 12},{6462, 13},{3781, 16},{7692, 9},{3864, 10},
{20170, 5},{7691, 9},{10576, 2},{10576, 2},{25842, 13},{20162, 5},{7688, 9},{2947, 17},{20593, 9},{4495, 12},
{3864, 10},{14030, 3},{3781, 16},{1466, 9},{13376, 8},{23397, 13},{20734, 12},{3864, 10},{3781, 16},{4413, 17},
{1468, 9},{1467, 9},{26090, 5},{20592, 9},{12619, 3},{944, 8},{10576, 2},{9403, 17},{2784, 13},{25789, 12},
{13378, 8},{10576, 2},{2034, 5},{10646, 3},{3781, 16},{1463, 9},{12434, 9},{3864, 10},{18729, 17},{18857, 3},
{3781, 16},{3864, 10},{12435, 9},{24290, 5},{22328, 12},{1464, 9},{1465, 9},{13379, 8},{17755, 13},{10576, 2},
{3781, 16},{8759, 17},{12424, 9},{3864, 10},{7490, 9},{24297, 5},{10576, 2},{13924, 3},{13372, 8},{7491, 9},
{13858, 13},{2889, 12},{7477, 9},{20171, 5},{13373, 8},{1867, 3},{3864, 10},{21015, 17},{3781, 16},{19195, 9},
{10522, 12},{19911, 13},{12425, 9},{10576, 2},{12465, 3},{7489, 9},{7486, 9},{3781, 16},{12429, 9},{12426, 9},
{18694, 17},{13374, 8},{12369, 13},{18188, 5},{3864, 10},{10356, 12},{10576, 2},{12427, 9},{3864, 10},{13375, 8},
{7488, 9},{4684, 13},{10576, 2},{921, 12},{3781, 16},{24288, 5},{12146, 3},{7019, 17},{25273, 10},{17353, 7},
{3781, 16},{15272, 4},{16451, 7},{15662, 17},{17358, 7},{17816, 7},{14142, 8},{25056, 7},{7576, 8},{3781, 16},
{22659, 3},{23975, 4},{9459, 1},{7672, 10},{12294, 7},{22472, 17},{23975, 4},{12298, 7},{7579, 8},{7672, 10},
{3781, 16},{9459, 1},{21537, 3},{6103, 7},{2200, 17},{14141, 8},{4281, 17},{20588, 7},{25273, 10},{1448, 1},
{3768, 7},{3781, 16},{15272, 4},{7672, 10},{9877, 3},{23975, 4},{7573, 8},{12294, 7},{12278, 7},{3781, 16},
{17005, 17},{25055, 7},{9454, 1},{23975, 4},{9456, 1},{24180, 3},{6103, 7},{14198, 17},{7672, 10},{3781, 16},
{7572, 8},{23665, 10},{19113, 7},{3781, 16},{3775, 7},{7047, 17},{3770, 7},{15272, 4},{901, 1},{14144, 8},
{25273, 10},{16451, 7},{14518, 17},{20623, 7},{3781, 16},{15272, 4},{3772, 7},{5461, 8},{25273, 10},{22436, 17},
{17260, 1},{15272, 4},{14151, 8},{17359, 7},{17351, 7},{25273, 10},{17352, 7},{3781, 16},{23458, 7},{23463, 7},
{14152, 8},{17359, 7},{25273, 10},{3781, 16},{24754, 17},{3766, 7},{15272, 4},{19122, 7},{12276, 7},{7672, 10},
{7583, 8},{8361, 1},{20483, 17},{22637, 3},{3781, 16},{23975, 4},{23975, 4},{3781, 16},{4989, 17},{19121, 7},
{8363, 1},{7582, 8},{21203, 3},{25058, 7},{12296, 7},{7672, 10},{1685, 10},{22804, 15},{4424, 10},{18764, 8},
{18767, 8},{13541, 15},{4424, 10},{9142, 15},{9199, 7},{18442, 8},{8204, 4},{9390, 7},{13432, 1},{7672, 10},
{1210, 7},{12266, 3},{3781, 16},{10632, 17},{13539, 15},{2069, 15},{4424, 10},{8769, 15},{9142, 15},{18765, 8},
{6620, 15},{18764, 8},{9142, 15},{4424, 10},{9142, 15},{4424, 10},{18763, 8},{4424, 10},{18762, 8},{9142, 15},
{7672, 10},{25227, 3},{13437, 1},{18441, 8},{14743, 17},{3781, 16},{9202, 7},{8204, 4},{8204, 4},{18440, 8},
{6767, 17},{11631, 3},{9198, 7},{15572, 7},{3781, 16},{20201, 1},{7672, 10},{4424, 10},{9142, 15},{6692, 8},
{9142, 15},{17194, 15},{6690, 8},{4424, 10},{1685, 10},{25130, 0},{7223, 3},{1223, 10},{7672, 10},{8204, 4},
{15572, 7},{3781, 16},{18265, 17},{13430, 1},{5034, 8},{6215, 8},{2473, 10},{6214, 8},{2473, 10},{6213, 8},
{2473, 10},{6212, 8},{2473, 10},{6219, 8},{2473, 10},{11383, 8},{2473, 10},{6217, 8},{2473, 10},{6216, 8},
{2473, 10},{2473, 10},{11411, 8},{6220, 8},{2473, 10},{5543, 13},{10088, 9},{15323, 10},{8462, 8},{1143, 2},
{10089, 9},{8287, 12},{12647, 9},{3781, 16},{17329, 3},{24563, 17},{12645, 9},{3321, 9},{17254, 3},{15323, 10},
{6180, 17},{1143, 2},{14671, 13},{3781, 16},{12619, 12},{12646, 9},{13502, 8},{7474, 12},{1143, 2},{12643, 9},
{15323, 10},{8481, 8},{12644, 9},{3320, 9},{3781, 16},{6582, 17},{9676, 13},{15986, 3},{8467, 8},{3319, 9},
{3318, 9},{13033, 9},{15323, 10},{12983, 12},{1143, 2},{3781, 16},{2832, 3},{15217, 13},{19808, 9},{7912, 17},
{2473, 10},{6213, 8},{2473, 10},{6212, 8},{6215, 8},{2473, 10},{2473, 10},{6214, 8},{6217, 8},{2473, 10},
{6216, 8},{2473, 10},{2473, 10},{6219, 8},{2473, 10},{11383, 8},{11411, 8},{2473, 10},{2473, 10},{6220, 8},
{3781, 16},{7672, 10},{17777, 3},{2072, 17},{12522, 1},{20821, 7},{19954, 4},{10768, 8},{1685, 10},{3781, 16},
{17612, 2},{13153, 9},{852, 9},{20164, 5},{11088, 3},{13152, 9},{22588, 13},{9097, 8},{8283, 10},{14529, 17},
{7421, 12},{8283, 10},{3119, 13},{3781, 16},{9098, 8},{21257, 3},{855, 9},{16548, 9},{10401, 5},{854, 9},
{23921, 12},{17612, 2},{25540, 17},{8283, 10},{9089, 8},{21422, 3},{6858, 9},{7086, 17},{3781, 16},{6251, 9},
{22861, 12},{10799, 5},{6250, 9},{6857, 9},{17612, 2},{9491, 13},{22659, 13},{15504, 17},{3781, 16},{6249, 9},
{8283, 10},{17612, 2},{11169, 3},{6851, 9},{10799, 5},{14133, 12},{9090, 8},{6255, 9},{3781, 16},{6853, 9},
{6852, 9},{8283, 10},{9091, 8},{13160, 9},{20990, 12},{1142, 13},{17612, 2},{23466, 17},{6254, 9},{24843, 3},
{20166, 5},{3781, 16},{12723, 3},{17612, 2},{24713, 13},{6849, 9},{6854, 9},{9092, 8},{9564, 17},{2034, 5},
{2090, 12},{13161, 9},{8283, 10},{870, 3},{13158, 9},{8283, 10},{17612, 2},{2183, 17},{13159, 9},{17555, 12},
{6850, 9},{3781, 16},{9093, 8},{2032, 5},{24201, 13},{8283, 10},{856, 9},{1142, 3},{17612, 2},{13924, 12},
{17928, 5},{3781, 16},{9094, 8},{13687, 13},{25095, 17},{857, 9},{13156, 9},{22983, 12},{9095, 8},{18855, 13},
{13157, 9},{13949, 3},{858, 9},{8283, 10},{859, 9},{20165, 5},{3781, 16},{12846, 17},{17612, 2},{17612, 2},
{853, 9},{17015, 3},{25924, 9},{3781, 16},{3268, 13},{3815, 12},{8283, 10},{2597, 17},{24297, 5},{9096, 8},
{13155, 9},{20374, 15},{20714, 15},{4424, 10},{13017, 8},{15720, 15},{4424, 10},{13018, 8},{20714, 15},{4424, 10},
{20714, 15},{3217, 15},{13019, 8},{13020, 8},{18817, 15},{20369, 15},{4424, 10},{15714, 15},{20714, 15},{13013, 8},
{4424, 10},{20714, 15},{4424, 10},{20714, 15},{13014, 8},{4424, 10},{2115, 15},{20714, 15},{13015, 8},{1685, 10},
{20714, 15},{24884, 8},{4424, 10},{4424, 10},{18766, 8},{11911, 15},{11911, 15},{4424, 10},{18767, 8},{19120, 7},
{7672, 10},{12282, 7},{6104, 7},{23975, 4},{24726, 3},{18374, 17},{24971, 8},{3781, 16},{9457, 1},{1685, 10},
{6828, 3},{3781, 16},{23665, 10},{19121, 7},{7672, 10},{1183, 17},{24976, 8},{23059, 1},{23975, 4},{1685, 10},
{1685, 10},{4370, 15},{18765, 8},{4424, 10},{6692, 8},{22804, 15},{4424, 10},{4424, 10},{4370, 15},{18764, 8},
{17828, 15},{18767, 8},{11912, 15},{589, 15},{4424, 10},{16876, 15},{18762, 8},{23061, 15},{4424, 10},{14479, 15},
{23061, 15},{9434, 8},{4424, 10},{6692, 8},{4424, 10},{23061, 15},{2473, 10},{17391, 8},{17392, 8},{2473, 10},
{7672, 10},{21741, 3},{14074, 7},{23665, 10},{1530, 4},{4491, 17},{15776, 7},{14170, 8},{20152, 7},{3781, 16},
{13147, 1},{17394, 8},{2473, 10},{2473, 10},{17395, 8},{2473, 10},{17396, 8},{25345, 8},{2473, 10},{2473, 10},
{17398, 8},{2473, 10},{17399, 8},{2473, 10},{17400, 8},{2473, 10},{17401, 8},{1685, 10},{8204, 4},{16900, 7},
{25273, 10},{22131, 8},{5424, 7},{19613, 7},{19149, 17},{3781, 16},{25273, 10},{23481, 17},{3781, 16},{5428, 7},
{22130, 8},{8204, 4},{19606, 7},{10127, 7},{25273, 10},{3781, 16},{13258, 8},{8901, 17},{8204, 4},{5434, 7},
{5431, 7},{25130, 7},{3781, 16},{18884, 17},{16901, 7},{14688, 1},{10129, 7},{25273, 10},{8204, 4},{23525, 7},
{16457, 8},{16700, 8},{8204, 4},{25273, 10},{20199, 1},{5429, 7},{16901, 7},{25341, 17},{3781, 16},{10130, 7},
{25131, 7},{3781, 16},{16903, 7},{10130, 7},{25273, 10},{13205, 8},{8204, 4},{23182, 17},{24582, 17},{23526, 7},
{10125, 7},{812, 8},{8204, 4},{3781, 16},{25273, 10},{807, 8},{25273, 10},{5424, 7},{16900, 7},{18594, 17},
{25136, 7},{8204, 4},{3781, 16},{1384, 17},{5431, 7},{3781, 16},{13178, 8},{25139, 7},{16904, 7},{8204, 4},
{19601, 7},{25273, 10},{8204, 4},{13169, 8},{5429, 7},{25136, 7},{6744, 17},{25138, 7},{25273, 10},{3781, 16},
{16600, 9},{21226, 9},{19809, 3},{7821, 9},{6875, 12},{1055, 17},{6764, 10},{3781, 16},{15066, 2},{2028, 5},
{4506, 8},{3119, 13},{15066, 2},{21230, 9},{10799, 5},{16595, 9},{8113, 12},{4507, 8},{7606, 3},{5990, 17},
{7816, 9},{19401, 13},{6764, 10},{3781, 16},{16598, 9},{20791, 3},{20168, 5},{6764, 10},{15066, 2},{7818, 9},
{3781, 16},{6663, 17},{7934, 13},{7819, 9},{16599, 9},{18215, 12},{1000, 8},{9002, 17},{16601, 9},{15066, 2},
{21249, 9},{18188, 5},{13729, 13},{1003, 8},{1569, 12},{3781, 16},{22218, 3},{6764, 10},{1292, 17},{10799, 5},
{25607, 12},{22652, 9},{4502, 8},{11311, 13},{16603, 9},{3781, 16},{16596, 9},{6764, 10},{15371, 3},{15066, 2},
{9875, 17},{15066, 2},{23131, 3},{10888, 9},{16602, 9},{2036, 5},{8233, 12},{3781, 16},{5123, 13},{4503, 8},
{22653, 9},{6764, 10},{7817, 9},{24908, 13},{12619, 3},{15066, 2},{4500, 8},{15066, 6},{7826, 9},{20162, 5},
{6764, 10},{3781, 16},{16594, 9},{17845, 17},{21158, 12},{6982, 17},{16597, 9},{3781, 16},{6764, 10},{9041, 9},
{21537, 13},{15066, 2},{4501, 8},{24303, 5},{6581, 3},{5543, 12},{5772, 3},{15066, 2},{10887, 9},{6764, 10},
{2073, 12},{3781, 16},{1017, 8},{15645, 17},{10890, 9},{26283, 13},{20166, 5},{22650, 9},{20628, 12},{20791, 3},
{9425, 17},{8156, 8},{10889, 9},{22659, 13},{6764, 10},{15066, 2},{3781, 16},{10884, 9},{22651, 9},{24294, 5},
{3769, 7},{16456, 7},{2547, 8},{4840, 17},{3781, 16},{25273, 10},{15272, 4},{3771, 7},{23460, 7},{22595, 8},
{25273, 10},{15272, 4},{3781, 16},{17354, 7},{3772, 7},{17360, 7},{9894, 17},{16456, 7},{1447, 1},{20610, 7},
{2545, 8},{15908, 17},{3781, 16},{15272, 4},{20616, 7},{25273, 10},{19894, 7},{11697, 17},{17259, 1},{2546, 8},
{3781, 16},{3775, 7},{10552, 7},{15272, 4},{25273, 10},{3781, 16},{15272, 4},{16449, 7},{3063, 17},{3772, 7},
{17360, 7},{25273, 10},{20588, 7},{2543, 8},{20588, 7},{25273, 10},{10876, 7},{15272, 4},{3781, 16},{1442, 1},
{10480, 17},{2544, 8},{2541, 8},{25273, 10},{10854, 7},{23465, 7},{15272, 4},{20561, 7},{12571, 17},{10549, 7},
{3781, 16},{17816, 7},{17353, 7},{15272, 4},{23048, 17},{2542, 8},{23460, 7},{10857, 7},{3781, 16},{25273, 10},
{15272, 4},{25273, 10},{21212, 17},{10854, 7},{17351, 7},{3781, 16},{20616, 7},{2549, 8},{2550, 8},{25273, 10},
{16456, 7},{3771, 7},{14560, 17},{15272, 4},{3781, 16},{19089, 8},{1685, 10},{21757, 17},{12500, 7},{23079, 8},
{25273, 10},{12232, 4},{3781, 16},{7363, 7},{1685, 10},{1685, 10},{3781, 16},{17112, 17},{6310, 7},{12503, 7},
{17623, 8},{25273, 10},{12500, 7},{12232, 4},{14305, 7},{25273, 10},{16395, 17},{12232, 4},{12503, 7},{3781, 16},
{19927, 7},{17624, 8},{5023, 1},{12232, 4},{19927, 7},{11774, 7},{3781, 16},{25273, 10},{5530, 7},{27, 17},
{17621, 8},{14309, 7},{18542, 7},{14310, 7},{25273, 10},{17622, 8},{5529, 7},{12232, 4},{7380, 17},{3781, 16},
{8145, 1},{3781, 16},{5531, 7},{17619, 8},{12232, 4},{6310, 7},{7365, 7},{6158, 17},{25273, 10},{184, 8},
{25273, 10},{3781, 16},{5524, 7},{12232, 4},{5529, 7},{12509, 7},{3681, 17},{7365, 7},{25273, 10},{17610, 7},
{5533, 7},{3781, 16},{12232, 4},{11781, 7},{178, 8},{3669, 17},{17618, 8},{25273, 10},{5529, 7},{7475, 7},
{20457, 17},{12232, 4},{3781, 16},{14307, 7},{17627, 8},{3781, 16},{25273, 10},{5524, 7},{21547, 17},{12232, 4},
{19924, 7},{7367, 7},{17628, 8},{12232, 4},{25273, 10},{5529, 7},{2393, 17},{3781, 16},{19954, 4},{1738, 7},
{1741, 7},{1742, 7},{16188, 17},{25273, 10},{3781, 16},{18553, 8},{18552, 8},{12058, 7},{1735, 7},{8076, 7},
{2934, 17},{25273, 10},{19954, 4},{3781, 16},{5129, 7},{3781, 16},{18544, 8},{25273, 10},{3146, 17},{19954, 4},
{25606, 7},{1744, 7},{9433, 17},{18543, 8},{12060, 7},{1745, 7},{25273, 10},{19954, 4},{25615, 7},{3781, 16},
{1741, 7},{11706, 17},{12062, 7},{18546, 8},{5129, 7},{25273, 10},{25606, 7},{19954, 4},{3781, 16},{8080, 7},
{18545, 8},{8070, 7},{25610, 7},{1740, 7},{25273, 10},{3781, 16},{1882, 17},{19954, 4},{5135, 7},{313, 17},
{8071, 7},{5138, 7},{19954, 4},{25273, 10},{3781, 16},{18548, 8},{3781, 16},{18547, 8},{19954, 4},{8079, 7},
{12657, 1},{17131, 17},{1743, 7},{1740, 7},{8072, 7},{25273, 10},{10916, 17},{25611, 7},{5495, 8},{3781, 16},
{8075, 7},{5129, 7},{12065, 7},{19954, 4},{25273, 10},{3781, 16},{18549, 8},{25273, 10},{12064, 7},{12060, 7},
{9048, 17},{8080, 7},{19954, 4},{1685, 10},{16344, 8},{1945, 7},{10073, 3},{7672, 10},{3781, 16},{12253, 4},
{2627, 1},{15619, 17},{7112, 15},{9703, 15},{13314, 15},{13315, 15},{4424, 10},{23059, 15},{404, 15},{13013, 8},
{4424, 10},{403, 15},{13020, 8},{23059, 15},{13019, 8},{396, 15},{4424, 10},{23059, 15},{13018, 8},{14479, 15},
{23059, 15},{4424, 10},{13017, 8},{4424, 10},{23059, 15},{25273, 10},{26019, 7},{3781, 16},{7150, 7},{13149, 1},
{22157, 17},{18198, 8},{1530, 4},{25427, 7},{7672, 10},{24123, 17},{23313, 3},{26339, 0},{1143, 4},{1223, 10},
{7583, 8},{3781, 16},{2462, 1},{26016, 7},{25273, 10},{6328, 17},{3781, 16},{12333, 1},{18197, 8},{21772, 7},
{1530, 4},{3781, 16},{17714, 17},{23665, 10},{6916, 3},{7672, 10},{8327, 7},{9555, 1},{5695, 7},{1143, 4},
{7577, 8},{22455, 3},{25419, 7},{1143, 4},{18680, 7},{23665, 10},{3781, 16},{7672, 10},{15319, 17},{9557, 1},
{7576, 8},{1143, 4},{7672, 10},{3781, 16},{7579, 8},{24201, 3},{23440, 17},{12652, 7},{20716, 1},{23665, 10},
{19590, 17},{9558, 1},{7578, 8},{14106, 3},{3781, 16},{12643, 7},{2489, 7},{1143, 4},{7672, 10},{6937, 17},
{7573, 8},{1143, 4},{5694, 7},{7672, 10},{3781, 16},{8429, 3},{1223, 10},{7013, 0},{2466, 1},{9510, 8},
{2473, 10},{20715, 1},{3781, 16},{16106, 17},{7672, 10},{4616, 3},{5693, 7},{1143, 4},{23665, 10},{7575, 8},
{25420, 7},{2489, 7},{14839, 17},{5701, 7},{1143, 4},{7574, 8},{3781, 16},{22659, 3},{7672, 10},{7006, 0},
{1223, 10},{2464, 1},{5693, 7},{2473, 10},{24246, 8},{4012, 8},{2473, 10},{2473, 10},{24255, 8},{2473, 10},
{24256, 8},{2473, 10},{24253, 8},{24254, 8},{2473, 10},{24251, 8},{2473, 10},{2473, 10},{24252, 8},{2473, 10},
{24249, 8},{9511, 8},{2473, 10},{2473, 10},{9514, 8},{12522, 15},{15686, 8},{4424, 10},{1530, 4},{5811, 8},
{26023, 7},{9566, 7},{3781, 16},{19665, 17},{25273, 10},{26018, 7},{16196, 8},{19295, 7},{25273, 10},{1148, 17},
{3781, 16},{1530, 4},{23665, 10},{7672, 10},{23397, 3},{3781, 16},{7572, 8},{211, 17},{19529, 1},{15739, 7},
{23441, 4},{16414, 17},{7575, 8},{26003, 1},{21685, 3},{3781, 16},{693, 7},{23441, 4},{7672, 10},{13462, 8},
{3781, 16},{23975, 4},{16259, 7},{19977, 17},{25273, 10},{535, 7},{537, 7},{326, 17},{1223, 10},{22104, 3},
{23252, 7},{23441, 4},{23937, 1},{696, 7},{3781, 16},{23251, 7},{7574, 8},{7672, 10},{11116, 0},{19582, 7},
{25273, 10},{19594, 17},{3781, 16},{6751, 8},{1143, 4},{5840, 7},{3318, 7},{6750, 8},{25273, 10},{3781, 16},
{19578, 7},{26339, 7},{1143, 4},{13041, 17},{19627, 8},{25273, 10},{8691, 7},{3781, 16},{16257, 7},{16265, 7},
{12568, 17},{23975, 4},{3319, 7},{3781, 16},{10095, 7},{14823, 17},{10088, 7},{6746, 8},{25273, 10},{1143, 4},
{26343, 7},{542, 7},{8365, 1},{3781, 16},{19754, 17},{19629, 8},{23975, 4},{541, 7},{25273, 10},{6748, 8},
{26343, 7},{25273, 10},{3866, 17},{1143, 4},{3317, 7},{3781, 16},{22325, 17},{20238, 7},{11819, 8},{20235, 7},
{3781, 16},{25273, 10},{7156, 7},{23975, 4},{25273, 10},{6742, 8},{3316, 7},{7007, 7},{3781, 16},{1143, 4},
{5306, 17},{5849, 7},{10100, 7},{6745, 8},{20468, 17},{7003, 7},{1143, 4},{3781, 16},{25273, 10},{3319, 7},
{5846, 7},{19583, 7},{26340, 7},{26338, 7},{14620, 8},{5847, 7},{3781, 16},{8646, 17},{1143, 4},{25273, 10},
{5680, 7},{17997, 3},{22273, 8},{7672, 10},{23487, 17},{3781, 16},{12232, 4},{9303, 7},{9299, 7},{5017, 1},
{23665, 10},{5686, 7},{8153, 1},{1733, 8},{25404, 7},{21801, 17},{18263, 3},{3781, 16},{12232, 4},{7672, 10},
{5676, 7},{11921, 7},{3781, 16},{1730, 8},{19355, 1},{17460, 3},{19789, 17},{12232, 4},{18658, 7},{7672, 10},
{23665, 10},{5018, 1},{6790, 17},{20977, 3},{22272, 8},{18659, 7},{7672, 10},{12232, 4},{4997, 7},{25399, 7},
{3781, 16},{7672, 10},{12232, 4},{18657, 7},{9305, 7},{11917, 7},{5024, 1},{20992, 3},{11022, 17},{22269, 8},
{3781, 16},{3781, 16},{8146, 1},{21333, 17},{12232, 4},{6238, 3},{7672, 10},{9306, 7},{22270, 8},{11934, 17},
{7672, 10},{5017, 1},{12232, 4},{5682, 7},{23049, 3},{22267, 8},{11916, 7},{3781, 16},{7672, 10},{5680, 7},
{1727, 8},{19356, 1},{1218, 17},{12232, 4},{3043, 3},{3781, 16},{18654, 7},{7672, 10},{19985, 17},{3781, 16},
{22275, 8},{25410, 7},{1816, 3},{5021, 1},{12232, 4},{12232, 4},{7672, 10},{18661, 7},{8146, 1},{22276, 8},
{3781, 16},{22542, 3},{8264, 17},{11920, 7},{9458, 15},{9434, 8},{4424, 10},{1685, 10},{4245, 17},{8687, 7},
{7613, 8},{541, 7},{23975, 4},{3781, 16},{25273, 10},{5435, 7},{225, 17},{8204, 4},{19605, 7},{3781, 16},
{10755, 8},{25137, 7},{25273, 10},{17539, 17},{8204, 4},{10754, 8},{25273, 10},{25133, 7},{25134, 7},{3781, 16},
{23075, 8},{6510, 17},{14174, 7},{12253, 4},{25273, 10},{2755, 7},{3781, 16},{2757, 7},{7246, 7},{3781, 16},
{3270, 7},{23076, 8},{25273, 10},{19851, 7},{22333, 1},{2045, 17},{12253, 4},{1685, 10},{25273, 10},{22392, 7},
{5875, 17},{12253, 4},{3781, 16},{12338, 8},{16285, 7},{12253, 4},{3277, 7},{14183, 7},{14177, 7},{14174, 7},
{25273, 10},{12223, 17},{23079, 8},{3781, 16},{25273, 10},{14184, 7},{3781, 16},{12253, 4},{23080, 8},{8924, 17},
{2763, 7},{22327, 1},{1685, 10},{8204, 4},{5435, 7},{10748, 8},{25273, 10},{3781, 16},{23901, 17},{5428, 7},
{10127, 7},{25273, 10},{3781, 16},{17366, 17},{10751, 8},{8204, 4},{23519, 7},{25273, 10},{23528, 7},{19613, 7},
{3781, 16},{8204, 4},{10750, 8},{13437, 1},{17361, 17},{5219, 17},{25132, 7},{25273, 10},{3781, 16},{5428, 7},
{25137, 7},{10745, 8},{11746, 7},{8204, 4},{5435, 7},{10744, 8},{8204, 4},{19601, 7},{15937, 17},{25273, 10},
{25137, 7},{3781, 16},{8204, 4},{25273, 10},{16900, 7},{3781, 16},{10125, 7},{10747, 8},{10124, 7},{17062, 17},
{3781, 16},{10746, 8},{10125, 7},{25273, 10},{19613, 7},{23113, 17},{8204, 4},{10126, 7},{13175, 4},{21047, 17},
{25262, 7},{22797, 7},{20653, 7},{18781, 1},{25273, 10},{3781, 16},{22795, 7},{10268, 8},{18529, 7},{3781, 16},
{10269, 8},{18521, 7},{21717, 17},{13175, 4},{25273, 10},{18524, 7},{9342, 1},{25273, 10},{10266, 8},{3781, 16},
{22792, 7},{13175, 4},{17573, 7},{22435, 17},{22797, 7},{24363, 15},{4424, 10},{13017, 8},{25273, 10},{20653, 7},
{17573, 7},{10272, 8},{25265, 7},{9141, 1},{3781, 16},{24616, 17},{11761, 7},{13175, 4},{4424, 10},{13015, 8},
{14479, 15},{24363, 15},{24363, 15},{4424, 10},{13014, 8},{13013, 8},{4424, 10},{24363, 15},{11761, 7},{13175, 4},
{18524, 7},{3781, 16},{18522, 7},{25256, 7},{10274, 8},{1272, 17},{25273, 10},{18521, 7},{21206, 17},{13175, 4},
{3781, 16},{10275, 8},{20653, 7},{25273, 10},{22802, 7},{1685, 10},{6690, 8},{899, 15},{4424, 10},{4424, 10},
{6692, 8},{899, 15},{18762, 8},{899, 15},{4424, 10},{19517, 15},{18763, 8},{899, 15},{4424, 10},{26233, 15},
{4424, 10},{9434, 8},{22943, 15},{899, 15},{22945, 15},{4424, 10},{899, 15},{15686, 8},{18766, 8},{3645, 15},
{4424, 10},{899, 15},{899, 15},{4365, 15},{18767, 8},{4424, 10},{4424, 10},{18764, 8},{899, 15},{24039, 15},
{4424, 10},{18765, 8},{899, 15},{1685, 10},{1685, 10},{2473, 10},{9510, 8},{4705, 7},{25314, 4},{3781, 16},
{913, 8},{22302, 7},{23031, 17},{8134, 7},{8126, 7},{25273, 10},{25126, 10},{26313, 8},{22300, 7},{25314, 4},
{25273, 10},{12005, 17},{3781, 16},{911, 8},{16149, 7},{16011, 17},{910, 8},{3781, 16},{25314, 4},{8133, 7},
{16141, 7},{25273, 10},{8132, 7},{16143, 7},{3781, 16},{3159, 1},{25273, 10},{16142, 7},{8132, 7},{917, 8},
{24388, 7},{25314, 4},{7670, 17},{25314, 4},{4713, 7},{8132, 7},{1904, 7},{25273, 10},{916, 8},{8280, 17},
{8134, 7},{3781, 16},{25314, 4},{3781, 16},{5397, 8},{12613, 17},{25273, 10},{8127, 7},{16150, 7},{8132, 7},
{11643, 17},{25314, 4},{1904, 7},{914, 8},{4711, 7},{3781, 16},{25273, 10},{8131, 7},{16143, 7},{17343, 8},
{25126, 10},{25608, 8},{25126, 10},{25126, 10},{1052, 8},{25126, 10},{20795, 8},{25126, 10},{25621, 8},{25623, 8},
{25126, 10},{25626, 8},{25126, 10},{25126, 10},{17453, 8},{4424, 10},{864, 15},{13018, 8},{864, 15},{24502, 15},
{4424, 10},{13017, 8},{1685, 10},{15362, 10},{23975, 14},{18764, 8},{12264, 15},{4424, 10},{19139, 15},{21584, 15},
{18765, 8},{4424, 10},{14053, 15},{19139, 15},{4424, 10},{19139, 15},{18766, 8},{5280, 15},{10845, 15},{13018, 8},
{4424, 10},{4424, 10},{19139, 15},{9434, 8},{19139, 15},{15686, 8},{4424, 10},{9962, 15},{18762, 8},{19139, 15},
{4424, 10},{19139, 15},{4424, 10},{18763, 8},{6690, 8},{19139, 15},{4424, 10},{6692, 8},{4424, 10},{19139, 15},
{4424, 10},{10845, 15},{13016, 8},{13016, 8},{1448, 15},{4424, 10},{20088, 7},{3781, 16},{15066, 4},{17710, 8},
{15854, 7},{25273, 10},{22644, 7},{21226, 7},{1948, 17},{2473, 10},{2770, 8},{2771, 8},{2473, 10},{2473, 10},
{2772, 8},{2473, 10},{2773, 8},{2473, 10},{2774, 8},{1685, 10},{5784, 1},{20130, 7},{1149, 3},{9077, 17},
{19183, 8},{5957, 7},{3781, 16},{22665, 7},{15272, 4},{7672, 10},{8705, 17},{17258, 1},{4532, 8},{18316, 7},
{7672, 10},{13082, 3},{15272, 4},{3781, 16},{9463, 8},{15272, 4},{7672, 10},{15478, 7},{1449, 1},{22663, 7},
{24358, 3},{1223, 10},{19979, 17},{20131, 7},{3781, 16},{17354, 0},{1446, 1},{7672, 10},{20321, 3},{20260, 8},
{3781, 16},{15272, 4},{22666, 7},{17789, 17},{18322, 7},{22667, 7},{9461, 8},{7672, 10},{3781, 16},{15272, 4},
{1449, 1},{22664, 7},{20735, 17},{21404, 3},{22667, 7},{23665, 10},{1448, 1},{3781, 16},{7672, 10},{5672, 3},
{22722, 7},{15272, 4},{9042, 17},{22669, 7},{19138, 8},{7672, 10},{9767, 8},{11939, 17},{3773, 0},{9776, 7},
{16068, 3},{899, 1},{1223, 10},{3781, 16},{15272, 4},{3013, 7},{5957, 7},{10075, 8},{24895, 17},{15272, 4},
{898, 1},{3722, 3},{23665, 10},{22784, 7},{7672, 10},{3781, 16},{18948, 3},{1445, 1},{15272, 4},{3781, 16},
{4492, 8},{7672, 10},{11685, 17},{22669, 7},{15272, 4},{7672, 10},{13750, 7},{18322, 7},{4494, 8},{18319, 7},
{16734, 3},{3781, 16},{23665, 10},{896, 1},{16501, 17},{1685, 10},{3781, 16},{18526, 7},{23745, 8},{25265, 7},
{13175, 4},{25273, 10},{18134, 17},{18784, 1},{13175, 4},{25265, 7},{25273, 10},{22800, 7},{23747, 8},{20658, 7},
{25767, 17},{3781, 16},{22801, 7},{11763, 7},{18525, 7},{13175, 4},{3781, 16},{11760, 7},{14745, 17},{3891, 8},
{25273, 10},{1832, 17},{13175, 4},{25273, 10},{3892, 8},{22792, 7},{25268, 7},{3781, 16},{25269, 7},{21068, 7},
{3889, 8},{22798, 7},{3781, 16},{16590, 17},{25273, 10},{13175, 4},{3890, 8},{13175, 4},{3781, 16},{11768, 7},
{22801, 7},{672, 17},{25273, 10},{18522, 7},{25269, 7},{18520, 7},{20749, 17},{13175, 4},{11762, 7},{23784, 8},
{21066, 7},{3781, 16},{25273, 10},{25273, 10},{13175, 4},{23785, 8},{23215, 17},{11768, 7},{11766, 7},{3781, 16},
{22799, 7},{22800, 7},{3893, 8},{3781, 16},{11768, 7},{21066, 7},{9138, 1},{25273, 10},{13175, 4},{5413, 17},
{25263, 7},{13175, 4},{25273, 10},{3894, 8},{17925, 17},{22170, 7},{3781, 16},{18528, 7},{21068, 7},{4424, 10},
{17288, 15},{18766, 8},{18812, 15},{2459, 15},{18762, 8},{4424, 10},{15714, 15},{18763, 8},{4424, 10},{2459, 15},
{2459, 15},{9434, 8},{4424, 10},{15720, 15},{20365, 15},{15686, 8},{15713, 15},{4424, 10},{2459, 15},{1623, 15},
{2459, 15},{18766, 8},{1622, 15},{4424, 10},{7353, 15},{2459, 15},{4424, 10},{18767, 8},{4424, 10},{18764, 8},
{2459, 15},{18765, 8},{4424, 10},{2459, 15},{3318, 7},{25273, 10},{3781, 16},{19586, 7},{22115, 17},{26341, 7},
{1143, 4},{23232, 8},{6690, 8},{2459, 15},{2114, 15},{4424, 10},{1685, 10},{1685, 10},{2807, 17},{1230, 3},
{7672, 10},{10576, 4},{20045, 7},{22911, 1},{24338, 8},{14420, 7},{3781, 16},{22912, 15},{13884, 15},{13013, 8},
{4424, 10},{24671, 15},{22912, 15},{23555, 15},{4424, 10},{13018, 8},{4424, 10},{13017, 8},{1696, 15},{22912, 15},
{11788, 15},{4424, 10},{22912, 15},{13020, 8},{1693, 15},{4424, 10},{22912, 15},{13019, 8},{9905, 15},{1685, 10},
{1685, 10},{9136, 15},{13014, 8},{4424, 10},{9136, 15},{13013, 8},{4424, 10},{22847, 15},{13020, 8},{9136, 15},
{4424, 10},{9136, 15},{4424, 10},{12729, 15},{13019, 8},{13018, 8},{9136, 15},{4424, 10},{13017, 8},{9136, 15},
{20314, 15},{4424, 10},{25240, 15},{1014, 15},{6692, 8},{4424, 10},{25240, 15},{6690, 8},{4424, 10},{18763, 8},
{4424, 10},{25240, 15},{18762, 8},{4424, 10},{25240, 15},{4424, 10},{15686, 8},{25240, 15},{7869, 15},{25240, 15},
{4424, 10},{9434, 8},{4424, 10},{25240, 15},{18767, 8},{1011, 15},{25240, 15},{4424, 10},{18766, 8},{25240, 15},
{4424, 10},{18765, 8},{18764, 8},{25240, 15},{4424, 10},{18762, 8},{11604, 15},{4424, 10},{2466, 15},{12132, 7},
{7672, 10},{3781, 16},{338, 17},{9073, 3},{26399, 7},{25028, 1},{23665, 10},{26393, 7},{24752, 4},{24340, 8},
{14701, 3},{25684, 7},{22810, 1},{14170, 8},{3781, 16},{5187, 17},{7672, 10},{24752, 4},{12136, 7},{7672, 10},
{6385, 1},{23665, 10},{5175, 7},{24752, 4},{25677, 7},{8884, 3},{3781, 16},{17759, 17},{24342, 8},{24341, 8},
{26171, 7},{24752, 4},{6380, 1},{1223, 10},{3781, 16},{18841, 17},{2908, 3},{5176, 7},{7672, 10},{14251, 0},
{24752, 4},{24336, 8},{7672, 10},{18875, 17},{22808, 1},{5169, 7},{25680, 7},{19839, 7},{3781, 16},{25766, 3},
{24828, 17},{3781, 16},{24335, 8},{23665, 10},{18933, 7},{24752, 4},{7672, 10},{4119, 1},{25548, 3},{12134, 7},
{3781, 16},{7014, 7},{22805, 1},{25308, 17},{24752, 4},{24338, 8},{22271, 3},{7672, 10},{6390, 1},{14779, 17},
{26401, 7},{1223, 10},{24752, 4},{4895, 3},{26396, 7},{18932, 7},{5108, 0},{24337, 8},{7672, 10},{3781, 16},
{9576, 17},{24752, 4},{6386, 1},{24345, 8},{26396, 7},{3781, 16},{3430, 3},{18926, 7},{25680, 7},{7672, 10},
{10053, 3},{4124, 1},{17991, 17},{3781, 16},{23665, 10},{24344, 8},{24752, 4},{7672, 10},{26398, 7},{4830, 8},
{2473, 10},{24703, 17},{5178, 7},{7672, 10},{13645, 8},{3781, 16},{24752, 4},{12132, 7},{6381, 1},{19904, 3},
{26395, 7},{22807, 1},{3922, 3},{6292, 17},{13643, 8},{7672, 10},{3781, 16},{24752, 4},{2473, 10},{9510, 8},
{9511, 8},{2473, 10},{3781, 16},{26392, 7},{6388, 1},{5176, 7},{25683, 7},{9804, 3},{7672, 10},{493, 17},
{13632, 8},{24752, 4},{9513, 8},{2473, 10},{9514, 8},{2473, 10},{2473, 10},{9505, 8},{9506, 8},{2473, 10},
{7672, 10},{26397, 7},{7758, 3},{23665, 10},{2664, 17},{15455, 8},{22810, 1},{24752, 4},{3781, 16},{1166, 3},
{3781, 16},{15454, 8},{25598, 17},{22806, 1},{7672, 10},{26394, 7},{24752, 4},{1685, 10},{4424, 10},{13013, 8},
{5023, 15},{5023, 15},{7410, 15},{13014, 8},{4424, 10},{5023, 15},{4424, 10},{13015, 8},{4424, 10},{13017, 8},
{5023, 15},{4424, 10},{13018, 8},{5023, 15},{7408, 15},{4424, 10},{13019, 8},{5023, 15},{7402, 15},{4424, 10},
{5023, 15},{13020, 8},{15511, 15},{20521, 8},{20714, 1},{1143, 4},{26338, 7},{3781, 16},{25273, 10},{7002, 7},
{8657, 17},{10089, 7},{23975, 4},{7612, 8},{7156, 7},{8688, 7},{8364, 1},{25273, 10},{8691, 7},{3781, 16},
{25101, 17},{12084, 17},{7162, 7},{3781, 16},{540, 7},{25273, 10},{23975, 4},{3894, 8},{16259, 7},{1685, 10},
{11822, 17},{3781, 16},{26341, 7},{19586, 7},{5841, 7},{20522, 8},{7005, 7},{25273, 10},{1143, 4},{20718, 1},
{20252, 17},{25273, 10},{3781, 16},{7163, 7},{7609, 8},{23975, 4},{7158, 7},{20238, 7},{10967, 17},{20242, 7},
{3781, 16},{544, 7},{23975, 4},{3891, 8},{25273, 10},{22650, 7},{15388, 17},{25273, 10},{14868, 7},{3781, 16},
{907, 8},{402, 7},{15066, 4},{5370, 8},{8558, 7},{25273, 10},{15066, 4},{4988, 17},{3781, 16},{15854, 7},
{3781, 16},{3318, 7},{17327, 8},{5872, 17},{25273, 10},{7013, 7},{26346, 7},{1143, 4},{14851, 7},{20085, 7},
{25273, 10},{912, 8},{3781, 16},{4438, 17},{15066, 4},{401, 7},{8559, 7},{7817, 7},{25273, 10},{22647, 7},
{8558, 7},{19764, 17},{22644, 7},{15066, 4},{913, 8},{3781, 16},{5088, 17},{910, 8},{15066, 4},{25273, 10},
{8556, 7},{8560, 7},{3781, 16},{7819, 7},{25273, 10},{911, 8},{2640, 7},{8682, 17},{8561, 7},{11442, 1},
{3781, 16},{14856, 7},{15066, 4},{25273, 10},{15066, 4},{22629, 17},{916, 8},{15855, 7},{8562, 7},{22647, 7},
{3781, 16},{9039, 17},{917, 8},{15066, 4},{3781, 16},{22653, 7},{22644, 7},{7817, 7},{25273, 10},{15854, 7},
{914, 8},{2661, 7},{15066, 4},{25273, 10},{8559, 7},{21088, 17},{3781, 16},{8725, 17},{22651, 7},{15066, 4},
{11442, 1},{5397, 8},{8559, 7},{25273, 10},{3781, 16},{8558, 7},{8204, 14},{15362, 10},{15362, 10},{8204, 14},
{8204, 14},{15362, 10},{8204, 14},{15362, 10},{15362, 10},{8204, 14},{8204, 14},{15362, 10},{15362, 10},{8204, 14},
{8204, 14},{15362, 10},{15362, 10},{8204, 14},{8204, 14},{15362, 10},{14983, 17},{7692, 7},{3781, 16},{26438, 8},
{25173, 7},{25273, 10},{7691, 7},{10576, 4},{5452, 7},{19680, 8},{10673, 7},{12430, 7},{25172, 7},{3781, 16},
{17029, 17},{10576, 4},{25273, 10},{5451, 7},{10673, 7},{26440, 8},{10576, 4},{3781, 16},{12426, 7},{6967, 17},
{25273, 10},{12428, 7},{10576, 4},{3781, 16},{25273, 10},{26441, 8},{11624, 17},{8286, 7},{25168, 7},{12425, 7},
{6289, 17},{5450, 7},{1059, 8},{10664, 7},{10576, 4},{25273, 10},{12430, 7},{12434, 7},{4134, 1},{3781, 16},
{25273, 10},{4829, 17},{12900, 7},{7692, 7},{10576, 4},{1375, 8},{3781, 16},{17301, 8},{3781, 16},{1847, 17},
{12429, 7},{25273, 10},{10576, 4},{7688, 7},{10576, 4},{19756, 8},{25273, 10},{10774, 17},{3781, 16},{12428, 7},
{14661, 7},{5451, 7},{7694, 7},{25273, 10},{25026, 17},{10576, 4},{3781, 16},{20593, 7},{17710, 8},{10576, 4},
{3781, 16},{25273, 10},{8286, 7},{19813, 8},{25123, 1},{7694, 7},{10640, 7},{5783, 17},{1685, 10},{15465, 8},
{3772, 7},{12976, 17},{3781, 16},{15272, 4},{10551, 7},{20561, 7},{25273, 10},{3773, 7},{3781, 16},{17353, 7},
{25273, 10},{6165, 8},{2737, 17},{20616, 7},{15272, 4},{15463, 8},{10550, 7},{20610, 7},{20937, 17},{16451, 7},
{25273, 10},{3781, 16},{15272, 4},{23460, 7},{15272, 4},{15464, 8},{3781, 16},{7472, 17},{16456, 7},{3774, 7},
{25273, 10},{10854, 7},{1685, 10},{3781, 16},{15272, 4},{5367, 17},{15470, 8},{16451, 7},{3770, 7},{25273, 10},
{21281, 17},{15467, 8},{10840, 7},{3773, 7},{25273, 10},{15272, 4},{3781, 16},{3766, 7},{10549, 7},{20623, 7},
{15272, 4},{3774, 7},{25273, 10},{15468, 8},{10840, 7},{18504, 17},{3781, 16},{15686, 8},{22261, 15},{4424, 10},
{20398, 15},{3781, 16},{15460, 8},{23459, 7},{15272, 4},{25273, 10},{3773, 7},{21842, 17},{23463, 7},{17260, 1},
{17357, 7},{20671, 17},{15272, 4},{25273, 10},{10551, 7},{3781, 16},{13689, 8},{16449, 7},{22332, 15},{8679, 15},
{18763, 8},{4424, 10},{4424, 10},{19072, 15},{22332, 15},{18349, 15},{18764, 8},{1685, 10},{4424, 10},{22332, 15},
{18765, 8},{20398, 15},{4424, 10},{18765, 8},{18767, 8},{4424, 10},{22332, 15},{1685, 10},{5073, 17},{10576, 4},
{7090, 1},{25273, 10},{12424, 7},{20592, 7},{3781, 16},{17627, 8},{7693, 7},{10664, 7},{7691, 7},{17628, 8},
{25273, 10},{10576, 4},{12424, 7},{3781, 16},{6511, 17},{25168, 7},{3781, 16},{25273, 10},{10576, 4},{3314, 17},
{5455, 7},{17621, 8},{10664, 7},{10576, 4},{4768, 17},{25273, 10},{12900, 7},{3781, 16},{17622, 8},{7688, 7},
{25273, 10},{10576, 4},{7692, 7},{7688, 7},{17623, 8},{5450, 7},{9160, 17},{3781, 16},{25171, 7},{3781, 16},
{12427, 7},{25273, 10},{17624, 8},{10576, 4},{12426, 7},{25168, 7},{3120, 17},{14091, 17},{12424, 7},{25273, 10},
{10576, 4},{14659, 7},{3781, 16},{7692, 7},{178, 8},{14660, 7},{12425, 7},{10576, 4},{22910, 1},{25273, 10},
{12916, 7},{5453, 7},{3781, 16},{17618, 8},{5455, 7},{929, 17},{12424, 7},{17619, 8},{10576, 4},{25273, 10},
{7685, 7},{18796, 17},{3781, 16},{6757, 17},{10576, 4},{12431, 7},{12435, 7},{25273, 10},{20593, 7},{3781, 16},
{184, 8},{8120, 17},{25273, 10},{5428, 7},{10124, 7},{8204, 4},{3781, 16},{22821, 8},{23527, 7},{10127, 7},
{25273, 10},{8204, 4},{19604, 7},{22818, 8},{23526, 7},{3781, 16},{3303, 17},{3781, 16},{8970, 7},{23527, 7},
{22815, 8},{25273, 10},{25338, 17},{11746, 7},{8204, 4},{16905, 7},{19606, 7},{23527, 7},{10772, 8},{25134, 7},
{20683, 17},{3781, 16},{25273, 10},{8204, 4},{3781, 16},{10120, 7},{10123, 7},{25273, 10},{16902, 7},{10763, 8},
{16004, 17},{5434, 7},{8204, 4},{13438, 1},{16907, 7},{10743, 8},{25130, 7},{8204, 4},{5430, 7},{25273, 10},
{7497, 17},{16898, 7},{3781, 16},{8204, 4},{1267, 17},{16897, 7},{25273, 10},{25133, 7},{10731, 8},{25134, 7},
{3781, 16},{8204, 4},{14565, 17},{25273, 10},{10711, 8},{19601, 7},{23523, 7},{19605, 7},{3781, 16},{3781, 16},
{19613, 7},{8204, 4},{21410, 8},{25273, 10},{5430, 7},{23526, 7},{11460, 17},{19606, 7},{25273, 10},{21198, 17},
{25130, 7},{3781, 16},{16905, 7},{21409, 8},{16903, 7},{8204, 4},{18766, 8},{19719, 15},{4424, 10},{19719, 15},
{18767, 8},{4424, 10},{6216, 8},{2473, 10},{2473, 10},{6217, 8},{2473, 10},{6214, 8},{6215, 8},{2473, 10},
{18527, 7},{3781, 16},{21300, 17},{15460, 8},{18783, 1},{25273, 10},{11767, 7},{11764, 7},{13175, 4},{6213, 8},
{2473, 10},{22797, 7},{3781, 16},{15465, 8},{16323, 17},{18527, 7},{25273, 10},{9142, 1},{13175, 4},{11760, 7},
{11763, 7},{25273, 10},{22801, 7},{6165, 8},{13175, 4},{18526, 7},{9766, 17},{25265, 7},{3781, 16},{25267, 7},
{3781, 16},{13175, 4},{25273, 10},{11080, 17},{11769, 7},{15463, 8},{18525, 7},{25266, 7},{1215, 17},{3781, 16},
{11762, 7},{25273, 10},{21066, 7},{15464, 8},{13175, 4},{6220, 8},{2473, 10},{21483, 17},{25265, 7},{13175, 4},
{3781, 16},{15470, 8},{11768, 7},{25273, 10},{18792, 1},{21069, 7},{18520, 7},{15467, 8},{19832, 17},{3781, 16},
{13175, 4},{25273, 10},{25273, 10},{11763, 7},{6919, 17},{22792, 7},{18529, 7},{15468, 8},{3781, 16},{13175, 4},
{11762, 7},{22785, 8},{25126, 10},{25126, 10},{12662, 8},{25126, 10},{12665, 8},{12664, 8},{25126, 10},{25126, 10},
{12659, 8},{12658, 8},{25126, 10},{25126, 10},{22782, 8},{25126, 10},{12660, 8},{12655, 8},{25126, 10},{12654, 8},
{25126, 10},{2724, 8},{19954, 4},{15932, 17},{25273, 10},{12060, 7},{1739, 7},{3781, 16},{12061, 7},{6257, 17},
{3781, 16},{25273, 10},{25615, 7},{2723, 8},{19954, 4},{12058, 7},{2722, 8},{25610, 7},{3781, 16},{1742, 7},
{8961, 17},{25273, 10},{19954, 4},{1739, 7},{2721, 8},{19954, 4},{5138, 7},{3781, 16},{16847, 17},{25273, 10},
{12063, 7},{3781, 16},{12067, 7},{8076, 7},{25273, 10},{1741, 7},{12065, 7},{19954, 4},{4974, 17},{2728, 8},
{25273, 10},{2727, 8},{3781, 16},{19954, 4},{5135, 7},{8072, 7},{4627, 17},{5225, 1},{12513, 1},{19414, 17},
{3781, 16},{19954, 4},{2726, 8},{12067, 7},{8080, 7},{25273, 10},{5131, 7},{1739, 7},{25273, 10},{19954, 4},
{3781, 16},{3127, 17},{2725, 8},{5132, 7},{24822, 7},{8069, 7},{4174, 15},{14308, 15},{10177, 15},{19306, 15},
{4424, 10},{10959, 15},{21080, 15},{13019, 8},{25281, 15},{13020, 8},{14308, 15},{4424, 10},{17829, 15},{13017, 8},
{14308, 15},{18534, 15},{4424, 10},{14308, 15},{4424, 10},{13018, 8},{10845, 1},{25610, 7},{16626, 17},{12066, 7},
{3781, 16},{25273, 10},{19954, 4},{12061, 7},{2734, 8},{2733, 8},{5137, 7},{19954, 4},{3781, 16},{1736, 7},
{425, 17},{25273, 10},{10178, 15},{4424, 10},{19302, 15},{14308, 15},{13013, 8},{4424, 10},{13014, 8},{14308, 15},
{10576, 14},{15362, 10},{15362, 10},{10576, 14},{15362, 10},{10576, 14},{15362, 10},{10576, 14},{15362, 10},{10576, 14},
{10576, 14},{15362, 10},{10576, 14},{15362, 10},{10576, 14},{15362, 10},{10576, 14},{15362, 10},{15362, 10},{10576, 14},
{14514, 0},{5340, 7},{9126, 1},{14832, 3},{17612, 4},{11268, 17},{7672, 10},{1223, 10},{26325, 8},{3781, 16},
{7979, 17},{22508, 7},{25238, 1},{23665, 10},{13631, 8},{3781, 16},{7672, 10},{17612, 4},{24369, 3},{1223, 10},
{20546, 0},{23393, 7},{17612, 4},{25924, 7},{7672, 10},{25235, 1},{23392, 7},{17114, 17},{2533, 3},{13632, 8},
{3781, 16},{26363, 8},{17612, 4},{209, 17},{7672, 10},{19719, 1},{16543, 7},{5340, 7},{21148, 3},{3781, 16},
{6249, 7},{26370, 8},{25142, 17},{17612, 4},{3693, 7},{7672, 10},{3781, 16},{9128, 1},{26189, 3},{7672, 10},
{25235, 1},{13158, 7},{13643, 8},{6852, 0},{3781, 16},{3922, 3},{17612, 4},{16409, 17},{1223, 10},{21551, 3},
{25924, 7},{16543, 7},{7192, 1},{13645, 8},{7672, 10},{23393, 7},{3781, 16},{13873, 17},{17612, 4},{13647, 8},
{16546, 7},{23050, 3},{7672, 10},{16540, 7},{23665, 10},{19719, 1},{17612, 4},{24636, 17},{3781, 16},{6592, 7},
{23393, 7},{3781, 16},{6326, 3},{15454, 8},{9128, 1},{7672, 10},{16548, 7},{17612, 4},{24963, 17},{17612, 4},
{3781, 16},{23395, 7},{15455, 8},{16547, 7},{23222, 17},{7672, 10},{9130, 1},{13156, 7},{932, 3},{10847, 15},
{871, 15},{4424, 10},{10843, 15},{13017, 8},{8615, 15},{10841, 15},{10843, 15},{13018, 8},{4424, 10},{871, 15},
{4424, 10},{871, 15},{15481, 15},{13019, 8},{10843, 15},{871, 15},{4424, 10},{13020, 8},{4424, 10},{13013, 8},
{871, 15},{13014, 8},{4424, 10},{871, 15},{4424, 10},{9451, 15},{6690, 8},{21225, 15},{4424, 10},{6692, 8},
{21215, 15},{9451, 15},{4424, 10},{9451, 15},{8575, 15},{18766, 8},{4424, 10},{18767, 8},{9451, 15},{4424, 10},
{18764, 8},{9451, 15},{1538, 15},{18765, 8},{9451, 15},{4424, 10},{9451, 15},{18762, 8},{4424, 10},{4424, 10},
{18763, 8},{9451, 15},{4424, 10},{9451, 15},{9434, 8},{4424, 10},{9451, 15},{15686, 8},{3890, 8},{7142, 7},
{25273, 10},{13149, 1},{1530, 4},{8112, 17},{3781, 16},{5505, 7},{12482, 7},{25273, 10},{3889, 8},{25225, 7},
{26020, 7},{15457, 1},{1530, 4},{3781, 16},{24003, 17},{13162, 17},{26013, 7},{12330, 1},{25221, 7},{25222, 7},
{1530, 4},{3892, 8},{25273, 10},{3781, 16},{7149, 7},{3891, 8},{25273, 10},{12479, 7},{21772, 7},{26020, 7},
{26023, 7},{17523, 17},{3781, 16},{1530, 4},{3894, 8},{26013, 7},{5503, 7},{3781, 16},{17417, 17},{1530, 4},
{7143, 7},{25273, 10},{21655, 17},{25273, 10},{3893, 8},{1530, 4},{3781, 16},{7147, 7},{25220, 7},{23785, 8},
{1530, 4},{5506, 7},{25273, 10},{12626, 7},{19294, 7},{3781, 16},{7148, 7},{21299, 17},{1071, 17},{1530, 4},
{25273, 10},{7141, 7},{3781, 16},{7145, 7},{23784, 8},{7370, 7},{1530, 4},{23747, 8},{7142, 7},{12864, 17},
{25219, 7},{25273, 10},{3781, 16},{3781, 16},{26013, 7},{25273, 10},{1530, 4},{23745, 8},{12481, 7},{5509, 7},
{12701, 17},{23694, 17},{5105, 7},{24752, 4},{3781, 16},{14142, 8},{12023, 7},{25273, 10},{20088, 7},{15066, 4},
{25273, 10},{18546, 8},{2658, 7},{17719, 17},{14856, 7},{8562, 7},{3781, 16},{7190, 15},{18764, 8},{4424, 10},
{7190, 15},{18765, 8},{4424, 10},{11509, 15},{4424, 10},{18766, 8},{7190, 15},{4632, 15},{4968, 15},{11873, 15},
{4634, 15},{4424, 10},{7190, 15},{18767, 8},{4424, 10},{7190, 15},{9434, 8},{15686, 8},{4968, 15},{7190, 15},
{4424, 10},{4424, 10},{7190, 15},{18762, 8},{18763, 8},{4424, 10},{7190, 15},{6690, 8},{7190, 15},{4424, 10},
{4632, 15},{7190, 15},{6692, 8},{4424, 10},{25273, 10},{22644, 7},{8560, 7},{18548, 8},{15066, 4},{26337, 17},
{8556, 7},{3781, 16},{1685, 10},{3781, 16},{15066, 4},{8565, 7},{18553, 8},{15852, 7},{25273, 10},{12666, 17},
{1685, 10},{22098, 17},{14257, 7},{24752, 4},{25273, 10},{18954, 7},{5110, 7},{12023, 7},{3781, 16},{22285, 8},
{4116, 1},{13017, 8},{7277, 15},{725, 15},{4424, 10},{13018, 8},{4424, 10},{7277, 15},{14719, 15},{7277, 15},
{13019, 8},{4424, 10},{21101, 15},{7277, 15},{13020, 8},{4424, 10},{3044, 15},{4252, 15},{4424, 10},{7277, 15},
{13013, 8},{13014, 8},{7277, 15},{4424, 10},{4424, 10},{13015, 8},{7277, 15},{7277, 15},{13016, 8},{4424, 10},
{3090, 15},{7277, 15},{24884, 8},{4424, 10},{1685, 10},{22528, 17},{17612, 4},{14509, 7},{6721, 8},{3781, 16},
{25273, 10},{20548, 7},{17612, 4},{5890, 17},{3781, 16},{6849, 7},{25273, 10},{20546, 7},{14473, 8},{853, 7},
{25314, 2},{20168, 5},{9071, 17},{26432, 13},{4707, 9},{8283, 10},{19343, 9},{21167, 8},{3781, 16},{17071, 3},
{4706, 9},{15565, 12},{19344, 9},{25314, 2},{3547, 17},{19346, 9},{2163, 13},{16749, 3},{3781, 16},{21166, 8},
{16940, 12},{19345, 9},{8283, 10},{4705, 9},{4712, 9},{26090, 5},{21166, 8},{10193, 17},{4520, 3},{20157, 9},
{24474, 12},{1530, 2},{20165, 5},{3781, 16},{8283, 10},{9566, 9},{22072, 13},{18763, 8},{4424, 10},{8364, 15},
{21221, 15},{8364, 15},{4424, 10},{18762, 8},{4424, 10},{15686, 8},{13315, 15},{8364, 15},{8364, 15},{9434, 8},
{4424, 10},{395, 15},{4424, 10},{8364, 15},{18767, 8},{15843, 15},{18766, 8},{8364, 15},{4424, 10},{1685, 10},
{8575, 15},{8364, 15},{4424, 10},{13316, 15},{18764, 8},{14858, 15},{4424, 10},{6692, 8},{8364, 15},{8204, 4},
{11722, 7},{25130, 7},{22587, 8},{25273, 10},{14681, 1},{3781, 16},{1290, 17},{18763, 8},{22326, 15},{4424, 10},
{12657, 15},{20106, 15},{4424, 10},{13015, 8},{4424, 10},{12657, 15},{13014, 8},{4424, 10},{9761, 15},{12657, 15},
{13013, 8},{13020, 8},{17678, 15},{12657, 15},{4424, 10},{12657, 15},{4424, 10},{13019, 8},{12657, 15},{13018, 8},
{4424, 10},{8608, 15},{3947, 15},{13017, 8},{4424, 10},{12657, 15},{1685, 10},{16661, 8},{25273, 10},{5450, 7},
{3781, 16},{14850, 17},{10658, 7},{10576, 4},{5457, 7},{20592, 7},{6692, 8},{25238, 15},{4424, 10},{25238, 15},
{6690, 8},{12969, 15},{4424, 10},{4641, 15},{25238, 15},{15686, 8},{4424, 10},{9434, 8},{7870, 15},{4424, 10},
{25238, 15},{4424, 10},{18763, 8},{25238, 15},{1014, 15},{4424, 10},{18762, 8},{25238, 15},{18765, 8},{4424, 10},
{4474, 15},{25238, 15},{18764, 8},{4424, 10},{25238, 15},{4424, 10},{25238, 15},{18767, 8},{4465, 15},{4424, 10},
{25238, 15},{18766, 8},{19954, 4},{25609, 7},{3781, 16},{8075, 7},{12063, 7},{2550, 8},{25989, 17},{25273, 10},
{2549, 8},{2808, 17},{25273, 10},{25611, 7},{19954, 4},{3781, 16},{25609, 7},{5131, 7},{25273, 10},{19954, 4},
{2544, 8},{6043, 17},{5131, 7},{1738, 7},{10846, 1},{3781, 16},{12066, 7},{3781, 16},{23618, 17},{25273, 10},
{25605, 7},{25610, 7},{2543, 8},{12522, 1},{19954, 4},{1745, 7},{8076, 7},{8071, 7},{1735, 7},{19954, 4},
{15062, 17},{3781, 16},{5138, 7},{25273, 10},{2542, 8},{3781, 16},{12653, 1},{5134, 7},{12064, 7},{25273, 10},
{19954, 4},{1745, 7},{25143, 17},{2541, 8},{12067, 7},{24822, 7},{25273, 10},{26133, 17},{5129, 7},{22595, 8},
{8070, 7},{3781, 16},{19954, 4},{3781, 16},{6941, 17},{19954, 4},{2547, 8},{1742, 7},{8079, 7},{25273, 10},
{24822, 7},{25273, 10},{19954, 4},{2546, 8},{1742, 7},{5138, 7},{14139, 17},{3781, 16},{1740, 7},{8070, 7},
{12058, 7},{15896, 17},{2545, 8},{19954, 4},{25273, 10},{3781, 16},{25611, 7},{25612, 7},{3611, 8},{2473, 10},
{23176, 8},{2473, 10},{3781, 16},{16142, 7},{16150, 7},{18829, 17},{25314, 4},{25273, 10},{8133, 7},{13733, 8},
{1685, 10},{4424, 10},{12513, 15},{18764, 8},{23722, 15},{4424, 10},{18767, 8},{8610, 15},{8615, 15},{12513, 15},
{18766, 8},{4424, 10},{12513, 15},{636, 15},{23720, 15},{4424, 10},{6692, 8},{872, 15},{4424, 10},{872, 15},
{6690, 8},{872, 15},{4424, 10},{18763, 8},{15686, 8},{3010, 15},{12513, 15},{4424, 10},{15686, 8},{4424, 10},
{4047, 15},{872, 15},{9434, 8},{872, 15},{4424, 10},{8608, 15},{18767, 8},{20112, 15},{17670, 15},{872, 15},
{4424, 10},{18766, 8},{4424, 10},{872, 15},{16861, 15},{872, 15},{18765, 8},{4048, 15},{13350, 15},{4424, 10},
{13349, 15},{24382, 7},{25273, 10},{4712, 7},{13728, 8},{3781, 16},{16144, 7},{25314, 4},{24384, 7},{18346, 17},
{2473, 10},{9512, 8},{2473, 10},{9511, 8},{2473, 10},{9514, 8},{2473, 10},{9513, 8},{9508, 8},{2473, 10},
{24387, 7},{25314, 4},{25273, 10},{3781, 16},{13727, 8},{4710, 7},{6334, 17},{24382, 7},{9510, 8},{2473, 10},
{9509, 8},{2473, 10},{22300, 7},{3781, 16},{24382, 7},{25314, 4},{13726, 8},{25273, 10},{16145, 7},{11632, 17},
{24385, 7},{2473, 10},{9506, 8},{2473, 10},{9505, 8},{1685, 10},{1685, 10},{2473, 10},{6220, 8},{11411, 8},
{2473, 10},{2473, 10},{6216, 8},{6217, 8},{2473, 10},{11383, 8},{2473, 10},{6219, 8},{2473, 10},{6212, 8},
{2473, 10},{2473, 10},{6213, 8},{6214, 8},{2473, 10},{2473, 10},{6215, 8},{4424, 10},{26230, 15},{9434, 8},
{24396, 15},{18766, 8},{1429, 15},{4424, 10},{1685, 10},{1685, 10},{1685, 10},{13017, 8},{24396, 15},{26221, 15},
{23503, 15},{4424, 10},{3665, 8},{2473, 10},{3664, 8},{2473, 10},{2473, 10},{3660, 8},{3659, 8},{2473, 10},
{2473, 10},{3662, 8},{2473, 10},{3661, 8},{2473, 10},{3656, 8},{3655, 8},{2473, 10},{3658, 8},{2473, 10},
{2473, 10},{3657, 8},{4424, 10},{871, 15},{17674, 15},{18764, 8},{11921, 9},{11918, 9},{3864, 10},{17758, 13},
{2887, 17},{4730, 3},{3781, 16},{12232, 2},{5528, 9},{5527, 9},{21158, 12},{20168, 5},{13369, 8},{9995, 3},
{3864, 10},{8279, 12},{3781, 16},{13370, 8},{10697, 13},{5530, 9},{11919, 9},{5529, 9},{12232, 2},{2036, 5},
{20572, 17},{3781, 16},{18188, 5},{12232, 2},{15652, 17},{7475, 9},{5907, 13},{11916, 9},{3864, 10},{13378, 8},
{16, 12},{13484, 3},{3864, 10},{22598, 3},{5531, 9},{20425, 13},{2181, 12},{2031, 5},{12232, 2},{298, 17},
{11917, 9},{3781, 16},{13379, 8},{13376, 8},{12232, 2},{17132, 13},{3864, 10},{13164, 3},{16338, 12},{11914, 9},
{3781, 16},{18907, 17},{20162, 5},{12614, 9},{11920, 9},{11915, 9},{1660, 13},{3781, 16},{944, 8},{5533, 9},
{19180, 12},{12232, 2},{3864, 10},{12867, 3},{4411, 17},{24303, 5},{18657, 9},{18215, 13},{20191, 3},{3864, 10},
{18658, 9},{6293, 9},{6316, 9},{24288, 5},{3781, 16},{12232, 2},{22853, 12},{22087, 17},{13374, 8},{1685, 10},
{3815, 12},{3384, 17},{18655, 9},{3781, 16},{18654, 9},{12232, 2},{14307, 9},{6300, 9},{10914, 13},{3864, 10},
{12788, 3},{2038, 5},{13372, 8},{3781, 16},{3864, 10},{18663, 9},{14303, 9},{14302, 9},{12232, 2},{16734, 12},
{20047, 3},{2032, 5},{15622, 17},{15414, 13},{18664, 9},{13373, 8},{6692, 8},{4424, 10},{20717, 15},{6690, 8},
{4424, 10},{20717, 15},{15686, 8},{4424, 10},{20717, 15},{4424, 10},{20717, 15},{9434, 8},{2110, 15},{18763, 8},
{20717, 15},{4424, 10},{2115, 15},{4424, 10},{20717, 15},{22475, 15},{3219, 15},{18762, 8},{20717, 15},{2116, 15},
{4424, 10},{18765, 8},{11607, 15},{20717, 15},{18764, 8},{4424, 10},{4424, 10},{20717, 15},{18767, 8},{20717, 15},
{4424, 10},{18766, 8},{22137, 17},{20593, 7},{10576, 4},{10664, 7},{8960, 8},{25273, 10},{3781, 16},{14661, 7},
{3781, 16},{25273, 10},{10576, 4},{10271, 8},{12434, 7},{25172, 7},{22139, 17},{10827, 17},{10272, 8},{12427, 7},
{25121, 1},{25273, 10},{10576, 4},{3781, 16},{5460, 7},{17612, 4},{25273, 10},{18213, 17},{4546, 1},{8108, 7},
{3781, 16},{10763, 8},{857, 7},{6853, 7},{14509, 7},{20550, 7},{20553, 7},{10772, 8},{25273, 10},{17612, 4},
{25239, 1},{8103, 7},{3781, 16},{21652, 17},{25273, 10},{3781, 16},{14511, 7},{17612, 4},{22815, 8},{20549, 7},
{5813, 17},{3781, 16},{13365, 17},{14514, 7},{25273, 10},{17612, 4},{6853, 7},{22818, 8},{8099, 7},{853, 7},
{25273, 10},{17612, 4},{14510, 7},{3781, 16},{22821, 8},{2109, 17},{20546, 7},{3781, 16},{859, 7},{14510, 7},
{14515, 7},{25273, 10},{21409, 8},{7993, 17},{17612, 4},{25273, 10},{10275, 8},{3781, 16},{24601, 17},{25172, 7},
{10576, 4},{20597, 7},{1685, 10},{1685, 10},{4424, 10},{18763, 8},{7977, 15},{7540, 7},{3781, 16},{25273, 10},
{17612, 4},{858, 7},{8106, 7},{24733, 17},{25239, 1},{1774, 8},{17612, 4},{25273, 10},{22278, 8},{6856, 7},
{14474, 17},{3781, 16},{6858, 7},{14506, 7},{6855, 7},{7977, 15},{4424, 10},{4169, 15},{18762, 8},{25273, 10},
{6850, 7},{7539, 7},{22289, 8},{20547, 7},{20545, 7},{3781, 16},{21087, 17},{17612, 4},{22290, 8},{6850, 7},
{20554, 7},{6855, 7},{15341, 17},{25273, 10},{3781, 16},{17612, 4},{3781, 16},{25273, 10},{17612, 4},{20547, 7},
{22291, 8},{862, 7},{6458, 17},{859, 7},{20550, 7},{20553, 7},{25273, 10},{858, 7},{20550, 7},{8108, 7},
{9131, 1},{6295, 17},{22292, 8},{3781, 16},{17612, 4},{25273, 10},{855, 7},{873, 17},{22285, 8},{3781, 16},
{14509, 7},{7540, 7},{859, 7},{9469, 1},{17612, 4},{4424, 10},{15686, 8},{13503, 15},{25273, 10},{7015, 17},
{17612, 4},{20554, 7},{22287, 8},{3781, 16},{14511, 7},{14509, 7},{8108, 7},{7540, 7},{8104, 7},{3781, 16},
{25273, 10},{6855, 7},{16019, 17},{1808, 8},{6853, 7},{17612, 4},{13503, 15},{19289, 15},{9434, 8},{4424, 10},
{1828, 10},{1671, 8},{7293, 14},{4424, 10},{18767, 8},{19297, 15},{7977, 15},{4424, 10},{7977, 15},{18766, 8},
{9129, 15},{18764, 8},{4424, 10},{18612, 15},{18765, 8},{4424, 10},{13503, 15},{16990, 15},{7382, 15},{13503, 15},
{18764, 8},{674, 15},{4424, 10},{15856, 7},{3781, 16},{15066, 4},{23784, 8},{15859, 7},{25273, 10},{25691, 17},
{1650, 17},{2642, 7},{7817, 7},{15066, 4},{22644, 7},{15855, 7},{23785, 8},{25273, 10},{3781, 16},{582, 17},
{25273, 10},{2656, 7},{3893, 8},{3781, 16},{15066, 4},{22646, 7},{15854, 7},{8561, 7},{3781, 16},{15066, 4},
{2642, 7},{16529, 17},{14856, 7},{25273, 10},{14851, 7},{3894, 8},{15856, 7},{3781, 16},{11442, 1},{15066, 4},
{7001, 17},{22646, 7},{25273, 10},{3891, 8},{8563, 7},{7817, 7},{3781, 16},{11044, 17},{15852, 7},{2661, 7},
{3892, 8},{15066, 4},{15861, 7},{25273, 10},{3781, 16},{3889, 8},{15857, 7},{15066, 4},{25273, 10},{20088, 7},
{3300, 17},{7819, 7},{15066, 4},{8563, 7},{25273, 10},{5797, 17},{3781, 16},{22649, 7},{3890, 8},{1685, 10},
{20088, 7},{3781, 16},{19225, 17},{15066, 4},{21249, 7},{15853, 7},{23745, 8},{3840, 7},{25273, 10},{15066, 4},
{15857, 7},{23747, 8},{7641, 17},{3781, 16},{7818, 7},{2642, 7},{25273, 10},{6212, 8},{2473, 10},{2473, 10},
{3660, 8},{4424, 10},{6690, 8},{13503, 15},{1685, 10},{1685, 10},{5023, 15},{18763, 8},{4424, 10},{5023, 15},
{4424, 10},{18764, 8},{24491, 15},{6692, 8},{26001, 15},{4424, 10},{26001, 15},{4424, 10},{6690, 8},{4424, 10},
{13017, 8},{26226, 15},{4424, 10},{13018, 8},{5516, 15},{26226, 15},{4424, 10},{26001, 15},{18765, 8},{26001, 15},
{23965, 15},{18764, 8},{4424, 10},{16995, 15},{18767, 8},{26001, 15},{4424, 10},{18766, 8},{26001, 15},{4424, 10},
{23856, 15},{26001, 15},{4424, 10},{15686, 8},{9434, 8},{26001, 15},{5510, 15},{4424, 10},{26001, 15},{18763, 8},
{8920, 15},{4424, 10},{4424, 10},{23502, 15},{26001, 15},{18762, 8},{3426, 15},{18765, 8},{4424, 10},{5023, 15},
{23665, 10},{439, 7},{3781, 16},{7672, 10},{1530, 4},{12334, 1},{21563, 3},{7583, 8},{20034, 17},{6597, 8},
{25126, 10},{3781, 16},{23131, 3},{1530, 4},{14073, 7},{7672, 10},{15450, 1},{439, 7},{21805, 17},{7579, 8},
{23938, 17},{1530, 4},{7578, 8},{13151, 1},{1664, 3},{3781, 16},{7672, 10},{14077, 7},{25333, 3},{3781, 16},
{19394, 17},{7577, 8},{23665, 10},{1530, 4},{13147, 1},{9802, 7},{7672, 10},{9797, 7},{7576, 8},{17698, 17},
{7672, 10},{3781, 16},{1530, 4},{432, 7},{14080, 7},{72, 3},{13148, 1},{253, 17},{9801, 7},{3781, 16},
{7575, 8},{7672, 10},{14075, 7},{904, 3},{1530, 4},{15446, 1},{12867, 3},{3781, 16},{20796, 17},{7672, 10},
{7574, 8},{12333, 1},{20152, 7},{1530, 4},{7672, 10},{7573, 8},{9802, 7},{4860, 3},{15775, 7},{25922, 1},
{3781, 16},{14074, 7},{1530, 4},{11483, 17},{25918, 1},{13458, 3},{7572, 8},{1530, 4},{7672, 10},{26360, 17},
{3781, 16},{20151, 7},{1685, 10},{1685, 10},{2473, 10},{2774, 8},{1685, 10},{4424, 10},{25284, 15},{6692, 8},
{22912, 15},{6690, 8},{4424, 10},{16703, 15},{22912, 15},{22912, 15},{4424, 10},{18763, 8},{18762, 8},{9547, 15},
{19322, 15},{4424, 10},{22912, 15},{22506, 15},{15686, 8},{22912, 15},{4424, 10},{22912, 15},{9434, 8},{4424, 10},
{4424, 10},{22912, 15},{18767, 8},{22501, 15},{19327, 15},{22912, 15},{9544, 15},{4424, 10},{9906, 15},{18766, 8},
{4424, 10},{9548, 15},{18765, 8},{22912, 15},{22912, 15},{18764, 8},{4424, 10},{5565, 15},{4424, 10},{15686, 8},
{4121, 15},{23773, 15},{4121, 15},{4424, 10},{9434, 8},{18763, 8},{4424, 10},{10588, 15},{4121, 15},{18762, 8},
{4424, 10},{4121, 15},{6690, 8},{4424, 10},{8153, 15},{25304, 15},{9434, 8},{8153, 15},{4424, 10},{15686, 8},
{8153, 15},{4424, 10},{4424, 10},{8153, 15},{18762, 8},{8153, 15},{25301, 15},{21118, 15},{4424, 10},{18763, 8},
{4424, 10},{18764, 8},{8153, 15},{8153, 15},{4424, 10},{18765, 8},{8153, 15},{4424, 10},{18585, 15},{18766, 8},
{4121, 15},{4424, 10},{13478, 15},{20273, 15},{21395, 15},{20275, 15},{18764, 8},{4121, 15},{18767, 8},{4424, 10},
{4121, 15},{4424, 10},{18766, 8},{10587, 15},{17343, 8},{25126, 10},{1685, 10},{4424, 10},{15457, 15},{6690, 8},
{23768, 15},{6692, 8},{15457, 15},{4424, 10},{9434, 8},{15457, 15},{4424, 10},{4424, 10},{15457, 15},{24023, 15},
{15686, 8},{1929, 15},{23771, 15},{23766, 15},{4424, 10},{18762, 8},{15457, 15},{4424, 10},{15457, 15},{18763, 8},
{15457, 15},{4424, 10},{18764, 8},{15457, 15},{4424, 10},{18765, 8},{18766, 8},{1924, 15},{15457, 15},{4424, 10},
{18767, 8},{4424, 10},{15457, 15},{6692, 8},{4121, 15},{4424, 10},{3077, 7},{8483, 8},{23429, 17},{3781, 16},
{2624, 1},{11895, 7},{16916, 7},{12253, 4},{20191, 3},{7672, 10},{13436, 15},{4424, 10},{18762, 8},{13436, 15},
{4424, 10},{18763, 8},{4424, 10},{13436, 15},{4137, 15},{9434, 8},{3238, 15},{2748, 15},{13436, 15},{15686, 8},
{4424, 10},{13436, 15},{9782, 15},{909, 15},{18766, 8},{4424, 10},{9785, 15},{4424, 10},{18767, 8},{13436, 15},
{13436, 15},{18764, 8},{4424, 10},{13436, 15},{18765, 8},{4424, 10},{4424, 10},{6690, 8},{13436, 15},{6692, 8},
{4424, 10},{13436, 15},{23975, 2},{944, 8},{3864, 10},{543, 9},{9995, 12},{3781, 16},{22575, 17},{21799, 3},
{5400, 13},{12291, 9},{24303, 5},{18830, 3},{238, 12},{544, 9},{16064, 17},{25330, 13},{2036, 5},{3781, 16},
{13376, 8},{12294, 9},{23975, 2},{3864, 10},{2323, 13},{12296, 9},{3781, 16},{541, 9},{19741, 12},{542, 9},
{22071, 17},{9113, 3},{23975, 2},{3864, 10},{18218, 5},{13379, 8},{8584, 9},{23975, 2},{18218, 5},{12631, 13},
{18577, 3},{539, 9},{3864, 10},{13378, 8},{3781, 16},{12295, 9},{23906, 17},{540, 9},{11737, 12},{537, 9},
{20977, 13},{13373, 8},{23975, 2},{20165, 5},{14553, 12},{3781, 16},{488, 3},{12298, 9},{3864, 10},{15218, 17},
{26361, 13},{13372, 8},{20168, 5},{3864, 10},{5876, 12},{535, 9},{12297, 9},{3781, 16},{3797, 3},{23975, 2},
{538, 9},{2048, 17},{19112, 9},{10799, 5},{536, 9},{13375, 8},{23975, 2},{22073, 13},{20618, 12},{3781, 16},
{7959, 3},{3864, 10},{11694, 17},{13374, 8},{24301, 5},{20241, 9},{16738, 12},{19436, 13},{19113, 9},{3864, 10},
{23975, 2},{20242, 9},{19117, 3},{12852, 17},{3781, 16},{21265, 15},{13017, 8},{20197, 15},{4424, 10},{13018, 8},
{20197, 15},{4424, 10},{17741, 15},{4424, 10},{920, 15},{20197, 15},{22368, 15},{17099, 15},{13019, 8},{4424, 10},
{20197, 15},{13020, 8},{1578, 15},{4424, 10},{13013, 8},{20197, 15},{4424, 10},{20197, 15},{15606, 15},{13014, 8},
{25233, 15},{4424, 10},{6690, 8},{7869, 15},{25233, 15},{4424, 10},{6692, 8},{18762, 8},{4424, 10},{25233, 15},
{25233, 15},{4424, 10},{18763, 8},{4968, 15},{25233, 15},{9434, 8},{4424, 10},{25233, 15},{15686, 8},{4424, 10},
{18766, 8},{25233, 15},{4424, 10},{4639, 15},{25233, 15},{4424, 10},{18767, 8},{25233, 15},{4424, 10},{18764, 8},
{18614, 15},{18765, 8},{25233, 15},{20689, 15},{4424, 10},{2465, 15},{18762, 8},{6668, 15},{3212, 15},{4424, 10},
{4424, 10},{2465, 15},{18763, 8},{18764, 8},{2465, 15},{3215, 15},{4424, 10},{13593, 15},{10971, 15},{15720, 15},
{4424, 10},{2465, 15},{3213, 15},{18765, 8},{2465, 15},{4424, 10},{18766, 8},{15717, 15},{4424, 10},{2465, 15},
{18767, 8},{3211, 15},{8828, 15},{20373, 15},{25273, 10},{8564, 7},{25645, 17},{14473, 8},{15066, 4},{3781, 16},
{3840, 7},{21392, 15},{25197, 15},{4424, 10},{8259, 15},{13013, 8},{1930, 15},{12333, 15},{4424, 10},{13014, 8},
{12333, 15},{12333, 15},{13015, 8},{18081, 15},{4424, 10},{13016, 8},{12333, 15},{4424, 10},{25198, 15},{13017, 8},
{12333, 15},{4424, 10},{5486, 15},{12333, 15},{13018, 8},{4424, 10},{5486, 15},{12333, 15},{4424, 10},{21383, 15},
{13019, 8},{11321, 15},{13020, 8},{4424, 10},{12333, 15},{1685, 10},{1143, 4},{25273, 10},{2722, 8},{10094, 7},
{19914, 17},{26345, 7},{3781, 16},{25273, 10},{13323, 17},{5841, 7},{2721, 8},{3781, 16},{5844, 7},{1143, 4},
{26346, 7},{25138, 7},{3781, 16},{19602, 7},{25273, 10},{2357, 8},{8204, 4},{16902, 7},{5434, 7},{11437, 17},
{6927, 7},{6928, 7},{23785, 8},{4818, 17},{24752, 4},{3781, 16},{25273, 10},{21696, 17},{25273, 10},{1143, 4},
{26340, 7},{19584, 7},{3781, 16},{7013, 7},{2733, 8},{9417, 15},{13013, 8},{12264, 15},{4424, 10},{9417, 15},
{13017, 8},{4424, 10},{9417, 15},{13018, 8},{4424, 10},{1405, 15},{14051, 15},{9417, 15},{4424, 10},{13019, 8},
{4424, 10},{9417, 15},{13020, 8},{4424, 10},{25121, 15},{13018, 8},{25121, 15},{4424, 10},{13017, 8},{4424, 10},
{13020, 8},{25121, 15},{25121, 15},{9907, 15},{4424, 10},{13019, 8},{1685, 10},{1530, 4},{12332, 1},{25273, 10},
{7147, 7},{3781, 16},{23660, 17},{3878, 8},{21772, 7},{1530, 4},{7149, 7},{25273, 10},{20392, 17},{25225, 7},
{3781, 16},{3877, 8},{1530, 4},{22776, 17},{7373, 7},{12482, 7},{3781, 16},{3872, 8},{25273, 10},{1530, 4},
{21156, 17},{21772, 7},{3781, 16},{3871, 8},{12333, 1},{25273, 10},{5506, 7},{24746, 17},{7147, 7},{3781, 16},
{1530, 4},{25273, 10},{5502, 7},{26012, 7},{7149, 7},{3870, 8},{1530, 4},{3781, 16},{7150, 7},{3869, 8},
{12482, 7},{23483, 17},{25273, 10},{5502, 7},{1853, 17},{3876, 8},{26019, 7},{1530, 4},{25273, 10},{7150, 7},
{13084, 1},{3781, 16},{7141, 7},{26013, 7},{26022, 7},{25273, 10},{1530, 4},{3875, 8},{7373, 7},{3781, 16},
{26020, 7},{1860, 17},{1530, 4},{3781, 16},{3874, 8},{26021, 7},{15448, 1},{25273, 10},{13788, 17},{25225, 7},
{12482, 7},{3781, 16},{7373, 7},{1530, 4},{25273, 10},{3873, 8},{18386, 17},{12480, 7},{4424, 10},{13433, 15},
{6692, 8},{6690, 8},{13433, 15},{4424, 10},{15601, 15},{3230, 15},{13433, 15},{4424, 10},{18765, 8},{18764, 8},
{13433, 15},{4424, 10},{18767, 8},{13433, 15},{4424, 10},{4424, 10},{18766, 8},{13433, 15},{4424, 10},{15686, 8},
{13433, 15},{2004, 15},{22374, 15},{9434, 8},{13433, 15},{2009, 15},{4424, 10},{18763, 8},{4424, 10},{13433, 15},
{4424, 10},{14064, 15},{13433, 15},{18762, 8},{6692, 8},{4424, 10},{8150, 15},{3781, 16},{4310, 7},{11570, 7},
{7617, 8},{6408, 17},{10392, 7},{25273, 10},{23441, 4},{11116, 7},{18267, 17},{17150, 7},{11120, 7},{25273, 10},
{7609, 8},{10397, 7},{3781, 16},{26225, 1},{23441, 4},{4424, 10},{8150, 15},{18762, 8},{4424, 10},{15686, 8},
{8150, 15},{1404, 15},{9434, 8},{4424, 10},{8150, 15},{18767, 8},{4424, 10},{7406, 15},{8150, 15},{4424, 10},
{23624, 15},{8150, 15},{18766, 8},{1410, 15},{4424, 10},{8150, 15},{18765, 8},{25299, 15},{18764, 8},{8150, 15},
{4424, 10},{3781, 16},{18552, 8},{16285, 7},{9415, 1},{14177, 7},{2755, 7},{25273, 10},{12253, 4},{14127, 17},
{2756, 7},{3275, 7},{3266, 7},{3781, 16},{3276, 7},{25273, 10},{12253, 4},{19257, 17},{18553, 8},{16285, 7},
{14827, 17},{3272, 7},{3781, 16},{12253, 4},{14174, 7},{18547, 8},{25273, 10},{16284, 7},{2759, 7},{3781, 16},
{25273, 10},{7241, 7},{18548, 8},{14183, 7},{18193, 17},{12253, 4},{2758, 7},{12253, 4},{3781, 16},{25273, 10},
{4420, 17},{18549, 8},{22394, 7},{12253, 4},{23623, 17},{3781, 16},{19857, 7},{22395, 7},{25273, 10},{5495, 8},
{2759, 7},{14180, 7},{25273, 10},{7241, 7},{12253, 4},{4755, 17},{19853, 7},{3781, 16},{18543, 8},{12253, 4},
{7247, 7},{3781, 16},{14181, 7},{25273, 10},{21498, 17},{18544, 8},{12253, 4},{18545, 8},{2755, 7},{19855, 7},
{3781, 16},{25273, 10},{18178, 17},{3273, 7},{19849, 7},{18546, 8},{3270, 7},{12253, 4},{25273, 10},{25974, 17},
{3781, 16},{19850, 7},{4424, 10},{24571, 15},{9434, 8},{24571, 15},{2175, 15},{992, 15},{4424, 10},{18763, 8},
{4424, 10},{24571, 15},{18762, 8},{4250, 15},{4424, 10},{24571, 15},{18765, 8},{18764, 8},{24571, 15},{4424, 10},
{18767, 8},{21104, 15},{24571, 15},{4424, 10},{4424, 10},{24571, 15},{18766, 8},{4424, 10},{3152, 15},{13019, 8},
{19496, 8},{25126, 10},{24752, 4},{8048, 7},{10744, 8},{3781, 16},{14253, 7},{5103, 7},{25273, 10},{5101, 7},
{18385, 17},{1685, 10},{17400, 8},{2473, 10},{17401, 8},{2473, 10},{17398, 8},{2473, 10},{2473, 10},{17399, 8},
{17396, 8},{2473, 10},{25345, 8},{2473, 10},{2473, 10},{17394, 8},{2473, 10},{17395, 8},{2473, 10},{17391, 8},
{17392, 8},{2473, 10},{25056, 7},{6283, 1},{12275, 7},{1223, 10},{23939, 17},{23975, 4},{12295, 7},{4494, 8},
{3781, 16},{536, 0},{1610, 3},{7672, 10},{7672, 10},{20748, 17},{23234, 3},{3781, 16},{4492, 8},{23665, 10},
{23975, 4},{8584, 7},{8363, 1},{19118, 7},{20260, 8},{6283, 1},{25778, 17},{7672, 10},{23975, 4},{18056, 3},
{3781, 16},{8540, 7},{9456, 1},{3781, 16},{9463, 8},{7672, 10},{22321, 17},{23665, 10},{23975, 4},{25054, 7},
{23050, 3},{4532, 8},{12291, 7},{18176, 17},{7672, 10},{3781, 16},{12689, 3},{19123, 7},{23975, 4},{9456, 1},
{19183, 8},{23975, 4},{6106, 7},{3781, 16},{24565, 17},{19119, 7},{9458, 1},{25064, 7},{21302, 3},{7672, 10},
{22412, 3},{4879, 17},{8363, 1},{10759, 7},{23975, 4},{10075, 8},{3781, 16},{7672, 10},{1223, 10},{9456, 1},
{8690, 0},{23975, 4},{22729, 17},{9767, 8},{19122, 7},{3781, 16},{4441, 3},{6108, 7},{7672, 10},{19138, 8},
{7672, 10},{9076, 17},{6104, 7},{12294, 7},{14981, 3},{23059, 1},{23975, 4},{19122, 7},{3781, 16},{19123, 7},
{10940, 17},{23665, 10},{23975, 4},{9461, 8},{12290, 7},{7672, 10},{8368, 1},{18240, 3},{3781, 16},{12291, 7},
{14121, 17},{3781, 16},{6287, 1},{20242, 7},{23975, 4},{8687, 7},{911, 8},{25273, 10},{3781, 16},{21213, 17},
{8695, 7},{25273, 10},{16261, 7},{538, 7},{910, 8},{23975, 4},{25126, 10},{25623, 8},{25273, 10},{8692, 7},
{3781, 16},{8686, 7},{913, 8},{3265, 17},{7159, 7},{23975, 4},{4424, 10},{7268, 15},{18762, 8},{4424, 10},
{7268, 15},{18763, 8},{4424, 10},{7268, 15},{9434, 8},{4424, 10},{7268, 15},{15686, 8},{4424, 10},{7268, 15},
{18766, 8},{4424, 10},{8641, 15},{7268, 15},{18767, 8},{18764, 8},{7268, 15},{4424, 10},{18765, 8},{2175, 15},
{7268, 15},{4424, 10},{16133, 17},{23975, 4},{25273, 10},{7159, 7},{8695, 7},{3781, 16},{5397, 8},{7268, 15},
{6698, 15},{6690, 8},{4424, 10},{992, 15},{7268, 15},{4424, 10},{6692, 8},{1685, 10},{25644, 17},{3448, 1},
{16944, 7},{15066, 4},{23795, 7},{7672, 10},{21360, 8},{3781, 16},{23383, 3},{1223, 10},{10890, 7},{7304, 3},
{15066, 4},{3449, 1},{3781, 16},{2658, 0},{21361, 8},{19515, 17},{7672, 10},{21369, 8},{15066, 4},{22231, 17},
{16941, 7},{17914, 3},{3781, 16},{7672, 10},{7270, 1},{10846, 1},{20818, 7},{12063, 0},{14593, 8},{7672, 10},
{3781, 16},{19954, 4},{7226, 3},{1223, 10},{10278, 17},{19954, 4},{19056, 17},{5041, 3},{25797, 7},{3781, 16},
{7672, 10},{12677, 1},{14592, 8},{1130, 7},{11422, 7},{23665, 10},{3263, 17},{24566, 1},{16598, 7},{16945, 7},
{22577, 8},{23798, 7},{15066, 4},{7672, 10},{3781, 16},{21985, 3},{11423, 7},{867, 1},{11419, 7},{7432, 3},
{14585, 8},{6369, 17},{19954, 4},{7672, 10},{3781, 16},{19954, 4},{867, 1},{1130, 7},{7132, 3},{3781, 16},
{14584, 8},{21036, 17},{7672, 10},{7839, 7},{8014, 3},{3781, 16},{12653, 1},{14583, 8},{23665, 10},{20820, 7},
{5037, 17},{7672, 10},{19954, 4},{14582, 8},{3781, 16},{1129, 7},{12815, 3},{12657, 1},{3208, 17},{7672, 10},
{19954, 4},{11424, 7},{14589, 8},{19954, 4},{20824, 7},{10773, 3},{11420, 7},{7672, 10},{3781, 16},{12523, 1},
{1564, 17},{1133, 7},{7672, 10},{1223, 10},{14126, 3},{19954, 4},{14588, 8},{10848, 1},{1742, 0},{14648, 17},
{3781, 16},{12657, 1},{8079, 0},{11419, 7},{14587, 8},{7831, 7},{15894, 17},{7672, 10},{19954, 4},{3781, 16},
{19608, 3},{1223, 10},{14586, 8},{19954, 4},{864, 1},{1223, 10},{7672, 10},{1741, 0},{24141, 3},{3781, 16},
{9021, 17},{20815, 7},{5022, 1},{3781, 16},{10768, 8},{5188, 3},{18876, 17},{7672, 10},{18663, 7},{12232, 4},
{3781, 16},{5021, 1},{17118, 8},{18663, 7},{7672, 10},{12232, 4},{11652, 17},{13508, 3},{7672, 10},{8916, 3},
{4998, 7},{3064, 17},{3781, 16},{12232, 4},{18664, 7},{16857, 8},{8147, 1},{11922, 7},{12232, 4},{10606, 3},
{5021, 1},{23665, 10},{7672, 10},{18659, 7},{16999, 8},{18656, 7},{1273, 17},{3781, 16},{25409, 7},{3781, 16},
{19621, 17},{22455, 3},{5679, 7},{7672, 10},{16853, 8},{20505, 7},{12232, 4},{5020, 1},{18663, 7},{11560, 3},
{12232, 4},{11923, 7},{5005, 7},{3781, 16},{20406, 1},{7672, 10},{16855, 8},{20308, 17},{9302, 7},{25408, 7},
{7672, 10},{3781, 16},{12983, 3},{11914, 7},{16846, 8},{26045, 17},{5019, 1},{12232, 4},{2946, 17},{5685, 7},
{12232, 4},{25408, 7},{7672, 10},{16748, 8},{20652, 3},{3781, 16},{18659, 7},{8149, 1},{24571, 1},{23791, 7},
{7672, 10},{1966, 7},{15066, 4},{3781, 16},{9435, 3},{23887, 17},{21365, 8},{12232, 4},{18501, 17},{3781, 16},
{4998, 7},{7672, 10},{25410, 7},{11644, 8},{8147, 1},{9877, 3},{18655, 7},{7672, 10},{12232, 4},{11645, 8},
{19931, 0},{11923, 7},{2083, 17},{8145, 1},{13484, 3},{1223, 10},{3781, 16},{15066, 4},{1967, 7},{23792, 7},
{23665, 10},{3454, 1},{7672, 10},{19347, 17},{3781, 16},{72, 3},{1957, 7},{21366, 8},{25657, 17},{3453, 1},
{24971, 8},{12732, 3},{7672, 10},{16601, 7},{15066, 4},{3781, 16},{1966, 7},{3781, 16},{14402, 17},{23792, 7},
{4480, 3},{10889, 7},{7672, 10},{15066, 4},{18210, 8},{7270, 1},{25273, 10},{20597, 7},{20641, 17},{3781, 16},
{19628, 8},{5453, 7},{10576, 4},{19629, 8},{5450, 7},{3781, 16},{25273, 10},{22082, 17},{10576, 4},{5454, 7},
{20597, 7},{12426, 7},{3781, 16},{11082, 1},{7672, 10},{24975, 8},{26100, 17},{15066, 4},{23792, 7},{1710, 3},
{1966, 7},{11819, 8},{3781, 16},{25273, 10},{10576, 4},{12429, 7},{6904, 17},{10640, 7},{24973, 8},{15066, 4},
{3781, 16},{7672, 10},{18755, 3},{24570, 1},{10883, 7},{12863, 17},{10888, 7},{20592, 7},{10576, 4},{19625, 8},
{10676, 7},{18998, 17},{25273, 10},{3781, 16},{24977, 8},{3455, 1},{20056, 17},{10881, 7},{9781, 3},{3781, 16},
{7672, 10},{1958, 7},{15066, 4},{23665, 10},{10884, 7},{25243, 17},{7273, 1},{17772, 3},{24978, 8},{15066, 4},
{23800, 7},{7672, 10},{3781, 16},{1685, 10},{15272, 4},{5784, 1},{17623, 8},{3781, 16},{25273, 10},{17351, 7},
{3773, 7},{8379, 17},{15272, 4},{3781, 16},{25273, 10},{16449, 7},{1449, 1},{23464, 7},{10550, 7},{3773, 7},
{17624, 8},{20558, 17},{17621, 8},{25273, 10},{23462, 7},{15272, 4},{3781, 16},{3772, 7},{3766, 7},{6686, 17},
{17353, 7},{23461, 7},{3781, 16},{17262, 1},{14548, 17},{25273, 10},{10876, 7},{3769, 7},{17622, 8},{15272, 4},
{23463, 7},{15805, 17},{15272, 4},{3775, 7},{3781, 16},{25273, 10},{17351, 7},{17619, 8},{8510, 8},{8561, 7},
{25273, 10},{24495, 17},{8564, 7},{15066, 4},{3781, 16},{5047, 7},{178, 8},{25273, 10},{3781, 16},{901, 1},
{5389, 17},{15272, 4},{17816, 7},{20616, 7},{17351, 7},{15272, 4},{25273, 10},{23463, 7},{3781, 16},{17618, 8},
{10857, 7},{11000, 17},{25273, 10},{21249, 7},{17754, 8},{3781, 16},{2658, 7},{24569, 1},{15066, 4},{22648, 7},
{16416, 17},{24672, 15},{4132, 15},{16706, 15},{4424, 10},{6690, 8},{15862, 7},{3840, 7},{20884, 17},{2643, 7},
{15066, 4},{20085, 7},{17726, 8},{25273, 10},{3781, 16},{15066, 4},{20088, 7},{21405, 8},{402, 7},{6187, 17},
{25273, 10},{15855, 7},{8560, 7},{3781, 16},{15272, 4},{17358, 7},{18475, 17},{20588, 7},{3781, 16},{23461, 7},
{17627, 8},{25273, 10},{23465, 7},{8565, 7},{15066, 4},{25273, 10},{24570, 1},{22650, 7},{3781, 16},{8559, 7},
{8116, 17},{17807, 8},{2661, 7},{8561, 7},{3781, 16},{25273, 10},{17776, 8},{15066, 4},{3049, 17},{7326, 17},
{24978, 8},{17015, 3},{3781, 16},{7672, 10},{23665, 10},{3070, 7},{12253, 4},{18281, 7},{22329, 1},{10134, 7},
{13508, 3},{3781, 16},{3070, 7},{20880, 1},{12253, 4},{4560, 17},{24973, 8},{7672, 10},{18082, 7},{1945, 7},
{23558, 15},{4132, 15},{9830, 15},{4424, 10},{18763, 8},{9434, 8},{23554, 15},{4424, 10},{4132, 15},{23552, 15},
{9514, 8},{2473, 10},{9513, 8},{2473, 10},{9512, 8},{2473, 10},{9511, 8},{2473, 10},{2473, 10},{9510, 8},
{2473, 10},{9509, 8},{9508, 8},{2473, 10},{2473, 10},{4830, 8},{16380, 15},{18766, 8},{4132, 15},{4424, 10},
{9506, 8},{2473, 10},{12232, 4},{5680, 7},{9304, 7},{7672, 10},{5000, 7},{1753, 8},{20105, 3},{3781, 16},
{20400, 1},{6827, 17},{14679, 1},{8204, 4},{3781, 16},{15571, 7},{1757, 8},{20287, 3},{7672, 10},{23665, 10},
{15943, 17},{13017, 8},{5020, 15},{4424, 10},{3781, 16},{11292, 3},{13432, 1},{8204, 4},{15569, 7},{7672, 10},
{6206, 17},{20209, 7},{1755, 8},{2533, 3},{9203, 7},{15572, 7},{3781, 16},{14688, 1},{7672, 10},{1754, 8},
{8204, 4},{10948, 17},{13014, 8},{5020, 15},{4424, 10},{15572, 7},{3781, 16},{9390, 7},{8204, 4},{1752, 8},
{14685, 1},{7672, 10},{9396, 7},{22168, 3},{5839, 17},{8204, 4},{7672, 10},{2696, 7},{9198, 7},{7087, 17},
{13431, 1},{1751, 8},{3781, 16},{23636, 3},{20209, 7},{7672, 10},{3781, 16},{20697, 17},{20213, 7},{8204, 4},
{13436, 1},{9804, 3},{1209, 7},{1750, 8},{15412, 1},{18982, 3},{3781, 16},{7672, 10},{8204, 4},{22343, 7},
{1749, 8},{22212, 17},{9395, 7},{14688, 1},{7672, 10},{23832, 3},{8204, 4},{7886, 17},{1748, 8},{3781, 16},
{1685, 10},{1685, 10},{1685, 10},{4424, 10},{6692, 8},{7867, 15},{25234, 15},{14812, 15},{6690, 8},{25234, 15},
{4424, 10},{1011, 15},{18765, 8},{12961, 15},{4424, 10},{12963, 15},{25234, 15},{18764, 8},{25234, 15},{4424, 10},
{25234, 15},{20693, 15},{4424, 10},{18767, 8},{4424, 10},{25234, 15},{18766, 8},{18613, 15},{25234, 15},{20685, 15},
{4476, 15},{15686, 8},{4424, 10},{25234, 15},{4424, 10},{9434, 8},{12963, 15},{18763, 8},{4424, 10},{25234, 15},
{25234, 15},{4424, 10},{18762, 8},{2757, 7},{3781, 16},{25273, 10},{26358, 17},{4798, 8},{22391, 7},{12253, 4},
{7242, 7},{14181, 7},{2763, 7},{25273, 10},{4799, 8},{12253, 4},{19856, 7},{3781, 16},{14178, 7},{11310, 17},
{14183, 7},{12253, 4},{3781, 16},{12764, 17},{4800, 8},{14174, 7},{25273, 10},{25273, 10},{7250, 7},{19851, 7},
{14389, 17},{15421, 8},{2757, 7},{12253, 4},{3781, 16},{2760, 7},{20999, 17},{22395, 7},{25273, 10},{3272, 7},
{3781, 16},{12253, 4},{4794, 8},{1174, 17},{22393, 7},{25273, 10},{3274, 7},{12253, 4},{4795, 8},{19856, 7},
{20881, 1},{3781, 16},{25273, 10},{19856, 7},{21615, 17},{3781, 16},{20876, 1},{4796, 8},{7249, 7},{12253, 4},
{2764, 7},{16286, 7},{15902, 1},{25273, 10},{12253, 4},{3781, 16},{4797, 8},{3277, 7},{11700, 17},{22387, 7},
{12253, 4},{25093, 17},{14182, 7},{2760, 7},{3781, 16},{25273, 10},{4802, 8},{25273, 10},{14181, 7},{4803, 8},
{22398, 7},{2760, 7},{23899, 17},{7251, 7},{2627, 1},{3781, 16},{12253, 4},{1685, 10},{18039, 15},{4424, 10},
{22333, 15},{13013, 8},{18378, 15},{4424, 10},{13018, 8},{22333, 15},{13017, 8},{22333, 15},{4424, 10},{21250, 15},
{22333, 15},{4424, 10},{21727, 15},{13020, 8},{22333, 15},{16766, 15},{4424, 10},{12260, 15},{13019, 8},{14592, 8},
{23665, 10},{11440, 7},{3781, 16},{790, 3},{18792, 1},{13175, 4},{7672, 10},{19663, 17},{14593, 8},{13175, 4},
{11446, 7},{1223, 10},{13738, 7},{6490, 17},{3781, 16},{22801, 0},{7672, 10},{24276, 7},{9140, 1},{10606, 3},
{25780, 7},{12070, 7},{7672, 10},{13175, 4},{3929, 1},{15679, 17},{23665, 10},{7774, 3},{25786, 7},{3781, 16},
{14588, 8},{10934, 7},{3460, 7},{8005, 17},{9339, 1},{18523, 0},{14533, 3},{11445, 7},{3781, 16},{13175, 4},
{7672, 10},{14589, 8},{1223, 10},{3929, 1},{13687, 3},{3781, 16},{14586, 8},{7672, 10},{14837, 17},{13175, 4},
{3457, 7},{14587, 8},{25780, 7},{9140, 1},{7672, 10},{4241, 3},{11493, 17},{3458, 7},{3781, 16},{13175, 4},
{24276, 7},{6642, 3},{5616, 7},{7672, 10},{11312, 17},{9344, 1},{23665, 10},{14584, 8},{3781, 16},{13175, 4},
{14585, 8},{13361, 17},{13175, 4},{20653, 0},{1223, 10},{7672, 10},{21169, 7},{22976, 3},{9134, 1},{3781, 16},
{6460, 17},{7672, 10},{14582, 8},{1223, 10},{3781, 16},{13175, 4},{16251, 3},{9140, 1},{10933, 7},{11761, 0},
{10939, 7},{13175, 4},{10935, 7},{13473, 17},{14583, 8},{24276, 7},{18784, 1},{3781, 16},{23514, 3},{7672, 10},
{4424, 10},{20864, 15},{6692, 8},{20864, 15},{4142, 15},{6690, 8},{4424, 10},{20864, 15},{4424, 10},{15686, 8},
{20864, 15},{9434, 8},{4424, 10},{18763, 8},{4424, 10},{20864, 15},{15599, 15},{14069, 15},{20864, 15},{18762, 8},
{4424, 10},{20864, 15},{18765, 8},{4424, 10},{4424, 10},{8703, 15},{15606, 15},{20864, 15},{18764, 8},{21642, 15},
{4424, 10},{18767, 8},{20864, 15},{20864, 15},{4424, 10},{18766, 8},{7273, 15},{15686, 8},{4424, 10},{4424, 10},
{7273, 15},{9434, 8},{7273, 15},{4424, 10},{18763, 8},{12064, 7},{16656, 8},{3781, 16},{25273, 10},{19954, 4},
{24822, 7},{12519, 1},{12883, 17},{5138, 7},{1740, 7},{12066, 7},{3781, 16},{16659, 8},{1740, 7},{25273, 10},
{10478, 17},{19954, 4},{4424, 10},{18764, 8},{8627, 15},{7273, 15},{7273, 15},{18767, 8},{4424, 10},{6474, 15},
{19954, 4},{22143, 17},{25273, 10},{3781, 16},{16660, 8},{25610, 7},{24822, 7},{1399, 15},{724, 15},{6692, 8},
{4424, 10},{7273, 15},{14342, 15},{7273, 15},{6690, 8},{4424, 10},{1685, 10},{1685, 10},{1428, 15},{4424, 10},
{25779, 15},{18766, 8},{18767, 8},{1428, 15},{4424, 10},{4424, 10},{1428, 15},{18764, 8},{1428, 15},{4424, 10},
{18765, 8},{1685, 10},{12644, 7},{2461, 1},{2488, 7},{25428, 7},{20260, 8},{7672, 10},{18957, 3},{1143, 4},
{23130, 17},{3781, 16},{18712, 17},{20713, 1},{9463, 8},{25789, 3},{7672, 10},{3781, 16},{18686, 7},{2484, 7},
{12647, 7},{1143, 4},{5700, 7},{25486, 17},{1143, 4},{7672, 10},{4532, 8},{3781, 16},{11891, 3},{20714, 1},
{25595, 3},{3781, 16},{26318, 17},{19183, 8},{26343, 0},{7672, 10},{2490, 7},{9551, 1},{1143, 4},{1223, 10},
{3781, 16},{11560, 3},{1143, 4},{12650, 7},{20714, 1},{22702, 17},{7672, 10},{10075, 8},{7672, 10},{1143, 4},
{3781, 16},{12643, 7},{9767, 8},{20719, 1},{18678, 7},{14981, 3},{8629, 17},{2481, 7},{20715, 1},{3781, 16},
{7672, 10},{1143, 4},{5152, 17},{19138, 8},{18679, 7},{5200, 3},{12651, 7},{3320, 0},{16137, 3},{25420, 7},
{9558, 1},{9461, 8},{2487, 7},{7672, 10},{18677, 7},{1223, 10},{1143, 4},{3781, 16},{12787, 17},{7672, 10},
{5696, 7},{26345, 0},{4494, 8},{14224, 17},{1223, 10},{12650, 7},{12646, 7},{1143, 4},{2466, 1},{23193, 3},
{3781, 16},{1143, 4},{18683, 7},{7672, 10},{9552, 1},{4492, 8},{25941, 3},{23670, 17},{3781, 16},{12232, 4},
{18542, 0},{3781, 16},{4787, 17},{9300, 7},{4999, 7},{7672, 10},{18656, 7},{24474, 3},{24975, 8},{1223, 10},
{8151, 1},{12232, 4},{20684, 3},{24976, 8},{7672, 10},{9305, 7},{3781, 16},{15895, 17},{5018, 1},{12232, 4},
{5024, 1},{12146, 3},{5685, 7},{24973, 8},{7672, 10},{3781, 16},{14547, 17},{25273, 10},{10391, 7},{2723, 8},
{4308, 7},{11120, 7},{23441, 4},{21037, 17},{3781, 16},{23986, 7},{7672, 10},{12232, 4},{8153, 1},{13308, 17},
{24971, 8},{3781, 16},{5676, 7},{11919, 7},{17610, 0},{1223, 10},{11915, 7},{2299, 3},{5017, 1},{11921, 7},
{6052, 17},{13687, 3},{7672, 10},{9302, 7},{3781, 16},{18210, 8},{25399, 7},{19927, 0},{12232, 4},{1223, 10},
{4424, 10},{18791, 15},{9434, 8},{22843, 15},{18791, 15},{15686, 8},{4424, 10},{3165, 15},{18762, 8},{18791, 15},
{5054, 15},{4424, 10},{18763, 8},{18791, 15},{4424, 10},{4424, 10},{18791, 15},{18764, 8},{18791, 15},{4424, 10},
{18765, 8},{18766, 8},{6626, 15},{18791, 15},{4424, 10},{4424, 10},{18791, 15},{18767, 8},{8150, 1},{7672, 10},
{12232, 4},{5684, 7},{3781, 16},{24970, 8},{23299, 17},{5004, 7},{18215, 3},{4424, 10},{6690, 8},{18791, 15},
{18791, 15},{4424, 10},{6692, 8},{8695, 7},{25273, 10},{13328, 17},{535, 7},{22815, 8},{9032, 1},{23975, 4},
{3781, 16},{20239, 7},{16057, 17},{542, 7},{3781, 16},{8362, 1},{16264, 7},{7157, 7},{8685, 7},{23975, 4},
{10772, 8},{25273, 10},{22821, 8},{23975, 4},{537, 7},{22080, 17},{25273, 10},{16261, 7},{20237, 7},{3781, 16},
{22818, 8},{8685, 7},{544, 7},{3781, 16},{23975, 4},{7164, 7},{10912, 17},{16258, 7},{25273, 10},{16255, 7},
{540, 7},{23975, 4},{3781, 16},{25273, 10},{10731, 8},{6223, 17},{8691, 7},{16259, 7},{10711, 8},{7157, 7},
{23975, 4},{9504, 17},{20242, 7},{25273, 10},{3781, 16},{3781, 16},{2704, 8},{7268, 1},{7672, 10},{15598, 17},
{1959, 7},{465, 3},{15066, 4},{3781, 16},{7165, 7},{20236, 7},{10743, 8},{20241, 7},{25273, 10},{20239, 7},
{22065, 17},{23975, 4},{3781, 16},{15066, 4},{16342, 8},{3867, 17},{7272, 1},{6329, 3},{7672, 10},{10886, 7},
{10884, 7},{23665, 10},{16603, 7},{7672, 10},{3781, 16},{16344, 8},{17974, 17},{15066, 4},{21799, 3},{3449, 1},
{16264, 7},{3781, 16},{25273, 10},{8688, 7},{23975, 4},{20237, 7},{21410, 8},{15219, 17},{15066, 4},{3781, 16},
{23173, 3},{2510, 17},{16339, 8},{7274, 1},{23665, 10},{7672, 10},{16944, 7},{24570, 1},{16334, 8},{23791, 7},
{12689, 3},{23796, 7},{3781, 16},{7672, 10},{3814, 17},{16944, 7},{15066, 4},{18016, 17},{16336, 8},{23665, 10},
{1957, 7},{3781, 16},{15246, 1},{10888, 7},{15066, 4},{7672, 10},{18395, 3},{7269, 1},{7672, 10},{16598, 7},
{15066, 4},{3781, 16},{16332, 8},{15414, 3},{18776, 17},{18393, 17},{3452, 1},{14277, 8},{15066, 4},{10888, 7},
{23791, 7},{3781, 16},{7672, 10},{6983, 3},{10886, 7},{25411, 7},{24369, 3},{7672, 10},{24977, 8},{26146, 1},
{3781, 16},{23751, 17},{12232, 4},{1685, 10},{12232, 4},{5001, 7},{7672, 10},{12506, 0},{4832, 17},{20395, 1},
{1223, 10},{5682, 7},{24978, 8},{3781, 16},{3430, 3},{5684, 7},{11538, 10},{12633, 11},{6690, 8},{17209, 15},
{4424, 10},{901, 15},{901, 15},{10443, 15},{6692, 8},{4424, 10},{9434, 8},{901, 15},{4424, 10},{7551, 15},
{4424, 10},{901, 15},{15686, 8},{4424, 10},{901, 15},{18762, 8},{3638, 15},{24039, 15},{18763, 8},{4424, 10},
{901, 15},{901, 15},{22940, 15},{4424, 10},{18764, 8},{4424, 10},{901, 15},{18765, 8},{18766, 8},{22950, 15},
{4424, 10},{901, 15},{874, 15},{18767, 8},{4424, 10},{901, 15},{4424, 10},{866, 15},{3009, 15},{18767, 8},
{1685, 10},{1685, 10},{1685, 10},{25082, 17},{3781, 16},{18955, 7},{18953, 7},{24752, 4},{25273, 10},{9055, 8},
{5297, 1},{13262, 17},{23441, 4},{3781, 16},{18441, 8},{11891, 3},{17154, 0},{7672, 10},{1223, 10},{20385, 7},
{5435, 7},{8204, 4},{17293, 17},{23525, 7},{12749, 8},{10129, 7},{25273, 10},{3781, 16},{1685, 10},{15272, 4},
{3781, 16},{907, 8},{5639, 17},{16456, 7},{10547, 7},{25273, 10},{19894, 7},{16451, 7},{22731, 17},{25273, 10},
{17357, 7},{3781, 16},{17261, 1},{15272, 4},{19894, 7},{5370, 8},{13881, 17},{15272, 4},{3772, 7},{25273, 10},
{3781, 16},{916, 8},{16451, 7},{3766, 7},{15272, 4},{3769, 7},{19894, 7},{3781, 16},{917, 8},{17354, 7},
{13939, 17},{25273, 10},{23464, 7},{23875, 17},{10857, 7},{914, 8},{3773, 7},{15272, 4},{3781, 16},{25273, 10},
{17357, 7},{17359, 7},{5397, 8},{3781, 16},{15272, 4},{10551, 7},{10854, 7},{4198, 17},{25273, 10},{10854, 7},
{10551, 7},{3781, 16},{15272, 4},{912, 8},{20588, 7},{25273, 10},{8261, 17},{15272, 4},{1449, 1},{913, 8},
{13040, 17},{3781, 16},{17351, 7},{25273, 10},{10549, 7},{19600, 17},{25273, 10},{910, 8},{15272, 4},{905, 1},
{10550, 7},{17357, 7},{16455, 7},{3781, 16},{15272, 4},{911, 8},{17357, 7},{10854, 7},{12869, 17},{17261, 1},
{20623, 7},{3781, 16},{25273, 10},{17351, 7},{1685, 10},{14679, 15},{18766, 8},{4424, 10},{4143, 15},{4424, 10},
{18767, 8},{14679, 15},{14679, 15},{18764, 8},{4424, 10},{3235, 15},{1685, 10},{18762, 8},{2750, 15},{14679, 15},
{4424, 10},{1685, 10},{11021, 17},{14629, 8},{3781, 16},{7012, 7},{26346, 7},{1143, 4},{25273, 10},{19586, 7},
{6692, 8},{4424, 10},{20719, 15},{6690, 8},{4424, 10},{1624, 15},{20719, 15},{1685, 10},{2473, 10},{11383, 8},
{18767, 8},{20719, 15},{6669, 15},{4424, 10},{4424, 10},{18766, 8},{11605, 15},{20719, 15},{20719, 15},{18765, 8},
{22474, 15},{4424, 10},{18764, 8},{20719, 15},{4424, 10},{10892, 15},{3218, 15},{18763, 8},{20719, 15},{1622, 15},
{4424, 10},{20719, 15},{18762, 8},{4424, 10},{20719, 15},{15720, 15},{15686, 8},{4424, 10},{8830, 15},{20719, 15},
{9434, 8},{4424, 10},{4424, 10},{9552, 15},{15686, 8},{9552, 15},{4424, 10},{13591, 15},{9434, 8},{9552, 15},
{13592, 15},{4424, 10},{18763, 8},{9552, 15},{4424, 10},{18762, 8},{18765, 8},{4424, 10},{9552, 15},{18764, 8},
{4424, 10},{9552, 15},{4424, 10},{9552, 15},{18767, 8},{2114, 15},{4424, 10},{18766, 8},{9552, 15},{3781, 16},
{25273, 10},{6316, 7},{4994, 17},{12232, 4},{12500, 7},{19928, 7},{12504, 7},{20526, 8},{5527, 7},{7362, 7},
{17620, 7},{12232, 4},{6350, 17},{5525, 7},{17327, 8},{3781, 16},{25273, 10},{25273, 10},{20524, 8},{8147, 1},
{3781, 16},{12507, 7},{19927, 7},{10350, 17},{12232, 4},{14605, 17},{7364, 7},{12462, 8},{3781, 16},{12232, 4},
{19922, 7},{25273, 10},{14302, 7},{19931, 7},{6310, 7},{25273, 10},{14303, 7},{3781, 16},{14305, 7},{195, 17},
{20522, 8},{12232, 4},{19926, 7},{5527, 7},{12232, 4},{23614, 17},{3781, 16},{20523, 8},{25273, 10},{19930, 7},
{6692, 8},{9552, 15},{20368, 15},{4424, 10},{6310, 7},{7368, 7},{3781, 16},{12614, 7},{25273, 10},{12232, 4},
{5018, 1},{15385, 17},{14307, 7},{20521, 8},{12481, 7},{26017, 7},{9635, 17},{1530, 4},{19813, 8},{3781, 16},
{25273, 10},{19294, 7},{17710, 8},{7147, 7},{25273, 10},{3781, 16},{22962, 17},{7373, 7},{25222, 7},{25220, 7},
{1530, 4},{25273, 10},{26022, 7},{16727, 17},{19756, 8},{21772, 7},{3781, 16},{5505, 7},{1530, 4},{25273, 10},
{3781, 16},{25094, 17},{26023, 7},{1530, 4},{17301, 8},{26013, 7},{1530, 4},{7149, 7},{3781, 16},{19296, 7},
{6557, 17},{1375, 8},{19292, 7},{25273, 10},{25273, 10},{1530, 4},{12343, 17},{5513, 7},{3781, 16},{25222, 7},
{7144, 7},{26018, 7},{1059, 8},{26441, 8},{3781, 16},{5509, 7},{25273, 10},{7149, 7},{13859, 17},{1530, 4},
{26023, 7},{1530, 4},{25220, 7},{26440, 8},{6826, 17},{3781, 16},{19293, 7},{25273, 10},{5512, 7},{26020, 7},
{19680, 8},{23909, 17},{1530, 4},{3781, 16},{7357, 7},{15451, 1},{25273, 10},{1530, 4},{25273, 10},{5506, 7},
{19291, 7},{5509, 7},{15818, 17},{26438, 8},{3781, 16},{13175, 14},{15362, 10},{13175, 14},{15362, 10},{13175, 14},
{15362, 10},{13175, 14},{15362, 10},{15362, 10},{13175, 14},{15362, 10},{13175, 14},{13175, 14},{15362, 10},{13175, 14},
{15362, 10},{13175, 14},{15362, 10},{1685, 10},{21167, 8},{17928, 5},{20909, 3},{23975, 2},{6317, 12},{286, 17},
{19118, 9},{24713, 13},{3781, 16},{8283, 10},{20238, 9},{20237, 9},{11620, 17},{2038, 5},{19136, 12},{14553, 13},
{19116, 9},{21166, 8},{12973, 3},{8283, 10},{20240, 9},{23975, 2},{19119, 9},{3781, 16},{11411, 8},{2473, 10},
{1685, 10},{20495, 17},{3781, 16},{19937, 1},{7254, 3},{15486, 7},{20117, 7},{18313, 7},{22273, 8},{15272, 4},
{23665, 10},{7672, 10},{1685, 10},{1685, 10},{4265, 17},{24752, 4},{25273, 10},{1360, 7},{3781, 16},{1358, 7},
{6921, 7},{13725, 8},{6925, 7},{13724, 8},{25273, 10},{2431, 17},{24752, 4},{3781, 16},{5102, 7},{1354, 7},
{5109, 7},{1357, 7},{25273, 10},{13733, 8},{24752, 4},{3781, 16},{10145, 17},{3781, 16},{6930, 7},{13732, 8},
{24944, 17},{12022, 7},{24752, 4},{25273, 10},{24752, 4},{17586, 17},{16053, 7},{3781, 16},{14257, 7},{25273, 10},
{14253, 7},{5951, 8},{6922, 7},{25273, 10},{5101, 7},{3781, 16},{18951, 7},{13730, 8},{18853, 17},{24752, 4},
{2716, 8},{6928, 7},{24752, 4},{3781, 16},{26354, 17},{25273, 10},{14251, 7},{5107, 7},{6927, 7},{3781, 16},
{22250, 17},{5110, 7},{25273, 10},{24752, 4},{13728, 8},{13727, 8},{12031, 7},{8047, 7},{5110, 7},{25273, 10},
{24752, 4},{3781, 16},{1846, 17},{6388, 1},{18955, 7},{25273, 10},{13726, 8},{14253, 7},{6931, 7},{1658, 17},
{18955, 7},{6928, 7},{3781, 16},{24752, 4},{1685, 10},{8981, 8},{3781, 16},{10129, 7},{23519, 7},{23344, 17},
{8204, 4},{25273, 10},{25273, 10},{8204, 4},{18687, 17},{16904, 7},{8980, 8},{19613, 7},{3781, 16},{1685, 10},
{8226, 7},{23528, 7},{23522, 8},{5435, 7},{25273, 10},{293, 17},{8204, 4},{3781, 16},{11746, 7},{3781, 16},
{25273, 10},{23521, 8},{8204, 4},{25136, 7},{10126, 7},{584, 17},{5424, 7},{20863, 1},{8204, 4},{3781, 16},
{11719, 7},{25273, 10},{8963, 8},{10430, 17},{5430, 7},{21008, 8},{25273, 10},{8204, 4},{16902, 7},{23526, 7},
{3781, 16},{16189, 17},{8204, 4},{20607, 17},{23518, 8},{16901, 7},{25136, 7},{3781, 16},{25273, 10},{13433, 1},
{10130, 7},{25130, 7},{8204, 4},{25135, 7},{562, 17},{23517, 8},{16898, 7},{25273, 10},{3781, 16},{19604, 7},
{15412, 1},{23516, 8},{3781, 16},{25273, 10},{19602, 7},{23974, 17},{8204, 4},{3781, 16},{16907, 7},{25273, 10},
{8204, 4},{23515, 8},{10121, 7},{23789, 17},{26371, 7},{23526, 7},{25273, 10},{22309, 7},{22304, 7},{9484, 8},
{3781, 16},{8135, 7},{25314, 4},{6374, 17},{9483, 8},{8132, 7},{3781, 16},{25273, 10},{13890, 17},{16141, 7},
{25314, 4},{1685, 10},{24384, 7},{24382, 7},{3781, 16},{4695, 17},{16141, 7},{9478, 8},{25314, 4},{25273, 10},
{22304, 7},{3781, 16},{4711, 7},{25273, 10},{16790, 8},{25314, 4},{3306, 17},{9278, 7},{6296, 1},{16143, 7},
{3781, 16},{9278, 7},{9476, 8},{25273, 10},{25314, 4},{4370, 1},{5864, 17},{8130, 7},{25273, 10},{1904, 7},
{16145, 7},{548, 17},{4578, 8},{8132, 7},{3781, 16},{25314, 4},{9482, 8},{3781, 16},{22303, 7},{25314, 4},
{24380, 7},{20066, 17},{25273, 10},{14308, 1},{3781, 16},{8135, 7},{9481, 8},{25273, 10},{16149, 7},{25314, 4},
{4612, 17},{4708, 7},{24380, 7},{3781, 16},{16150, 7},{25314, 4},{24387, 7},{9480, 8},{24385, 7},{17045, 17},
{25273, 10},{24389, 7},{22304, 7},{3781, 16},{24381, 7},{11247, 17},{25314, 4},{4713, 7},{9479, 8},{25273, 10},
{16545, 9},{24224, 12},{17612, 2},{3781, 16},{17254, 3},{23498, 17},{24290, 5},{13372, 8},{24451, 13},{20546, 9},
{3864, 10},{20543, 9},{16546, 9},{20544, 9},{7647, 17},{13373, 8},{2197, 12},{24301, 5},{3241, 3},{16540, 9},
{3781, 16},{16541, 9},{3864, 10},{15565, 13},{17612, 2},{3864, 10},{20547, 9},{16544, 9},{4684, 13},{16577, 12},
{12915, 17},{7226, 3},{17612, 2},{13374, 8},{20550, 9},{3781, 16},{10799, 5},{17612, 2},{23431, 13},{13375, 8},
{20545, 9},{16543, 9},{20548, 9},{11477, 12},{3949, 17},{3864, 10},{3781, 16},{20165, 5},{16699, 3},{25033, 3},
{3781, 16},{14514, 9},{17612, 2},{23392, 9},{13376, 8},{23393, 9},{20164, 5},{21259, 17},{5764, 12},{3864, 10},
{26373, 13},{23394, 9},{944, 8},{16086, 3},{3864, 10},{2034, 5},{16158, 13},{17612, 2},{11838, 17},{23395, 9},
{3781, 16},{14513, 9},{6803, 12},{3864, 10},{23383, 13},{17612, 2},{20554, 9},{1683, 17},{13378, 8},{2028, 5},
{20553, 9},{10917, 12},{16086, 3},{3781, 16},{23390, 9},{23389, 9},{3864, 10},{12092, 17},{13379, 8},{22659, 3},
{14515, 9},{26090, 5},{3781, 16},{17612, 2},{24214, 13},{23391, 9},{9113, 12},{20170, 5},{17612, 2},{14512, 9},
{23734, 3},{14511, 9},{13369, 8},{7633, 17},{24075, 12},{3864, 10},{23385, 9},{23396, 9},{17709, 13},{3781, 16},
{14509, 9},{18323, 12},{23386, 9},{3864, 10},{24436, 3},{20170, 5},{14510, 9},{17612, 2},{15180, 17},{3781, 16},
{22508, 9},{13370, 8},{24663, 13},{13017, 8},{4424, 10},{9139, 15},{13175, 2},{22854, 12},{20171, 5},{13080, 13},
{3781, 16},{3377, 3},{5616, 9},{25380, 17},{8283, 10},{9097, 8},{18525, 9},{13175, 2},{22037, 3},{17480, 9},
{8283, 10},{13176, 17},{3781, 16},{18524, 9},{16158, 12},{17723, 13},{20164, 5},{9098, 8},{16083, 13},{3781, 16},
{24369, 3},{20307, 17},{8283, 10},{4626, 12},{17476, 9},{18527, 9},{10401, 5},{13175, 2},{9095, 8},{12227, 17},
{3781, 16},{18056, 3},{13175, 2},{25022, 13},{17755, 12},{8283, 10},{9096, 8},{5607, 9},{24297, 5},{18526, 9},
{25820, 9},{8283, 10},{20105, 12},{10799, 5},{13175, 2},{11448, 9},{6693, 13},{18529, 9},{3781, 16},{490, 3},
{9093, 8},{10429, 17},{11449, 9},{8283, 10},{23587, 3},{9094, 8},{13175, 2},{13129, 12},{11935, 17},{25815, 9},
{3781, 16},{25816, 9},{20164, 5},{20684, 13},{18528, 9},{25267, 9},{24297, 5},{11447, 9},{11444, 9},{25256, 9},
{3781, 16},{13175, 2},{8283, 10},{24111, 3},{15911, 12},{10282, 17},{24713, 13},{9091, 8},{20165, 5},{13175, 2},
{9026, 3},{19806, 9},{13499, 13},{11446, 9},{12344, 17},{8283, 10},{9092, 8},{3781, 16},{9268, 12},{20165, 5},
{25268, 9},{11443, 9},{13175, 2},{9089, 8},{3781, 16},{240, 3},{23579, 17},{130, 12},{20540, 13},{8283, 10},
{8755, 3},{25266, 9},{17041, 17},{15980, 13},{15807, 9},{8283, 10},{3781, 16},{14752, 12},{18188, 5},{9090, 8},
{25269, 9},{13175, 2},{11445, 9},{4424, 10},{18765, 8},{20193, 15},{21647, 15},{20193, 15},{18764, 8},{4424, 10},
{4424, 10},{18767, 8},{2007, 15},{20193, 15},{909, 15},{14059, 15},{4424, 10},{20193, 15},{18766, 8},{4424, 10},
{20193, 15},{15686, 8},{20193, 15},{9434, 8},{4424, 10},{20193, 15},{18763, 8},{4424, 10},{4424, 10},{20193, 15},
{18762, 8},{4424, 10},{20193, 15},{6692, 8},{20193, 15},{4137, 15},{4424, 10},{6690, 8},{1685, 10},{4424, 10},
{11508, 15},{7194, 15},{13013, 8},{13015, 8},{7220, 15},{9456, 15},{4424, 10},{4424, 10},{7194, 15},{13019, 8},
{10962, 15},{17626, 15},{4424, 10},{7976, 15},{13013, 8},{7976, 15},{4424, 10},{4174, 15},{13014, 8},{25276, 15},
{7976, 15},{17831, 15},{4424, 10},{13015, 8},{10960, 15},{13016, 8},{7976, 15},{4424, 10},{13017, 8},{7976, 15},
{18531, 15},{17832, 15},{4424, 10},{4424, 10},{7976, 15},{25278, 15},{25276, 15},{13018, 8},{13019, 8},{12495, 15},
{7976, 15},{4424, 10},{4424, 10},{21079, 15},{13020, 8},{7976, 15},{23782, 15},{6692, 8},{21395, 15},{4424, 10},
{20280, 15},{587, 15},{4123, 15},{17844, 15},{4424, 10},{4123, 15},{6690, 8},{18767, 8},{4424, 10},{4100, 15},
{4098, 15},{4123, 15},{20589, 15},{4123, 15},{4424, 10},{18766, 8},{21397, 15},{4123, 15},{18765, 8},{4424, 10},
{20603, 15},{4424, 10},{18764, 8},{4123, 15},{4424, 10},{18763, 8},{4123, 15},{4424, 10},{4123, 15},{18762, 8},
{18432, 15},{598, 15},{4424, 10},{15686, 8},{4123, 15},{4424, 10},{9434, 8},{4123, 15},{4424, 10},{13017, 8},
{899, 15},{12299, 15},{899, 15},{4424, 10},{13018, 8},{16512, 8},{25126, 10},{25126, 10},{16511, 8},{16509, 8},
{25126, 10},{25126, 10},{16508, 8},{16507, 8},{25126, 10},{25126, 10},{16506, 8},{25126, 10},{16505, 8},{16504, 8},
{25126, 10},{16503, 8},{25126, 10},{25126, 10},{16502, 8},{7395, 17},{25273, 10},{5432, 7},{5424, 7},{25130, 7},
{23237, 8},{8204, 4},{3781, 16},{19602, 7},{5434, 7},{25273, 10},{25137, 7},{3781, 16},{8204, 4},{19603, 7},
{23236, 8},{1180, 17},{23235, 8},{23520, 7},{8204, 4},{3781, 16},{20559, 17},{23529, 7},{25273, 10},{16901, 7},
{7306, 8},{3781, 16},{25273, 10},{23526, 7},{17655, 17},{16897, 7},{8204, 4},{19601, 7},{8204, 4},{3781, 16},
{16424, 17},{25273, 10},{16897, 7},{23233, 8},{23527, 7},{25273, 10},{23526, 7},{1383, 17},{10124, 7},{23232, 8},
{8204, 4},{3781, 16},{8204, 4},{5424, 7},{8226, 7},{4210, 17},{25273, 10},{23231, 8},{3781, 16},{23230, 8},
{25130, 7},{25541, 17},{25273, 10},{3781, 16},{8970, 7},{8204, 4},{25273, 10},{3781, 16},{5432, 7},{3724, 17},
{14680, 1},{23229, 8},{8970, 7},{8204, 4},{25273, 10},{23228, 8},{10124, 7},{8204, 4},{3781, 16},{10128, 7},
{5247, 17},{7275, 15},{13014, 8},{4424, 10},{4252, 15},{7275, 15},{4424, 10},{13013, 8},{13016, 8},{4424, 10},
{8877, 15},{7275, 15},{3044, 15},{7275, 15},{4424, 10},{13015, 8},{14343, 15},{13018, 8},{7275, 15},{4424, 10},
{13017, 8},{20404, 15},{7275, 15},{4424, 10},{21103, 15},{4424, 10},{7275, 15},{13020, 8},{4424, 10},{13019, 8},
{7275, 15},{4424, 10},{11664, 15},{7981, 15},{18767, 8},{1685, 10},{9453, 15},{18764, 8},{4424, 10},{14866, 15},
{6743, 8},{23981, 7},{11790, 17},{25273, 10},{4307, 7},{3781, 16},{23441, 4},{25273, 10},{23441, 4},{3464, 17},
{11571, 7},{6742, 8},{3781, 16},{10391, 7},{6745, 8},{11117, 7},{12692, 17},{3781, 16},{4310, 7},{25273, 10},
{23441, 4},{10392, 7},{4424, 10},{13013, 8},{896, 15},{6747, 8},{3781, 16},{25273, 10},{11572, 7},{25940, 17},
{11569, 7},{23441, 4},{11564, 7},{896, 15},{13019, 8},{4424, 10},{3641, 15},{17774, 15},{3781, 16},{23441, 4},
{6749, 8},{2328, 17},{25273, 10},{17155, 7},{23979, 7},{6748, 8},{3781, 16},{14188, 17},{4307, 7},{4309, 7},
{25273, 10},{23441, 4},{10391, 7},{11116, 7},{25053, 17},{11571, 7},{10393, 7},{6751, 8},{4312, 7},{25273, 10},
{3781, 16},{23441, 4},{1862, 17},{23441, 4},{25273, 10},{23984, 7},{3781, 16},{6750, 8},{10393, 7},{17155, 7},
{1685, 10},{24753, 17},{25263, 7},{3781, 16},{25273, 10},{13175, 4},{18521, 7},{13693, 8},{17573, 7},{22795, 7},
{13694, 8},{13175, 4},{15701, 17},{18528, 7},{25273, 10},{22797, 7},{3781, 16},{25256, 7},{22792, 7},{13175, 4},
{13691, 8},{18783, 1},{6898, 17},{3781, 16},{21069, 7},{25273, 10},{22796, 7},{11764, 7},{13692, 8},{19912, 17},
{25273, 10},{3781, 16},{20658, 7},{22170, 7},{13175, 4},{18791, 1},{13697, 8},{25273, 10},{3781, 16},{2926, 17},
{9134, 1},{11769, 7},{18522, 7},{13175, 4},{25264, 7},{25273, 10},{13594, 17},{11769, 7},{9138, 1},{13698, 8},
{13175, 4},{3781, 16},{2367, 17},{13695, 8},{13175, 4},{11764, 7},{25273, 10},{25256, 7},{3781, 16},{20653, 7},
{3781, 16},{20660, 7},{15472, 17},{13175, 4},{22799, 7},{25273, 10},{13696, 8},{25264, 7},{13175, 4},{16885, 17},
{18529, 7},{25273, 10},{3781, 16},{13701, 8},{11769, 7},{11762, 7},{13702, 8},{13175, 4},{22914, 17},{25273, 10},
{3781, 16},{13017, 8},{4424, 10},{14340, 15},{3449, 15},{3449, 15},{4424, 10},{13018, 8},{3449, 15},{13019, 8},
{4424, 10},{1685, 10},{1685, 10},{3781, 16},{15849, 17},{12329, 1},{12491, 7},{1530, 4},{5506, 7},{2357, 8},
{19293, 7},{26022, 7},{25273, 10},{2770, 8},{2473, 10},{15686, 8},{9453, 15},{4424, 10},{25126, 10},{16508, 8},
{25126, 10},{16509, 8},{25126, 10},{16506, 8},{16507, 8},{25126, 10},{25126, 10},{16504, 8},{16505, 8},{25126, 10},
{25126, 10},{16502, 8},{16503, 8},{25126, 10},{25126, 10},{16511, 8},{16512, 8},{25126, 10},{12430, 7},{25273, 10},
{24792, 17},{10576, 4},{20597, 7},{9290, 8},{3781, 16},{7693, 7},{3042, 17},{12868, 7},{5460, 7},{10576, 4},
{25273, 10},{3781, 16},{5457, 7},{26039, 8},{22169, 17},{5457, 7},{25171, 7},{19467, 7},{10576, 4},{9284, 8},
{12426, 7},{3781, 16},{25273, 10},{5459, 7},{9285, 8},{10576, 4},{4134, 1},{14535, 17},{25273, 10},{12900, 7},
{3781, 16},{12430, 7},{9286, 8},{10658, 7},{3781, 16},{12857, 7},{25273, 10},{10576, 4},{24712, 17},{18053, 17},
{12431, 7},{9287, 8},{14661, 7},{25273, 10},{7694, 7},{10576, 4},{3781, 16},{18766, 8},{4424, 10},{9142, 15},
{25949, 15},{9460, 15},{4424, 10},{13018, 8},{8622, 15},{4424, 10},{18765, 8},{8146, 15},{8622, 15},{8146, 15},
{4424, 10},{18764, 8},{18767, 8},{4424, 10},{8146, 15},{4424, 10},{18581, 15},{8146, 15},{18766, 8},{18762, 8},
{4064, 15},{8146, 15},{4424, 10},{1940, 15},{17612, 4},{7306, 8},{19082, 17},{25273, 10},{6849, 7},{3781, 16},
{7540, 7},{15799, 17},{20549, 7},{23235, 8},{3781, 16},{6851, 7},{17612, 4},{25273, 10},{25273, 10},{6796, 17},
{6850, 7},{23236, 8},{3781, 16},{7541, 7},{17612, 4},{862, 7},{854, 7},{23237, 8},{3781, 16},{8102, 7},
{862, 7},{25030, 17},{25273, 10},{17612, 4},{19719, 1},{17612, 4},{14513, 7},{3781, 16},{25232, 1},{7645, 17},
{23230, 8},{25273, 10},{8103, 7},{861, 7},{23231, 8},{14507, 7},{8102, 7},{25273, 10},{15821, 17},{17612, 4},
{3781, 16},{20548, 7},{8822, 17},{3781, 16},{20545, 7},{17612, 4},{25273, 10},{23232, 8},{20548, 7},{3781, 16},
{859, 7},{17962, 17},{25273, 10},{14508, 7},{19719, 1},{23233, 8},{17612, 4},{20544, 7},{23228, 8},{3528, 17},
{17612, 4},{25273, 10},{25238, 1},{14507, 7},{861, 7},{6851, 7},{3781, 16},{8106, 7},{23229, 8},{1595, 17},
{3781, 16},{20544, 7},{25273, 10},{20549, 7},{7541, 7},{17612, 4},{1685, 10},{16898, 7},{19603, 7},{11719, 7},
{25273, 10},{3781, 16},{14152, 8},{10125, 7},{9588, 17},{8204, 4},{8226, 7},{14151, 8},{5429, 7},{3781, 16},
{11326, 17},{25273, 10},{8204, 4},{23529, 7},{21681, 17},{14147, 8},{3781, 16},{10123, 7},{8204, 4},{8970, 7},
{25273, 10},{10121, 7},{3864, 10},{18521, 9},{17650, 13},{3781, 16},{13175, 2},{13375, 8},{23485, 17},{21045, 3},
{2028, 5},{12847, 12},{25786, 9},{19603, 7},{5461, 8},{10129, 7},{23527, 7},{19604, 7},{1473, 17},{3781, 16},
{25273, 10},{8204, 4},{13828, 17},{5431, 7},{19613, 7},{8204, 4},{5429, 7},{14144, 8},{3781, 16},{5433, 7},
{25273, 10},{2036, 5},{3864, 10},{3781, 16},{11761, 9},{4606, 17},{13175, 2},{25330, 3},{13710, 9},{2181, 13},
{289, 12},{13378, 8},{13707, 9},{1528, 3},{11762, 9},{11763, 9},{3864, 10},{13379, 8},{8429, 13},{2036, 5},
{13175, 2},{3344, 12},{11924, 17},{3781, 16},{24063, 3},{5764, 12},{13376, 8},{3781, 16},{12070, 9},{8460, 13},
{11764, 9},{20163, 5},{3864, 10},{13175, 2},{13179, 17},{3179, 17},{21563, 13},{3781, 16},{944, 8},{3864, 10},
{11766, 9},{24272, 9},{13175, 2},{2037, 5},{17573, 9},{8956, 3},{7338, 12},{25273, 10},{3840, 7},{21288, 17},
{2661, 7},{3781, 16},{15066, 4},{2987, 8},{8559, 7},{7268, 1},{7819, 7},{3781, 16},{15066, 4},{23896, 17},
{8561, 7},{2988, 8},{25273, 10},{3840, 7},{2985, 8},{3781, 16},{25273, 10},{25898, 17},{22646, 7},{15066, 4},
{9041, 7},{22647, 7},{3781, 16},{15066, 4},{2986, 8},{9025, 17},{8556, 7},{2642, 7},{2643, 7},{25273, 10},
{7819, 7},{401, 7},{3781, 16},{7176, 17},{14868, 7},{2983, 8},{3451, 1},{25273, 10},{15856, 7},{15066, 4},
{15853, 7},{3781, 16},{8557, 7},{7273, 1},{20304, 17},{2984, 8},{15066, 4},{25273, 10},{8564, 7},{22647, 7},
{2643, 7},{22648, 7},{8562, 7},{23719, 17},{25273, 10},{3781, 16},{15857, 7},{15066, 4},{2981, 8},{15066, 4},
{25273, 10},{22649, 7},{3781, 16},{22651, 7},{24778, 17},{2982, 8},{2661, 7},{15861, 7},{3781, 16},{22648, 7},
{2979, 8},{10607, 17},{25273, 10},{3455, 1},{15066, 4},{8564, 7},{15172, 17},{2653, 7},{21249, 7},{14856, 7},
{15066, 4},{2980, 8},{2640, 7},{25273, 10},{3781, 16},{1685, 10},{8557, 7},{22648, 7},{15066, 4},{8559, 7},
{15853, 7},{3781, 16},{3361, 17},{16790, 8},{25273, 10},{20508, 17},{2642, 7},{8561, 7},{25273, 10},{7826, 7},
{3781, 16},{9478, 8},{24570, 1},{15066, 4},{22649, 7},{13312, 17},{3781, 16},{4578, 8},{7819, 7},{25273, 10},
{15066, 4},{8565, 7},{3781, 16},{25273, 10},{15066, 4},{7172, 17},{22649, 7},{9476, 8},{22648, 7},{2640, 7},
{9481, 8},{1248, 17},{7821, 7},{25273, 10},{7819, 7},{15066, 4},{2653, 7},{3781, 16},{15066, 4},{9686, 17},
{25273, 10},{7821, 7},{9482, 8},{3781, 16},{3840, 7},{8557, 7},{22650, 7},{2642, 7},{21701, 17},{25273, 10},
{3781, 16},{15066, 4},{9479, 8},{5047, 7},{3781, 16},{22653, 7},{2658, 7},{6783, 17},{15066, 4},{25273, 10},
{9480, 8},{15066, 4},{25273, 10},{3781, 16},{2653, 7},{7817, 7},{15859, 7},{9483, 8},{7273, 1},{13601, 17},
{25273, 10},{14851, 7},{13961, 17},{21226, 7},{7817, 7},{3781, 16},{15066, 4},{9484, 8},{18763, 8},{4424, 10},
{1547, 15},{9454, 15},{18762, 8},{4424, 10},{9454, 15},{398, 15},{4424, 10},{21219, 15},{15686, 8},{9454, 15},
{13314, 15},{9454, 15},{4424, 10},{9434, 8},{7220, 15},{18767, 8},{4424, 10},{9454, 15},{8572, 15},{21221, 15},
{4424, 10},{9454, 15},{18766, 8},{18765, 8},{4424, 10},{9454, 15},{9454, 15},{4424, 10},{18764, 8},{6692, 8},
{9454, 15},{4424, 10},{21215, 15},{6690, 8},{20091, 15},{9454, 15},{4424, 10},{4424, 10},{15412, 15},{18764, 8},
{25126, 10},{25608, 8},{25126, 10},{17343, 8},{25126, 10},{20795, 8},{1052, 8},{25126, 10},{25623, 8},{25126, 10},
{25621, 8},{25126, 10},{17453, 8},{25126, 10},{25126, 10},{25626, 8},{26313, 8},{25126, 10},{25126, 10},{26312, 8},
{20588, 7},{5015, 17},{25273, 10},{10854, 7},{3781, 16},{16456, 7},{18552, 8},{15272, 4},{17352, 7},{15272, 4},
{10840, 7},{3770, 7},{3781, 16},{288, 17},{18553, 8},{25273, 10},{1685, 10},{23463, 7},{3781, 16},{18549, 8},
{10549, 7},{25273, 10},{15272, 4},{10039, 17},{16456, 7},{5495, 8},{25273, 10},{23460, 7},{1442, 1},{3742, 17},
{3781, 16},{15272, 4},{10547, 7},{25273, 10},{17259, 1},{15272, 4},{3781, 16},{16456, 7},{23465, 7},{18547, 8},
{8954, 17},{25273, 10},{10840, 7},{10547, 7},{18548, 8},{15272, 4},{20588, 7},{3706, 17},{3781, 16},{25273, 10},
{3781, 16},{10840, 7},{19252, 17},{10550, 7},{18545, 8},{17354, 7},{15272, 4},{17353, 7},{17260, 1},{18546, 8},
{3781, 16},{3773, 7},{3766, 7},{15272, 4},{25273, 10},{8926, 17},{17816, 7},{19894, 7},{25273, 10},{3781, 16},
{7501, 17},{16449, 7},{15272, 4},{17351, 7},{18543, 8},{20561, 7},{18544, 8},{23459, 7},{3781, 16},{18463, 17},
{25273, 10},{15272, 4},{20623, 7},{17816, 7},{3774, 7},{1685, 10},{7245, 9},{21603, 9},{7248, 9},{3781, 16},
{12253, 2},{3689, 3},{21602, 9},{23234, 12},{8283, 10},{21164, 8},{9917, 17},{20170, 5},{14701, 13},{12095, 17},
{3781, 16},{23066, 3},{8283, 10},{21165, 8},{7246, 9},{1949, 9},{12253, 2},{2199, 12},{20478, 13},{1950, 9},
{24294, 5},{3781, 16},{6717, 3},{21166, 8},{19227, 17},{18810, 13},{24288, 5},{21610, 9},{23468, 12},{12253, 2},
{14174, 9},{14175, 9},{8283, 10},{24024, 9},{12253, 2},{2028, 5},{12326, 13},{21167, 8},{24075, 3},{7247, 9},
{19197, 12},{3781, 16},{9038, 17},{8283, 10},{15412, 15},{18766, 8},{21649, 15},{4424, 10},{8703, 15},{4424, 10},
{15686, 8},{15412, 15},{1685, 10},{1685, 10},{23080, 8},{5431, 7},{8226, 7},{3781, 16},{10124, 7},{25273, 10},
{8204, 4},{9612, 17},{25131, 7},{12325, 17},{3781, 16},{16897, 7},{25273, 10},{10124, 7},{8204, 4},{23079, 8},
{11703, 17},{3781, 16},{16901, 7},{12338, 8},{10126, 7},{25273, 10},{8204, 4},{10124, 7},{25137, 7},{8204, 4},
{5432, 7},{25273, 10},{25134, 7},{23519, 7},{16124, 17},{3781, 16},{23077, 8},{20197, 1},{23076, 8},{25273, 10},
{23525, 7},{10125, 7},{10129, 7},{3687, 17},{3781, 16},{25135, 7},{8204, 4},{23075, 8},{16902, 7},{25273, 10},
{2202, 17},{3781, 16},{10125, 7},{8204, 4},{16897, 7},{5431, 7},{19247, 17},{25137, 7},{3781, 16},{8204, 4},
{25273, 10},{23525, 7},{23074, 8},{3781, 16},{25273, 10},{23073, 8},{19603, 7},{8204, 4},{12898, 17},{5430, 7},
{3781, 16},{26371, 7},{6973, 17},{25273, 10},{19602, 7},{8204, 4},{23072, 8},{19606, 7},{25273, 10},{3781, 16},
{10129, 7},{5430, 7},{8204, 4},{23071, 8},{25133, 7},{25945, 17},{23975, 2},{15414, 13},{17071, 12},{25060, 9},
{8283, 10},{25059, 9},{3781, 16},{4317, 3},{12341, 17},{9090, 8},{20165, 5},{16259, 9},{25058, 9},{24303, 5},
{3781, 16},{16260, 9},{23975, 2},{12282, 9},{8283, 10},{15133, 12},{9089, 8},{9563, 3},{20047, 13},{5521, 17},
{3781, 16},{25227, 13},{23975, 2},{25056, 9},{10471, 17},{9092, 8},{10799, 5},{254, 12},{25055, 9},{16256, 9},
{16255, 9},{8283, 10},{1305, 3},{25061, 9},{23975, 2},{8283, 10},{16257, 9},{11075, 17},{16258, 9},{22168, 12},
{24290, 5},{9436, 3},{9091, 8},{3781, 16},{25054, 9},{12557, 13},{3919, 12},{24720, 3},{3781, 16},{25064, 9},
{26090, 5},{20235, 9},{12983, 13},{8283, 10},{5809, 17},{23975, 2},{9094, 8},{6253, 17},{23975, 2},{20164, 5},
{15254, 3},{21745, 13},{16264, 9},{25057, 9},{9093, 8},{3781, 16},{3954, 12},{16265, 9},{8283, 10},{21302, 3},
{3781, 16},{15612, 13},{20233, 9},{8450, 17},{9096, 8},{19121, 9},{23975, 2},{2028, 5},{22305, 12},{19120, 9},
{8283, 10},{19354, 17},{9095, 8},{18056, 13},{24294, 5},{25065, 9},{23975, 2},{8283, 10},{20236, 9},{21657, 12},
{3781, 16},{22072, 3},{4616, 12},{12350, 5},{23975, 2},{8540, 9},{9098, 8},{17198, 17},{8283, 10},{20239, 9},
{19122, 9},{3781, 16},{22630, 13},{1478, 3},{3781, 16},{8283, 10},{19123, 9},{23975, 2},{2033, 5},{5051, 3},
{9097, 8},{20234, 9},{2088, 12},{231, 13},{8081, 17},{4424, 10},{3155, 15},{13019, 8},{17630, 15},{10960, 15},
{4424, 10},{13018, 8},{3155, 15},{4424, 10},{3155, 15},{13017, 8},{4424, 10},{18249, 15},{13018, 8},{2627, 15},
{2627, 15},{4424, 10},{13017, 8},{12983, 3},{862, 9},{16547, 9},{7606, 13},{861, 9},{16550, 9},{21166, 8},
{8283, 10},{9606, 12},{2032, 5},{12165, 17},{17612, 2},{3781, 16},{13019, 8},{2627, 15},{16822, 15},{4424, 10},
{2627, 15},{4424, 10},{21582, 15},{13014, 8},{16764, 15},{4424, 10},{2627, 15},{13013, 8},{4424, 10},{21591, 15},
{2627, 15},{13015, 8},{1685, 10},{4424, 10},{6690, 8},{12328, 15},{6692, 8},{12328, 15},{4424, 10},{23767, 15},
{4424, 10},{18766, 8},{12328, 15},{10132, 15},{12328, 15},{18767, 8},{4424, 10},{23770, 15},{4424, 10},{12451, 15},
{12328, 15},{18764, 8},{12328, 15},{11667, 15},{18765, 8},{4424, 10},{21385, 15},{4424, 10},{18762, 8},{11666, 15},
{12328, 15},{21386, 15},{1928, 15},{18763, 8},{12328, 15},{4424, 10},{4424, 10},{12328, 15},{9434, 8},{25195, 15},
{12328, 15},{4424, 10},{4079, 15},{15686, 8},{25273, 10},{1741, 7},{6186, 17},{3781, 16},{4348, 8},{19954, 4},
{25616, 7},{3781, 16},{1739, 7},{25273, 10},{4347, 8},{14476, 17},{19954, 4},{12062, 7},{25606, 7},{10306, 17},
{19954, 4},{5129, 7},{4346, 8},{3781, 16},{25273, 10},{15191, 17},{4345, 8},{19954, 4},{25273, 10},{3781, 16},
{8070, 7},{5134, 7},{5132, 7},{25273, 10},{3781, 16},{23490, 17},{25615, 7},{12518, 1},{19954, 4},{4352, 8},
{1741, 7},{19954, 4},{4351, 8},{25609, 7},{3781, 16},{25273, 10},{10300, 17},{25615, 7},{8076, 7},{3781, 16},
{1739, 7},{19954, 4},{4350, 8},{25273, 10},{25689, 17},{12064, 7},{25613, 7},{8076, 7},{22828, 17},{19954, 4},
{25273, 10},{3781, 16},{4349, 8},{8069, 7},{3781, 16},{12058, 7},{5225, 1},{12064, 7},{21958, 17},{19954, 4},
{25615, 7},{25273, 10},{4342, 8},{25616, 7},{19954, 4},{864, 1},{8883, 17},{25273, 10},{3781, 16},{12059, 7},
{4341, 8},{25610, 7},{18765, 8},{9339, 15},{4424, 10},{4424, 10},{9339, 15},{18764, 8},{12734, 15},{9339, 15},
{4424, 10},{18767, 8},{9339, 15},{4424, 10},{18766, 8},{4424, 10},{13538, 15},{13544, 15},{18762, 8},{9339, 15},
{20310, 15},{10576, 4},{1471, 7},{4131, 1},{7672, 10},{9463, 8},{3781, 16},{8913, 3},{9222, 17},{6920, 7},
{7489, 7},{22910, 1},{24331, 17},{20260, 8},{20043, 7},{7672, 10},{10576, 4},{3781, 16},{1816, 3},{1464, 7},
{7672, 10},{19183, 8},{25548, 3},{3781, 16},{10576, 4},{1465, 7},{2002, 17},{4131, 1},{21180, 7},{3781, 16},
{20738, 17},{1466, 7},{21181, 7},{7672, 10},{4130, 1},{10576, 4},{4532, 8},{18913, 3},{23665, 10},{3781, 16},
{14422, 7},{25121, 1},{9767, 8},{2168, 7},{7491, 7},{14031, 3},{7672, 10},{14845, 17},{10576, 4},{7095, 1},
{7672, 10},{3781, 16},{20041, 7},{10075, 8},{10576, 4},{9223, 17},{12404, 3},{23151, 17},{22854, 3},{7095, 1},
{1469, 7},{1470, 7},{3781, 16},{9461, 8},{10576, 4},{7672, 10},{15905, 3},{7491, 7},{25894, 17},{1468, 7},
{7091, 1},{20044, 7},{3781, 16},{19138, 8},{10576, 4},{1223, 10},{7672, 10},{12430, 0},{7486, 7},{7672, 10},
{10576, 4},{20037, 7},{10190, 3},{20051, 17},{7098, 1},{4492, 8},{23665, 10},{3781, 16},{7489, 7},{10679, 0},
{4494, 8},{3781, 16},{7089, 1},{6275, 3},{13532, 17},{6914, 7},{10576, 4},{7672, 10},{1223, 10},{904, 12},
{8283, 10},{24297, 5},{1143, 2},{5847, 9},{5848, 9},{8923, 17},{3781, 16},{13736, 13},{18677, 9},{24592, 3},
{9090, 8},{6828, 13},{5849, 9},{1143, 2},{1859, 12},{9089, 8},{3781, 16},{6976, 17},{20171, 5},{8283, 10},
{18676, 9},{23734, 3},{26063, 17},{10190, 3},{3781, 16},{8283, 10},{17928, 5},{9092, 8},{18679, 9},{25548, 13},
{15198, 12},{26340, 9},{1143, 2},{5840, 9},{18685, 9},{20071, 17},{19244, 12},{5841, 9},{12816, 13},{3781, 16},
{3241, 3},{1143, 2},{9091, 8},{12350, 5},{8283, 10},{18678, 9},{25422, 9},{8283, 10},{3781, 16},{20162, 5},
{9094, 8},{26338, 9},{15198, 12},{6860, 17},{24801, 3},{1143, 2},{16899, 13},{18686, 9},{1143, 2},{17867, 17},
{19353, 12},{8283, 10},{2034, 5},{26341, 9},{9093, 8},{3781, 16},{22976, 13},{9364, 3},{25423, 9},{3781, 16},
{8283, 10},{21302, 12},{6329, 3},{26344, 9},{9096, 8},{4594, 17},{25427, 9},{1143, 2},{17928, 5},{13082, 13},
{8283, 10},{3781, 16},{25425, 9},{17929, 3},{25424, 9},{9095, 8},{6425, 17},{1143, 2},{20166, 5},{26339, 9},
{10917, 13},{16652, 12},{26343, 9},{8283, 10},{26342, 9},{17124, 13},{1143, 2},{3781, 16},{9098, 8},{23437, 12},
{19117, 3},{10401, 5},{20624, 9},{22355, 17},{20163, 5},{9097, 8},{25426, 9},{7988, 13},{1143, 2},{16158, 3},
{3781, 16},{26345, 9},{5041, 12},{8283, 10},{21125, 17},{1685, 10},{2473, 10},{4012, 8},{7672, 10},{3781, 16},
{5895, 3},{22634, 17},{14688, 1},{24345, 8},{8204, 4},{20213, 7},{24246, 8},{2473, 10},{4424, 10},{18531, 15},
{3161, 15},{13014, 8},{4424, 10},{13013, 8},{3161, 15},{4424, 10},{13015, 8},{3161, 15},{4424, 10},{3161, 15},
{13018, 8},{4424, 10},{13017, 8},{3161, 15},{3161, 15},{4424, 10},{13020, 8},{13019, 8},{4424, 10},{3161, 15},
{4424, 10},{18766, 8},{3926, 15},{13538, 15},{24254, 8},{2473, 10},{4424, 10},{3926, 15},{18764, 8},{4424, 10},
{12737, 15},{18765, 8},{3926, 15},{18762, 8},{4424, 10},{3926, 15},{18763, 8},{4424, 10},{3926, 15},{9434, 8},
{3926, 15},{4424, 10},{3172, 15},{25946, 15},{23665, 10},{23947, 1},{1885, 3},{4588, 17},{7672, 10},{20380, 7},
{21360, 8},{3781, 16},{23441, 4},{693, 7},{6690, 8},{4424, 10},{3926, 15},{25949, 15},{4424, 10},{3926, 15},
{6692, 8},{25131, 7},{8204, 4},{14780, 17},{25273, 10},{25133, 7},{2418, 8},{3781, 16},{26371, 7},{13431, 1},
{6690, 8},{4424, 10},{7278, 15},{3781, 16},{5432, 7},{16906, 7},{25134, 7},{8204, 4},{10124, 7},{2448, 8},
{14681, 1},{25273, 10},{6038, 17},{25136, 7},{25273, 10},{8155, 17},{8204, 4},{16901, 7},{3781, 16},{25134, 7},
{2435, 8},{25273, 10},{22793, 7},{6873, 17},{3781, 16},{9282, 8},{18528, 7},{13175, 4},{25273, 10},{3781, 16},
{9283, 8},{17533, 17},{13175, 4},{22793, 7},{11763, 7},{5428, 7},{8204, 4},{10120, 7},{26371, 7},{25273, 10},
{779, 17},{10211, 8},{25139, 7},{3781, 16},{3781, 16},{2255, 17},{25130, 7},{5428, 7},{5431, 7},{8204, 4},
{25273, 10},{7980, 8},{25137, 7},{18767, 8},{13621, 15},{4424, 10},{7278, 15},{7278, 15},{18766, 8},{4424, 10},
{7278, 15},{8632, 15},{18765, 8},{4424, 10},{13175, 4},{9285, 8},{25273, 10},{3781, 16},{20653, 7},{774, 17},
{22170, 7},{25273, 10},{25138, 7},{23529, 7},{17524, 8},{16906, 7},{10130, 7},{3781, 16},{24500, 17},{8204, 4},
{9137, 1},{3781, 16},{22799, 7},{13175, 4},{26039, 8},{17862, 17},{22796, 7},{25273, 10},{15686, 8},{4248, 15},
{4424, 10},{7278, 15},{18525, 7},{25273, 10},{25263, 7},{16245, 17},{3781, 16},{9289, 8},{11767, 7},{13175, 4},
{25266, 7},{1685, 10},{3781, 16},{12253, 4},{19848, 7},{25273, 10},{19853, 7},{16185, 17},{22130, 8},{25273, 10},
{2758, 7},{19856, 7},{14180, 7},{22131, 8},{3781, 16},{12342, 17},{12253, 4},{22388, 7},{3781, 16},{11533, 17},
{25273, 10},{12253, 4},{13169, 8},{16285, 7},{19857, 7},{2756, 7},{15590, 17},{3781, 16},{25273, 10},{19855, 7},
{13178, 8},{12253, 4},{14183, 7},{12253, 4},{3781, 16},{20247, 17},{25273, 10},{7250, 7},{19856, 7},{807, 8},
{25731, 17},{25273, 10},{7246, 7},{12253, 4},{812, 8},{3781, 16},{22396, 7},{19857, 7},{19849, 7},{22387, 7},
{19851, 7},{14182, 7},{19853, 7},{12253, 4},{3781, 16},{25273, 10},{21678, 17},{13205, 8},{20888, 1},{22393, 7},
{3781, 16},{16700, 8},{20303, 17},{22391, 7},{12253, 4},{25273, 10},{16284, 7},{3781, 16},{25273, 10},{25470, 17},
{19852, 7},{16457, 8},{12253, 4},{14177, 7},{13258, 8},{12253, 4},{3781, 16},{3162, 17},{22388, 7},{25273, 10},
{14183, 7},{12329, 15},{18765, 8},{18084, 15},{4424, 10},{12329, 15},{18084, 15},{21385, 15},{18764, 8},{4424, 10},
{23765, 15},{11669, 15},{21608, 15},{11319, 15},{4424, 10},{12329, 15},{18767, 8},{18766, 8},{12329, 15},{4424, 10},
{4424, 10},{15686, 8},{12329, 15},{4424, 10},{12329, 15},{9434, 8},{4424, 10},{12329, 15},{21613, 15},{18763, 8},
{18762, 8},{4424, 10},{12329, 15},{4424, 10},{6692, 8},{21611, 15},{12329, 15},{6690, 8},{12329, 15},{4424, 10},
{11322, 15},{18762, 8},{4424, 10},{18781, 15},{18781, 15},{18763, 8},{4424, 10},{6287, 15},{15686, 8},{398, 15},
{4424, 10},{4424, 10},{18781, 15},{15686, 8},{6287, 15},{4424, 10},{18767, 8},{4424, 10},{6692, 8},{20395, 15},
{4424, 10},{18765, 8},{6287, 15},{4424, 10},{18781, 15},{22845, 15},{8778, 15},{18765, 8},{10242, 15},{4424, 10},
{18762, 8},{20395, 15},{18763, 8},{20395, 15},{4424, 10},{7402, 15},{20395, 15},{4424, 10},{9434, 8},{4424, 10},
{15686, 8},{20395, 15},{6692, 8},{4424, 10},{21224, 15},{6287, 15},{18781, 15},{6692, 8},{4424, 10},{20395, 15},
{18764, 8},{4424, 10},{20395, 15},{7407, 15},{4424, 10},{18765, 8},{10576, 4},{12435, 7},{15039, 7},{3781, 16},
{23548, 17},{7096, 1},{12427, 7},{25273, 10},{7689, 7},{13695, 8},{13017, 8},{4424, 10},{7981, 15},{17752, 17},
{13697, 8},{10576, 4},{12900, 7},{25273, 10},{3781, 16},{25169, 7},{5454, 7},{7691, 7},{4424, 10},{4083, 15},
{7981, 15},{13019, 8},{25273, 10},{3781, 16},{5454, 7},{19467, 7},{10576, 4},{7685, 7},{18426, 17},{13691, 8},
{12430, 7},{13692, 8},{5451, 7},{25273, 10},{8267, 17},{12431, 7},{3781, 16},{10576, 4},{12346, 17},{10576, 4},
{25172, 7},{25273, 10},{3781, 16},{12426, 7},{5455, 7},{13693, 8},{5454, 7},{7981, 15},{13015, 8},{4424, 10},
{10576, 4},{12426, 7},{13701, 8},{3781, 16},{25273, 10},{12425, 7},{7691, 7},{26, 17},{23418, 17},{7694, 7},
{7689, 7},{13702, 8},{3781, 16},{10576, 4},{25273, 10},{6692, 8},{18437, 15},{4424, 10},{6384, 15},{4424, 10},
{6690, 8},{17854, 15},{6384, 15},{6384, 15},{4424, 10},{18765, 8},{6384, 15},{4424, 10},{18764, 8},{18767, 8},
{4424, 10},{6384, 15},{11679, 15},{18766, 8},{4424, 10},{6384, 15},{4093, 15},{15686, 8},{4424, 10},{6384, 15},
{18436, 15},{4424, 10},{13476, 15},{9434, 8},{6384, 15},{6384, 15},{18763, 8},{4424, 10},{14667, 15},{18762, 8},
{6384, 15},{4424, 10},{1685, 10},{13014, 8},{15412, 15},{1572, 15},{4424, 10},{15412, 15},{4424, 10},{3231, 15},
{13013, 8},{2007, 15},{13020, 8},{4424, 10},{15412, 15},{10921, 15},{15412, 15},{22367, 15},{4424, 10},{13019, 8},
{4424, 10},{15412, 15},{13018, 8},{15412, 15},{13017, 8},{9567, 15},{4424, 10},{13014, 8},{4424, 10},{15511, 15},
{19358, 15},{18584, 15},{23624, 15},{4424, 10},{15514, 15},{13013, 8},{18584, 15},{19358, 15},{10242, 15},{19358, 15},
{13015, 8},{4424, 10},{4424, 10},{21538, 15},{13018, 8},{25298, 15},{19358, 15},{19358, 15},{1942, 15},{13017, 8},
{1404, 15},{4424, 10},{4424, 10},{13020, 8},{19358, 15},{8882, 15},{4424, 10},{13019, 8},{19358, 15},{6390, 15},
{4424, 10},{9434, 8},{3781, 16},{23975, 4},{7672, 10},{8483, 8},{21331, 17},{6065, 3},{8365, 1},{12289, 7},
{2468, 3},{6287, 1},{25056, 7},{3781, 16},{8482, 8},{7672, 10},{8584, 7},{12292, 7},{23975, 4},{8002, 17},
{23975, 4},{10621, 17},{8489, 8},{6287, 1},{19120, 7},{7672, 10},{23665, 10},{3781, 16},{13931, 3},{24363, 1},
{3781, 16},{7672, 10},{6104, 7},{23975, 4},{25057, 7},{8956, 3},{8488, 8},{23736, 17},{3781, 16},{1710, 3},
{23665, 10},{25059, 7},{7672, 10},{19112, 7},{19116, 7},{9862, 17},{8366, 1},{8491, 8},{23975, 4},{8368, 1},
{7672, 10},{23665, 10},{16086, 3},{23975, 4},{6104, 7},{8948, 17},{3781, 16},{8490, 8},{23975, 4},{8485, 8},
{6283, 1},{7672, 10},{12291, 7},{19683, 17},{23665, 10},{13056, 3},{3781, 16},{25057, 7},{19118, 7},{8695, 0},
{3781, 16},{24026, 17},{1223, 10},{25055, 7},{8484, 8},{23975, 4},{7672, 10},{25842, 3},{8366, 1},{12281, 7},
{3781, 16},{12096, 3},{25652, 17},{9452, 1},{23975, 4},{6107, 7},{8540, 7},{7672, 10},{8487, 8},{8368, 1},
{8486, 8},{7672, 10},{1478, 3},{23975, 4},{10759, 7},{3781, 16},{6614, 17},{25116, 15},{15686, 8},{4424, 10},
{25116, 15},{9434, 8},{4424, 10},{16705, 15},{9544, 15},{25116, 15},{4424, 10},{12541, 15},{18763, 8},{18762, 8},
{12536, 15},{25116, 15},{4424, 10},{18765, 8},{25116, 15},{4424, 10},{18764, 8},{16385, 15},{25116, 15},{11788, 15},
{4424, 10},{18767, 8},{25116, 15},{4424, 10},{4424, 10},{18766, 8},{25116, 15},{1685, 10},{6692, 8},{11788, 15},
{25116, 15},{4424, 10},{6690, 8},{25116, 15},{4424, 10},{15852, 7},{8561, 7},{3781, 16},{15066, 4},{7826, 7},
{25273, 10},{13732, 8},{24964, 17},{25273, 10},{13733, 8},{14854, 7},{8236, 17},{3781, 16},{15066, 4},{15854, 7},
{22652, 7},{15859, 7},{3781, 16},{5142, 17},{15862, 7},{25273, 10},{15066, 4},{22653, 7},{14868, 7},{13730, 8},
{25918, 15},{9434, 8},{4424, 10},{25918, 15},{4424, 10},{15686, 8},{18762, 8},{25918, 15},{4424, 10},{4424, 10},
{25918, 15},{11665, 15},{18763, 8},{7244, 15},{25918, 15},{4424, 10},{18764, 8},{18765, 8},{4424, 10},{25918, 15},
{1685, 10},{4424, 10},{25918, 15},{18767, 8},{3456, 15},{4424, 10},{18767, 8},{4424, 10},{6690, 8},{25918, 15},
{25273, 10},{401, 7},{2716, 8},{3781, 16},{15066, 4},{10090, 17},{15856, 7},{6692, 8},{17681, 15},{4424, 10},
{5225, 15},{4424, 10},{8613, 15},{6690, 8},{629, 15},{5225, 15},{15546, 15},{18762, 8},{4424, 10},{18764, 8},
{4424, 10},{15546, 15},{4424, 10},{16385, 15},{18765, 8},{12536, 15},{15546, 15},{15546, 15},{18766, 8},{4424, 10},
{4276, 15},{24672, 15},{15546, 15},{23558, 15},{4424, 10},{18767, 8},{4424, 10},{5225, 15},{18767, 8},{5225, 15},
{4424, 10},{18766, 8},{1901, 15},{16866, 15},{8615, 15},{5225, 15},{4424, 10},{18765, 8},{16864, 15},{5225, 15},
{15483, 15},{18764, 8},{4424, 10},{1903, 15},{4424, 10},{5225, 15},{18763, 8},{18762, 8},{3947, 15},{4424, 10},
{635, 15},{5225, 15},{15686, 8},{5225, 15},{4424, 10},{9434, 8},{4424, 10},{5225, 15},{3781, 16},{10416, 17},
{15455, 8},{12657, 1},{7672, 10},{16693, 3},{23665, 10},{19954, 4},{11416, 7},{25800, 7},{7672, 10},{871, 1},
{1745, 0},{9988, 3},{15454, 8},{19954, 4},{24682, 17},{20820, 7},{3781, 16},{1223, 10},{7672, 10},{12211, 17},
{23665, 10},{25798, 7},{23734, 3},{19954, 4},{3781, 16},{26363, 8},{12518, 1},{1867, 3},{1223, 10},{3781, 16},
{13632, 8},{19954, 4},{13909, 17},{12512, 1},{20823, 7},{7672, 10},{1132, 7},{5137, 0},{19954, 4},{12848, 17},
{7672, 10},{8069, 0},{12523, 1},{14981, 3},{11417, 7},{13631, 8},{1223, 10},{3781, 16},{20816, 7},{1223, 10},
{25796, 7},{3781, 16},{1743, 0},{7672, 10},{26325, 8},{867, 1},{19954, 4},{5010, 17},{11422, 7},{3733, 3},
{7839, 7},{21741, 3},{19954, 4},{23665, 10},{25530, 17},{1120, 7},{13647, 8},{3781, 16},{25793, 7},{7672, 10},
{871, 1},{19954, 4},{3781, 16},{7672, 10},{16613, 3},{15369, 17},{13645, 8},{25792, 7},{12677, 1},{19954, 4},
{4150, 17},{3781, 16},{1223, 10},{7672, 10},{13643, 8},{1133, 7},{12653, 1},{8080, 0},{2035, 3},{19954, 4},
{7835, 7},{7672, 10},{3781, 16},{7831, 7},{23665, 10},{20478, 3},{4268, 17},{10848, 1},{26370, 8},{1685, 10},
{26312, 8},{25126, 10},{25126, 10},{26313, 8},{25626, 8},{25126, 10},{17453, 8},{25126, 10},{25126, 10},{25621, 8},
{25126, 10},{25623, 8},{25126, 10},{1052, 8},{20795, 8},{25126, 10},{17343, 8},{25126, 10},{25608, 8},{25126, 10},
{1685, 10},{16139, 3},{3781, 16},{16904, 0},{8204, 4},{13430, 1},{2698, 7},{3302, 17},{1223, 10},{19425, 8},
{15573, 7},{7672, 10},{9198, 7},{18372, 17},{2702, 7},{22339, 7},{8226, 0},{14688, 1},{19424, 8},{8204, 4},
{1223, 10},{8956, 3},{3781, 16},{7672, 10},{1198, 7},{19427, 8},{3781, 16},{14686, 1},{7672, 10},{8204, 4},
{13164, 3},{12229, 17},{9199, 7},{15571, 7},{15569, 7},{7672, 10},{19426, 8},{20201, 1},{14499, 17},{12689, 3},
{3781, 16},{2700, 7},{8204, 4},{14686, 1},{3781, 16},{8204, 4},{1206, 7},{5433, 0},{1223, 10},{19423, 8},
{7672, 10},{20213, 7},{10072, 17},{3980, 3},{8204, 4},{9201, 7},{7672, 10},{3781, 16},{14681, 1},{6065, 3},
{19422, 8},{1194, 7},{16859, 17},{9203, 7},{4424, 10},{12735, 15},{3932, 15},{18762, 8},{1685, 10},{18767, 8},
{6626, 15},{4424, 10},{3932, 15},{3932, 15},{4424, 10},{18766, 8},{3932, 15},{4424, 10},{18765, 8},{3932, 15},
{18764, 8},{4424, 10},{18767, 8},{17812, 15},{4170, 15},{4424, 10},{18766, 8},{17812, 15},{4424, 10},{19304, 15},
{25126, 10},{6594, 8},{17812, 15},{18764, 8},{4424, 10},{6588, 8},{25126, 10},{25126, 10},{6587, 8},{6590, 8},
{25126, 10},{13829, 8},{25126, 10},{1685, 10},{20242, 7},{8695, 7},{3781, 16},{20234, 7},{23975, 4},{25273, 10},
{184, 8},{16256, 7},{25882, 17},{2169, 7},{11645, 8},{10576, 4},{14884, 17},{3781, 16},{8096, 3},{23665, 10},
{4134, 1},{14422, 7},{7672, 10},{1469, 7},{25273, 10},{12027, 7},{24752, 4},{18960, 7},{3781, 16},{25099, 17},
{22585, 8},{1685, 10},{10094, 7},{26344, 7},{5850, 7},{25273, 10},{1143, 4},{3781, 16},{17858, 17},{4578, 8},
{26346, 7},{5845, 7},{3781, 16},{25273, 10},{19585, 7},{1143, 4},{15317, 17},{9478, 8},{3781, 16},{6930, 7},
{18960, 7},{22586, 8},{24752, 4},{25273, 10},{18950, 7},{5243, 17},{12735, 15},{9139, 15},{4424, 10},{9434, 8},
{3781, 16},{1143, 4},{9480, 8},{7012, 7},{24581, 17},{10094, 7},{25273, 10},{26339, 7},{9434, 8},{864, 15},
{20107, 15},{13351, 15},{4424, 10},{895, 15},{13018, 8},{4424, 10},{3781, 16},{24797, 17},{3320, 7},{10097, 7},
{25273, 10},{9482, 8},{1143, 4},{7491, 7},{7487, 7},{7484, 7},{3781, 16},{23665, 10},{6378, 17},{10576, 4},
{4134, 1},{19191, 3},{7672, 10},{16857, 8},{26346, 7},{3781, 16},{9481, 8},{10089, 7},{1143, 4},{7462, 17},
{25273, 10},{1685, 10},{17627, 8},{3781, 16},{25273, 10},{8687, 7},{7159, 7},{10829, 17},{23975, 4},{12655, 8},
{25126, 10},{12654, 8},{25126, 10},{4424, 10},{12729, 15},{9139, 15},{15686, 8},{17194, 15},{12659, 8},{25126, 10},
{25126, 10},{12658, 8},{25126, 10},{22782, 8},{12660, 8},{25126, 10},{25126, 10},{22785, 8},{25126, 10},{12662, 8},
{12665, 8},{25126, 10},{12664, 8},{25126, 10},{4424, 10},{6690, 8},{864, 15},{4307, 7},{3781, 16},{17146, 7},
{18553, 8},{10777, 17},{23987, 7},{25273, 10},{23441, 4},{18552, 8},{23441, 4},{25273, 10},{3781, 16},{23950, 1},
{19542, 17},{23978, 7},{10397, 7},{1685, 10},{1685, 10},{4424, 10},{9416, 15},{13020, 8},{13019, 8},{1412, 15},
{9416, 15},{4424, 10},{1405, 15},{13018, 8},{9416, 15},{4424, 10},{9416, 15},{4424, 10},{13017, 8},{9962, 15},
{13014, 8},{4424, 10},{9416, 15},{5280, 15},{21248, 15},{4424, 10},{9416, 15},{13013, 8},{22808, 15},{24875, 15},
{4424, 10},{13020, 8},{13019, 8},{4424, 10},{22808, 15},{4424, 10},{13018, 8},{22808, 15},{7675, 15},{13017, 8},
{25164, 15},{22808, 15},{4424, 10},{13016, 8},{22808, 15},{4424, 10},{13475, 15},{22808, 15},{4424, 10},{13015, 8},
{13014, 8},{4424, 10},{22808, 15},{22808, 15},{4424, 10},{13013, 8},{24884, 8},{4099, 15},{22808, 15},{4424, 10},
{1685, 10},{3781, 16},{10673, 7},{25173, 7},{1728, 17},{17584, 8},{25273, 10},{4130, 1},{10576, 4},{3781, 16},
{7773, 17},{5453, 7},{10640, 7},{25273, 10},{10576, 4},{25121, 1},{17585, 8},{12434, 7},{25273, 10},{5459, 7},
{11190, 17},{3781, 16},{10576, 4},{17591, 8},{10576, 4},{15178, 17},{17592, 8},{3781, 16},{25273, 10},{10658, 7},
{14660, 7},{12431, 7},{7693, 7},{12427, 7},{4131, 1},{15749, 17},{25273, 10},{5456, 7},{10576, 4},{17593, 8},
{3781, 16},{20592, 7},{10576, 4},{3781, 16},{19469, 7},{3132, 17},{5455, 7},{17594, 8},{7692, 7},{25273, 10},
{3781, 16},{14777, 17},{17587, 8},{7692, 7},{10576, 4},{25273, 10},{7693, 7},{10673, 7},{25273, 10},{10576, 4},
{2553, 17},{25121, 1},{12900, 7},{19469, 7},{17588, 8},{12424, 7},{3781, 16},{14478, 17},{25273, 10},{10576, 4},
{12430, 7},{3781, 16},{5453, 7},{12424, 7},{17589, 8},{17590, 8},{14662, 7},{25273, 10},{10576, 4},{3781, 16},
{5454, 7},{15056, 17},{5432, 7},{26371, 7},{14684, 1},{4346, 8},{25273, 10},{8204, 4},{16902, 7},{24293, 17},
{3781, 16},{19606, 7},{7672, 10},{3781, 16},{13033, 7},{5699, 7},{20719, 1},{6642, 3},{22220, 17},{1143, 4},
{24977, 8},{7003, 0},{1223, 10},{3781, 16},{1223, 10},{25173, 0},{7672, 10},{10576, 4},{2172, 7},{6920, 7},
{9664, 17},{8488, 8},{18638, 3},{25116, 1},{8489, 8},{2173, 7},{20042, 7},{7428, 3},{7672, 10},{392, 17},
{14424, 7},{3781, 16},{10576, 4},{4128, 1},{1463, 7},{10576, 4},{7672, 10},{3781, 16},{2090, 3},{22966, 17},
{6926, 7},{8490, 8},{7092, 1},{1465, 7},{8491, 8},{7672, 10},{3781, 16},{4133, 1},{2641, 3},{13674, 17},
{10576, 4},{10576, 4},{4009, 17},{1469, 7},{4128, 1},{7490, 7},{8484, 8},{7672, 10},{6843, 3},{3781, 16},
{21187, 7},{7672, 10},{19810, 7},{24970, 8},{13033, 7},{2461, 1},{15215, 3},{13648, 17},{3781, 16},{1143, 4},
{7672, 10},{4131, 1},{8486, 8},{3781, 16},{17132, 3},{1469, 7},{10576, 4},{14424, 7},{15459, 17},{7672, 10},
{10576, 4},{6917, 7},{2168, 7},{25123, 1},{8487, 8},{3781, 16},{8168, 17},{3733, 3},{7486, 7},{23975, 4},
{25273, 10},{3781, 16},{8695, 7},{544, 7},{20518, 8},{3123, 17},{7672, 10},{19195, 7},{25116, 1},{7486, 7},
{10576, 4},{3781, 16},{8482, 8},{7685, 0},{12596, 17},{19869, 3},{7489, 7},{1223, 10},{8204, 4},{16907, 7},
{25273, 10},{3781, 16},{4341, 8},{16902, 7},{9756, 17},{24173, 15},{14667, 15},{4424, 10},{6692, 8},{19486, 15},
{7161, 7},{23975, 4},{25273, 10},{20517, 8},{7156, 7},{21512, 17},{3781, 16},{20234, 7},{25273, 10},{9457, 1},
{3781, 16},{537, 7},{15013, 17},{23975, 4},{12462, 8},{16256, 7},{5021, 15},{25301, 15},{4424, 10},{18762, 8},
{18763, 8},{1933, 15},{5021, 15},{15518, 15},{4424, 10},{9434, 8},{4424, 10},{5021, 15},{15686, 8},{4424, 10},
{5021, 15},{18766, 8},{4424, 10},{5021, 15},{4424, 10},{18767, 8},{5021, 15},{4424, 10},{5021, 15},{18764, 8},
{5021, 15},{18765, 8},{4424, 10},{4424, 10},{6690, 8},{5021, 15},{23624, 15},{5021, 15},{21485, 15},{4424, 10},
{1410, 15},{6692, 8},{12507, 7},{12232, 4},{25273, 10},{25833, 17},{11774, 7},{11772, 7},{23071, 8},{19924, 7},
{3781, 16},{5525, 7},{12509, 7},{5524, 7},{23072, 8},{25273, 10},{12232, 4},{3781, 16},{223, 17},{1685, 10},
{2660, 17},{12232, 4},{23080, 8},{18542, 7},{3781, 16},{14305, 7},{25273, 10},{23077, 8},{6310, 7},{14310, 7},
{12232, 4},{3781, 16},{5529, 7},{5205, 17},{14309, 7},{25273, 10},{7369, 7},{16442, 1},{12232, 4},{25273, 10},
{3781, 16},{18394, 17},{6316, 7},{12338, 8},{25273, 10},{492, 17},{12504, 7},{19922, 7},{23075, 8},{20398, 1},
{3781, 16},{12232, 4},{11782, 7},{25273, 10},{13211, 17},{3781, 16},{23076, 8},{12232, 4},{7367, 7},{18542, 7},
{17610, 7},{14303, 7},{12232, 4},{25273, 10},{11777, 7},{15092, 17},{3781, 16},{23073, 8},{12232, 4},{3781, 16},
{11772, 7},{14302, 7},{23074, 8},{25273, 10},{15926, 17},{17620, 7},{12253, 4},{9026, 3},{3781, 16},{14175, 0},
{1950, 7},{9416, 1},{16332, 8},{21654, 17},{7672, 10},{8260, 7},{1223, 10},{21610, 7},{12253, 4},{7672, 10},
{24814, 3},{22323, 1},{3073, 7},{14277, 8},{3781, 16},{7755, 17},{10137, 7},{3781, 16},{22330, 1},{7672, 10},
{11895, 7},{13181, 17},{16334, 8},{12253, 4},{24951, 3},{16115, 3},{3207, 17},{20888, 1},{3781, 16},{7672, 10},
{16336, 8},{21610, 7},{12253, 4},{3781, 16},{16337, 8},{3075, 7},{11895, 7},{7672, 10},{20321, 3},{3228, 17},
{12253, 4},{22333, 1},{18082, 7},{2624, 1},{3075, 7},{16749, 3},{3781, 16},{12253, 4},{16339, 8},{16911, 7},
{6970, 17},{16916, 7},{7672, 10},{18082, 7},{16910, 7},{20882, 1},{7672, 10},{12253, 4},{16460, 17},{11895, 7},
{3781, 16},{16342, 8},{22113, 3},{1685, 10},{3781, 16},{18284, 7},{20887, 1},{12253, 4},{13531, 3},{7672, 10},
{2704, 8},{26315, 17},{10356, 3},{9417, 1},{3781, 16},{2705, 8},{7672, 10},{18281, 7},{18358, 17},{12253, 4},
{544, 7},{3781, 16},{23233, 8},{5184, 17},{23975, 4},{25273, 10},{20237, 7},{9434, 8},{12522, 15},{4424, 10},
{4046, 15},{23726, 15},{14473, 8},{8204, 4},{20864, 1},{3781, 16},{24248, 17},{10123, 7},{25273, 10},{8970, 7},
{23520, 7},{18762, 8},{12522, 15},{4424, 10},{4424, 10},{18763, 8},{12522, 15},{12522, 15},{10849, 15},{4424, 10},
{18764, 8},{1903, 15},{18765, 8},{20106, 15},{12522, 15},{4424, 10},{4424, 10},{18766, 8},{16866, 15},{12522, 15},
{12522, 15},{10847, 15},{10843, 15},{18767, 8},{4424, 10},{8692, 7},{23235, 8},{3781, 16},{25273, 10},{23975, 4},
{7165, 7},{21960, 17},{12522, 15},{6690, 8},{13353, 15},{4424, 10},{11071, 15},{4424, 10},{26011, 15},{10223, 15},
{18762, 8},{19282, 15},{15686, 8},{11071, 15},{4424, 10},{4424, 10},{6690, 8},{7274, 15},{7274, 15},{6692, 8},
{4424, 10},{16435, 15},{7274, 15},{4424, 10},{9434, 8},{1685, 10},{7274, 15},{4424, 10},{18762, 8},{4424, 10},
{7274, 15},{18763, 8},{7274, 15},{8874, 15},{4424, 10},{18764, 8},{717, 15},{4424, 10},{721, 15},{18765, 8},
{7274, 15},{18766, 8},{7274, 15},{4424, 10},{21101, 15},{18767, 8},{6701, 15},{4424, 10},{4247, 15},{7274, 15},
{1685, 10},{12253, 4},{19848, 7},{14072, 17},{16285, 7},{16658, 8},{3781, 16},{25273, 10},{12253, 4},{16659, 8},
{8906, 17},{25273, 10},{14175, 7},{16285, 7},{20882, 1},{3781, 16},{14178, 7},{3781, 16},{2761, 7},{25273, 10},
{3266, 7},{24377, 17},{16660, 8},{22393, 7},{12253, 4},{3273, 7},{3781, 16},{12253, 4},{14183, 7},{2759, 7},
{25273, 10},{15750, 17},{16661, 8},{14177, 7},{2624, 1},{4261, 17},{12253, 4},{25273, 10},{16654, 8},{3781, 16},
{7248, 7},{25273, 10},{3781, 16},{16655, 8},{12253, 4},{22391, 7},{6739, 17},{2757, 7},{15903, 1},{25273, 10},
{7246, 7},{3781, 16},{12253, 4},{16656, 8},{7247, 7},{22075, 17},{22332, 1},{25273, 10},{19854, 7},{3270, 7},
{2764, 7},{22396, 7},{3781, 16},{16657, 8},{12253, 4},{12090, 17},{25273, 10},{19854, 7},{21019, 8},{24647, 17},
{12253, 4},{22394, 7},{3781, 16},{19852, 7},{16653, 8},{22392, 7},{12253, 4},{22446, 17},{3781, 16},{25273, 10},
{15272, 4},{898, 1},{7602, 17},{11311, 3},{3781, 16},{7672, 10},{1750, 8},{22665, 7},{15272, 4},{10053, 3},
{23665, 10},{7672, 10},{20125, 7},{12974, 17},{906, 1},{3781, 16},{1751, 8},{20124, 7},{6690, 8},{867, 15},
{8613, 15},{4424, 10},{867, 15},{4424, 10},{629, 15},{6692, 8},{867, 15},{4424, 10},{18762, 8},{9763, 15},
{1903, 15},{4424, 10},{13353, 15},{867, 15},{18763, 8},{867, 15},{4424, 10},{9434, 8},{8609, 15},{15686, 8},
{4424, 10},{867, 15},{18766, 8},{4424, 10},{867, 15},{23721, 15},{867, 15},{4424, 10},{18767, 8},{4424, 10},
{10850, 15},{18764, 8},{867, 15},{18765, 8},{4424, 10},{867, 15},{12430, 7},{10576, 4},{23212, 8},{12426, 7},
{3781, 16},{5452, 7},{25273, 10},{16169, 17},{7685, 7},{10576, 4},{16366, 8},{19098, 17},{12868, 7},{25273, 10},
{3781, 16},{12916, 7},{25173, 7},{12427, 7},{718, 15},{18763, 8},{7275, 15},{4424, 10},{4424, 10},{6701, 15},
{7275, 15},{18762, 8},{4424, 10},{15686, 8},{7275, 15},{8876, 15},{7275, 15},{9434, 8},{4424, 10},{13625, 15},
{18767, 8},{4424, 10},{7275, 15},{20403, 15},{18766, 8},{4424, 10},{7275, 15},{4424, 10},{18765, 8},{7275, 15},
{4424, 10},{18764, 8},{7275, 15},{4424, 10},{4256, 15},{721, 15},{6692, 8},{7275, 15},{13620, 15},{4424, 10},
{7275, 15},{6690, 8},{1685, 10},{16284, 7},{22397, 7},{7372, 17},{12253, 4},{3781, 16},{14184, 7},{13724, 8},
{3274, 7},{25273, 10},{13725, 8},{12253, 4},{17716, 17},{3272, 7},{19851, 7},{22326, 1},{3267, 7},{25273, 10},
{3781, 16},{16284, 7},{3781, 16},{25273, 10},{19856, 7},{7247, 7},{14182, 7},{13726, 8},{12253, 4},{12837, 17},
{14184, 7},{25273, 10},{2757, 7},{22393, 7},{3781, 16},{23226, 17},{12253, 4},{13727, 8},{12809, 17},{12253, 4},
{3781, 16},{25273, 10},{13728, 8},{7251, 7},{19851, 7},{22333, 1},{3781, 16},{3276, 7},{12253, 4},{2759, 7},
{2716, 8},{25273, 10},{2761, 7},{14806, 17},{14177, 7},{14174, 7},{3273, 7},{3844, 17},{12253, 4},{2762, 7},
{3781, 16},{25273, 10},{13730, 8},{3275, 7},{12628, 17},{2630, 1},{7247, 7},{12253, 4},{25273, 10},{5951, 8},
{3781, 16},{2764, 7},{17933, 17},{22393, 7},{19852, 7},{3781, 16},{25273, 10},{14180, 7},{12253, 4},{13732, 8},
{15516, 17},{7250, 7},{13733, 8},{14174, 7},{12253, 4},{14181, 7},{3781, 16},{25273, 10},{19856, 7},{13013, 8},
{4424, 10},{9557, 15},{20369, 15},{9557, 15},{13591, 15},{4424, 10},{13017, 8},{13018, 8},{4424, 10},{1626, 15},
{9557, 15},{7353, 15},{9557, 15},{4424, 10},{13019, 8},{9557, 15},{4424, 10},{13020, 8},{1685, 10},{4134, 15},
{13013, 8},{4424, 10},{4424, 10},{4134, 15},{13014, 8},{4424, 10},{24671, 15},{13015, 8},{4134, 15},{9434, 8},
{4424, 10},{26003, 15},{13017, 8},{4134, 15},{4424, 10},{18766, 8},{4424, 10},{6283, 15},{4134, 15},{13018, 8},
{4424, 10},{2473, 10},{9506, 8},{2473, 10},{9505, 8},{13019, 8},{25292, 15},{16703, 15},{4424, 10},{4134, 15},
{2473, 10},{9510, 8},{9509, 8},{2473, 10},{2473, 10},{9508, 8},{2473, 10},{4830, 8},{9514, 8},{2473, 10},
{2473, 10},{9513, 8},{2473, 10},{9512, 8},{2473, 10},{9511, 8},{6283, 15},{4424, 10},{18767, 8},{1685, 10},
{4424, 10},{13748, 15},{18765, 8},{871, 15},{18766, 8},{871, 15},{4424, 10},{871, 15},{18767, 8},{4424, 10},
{23721, 15},{9434, 8},{871, 15},{1896, 15},{4424, 10},{9761, 15},{871, 15},{15686, 8},{4424, 10},{1903, 15},
{18762, 8},{16868, 15},{871, 15},{10850, 15},{8615, 15},{17677, 15},{4424, 10},{18763, 8},{871, 15},{4424, 10},
{871, 15},{4424, 10},{6690, 8},{871, 15},{11280, 15},{16864, 15},{4424, 10},{6692, 8},{4049, 15},{5460, 7},
{5456, 7},{25273, 10},{3781, 16},{2982, 8},{10576, 4},{20970, 17},{9506, 8},{2473, 10},{9505, 8},{2473, 10},
{9508, 8},{2473, 10},{4830, 8},{2473, 10},{2473, 10},{9510, 8},{9509, 8},{2473, 10},{9512, 8},{2473, 10},
{9511, 8},{2473, 10},{9514, 8},{2473, 10},{9513, 8},{2473, 10},{25126, 10},{6596, 8},{25918, 1},{3781, 16},
{11631, 3},{1530, 4},{7672, 10},{7582, 8},{24122, 17},{9579, 0},{1223, 10},{6320, 7},{6587, 8},{25126, 10},
{6588, 8},{25126, 10},{13829, 8},{25126, 10},{25126, 10},{6590, 8},{13831, 8},{25126, 10},{13833, 8},{25126, 10},
{6593, 8},{25126, 10},{25126, 10},{6594, 8},{1685, 10},{24871, 17},{21230, 7},{20085, 7},{3781, 16},{22647, 7},
{15066, 4},{25273, 10},{6722, 8},{15066, 4},{402, 7},{6723, 8},{22651, 7},{8556, 7},{25273, 10},{8557, 7},
{24569, 1},{3781, 16},{19671, 17},{2653, 7},{6720, 8},{3781, 16},{14856, 7},{15066, 4},{25273, 10},{13427, 17},
{16017, 17},{3781, 16},{401, 7},{8564, 7},{8557, 7},{25273, 10},{6721, 8},{15066, 4},{15066, 4},{22651, 7},
{3781, 16},{2642, 7},{8558, 7},{25273, 10},{6726, 8},{26228, 17},{5001, 7},{8314, 17},{3781, 16},{11922, 7},
{12232, 4},{5683, 7},{1757, 8},{6136, 3},{7672, 10},{5020, 1},{6724, 8},{613, 17},{15066, 4},{15862, 7},
{2643, 7},{22646, 7},{25273, 10},{3781, 16},{8558, 7},{401, 7},{21226, 7},{15066, 4},{25273, 10},{15856, 7},
{21255, 17},{15859, 7},{6725, 8},{3781, 16},{8271, 17},{3781, 16},{6730, 8},{2658, 7},{22646, 7},{22648, 7},
{14868, 7},{15066, 4},{25273, 10},{25273, 10},{401, 7},{6731, 8},{7816, 7},{6716, 17},{3781, 16},{15066, 4},
{14861, 7},{14854, 7},{1685, 10},{1685, 10},{25314, 4},{24974, 8},{20909, 3},{7672, 10},{3781, 16},{24540, 7},
{5401, 17},{23665, 10},{4372, 1},{25314, 4},{7672, 10},{14311, 1},{23213, 17},{3781, 16},{9839, 7},{21797, 3},
{24973, 8},{23665, 10},{9844, 7},{13792, 17},{3781, 16},{24976, 8},{22560, 3},{7672, 10},{9840, 7},{19342, 7},
{3158, 1},{25314, 4},{22696, 17},{25314, 4},{24975, 8},{7672, 10},{4194, 7},{14306, 1},{17682, 3},{3781, 16},
{9414, 3},{3157, 1},{7672, 10},{24970, 8},{9841, 7},{3781, 16},{26083, 7},{21381, 17},{9834, 7},{25314, 4},
{4367, 1},{26079, 7},{19346, 7},{24969, 8},{25314, 4},{7672, 10},{10316, 17},{22308, 0},{12634, 3},{1223, 10},
{3781, 16},{26079, 7},{3781, 16},{7672, 10},{25314, 4},{1532, 17},{18210, 8},{9840, 7},{4374, 1},{7600, 3},
{25314, 4},{24539, 7},{4397, 17},{7672, 10},{24522, 3},{24971, 8},{3152, 1},{3781, 16},{23665, 10},{9842, 7},
{25314, 4},{3781, 16},{7672, 10},{2185, 17},{24978, 8},{3152, 1},{4762, 3},{19197, 3},{14061, 17},{4371, 1},
{24540, 7},{7672, 10},{23665, 10},{25314, 4},{3781, 16},{26079, 7},{24977, 8},{11538, 10},{12633, 11},{1685, 10},
{1685, 10},{5936, 17},{25273, 10},{10089, 7},{1143, 4},{26341, 7},{3320, 7},{3781, 16},{17628, 8},{3781, 16},
{25348, 17},{1143, 4},{19577, 7},{17627, 8},{25273, 10},{7009, 7},{25273, 10},{7306, 8},{10397, 7},{23984, 7},
{10394, 7},{3781, 16},{23441, 4},{11120, 7},{21027, 17},{3316, 7},{26347, 7},{23902, 17},{1143, 4},{25273, 10},
{3781, 16},{184, 8},{10094, 7},{10100, 7},{7009, 7},{17619, 8},{3948, 17},{10100, 7},{7012, 7},{1143, 4},
{26339, 7},{3781, 16},{25273, 10},{17618, 8},{5845, 7},{19674, 17},{1143, 4},{5840, 7},{25273, 10},{3781, 16},
{19584, 7},{19579, 7},{25273, 10},{10096, 7},{5841, 7},{1143, 4},{3781, 16},{22982, 17},{9553, 1},{178, 8},
{1143, 4},{4149, 17},{25273, 10},{7004, 7},{7005, 7},{3781, 16},{7007, 7},{17624, 8},{26343, 7},{19584, 7},
{3781, 16},{17623, 8},{1143, 4},{3316, 7},{3320, 7},{12696, 17},{5847, 7},{25273, 10},{1143, 4},{13597, 17},
{5846, 7},{5840, 7},{7002, 7},{5841, 7},{25273, 10},{17622, 8},{3781, 16},{26347, 7},{3781, 16},{17621, 8},
{25273, 10},{10099, 7},{17521, 17},{19583, 7},{1143, 4},{4424, 10},{13013, 8},{4129, 15},{4424, 10},{4129, 15},
{13020, 8},{4424, 10},{21991, 15},{13019, 8},{9909, 15},{4129, 15},{12541, 15},{4424, 10},{13018, 8},{4129, 15},
{13017, 8},{4270, 15},{1694, 15},{4424, 10},{4129, 15},{17150, 7},{20839, 17},{23441, 4},{25273, 10},{3781, 16},
{23231, 8},{10399, 7},{11115, 7},{17151, 7},{4312, 7},{17834, 17},{11573, 7},{3781, 16},{23441, 4},{25273, 10},
{23230, 8},{6708, 7},{23441, 4},{51, 17},{1749, 8},{17345, 3},{7672, 10},{26002, 1},{1223, 10},{3781, 16},
{23979, 0},{1748, 8},{11841, 3},{3781, 16},{4631, 17},{23665, 10},{15738, 7},{23441, 4},{26002, 1},{7672, 10},
{4310, 7},{11120, 7},{4314, 7},{23982, 7},{23233, 8},{25273, 10},{3781, 16},{23441, 4},{15897, 17},{1755, 8},
{9953, 3},{7672, 10},{3781, 16},{23441, 4},{13203, 1},{24795, 17},{23249, 7},{11068, 1},{21404, 3},{699, 7},
{1754, 8},{21683, 17},{23247, 7},{15738, 7},{3781, 16},{23441, 4},{7672, 10},{7672, 10},{26224, 1},{8711, 17},
{1223, 10},{3781, 16},{23441, 4},{6709, 7},{1297, 3},{1757, 8},{23983, 0},{3781, 16},{20376, 7},{1756, 8},
{25921, 17},{8233, 3},{7672, 10},{694, 7},{23246, 7},{26221, 1},{23441, 4},{284, 3},{7672, 10},{8879, 17},
{1751, 8},{23441, 4},{3781, 16},{6714, 7},{11068, 1},{7672, 10},{6706, 7},{10167, 3},{13203, 1},{23441, 4},
{1750, 8},{3781, 16},{21543, 17},{23665, 10},{26225, 1},{3781, 16},{24698, 17},{7672, 10},{15738, 7},{23441, 4},
{1753, 8},{3268, 3},{23950, 1},{11568, 0},{695, 7},{1223, 10},{4834, 17},{3781, 16},{7672, 10},{1752, 8},
{22706, 3},{23441, 4},{13616, 15},{6690, 8},{4424, 10},{7272, 15},{6692, 8},{4424, 10},{8651, 15},{7272, 15},
{7272, 15},{4424, 10},{18766, 8},{18767, 8},{4424, 10},{7272, 15},{8604, 15},{4424, 10},{18764, 8},{7272, 15},
{4424, 10},{7272, 15},{18765, 8},{4424, 10},{7272, 15},{18762, 8},{7272, 15},{18763, 8},{15727, 15},{6694, 15},
{4424, 10},{9434, 8},{4424, 10},{7272, 15},{7272, 15},{15686, 8},{4424, 10},{6690, 8},{4118, 15},{4424, 10},
{4118, 15},{6692, 8},{4424, 10},{18764, 8},{4424, 10},{4118, 15},{600, 15},{17847, 15},{4424, 10},{14658, 15},
{4118, 15},{14665, 15},{607, 15},{18765, 8},{18766, 8},{4424, 10},{4118, 15},{21396, 15},{5005, 7},{23397, 3},
{3781, 16},{12232, 4},{5679, 7},{1750, 8},{7473, 17},{5003, 7},{8151, 1},{7672, 10},{4118, 15},{4424, 10},
{25165, 15},{9434, 8},{4424, 10},{15686, 8},{4118, 15},{18762, 8},{4424, 10},{4118, 15},{4118, 15},{18763, 8},
{4424, 10},{1685, 10},{23975, 4},{3781, 16},{7160, 7},{25273, 10},{22591, 8},{22296, 17},{16258, 7},{17879, 17},
{543, 7},{16256, 7},{25273, 10},{3781, 16},{3542, 8},{20236, 7},{23975, 4},{20238, 7},{3781, 16},{20918, 8},
{20237, 7},{8689, 7},{2079, 17},{25273, 10},{23975, 4},{20233, 7},{541, 7},{23975, 4},{22582, 8},{25273, 10},
{10802, 17},{3781, 16},{543, 7},{8685, 7},{3781, 16},{23975, 4},{20233, 7},{25273, 10},{22581, 8},{8690, 7},
{7164, 7},{8688, 7},{6297, 17},{7161, 7},{25273, 10},{22580, 8},{19669, 17},{8692, 7},{8365, 1},{7158, 7},
{16261, 7},{23975, 4},{3781, 16},{23975, 4},{7162, 7},{22587, 8},{539, 7},{25273, 10},{540, 7},{3781, 16},
{24637, 17},{24642, 17},{16258, 7},{22586, 8},{8695, 7},{25273, 10},{23975, 4},{20233, 7},{3781, 16},{536, 7},
{8363, 1},{22585, 8},{23975, 4},{16265, 7},{8689, 7},{25273, 10},{6616, 17},{535, 7},{7159, 7},{3781, 16},
{7156, 7},{3781, 16},{25273, 10},{23975, 4},{4152, 17},{536, 7},{17821, 8},{21648, 15},{20198, 15},{13013, 8},
{4424, 10},{3153, 15},{13013, 8},{4424, 10},{5137, 7},{3781, 16},{6723, 8},{5132, 7},{8080, 7},{2085, 17},
{19954, 4},{25273, 10},{25273, 10},{25609, 7},{8069, 7},{3781, 16},{19954, 4},{6722, 8},{12061, 7},{25612, 7},
{12006, 17},{19954, 4},{12064, 7},{10947, 17},{3781, 16},{5130, 7},{5129, 7},{6721, 8},{5134, 7},{25273, 10},
{5129, 7},{19954, 4},{1741, 7},{25273, 10},{6720, 8},{8075, 7},{13329, 17},{10848, 1},{3781, 16},{10844, 1},
{22791, 17},{12061, 7},{14473, 8},{8080, 7},{3781, 16},{25273, 10},{19954, 4},{12064, 7},{3781, 16},{5135, 7},
{25273, 10},{2977, 17},{12066, 7},{6726, 8},{19954, 4},{10041, 17},{8070, 7},{5129, 7},{6725, 8},{19954, 4},
{3781, 16},{25273, 10},{22708, 7},{3781, 16},{5134, 7},{19954, 4},{25273, 10},{11901, 17},{6724, 8},{19954, 4},
{13744, 17},{6731, 8},{5135, 7},{3781, 16},{25273, 10},{25609, 7},{19837, 17},{3781, 16},{19954, 4},{6730, 8},
{25273, 10},{25616, 7},{25611, 7},{1685, 10},{1685, 10},{5133, 7},{3781, 16},{19954, 4},{5132, 7},{25273, 10},
{6751, 8},{2052, 17},{5135, 7},{6750, 8},{5035, 17},{1742, 7},{3781, 16},{19954, 4},{5129, 7},{12058, 7},
{25273, 10},{6745, 8},{863, 1},{8072, 7},{25616, 7},{25273, 10},{4666, 17},{3781, 16},{19954, 4},{25273, 10},
{5134, 7},{12062, 7},{25606, 7},{14620, 8},{7212, 17},{24822, 7},{3781, 16},{19954, 4},{1740, 7},{6743, 8},
{5137, 7},{25615, 7},{19954, 4},{25273, 10},{23813, 17},{3781, 16},{12059, 7},{3781, 16},{8073, 7},{12063, 7},
{19954, 4},{6742, 8},{25273, 10},{16560, 17},{5136, 7},{1742, 7},{19954, 4},{6749, 8},{21959, 17},{5138, 7},
{25605, 7},{25273, 10},{3781, 16},{6748, 8},{8076, 7},{12062, 7},{1740, 7},{5137, 7},{20441, 17},{25273, 10},
{19954, 4},{3781, 16},{25273, 10},{1741, 7},{3781, 16},{19954, 4},{6747, 8},{1739, 7},{6477, 17},{3781, 16},
{6746, 8},{19954, 4},{12064, 7},{1735, 7},{25273, 10},{5137, 7},{2662, 17},{25314, 4},{8135, 7},{22585, 8},
{5519, 17},{16146, 7},{4711, 7},{25273, 10},{6296, 1},{3781, 16},{16147, 7},{17821, 8},{16754, 17},{24383, 7},
{8126, 7},{25314, 4},{3781, 16},{25273, 10},{22302, 7},{8127, 7},{22306, 7},{25314, 4},{3781, 16},{22587, 8},
{25273, 10},{4371, 1},{22384, 17},{22304, 7},{3781, 16},{16142, 7},{22586, 8},{25314, 4},{4710, 7},{9420, 17},
{16147, 7},{25273, 10},{22581, 8},{4371, 1},{24382, 7},{8133, 7},{3781, 16},{25314, 4},{6736, 17},{25273, 10},
{3152, 1},{3781, 16},{22580, 8},{8129, 7},{25314, 4},{16141, 7},{25273, 10},{2952, 17},{16149, 7},{3781, 16},
{25314, 4},{20918, 8},{23586, 17},{7977, 1},{22306, 7},{22302, 7},{25273, 10},{16141, 7},{22304, 7},{17651, 17},
{25273, 10},{8130, 7},{22306, 7},{3781, 16},{25314, 4},{22582, 8},{25273, 10},{24380, 7},{25314, 4},{22591, 8},
{3781, 16},{10418, 17},{24382, 7},{4714, 7},{3542, 8},{25314, 4},{4714, 7},{3781, 16},{4708, 7},{4706, 7},
{4961, 17},{25273, 10},{8134, 7},{20193, 15},{4424, 10},{13015, 8},{4424, 10},{7193, 15},{7870, 15},{6692, 8},
{6690, 8},{4424, 10},{7193, 15},{15686, 8},{7193, 15},{7873, 15},{4424, 10},{7193, 15},{4424, 10},{4634, 15},
{9434, 8},{4424, 10},{7193, 15},{25779, 15},{18763, 8},{7193, 15},{4424, 10},{18762, 8},{7193, 15},{18765, 8},
{18616, 15},{4972, 15},{4424, 10},{20687, 15},{18764, 8},{7193, 15},{4424, 10},{4424, 10},{7193, 15},{4963, 15},
{18767, 8},{7193, 15},{18766, 8},{7877, 15},{4424, 10},{7868, 15},{20193, 15},{4424, 10},{13014, 8},{17104, 15},
{20193, 15},{13013, 8},{4424, 10},{1685, 10},{4424, 10},{19287, 15},{13020, 8},{20354, 15},{676, 15},{26225, 15},
{13019, 8},{26225, 15},{4424, 10},{24489, 15},{4424, 10},{13018, 8},{26225, 15},{24492, 15},{676, 15},{13017, 8},
{26010, 15},{4424, 10},{26225, 15},{13019, 8},{9786, 15},{4424, 10},{20193, 15},{26225, 15},{13013, 8},{4424, 10},
{3781, 16},{6293, 7},{7363, 7},{12505, 7},{10122, 17},{12232, 4},{25273, 10},{12500, 7},{5023, 1},{14890, 8},
{12505, 7},{3781, 16},{9424, 8},{25273, 10},{19358, 1},{12232, 4},{11777, 7},{1475, 17},{5527, 7},{24078, 17},
{12232, 4},{5530, 7},{25273, 10},{11778, 7},{3781, 16},{9549, 8},{12232, 4},{6316, 7},{9561, 8},{3781, 16},
{3091, 17},{17610, 7},{25273, 10},{6906, 17},{19924, 7},{12232, 4},{11778, 7},{3781, 16},{25273, 10},{3596, 8},
{12614, 7},{5528, 7},{3597, 8},{25273, 10},{19927, 7},{12509, 7},{17620, 7},{24922, 17},{12232, 4},{5524, 7},
{3781, 16},{12232, 4},{16617, 17},{25273, 10},{14309, 7},{5024, 1},{3781, 16},{3594, 8},{19929, 7},{22011, 8},
{25273, 10},{19931, 7},{7369, 7},{17522, 17},{3781, 16},{19928, 7},{12506, 7},{12232, 4},{12500, 7},{12232, 4},
{23581, 17},{22005, 8},{3781, 16},{25273, 10},{12507, 7},{12232, 4},{3781, 16},{17610, 7},{5528, 7},{10672, 17},
{22008, 8},{25273, 10},{17853, 15},{18767, 8},{4424, 10},{6390, 15},{18766, 8},{4424, 10},{6390, 15},{6390, 15},
{18765, 8},{4424, 10},{596, 15},{18764, 8},{6390, 15},{4424, 10},{20271, 15},{4424, 10},{6390, 15},{3702, 15},
{7686, 15},{18763, 8},{21401, 15},{6390, 15},{4424, 10},{18762, 8},{6692, 8},{21583, 15},{22331, 15},{4424, 10},
{18245, 15},{22331, 15},{4424, 10},{6690, 8},{22331, 15},{11302, 15},{19074, 15},{4424, 10},{15686, 8},{14055, 15},
{9434, 8},{4424, 10},{14032, 15},{22331, 15},{18763, 8},{4424, 10},{22331, 15},{16765, 15},{16765, 15},{18762, 8},
{4424, 10},{22331, 15},{18250, 15},{22331, 15},{4424, 10},{18765, 8},{18764, 8},{4424, 10},{22331, 15},{8343, 15},
{18767, 8},{4424, 10},{22331, 15},{22331, 15},{15124, 15},{18766, 8},{4424, 10},{2473, 10},{3665, 8},{3664, 8},
{2473, 10},{2473, 10},{3662, 8},{2473, 10},{3661, 8},{3660, 8},{2473, 10},{3659, 8},{2473, 10},{3658, 8},
{2473, 10},{3657, 8},{2473, 10},{3656, 8},{2473, 10},{2473, 10},{3655, 8},{13017, 8},{8697, 15},{20193, 15},
{4424, 10},{3781, 16},{26345, 7},{9560, 1},{1143, 4},{25273, 10},{9546, 17},{10100, 7},{9476, 8},{19585, 7},
{24898, 17},{5103, 7},{14258, 7},{24752, 4},{6386, 1},{17821, 8},{25273, 10},{14249, 7},{5109, 7},{3781, 16},
{14255, 7},{14251, 7},{22587, 8},{3781, 16},{5145, 17},{14257, 7},{25273, 10},{5101, 7},{24752, 4},{635, 15},
{20110, 15},{864, 15},{4424, 10},{18766, 8},{864, 15},{15686, 8},{4424, 10},{8608, 15},{3781, 16},{5103, 7},
{14251, 7},{25273, 10},{12027, 7},{2551, 17},{24752, 4},{5101, 7},{22580, 8},{24752, 4},{25273, 10},{3781, 16},
{14250, 7},{18951, 7},{8223, 17},{8227, 7},{20918, 8},{5109, 7},{22217, 17},{24752, 4},{18949, 7},{3781, 16},
{25273, 10},{22582, 8},{5105, 7},{22811, 1},{25273, 10},{8345, 17},{5844, 7},{1143, 4},{10099, 7},{3781, 16},
{9484, 8},{1685, 10},{3781, 16},{23071, 8},{19111, 17},{7818, 7},{25273, 10},{15066, 4},{15862, 7},{7826, 7},
{23072, 8},{12510, 17},{8565, 7},{7270, 1},{22649, 7},{25273, 10},{14868, 7},{3781, 16},{15066, 4},{8564, 7},
{3840, 7},{9041, 7},{2165, 17},{23075, 8},{15066, 4},{15858, 7},{3781, 16},{25273, 10},{23076, 8},{22648, 7},
{10540, 17},{3781, 16},{7816, 7},{15066, 4},{25273, 10},{2656, 7},{23073, 8},{3781, 16},{22653, 7},{15859, 7},
{22648, 7},{25273, 10},{15066, 4},{2509, 17},{3781, 16},{15066, 4},{22646, 7},{23074, 8},{25273, 10},{20142, 17},
{2661, 7},{21226, 7},{24729, 17},{25273, 10},{3781, 16},{14851, 7},{23079, 8},{15066, 4},{7826, 7},{14861, 7},
{14856, 7},{23080, 8},{25273, 10},{8564, 7},{3781, 16},{14856, 7},{15066, 4},{7819, 7},{2653, 7},{20836, 17},
{15066, 4},{22646, 7},{9043, 17},{15861, 7},{2642, 7},{25273, 10},{3781, 16},{23077, 8},{14854, 7},{22653, 7},
{15857, 7},{20501, 17},{15066, 4},{3781, 16},{25273, 10},{15246, 1},{8556, 7},{12338, 8},{3781, 16},{1752, 8},
{15069, 7},{25069, 17},{15272, 4},{19937, 1},{7672, 10},{2359, 3},{12656, 17},{13750, 7},{895, 1},{3781, 16},
{9778, 7},{7672, 10},{15272, 4},{7132, 3},{1753, 8},{5455, 7},{16369, 8},{10576, 4},{14660, 7},{25273, 10},
{3781, 16},{12430, 7},{13459, 17},{12427, 7},{10277, 17},{3781, 16},{5452, 7},{25173, 7},{10576, 4},{16370, 8},
{20597, 7},{25273, 10},{5455, 7},{22132, 17},{20597, 7},{12429, 7},{10576, 4},{25273, 10},{3781, 16},{16363, 8},
{12424, 7},{10576, 4},{12434, 7},{16364, 8},{3781, 16},{25273, 10},{15392, 17},{7672, 10},{13758, 7},{21404, 3},
{20470, 17},{15272, 4},{1223, 10},{1754, 8},{3769, 0},{1448, 1},{3781, 16},{3781, 16},{23665, 10},{1449, 1},
{12631, 3},{21860, 17},{20128, 7},{7672, 10},{20129, 7},{15272, 4},{1755, 8},{25273, 10},{14855, 17},{12424, 7},
{16371, 8},{7685, 7},{25169, 7},{7689, 7},{3781, 16},{10576, 4},{3781, 16},{25273, 10},{10576, 4},{15012, 17},
{16372, 8},{25172, 7},{5454, 7},{20128, 7},{19937, 1},{1587, 17},{5958, 7},{7672, 10},{1748, 8},{11292, 3},
{15272, 4},{3781, 16},{9770, 7},{3781, 16},{25016, 3},{1657, 17},{7672, 10},{1749, 8},{15272, 4},{17257, 1},
{1223, 10},{20610, 0},{5952, 7},{18767, 8},{4108, 15},{4424, 10},{18458, 15},{18766, 8},{25192, 15},{4424, 10},
{4108, 15},{1685, 10},{23987, 7},{3781, 16},{23441, 4},{17152, 7},{11570, 7},{25273, 10},{25624, 17},{23229, 8},
{25273, 10},{3781, 16},{23987, 7},{23228, 8},{16690, 17},{10397, 7},{23441, 4},{3781, 16},{18620, 17},{14256, 7},
{24752, 4},{14258, 7},{25273, 10},{23229, 8},{1357, 7},{3781, 16},{22635, 17},{12023, 7},{24752, 4},{23228, 8},
{25273, 10},{14255, 7},{6928, 7},{11564, 7},{306, 17},{23441, 4},{11572, 7},{3781, 16},{23235, 8},{25273, 10},
{23981, 7},{10400, 7},{3781, 16},{24752, 4},{12021, 17},{23236, 8},{5103, 7},{18953, 7},{18950, 7},{25273, 10},
{952, 17},{17154, 7},{10394, 7},{3781, 16},{25273, 10},{23237, 8},{23441, 4},{7306, 8},{12027, 7},{18959, 7},
{24752, 4},{5101, 7},{3781, 16},{14258, 7},{18244, 17},{25273, 10},{16053, 7},{25273, 10},{6924, 7},{24752, 4},
{6927, 7},{25214, 17},{3781, 16},{23233, 8},{24752, 4},{1357, 7},{23232, 8},{20063, 17},{1363, 7},{3781, 16},
{25273, 10},{12025, 7},{23231, 8},{9276, 17},{18953, 7},{25273, 10},{6924, 7},{3781, 16},{24752, 4},{3781, 16},
{25273, 10},{11117, 7},{11570, 7},{19975, 17},{23441, 4},{23232, 8},{1685, 10},{4424, 10},{13438, 15},{13017, 8},
{2749, 15},{4424, 10},{21660, 15},{13013, 8},{1685, 10},{19291, 7},{22899, 17},{1818, 8},{25273, 10},{12483, 7},
{1530, 4},{19292, 7},{3781, 16},{7147, 7},{1817, 8},{10634, 17},{1530, 4},{19294, 7},{3781, 16},{5509, 7},
{25273, 10},{12480, 7},{25273, 10},{25220, 7},{10970, 8},{9807, 17},{3781, 16},{1530, 4},{25273, 10},{12484, 7},
{3342, 17},{12626, 7},{3781, 16},{1530, 4},{1815, 8},{25273, 10},{3781, 16},{1814, 8},{1530, 4},{12481, 7},
{21287, 17},{5512, 7},{5503, 7},{10473, 17},{25273, 10},{7146, 7},{1813, 8},{3781, 16},{19666, 7},{1530, 4},
{3781, 16},{7148, 7},{7143, 7},{19593, 17},{25273, 10},{26018, 7},{25922, 1},{1812, 8},{19292, 7},{1530, 4},
{5512, 7},{14009, 17},{1530, 4},{19292, 7},{3781, 16},{7142, 7},{19295, 7},{1811, 8},{25273, 10},{12329, 1},
{7143, 7},{1810, 8},{3781, 16},{25273, 10},{1530, 4},{13861, 17},{19293, 7},{26019, 7},{25273, 10},{3781, 16},
{26020, 7},{1809, 8},{21162, 17},{1530, 4},{20712, 15},{18766, 8},{15188, 15},{4424, 10},{4424, 10},{2117, 15},
{20712, 15},{18767, 8},{18764, 8},{20712, 15},{4424, 10},{18765, 8},{4424, 10},{20712, 15},{18762, 8},{20712, 15},
{4424, 10},{18763, 8},{20712, 15},{4424, 10},{4424, 10},{20712, 15},{9434, 8},{4424, 10},{20712, 15},{15686, 8},
{6690, 8},{4424, 10},{20712, 15},{4424, 10},{20712, 15},{6692, 8},{25273, 10},{16640, 8},{15066, 4},{22648, 7},
{8565, 7},{9041, 7},{810, 17},{3781, 16},{16641, 8},{401, 7},{3781, 16},{14856, 7},{25273, 10},{22650, 7},
{25981, 17},{15066, 4},{1685, 10},{22649, 7},{16632, 8},{15066, 4},{7826, 7},{19833, 17},{25273, 10},{3781, 16},
{1685, 10},{9460, 15},{4424, 10},{13013, 8},{13321, 15},{13020, 8},{4424, 10},{9705, 15},{9460, 15},{15394, 8},
{25273, 10},{3781, 16},{3525, 17},{15856, 7},{15066, 4},{22650, 7},{9041, 7},{8561, 7},{16633, 8},{25273, 10},
{14861, 7},{15066, 4},{7960, 17},{2642, 7},{3781, 16},{13017, 8},{9460, 15},{4424, 10},{13013, 8},{4424, 10},
{25293, 15},{25118, 15},{13019, 8},{4424, 10},{25118, 15},{4424, 10},{25118, 15},{13020, 8},{9542, 15},{13017, 8},
{25118, 15},{4424, 10},{13018, 8},{4424, 10},{25118, 15},{1685, 10},{1685, 10},{2473, 10},{24251, 8},{20284, 17},
{3781, 16},{8692, 7},{23975, 4},{25273, 10},{7161, 7},{22130, 8},{24249, 8},{2473, 10},{24250, 8},{2473, 10},
{2473, 10},{24255, 8},{24256, 8},{2473, 10},{1530, 14},{15362, 10},{15362, 10},{1530, 14},{16264, 7},{16700, 8},
{23975, 4},{25273, 10},{3781, 16},{14606, 17},{7162, 7},{3781, 16},{25273, 10},{13205, 8},{23975, 4},{3546, 17},
{8685, 7},{8691, 7},{25273, 10},{13258, 8},{12083, 17},{7161, 7},{23975, 4},{3781, 16},{8688, 7},{1530, 14},
{15362, 10},{536, 7},{23975, 4},{14766, 17},{7156, 7},{539, 7},{3781, 16},{25273, 10},{13178, 8},{16230, 17},
{20233, 7},{16256, 7},{23975, 4},{16259, 7},{25273, 10},{24363, 1},{13169, 8},{16258, 7},{3781, 16},{1530, 14},
{15362, 10},{23146, 17},{3781, 16},{9451, 1},{807, 8},{20238, 7},{8691, 7},{23975, 4},{25273, 10},{9135, 15},
{4424, 10},{18766, 8},{20312, 15},{22840, 15},{18767, 8},{4424, 10},{9135, 15},{9135, 15},{4424, 10},{18764, 8},
{9135, 15},{25948, 15},{18765, 8},{4424, 10},{22848, 15},{4424, 10},{18762, 8},{9135, 15},{9135, 15},{18763, 8},
{4424, 10},{9135, 15},{4424, 10},{9434, 8},{15686, 8},{9135, 15},{4424, 10},{4424, 10},{6690, 8},{9135, 15},
{4424, 10},{6692, 8},{9135, 15},{7293, 14},{1828, 10},{3359, 8},{11766, 7},{13175, 4},{25273, 10},{22800, 7},
{3781, 16},{9339, 1},{24583, 17},{6750, 8},{25265, 7},{11764, 7},{13175, 4},{25273, 10},{18524, 7},{6751, 8},
{6810, 17},{3781, 16},{22592, 17},{3781, 16},{25273, 10},{6748, 8},{18522, 7},{22170, 7},{13175, 4},{18524, 7},
{23224, 17},{18525, 7},{25273, 10},{13175, 4},{6749, 8},{22796, 7},{3781, 16},{13175, 4},{25266, 7},{6746, 8},
{25273, 10},{3781, 16},{12137, 17},{22796, 7},{11760, 7},{22171, 17},{25256, 7},{3781, 16},{6747, 8},{25273, 10},
{13175, 4},{25264, 7},{22802, 7},{9343, 1},{25267, 7},{3781, 16},{11760, 7},{21066, 7},{25273, 10},{13175, 4},
{14620, 8},{20660, 7},{12982, 17},{18520, 7},{22798, 7},{3781, 16},{25264, 7},{13175, 4},{6745, 8},{25273, 10},
{21066, 7},{25398, 17},{3781, 16},{25262, 7},{13175, 4},{11760, 7},{6742, 8},{25273, 10},{10815, 17},{11762, 7},
{25273, 10},{13175, 4},{11769, 7},{22796, 7},{3781, 16},{22795, 7},{6743, 8},{11625, 17},{6381, 1},{1337, 17},
{753, 3},{3781, 16},{12134, 7},{25679, 7},{7672, 10},{4532, 8},{24752, 4},{19183, 8},{24752, 4},{18930, 7},
{8328, 3},{25684, 7},{20442, 17},{3781, 16},{6380, 1},{7672, 10},{23665, 10},{20260, 8},{6386, 1},{6462, 3},
{24752, 4},{7672, 10},{14528, 17},{3781, 16},{26395, 7},{14306, 15},{4424, 10},{13020, 8},{4176, 15},{21076, 15},
{1685, 10},{4424, 10},{13013, 8},{14306, 15},{1685, 10},{1685, 10},{12253, 4},{7251, 7},{23230, 8},{3781, 16},
{25273, 10},{2755, 7},{15325, 17},{7242, 7},{19856, 7},{7114, 17},{25273, 10},{12253, 4},{23231, 8},{3781, 16},
{22387, 7},{14182, 7},{3781, 16},{14177, 7},{23232, 8},{25273, 10},{12253, 4},{8638, 17},{2763, 7},{23150, 17},
{3781, 16},{23233, 8},{22333, 1},{25273, 10},{14174, 7},{12253, 4},{3272, 7},{3272, 7},{7252, 7},{16285, 7},
{12253, 4},{3781, 16},{25273, 10},{3583, 17},{7306, 8},{22393, 7},{22322, 1},{22544, 17},{19857, 7},{22395, 7},
{12253, 4},{3781, 16},{25273, 10},{23235, 8},{14181, 7},{2755, 7},{15754, 17},{3267, 7},{3266, 7},{3781, 16},
{25273, 10},{12253, 4},{23236, 8},{7248, 7},{2755, 7},{2624, 1},{25273, 10},{23237, 8},{12253, 4},{3781, 16},
{19851, 7},{22091, 17},{1892, 17},{23228, 8},{3781, 16},{12253, 4},{25273, 10},{14178, 7},{14182, 7},{23229, 8},
{14178, 7},{3781, 16},{13210, 17},{25273, 10},{14177, 7},{12253, 4},{7251, 7},{2755, 7},{15362, 10},{25314, 14},
{1685, 10},{15362, 10},{25314, 14},{11571, 7},{16656, 8},{4314, 7},{3781, 16},{23441, 4},{11118, 7},{25273, 10},
{17044, 17},{8151, 15},{18581, 15},{18766, 8},{4424, 10},{4058, 15},{10843, 15},{863, 15},{4424, 10},{24502, 15},
{6692, 8},{6220, 8},{2473, 10},{25273, 10},{16631, 8},{15859, 7},{2643, 7},{5857, 17},{15066, 4},{15852, 7},
{3781, 16},{4424, 10},{18765, 8},{8151, 15},{9460, 15},{13015, 8},{4424, 10},{14481, 15},{1685, 10},{21222, 15},
{9460, 15},{13014, 8},{4424, 10},{24664, 17},{25273, 10},{8561, 7},{3781, 16},{15066, 4},{401, 7},{16630, 8},
{15640, 17},{14856, 7},{3781, 16},{15857, 7},{15066, 4},{3840, 7},{25273, 10},{16635, 8},{9460, 15},{13019, 8},
{4424, 10},{16892, 15},{863, 15},{18766, 8},{4424, 10},{1685, 10},{6213, 8},{2473, 10},{16634, 8},{25273, 10},
{13177, 17},{3781, 16},{8558, 7},{15066, 4},{7818, 7},{6214, 8},{2473, 10},{25273, 10},{12232, 4},{3781, 16},
{12506, 7},{22117, 17},{7366, 7},{16457, 8},{18542, 7},{21424, 17},{3781, 16},{7363, 7},{25273, 10},{5533, 7},
{12232, 4},{7361, 7},{7365, 7},{13258, 8},{25273, 10},{19922, 7},{12232, 4},{13205, 8},{3781, 16},{4770, 17},
{5527, 7},{12503, 7},{2473, 10},{6215, 8},{12232, 4},{12503, 7},{3781, 16},{807, 8},{14307, 7},{25273, 10},
{11772, 7},{5524, 7},{11230, 17},{812, 8},{3781, 16},{12232, 4},{3838, 17},{5525, 7},{25273, 10},{11778, 7},
{12232, 4},{15313, 17},{5533, 7},{25273, 10},{13169, 8},{3781, 16},{12504, 7},{5023, 1},{25273, 10},{13178, 8},
{12507, 7},{11781, 7},{15593, 17},{7363, 7},{3781, 16},{12232, 4},{12500, 7},{6216, 8},{2473, 10},{18854, 17},
{5524, 7},{6293, 7},{12232, 4},{3781, 16},{25273, 10},{22130, 8},{19928, 7},{7475, 7},{3781, 16},{12232, 4},
{25273, 10},{11781, 7},{18542, 7},{7236, 17},{22131, 8},{6217, 8},{2473, 10},{3781, 16},{7006, 7},{25273, 10},
{5847, 7},{15464, 8},{1647, 17},{1143, 4},{11383, 8},{2473, 10},{26340, 7},{22110, 17},{1143, 4},{5849, 7},
{5841, 7},{15463, 8},{25273, 10},{5840, 7},{3781, 16},{2473, 10},{6219, 8},{9552, 1},{11481, 17},{25273, 10},
{26339, 7},{1143, 4},{19586, 7},{5840, 7},{3781, 16},{26340, 7},{6165, 8},{19294, 7},{5512, 7},{1530, 4},
{3781, 16},{25273, 10},{5211, 17},{19296, 7},{13147, 1},{5503, 7},{14473, 8},{1530, 4},{25273, 10},{26023, 7},
{26020, 7},{6726, 8},{9162, 17},{9566, 7},{5506, 7},{3781, 16},{25273, 10},{26018, 7},{17122, 17},{1530, 4},
{3781, 16},{12626, 7},{12478, 7},{25225, 7},{6725, 8},{3318, 7},{7004, 7},{17625, 17},{1143, 4},{25273, 10},
{10089, 7},{3781, 16},{15465, 8},{26346, 7},{12480, 7},{26017, 7},{26022, 7},{1530, 4},{6723, 8},{25273, 10},
{14036, 17},{3781, 16},{7149, 7},{6722, 8},{12483, 7},{3781, 16},{17420, 17},{25273, 10},{25225, 7},{1530, 4},
{25273, 10},{12479, 7},{6721, 8},{7146, 7},{3781, 16},{21697, 17},{1530, 4},{7148, 7},{6720, 8},{12477, 7},
{3781, 16},{19666, 7},{25273, 10},{7538, 17},{1530, 4},{1530, 4},{19293, 7},{19292, 7},{25273, 10},{19666, 7},
{3781, 16},{4197, 17},{6731, 8},{3781, 16},{24752, 4},{6922, 7},{14708, 17},{25273, 10},{16655, 8},{18955, 7},
{4424, 10},{9123, 15},{4971, 15},{6690, 8},{20689, 15},{14249, 7},{24752, 4},{5110, 7},{5107, 7},{6922, 7},
{7209, 17},{25273, 10},{3781, 16},{16654, 8},{1685, 10},{1143, 4},{25273, 10},{26347, 7},{3781, 16},{19580, 7},
{10093, 7},{15470, 8},{24972, 17},{1685, 10},{8227, 7},{25273, 10},{20246, 17},{24752, 4},{5101, 7},{16656, 8},
{3781, 16},{1685, 10},{24141, 12},{17707, 17},{13993, 13},{3864, 10},{24752, 2},{2028, 5},{16593, 8},{3781, 16},
{21796, 3},{5110, 9},{12023, 9},{5176, 9},{4424, 10},{13435, 15},{13018, 8},{3239, 15},{18763, 8},{9032, 15},
{4424, 10},{8576, 15},{4424, 10},{9434, 8},{9032, 15},{9032, 15},{15686, 8},{4424, 10},{13321, 15},{18766, 8},
{9032, 15},{4424, 10},{9032, 15},{18767, 8},{4424, 10},{9032, 15},{4424, 10},{18764, 8},{4424, 10},{18765, 8},
{9032, 15},{9032, 15},{15842, 15},{6690, 8},{4424, 10},{7103, 15},{4424, 10},{6692, 8},{9032, 15},{8145, 15},
{4424, 10},{18766, 8},{21485, 15},{18767, 8},{4424, 10},{8145, 15},{5577, 15},{8145, 15},{18764, 8},{4424, 10},
{5578, 15},{8145, 15},{4424, 10},{18765, 8},{18586, 15},{8145, 15},{4424, 10},{18762, 8},{7382, 15},{13018, 8},
{20356, 15},{11068, 15},{4424, 10},{25126, 10},{13829, 8},{14485, 15},{9457, 15},{6692, 8},{4424, 10},{1685, 10},
{8567, 15},{4424, 10},{18766, 8},{9457, 15},{395, 15},{13315, 15},{398, 15},{4424, 10},{9457, 15},{18767, 8},
{3347, 17},{1143, 4},{26339, 7},{3781, 16},{7013, 7},{25273, 10},{3318, 7},{2542, 8},{3781, 16},{10093, 7},
{20717, 1},{25273, 10},{2541, 8},{10675, 17},{7004, 7},{1143, 4},{10100, 7},{2544, 8},{3781, 16},{1143, 4},
{25273, 10},{21562, 17},{5849, 7},{5843, 7},{19586, 7},{19584, 7},{15096, 17},{7002, 7},{1143, 4},{25273, 10},
{2543, 8},{19586, 7},{9551, 1},{19584, 7},{3781, 16},{5849, 7},{3781, 16},{10100, 7},{5847, 7},{8555, 17},
{25273, 10},{19586, 7},{2546, 8},{1143, 4},{1143, 4},{4615, 17},{10099, 7},{5844, 7},{3781, 16},{2545, 8},
{3317, 7},{25273, 10},{25273, 10},{3781, 16},{7159, 7},{20234, 7},{23975, 4},{8687, 7},{16255, 7},{8510, 8},
{15063, 17},{2547, 8},{21304, 17},{1143, 4},{3320, 7},{5850, 7},{19577, 7},{10089, 7},{25273, 10},{3781, 16},
{3781, 16},{23975, 4},{16265, 7},{17540, 17},{8687, 7},{21405, 8},{7162, 7},{25273, 10},{8688, 7},{19583, 7},
{25273, 10},{10095, 7},{11030, 17},{2549, 8},{3317, 7},{3781, 16},{1143, 4},{23975, 4},{466, 8},{540, 7},
{16260, 7},{7156, 7},{3781, 16},{25273, 10},{24841, 17},{20241, 7},{23975, 4},{8690, 7},{536, 7},{17754, 8},
{3781, 16},{22086, 17},{25273, 10},{7158, 7},{20234, 7},{3781, 16},{541, 7},{20049, 17},{7165, 7},{8685, 7},
{23975, 4},{25273, 10},{17790, 8},{20242, 7},{23975, 4},{25273, 10},{17776, 8},{7164, 7},{8685, 7},{3781, 16},
{21656, 17},{25273, 10},{3781, 16},{17807, 8},{20237, 7},{8688, 7},{3304, 17},{543, 7},{535, 7},{23975, 4},
{17793, 8},{23975, 4},{9452, 1},{20241, 7},{8691, 7},{12806, 17},{3781, 16},{20240, 7},{25273, 10},{5858, 17},
{24752, 4},{15336, 8},{25273, 10},{18951, 7},{1354, 7},{6924, 7},{3781, 16},{5103, 7},{15335, 8},{6930, 7},
{1357, 7},{12027, 7},{4036, 17},{3781, 16},{25273, 10},{24752, 4},{25273, 10},{24752, 4},{2703, 17},{14255, 7},
{3781, 16},{15334, 8},{1358, 7},{6381, 1},{15333, 8},{6930, 7},{19415, 17},{24752, 4},{6927, 7},{3781, 16},
{12026, 7},{6928, 7},{25273, 10},{3781, 16},{24752, 4},{19416, 17},{15332, 8},{25273, 10},{5106, 7},{5103, 7},
{19071, 17},{15331, 8},{24752, 4},{16053, 7},{1354, 7},{12031, 7},{1360, 7},{25273, 10},{3781, 16},{25273, 10},
{18956, 7},{5102, 7},{15781, 17},{6923, 7},{24752, 4},{3781, 16},{15330, 8},{18952, 7},{8048, 7},{24752, 4},
{3781, 16},{17065, 17},{15329, 8},{25273, 10},{18950, 7},{25273, 10},{24752, 4},{20997, 17},{14249, 7},{3781, 16},
{5102, 7},{1358, 7},{15338, 8},{12025, 7},{14253, 7},{3781, 16},{25273, 10},{5101, 7},{15337, 8},{5105, 7},
{24752, 4},{255, 17},{1685, 10},{18637, 17},{25273, 10},{10576, 4},{7685, 7},{19467, 7},{3781, 16},{5450, 7},
{11235, 8},{7688, 7},{14509, 7},{3781, 16},{6854, 7},{12839, 17},{17612, 4},{20521, 8},{25273, 10},{853, 7},
{6850, 7},{25273, 10},{5452, 7},{4228, 8},{19467, 7},{3781, 16},{10576, 4},{12426, 7},{15039, 7},{7731, 17},
{20523, 8},{14513, 7},{25273, 10},{3781, 16},{20550, 7},{14515, 7},{4082, 17},{862, 7},{17612, 4},{25273, 10},
{4563, 17},{3781, 16},{17612, 4},{8101, 7},{20524, 8},{20544, 7},{6856, 7},{14506, 7},{6855, 7},{7186, 1},
{25273, 10},{3781, 16},{20547, 7},{17612, 4},{22693, 17},{12462, 8},{22928, 17},{7685, 7},{11233, 8},{12900, 7},
{3781, 16},{10640, 7},{20592, 7},{25273, 10},{10576, 4},{17612, 4},{17327, 8},{6853, 7},{14511, 7},{14507, 7},
{9237, 17},{7543, 7},{25273, 10},{3781, 16},{12434, 7},{14783, 8},{8286, 7},{12900, 7},{25169, 7},{25273, 10},
{3781, 16},{8088, 17},{10576, 4},{25273, 10},{14660, 7},{23622, 8},{3781, 16},{10576, 4},{4468, 17},{5460, 7},
{5453, 7},{15039, 7},{11048, 15},{4424, 10},{901, 15},{13017, 8},{13018, 8},{7556, 15},{22942, 15},{4424, 10},
{901, 15},{25273, 10},{7208, 17},{8695, 7},{7162, 7},{3781, 16},{23975, 4},{16371, 8},{538, 7},{20236, 7},
{544, 7},{3781, 16},{25273, 10},{20239, 7},{22131, 8},{23975, 4},{20587, 17},{24252, 8},{2473, 10},{1121, 7},
{1223, 10},{19954, 4},{16748, 8},{12066, 0},{3781, 16},{22718, 17},{12653, 1},{7672, 10},{2746, 3},{16261, 7},
{3781, 16},{11271, 17},{8692, 7},{23975, 4},{25273, 10},{536, 7},{16368, 8},{23665, 10},{25800, 7},{16855, 8},
{3781, 16},{12657, 1},{20497, 3},{7672, 10},{11748, 17},{19954, 4},{21825, 17},{25610, 9},{6764, 10},{2033, 5},
{11420, 9},{19954, 2},{4502, 8},{17756, 3},{11419, 9},{25609, 9},{3781, 16},{6912, 12},{904, 13},{8184, 3},
{6756, 13},{1741, 9},{19954, 2},{1003, 8},{3781, 16},{24294, 5},{19836, 12},{6764, 10},{21209, 17},{11422, 9},
{20167, 5},{11421, 9},{14035, 12},{1739, 9},{6765, 17},{1000, 8},{3781, 16},{1738, 9},{8915, 13},{6764, 10},
{4762, 3},{19954, 2},{23665, 10},{3781, 16},{11415, 7},{19954, 4},{17118, 8},{4663, 17},{19919, 3},{869, 1},
{7672, 10},{3781, 16},{1743, 9},{1740, 9},{25472, 12},{17253, 13},{6764, 10},{4506, 8},{11423, 9},{2036, 5},
{19954, 2},{4614, 17},{5033, 3},{19954, 4},{23437, 3},{2475, 17},{7833, 7},{1223, 10},{12062, 0},{869, 1},
{11645, 8},{3781, 16},{1120, 7},{7672, 10},{7836, 7},{7672, 10},{23665, 10},{7833, 7},{19954, 4},{12513, 1},
{3781, 16},{20820, 7},{23118, 17},{11644, 8},{18948, 3},{25273, 10},{8687, 7},{20239, 7},{16369, 8},{8689, 7},
{7159, 7},{6640, 17},{23975, 4},{3781, 16},{24253, 8},{2473, 10},{4424, 10},{3454, 15},{18763, 8},{2473, 10},
{24254, 8},{18762, 8},{4424, 10},{3454, 15},{1530, 14},{15362, 10},{3454, 15},{4424, 10},{15686, 8},{1530, 14},
{15362, 10},{25273, 10},{3781, 16},{23212, 8},{23975, 4},{542, 7},{25113, 17},{16255, 7},{1530, 14},{15362, 10},
{3781, 16},{20233, 7},{23975, 4},{25273, 10},{16262, 7},{12354, 17},{20242, 7},{16457, 8},{4424, 10},{13014, 8},
{19356, 15},{15362, 10},{1530, 14},{1530, 14},{15362, 10},{535, 7},{23975, 4},{15373, 17},{3781, 16},{25273, 10},
{536, 7},{812, 8},{23061, 1},{2473, 10},{4012, 8},{25126, 10},{12654, 8},{12655, 8},{25126, 10},{25126, 10},
{12664, 8},{25126, 10},{12665, 8},{12662, 8},{25126, 10},{25126, 10},{22785, 8},{25126, 10},{12660, 8},{25126, 10},
{22782, 8},{12658, 8},{25126, 10},{12659, 8},{25126, 10},{1143, 4},{12649, 7},{7582, 8},{7672, 10},{18648, 3},
{3823, 17},{19808, 7},{9557, 1},{3781, 16},{3842, 17},{3781, 16},{23459, 7},{25273, 10},{16660, 8},{15272, 4},
{19894, 7},{18765, 8},{26221, 15},{4424, 10},{16456, 7},{3501, 17},{25273, 10},{899, 1},{16658, 8},{17359, 7},
{16449, 7},{3781, 16},{15272, 4},{3767, 7},{23460, 7},{17352, 7},{17006, 17},{3781, 16},{15272, 4},{17357, 7},
{16659, 8},{25273, 10},{25273, 10},{10876, 7},{10551, 7},{15272, 4},{16656, 8},{3781, 16},{12860, 17},{4605, 17},
{20616, 7},{10857, 7},{3781, 16},{15272, 4},{16657, 8},{3773, 7},{25273, 10},{15272, 4},{20561, 7},{16654, 8},
{25273, 10},{17356, 7},{1065, 17},{10551, 7},{3781, 16},{4424, 10},{9434, 8},{10846, 15},{15272, 4},{21019, 8},
{3774, 7},{19894, 7},{25273, 10},{21157, 17},{3781, 16},{15272, 4},{20623, 7},{17816, 7},{16653, 8},{3781, 16},
{17358, 7},{5898, 17},{17352, 7},{25273, 10},{4424, 10},{10846, 15},{18763, 8},{18762, 8},{4424, 10},{10846, 15},
{10846, 15},{18321, 15},{4424, 10},{18765, 8},{15483, 15},{9434, 8},{26221, 15},{4424, 10},{13346, 15},{17677, 15},
{18767, 8},{10846, 15},{4424, 10},{26221, 15},{4424, 10},{18762, 8},{1685, 10},{1685, 10},{22342, 7},{7672, 10},
{3781, 16},{6642, 3},{8204, 4},{9397, 7},{14683, 1},{16344, 8},{1150, 17},{8204, 4},{13434, 7},{2700, 7},
{16402, 17},{7672, 10},{13436, 1},{24592, 3},{22341, 7},{3781, 16},{16342, 8},{15573, 7},{20199, 1},{12287, 17},
{7672, 10},{3781, 16},{8204, 4},{21601, 3},{16339, 8},{8204, 4},{9050, 3},{23665, 10},{3781, 16},{7224, 17},
{7672, 10},{15567, 7},{20199, 1},{16337, 8},{3781, 16},{16336, 8},{22336, 7},{13439, 1},{18755, 3},{7672, 10},
{8204, 4},{11594, 17},{20210, 7},{1203, 7},{7672, 10},{3781, 16},{8204, 4},{9204, 7},{1061, 3},{16334, 8},
{9396, 7},{1775, 17},{13438, 1},{1834, 17},{8204, 4},{14277, 8},{22339, 7},{20865, 1},{1194, 7},{3781, 16},
{15502, 7},{23665, 10},{7672, 10},{22457, 3},{9562, 17},{16332, 8},{13056, 3},{8204, 4},{14685, 1},{1194, 7},
{3781, 16},{7672, 10},{9202, 7},{15567, 7},{23665, 10},{6609, 3},{8204, 4},{1195, 7},{13435, 1},{7672, 10},
{2705, 8},{3781, 16},{24478, 17},{8096, 3},{9200, 7},{8204, 4},{14688, 1},{3781, 16},{2512, 17},{2704, 8},
{7672, 10},{16508, 8},{25126, 10},{25126, 10},{16509, 8},{25126, 10},{16506, 8},{25126, 10},{16507, 8},{25126, 10},
{16504, 8},{25126, 10},{16505, 8},{16502, 8},{25126, 10},{25126, 10},{16503, 8},{16511, 8},{25126, 10},{25126, 10},
{16512, 8},{4424, 10},{15452, 15},{18766, 8},{7672, 10},{26220, 1},{3781, 16},{6707, 7},{23441, 4},{22461, 17},
{23930, 3},{15454, 8},{1685, 10},{3781, 16},{25314, 4},{3152, 1},{20989, 3},{24435, 17},{4494, 8},{7672, 10},
{4196, 7},{6296, 1},{25314, 4},{8819, 3},{19339, 7},{20375, 17},{3781, 16},{7672, 10},{4492, 8},{4194, 7},
{6690, 8},{15452, 15},{4424, 10},{1930, 15},{19138, 8},{26083, 7},{4372, 1},{12822, 17},{25314, 4},{7254, 3},
{3781, 16},{7672, 10},{23665, 10},{6515, 3},{9843, 7},{25314, 4},{3781, 16},{6375, 17},{9461, 8},{7672, 10},
{4370, 1},{7672, 10},{14311, 1},{26082, 7},{10075, 8},{14984, 3},{25314, 4},{9167, 17},{3781, 16},{1223, 10},
{4712, 0},{25944, 1},{9767, 8},{25314, 4},{7672, 10},{19343, 7},{3781, 16},{24117, 17},{7640, 3},{4372, 1},
{19349, 7},{21190, 17},{25314, 4},{22168, 3},{26077, 7},{9839, 7},{8134, 0},{7672, 10},{3781, 16},{1223, 10},
{4532, 8},{23665, 10},{25314, 4},{25465, 17},{7672, 10},{26088, 7},{3781, 16},{19183, 8},{4367, 1},{7711, 3},
{25314, 4},{3781, 16},{14306, 1},{23921, 3},{19342, 7},{19349, 7},{7672, 10},{23665, 10},{9840, 7},{1062, 17},
{20260, 8},{23665, 10},{215, 17},{7672, 10},{9840, 7},{26088, 7},{14304, 1},{9463, 8},{16738, 3},{3781, 16},
{25314, 4},{24539, 7},{18678, 7},{2464, 1},{7572, 8},{7672, 10},{13766, 17},{3781, 16},{22854, 3},{1143, 4},
{20398, 15},{4424, 10},{18763, 8},{4424, 10},{9553, 15},{6690, 8},{4424, 10},{6692, 8},{9553, 15},{25273, 10},
{7247, 7},{15903, 1},{3877, 8},{16286, 7},{7249, 7},{2254, 17},{3781, 16},{14174, 7},{12253, 4},{7251, 7},
{12253, 4},{3781, 16},{12389, 17},{3878, 8},{7252, 7},{25273, 10},{7672, 10},{12232, 4},{18661, 7},{22846, 3},
{8154, 1},{2704, 8},{13857, 17},{5004, 7},{3781, 16},{8813, 17},{2705, 8},{12232, 4},{19357, 1},{1223, 10},
{7672, 10},{3781, 16},{12266, 3},{18656, 7},{6316, 0},{15990, 17},{12253, 4},{14184, 7},{7247, 7},{3781, 16},
{25273, 10},{3873, 8},{3271, 7},{18765, 8},{8826, 15},{4424, 10},{9553, 15},{18766, 8},{9553, 15},{4424, 10},
{18767, 8},{4424, 10},{9553, 15},{11604, 15},{7672, 10},{3781, 16},{9300, 7},{16334, 8},{1223, 10},{4998, 7},
{26278, 3},{12503, 0},{11916, 7},{20400, 1},{12232, 4},{15696, 17},{3267, 7},{10413, 17},{3781, 16},{16284, 7},
{3870, 8},{25273, 10},{12253, 4},{12232, 4},{5020, 1},{8660, 3},{3781, 16},{16332, 8},{23665, 10},{20505, 7},
{5685, 7},{25409, 7},{7672, 10},{2943, 17},{9298, 7},{5681, 7},{2954, 17},{3781, 16},{11920, 7},{8153, 1},
{12232, 4},{7672, 10},{14277, 8},{13687, 3},{1685, 10},{15066, 14},{15362, 10},{15362, 10},{15066, 14},{15066, 14},
{15362, 10},{15362, 10},{15066, 14},{4424, 10},{20202, 15},{6692, 8},{4424, 10},{8702, 15},{20202, 15},{2003, 15},
{21644, 15},{6690, 8},{2009, 15},{20202, 15},{4424, 10},{18763, 8},{4424, 10},{18762, 8},{21651, 15},{20202, 15},
{4142, 15},{10929, 15},{4424, 10},{20202, 15},{15686, 8},{20202, 15},{9434, 8},{4424, 10},{2010, 15},{4424, 10},
{18767, 8},{20202, 15},{18766, 8},{20202, 15},{21268, 15},{4424, 10},{20202, 15},{18765, 8},{4424, 10},{14067, 15},
{920, 15},{4424, 10},{18764, 8},{20202, 15},{3813, 17},{6921, 7},{18548, 8},{24752, 4},{5109, 7},{18954, 7},
{25273, 10},{3781, 16},{24752, 4},{15800, 7},{6925, 7},{1363, 7},{17344, 17},{25273, 10},{6923, 7},{3781, 16},
{18547, 8},{1685, 10},{17010, 17},{3781, 16},{24752, 4},{12022, 7},{25273, 10},{14258, 7},{8048, 7},{5495, 8},
{12026, 7},{5846, 7},{2460, 1},{13693, 8},{1143, 4},{5840, 7},{3781, 16},{25273, 10},{23783, 17},{19577, 7},
{10093, 7},{7644, 17},{18544, 8},{24752, 4},{25273, 10},{6925, 7},{3781, 16},{1358, 7},{18543, 8},{25273, 10},
{13442, 17},{24752, 4},{14252, 7},{1357, 7},{18956, 7},{3781, 16},{14251, 7},{24752, 4},{18546, 8},{3781, 16},
{6931, 7},{16053, 7},{25273, 10},{25928, 17},{2973, 17},{5102, 7},{18545, 8},{24752, 4},{3781, 16},{25273, 10},
{14258, 7},{16857, 8},{24541, 7},{26084, 7},{180, 1},{25333, 3},{7672, 10},{3781, 16},{3796, 17},{9841, 7},
{25314, 4},{4424, 10},{18787, 15},{634, 15},{6690, 8},{6692, 8},{4424, 10},{18787, 15},{6620, 15},{9434, 8},
{4424, 10},{18787, 15},{22840, 15},{15686, 8},{18787, 15},{4424, 10},{18787, 15},{18762, 8},{20309, 15},{4424, 10},
{3165, 15},{22840, 15},{6624, 15},{18763, 8},{18787, 15},{4424, 10},{18764, 8},{4424, 10},{18787, 15},{4424, 10},
{12735, 15},{18787, 15},{18765, 8},{2070, 15},{18787, 15},{18766, 8},{20312, 15},{4424, 10},{18767, 8},{20314, 15},
{18787, 15},{4424, 10},{4424, 10},{18767, 8},{8368, 15},{4424, 10},{8368, 15},{20091, 15},{18766, 8},{23978, 7},
{5099, 17},{7618, 8},{11117, 7},{23979, 7},{23441, 4},{25273, 10},{3781, 16},{24947, 3},{7672, 10},{17257, 1},
{15272, 4},{3781, 16},{9778, 7},{5955, 7},{14137, 17},{7576, 8},{18764, 8},{8368, 15},{4424, 10},{7509, 17},
{5952, 7},{7574, 8},{18313, 7},{3781, 16},{7672, 10},{15272, 4},{4684, 3},{1447, 1},{8368, 15},{4424, 10},
{18762, 8},{1223, 10},{7572, 8},{7672, 10},{3781, 16},{17359, 0},{15272, 4},{898, 1},{16213, 17},{13751, 7},
{4441, 3},{23131, 3},{14422, 7},{22910, 1},{20037, 7},{7582, 8},{4383, 17},{1223, 10},{3781, 16},{7672, 10},
{2170, 7},{12425, 0},{10576, 4},{21184, 7},{7672, 10},{3781, 16},{10576, 4},{1463, 7},{23657, 17},{21180, 7},
{22072, 3},{7583, 8},{25124, 1},{10576, 4},{1223, 10},{1469, 7},{1470, 7},{7672, 10},{3781, 16},{3268, 3},
{4547, 17},{10669, 0},{14420, 7},{7097, 1},{7576, 8},{7486, 7},{21601, 3},{3781, 16},{14424, 7},{4134, 1},
{7672, 10},{10576, 4},{1029, 17},{7577, 8},{21185, 7},{20817, 17},{7672, 10},{2166, 7},{25116, 1},{23665, 10},
{7578, 8},{10576, 4},{2168, 7},{3781, 16},{17195, 3},{3781, 16},{15272, 4},{18323, 3},{15475, 7},{7672, 10},
{22961, 17},{22663, 7},{1442, 1},{7573, 8},{18830, 3},{3781, 16},{10576, 4},{7572, 8},{7672, 10},{1469, 7},
{25122, 1},{1465, 7},{26327, 17},{7573, 8},{2173, 7},{1468, 7},{23929, 17},{7091, 1},{7672, 10},{10576, 4},
{3781, 16},{1402, 3},{3781, 16},{7574, 8},{19195, 7},{12983, 3},{7096, 1},{10576, 4},{20682, 17},{7672, 10},
{7486, 7},{2174, 7},{19467, 0},{1223, 10},{12868, 0},{7672, 10},{6682, 17},{16049, 3},{7488, 7},{10576, 4},
{1223, 10},{3781, 16},{7575, 8},{14424, 7},{7098, 1},{5108, 7},{6931, 7},{24752, 4},{25273, 10},{14251, 7},
{17130, 17},{13698, 8},{3781, 16},{23253, 9},{2533, 12},{3781, 16},{6764, 10},{11570, 9},{23441, 2},{15655, 3},
{4848, 17},{4506, 8},{12350, 5},{12401, 13},{23248, 9},{1360, 7},{8227, 7},{12029, 7},{24752, 4},{3781, 16},
{25273, 10},{13696, 8},{936, 17},{3781, 16},{15905, 13},{23249, 9},{6764, 10},{11573, 9},{18830, 12},{25190, 3},
{13071, 17},{23441, 2},{1000, 8},{23250, 9},{24288, 5},{1685, 10},{10395, 9},{23246, 9},{10394, 9},{23441, 2},
{22674, 12},{18931, 17},{3781, 16},{19188, 13},{4503, 8},{12350, 5},{6705, 9},{2480, 3},{6764, 10},{1357, 7},
{13693, 8},{25273, 10},{3781, 16},{18956, 7},{24752, 4},{5107, 7},{14261, 17},{16370, 8},{3782, 17},{25273, 10},
{10396, 7},{3781, 16},{11118, 7},{23979, 7},{23441, 4},{10399, 7},{13691, 8},{17182, 17},{5103, 7},{3781, 16},
{16053, 7},{24752, 4},{18955, 7},{25273, 10},{24303, 5},{16894, 12},{8563, 9},{15066, 2},{8283, 10},{16948, 9},
{18691, 17},{9241, 3},{3781, 16},{21166, 8},{16943, 9},{15824, 13},{10399, 9},{6707, 9},{21601, 13},{22104, 12},
{8156, 8},{23441, 2},{6764, 10},{10799, 5},{8915, 3},{23267, 17},{3781, 16},{23441, 2},{6764, 10},{10400, 9},
{10393, 9},{26090, 5},{3781, 16},{23439, 12},{12821, 13},{24075, 3},{1017, 8},{21687, 17},{6706, 9},{1685, 10},
{4424, 10},{18788, 15},{18763, 8},{18762, 8},{4424, 10},{22841, 15},{18788, 15},{18788, 15},{15686, 8},{4424, 10},
{8776, 15},{4424, 10},{9434, 8},{18788, 15},{18767, 8},{4424, 10},{18788, 15},{16041, 15},{3172, 15},{18788, 15},
{4424, 10},{18766, 8},{4424, 10},{18765, 8},{18788, 15},{18788, 15},{4424, 10},{18764, 8},{4424, 10},{9418, 15},
{13014, 8},{13013, 8},{4424, 10},{20422, 15},{9418, 15},{18246, 15},{4424, 10},{13016, 8},{9418, 15},{4424, 10},
{9418, 15},{13015, 8},{16772, 15},{18788, 15},{4424, 10},{6692, 8},{9418, 15},{4424, 10},{13017, 8},{13020, 8},
{4424, 10},{9418, 15},{18252, 15},{21582, 15},{12268, 15},{13019, 8},{9418, 15},{21584, 15},{4424, 10},{19581, 7},
{5847, 7},{25273, 10},{3781, 16},{6684, 17},{1143, 4},{6721, 8},{10100, 7},{3781, 16},{5150, 17},{10088, 7},
{26339, 7},{25273, 10},{1143, 4},{6720, 8},{5846, 7},{1143, 4},{3781, 16},{10093, 7},{7008, 7},{17255, 17},
{19583, 7},{7002, 7},{25273, 10},{6723, 8},{1143, 4},{19585, 7},{9475, 17},{25273, 10},{7002, 7},{6722, 8},
{3781, 16},{5844, 7},{6725, 8},{1143, 4},{3134, 17},{26339, 7},{26345, 7},{3781, 16},{25273, 10},{26345, 7},
{10095, 7},{25632, 17},{3317, 7},{25273, 10},{6724, 8},{1143, 4},{5850, 7},{3781, 16},{7007, 7},{14473, 8},
{13923, 17},{25273, 10},{3781, 16},{19581, 7},{1143, 4},{19577, 7},{10100, 7},{10089, 7},{25273, 10},{3781, 16},
{6726, 8},{17113, 17},{1143, 4},{2775, 8},{2473, 10},{2473, 10},{2774, 8},{2773, 8},{2473, 10},{2772, 8},
{2473, 10},{2473, 10},{2771, 8},{2770, 8},{2473, 10},{3781, 16},{14868, 7},{16431, 17},{2656, 7},{7821, 7},
{15066, 4},{22130, 8},{25273, 10},{14868, 7},{15859, 7},{4498, 17},{15852, 7},{22131, 8},{3781, 16},{15066, 4},
{25273, 10},{15066, 4},{14861, 7},{25273, 10},{22646, 7},{8562, 7},{11451, 17},{3781, 16},{807, 8},{21249, 7},
{402, 7},{15066, 4},{8648, 17},{24572, 1},{25273, 10},{3781, 16},{812, 8},{21230, 7},{25273, 10},{2656, 7},
{8556, 7},{8477, 17},{13169, 8},{8561, 7},{3781, 16},{15066, 4},{25273, 10},{22647, 7},{15066, 4},{3840, 7},
{3781, 16},{5047, 7},{1293, 17},{13178, 8},{3781, 16},{5126, 17},{2661, 7},{8561, 7},{8563, 7},{15066, 4},
{16457, 8},{25273, 10},{15066, 4},{13258, 8},{3781, 16},{15855, 7},{15853, 7},{25273, 10},{14844, 17},{8559, 7},
{3781, 16},{13205, 8},{2653, 7},{24566, 1},{14851, 7},{25273, 10},{18447, 17},{15066, 4},{11724, 17},{16700, 8},
{3781, 16},{22644, 7},{15066, 4},{25273, 10},{8558, 7},{4424, 10},{7244, 15},{18762, 8},{24957, 15},{18763, 8},
{4424, 10},{24957, 15},{24957, 15},{4424, 10},{21383, 15},{9434, 8},{24957, 15},{15686, 8},{4424, 10},{16922, 15},
{21388, 15},{24957, 15},{4424, 10},{18766, 8},{24957, 15},{4424, 10},{18767, 8},{4424, 10},{24957, 15},{18764, 8},
{12455, 15},{24957, 15},{4424, 10},{18765, 8},{6690, 8},{5488, 15},{4424, 10},{24957, 15},{6692, 8},{4424, 10},
{24957, 15},{11663, 15},{25273, 10},{10393, 7},{17148, 7},{2086, 17},{3781, 16},{23441, 4},{10399, 7},{7610, 8},
{17152, 7},{18766, 8},{4424, 10},{20199, 15},{20199, 15},{4424, 10},{18767, 8},{21261, 15},{22363, 15},{20199, 15},
{18764, 8},{10923, 15},{4424, 10},{4424, 10},{3234, 15},{20199, 15},{18765, 8},{4424, 10},{18762, 8},{20199, 15},
{4424, 10},{20199, 15},{18763, 8},{9434, 8},{20199, 15},{4424, 10},{15686, 8},{20199, 15},{4424, 10},{1572, 15},
{21263, 15},{4424, 10},{20199, 15},{10923, 15},{6690, 8},{4138, 15},{6692, 8},{4424, 10},{20199, 15},{11571, 7},
{3781, 16},{25273, 10},{23441, 4},{4311, 7},{7613, 8},{23978, 7},{11369, 17},{11118, 7},{4424, 10},{18767, 8},
{10988, 15},{16442, 15},{16442, 15},{18766, 8},{4424, 10},{4424, 10},{18765, 8},{16442, 15},{8620, 15},{8837, 15},
{18764, 8},{4424, 10},{16442, 15},{4424, 10},{16442, 15},{8622, 15},{18763, 8},{4213, 15},{10242, 15},{4424, 10},
{18762, 8},{16442, 15},{4212, 15},{4057, 15},{15686, 8},{1940, 15},{16442, 15},{4424, 10},{4424, 10},{14363, 15},
{16442, 15},{9434, 8},{1685, 10},{10914, 13},{15272, 2},{14749, 8},{17682, 12},{22666, 9},{15323, 10},{22665, 9},
{3781, 16},{5768, 17},{8720, 3},{23460, 9},{15323, 10},{15272, 2},{23461, 9},{1664, 13},{22663, 9},{10053, 12},
{23458, 9},{13206, 17},{2804, 3},{8504, 8},{3781, 16},{22664, 9},{26189, 3},{3781, 16},{23459, 9},{23604, 17},
{22669, 9},{15323, 10},{3754, 8},{22670, 9},{15272, 2},{25483, 13},{25881, 12},{8467, 8},{15758, 17},{10053, 3},
{15272, 2},{131, 12},{15323, 10},{14234, 13},{23464, 9},{22667, 9},{3781, 16},{10431, 17},{22668, 9},{23462, 9},
{23465, 9},{15272, 2},{16083, 3},{15486, 9},{3781, 16},{17189, 13},{1225, 12},{8481, 8},{15323, 10},{15485, 9},
{23463, 9},{13502, 8},{15323, 10},{12493, 12},{4125, 13},{15272, 2},{3767, 9},{19191, 3},{3781, 16},{22764, 17},
{22722, 9},{20834, 13},{14462, 3},{15272, 2},{4616, 12},{8004, 17},{15323, 10},{3766, 9},{15475, 9},{8462, 8},
{3781, 16},{25273, 10},{25173, 7},{12857, 7},{3781, 16},{10576, 4},{4784, 17},{15460, 8},{12426, 7},{3781, 16},
{13689, 8},{1294, 17},{10576, 4},{25273, 10},{25172, 7},{10673, 7},{7691, 7},{10673, 7},{15467, 8},{25273, 10},
{3781, 16},{6032, 17},{14659, 7},{14660, 7},{10576, 4},{25168, 7},{18195, 17},{15468, 8},{3781, 16},{10576, 4},
{25273, 10},{10640, 7},{10576, 4},{15912, 17},{8286, 7},{25273, 10},{15469, 8},{7691, 7},{25171, 7},{3781, 16},
{25173, 7},{5450, 7},{15470, 8},{25171, 7},{13844, 17},{3781, 16},{25273, 10},{10576, 4},{242, 17},{15463, 8},
{10576, 4},{3781, 16},{12429, 7},{10669, 7},{25273, 10},{3781, 16},{10673, 7},{25273, 10},{15464, 8},{12429, 7},
{10576, 4},{10334, 17},{5456, 7},{5459, 7},{10679, 7},{12900, 7},{10576, 4},{18033, 17},{15465, 8},{5455, 7},
{3781, 16},{12425, 7},{25273, 10},{25273, 10},{5456, 7},{10576, 4},{3684, 17},{12428, 7},{3781, 16},{25171, 7},
{6165, 8},{15272, 4},{15748, 17},{17351, 7},{17355, 7},{16449, 7},{17710, 8},{3781, 16},{25273, 10},{23462, 7},
{15272, 4},{23460, 7},{10550, 7},{11598, 17},{3781, 16},{19813, 8},{17260, 1},{16455, 7},{25273, 10},{17351, 7},
{17301, 8},{10537, 17},{3781, 16},{25273, 10},{15272, 4},{10876, 7},{17360, 7},{901, 1},{20588, 7},{25273, 10},
{3781, 16},{19756, 8},{15272, 4},{10876, 7},{15641, 17},{23464, 7},{3766, 7},{902, 1},{21600, 17},{10547, 7},
{23462, 7},{3769, 7},{3781, 16},{25273, 10},{1059, 8},{15272, 4},{20588, 7},{14581, 17},{23464, 7},{25273, 10},
{3781, 16},{15272, 4},{1375, 8},{3768, 7},{26440, 8},{3781, 16},{25273, 10},{10552, 7},{23463, 7},{15272, 4},
{8678, 17},{3774, 7},{26441, 8},{25273, 10},{15272, 4},{3781, 16},{17355, 7},{17358, 7},{18570, 17},{23459, 7},
{25273, 10},{3781, 16},{23462, 7},{23461, 7},{3354, 17},{26438, 8},{15272, 4},{16449, 7},{19680, 8},{10837, 17},
{25273, 10},{15272, 4},{3781, 16},{10876, 7},{22378, 17},{9123, 1},{25273, 10},{13730, 8},{852, 7},{856, 7},
{3781, 16},{17612, 4},{12265, 15},{6690, 8},{2627, 15},{4424, 10},{6692, 8},{1541, 15},{4424, 10},{9460, 15},
{6690, 8},{9460, 15},{4424, 10},{22278, 8},{7219, 17},{22809, 1},{3781, 16},{24752, 4},{25273, 10},{5109, 7},
{1358, 7},{12023, 7},{1774, 8},{4119, 1},{3781, 16},{1364, 7},{7299, 17},{25273, 10},{24752, 4},{4424, 10},
{18765, 8},{13317, 15},{7220, 15},{9460, 15},{22291, 8},{3781, 16},{18955, 7},{14257, 7},{24961, 17},{25273, 10},
{24752, 4},{9460, 15},{18767, 8},{4424, 10},{4424, 10},{9460, 15},{18766, 8},{399, 15},{15686, 8},{9460, 15},
{8568, 15},{4424, 10},{13316, 15},{3781, 16},{22287, 8},{25273, 10},{24752, 4},{18950, 7},{18951, 7},{18953, 7},
{14252, 7},{19087, 17},{18763, 8},{9460, 15},{4424, 10},{4424, 10},{9700, 15},{9460, 15},{18762, 8},{23975, 4},
{25273, 10},{537, 7},{20235, 7},{20238, 7},{3781, 16},{8688, 7},{17726, 8},{21740, 17},{13322, 15},{9033, 15},
{6692, 8},{4424, 10},{13321, 15},{13314, 15},{4424, 10},{6690, 8},{9033, 15},{4424, 10},{15686, 8},{9033, 15},
{9033, 15},{9434, 8},{4424, 10},{9033, 15},{4424, 10},{18763, 8},{9033, 15},{4424, 10},{18762, 8},{4424, 10},
{18765, 8},{9033, 15},{18764, 8},{4424, 10},{9033, 15},{1539, 15},{9033, 15},{18767, 8},{4424, 10},{20084, 15},
{9033, 15},{18766, 8},{4424, 10},{14513, 7},{3781, 16},{14507, 7},{1811, 8},{1023, 17},{6852, 7},{25273, 10},
{6854, 7},{17612, 4},{18764, 8},{2627, 15},{18043, 15},{18246, 15},{4424, 10},{856, 7},{9130, 1},{7539, 7},
{6853, 7},{7018, 17},{3781, 16},{1812, 8},{25273, 10},{17612, 4},{6850, 7},{4424, 10},{23061, 15},{13018, 8},
{13017, 8},{23061, 15},{4424, 10},{13020, 8},{23061, 15},{21223, 15},{4424, 10},{23061, 15},{4424, 10},{13317, 15},
{16892, 15},{1546, 15},{13019, 8},{21222, 15},{13014, 8},{23061, 15},{4424, 10},{4424, 10},{13013, 8},{23061, 15},
{4424, 10},{23061, 15},{13016, 8},{21215, 15},{23061, 15},{1541, 15},{20082, 15},{13015, 8},{4424, 10},{1814, 8},
{862, 7},{25273, 10},{3781, 16},{18031, 17},{853, 7},{25232, 1},{17612, 4},{6853, 7},{15686, 8},{2627, 15},
{4424, 10},{25273, 10},{12427, 7},{5460, 7},{10576, 4},{3400, 8},{20597, 7},{3781, 16},{9295, 17},{10676, 7},
{4424, 10},{13018, 8},{20863, 15},{8102, 7},{3781, 16},{17612, 4},{10970, 8},{8105, 7},{25273, 10},{20546, 7},
{9131, 1},{24716, 17},{25273, 10},{10576, 4},{14662, 7},{3402, 8},{3781, 16},{12431, 7},{12857, 7},{25171, 7},
{3225, 17},{10673, 7},{14661, 7},{11913, 17},{12430, 7},{3403, 8},{3781, 16},{10576, 4},{25273, 10},{1685, 10},
{3781, 16},{10576, 4},{12428, 7},{25273, 10},{20969, 8},{1030, 17},{7689, 7},{7539, 7},{3781, 16},{25273, 10},
{17612, 4},{7541, 7},{14515, 7},{1810, 8},{4399, 17},{14513, 7},{2835, 17},{19954, 4},{7035, 3},{12657, 1},
{16846, 8},{3781, 16},{11418, 7},{7672, 10},{16871, 15},{18764, 8},{17681, 15},{4424, 10},{26351, 15},{26351, 15},
{4424, 10},{18765, 8},{26351, 15},{18766, 8},{4424, 10},{4424, 10},{18767, 8},{26351, 15},{26351, 15},{18762, 8},
{4424, 10},{23725, 15},{1685, 10},{6690, 8},{18785, 15},{4424, 10},{6618, 15},{18785, 15},{6692, 8},{4424, 10},
{18785, 15},{13539, 15},{18766, 8},{4424, 10},{18785, 15},{4424, 10},{18767, 8},{18764, 8},{18785, 15},{8776, 15},
{4424, 10},{18765, 8},{4424, 10},{18785, 15},{7672, 10},{18281, 7},{3781, 16},{23665, 10},{1567, 17},{12253, 4},
{4729, 8},{10138, 7},{8913, 3},{2628, 1},{12731, 15},{18763, 8},{4424, 10},{18785, 15},{13875, 17},{4731, 8},
{7672, 10},{12253, 4},{3781, 16},{2630, 1},{3980, 3},{1950, 7},{3781, 16},{24766, 17},{22333, 1},{2303, 8},
{12253, 4},{24027, 7},{7672, 10},{18056, 3},{4424, 10},{22910, 15},{13017, 8},{1685, 10},{1223, 10},{3781, 16},
{1530, 4},{14074, 7},{7672, 10},{12368, 17},{21203, 3},{15775, 7},{13151, 1},{8483, 8},{26012, 0},{9802, 7},
{13150, 1},{25018, 17},{14075, 7},{3781, 16},{7672, 10},{1530, 4},{3344, 3},{20157, 7},{9568, 0},{8482, 8},
{1223, 10},{432, 7},{8491, 8},{16252, 17},{3781, 16},{24141, 3},{7672, 10},{15457, 1},{1530, 4},{1530, 4},
{15457, 1},{5509, 0},{18590, 3},{8490, 8},{1223, 10},{9800, 7},{3781, 16},{25899, 17},{7672, 10},{7672, 10},
{8489, 8},{440, 7},{3781, 16},{1001, 17},{14083, 7},{1530, 4},{13146, 1},{25202, 3},{434, 7},{794, 17},
{8488, 8},{25922, 1},{3781, 16},{7672, 10},{18173, 7},{432, 7},{1530, 4},{740, 3},{14076, 7},{7672, 10},
{25926, 1},{21444, 17},{23665, 10},{8487, 8},{12361, 3},{1530, 4},{3781, 16},{8652, 17},{7672, 10},{3781, 16},
{15776, 7},{12330, 1},{1530, 4},{8486, 8},{23665, 10},{21537, 3},{18173, 7},{20157, 7},{1530, 4},{3781, 16},
{7672, 10},{7969, 17},{1528, 3},{15446, 1},{8485, 8},{1088, 17},{12329, 1},{8484, 8},{7672, 10},{3781, 16},
{1530, 4},{15655, 3},{14075, 7},{1685, 10},{25273, 10},{14141, 8},{23441, 4},{11572, 7},{23979, 7},{10394, 7},
{8289, 17},{3781, 16},{25273, 10},{11894, 17},{3781, 16},{11565, 7},{14140, 8},{23949, 1},{10391, 7},{23441, 4},
{10398, 7},{10396, 7},{11117, 7},{1025, 17},{11567, 7},{17149, 7},{3781, 16},{14143, 8},{25273, 10},{23441, 4},
{24752, 4},{1359, 7},{6931, 7},{14633, 8},{24606, 17},{15800, 7},{3781, 16},{4124, 1},{25273, 10},{12027, 7},
{24695, 17},{3781, 16},{17149, 7},{23979, 7},{23441, 4},{25273, 10},{5461, 8},{19526, 1},{14144, 8},{11572, 7},
{23441, 4},{11573, 7},{23980, 7},{25273, 10},{4310, 7},{3781, 16},{18140, 17},{14255, 7},{24752, 4},{18953, 7},
{14630, 8},{25273, 10},{1360, 7},{12022, 7},{3781, 16},{19587, 17},{4315, 7},{11570, 7},{14146, 8},{25273, 10},
{3781, 16},{10399, 7},{19812, 17},{23441, 4},{25273, 10},{23341, 17},{5101, 7},{5109, 7},{14254, 7},{14638, 8},
{24752, 4},{3781, 16},{14637, 8},{19700, 17},{14250, 7},{14249, 7},{5110, 7},{3781, 16},{25273, 10},{24752, 4},
{5103, 7},{3781, 16},{14152, 8},{25273, 10},{17150, 7},{23441, 4},{3663, 17},{11118, 7},{26222, 1},{23441, 4},
{11568, 7},{14151, 8},{15422, 17},{3781, 16},{23977, 7},{25273, 10},{4306, 7},{25273, 10},{18785, 1},{3777, 17},
{7614, 8},{11760, 7},{3781, 16},{13175, 4},{18523, 7},{21066, 7},{266, 17},{7615, 8},{13175, 4},{25267, 7},
{22798, 7},{11766, 7},{3781, 16},{25273, 10},{7612, 8},{18524, 7},{25273, 10},{25265, 7},{17768, 17},{3932, 1},
{22795, 7},{3781, 16},{13175, 4},{3781, 16},{7613, 8},{22792, 7},{12352, 17},{13175, 4},{25273, 10},{21069, 7},
{25256, 7},{22800, 7},{13175, 4},{3781, 16},{7610, 8},{25267, 7},{22170, 7},{22798, 7},{9141, 1},{18521, 7},
{25273, 10},{13630, 17},{25273, 10},{5935, 17},{3781, 16},{18526, 7},{11767, 7},{13175, 4},{13950, 8},{25273, 10},
{20653, 7},{13175, 4},{22594, 17},{3781, 16},{7608, 8},{22795, 7},{25273, 10},{13175, 4},{13417, 17},{3781, 16},
{7609, 8},{20660, 7},{22796, 7},{18529, 7},{19806, 7},{9141, 1},{13175, 4},{7617, 8},{25273, 10},{3929, 1},
{10353, 17},{3781, 16},{18529, 7},{19806, 7},{22798, 7},{11761, 7},{20653, 7},{7618, 8},{13175, 4},{3781, 16},
{18791, 1},{22799, 7},{25273, 10},{553, 17},{25273, 10},{16905, 7},{24473, 8},{8204, 4},{19957, 17},{3781, 16},
{11746, 7},{22331, 15},{5282, 15},{4424, 10},{13019, 8},{4424, 10},{13018, 8},{22331, 15},{1405, 15},{25273, 10},
{10130, 7},{3781, 16},{8204, 4},{10123, 7},{11308, 17},{8847, 8},{8204, 4},{3781, 16},{16901, 7},{16900, 7},
{10126, 7},{6585, 17},{24469, 8},{25273, 10},{5425, 7},{23520, 7},{25273, 10},{8204, 4},{20195, 1},{11719, 7},
{24685, 17},{14731, 8},{10125, 7},{3781, 16},{24467, 8},{16897, 7},{25273, 10},{5428, 7},{19601, 7},{8204, 4},
{3781, 16},{4554, 17},{16900, 7},{24466, 8},{25273, 10},{1857, 17},{8970, 7},{8204, 4},{3781, 16},{8204, 4},
{25273, 10},{3781, 16},{16898, 7},{14709, 8},{8970, 7},{16900, 7},{20995, 17},{10124, 7},{14707, 8},{11722, 7},
{25273, 10},{3781, 16},{25130, 7},{16902, 7},{23528, 7},{8204, 4},{19639, 17},{1685, 10},{4424, 10},{15452, 15},
{13013, 8},{21606, 15},{15452, 15},{1927, 15},{4424, 10},{25192, 15},{13014, 8},{11319, 15},{13015, 8},{15452, 15},
{4424, 10},{13017, 8},{15452, 15},{21391, 15},{4424, 10},{4424, 10},{13018, 8},{15452, 15},{13019, 8},{1926, 15},
{21383, 15},{4424, 10},{15452, 15},{4424, 10},{13020, 8},{15452, 15},{4424, 10},{20200, 15},{6692, 8},{15604, 15},
{15605, 15},{9783, 15},{6690, 8},{4424, 10},{20200, 15},{4424, 10},{15686, 8},{20200, 15},{4133, 15},{16385, 15},
{4424, 10},{13019, 8},{4133, 15},{13018, 8},{9909, 15},{5566, 15},{4424, 10},{18762, 8},{4424, 10},{20200, 15},
{2748, 15},{20200, 15},{4424, 10},{15602, 15},{18765, 8},{4424, 10},{20200, 15},{18764, 8},{1577, 15},{21642, 15},
{8697, 15},{18767, 8},{4424, 10},{20200, 15},{18766, 8},{4424, 10},{20200, 15},{22368, 15},{21149, 17},{25273, 10},
{19854, 7},{1774, 8},{7251, 7},{12253, 4},{3781, 16},{15902, 1},{14179, 7},{307, 17},{3781, 16},{7247, 7},
{12253, 4},{22278, 8},{7242, 7},{25273, 10},{21405, 8},{22301, 7},{3781, 16},{25314, 4},{24384, 7},{16141, 7},
{26391, 17},{25273, 10},{17726, 8},{8440, 17},{24382, 7},{25314, 4},{4706, 7},{3781, 16},{25273, 10},{25314, 4},
{4707, 7},{25273, 10},{3781, 16},{4369, 1},{22306, 7},{17807, 8},{15279, 17},{4714, 7},{5304, 17},{3781, 16},
{22302, 7},{17793, 8},{25314, 4},{25273, 10},{17790, 8},{24387, 7},{7948, 17},{25314, 4},{24382, 7},{25273, 10},
{9278, 7},{3781, 16},{25273, 10},{8134, 7},{22301, 7},{25314, 4},{16147, 7},{17776, 8},{3781, 16},{4837, 17},
{25273, 10},{12253, 4},{3781, 16},{7242, 7},{2630, 1},{2755, 7},{22285, 8},{11372, 17},{22286, 8},{12253, 4},
{7246, 7},{3266, 7},{14236, 17},{25273, 10},{3781, 16},{22388, 7},{25273, 10},{2758, 7},{12253, 4},{14180, 7},
{22287, 8},{3275, 7},{3277, 7},{25066, 17},{3781, 16},{3781, 16},{25273, 10},{7250, 7},{1808, 8},{12253, 4},
{19192, 17},{7246, 7},{3272, 7},{3781, 16},{8134, 7},{8129, 7},{25314, 4},{14985, 17},{25273, 10},{16141, 7},
{8510, 8},{3781, 16},{25273, 10},{12253, 4},{22290, 8},{14178, 7},{19856, 7},{14180, 7},{3273, 7},{16217, 17},
{25273, 10},{22291, 8},{7108, 17},{12253, 4},{19854, 7},{19139, 1},{3781, 16},{2764, 7},{14182, 7},{7242, 7},
{25273, 10},{7252, 7},{2627, 1},{3245, 17},{3273, 7},{3781, 16},{12253, 4},{22292, 8},{23975, 4},{8691, 7},
{538, 7},{25273, 10},{3781, 16},{7160, 7},{912, 8},{16259, 7},{7535, 17},{25126, 10},{16512, 8},{25126, 10},
{16511, 8},{25126, 10},{16505, 8},{25126, 10},{16504, 8},{25126, 10},{16503, 8},{16502, 8},{25126, 10},{25126, 10},
{16509, 8},{25126, 10},{16508, 8},{25126, 10},{16507, 8},{16506, 8},{25126, 10},{25273, 10},{4309, 7},{23986, 7},
{23441, 4},{10392, 7},{17368, 17},{3781, 16},{18544, 8},{1143, 14},{15362, 10},{15362, 10},{1143, 14},{15362, 10},
{1143, 14},{15362, 10},{1143, 14},{15362, 10},{1143, 14},{15362, 10},{1143, 14},{15362, 10},{1143, 14},{1143, 14},
{15362, 10},{1143, 14},{15362, 10},{15362, 10},{1143, 14},{12660, 8},{25126, 10},{25126, 10},{22782, 8},{13379, 8},
{24141, 12},{15066, 2},{24303, 5},{3781, 16},{10298, 13},{5047, 9},{3864, 10},{23801, 9},{6814, 17},{15014, 3},
{25126, 10},{12659, 8},{25126, 10},{12664, 8},{12665, 8},{25126, 10},{12662, 8},{25126, 10},{25126, 10},{22785, 8},
{12654, 8},{25126, 10},{12655, 8},{25126, 10},{16265, 7},{3781, 16},{535, 7},{23975, 4},{22214, 17},{25273, 10},
{914, 8},{25611, 7},{14143, 8},{19954, 4},{12066, 7},{5309, 17},{25273, 10},{3781, 16},{19954, 4},{25273, 10},
{25616, 7},{8073, 7},{3781, 16},{14142, 8},{1738, 7},{11157, 17},{1736, 7},{25273, 10},{19954, 4},{12065, 7},
{12063, 7},{19881, 17},{14141, 8},{3781, 16},{14140, 8},{19954, 4},{12063, 7},{5137, 7},{8080, 7},{3781, 16},
{10279, 17},{25273, 10},{25273, 10},{3781, 16},{19954, 4},{25616, 7},{25618, 17},{1745, 7},{14147, 8},{19954, 4},
{3781, 16},{25273, 10},{1735, 7},{14146, 8},{8075, 7},{6997, 17},{19954, 4},{3781, 16},{22274, 17},{25611, 7},
{25273, 10},{5461, 8},{8079, 7},{8542, 17},{14144, 8},{19954, 4},{25273, 10},{3781, 16},{25605, 7},{12061, 7},
{19954, 4},{25605, 7},{14152, 8},{3781, 16},{25273, 10},{5136, 7},{1743, 7},{26388, 17},{19954, 4},{12512, 1},
{22708, 7},{8073, 7},{6512, 17},{3781, 16},{8080, 7},{25273, 10},{12065, 7},{14151, 8},{13013, 8},{4424, 10},
{7189, 15},{7870, 15},{7189, 15},{4424, 10},{13020, 8},{4966, 15},{4424, 10},{13019, 8},{7189, 15},{4472, 15},
{4424, 10},{7189, 15},{13018, 8},{7189, 15},{13017, 8},{12961, 15},{4424, 10},{16425, 15},{18764, 8},{4424, 10},
{7277, 15},{18765, 8},{4424, 10},{7277, 15},{7277, 15},{18766, 8},{4424, 10},{18767, 8},{20404, 15},{7277, 15},
{8627, 15},{4424, 10},{9434, 8},{4424, 10},{7277, 15},{4424, 10},{15686, 8},{21103, 15},{7277, 15},{4424, 10},
{7277, 15},{18762, 8},{15730, 15},{18763, 8},{4424, 10},{7277, 15},{1685, 10},{8875, 15},{14341, 15},{7277, 15},
{8874, 15},{4424, 10},{6690, 8},{4424, 10},{21108, 15},{7277, 15},{6692, 8},{18763, 8},{180, 15},{4424, 10},
{4424, 10},{19139, 15},{18248, 15},{13017, 8},{4424, 10},{13018, 8},{19139, 15},{13019, 8},{21246, 15},{19139, 15},
{4424, 10},{4424, 10},{13020, 8},{19139, 15},{19078, 15},{4424, 10},{12262, 15},{19139, 15},{13013, 8},{21251, 15},
{4424, 10},{13014, 8},{19139, 15},{13015, 8},{5287, 15},{4424, 10},{19139, 15},{13014, 8},{2747, 15},{20864, 15},
{4424, 10},{8707, 15},{20864, 15},{13013, 8},{4424, 10},{20864, 15},{4424, 10},{13020, 8},{4424, 10},{20864, 15},
{13019, 8},{4140, 15},{3237, 15},{13018, 8},{20864, 15},{21262, 15},{3238, 15},{4424, 10},{20864, 15},{13017, 8},
{4424, 10},{23385, 7},{23665, 10},{15553, 17},{16550, 7},{3781, 16},{17345, 3},{4492, 8},{7672, 10},{7191, 1},
{17612, 4},{17612, 4},{6717, 3},{7672, 10},{7239, 17},{4546, 1},{4494, 8},{3696, 7},{3781, 16},{19719, 1},
{7672, 10},{3781, 16},{24654, 3},{9463, 8},{3696, 7},{3247, 17},{17612, 4},{15127, 17},{25777, 3},{3781, 16},
{7672, 10},{17612, 4},{20260, 8},{5339, 7},{3696, 7},{7191, 1},{23665, 10},{16333, 3},{17612, 4},{6249, 7},
{13156, 7},{7672, 10},{9129, 1},{24993, 17},{19183, 8},{23394, 7},{3781, 16},{9122, 1},{23665, 10},{3781, 16},
{17612, 4},{1848, 3},{7672, 10},{5071, 17},{16540, 7},{4532, 8},{25236, 1},{20799, 3},{5340, 7},{13158, 7},
{8433, 17},{3781, 16},{5336, 7},{9767, 8},{17612, 4},{7672, 10},{13161, 7},{23395, 7},{20548, 0},{10075, 8},
{1676, 17},{7189, 1},{1223, 10},{17612, 4},{25766, 3},{3781, 16},{7672, 10},{16543, 7},{17612, 4},{17682, 3},
{25235, 1},{9461, 8},{23415, 17},{23392, 7},{7672, 10},{3781, 16},{3781, 16},{25881, 3},{5012, 17},{17612, 4},
{22508, 7},{9124, 1},{7672, 10},{19138, 8},{1685, 10},{8075, 7},{7618, 8},{25614, 7},{3781, 16},{15208, 17},
{19954, 4},{25273, 10},{5134, 7},{7617, 8},{1738, 7},{25273, 10},{1735, 7},{8015, 17},{3781, 16},{19954, 4},
{8076, 7},{25609, 7},{19954, 4},{25273, 10},{3781, 16},{13950, 8},{3543, 17},{1743, 7},{1736, 7},{7610, 8},
{25605, 7},{3781, 16},{5138, 7},{19954, 4},{12060, 7},{22541, 17},{25273, 10},{8070, 7},{25273, 10},{19954, 4},
{7609, 8},{5134, 7},{8075, 7},{3781, 16},{5138, 7},{20527, 17},{1739, 7},{12060, 7},{7608, 8},{19954, 4},
{8079, 7},{1741, 7},{25273, 10},{15501, 17},{3781, 16},{25610, 7},{25273, 10},{5137, 7},{7615, 8},{24822, 7},
{19954, 4},{3781, 16},{12066, 7},{1369, 17},{7614, 8},{3781, 16},{5137, 7},{19954, 4},{25273, 10},{17098, 17},
{1743, 7},{25611, 7},{19954, 4},{25480, 17},{25273, 10},{5135, 7},{25605, 7},{3781, 16},{12653, 1},{7613, 8},
{8076, 7},{7612, 8},{25609, 7},{25273, 10},{20639, 17},{19954, 4},{3781, 16},{12058, 7},{12066, 7},{1685, 10},
{1685, 10},{4424, 10},{9559, 15},{13013, 8},{9559, 15},{4424, 10},{13019, 8},{13020, 8},{9559, 15},{4424, 10},
{13017, 8},{9559, 15},{4424, 10},{4424, 10},{8830, 15},{9559, 15},{13018, 8},{1685, 10},{4424, 10},{24884, 8},
{4130, 15},{4424, 10},{18762, 8},{9125, 15},{1011, 15},{4969, 15},{9434, 8},{4424, 10},{9125, 15},{4424, 10},
{18767, 8},{9125, 15},{18766, 8},{11511, 15},{4424, 10},{9125, 15},{22524, 15},{18765, 8},{4424, 10},{9125, 15},
{4424, 10},{9125, 15},{18764, 8},{7876, 15},{14815, 15},{25781, 15},{4424, 10},{13017, 8},{4130, 15},{22507, 15},
{4130, 15},{4424, 10},{1699, 15},{24675, 15},{13018, 8},{5566, 15},{4424, 10},{9913, 15},{4130, 15},{13019, 8},
{4424, 10},{4130, 15},{13020, 8},{4130, 15},{13013, 8},{4424, 10},{1685, 10},{4424, 10},{4130, 15},{13015, 8},
{4424, 10},{13016, 8},{4130, 15},{5570, 15},{11411, 8},{2473, 10},{2473, 10},{6220, 8},{6217, 8},{2473, 10},
{2473, 10},{6216, 8},{2473, 10},{6219, 8},{11383, 8},{2473, 10},{2473, 10},{6213, 8},{6212, 8},{2473, 10},
{6215, 8},{2473, 10},{6214, 8},{2473, 10},{11778, 7},{3781, 16},{25273, 10},{11774, 7},{14413, 17},{2727, 8},
{7362, 7},{12232, 4},{5533, 7},{25122, 15},{4424, 10},{18766, 8},{11779, 7},{25273, 10},{19963, 17},{3781, 16},
{12232, 4},{2725, 8},{6316, 7},{19928, 7},{12232, 4},{25273, 10},{26406, 17},{11772, 7},{2726, 8},{3781, 16},
{7365, 7},{12232, 4},{7217, 17},{2723, 8},{19929, 7},{12508, 7},{3781, 16},{25273, 10},{14303, 7},{5529, 7},
{3781, 16},{25273, 10},{14309, 7},{17712, 17},{12232, 4},{2724, 8},{6293, 7},{14303, 7},{12232, 4},{11774, 7},
{21777, 17},{3781, 16},{25273, 10},{2721, 8},{4424, 10},{25122, 15},{1699, 15},{18767, 8},{3781, 16},{2733, 8},
{7363, 7},{3776, 17},{25273, 10},{12232, 4},{18542, 7},{19924, 7},{23292, 1},{19931, 7},{25273, 10},{2734, 8},
{12232, 4},{7362, 7},{3781, 16},{12507, 7},{19929, 7},{19923, 7},{5326, 17},{25122, 15},{11064, 15},{18764, 8},
{4424, 10},{25122, 15},{18765, 8},{4424, 10},{18762, 8},{25122, 15},{4424, 10},{1530, 4},{3781, 16},{9568, 7},
{12477, 7},{13733, 8},{25273, 10},{21035, 17},{4271, 15},{18763, 8},{25122, 15},{4424, 10},{19927, 7},{7364, 7},
{5524, 7},{15503, 17},{3781, 16},{12232, 4},{25273, 10},{23541, 8},{25419, 7},{7672, 10},{3781, 16},{20716, 1},
{16853, 8},{18682, 7},{4668, 3},{1143, 4},{5209, 17},{25428, 7},{3781, 16},{7672, 10},{9560, 1},{1143, 4},
{16748, 8},{6828, 3},{2490, 7},{14300, 17},{23665, 10},{16846, 8},{3781, 16},{7813, 17},{2482, 7},{25607, 3},
{21660, 1},{12646, 7},{7672, 10},{1143, 4},{25420, 7},{2464, 1},{1143, 4},{3781, 16},{23234, 3},{21854, 17},
{20624, 7},{7672, 10},{2484, 7},{17118, 8},{10768, 8},{25420, 7},{9556, 1},{1143, 4},{19573, 17},{7672, 10},
{2486, 7},{2487, 7},{18263, 3},{3781, 16},{1143, 4},{3781, 16},{9553, 1},{12647, 7},{12650, 7},{4426, 17},
{12322, 3},{23665, 10},{7672, 10},{16999, 8},{1685, 10},{3781, 16},{12028, 7},{12027, 7},{21410, 8},{24752, 4},
{6923, 7},{16642, 17},{25273, 10},{24752, 4},{21739, 17},{12031, 7},{25273, 10},{18950, 7},{21409, 8},{3781, 16},
{1360, 7},{22821, 8},{24752, 4},{25273, 10},{5045, 17},{3781, 16},{5105, 7},{22806, 1},{18951, 7},{5104, 7},
{5109, 7},{2652, 17},{22818, 8},{3781, 16},{12027, 7},{24752, 4},{25273, 10},{5107, 7},{4121, 1},{25273, 10},
{3781, 16},{16153, 17},{24752, 4},{5104, 7},{22815, 8},{24752, 4},{6928, 7},{25273, 10},{12031, 7},{3781, 16},
{18956, 7},{7962, 17},{6923, 7},{10772, 8},{1358, 7},{24752, 4},{25273, 10},{10763, 8},{3781, 16},{5108, 7},
{4054, 17},{6921, 7},{24752, 4},{3021, 17},{25273, 10},{18950, 7},{10743, 8},{3781, 16},{14250, 7},{24752, 4},
{22931, 17},{8227, 7},{5104, 7},{25273, 10},{10731, 8},{3781, 16},{10711, 8},{3781, 16},{25273, 10},{6922, 7},
{24752, 4},{6931, 7},{12023, 7},{12024, 7},{25479, 17},{1530, 4},{2044, 17},{3781, 16},{25273, 10},{13730, 8},
{26018, 7},{26019, 7},{5509, 7},{12480, 7},{4424, 10},{9434, 8},{17262, 15},{1685, 10},{4124, 15},{4424, 10},
{9434, 8},{4424, 10},{15686, 8},{4124, 15},{4124, 15},{4424, 10},{18762, 8},{7696, 15},{14658, 15},{4124, 15},
{4424, 10},{18763, 8},{21394, 15},{18764, 8},{4124, 15},{4424, 10},{4424, 10},{21393, 15},{4124, 15},{600, 15},
{18765, 8},{21402, 15},{4424, 10},{20589, 15},{4124, 15},{18766, 8},{18767, 8},{4124, 15},{4424, 10},{4424, 10},
{4124, 15},{6690, 8},{6692, 8},{4124, 15},{4424, 10},{4100, 15},{16700, 8},{3781, 16},{19930, 7},{6316, 7},
{12232, 4},{25273, 10},{7367, 7},{8727, 17},{25273, 10},{18144, 17},{14142, 8},{3781, 16},{4713, 7},{25314, 4},
{24387, 7},{4712, 7},{24385, 7},{15547, 15},{1696, 15},{18762, 8},{4424, 10},{4424, 10},{18767, 8},{15547, 15},
{18766, 8},{4424, 10},{15547, 15},{18765, 8},{4424, 10},{11064, 15},{15547, 15},{24675, 15},{18764, 8},{4424, 10},
{15547, 15},{11060, 15},{1223, 10},{9801, 7},{12480, 0},{13084, 1},{7672, 10},{14077, 7},{16068, 3},{3781, 16},
{4532, 8},{1530, 4},{9799, 7},{4661, 17},{19183, 8},{1530, 4},{7588, 17},{20157, 7},{7672, 10},{12332, 1},
{11631, 3},{3781, 16},{14075, 7},{13149, 1},{19911, 3},{1530, 4},{3781, 16},{20154, 7},{20260, 8},{7672, 10},
{10452, 17},{14076, 7},{12333, 1},{14080, 7},{1530, 4},{3781, 16},{3936, 3},{9463, 8},{7672, 10},{21880, 17},
{1530, 4},{13151, 1},{19138, 8},{7672, 10},{25221, 0},{1223, 10},{3781, 16},{17876, 17},{20153, 7},{20152, 7},
{20157, 7},{25016, 3},{14078, 7},{7672, 10},{3781, 16},{23665, 10},{9461, 8},{7981, 1},{1286, 17},{7463, 3},
{432, 7},{20158, 7},{1530, 4},{1530, 4},{10075, 8},{24957, 1},{23665, 10},{20155, 7},{23894, 3},{19536, 17},
{7672, 10},{14077, 7},{441, 7},{3781, 16},{25021, 3},{15457, 1},{1530, 4},{23665, 10},{17611, 17},{14073, 7},
{7672, 10},{9767, 8},{3781, 16},{25926, 1},{4494, 8},{9800, 7},{2093, 3},{3781, 16},{1530, 4},{7672, 10},
{433, 7},{26102, 17},{438, 7},{1530, 4},{17723, 3},{4492, 8},{15775, 7},{3781, 16},{26017, 0},{1223, 10},
{19491, 17},{7672, 10},{12328, 1},{5450, 7},{25273, 10},{10576, 4},{3781, 16},{9549, 8},{20597, 7},{6166, 17},
{20592, 7},{19547, 17},{4116, 1},{24752, 4},{3781, 16},{24885, 7},{26396, 7},{7672, 10},{21361, 8},{2184, 3},
{5175, 7},{7014, 7},{4224, 3},{25683, 7},{4124, 1},{21360, 8},{3781, 16},{7672, 10},{21301, 17},{24752, 4},
{22577, 8},{6389, 1},{7672, 10},{15780, 3},{24885, 7},{3781, 16},{24752, 4},{23665, 10},{6160, 17},{24752, 4},
{7672, 10},{6385, 1},{26401, 7},{5175, 7},{2362, 17},{21657, 3},{21369, 8},{3781, 16},{21368, 8},{10053, 3},
{7672, 10},{3781, 16},{26397, 7},{24752, 4},{19677, 17},{26398, 7},{22810, 1},{21367, 8},{3781, 16},{7672, 10},
{4124, 1},{24451, 3},{24752, 4},{129, 17},{12125, 7},{25674, 7},{1223, 10},{21366, 8},{7672, 10},{5666, 17},
{3781, 16},{24752, 4},{6928, 0},{13429, 3},{6390, 1},{25680, 7},{25678, 7},{5170, 7},{16152, 17},{3781, 16},
{7672, 10},{18924, 7},{24752, 4},{4185, 3},{21365, 8},{1223, 10},{22803, 1},{14250, 0},{21364, 8},{6381, 1},
{21291, 17},{18932, 7},{10656, 3},{23665, 10},{24752, 4},{7672, 10},{12131, 7},{12125, 7},{3781, 16},{6387, 1},
{3781, 16},{26397, 7},{7672, 10},{6908, 7},{5173, 7},{20426, 17},{19188, 3},{24752, 4},{21363, 8},{21117, 15},
{4424, 10},{20395, 15},{13015, 8},{4424, 10},{13016, 8},{20395, 15},{13013, 8},{4424, 10},{7410, 15},{20395, 15},
{1685, 10},{20395, 15},{4424, 10},{13019, 8},{4424, 10},{20395, 15},{13020, 8},{21523, 15},{13017, 8},{15512, 15},
{20395, 15},{4424, 10},{13018, 8},{21538, 15},{14356, 15},{21116, 15},{20395, 15},{4424, 10},{1685, 10},{17620, 7},
{25273, 10},{12232, 4},{23536, 8},{12500, 7},{3781, 16},{13466, 17},{19924, 7},{25273, 10},{12232, 4},{12508, 7},
{24228, 17},{3781, 16},{9036, 8},{14310, 7},{5525, 7},{3781, 16},{25273, 10},{13956, 17},{11774, 7},{12232, 4},
{9055, 8},{19927, 7},{17260, 15},{18763, 8},{4424, 10},{11062, 15},{4424, 10},{9434, 8},{17260, 15},{19514, 15},
{3781, 16},{25273, 10},{19923, 7},{12232, 4},{14310, 7},{11276, 17},{9052, 8},{17260, 15},{4424, 10},{18766, 8},
{18767, 8},{17260, 15},{4424, 10},{4357, 15},{10444, 15},{18764, 8},{4424, 10},{879, 15},{17260, 15},{4424, 10},
{17260, 15},{18765, 8},{9123, 15},{18765, 8},{4424, 10},{3662, 8},{2473, 10},{18764, 8},{9123, 15},{4424, 10},
{2473, 10},{3661, 8},{7869, 15},{4424, 10},{9123, 15},{18767, 8},{5506, 7},{3647, 17},{6724, 8},{12491, 7},
{1530, 4},{25273, 10},{3781, 16},{9123, 15},{4424, 10},{14819, 15},{15686, 8},{9123, 15},{4424, 10},{9434, 8},
{1685, 10},{9123, 15},{4424, 10},{18763, 8},{12334, 15},{4424, 10},{4081, 15},{18766, 8},{680, 15},{18765, 8},
{23504, 15},{23947, 15},{5517, 15},{4424, 10},{18762, 8},{4424, 10},{9123, 15},{18765, 8},{12456, 15},{4424, 10},
{25194, 15},{12334, 15},{2473, 10},{3664, 8},{25273, 10},{22131, 8},{5509, 7},{6046, 17},{3781, 16},{7148, 7},
{1530, 4},{12478, 7},{4424, 10},{6692, 8},{16428, 15},{3781, 16},{25221, 7},{1530, 4},{11818, 17},{25273, 10},
{6730, 8},{19296, 7},{16428, 15},{4424, 10},{18764, 8},{16428, 15},{4424, 10},{18765, 8},{8617, 15},{16700, 8},
{7143, 7},{26023, 7},{25273, 10},{7145, 7},{8235, 17},{12328, 1},{1530, 4},{3781, 16},{1939, 15},{18767, 8},
{16428, 15},{4424, 10},{12626, 7},{1530, 4},{19295, 7},{3781, 16},{812, 8},{25273, 10},{5615, 17},{12482, 7},
{9568, 7},{1530, 4},{25273, 10},{3781, 16},{19596, 17},{807, 8},{26023, 7},{11988, 17},{19666, 7},{13178, 8},
{26023, 7},{7144, 7},{7149, 7},{3781, 16},{1530, 4},{25273, 10},{4424, 10},{16428, 15},{18763, 8},{2473, 10},
{17396, 8},{2473, 10},{25345, 8},{2473, 10},{17394, 8},{17395, 8},{2473, 10},{2473, 10},{17400, 8},{4424, 10},
{5023, 15},{18766, 8},{17398, 8},{2473, 10},{17399, 8},{2473, 10},{17391, 8},{2473, 10},{2473, 10},{17392, 8},
{18767, 8},{5023, 15},{4424, 10},{2473, 10},{3661, 8},{23575, 17},{25314, 4},{19645, 3},{26088, 7},{4372, 1},
{3781, 16},{7672, 10},{8486, 8},{19345, 7},{3659, 8},{2473, 10},{23665, 10},{3781, 16},{9846, 7},{7672, 10},
{9842, 7},{25314, 4},{19341, 7},{5618, 17},{19374, 3},{14304, 1},{8484, 8},{2473, 10},{3657, 8},{2473, 10},
{3658, 8},{3655, 8},{2473, 10},{2473, 10},{3656, 8},{1685, 10},{2473, 10},{3664, 8},{2473, 10},{3665, 8},
{4192, 7},{7672, 10},{3781, 16},{25314, 4},{8483, 8},{11370, 17},{3152, 1},{11273, 3},{19342, 7},{9840, 7},
{23665, 10},{8482, 8},{2035, 3},{3781, 16},{25314, 4},{7672, 10},{4373, 1},{9438, 17},{26084, 7},{22909, 1},
{3781, 16},{2174, 7},{19425, 8},{2166, 7},{10576, 4},{2167, 7},{23665, 10},{7672, 10},{25819, 3},{12366, 17},
{25118, 1},{8083, 17},{23665, 10},{2174, 7},{7672, 10},{15824, 3},{3781, 16},{19426, 8},{10576, 4},{10576, 4},
{2173, 7},{474, 3},{3781, 16},{7672, 10},{20046, 7},{19427, 8},{25119, 1},{2051, 17},{25273, 10},{17612, 4},
{6857, 7},{16210, 17},{6850, 7},{20554, 7},{2983, 8},{3781, 16},{3781, 16},{19402, 17},{25273, 10},{2984, 8},
{17612, 4},{6856, 7},{861, 7},{25273, 10},{8104, 7},{8108, 7},{17612, 4},{2985, 8},{12138, 17},{25238, 1},
{853, 7},{3781, 16},{861, 7},{17612, 4},{2986, 8},{25273, 10},{3781, 16},{862, 7},{7542, 7},{26374, 17},
{3781, 16},{25273, 10},{2979, 8},{14514, 7},{17612, 4},{12405, 17},{853, 7},{2980, 8},{8107, 7},{861, 7},
{25273, 10},{6850, 7},{3781, 16},{17612, 4},{15817, 17},{2981, 8},{17612, 4},{3781, 16},{14508, 7},{6856, 7},
{14513, 7},{859, 7},{25273, 10},{16186, 17},{17612, 4},{8104, 7},{3781, 16},{8102, 7},{6856, 7},{17402, 17},
{20554, 7},{2982, 8},{25273, 10},{7542, 7},{17612, 4},{25273, 10},{2987, 8},{8100, 7},{8104, 7},{3781, 16},
{12798, 17},{2988, 8},{14506, 7},{10031, 17},{14512, 7},{3781, 16},{17612, 4},{25273, 10},{12428, 7},{10487, 17},
{10576, 4},{3781, 16},{22580, 8},{7692, 7},{25273, 10},{22581, 8},{5460, 7},{10576, 4},{12857, 7},{12916, 7},
{5454, 7},{25273, 10},{3781, 16},{3945, 17},{10673, 7},{10576, 4},{22582, 8},{3781, 16},{5460, 7},{25171, 7},
{25273, 10},{22237, 17},{5450, 7},{14659, 7},{25273, 10},{16858, 17},{5452, 7},{7691, 7},{12435, 7},{3781, 16},
{10576, 4},{20918, 8},{25273, 10},{17821, 8},{3781, 16},{9273, 17},{10576, 4},{25171, 7},{12435, 7},{12430, 7},
{25273, 10},{5450, 7},{25120, 1},{23284, 17},{10576, 4},{7685, 7},{3781, 16},{22585, 8},{15039, 7},{10576, 4},
{22586, 8},{186, 17},{7694, 7},{25273, 10},{3781, 16},{20592, 7},{7689, 7},{2552, 17},{10576, 4},{22587, 8},
{3781, 16},{7694, 7},{25273, 10},{3542, 8},{11307, 17},{3781, 16},{20593, 7},{5457, 7},{25273, 10},{10576, 4},
{25273, 10},{8286, 7},{10576, 4},{22591, 8},{14661, 7},{22076, 17},{3781, 16},{25172, 7},{1685, 10},{9539, 15},
{4424, 10},{22504, 15},{6692, 8},{25123, 15},{4424, 10},{6690, 8},{5565, 15},{25123, 15},{20195, 15},{6690, 8},
{4424, 10},{20195, 15},{8702, 15},{6692, 8},{7133, 15},{4424, 10},{15457, 1},{439, 7},{14079, 7},{1530, 4},
{22562, 7},{24969, 8},{3781, 16},{350, 17},{7672, 10},{14984, 3},{4424, 10},{20195, 15},{18762, 8},{18763, 8},
{20195, 15},{4424, 10},{23557, 15},{4424, 10},{18767, 8},{25123, 15},{5566, 15},{4424, 10},{15686, 8},{20195, 15},
{4424, 10},{18766, 8},{20195, 15},{4424, 10},{25123, 15},{9434, 8},{4424, 10},{18763, 8},{25123, 15},{4424, 10},
{18765, 8},{14063, 15},{1576, 15},{20195, 15},{1685, 10},{25273, 10},{25694, 17},{3781, 16},{19954, 4},{5136, 7},
{8073, 7},{8510, 8},{25610, 7},{25273, 10},{4301, 17},{3781, 16},{1745, 7},{8509, 8},{19954, 4},{3781, 16},
{19954, 4},{5765, 17},{8079, 7},{25273, 10},{1739, 7},{466, 8},{1742, 7},{19954, 4},{25616, 7},{10352, 17},
{25273, 10},{3781, 16},{17754, 8},{10844, 1},{19954, 4},{21405, 8},{3781, 16},{8072, 7},{25273, 10},{10844, 1},
{5136, 7},{1736, 7},{5130, 7},{6240, 17},{19954, 4},{16060, 17},{8071, 7},{25616, 7},{25273, 10},{3781, 16},
{8072, 7},{17726, 8},{25612, 7},{12059, 7},{17807, 8},{25273, 10},{12520, 1},{5136, 7},{19544, 17},{3781, 16},
{19954, 4},{3781, 16},{19954, 4},{5130, 7},{1744, 7},{1740, 7},{21638, 17},{871, 1},{17793, 8},{25273, 10},
{12062, 7},{5132, 7},{25273, 10},{12058, 7},{21640, 17},{17790, 8},{3781, 16},{19954, 4},{17776, 8},{19954, 4},
{18861, 17},{25273, 10},{863, 1},{5132, 7},{3781, 16},{5138, 7},{21660, 15},{4424, 10},{13596, 15},{18765, 8},
{4424, 10},{21660, 15},{20371, 15},{18764, 8},{4424, 10},{21660, 15},{18767, 8},{4424, 10},{21660, 15},{18766, 8},
{7358, 15},{21660, 15},{4424, 10},{15686, 8},{9434, 8},{21660, 15},{4424, 10},{21660, 15},{18763, 8},{4424, 10},
{21660, 15},{4424, 10},{18762, 8},{1685, 10},{4424, 10},{21660, 15},{6690, 8},{23665, 10},{3781, 16},{7672, 10},
{9122, 1},{332, 17},{16652, 3},{17612, 4},{23394, 7},{8482, 8},{3696, 7},{7672, 10},{21151, 17},{19719, 1},
{23395, 7},{4684, 3},{17612, 4},{3781, 16},{8483, 8},{13152, 7},{16545, 7},{12816, 3},{13161, 7},{17612, 4},
{7195, 1},{8488, 8},{6592, 7},{3781, 16},{3511, 17},{7672, 10},{3781, 16},{26089, 17},{6247, 7},{7672, 10},
{8489, 8},{8282, 3},{19719, 1},{17612, 4},{19045, 17},{6248, 7},{17612, 4},{8490, 8},{16544, 7},{23665, 10},
{15565, 3},{7672, 10},{25235, 1},{3781, 16},{3781, 16},{6246, 7},{8491, 8},{17612, 4},{18636, 3},{7672, 10},
{25233, 1},{4765, 17},{17612, 4},{7672, 10},{8484, 8},{3781, 16},{14714, 17},{25238, 1},{16543, 7},{13157, 7},
{16541, 7},{5572, 3},{8485, 8},{25235, 1},{14710, 17},{17612, 4},{7672, 10},{6249, 7},{3781, 16},{23665, 10},
{2573, 3},{8486, 8},{3936, 3},{7186, 1},{7672, 10},{17612, 4},{10328, 17},{22485, 7},{3781, 16},{23665, 10},
{7672, 10},{3781, 16},{7789, 17},{17612, 4},{8487, 8},{24575, 3},{9123, 1},{16546, 7},{6690, 8},{4424, 10},
{3160, 15},{6692, 8},{21851, 15},{4424, 10},{17831, 15},{3160, 15},{3160, 15},{9434, 8},{4424, 10},{11783, 15},
{4424, 10},{15686, 8},{3160, 15},{3160, 15},{4424, 10},{18762, 8},{3160, 15},{18763, 8},{4424, 10},{4424, 10},
{18764, 8},{3160, 15},{4424, 10},{3160, 15},{18765, 8},{10958, 15},{3160, 15},{4424, 10},{18766, 8},{18767, 8},
{4424, 10},{3160, 15},{13351, 15},{4424, 10},{3018, 15},{864, 15},{17669, 15},{18765, 8},{1685, 10},{19498, 8},
{25126, 10},{5151, 3},{3781, 16},{13278, 17},{18443, 8},{7672, 10},{18661, 7},{8145, 1},{12232, 4},{18656, 7},
{4997, 7},{864, 15},{4424, 10},{18764, 8},{19499, 8},{25126, 10},{4424, 10},{18767, 8},{7167, 15},{8606, 15},
{864, 15},{12030, 9},{6579, 13},{7758, 12},{15255, 17},{24752, 2},{5169, 9},{15323, 10},{3781, 16},{5170, 9},
{3754, 8},{12815, 3},{13190, 12},{15371, 3},{8047, 9},{24885, 9},{15323, 10},{24752, 2},{3781, 16},{9953, 13},
{4558, 17},{8504, 8},{8048, 9},{3781, 16},{12026, 9},{327, 3},{23173, 12},{7014, 9},{8481, 8},{12029, 9},
{16049, 13},{15323, 10},{24752, 2},{21191, 17},{5369, 9},{20196, 3},{15323, 10},{5173, 9},{12028, 9},{3781, 16},
{15371, 13},{24752, 2},{15698, 17},{8467, 8},{69, 12},{12031, 9},{21657, 12},{3781, 16},{12025, 9},{5175, 9},
{24752, 2},{8462, 8},{14030, 3},{5445, 13},{12022, 9},{5178, 9},{24820, 17},{15323, 10},{22659, 12},{12024, 9},
{5376, 9},{26171, 9},{9491, 3},{13502, 8},{24752, 2},{4592, 17},{12027, 9},{15323, 10},{3781, 16},{15014, 13},
{6593, 8},{25126, 10},{6594, 8},{25126, 10},{13831, 8},{25126, 10},{13833, 8},{25126, 10},{25126, 10},{13829, 8},
{6590, 8},{25126, 10},{6587, 8},{25126, 10},{25126, 10},{6588, 8},{6596, 8},{25126, 10},{6597, 8},{25126, 10},
{19501, 8},{25126, 10},{9032, 15},{18762, 8},{4424, 10},{21219, 15},{1685, 10},{4424, 10},{18763, 8},{864, 15},
{630, 15},{4424, 10},{18762, 8},{20106, 15},{864, 15},{15483, 15},{1685, 10},{18767, 8},{4135, 15},{4424, 10},
{18766, 8},{4424, 10},{4135, 15},{25273, 10},{1809, 8},{12232, 4},{3781, 16},{14305, 7},{7581, 17},{14303, 7},
{14307, 7},{11781, 7},{4424, 10},{11063, 15},{16703, 15},{18764, 8},{4135, 15},{4424, 10},{18763, 8},{4135, 15},
{18762, 8},{4135, 15},{4424, 10},{15686, 8},{4135, 15},{4424, 10},{9434, 8},{4135, 15},{4424, 10},{5568, 15},
{4424, 10},{6692, 8},{4135, 15},{5530, 7},{12232, 4},{25029, 17},{19928, 7},{14302, 7},{1818, 8},{25273, 10},
{3781, 16},{14305, 7},{1815, 8},{12232, 4},{25273, 10},{3781, 16},{5530, 7},{12504, 7},{24300, 17},{18542, 7},
{550, 17},{10970, 8},{7364, 7},{25273, 10},{12232, 4},{3781, 16},{14309, 7},{14098, 17},{7368, 7},{1813, 8},
{3781, 16},{12232, 4},{25273, 10},{7369, 7},{7362, 7},{7369, 7},{12232, 4},{19929, 7},{5531, 7},{3781, 16},
{5528, 7},{19356, 1},{3003, 17},{25273, 10},{1814, 8},{14310, 7},{1811, 8},{3781, 16},{12232, 4},{181, 17},
{11781, 7},{25273, 10},{19926, 7},{6300, 7},{7365, 7},{22456, 17},{25273, 10},{1812, 8},{3781, 16},{6293, 7},
{12232, 4},{12508, 7},{19924, 7},{18762, 8},{24678, 15},{11789, 15},{4132, 15},{24675, 15},{4424, 10},{13430, 15},
{13013, 8},{1573, 15},{4424, 10},{13014, 8},{13430, 15},{4424, 10},{13430, 15},{13017, 8},{4424, 10},{13430, 15},
{13018, 8},{4424, 10},{17732, 15},{1574, 15},{13019, 8},{13430, 15},{4424, 10},{13430, 15},{4424, 10},{13020, 8},
{6692, 8},{23723, 15},{864, 15},{4424, 10},{13013, 8},{4424, 10},{13432, 15},{13432, 15},{13019, 8},{4424, 10},
{3230, 15},{4424, 10},{13020, 8},{13432, 15},{13432, 15},{4424, 10},{2743, 15},{2007, 15},{1570, 15},{13017, 8},
{13018, 8},{13432, 15},{9567, 15},{4424, 10},{2771, 8},{2473, 10},{2770, 8},{2473, 10},{2473, 10},{2773, 8},
{2473, 10},{2772, 8},{2775, 8},{2473, 10},{2473, 10},{2774, 8},{2473, 10},{16695, 8},{2776, 8},{2473, 10},
{2473, 10},{2769, 8},{2768, 8},{2473, 10},{8071, 7},{8080, 7},{25612, 7},{10269, 8},{19954, 4},{25273, 10},
{8016, 17},{3781, 16},{1736, 7},{25273, 10},{10268, 8},{3781, 16},{16795, 17},{19954, 4},{8069, 7},{12060, 7},
{14889, 17},{25273, 10},{10267, 8},{19954, 4},{1741, 7},{3781, 16},{19954, 4},{10266, 8},{20057, 17},{25613, 7},
{3781, 16},{24822, 7},{25273, 10},{8076, 7},{5129, 7},{19954, 4},{3781, 16},{8079, 7},{25273, 10},{10273, 8},
{21002, 17},{4727, 17},{25273, 10},{1740, 7},{12059, 7},{19954, 4},{3781, 16},{8069, 7},{10272, 8},{12058, 7},
{10271, 8},{19954, 4},{25273, 10},{3781, 16},{8069, 7},{1739, 7},{19844, 17},{8960, 8},{867, 1},{25609, 7},
{22660, 17},{25273, 10},{3781, 16},{19954, 4},{1742, 7},{3781, 16},{20388, 17},{10275, 8},{19954, 4},{25613, 7},
{5136, 7},{25273, 10},{25273, 10},{3341, 17},{3781, 16},{19954, 4},{8075, 7},{5138, 7},{5135, 7},{10274, 8},
{13017, 8},{4424, 10},{9453, 15},{14235, 15},{8560, 7},{10272, 8},{3781, 16},{7816, 7},{8556, 7},{25273, 10},
{15066, 4},{20173, 17},{9453, 15},{9706, 15},{1543, 15},{15576, 15},{4424, 10},{13019, 8},{4424, 10},{9453, 15},
{21218, 15},{396, 15},{13020, 8},{4424, 10},{13013, 8},{9453, 15},{9698, 15},{9453, 15},{13014, 8},{4424, 10},
{14485, 15},{13015, 8},{9453, 15},{4424, 10},{15845, 15},{13016, 8},{9453, 15},{4424, 10},{11380, 17},{7821, 7},
{15066, 4},{3781, 16},{8960, 8},{8564, 7},{25273, 10},{8558, 7},{1300, 15},{4424, 10},{18764, 8},{2473, 10},
{17392, 8},{2473, 10},{17391, 8},{17399, 8},{2473, 10},{17398, 8},{2473, 10},{2473, 10},{17401, 8},{2473, 10},
{17400, 8},{17395, 8},{2473, 10},{17394, 8},{2473, 10},{25345, 8},{2473, 10},{2473, 10},{17396, 8},{25126, 10},
{17453, 8},{4424, 10},{11319, 15},{6692, 8},{15452, 15},{7158, 7},{23975, 4},{7157, 7},{2981, 8},{25273, 10},
{19688, 17},{3781, 16},{1685, 10},{25273, 10},{3781, 16},{8689, 7},{2987, 8},{20242, 7},{4415, 17},{23975, 4},
{20240, 7},{541, 7},{4424, 10},{9434, 8},{12458, 15},{18087, 15},{12334, 15},{18766, 8},{4424, 10},{1431, 15},
{20685, 15},{1685, 10},{1685, 10},{4424, 10},{23762, 15},{18767, 8},{15453, 15},{21608, 15},{4424, 10},{15453, 15},
{11667, 15},{18766, 8},{4424, 10},{15453, 15},{18765, 8},{4424, 10},{18764, 8},{15453, 15},{18763, 8},{15453, 15},
{4424, 10},{15453, 15},{18762, 8},{4424, 10},{11670, 15},{21682, 15},{15453, 15},{4424, 10},{15686, 8},{12458, 15},
{18449, 15},{15453, 15},{4424, 10},{9434, 8},{25192, 15},{15453, 15},{4424, 10},{6692, 8},{15453, 15},{18085, 15},
{6690, 8},{4424, 10},{15066, 4},{19628, 8},{8559, 7},{3781, 16},{10863, 17},{21249, 7},{25273, 10},{22644, 7},
{3686, 17},{8565, 7},{3781, 16},{19629, 8},{25273, 10},{15861, 7},{15066, 4},{15066, 4},{14411, 17},{15856, 7},
{3781, 16},{19626, 8},{7819, 7},{25273, 10},{8563, 7},{15861, 7},{25027, 17},{3781, 16},{7816, 7},{19627, 8},
{402, 7},{25273, 10},{15066, 4},{2640, 7},{3781, 16},{2656, 7},{7471, 17},{25273, 10},{15856, 7},{15066, 4},
{19624, 8},{7819, 7},{14489, 17},{22644, 7},{15066, 4},{3781, 16},{2656, 7},{25273, 10},{19625, 8},{7816, 7},
{11816, 8},{5491, 17},{22652, 7},{15066, 4},{22647, 7},{3781, 16},{25273, 10},{25273, 10},{8561, 7},{22653, 7},
{15066, 4},{4127, 17},{3781, 16},{11819, 8},{7821, 7},{8560, 7},{15862, 7},{3781, 16},{15314, 17},{2643, 7},
{3840, 7},{11869, 8},{15066, 4},{25273, 10},{13462, 8},{5047, 7},{25273, 10},{22648, 7},{3781, 16},{7253, 17},
{15066, 4},{11507, 15},{19719, 15},{4424, 10},{13017, 8},{13018, 8},{4424, 10},{19719, 15},{13013, 8},{4424, 10},
{19719, 15},{25784, 15},{25126, 10},{26313, 8},{1685, 10},{15412, 15},{6692, 8},{4424, 10},{6690, 8},{4424, 10},
{1571, 15},{15412, 15},{4424, 10},{3233, 15},{18765, 8},{14064, 15},{15412, 15},{17343, 8},{25126, 10},{20795, 8},
{25126, 10},{1052, 8},{25126, 10},{25126, 10},{25623, 8},{25126, 10},{25621, 8},{21263, 15},{18763, 8},{15412, 15},
{4424, 10},{25126, 10},{25626, 8},{7269, 15},{13014, 8},{8655, 15},{13625, 15},{4424, 10},{4424, 10},{4172, 15},
{6692, 8},{14306, 15},{4424, 10},{6690, 8},{869, 15},{3010, 15},{4424, 10},{6692, 8},{869, 15},{4424, 10},
{869, 15},{10850, 15},{9434, 8},{1685, 10},{869, 15},{4424, 10},{18762, 8},{3946, 15},{869, 15},{4424, 10},
{18763, 8},{4424, 10},{18764, 8},{8606, 15},{869, 15},{18765, 8},{16870, 15},{4424, 10},{869, 15},{13756, 15},
{4424, 10},{18766, 8},{869, 15},{4424, 10},{18767, 8},{869, 15},{3012, 15},{6690, 8},{4424, 10},{4134, 15},
{4424, 10},{6692, 8},{4134, 15},{22510, 15},{4134, 15},{9434, 8},{1694, 15},{4424, 10},{15686, 8},{4424, 10},
{9545, 15},{11058, 15},{4134, 15},{4424, 10},{4134, 15},{18762, 8},{4424, 10},{18763, 8},{11058, 15},{4134, 15},
{4134, 15},{1693, 15},{18764, 8},{4424, 10},{18765, 8},{4134, 15},{4424, 10},{25293, 15},{22503, 15},{4424, 10},
{18766, 8},{4134, 15},{4134, 15},{4424, 10},{18767, 8},{6750, 8},{12429, 7},{25273, 10},{6115, 17},{5452, 7},
{10576, 4},{3781, 16},{5457, 7},{24840, 17},{25273, 10},{3781, 16},{6751, 8},{10576, 4},{5456, 7},{25115, 1},
{10576, 4},{25273, 10},{3781, 16},{10679, 7},{10676, 7},{15039, 7},{24208, 17},{6746, 8},{12425, 7},{25273, 10},
{10679, 7},{7685, 7},{10576, 4},{1251, 17},{3781, 16},{6747, 8},{25169, 7},{3781, 16},{6748, 8},{25273, 10},
{12428, 7},{10576, 4},{15009, 17},{8286, 7},{12428, 7},{3781, 16},{1178, 17},{10576, 4},{25273, 10},{5453, 7},
{6749, 8},{19469, 7},{6742, 8},{25172, 7},{3781, 16},{25273, 10},{4131, 1},{25171, 7},{21195, 17},{10576, 4},
{7685, 7},{25273, 10},{8286, 7},{10576, 4},{12427, 7},{3781, 16},{6743, 8},{25173, 7},{24291, 17},{12429, 7},
{12424, 7},{5451, 7},{3781, 16},{11283, 17},{14620, 8},{7691, 7},{25273, 10},{10576, 4},{19469, 7},{24496, 17},
{6745, 8},{10576, 4},{25273, 10},{7693, 7},{3781, 16},{8286, 7},{25171, 7},{25137, 7},{917, 8},{5429, 7},
{3781, 16},{19101, 17},{25273, 10},{23527, 7},{8204, 4},{19601, 7},{916, 8},{3781, 16},{5434, 7},{5026, 17},
{8204, 4},{25273, 10},{25136, 7},{5397, 8},{8204, 4},{5435, 7},{25273, 10},{7222, 17},{3781, 16},{23525, 7},
{22354, 17},{25273, 10},{25137, 7},{3781, 16},{5425, 7},{914, 8},{8204, 4},{5430, 7},{25273, 10},{23528, 7},
{19601, 7},{16901, 7},{913, 8},{24549, 17},{3781, 16},{8204, 4},{19603, 7},{19602, 7},{13430, 1},{10130, 7},
{8204, 4},{25139, 7},{912, 8},{19605, 7},{24584, 17},{3781, 16},{25273, 10},{10121, 7},{3781, 16},{911, 8},
{25273, 10},{8204, 4},{16897, 7},{4437, 17},{3781, 16},{25273, 10},{16905, 7},{7107, 17},{10123, 7},{8204, 4},
{25131, 7},{10127, 7},{910, 8},{3463, 17},{8204, 4},{25273, 10},{16901, 7},{3781, 16},{10128, 7},{16906, 7},
{16905, 7},{20865, 1},{5370, 8},{3781, 16},{907, 8},{8204, 4},{16906, 7},{25273, 10},{2609, 17},{23528, 7},
{16898, 7},{4424, 10},{6690, 8},{9417, 15},{6692, 8},{9417, 15},{4424, 10},{4424, 10},{9434, 8},{9417, 15},
{18037, 15},{9417, 15},{14048, 15},{15686, 8},{4424, 10},{2933, 15},{18762, 8},{4424, 10},{9417, 15},{5278, 15},
{9417, 15},{18763, 8},{4424, 10},{4424, 10},{18764, 8},{9417, 15},{4424, 10},{9417, 15},{18765, 8},{9417, 15},
{4424, 10},{18766, 8},{14049, 15},{4424, 10},{18767, 8},{9417, 15},{1685, 10},{915, 15},{13439, 15},{4424, 10},
{18767, 8},{4138, 15},{22878, 15},{4424, 10},{18766, 8},{13439, 15},{4424, 10},{13439, 15},{18765, 8},{13019, 8},
{17833, 15},{4424, 10},{3153, 15},{10952, 15},{13439, 15},{4424, 10},{18763, 8},{13439, 15},{4424, 10},{18762, 8},
{17120, 15},{4424, 10},{13439, 15},{15686, 8},{4424, 10},{3153, 15},{10173, 15},{13015, 8},{13439, 15},{6692, 8},
{4424, 10},{4424, 10},{6690, 8},{13439, 15},{7293, 14},{1828, 10},{3357, 8},{15362, 10},{1530, 14},{7145, 7},
{8510, 8},{7147, 7},{1530, 4},{11077, 17},{7357, 7},{7370, 7},{3781, 16},{25273, 10},{4045, 15},{18763, 8},
{12653, 15},{4424, 10},{4424, 10},{8613, 15},{12653, 15},{9434, 8},{15686, 8},{12653, 15},{4424, 10},{632, 15},
{12653, 15},{4424, 10},{18766, 8},{13349, 15},{1901, 15},{13352, 15},{12653, 15},{4424, 10},{18767, 8},{15482, 15},
{4424, 10},{12653, 15},{20107, 15},{18764, 8},{12653, 15},{4424, 10},{635, 15},{18765, 8},{25273, 10},{17807, 8},
{1530, 4},{12626, 7},{19666, 7},{9566, 7},{3781, 16},{9872, 17},{12484, 7},{25273, 10},{26017, 7},{3781, 16},
{1530, 4},{17793, 8},{3069, 17},{7145, 7},{25221, 7},{25273, 10},{1530, 4},{3976, 17},{3781, 16},{17790, 8},
{3781, 16},{7370, 7},{19295, 7},{24296, 17},{17776, 8},{1530, 4},{25273, 10},{25222, 7},{4424, 10},{12653, 15},
{6690, 8},{6692, 8},{12653, 15},{4424, 10},{21405, 8},{1530, 4},{3781, 16},{19290, 7},{7373, 7},{25273, 10},
{15457, 1},{3356, 17},{26012, 7},{25273, 10},{12481, 7},{16711, 17},{9568, 7},{1530, 4},{3781, 16},{17726, 8},
{5512, 7},{1828, 10},{10170, 8},{7293, 14},{19687, 17},{26340, 7},{1143, 4},{22595, 8},{25273, 10},{26346, 7},
{3781, 16},{23975, 4},{8362, 1},{8509, 8},{8688, 7},{11410, 17},{3781, 16},{535, 7},{25273, 10},{1685, 10},
{12253, 4},{2764, 0},{18083, 7},{24747, 17},{1956, 7},{2629, 1},{7672, 10},{11904, 7},{1750, 8},{15986, 3},
{3781, 16},{1223, 10},{11820, 3},{3781, 16},{18282, 7},{6902, 17},{7672, 10},{1751, 8},{3075, 7},{12253, 4},
{20881, 1},{12253, 4},{20888, 1},{7672, 10},{17455, 3},{3781, 16},{1752, 8},{3075, 7},{21610, 7},{17973, 17},
{1753, 8},{7672, 10},{12253, 4},{1211, 17},{3781, 16},{1954, 7},{20879, 1},{10134, 7},{3073, 7},{1149, 3},
{1568, 17},{18083, 7},{12253, 4},{1754, 8},{1952, 7},{23665, 10},{7672, 10},{26166, 3},{3781, 16},{20882, 1},
{16911, 7},{3781, 16},{15902, 1},{7672, 10},{1755, 8},{17582, 3},{12253, 4},{12778, 17},{18277, 7},{22331, 1},
{12253, 4},{1223, 10},{1756, 8},{7672, 10},{21731, 3},{19857, 0},{8056, 17},{3781, 16},{10139, 7},{11895, 7},
{23665, 10},{3781, 16},{1757, 8},{13367, 17},{904, 3},{2627, 1},{7672, 10},{12253, 4},{1685, 10},{21603, 7},
{7630, 3},{7672, 10},{22366, 17},{3781, 16},{12253, 4},{20877, 1},{1748, 8},{1950, 7},{18283, 7},{7672, 10},
{22333, 1},{1749, 8},{12253, 4},{17750, 3},{23665, 10},{20471, 17},{1951, 7},{3781, 16},{16503, 8},{25126, 10},
{16502, 8},{25126, 10},{25126, 10},{16505, 8},{25126, 10},{16504, 8},{25126, 10},{16507, 8},{16506, 8},{25126, 10},
{16509, 8},{25126, 10},{25126, 10},{16508, 8},{25126, 10},{16512, 8},{16511, 8},{25126, 10},{1685, 10},{25126, 10},
{26313, 8},{25126, 10},{26312, 8},{17453, 8},{25126, 10},{25126, 10},{25626, 8},{1685, 10},{25621, 8},{25126, 10},
{20795, 8},{25126, 10},{25126, 10},{1052, 8},{25608, 8},{25126, 10},{17343, 8},{25126, 10},{17260, 1},{1223, 10},
{17352, 0},{7672, 10},{22669, 7},{15478, 7},{2041, 17},{13645, 8},{12465, 3},{15272, 4},{3781, 16},{23747, 8},
{11564, 7},{19198, 17},{11572, 7},{23441, 4},{3781, 16},{25273, 10},{23949, 1},{23979, 7},{23441, 4},{25273, 10},
{3781, 16},{23977, 7},{4315, 7},{20871, 17},{10400, 7},{11564, 7},{23745, 8},{25273, 10},{12253, 4},{24521, 17},
{19848, 7},{2761, 7},{3781, 16},{17627, 8},{15272, 4},{1448, 1},{23665, 10},{23266, 3},{20944, 17},{13647, 8},
{5957, 7},{15485, 7},{7672, 10},{3781, 16},{5956, 7},{17621, 8},{12253, 4},{7251, 7},{3781, 16},{25273, 10},
{19857, 7},{22154, 17},{23441, 4},{17155, 7},{25273, 10},{10395, 7},{3891, 8},{243, 17},{3781, 16},{3890, 8},
{4315, 7},{25273, 10},{3467, 17},{10391, 7},{3781, 16},{11571, 7},{23441, 4},{4308, 7},{3781, 16},{25273, 10},
{23441, 4},{11570, 7},{3889, 8},{23983, 7},{3206, 17},{23785, 8},{3781, 16},{10400, 7},{23441, 4},{4309, 7},
{252, 17},{25273, 10},{2756, 7},{17618, 8},{22138, 17},{3277, 7},{25273, 10},{7250, 7},{20877, 1},{12253, 4},
{3781, 16},{17155, 7},{5251, 17},{4311, 7},{23441, 4},{17150, 7},{11117, 7},{25273, 10},{3894, 8},{3781, 16},
{18429, 17},{3275, 7},{25273, 10},{3781, 16},{184, 8},{12253, 4},{19853, 7},{543, 7},{25273, 10},{7157, 7},
{6721, 8},{3781, 16},{4, 17},{23975, 4},{7158, 7},{6720, 8},{20240, 7},{3180, 17},{8691, 7},{23975, 4},
{536, 7},{3781, 16},{25273, 10},{543, 7},{25273, 10},{6723, 8},{23975, 4},{16265, 7},{16533, 17},{3781, 16},
{7156, 7},{15631, 17},{12426, 7},{10676, 7},{3781, 16},{25273, 10},{9561, 8},{10576, 4},{544, 7},{535, 7},
{25273, 10},{6725, 8},{16256, 7},{3781, 16},{20242, 7},{23975, 4},{9458, 1},{24949, 17},{19783, 17},{7163, 7},
{16258, 7},{23975, 4},{3781, 16},{25273, 10},{6724, 8},{23975, 4},{14473, 8},{3781, 16},{20235, 7},{8958, 17},
{16265, 7},{25273, 10},{16262, 7},{6279, 1},{25273, 10},{23975, 4},{7161, 7},{6726, 8},{20241, 7},{3781, 16},
{12797, 17},{540, 7},{13755, 3},{7672, 10},{23665, 10},{22664, 7},{19937, 1},{13632, 8},{5952, 7},{3781, 16},
{15272, 4},{4562, 17},{1685, 10},{8688, 7},{3781, 16},{25273, 10},{8695, 7},{3730, 17},{6731, 8},{23975, 4},
{16264, 7},{5956, 7},{5961, 7},{3781, 16},{26134, 3},{26363, 8},{6791, 17},{17261, 1},{7672, 10},{15272, 4},
{23665, 10},{1685, 10},{3594, 8},{3781, 16},{25173, 7},{10664, 7},{10576, 4},{12425, 7},{25273, 10},{24325, 17},
{12430, 7},{4134, 1},{2299, 12},{10917, 13},{7149, 9},{1530, 2},{17132, 3},{7150, 9},{6764, 10},{20165, 5},
{1530, 6},{4501, 8},{18965, 17},{15775, 9},{3781, 16},{7147, 9},{2034, 5},{4500, 8},{7148, 9},{3781, 16},
{18173, 9},{6764, 10},{1530, 2},{111, 12},{19989, 3},{11355, 17},{21985, 13},{22638, 17},{3781, 16},{1530, 2},
{20171, 5},{6764, 10},{4502, 8},{26021, 9},{15776, 9},{2073, 3},{16006, 13},{26020, 9},{10470, 12},{3781, 16},
{9492, 17},{7144, 9},{6764, 10},{1530, 2},{16692, 12},{15770, 9},{1003, 8},{687, 3},{9854, 13},{2038, 5},
{7141, 9},{15254, 3},{7142, 9},{1000, 8},{6764, 10},{3781, 16},{15769, 9},{1530, 2},{24294, 5},{23049, 12},
{21197, 17},{6163, 13},{1530, 2},{6764, 10},{8819, 12},{18218, 5},{4507, 8},{3781, 16},{14891, 17},{5672, 13},
{15773, 9},{7146, 9},{7145, 9},{25789, 3},{15133, 13},{4506, 8},{3781, 16},{7143, 9},{15772, 9},{15771, 9},
{6764, 10},{1530, 2},{20170, 5},{15326, 12},{21636, 17},{26131, 3},{3781, 16},{8204, 4},{19602, 7},{8825, 8},
{19604, 7},{23529, 7},{12782, 17},{25273, 10},{25273, 10},{22174, 17},{8204, 4},{16903, 7},{16898, 7},{23699, 8},
{16905, 7},{3781, 16},{1685, 10},{9122, 15},{18766, 8},{4424, 10},{1685, 10},{25787, 15},{18764, 8},{9122, 15},
{4424, 10},{9122, 15},{4465, 15},{4424, 10},{18765, 8},{18762, 8},{9122, 15},{11504, 15},{4424, 10},{1685, 10},
{5772, 3},{7672, 10},{3781, 16},{12253, 4},{8488, 8},{11927, 7},{22329, 1},{8643, 17},{8154, 15},{6690, 8},
{4424, 10},{4424, 10},{19487, 15},{22809, 15},{18437, 15},{607, 15},{21394, 15},{13013, 8},{4424, 10},{22809, 15},
{13014, 8},{13015, 8},{4424, 10},{22809, 15},{24875, 15},{4424, 10},{13016, 8},{22809, 15},{13017, 8},{4424, 10},
{22809, 15},{13018, 8},{4424, 10},{22809, 15},{599, 15},{4424, 10},{22809, 15},{13019, 8},{13020, 8},{22809, 15},
{4424, 10},{17612, 4},{3781, 16},{8108, 7},{15333, 8},{25273, 10},{10950, 17},{14512, 7},{10218, 15},{18762, 8},
{5297, 15},{675, 15},{4424, 10},{8154, 15},{4424, 10},{18767, 8},{5297, 15},{9434, 8},{4424, 10},{15686, 8},
{4424, 10},{5297, 15},{4424, 10},{24499, 15},{23504, 15},{5297, 15},{18766, 8},{8920, 15},{4424, 10},{5297, 15},
{676, 15},{18767, 8},{5297, 15},{18764, 8},{4424, 10},{4424, 10},{13018, 8},{11505, 15},{7185, 15},{5297, 15},
{4424, 10},{6690, 8},{1685, 10},{1685, 10},{3781, 16},{14684, 1},{8204, 4},{19628, 8},{25273, 10},{19613, 7},
{24559, 17},{23527, 7},{23528, 7},{16907, 7},{1685, 10},{15362, 10},{24752, 14},{24752, 14},{15362, 10},{24752, 14},
{15362, 10},{15362, 10},{24752, 14},{15362, 10},{24752, 14},{15362, 10},{24752, 14},{24752, 14},{15362, 10},{15362, 10},
{24752, 14},{17398, 8},{2473, 10},{2473, 10},{17399, 8},{2473, 10},{17400, 8},{17401, 8},{2473, 10},{17394, 8},
{2473, 10},{2473, 10},{17395, 8},{2473, 10},{17396, 8},{2473, 10},{25345, 8},{17391, 8},{2473, 10},{17392, 8},
{2473, 10},{4424, 10},{20715, 15},{2114, 15},{18763, 8},{18762, 8},{20715, 15},{4424, 10},{17610, 7},{25273, 10},
{17821, 8},{3781, 16},{7361, 7},{12232, 4},{13324, 17},{7362, 7},{9434, 8},{20715, 15},{7354, 15},{4424, 10},
{22582, 8},{12232, 4},{8148, 1},{5527, 7},{5531, 7},{11772, 7},{25273, 10},{3781, 16},{43, 17},{18766, 8},
{20715, 15},{4424, 10},{12503, 7},{3781, 16},{993, 17},{22580, 8},{12232, 4},{5527, 7},{25273, 10},{4424, 10},
{20715, 15},{18764, 8},{7365, 7},{12232, 4},{8931, 17},{25273, 10},{3781, 16},{3542, 8},{11782, 7},{5530, 7},
{11779, 7},{22591, 8},{25216, 17},{12232, 4},{5524, 7},{3781, 16},{25273, 10},{4424, 10},{20715, 15},{6692, 8},
{4424, 10},{20715, 15},{6690, 8},{17612, 4},{16963, 17},{15330, 8},{3781, 16},{25273, 10},{14511, 7},{7542, 7},
{2059, 17},{10679, 7},{25273, 10},{25171, 7},{10576, 4},{3781, 16},{19598, 8},{10669, 7},{5455, 7},{22186, 17},
{1530, 4},{4738, 8},{3781, 16},{2556, 3},{14075, 7},{15452, 1},{7672, 10},{7146, 0},{9801, 7},{4737, 8},
{7672, 10},{3781, 16},{13150, 1},{18326, 17},{14079, 7},{1223, 10},{435, 7},{23890, 3},{1530, 4},{1685, 10},
{1530, 4},{4733, 8},{7672, 10},{22113, 3},{23665, 10},{15771, 7},{3781, 16},{12332, 1},{19840, 17},{12332, 1},
{7672, 10},{4736, 8},{1530, 4},{14062, 17},{9801, 7},{3781, 16},{2533, 3},{15382, 7},{1530, 4},{2199, 3},
{22425, 17},{3781, 16},{7672, 10},{4735, 8},{15452, 1},{23665, 10},{9797, 7},{434, 7},{7144, 0},{1530, 4},
{15382, 7},{7672, 10},{1223, 10},{284, 3},{3781, 16},{2300, 8},{15775, 7},{13151, 1},{20946, 17},{1223, 10},
{15315, 17},{3781, 16},{12515, 3},{7672, 10},{12477, 0},{1530, 4},{14078, 7},{4729, 8},{12333, 1},{7672, 10},
{3781, 16},{15186, 3},{2303, 8},{7231, 17},{12331, 1},{14079, 7},{1530, 4},{20155, 7},{10658, 7},{11232, 8},
{10640, 7},{25273, 10},{6110, 17},{10576, 4},{3781, 16},{25273, 10},{7540, 7},{17612, 4},{858, 7},{3781, 16},
{8104, 7},{20526, 8},{20550, 7},{16173, 17},{25273, 10},{1533, 17},{10576, 4},{12435, 7},{11234, 8},{10676, 7},
{3781, 16},{7694, 7},{1685, 10},{15331, 8},{14509, 7},{25273, 10},{17638, 17},{856, 7},{17612, 4},{6850, 7},
{3781, 16},{861, 7},{3781, 16},{16657, 8},{25273, 10},{19584, 7},{9923, 17},{10098, 7},{1143, 4},{442, 17},
{3781, 16},{16656, 8},{26345, 7},{26347, 7},{10100, 7},{7003, 7},{25273, 10},{1143, 4},{10098, 7},{3320, 7},
{25273, 10},{1143, 4},{16655, 8},{3781, 16},{10778, 17},{19586, 7},{1143, 4},{962, 17},{7012, 7},{16654, 8},
{3781, 16},{25273, 10},{5841, 7},{16661, 8},{26339, 7},{3781, 16},{14088, 17},{25273, 10},{19586, 7},{1143, 4},
{3318, 7},{25273, 10},{3781, 16},{19585, 7},{19581, 7},{16660, 8},{2476, 17},{7007, 7},{1143, 4},{10093, 7},
{25273, 10},{3321, 7},{23467, 17},{16659, 8},{5849, 7},{3781, 16},{10089, 7},{1143, 4},{23684, 17},{16658, 8},
{7012, 7},{1143, 4},{19581, 7},{3781, 16},{26339, 7},{25273, 10},{1143, 4},{25273, 10},{16653, 8},{16112, 17},
{19579, 7},{3781, 16},{5847, 7},{15499, 17},{2465, 1},{25273, 10},{3781, 16},{19581, 7},{26346, 7},{26340, 7},
{21019, 8},{1143, 4},{2473, 10},{17399, 8},{17398, 8},{2473, 10},{17401, 8},{2473, 10},{2473, 10},{17400, 8},
{17395, 8},{2473, 10},{17394, 8},{2473, 10},{2473, 10},{25345, 8},{17396, 8},{2473, 10},{12332, 1},{25273, 10},
{1530, 4},{23080, 8},{2503, 17},{9566, 7},{3781, 16},{5513, 7},{25273, 10},{3781, 16},{1530, 4},{25220, 7},
{23079, 8},{15393, 17},{7141, 7},{12338, 8},{26022, 7},{12479, 7},{7150, 7},{1530, 4},{3781, 16},{17129, 17},
{25273, 10},{23077, 8},{565, 17},{25273, 10},{1530, 4},{19295, 7},{12482, 7},{3781, 16},{19294, 7},{25273, 10},
{7370, 7},{1530, 4},{23076, 8},{5512, 7},{7147, 7},{3781, 16},{9685, 17},{5505, 7},{7141, 7},{25273, 10},
{3781, 16},{1530, 4},{23075, 8},{21189, 17},{2473, 10},{17392, 8},{1530, 4},{25273, 10},{23073, 8},{6895, 17},
{3781, 16},{9579, 7},{19290, 7},{1685, 10},{24538, 7},{7575, 8},{4241, 3},{3781, 16},{9834, 7},{6347, 17},
{6313, 1},{25314, 4},{7672, 10},{19343, 7},{9844, 7},{2972, 17},{1223, 10},{5111, 3},{3161, 1},{4714, 0},
{7672, 10},{25314, 4},{3781, 16},{7574, 8},{3781, 16},{3153, 1},{3797, 3},{25314, 4},{9844, 7},{24545, 7},
{6792, 17},{7573, 8},{7672, 10},{180, 1},{7672, 10},{4706, 0},{25314, 4},{7572, 8},{1223, 10},{24538, 7},
{23120, 17},{19342, 7},{3781, 16},{15182, 3},{25314, 4},{6313, 1},{24545, 7},{2077, 17},{7579, 8},{18982, 3},
{24543, 7},{7672, 10},{26084, 7},{3781, 16},{26083, 7},{3157, 1},{12796, 3},{24381, 0},{25314, 4},{24541, 7},
{7578, 8},{3781, 16},{24861, 17},{1223, 10},{7672, 10},{2473, 10},{2768, 8},{20998, 17},{7576, 8},{7672, 10},
{9845, 7},{24543, 7},{24538, 7},{3781, 16},{25314, 4},{4550, 3},{14304, 1},{2776, 8},{2473, 10},{2473, 10},
{16695, 8},{2774, 8},{2473, 10},{2473, 10},{2775, 8},{2772, 8},{2473, 10},{2473, 10},{2773, 8},{2770, 8},
{2473, 10},{2473, 10},{2771, 8},{24063, 13},{3781, 16},{22560, 3},{19954, 2},{20816, 9},{16734, 12},{2034, 5},
{20815, 9},{3864, 10},{11650, 17},{8076, 9},{13370, 8},{3864, 10},{20820, 9},{12058, 9},{13369, 8},{25020, 13},
{3781, 16},{2036, 5},{19954, 2},{8075, 9},{22659, 3},{7988, 12},{2097, 17},{20821, 9},{1685, 10},{13375, 8},
{1132, 9},{1131, 9},{14701, 3},{3781, 16},{18983, 17},{19954, 2},{5137, 9},{25789, 12},{17928, 5},{3864, 10},
{20911, 13},{25483, 3},{13374, 8},{2036, 5},{1133, 9},{3864, 10},{289, 13},{18651, 12},{19954, 2},{11227, 17},
{5136, 9},{3781, 16},{1120, 9},{12816, 12},{13373, 8},{5038, 17},{20822, 9},{12066, 9},{16862, 13},{72, 3},
{2038, 5},{3864, 10},{19954, 2},{12067, 9},{3781, 16},{26134, 3},{19954, 2},{379, 12},{1291, 13},{1121, 9},
{13372, 8},{24290, 5},{3864, 10},{19589, 17},{5138, 9},{3781, 16},{1130, 9},{12063, 9},{5330, 12},{20824, 9},
{13379, 8},{9824, 17},{3864, 10},{2028, 5},{20909, 3},{15612, 13},{3781, 16},{19954, 2},{3781, 16},{10167, 13},
{10401, 5},{2, 12},{12064, 9},{12065, 9},{3864, 10},{20823, 9},{20506, 17},{19954, 2},{25766, 3},{13378, 8},
{19954, 2},{25595, 13},{3864, 10},{20819, 9},{14533, 3},{944, 8},{8956, 12},{3781, 16},{12060, 9},{12059, 9},
{2034, 5},{2479, 17},{19954, 2},{12061, 9},{9718, 13},{20108, 12},{20818, 9},{3864, 10},{13376, 8},{12062, 9},
{4458, 3},{20162, 5},{20825, 9},{3781, 16},{16022, 17},{20406, 15},{4424, 10},{13017, 8},{4424, 10},{25300, 15},
{20406, 15},{13018, 8},{7410, 15},{21116, 15},{14363, 15},{4424, 10},{13019, 8},{20406, 15},{20406, 15},{4424, 10},
{13020, 8},{13020, 8},{4424, 10},{7273, 15},{3781, 16},{24896, 17},{10576, 4},{7094, 1},{2168, 7},{9804, 3},
{5034, 8},{7672, 10},{8100, 7},{3781, 16},{17612, 4},{8106, 7},{856, 7},{1592, 17},{25273, 10},{10749, 8},
{20554, 7},{17195, 3},{18442, 8},{7672, 10},{19229, 1},{24851, 17},{1470, 7},{23665, 10},{10576, 4},{3781, 16},
{1149, 3},{3781, 16},{18443, 8},{7672, 10},{10576, 4},{7011, 17},{17629, 1},{21181, 7},{11931, 17},{16464, 3},
{6920, 7},{10576, 4},{7094, 1},{2166, 7},{25171, 0},{18444, 8},{20041, 7},{3781, 16},{7672, 10},{1223, 10},
{21187, 7},{25115, 1},{20040, 7},{10576, 4},{14419, 7},{3781, 16},{22266, 17},{5050, 8},{7672, 10},{21577, 3},
{17127, 8},{7091, 1},{3781, 16},{10576, 4},{6341, 3},{7672, 10},{20053, 17},{2166, 7},{13018, 8},{16432, 15},
{4424, 10},{7273, 15},{7093, 1},{3781, 16},{18440, 8},{7672, 10},{10576, 4},{23127, 17},{14365, 3},{14419, 7},
{10993, 3},{10576, 4},{18441, 8},{14419, 7},{25118, 1},{1463, 7},{16365, 17},{3781, 16},{7672, 10},{21187, 7},
{17263, 15},{6692, 8},{4424, 10},{4424, 10},{6690, 8},{17263, 15},{23591, 15},{7273, 15},{4424, 10},{13017, 8},
{18767, 8},{17263, 15},{4424, 10},{4424, 10},{879, 15},{18766, 8},{17263, 15},{18765, 8},{4424, 10},{17263, 15},
{17263, 15},{18764, 8},{4424, 10},{18763, 8},{17263, 15},{4424, 10},{883, 15},{18762, 8},{17263, 15},{4424, 10},
{17263, 15},{4424, 10},{876, 15},{15686, 8},{7273, 15},{13015, 8},{4424, 10},{718, 15},{7273, 15},{13014, 8},
{4424, 10},{4248, 15},{13013, 8},{4424, 10},{7273, 15},{16261, 7},{8688, 7},{3781, 16},{25273, 10},{10474, 17},
{9036, 8},{16255, 7},{23975, 4},{1685, 10},{3781, 16},{20235, 7},{7165, 7},{23975, 4},{25273, 10},{25764, 17},
{23541, 8},{7158, 7},{16774, 17},{23975, 4},{3781, 16},{23540, 8},{20234, 7},{25273, 10},{20233, 7},{7157, 7},
{23975, 4},{14544, 17},{25273, 10},{3781, 16},{8688, 7},{7161, 7},{16840, 8},{23975, 4},{16257, 7},{3781, 16},
{16265, 7},{23538, 8},{16262, 7},{4460, 17},{7158, 7},{25273, 10},{7156, 7},{25273, 10},{9058, 8},{23975, 4},
{3781, 16},{540, 7},{15054, 17},{16265, 7},{1143, 4},{11327, 17},{3319, 7},{25273, 10},{3781, 16},{914, 8},
{19584, 7},{1143, 4},{7008, 7},{19585, 7},{917, 8},{25273, 10},{1501, 17},{19582, 7},{19584, 7},{3781, 16},
{20479, 17},{23975, 4},{9489, 8},{8363, 1},{3781, 16},{8685, 7},{535, 7},{7157, 7},{25273, 10},{3104, 17},
{26346, 7},{3781, 16},{19585, 7},{25273, 10},{3320, 7},{1143, 4},{15334, 8},{19577, 7},{1143, 4},{19583, 7},
{26346, 7},{3781, 16},{22554, 17},{25273, 10},{15333, 8},{1685, 10},{16640, 8},{20592, 7},{25273, 10},{3781, 16},
{1858, 17},{10576, 4},{12431, 7},{12429, 7},{7688, 7},{5459, 7},{3781, 16},{5641, 17},{25273, 10},{10576, 4},
{16641, 8},{25171, 7},{5455, 7},{3781, 16},{5454, 7},{4129, 1},{25273, 10},{5453, 7},{16633, 8},{22613, 17},
{10576, 4},{25169, 7},{7694, 7},{10576, 4},{8325, 17},{25273, 10},{12425, 7},{3781, 16},{16634, 8},{10576, 4},
{10673, 7},{7094, 1},{3781, 16},{7692, 7},{19779, 17},{25172, 7},{7685, 7},{25273, 10},{16635, 8},{10576, 4},
{7693, 7},{4131, 1},{24980, 17},{25273, 10},{15394, 8},{3781, 16},{10676, 7},{957, 17},{25273, 10},{3781, 16},
{16629, 8},{20593, 7},{10576, 4},{19467, 7},{10576, 4},{16630, 8},{7689, 7},{3781, 16},{19768, 17},{25273, 10},
{7693, 7},{7685, 7},{10576, 4},{16631, 8},{7689, 7},{10658, 7},{7688, 7},{17070, 17},{3781, 16},{12916, 7},
{25273, 10},{14660, 7},{5452, 7},{16632, 8},{25171, 7},{3781, 16},{10576, 4},{10673, 7},{25273, 10},{23874, 17},
{18765, 8},{4424, 10},{11910, 15},{4424, 10},{11910, 15},{18764, 8},{18767, 8},{11910, 15},{4424, 10},{11910, 15},
{11680, 15},{7678, 15},{4424, 10},{18766, 8},{4424, 10},{13014, 8},{16442, 15},{8859, 15},{16442, 15},{4424, 10},
{13013, 8},{4424, 10},{13016, 8},{16442, 15},{4424, 10},{16442, 15},{13015, 8},{1941, 15},{13018, 8},{7408, 15},
{4424, 10},{16442, 15},{4217, 15},{15507, 15},{13017, 8},{4424, 10},{16442, 15},{21110, 15},{16442, 15},{13020, 8},
{4424, 10},{15512, 15},{13019, 8},{4424, 10},{16442, 15},{12633, 11},{11538, 10},{1685, 10},{1143, 4},{3319, 7},
{26346, 7},{7002, 7},{3781, 16},{25273, 10},{10093, 7},{24304, 17},{15330, 8},{2473, 10},{9508, 8},{25273, 10},
{3781, 16},{15329, 8},{10095, 7},{4883, 17},{5848, 7},{1143, 4},{1685, 10},{20275, 15},{4120, 15},{13019, 8},
{4424, 10},{4424, 10},{4120, 15},{13020, 8},{4120, 15},{4424, 10},{13017, 8},{4120, 15},{4093, 15},{13018, 8},
{7680, 15},{4424, 10},{4424, 10},{13013, 8},{4120, 15},{4424, 10},{18431, 15},{13014, 8},{4120, 15},{2771, 8},
{2473, 10},{1143, 4},{5849, 7},{25273, 10},{19582, 7},{3320, 7},{3781, 16},{1711, 17},{15332, 8},{21200, 17},
{3781, 16},{12253, 4},{7241, 7},{1059, 8},{25273, 10},{22391, 7},{1685, 10},{23441, 14},{15362, 10},{1685, 10},
{22396, 7},{2762, 7},{25273, 10},{9416, 1},{19851, 7},{14183, 7},{12253, 4},{3781, 16},{26438, 8},{2836, 17},
{1685, 10},{23441, 14},{15362, 10},{25126, 10},{6597, 8},{6596, 8},{25126, 10},{25126, 10},{6590, 8},{25126, 10},
{13829, 8},{25126, 10},{6588, 8},{25126, 10},{6587, 8},{6594, 8},{25126, 10},{6593, 8},{25126, 10},{25126, 10},
{13833, 8},{25126, 10},{13831, 8},{1735, 9},{4501, 8},{19643, 3},{11418, 9},{24297, 5},{6764, 10},{1660, 12},
{3781, 16},{1253, 17},{7463, 13},{19954, 2},{6764, 10},{13261, 12},{17928, 5},{1736, 9},{17897, 17},{3781, 16},
{19954, 2},{1744, 9},{11417, 9},{4500, 8},{9364, 3},{17758, 13},{7672, 10},{19954, 4},{16853, 8},{3781, 16},
{12513, 1},{7169, 17},{18597, 7},{7630, 3},{23665, 10},{1223, 10},{3781, 16},{9606, 3},{14022, 17},{5136, 0},
{10848, 1},{16999, 8},{19954, 4},{7672, 10},{25793, 7},{16857, 8},{3781, 16},{7672, 10},{1816, 3},{863, 1},
{21199, 17},{1130, 7},{25799, 7},{25796, 7},{19954, 4},{18764, 8},{4424, 10},{11171, 15},{22946, 15},{11171, 15},
{18765, 8},{4424, 10},{11171, 15},{22949, 15},{18766, 8},{4424, 10},{11171, 15},{18767, 8},{4424, 10},{1230, 13},
{20165, 5},{19954, 2},{19954, 6},{1745, 9},{3689, 12},{3781, 16},{17880, 17},{4507, 8},{11424, 9},{6764, 10},
{1742, 9},{2468, 3},{25273, 10},{2082, 17},{3316, 7},{8510, 8},{19577, 7},{1143, 4},{5843, 7},{5850, 7},
{3781, 16},{3781, 16},{14977, 17},{22810, 1},{24752, 4},{1359, 7},{25273, 10},{14255, 7},{23536, 8},{6931, 7},
{8269, 17},{3781, 16},{25273, 10},{1143, 4},{7002, 7},{21405, 8},{26341, 7},{1358, 7},{1360, 7},{5103, 7},
{9489, 8},{25273, 10},{24752, 4},{6218, 17},{3781, 16},{23942, 17},{26343, 7},{25273, 10},{7008, 7},{3781, 16},
{466, 8},{1143, 4},{1685, 10},{10093, 7},{6244, 17},{19578, 7},{3781, 16},{17790, 8},{1143, 4},{25273, 10},
{10315, 17},{3781, 16},{12022, 7},{24752, 4},{25273, 10},{1360, 7},{23538, 8},{14253, 7},{23541, 8},{18959, 7},
{6927, 7},{24752, 4},{12284, 17},{25273, 10},{6931, 7},{3781, 16},{26343, 7},{26340, 7},{17793, 8},{5849, 7},
{1143, 4},{25273, 10},{3781, 16},{3319, 7},{302, 17},{1685, 10},{18766, 8},{4424, 10},{17809, 15},{3454, 15},
{1399, 15},{18766, 8},{4424, 10},{13017, 8},{16751, 15},{4424, 10},{26229, 15},{3454, 15},{4424, 10},{18765, 8},
{24752, 4},{3781, 16},{5105, 7},{1295, 17},{15394, 8},{25273, 10},{14256, 7},{5104, 7},{6921, 7},{5105, 7},
{18956, 7},{8577, 17},{25273, 10},{3781, 16},{6927, 7},{24752, 4},{16635, 8},{12030, 7},{24752, 4},{7266, 17},
{1357, 7},{25273, 10},{6930, 7},{3781, 16},{1360, 7},{16634, 8},{6389, 1},{14253, 7},{6931, 7},{5061, 17},
{5106, 7},{14252, 7},{16633, 8},{25273, 10},{24752, 4},{12023, 7},{3781, 16},{16632, 8},{24752, 4},{14253, 7},
{17654, 17},{25273, 10},{18954, 7},{3781, 16},{25273, 10},{24752, 4},{14134, 17},{16631, 8},{14254, 7},{6927, 7},
{22803, 1},{3781, 16},{16053, 7},{16630, 8},{3781, 16},{24752, 4},{9898, 17},{5104, 7},{5107, 7},{25273, 10},
{25273, 10},{24752, 4},{18950, 7},{15800, 7},{24457, 17},{1354, 7},{3781, 16},{16629, 8},{8048, 7},{3781, 16},
{24752, 4},{8171, 17},{25273, 10},{12025, 7},{16641, 8},{18955, 7},{3781, 16},{1363, 7},{25273, 10},{24752, 4},
{12029, 7},{12031, 7},{16640, 8},{13699, 17},{1354, 7},{6690, 8},{26220, 15},{4424, 10},{4424, 10},{26220, 15},
{6692, 8},{13624, 15},{3454, 15},{4424, 10},{18764, 8},{4424, 10},{18766, 8},{26220, 15},{4424, 10},{18767, 8},
{26220, 15},{26220, 15},{26014, 15},{4424, 10},{18764, 8},{20359, 15},{4424, 10},{18765, 8},{26220, 15},{1685, 10},
{18763, 8},{26220, 15},{4424, 10},{4424, 10},{3417, 15},{9434, 8},{26220, 15},{26220, 15},{15686, 8},{4424, 10},
{7672, 10},{3307, 17},{13175, 4},{3781, 16},{24977, 8},{13710, 7},{9141, 1},{3936, 3},{13175, 4},{24276, 7},
{9135, 1},{1223, 10},{12631, 3},{7672, 10},{22799, 0},{11448, 7},{12012, 17},{24978, 8},{3781, 16},{1061, 3},
{16648, 17},{3781, 16},{25820, 7},{3932, 1},{13175, 4},{7672, 10},{24975, 8},{11760, 0},{1223, 10},{1685, 10},
{7672, 10},{11446, 7},{24973, 8},{9345, 1},{13175, 4},{21171, 7},{3781, 16},{15944, 17},{12515, 3},{13710, 7},
{24974, 8},{17480, 7},{18786, 1},{13175, 4},{171, 17},{3781, 16},{7672, 10},{11444, 7},{17254, 3},{3062, 17},
{24971, 8},{13175, 4},{25815, 7},{23665, 10},{3460, 7},{3781, 16},{12634, 3},{17984, 7},{7672, 10},{18782, 1},
{1223, 10},{25262, 0},{13738, 7},{9135, 1},{18210, 8},{7672, 10},{9435, 3},{16510, 17},{3781, 16},{13175, 4},
{18783, 1},{24969, 8},{7672, 10},{22113, 3},{25815, 7},{702, 17},{13175, 4},{3781, 16},{23665, 10},{18377, 17},
{24970, 8},{10104, 3},{13707, 7},{13175, 4},{3781, 16},{7672, 10},{21169, 7},{18785, 1},{25273, 10},{11120, 7},
{26223, 1},{3781, 16},{17154, 7},{11569, 7},{17148, 7},{23441, 4},{10918, 17},{22290, 8},{23441, 4},{22289, 8},
{17145, 7},{3781, 16},{11115, 7},{23987, 7},{17896, 17},{17152, 7},{25273, 10},{23441, 4},{2846, 17},{11117, 7},
{4308, 7},{25273, 10},{4313, 7},{23984, 7},{22292, 8},{3781, 16},{23441, 4},{17148, 7},{25273, 10},{22222, 17},
{23978, 7},{22291, 8},{3781, 16},{23966, 17},{11116, 7},{23977, 7},{23441, 4},{3781, 16},{25273, 10},{11071, 1},
{22286, 8},{3781, 16},{25273, 10},{23984, 7},{23978, 7},{23441, 4},{22285, 8},{10396, 7},{7634, 17},{17154, 7},
{7927, 17},{23441, 4},{11565, 7},{3781, 16},{25273, 10},{10400, 7},{10396, 7},{1808, 8},{11115, 7},{23441, 4},
{16055, 17},{25273, 10},{3781, 16},{11564, 7},{4311, 7},{10400, 7},{22287, 8},{17155, 7},{6598, 17},{10397, 7},
{3781, 16},{23981, 7},{22278, 8},{25273, 10},{23441, 4},{4314, 7},{4315, 7},{10393, 7},{25273, 10},{1774, 8},
{23441, 4},{24818, 17},{3781, 16},{17146, 7},{23459, 7},{17360, 7},{15272, 4},{20588, 7},{1817, 8},{25273, 10},
{17355, 7},{21840, 17},{3781, 16},{23458, 7},{15272, 4},{3781, 16},{25273, 10},{1818, 8},{17353, 7},{2872, 17},
{4353, 17},{3771, 7},{23463, 7},{10840, 7},{1815, 8},{25273, 10},{15272, 4},{16455, 7},{3781, 16},{16449, 7},
{10840, 7},{10970, 8},{25273, 10},{3781, 16},{15272, 4},{3767, 7},{17359, 7},{14212, 17},{23459, 7},{1445, 1},
{20561, 7},{1813, 8},{4669, 17},{3773, 7},{3781, 16},{15272, 4},{25273, 10},{1814, 8},{8358, 17},{17358, 7},
{25273, 10},{20616, 7},{15272, 4},{3781, 16},{17816, 7},{3781, 16},{25217, 17},{23461, 7},{25273, 10},{23465, 7},
{1811, 8},{10547, 7},{15272, 4},{10552, 7},{15272, 4},{5784, 1},{3781, 16},{17816, 7},{25273, 10},{1812, 8},
{17352, 7},{14536, 17},{23459, 7},{3485, 17},{3781, 16},{3770, 7},{23459, 7},{17359, 7},{15272, 4},{25273, 10},
{1809, 8},{1810, 8},{25273, 10},{17258, 1},{20610, 7},{3775, 7},{8761, 17},{17358, 7},{3781, 16},{15272, 4},
{18762, 8},{8147, 15},{4424, 10},{10990, 15},{8147, 15},{4424, 10},{18763, 8},{8147, 15},{4424, 10},{9434, 8},
{1942, 15},{18766, 8},{8147, 15},{4424, 10},{21485, 15},{18767, 8},{4424, 10},{8147, 15},{18764, 8},{8147, 15},
{4424, 10},{18765, 8},{8147, 15},{4424, 10},{10158, 15},{22810, 15},{608, 15},{4424, 10},{18765, 8},{24752, 4},
{6924, 7},{7493, 17},{12023, 7},{1363, 7},{4578, 8},{3781, 16},{6390, 1},{25273, 10},{4424, 10},{9458, 15},
{6692, 8},{6690, 8},{9699, 15},{4424, 10},{9458, 15},{12253, 4},{7249, 7},{25273, 10},{3781, 16},{3271, 7},
{14637, 8},{23052, 17},{12253, 4},{19853, 7},{23122, 17},{2757, 7},{14638, 8},{25273, 10},{3781, 16},{1685, 10},
{14630, 8},{22391, 7},{3781, 16},{25273, 10},{12253, 4},{14174, 7},{21494, 17},{4424, 10},{9458, 15},{18765, 8},
{9458, 15},{4424, 10},{18764, 8},{9458, 15},{18763, 8},{4424, 10},{18762, 8},{9458, 15},{4424, 10},{14635, 8},
{3781, 16},{7250, 7},{25273, 10},{7245, 7},{7242, 7},{14178, 7},{12253, 4},{9102, 17},{12020, 17},{19855, 7},
{14636, 8},{3781, 16},{12253, 4},{22396, 7},{25273, 10},{20882, 1},{1685, 10},{1685, 10},{1685, 10},{1685, 10},
{1685, 10},{4424, 10},{18764, 8},{2745, 15},{13439, 15},{1685, 10},{18762, 8},{20372, 15},{1624, 15},{9559, 15},
{4424, 10},{9559, 15},{22475, 15},{18763, 8},{4424, 10},{9559, 15},{9434, 8},{4424, 10},{9559, 15},{4424, 10},
{15686, 8},{4424, 10},{22477, 15},{18766, 8},{9559, 15},{3215, 15},{18767, 8},{2112, 15},{4424, 10},{9559, 15},
{20372, 15},{11607, 15},{18815, 15},{9559, 15},{4424, 10},{13591, 15},{18764, 8},{4424, 10},{18765, 8},{9559, 15},
{4424, 10},{9559, 15},{20374, 15},{6690, 8},{4424, 10},{6692, 8},{18819, 15},{9559, 15},{1685, 10},{1685, 10},
{2473, 10},{3660, 8},{18766, 8},{4424, 10},{4109, 15},{1685, 10},{3662, 8},{2473, 10},{18767, 8},{23765, 15},
{4109, 15},{11666, 15},{4424, 10},{18457, 15},{18764, 8},{4424, 10},{4109, 15},{3541, 17},{25168, 7},{7694, 7},
{7612, 8},{25273, 10},{3781, 16},{10576, 4},{12425, 7},{20592, 7},{10590, 17},{5450, 7},{25273, 10},{12424, 7},
{3781, 16},{7613, 8},{20593, 7},{10576, 4},{5456, 7},{3781, 16},{5455, 7},{12426, 7},{25273, 10},{12270, 17},
{7614, 8},{10576, 4},{3781, 16},{12424, 7},{7649, 17},{7685, 7},{4135, 1},{25273, 10},{7615, 8},{10576, 4},
{25273, 10},{12916, 7},{7608, 8},{6412, 17},{8286, 7},{3781, 16},{10576, 4},{12425, 7},{25273, 10},{25169, 7},
{17046, 17},{3781, 16},{7609, 8},{10576, 4},{7096, 1},{419, 17},{10576, 4},{5460, 7},{12435, 7},{7610, 8},
{25273, 10},{3781, 16},{10576, 4},{19469, 7},{14659, 7},{3781, 16},{5451, 7},{13950, 8},{25273, 10},{3071, 17},
{10941, 17},{19467, 7},{12428, 7},{3781, 16},{7617, 8},{25273, 10},{10576, 4},{5453, 7},{10576, 4},{20597, 7},
{7618, 8},{12434, 7},{6395, 17},{25273, 10},{3781, 16},{15272, 4},{16661, 8},{10547, 7},{3781, 16},{25273, 10},
{23465, 7},{23871, 17},{25273, 10},{23464, 7},{3768, 7},{899, 1},{884, 17},{3781, 16},{15272, 4},{6726, 8},
{10840, 7},{9103, 17},{25273, 10},{23463, 7},{17355, 7},{3781, 16},{15272, 4},{20610, 7},{14473, 8},{25273, 10},
{20623, 7},{15272, 4},{17360, 7},{11953, 17},{6724, 8},{3781, 16},{10857, 7},{3768, 7},{3772, 7},{10550, 7},
{10857, 7},{15272, 4},{6725, 8},{4760, 17},{3781, 16},{25273, 10},{3769, 7},{15272, 4},{25519, 17},{3781, 16},
{6722, 8},{20623, 7},{23458, 7},{25273, 10},{17359, 7},{24226, 17},{6723, 8},{23465, 7},{15272, 4},{3767, 7},
{3781, 16},{25273, 10},{8341, 17},{15272, 4},{20623, 7},{3781, 16},{3773, 7},{25273, 10},{6720, 8},{15272, 4},
{6721, 8},{25273, 10},{3781, 16},{19084, 17},{10857, 7},{3772, 7},{3781, 16},{3769, 7},{25273, 10},{20561, 7},
{13171, 17},{6730, 8},{15272, 4},{26130, 17},{10549, 7},{3769, 7},{15272, 4},{17357, 7},{3781, 16},{6731, 8},
{16451, 7},{25273, 10},{2473, 10},{6212, 8},{378, 17},{25273, 10},{8204, 4},{16902, 7},{19813, 8},{5429, 7},
{11746, 7},{3781, 16},{25134, 7},{19602, 7},{16902, 7},{25136, 7},{10037, 17},{8204, 4},{17710, 8},{3781, 16},
{25273, 10},{16905, 7},{8204, 4},{3781, 16},{11719, 7},{14682, 1},{13530, 17},{10125, 7},{25273, 10},{19756, 8},
{25273, 10},{19602, 7},{17301, 8},{583, 17},{25136, 7},{3781, 16},{8204, 4},{5435, 7},{14682, 1},{25838, 17},
{25273, 10},{8204, 4},{16898, 7},{3781, 16},{1375, 8},{26371, 7},{23458, 7},{17260, 1},{3781, 16},{22967, 17},
{20610, 7},{25273, 10},{16655, 8},{15272, 4},{8204, 4},{25273, 10},{3781, 16},{21724, 17},{16900, 7},{25139, 7},
{26441, 8},{5424, 7},{15157, 17},{8204, 4},{25273, 10},{10126, 7},{3781, 16},{26440, 8},{25135, 7},{11746, 7},
{8204, 4},{25273, 10},{11722, 7},{19680, 8},{3781, 16},{25527, 17},{25137, 7},{10120, 7},{6782, 17},{25273, 10},
{25133, 7},{16903, 7},{26438, 8},{10127, 7},{8204, 4},{3781, 16},{23527, 7},{2473, 10},{3657, 8},{4424, 10},
{9910, 15},{18763, 8},{7094, 15},{16385, 15},{18762, 8},{4424, 10},{7094, 15},{23557, 15},{15686, 8},{4424, 10},
{24672, 15},{7094, 15},{22506, 15},{19332, 15},{9434, 8},{4424, 10},{7094, 15},{7094, 15},{18767, 8},{4424, 10},
{4424, 10},{18766, 8},{7094, 15},{4424, 10},{18765, 8},{7094, 15},{11789, 15},{5565, 15},{18764, 8},{4424, 10},
{7094, 15},{9905, 15},{853, 7},{3893, 8},{14514, 7},{859, 7},{14748, 17},{3781, 16},{17612, 4},{8105, 7},
{25273, 10},{3894, 8},{25273, 10},{853, 7},{17612, 4},{7539, 7},{3781, 16},{20792, 17},{20553, 7},{7539, 7},
{3781, 16},{17612, 4},{23784, 8},{25273, 10},{7542, 7},{22360, 17},{20543, 7},{25273, 10},{17612, 4},{23785, 8},
{8103, 7},{7193, 1},{11412, 17},{3781, 16},{17612, 4},{25273, 10},{6854, 7},{14507, 7},{3889, 8},{20096, 17},
{3781, 16},{3890, 8},{17612, 4},{6373, 17},{6857, 7},{6851, 7},{25273, 10},{3781, 16},{6850, 7},{1685, 10},
{17612, 4},{7542, 7},{24547, 17},{3892, 8},{25273, 10},{20554, 7},{20544, 7},{8100, 7},{3781, 16},{7542, 7},
{17612, 4},{2176, 17},{25273, 10},{3781, 16},{14506, 7},{23745, 8},{17612, 4},{25273, 10},{20548, 7},{3781, 16},
{14508, 7},{23747, 8},{8107, 7},{7539, 7},{24648, 17},{18764, 8},{4424, 10},{8149, 15},{18765, 8},{8149, 15},
{4424, 10},{12058, 7},{10641, 17},{19954, 4},{3781, 16},{25273, 10},{5131, 7},{9476, 8},{1741, 7},{18767, 8},
{8149, 15},{4424, 10},{3781, 16},{5135, 7},{25273, 10},{25614, 7},{8071, 7},{9482, 8},{19954, 4},{12814, 17},
{8070, 7},{5131, 7},{24822, 7},{1741, 7},{19954, 4},{25273, 10},{26096, 17},{9481, 8},{3781, 16},{4424, 10},
{21110, 15},{8149, 15},{18762, 8},{9479, 8},{1739, 7},{25273, 10},{799, 17},{3781, 16},{8076, 7},{8075, 7},
{19954, 4},{9035, 17},{9484, 8},{25273, 10},{25605, 7},{1735, 7},{3781, 16},{19954, 4},{12067, 7},{9483, 8},
{3781, 16},{6096, 17},{25611, 7},{5129, 7},{19954, 4},{25273, 10},{15066, 4},{3873, 8},{22652, 7},{8557, 7},
{14868, 7},{402, 7},{3781, 16},{20733, 17},{25273, 10},{4424, 10},{395, 15},{9458, 15},{13014, 8},{13013, 8},
{9458, 15},{4424, 10},{13015, 8},{7216, 15},{13320, 15},{4424, 10},{9458, 15},{9458, 15},{1547, 15},{4424, 10},
{13018, 8},{9458, 15},{13017, 8},{4424, 10},{4424, 10},{9458, 15},{20091, 15},{13020, 8},{7100, 15},{4424, 10},
{13019, 8},{9458, 15},{3781, 16},{401, 7},{25273, 10},{22653, 7},{13894, 17},{15066, 4},{2658, 7},{3871, 8},
{15066, 4},{14856, 7},{2892, 17},{402, 7},{25273, 10},{3872, 8},{3781, 16},{20606, 3},{3781, 16},{7576, 8},
{6252, 7},{7672, 10},{5334, 7},{7189, 1},{17612, 4},{9429, 17},{7672, 10},{6247, 7},{7577, 8},{1223, 10},
{6592, 7},{23883, 17},{19719, 1},{7542, 0},{6561, 7},{17612, 4},{3781, 16},{9852, 3},{17612, 4},{5334, 7},
{6592, 7},{2074, 3},{7578, 8},{23665, 10},{19845, 17},{3781, 16},{25924, 7},{9130, 1},{7672, 10},{16734, 3},
{7672, 10},{17612, 4},{23390, 7},{7579, 8},{3693, 7},{3781, 16},{12777, 17},{9129, 1},{24592, 3},{3781, 16},
{17612, 4},{25234, 1},{7672, 10},{15532, 17},{7572, 8},{3696, 7},{21068, 7},{3781, 16},{11763, 7},{18543, 8},
{9022, 17},{13175, 4},{25273, 10},{25269, 7},{25264, 7},{7188, 1},{7574, 8},{24687, 17},{7672, 10},{23665, 10},
{3781, 16},{17612, 4},{3692, 7},{10053, 3},{23385, 7},{16545, 7},{3781, 16},{7193, 1},{7575, 8},{16540, 7},
{7672, 10},{16549, 7},{21040, 17},{17612, 4},{14931, 3},{25273, 10},{22798, 7},{22800, 7},{3781, 16},{18792, 1},
{18544, 8},{13175, 4},{12408, 17},{9126, 1},{7672, 10},{7582, 8},{16139, 3},{514, 17},{3781, 16},{3690, 7},
{17612, 4},{3692, 7},{23665, 10},{2480, 3},{7672, 10},{5183, 17},{9126, 1},{3690, 7},{7583, 8},{17612, 4},
{3781, 16},{15686, 8},{5022, 15},{4424, 10},{5022, 15},{4424, 10},{9434, 8},{1685, 10},{21104, 15},{20211, 15},
{4424, 10},{18764, 8},{14341, 15},{20211, 15},{4424, 10},{16437, 15},{18767, 8},{18766, 8},{20211, 15},{4424, 10},
{1685, 10},{8558, 7},{3877, 8},{15066, 4},{2643, 7},{23681, 17},{3781, 16},{25273, 10},{1685, 10},{5778, 15},
{4424, 10},{18766, 8},{25302, 15},{5022, 15},{13018, 8},{4424, 10},{9554, 15},{13017, 8},{9554, 15},{4424, 10},
{13020, 8},{9554, 15},{15717, 15},{4424, 10},{13019, 8},{9554, 15},{4424, 10},{9554, 15},{4424, 10},{13014, 8},
{4424, 10},{13587, 15},{9554, 15},{13013, 8},{4424, 10},{13015, 8},{9554, 15},{22476, 15},{4424, 10},{13014, 8},
{14311, 15},{13013, 8},{21845, 15},{14311, 15},{4424, 10},{14311, 15},{13018, 8},{21845, 15},{26024, 15},{4424, 10},
{13017, 8},{4424, 10},{14311, 15},{4183, 15},{13020, 8},{14311, 15},{21074, 15},{4424, 10},{13019, 8},{4424, 10},
{25281, 15},{14311, 15},{17261, 15},{9434, 8},{4424, 10},{18763, 8},{17261, 15},{10018, 15},{4424, 10},{4424, 10},
{17261, 15},{18762, 8},{17261, 15},{7558, 15},{18765, 8},{4424, 10},{18764, 8},{4424, 10},{17261, 15},{17261, 15},
{4424, 10},{18767, 8},{4424, 10},{17261, 15},{18766, 8},{1685, 10},{3781, 16},{16150, 7},{9036, 8},{22302, 7},
{8135, 7},{8091, 17},{25314, 4},{25273, 10},{4604, 17},{3781, 16},{4711, 7},{25314, 4},{25273, 10},{24382, 7},
{24387, 7},{23536, 8},{9052, 8},{6445, 17},{22300, 7},{16142, 7},{25273, 10},{3781, 16},{24382, 7},{4709, 7},
{25314, 4},{8135, 7},{9489, 8},{22300, 7},{16138, 17},{25314, 4},{3781, 16},{25273, 10},{9058, 8},{3781, 16},
{24389, 7},{22302, 7},{25273, 10},{8245, 17},{25314, 4},{8135, 7},{4713, 7},{16015, 17},{3781, 16},{25314, 4},
{9055, 8},{25273, 10},{4710, 7},{16840, 8},{25273, 10},{25314, 4},{2731, 17},{4372, 1},{3781, 16},{8127, 7},
{16150, 7},{3781, 16},{22308, 7},{4708, 7},{25314, 4},{9278, 7},{22306, 7},{25273, 10},{9507, 17},{23538, 8},
{22303, 7},{25314, 4},{14025, 17},{16147, 7},{3781, 16},{25273, 10},{24380, 7},{23541, 8},{3781, 16},{23540, 8},
{10657, 17},{1904, 7},{8126, 7},{25314, 4},{25273, 10},{25944, 1},{25126, 10},{12855, 8},{4424, 10},{26222, 15},
{6690, 8},{3781, 16},{8690, 7},{23975, 4},{9483, 8},{25273, 10},{8685, 7},{4880, 17},{20236, 7},{5841, 7},
{20972, 8},{772, 17},{1143, 4},{26345, 7},{3319, 7},{3781, 16},{25273, 10},{4424, 10},{8774, 15},{18783, 15},
{13017, 8},{4424, 10},{13018, 8},{18783, 15},{13019, 8},{4424, 10},{18783, 15},{1143, 4},{5849, 7},{3398, 8},
{391, 17},{25273, 10},{3781, 16},{10093, 7},{7007, 7},{19584, 7},{25273, 10},{1143, 4},{10946, 17},{10098, 7},
{3781, 16},{3401, 8},{10099, 7},{13536, 15},{12736, 15},{4424, 10},{18783, 15},{13014, 8},{25273, 10},{10095, 7},
{1143, 4},{5840, 7},{21545, 17},{3403, 8},{20712, 1},{3781, 16},{26222, 15},{4424, 10},{19287, 15},{18763, 8},
{1685, 10},{14257, 7},{24752, 4},{16196, 8},{1360, 7},{25273, 10},{12026, 7},{17870, 17},{3781, 16},{25273, 10},
{14253, 7},{12026, 7},{11695, 17},{3781, 16},{16195, 8},{24752, 4},{18959, 7},{18950, 7},{24752, 4},{25273, 10},
{18214, 8},{12029, 7},{18959, 7},{3781, 16},{14249, 7},{13690, 17},{19404, 17},{5102, 7},{24752, 4},{25273, 10},
{1364, 7},{3781, 16},{18211, 8},{6931, 7},{11992, 17},{1358, 7},{25273, 10},{3781, 16},{5817, 8},{5104, 7},
{5108, 7},{24752, 4},{18953, 7},{18951, 7},{25273, 10},{3781, 16},{10601, 17},{24752, 4},{5811, 8},{6931, 7},
{6389, 1},{18198, 8},{14254, 7},{18959, 7},{25273, 10},{12029, 7},{24752, 4},{12026, 7},{20657, 17},{3781, 16},
{22628, 17},{25273, 10},{24752, 4},{3781, 16},{12023, 7},{18197, 8},{14257, 7},{6923, 7},{14251, 7},{6922, 7},
{25273, 10},{18194, 8},{3781, 16},{24752, 4},{3515, 17},{18950, 7},{16053, 7},{24752, 4},{22434, 17},{25273, 10},
{1354, 7},{6923, 7},{3781, 16},{18959, 7},{5766, 8},{6921, 7},{18767, 8},{4424, 10},{3161, 15},{18766, 8},
{4424, 10},{3161, 15},{3161, 15},{18765, 8},{4424, 10},{18764, 8},{3161, 15},{4424, 10},{4424, 10},{3161, 15},
{10179, 15},{18763, 8},{4424, 10},{12333, 15},{18765, 8},{4424, 10},{18766, 8},{12333, 15},{18767, 8},{4424, 10},
{12333, 15},{4081, 15},{1685, 10},{13175, 4},{11767, 7},{15934, 17},{10729, 8},{25273, 10},{3781, 16},{18525, 7},
{1685, 10},{18762, 8},{4374, 15},{4424, 10},{21077, 15},{3268, 13},{3781, 16},{440, 9},{1530, 2},{24036, 12},
{18329, 17},{16593, 8},{18188, 5},{5509, 9},{441, 9},{3864, 10},{17231, 3},{1685, 10},{19937, 15},{13017, 8},
{4424, 10},{13018, 8},{19937, 15},{4424, 10},{4424, 10},{19937, 15},{13019, 8},{4424, 10},{19937, 15},{13020, 8},
{13013, 8},{4424, 10},{19937, 15},{19937, 15},{13014, 8},{4424, 10},{25273, 10},{853, 7},{3781, 16},{20553, 7},
{17612, 4},{23550, 17},{11869, 8},{25273, 10},{6858, 7},{3781, 16},{8101, 7},{14513, 7},{17612, 4},{16627, 17},
{13462, 8},{14512, 7},{11816, 8},{25273, 10},{3781, 16},{7542, 7},{15671, 17},{17612, 4},{859, 7},{8107, 7},
{3781, 16},{20544, 7},{17612, 4},{11819, 8},{6852, 7},{25273, 10},{20554, 7},{6851, 7},{6845, 17},{4424, 10},
{13020, 8},{12330, 15},{6854, 7},{7540, 7},{17612, 4},{3781, 16},{12804, 17},{14507, 7},{19625, 8},{25273, 10},
{14507, 7},{6853, 7},{25273, 10},{19626, 8},{3781, 16},{20553, 7},{17612, 4},{26135, 17},{6852, 7},{16340, 17},
{24571, 1},{14856, 7},{25273, 10},{22647, 7},{16629, 8},{3781, 16},{15859, 7},{15066, 4},{3781, 16},{8102, 7},
{26348, 17},{17612, 4},{25273, 10},{862, 7},{19628, 8},{6856, 7},{25273, 10},{8101, 7},{17612, 4},{14511, 7},
{19629, 8},{7966, 17},{3781, 16},{15684, 17},{3781, 16},{25273, 10},{12232, 4},{12500, 7},{6300, 7},{8509, 8},
{18765, 8},{5019, 15},{4424, 10},{21401, 15},{18767, 8},{4117, 15},{4424, 10},{4424, 10},{4117, 15},{18766, 8},
{4424, 10},{5019, 15},{9434, 8},{18762, 8},{12521, 15},{4424, 10},{4050, 15},{4424, 10},{18765, 8},{12521, 15},
{4424, 10},{12521, 15},{18764, 8},{9754, 15},{18767, 8},{12521, 15},{636, 15},{8605, 15},{12669, 15},{4424, 10},
{5019, 15},{15686, 8},{4424, 10},{588, 15},{4424, 10},{18763, 8},{4117, 15},{5019, 15},{4424, 10},{18763, 8},
{21550, 15},{18764, 8},{26146, 15},{4424, 10},{26146, 15},{8622, 15},{4424, 10},{18765, 8},{1685, 10},{4117, 15},
{6692, 8},{4424, 10},{3702, 15},{4424, 10},{6692, 8},{5019, 15},{4424, 10},{19519, 15},{11170, 15},{18767, 8},
{18766, 8},{24347, 15},{11170, 15},{3916, 15},{4424, 10},{18766, 8},{2628, 15},{4424, 10},{2628, 15},{4424, 10},
{18767, 8},{4424, 10},{2628, 15},{18764, 8},{12261, 15},{18765, 8},{4424, 10},{2628, 15},{4424, 10},{18762, 8},
{2628, 15},{4424, 10},{2628, 15},{18763, 8},{4424, 10},{9434, 8},{2628, 15},{2628, 15},{4424, 10},{15686, 8},
{4424, 10},{2628, 15},{6690, 8},{18250, 15},{1412, 15},{2628, 15},{4424, 10},{16768, 15},{6692, 8},{4424, 10},
{26146, 15},{18763, 8},{3781, 16},{1530, 2},{20153, 9},{12483, 9},{3864, 10},{16472, 12},{7254, 13},{1794, 3},
{12482, 9},{2031, 5},{13375, 8},{19317, 17},{20154, 9},{9568, 9},{8279, 3},{3864, 10},{20156, 9},{13374, 8},
{4155, 13},{3486, 12},{20155, 9},{12484, 9},{2031, 5},{25763, 17},{3781, 16},{1530, 2},{26357, 17},{24297, 5},
{3781, 16},{3748, 12},{12480, 9},{3864, 10},{20150, 9},{1530, 2},{13373, 8},{26166, 3},{12257, 13},{20151, 9},
{2359, 13},{18129, 12},{3781, 16},{13372, 8},{20152, 9},{1530, 2},{2450, 3},{3864, 10},{12481, 9},{20164, 5},
{18421, 17},{433, 9},{12983, 13},{24303, 5},{1530, 2},{16375, 3},{13379, 8},{3781, 16},{7118, 17},{19401, 12},
{12477, 9},{3864, 10},{12478, 9},{9268, 3},{7132, 12},{12349, 17},{13378, 8},{1530, 2},{7035, 13},{12479, 9},
{20165, 5},{3781, 16},{3864, 10},{432, 9},{19492, 8},{25126, 10},{25126, 10},{19493, 8},{1685, 10},{19495, 8},
{25126, 10},{19496, 8},{25126, 10},{25126, 10},{19497, 8},{25126, 10},{19498, 8},{19499, 8},{25126, 10},{25126, 10},
{19500, 8},{25126, 10},{19501, 8},{1685, 10},{7158, 7},{25273, 10},{3781, 16},{22437, 17},{1817, 8},{23975, 4},
{16260, 7},{8685, 7},{1410, 15},{20407, 15},{13018, 8},{4424, 10},{3781, 16},{24822, 7},{17301, 8},{1735, 7},
{19954, 4},{8069, 7},{9899, 17},{25273, 10},{7293, 14},{1828, 10},{1670, 8},{25126, 10},{12659, 8},{15508, 15},
{4424, 10},{18763, 8},{8148, 15},{18762, 8},{14356, 15},{8148, 15},{4424, 10},{7408, 15},{18765, 8},{15509, 15},
{8148, 15},{4424, 10},{18764, 8},{4424, 10},{8148, 15},{7411, 15},{4424, 10},{18767, 8},{7406, 15},{8148, 15},
{25304, 15},{8148, 15},{8618, 15},{4424, 10},{18766, 8},{1685, 10},{20407, 15},{4424, 10},{13019, 8},{4424, 10},
{4121, 15},{13020, 8},{13019, 8},{4121, 15},{4424, 10},{4424, 10},{4121, 15},{13018, 8},{13017, 8},{4121, 15},
{4424, 10},{7678, 15},{4121, 15},{13483, 15},{13015, 8},{4424, 10},{18762, 8},{1299, 15},{4424, 10},{4121, 15},
{4424, 10},{13013, 8},{3781, 16},{11564, 9},{4501, 8},{11565, 9},{23252, 9},{9736, 17},{6764, 10},{2036, 5},
{4875, 3},{23441, 2},{1528, 13},{11515, 12},{16509, 8},{25126, 10},{20242, 7},{3781, 16},{20237, 7},{9190, 17},
{25273, 10},{23975, 4},{12338, 8},{18762, 8},{4424, 10},{26223, 15},{23965, 15},{26223, 15},{15686, 8},{4424, 10},
{16262, 7},{20238, 7},{3781, 16},{23975, 4},{16183, 17},{25273, 10},{14151, 8},{18767, 8},{26223, 15},{4424, 10},
{20355, 15},{23073, 8},{23975, 4},{537, 7},{20941, 17},{25273, 10},{8695, 7},{7162, 7},{16256, 7},{3781, 16},
{4424, 10},{7378, 15},{18765, 8},{26223, 15},{18525, 7},{3781, 16},{18524, 7},{25273, 10},{13175, 4},{20660, 7},
{4008, 17},{20523, 8},{20234, 7},{23975, 4},{16264, 7},{7157, 7},{5461, 8},{537, 7},{25273, 10},{11260, 17},
{3781, 16},{25273, 10},{14144, 8},{16255, 7},{16256, 7},{3781, 16},{23975, 4},{1134, 17},{23975, 4},{20234, 7},
{20239, 7},{18268, 17},{544, 7},{14147, 8},{9460, 1},{20233, 7},{3781, 16},{25273, 10},{23975, 4},{16258, 7},
{25273, 10},{7163, 7},{14146, 8},{544, 7},{3781, 16},{7159, 7},{8538, 17},{25273, 10},{8686, 7},{23072, 8},
{3781, 16},{17064, 17},{23975, 4},{538, 7},{7158, 7},{26223, 15},{24494, 15},{6690, 8},{4424, 10},{24719, 17},
{25273, 10},{8688, 7},{3781, 16},{20239, 7},{14143, 8},{23975, 4},{8361, 1},{25273, 10},{3781, 16},{23975, 4},
{15945, 17},{14142, 8},{20238, 7},{16265, 7},{4424, 10},{7270, 15},{8632, 15},{13017, 8},{4424, 10},{13018, 8},
{7270, 15},{7270, 15},{4424, 10},{13019, 8},{4424, 10},{4254, 15},{7270, 15},{13020, 8},{13013, 8},{7270, 15},
{4248, 15},{4424, 10},{7270, 15},{4424, 10},{13014, 8},{7270, 15},{4424, 10},{13015, 8},{4424, 10},{7270, 15},
{13016, 8},{7250, 7},{25273, 10},{16798, 17},{12253, 4},{3272, 7},{3781, 16},{20969, 8},{7246, 7},{19857, 7},
{25273, 10},{12253, 4},{7252, 7},{13344, 17},{20972, 8},{3781, 16},{20881, 1},{22395, 7},{3781, 16},{3267, 7},
{3400, 8},{12253, 4},{6397, 17},{25273, 10},{12253, 4},{7245, 7},{22394, 7},{14181, 7},{3401, 8},{3781, 16},
{7249, 7},{12799, 17},{25273, 10},{25012, 17},{14180, 7},{19856, 7},{3781, 16},{2624, 1},{12253, 4},{22395, 7},
{3402, 8},{25273, 10},{3273, 7},{23179, 17},{3781, 16},{3403, 8},{7250, 7},{12253, 4},{25273, 10},{25273, 10},
{3781, 16},{14181, 7},{3271, 7},{3396, 8},{22396, 7},{22916, 17},{12253, 4},{3397, 8},{6177, 17},{12253, 4},
{2755, 7},{2757, 7},{22398, 7},{3781, 16},{25273, 10},{14175, 7},{3398, 8},{3781, 16},{14179, 7},{14181, 7},
{23382, 17},{12253, 4},{7246, 7},{25273, 10},{19717, 17},{3781, 16},{25273, 10},{19855, 7},{2764, 7},{2761, 7},
{12253, 4},{3399, 8},{3270, 7},{17210, 15},{17264, 15},{18766, 8},{4424, 10},{18767, 8},{17264, 15},{10433, 15},
{4424, 10},{4424, 10},{17264, 15},{18764, 8},{879, 15},{18765, 8},{17264, 15},{4424, 10},{4424, 10},{18762, 8},
{17264, 15},{18763, 8},{4424, 10},{17264, 15},{17264, 15},{172, 15},{9434, 8},{11053, 15},{7551, 15},{4424, 10},
{17264, 15},{4424, 10},{15686, 8},{17264, 15},{23592, 15},{4424, 10},{6690, 8},{4424, 10},{3637, 15},{6692, 8},
{17264, 15},{1685, 10},{6730, 8},{25273, 10},{5457, 7},{10576, 4},{5456, 7},{3781, 16},{7685, 7},{25168, 7},
{12838, 17},{6731, 8},{8286, 7},{12916, 7},{13455, 17},{10576, 4},{3781, 16},{25273, 10},{19467, 7},{25168, 7},
{25273, 10},{10576, 4},{13055, 17},{25172, 7},{6720, 8},{5460, 7},{3781, 16},{5453, 7},{25273, 10},{5456, 7},
{3781, 16},{10576, 4},{8170, 17},{6721, 8},{19467, 7},{45, 17},{6722, 8},{7694, 7},{25273, 10},{3781, 16},
{14662, 7},{10576, 4},{12424, 7},{25171, 7},{6723, 8},{25169, 7},{3781, 16},{22101, 17},{10576, 4},{25273, 10},
{12424, 7},{12434, 7},{6724, 8},{14660, 7},{5456, 7},{3781, 16},{25273, 10},{16839, 17},{10576, 4},{20592, 7},
{25273, 10},{3781, 16},{15419, 17},{6725, 8},{10576, 4},{12435, 7},{10673, 7},{8286, 7},{7093, 1},{25168, 7},
{6726, 8},{18170, 17},{25273, 10},{3781, 16},{10576, 4},{22440, 17},{7694, 7},{25273, 10},{7692, 7},{14473, 8},
{10576, 4},{3781, 16},{7685, 7},{3156, 15},{19302, 15},{18764, 8},{4424, 10},{4424, 10},{18782, 15},{20313, 15},
{20315, 15},{18764, 8},{4424, 10},{21074, 15},{3156, 15},{18766, 8},{18766, 8},{4424, 10},{2061, 15},{18782, 15},
{9434, 8},{4424, 10},{3156, 15},{6617, 15},{9434, 8},{18782, 15},{22844, 15},{4424, 10},{12730, 15},{2067, 15},
{4424, 10},{18782, 15},{18763, 8},{22842, 15},{12734, 15},{18762, 8},{18782, 15},{4424, 10},{6692, 8},{4424, 10},
{6617, 15},{18782, 15},{18782, 15},{6690, 8},{8769, 15},{2063, 15},{4424, 10},{865, 15},{4424, 10},{13017, 8},
{13353, 15},{865, 15},{9754, 15},{4424, 10},{13018, 8},{24502, 15},{13019, 8},{865, 15},{4424, 10},{1893, 15},
{16870, 15},{865, 15},{13020, 8},{4424, 10},{1685, 10},{1685, 10},{4052, 15},{4424, 10},{12512, 15},{13355, 15},
{6690, 8},{9759, 15},{18766, 8},{4424, 10},{12512, 15},{15476, 15},{15477, 15},{18767, 8},{3014, 15},{4424, 10},
{12512, 15},{4424, 10},{12512, 15},{3009, 15},{18764, 8},{4424, 10},{12512, 15},{18765, 8},{12512, 15},{4424, 10},
{18762, 8},{20110, 15},{18763, 8},{12512, 15},{4424, 10},{4424, 10},{9434, 8},{12512, 15},{1902, 15},{15686, 8},
{13348, 15},{1897, 15},{4424, 10},{12512, 15},{8364, 1},{12278, 7},{7672, 10},{1749, 8},{3781, 16},{541, 0},
{25054, 7},{4480, 3},{23975, 4},{11866, 17},{1223, 10},{23975, 4},{10101, 17},{19112, 7},{1748, 8},{17697, 3},
{9453, 1},{7672, 10},{3781, 16},{16029, 3},{7672, 10},{23975, 4},{11628, 17},{12278, 7},{25058, 7},{3781, 16},
{1751, 8},{9459, 1},{12295, 7},{12296, 7},{3781, 16},{23975, 4},{7672, 10},{5120, 3},{19123, 7},{9033, 1},
{1750, 8},{12275, 7},{430, 17},{9459, 1},{23975, 4},{1906, 3},{7672, 10},{19119, 7},{3781, 16},{23046, 17},
{1753, 8},{1223, 10},{7672, 10},{20140, 3},{8361, 1},{7161, 0},{23975, 4},{11584, 17},{12295, 7},{3781, 16},
{1752, 8},{25055, 7},{12274, 7},{25056, 7},{1755, 8},{1223, 10},{7672, 10},{543, 0},{9459, 1},{3781, 16},
{5602, 17},{23975, 4},{7630, 3},{23665, 10},{9451, 1},{19121, 7},{23975, 4},{20968, 17},{3781, 16},{1754, 8},
{3824, 3},{7672, 10},{23665, 10},{3781, 16},{1757, 8},{8844, 17},{4496, 3},{23975, 4},{7672, 10},{6103, 7},
{9455, 1},{8362, 1},{17498, 3},{19335, 17},{1756, 8},{3781, 16},{8540, 7},{19119, 7},{16264, 0},{23975, 4},
{7672, 10},{1223, 10},{22803, 15},{585, 15},{4424, 10},{13478, 15},{18762, 8},{22803, 15},{18763, 8},{4424, 10},
{19484, 15},{586, 15},{4424, 10},{22803, 15},{9434, 8},{4424, 10},{23781, 15},{22803, 15},{15686, 8},{22803, 15},
{4424, 10},{10588, 15},{18766, 8},{18767, 8},{22803, 15},{7676, 15},{4424, 10},{18432, 15},{22803, 15},{4424, 10},
{10589, 15},{18764, 8},{4424, 10},{18765, 8},{22803, 15},{17844, 15},{1685, 10},{22803, 15},{6690, 8},{4424, 10},
{6692, 8},{17843, 15},{22803, 15},{4424, 10},{19954, 4},{23665, 10},{3781, 16},{7833, 7},{25033, 3},{20822, 7},
{7672, 10},{8483, 8},{863, 1},{18021, 17},{1132, 7},{25799, 7},{3781, 16},{19954, 4},{866, 1},{4317, 3},
{7672, 10},{23665, 10},{16397, 17},{8482, 8},{20825, 7},{8487, 8},{6341, 3},{19954, 4},{4556, 17},{7839, 7},
{3781, 16},{1223, 10},{12653, 1},{7833, 7},{25615, 0},{7672, 10},{8486, 8},{23665, 10},{16341, 17},{19954, 4},
{1132, 7},{4480, 3},{3781, 16},{1133, 7},{7672, 10},{866, 1},{1223, 10},{5689, 17},{3781, 16},{5134, 0},
{25802, 7},{24849, 3},{8485, 8},{19954, 4},{11419, 7},{5225, 1},{7672, 10},{1120, 7},{7672, 10},{3781, 16},
{4241, 3},{1131, 7},{8484, 8},{11419, 7},{10846, 1},{25796, 7},{14408, 17},{19954, 4},{7672, 10},{7835, 7},
{3781, 16},{11424, 7},{22708, 0},{12513, 1},{1223, 10},{1129, 7},{19197, 3},{8491, 8},{19954, 4},{3340, 17},
{10844, 1},{7839, 7},{26328, 17},{3781, 16},{20815, 7},{14644, 3},{11419, 7},{19954, 4},{23665, 10},{7672, 10},
{8490, 8},{3781, 16},{6953, 3},{23665, 10},{19954, 4},{8489, 8},{7672, 10},{18597, 7},{20824, 7},{871, 1},
{13740, 17},{3781, 16},{8488, 8},{25793, 7},{7837, 7},{7672, 10},{3968, 17},{10845, 1},{19954, 4},{1867, 3},
{22286, 8},{25273, 10},{19843, 17},{8691, 7},{23975, 4},{3781, 16},{8689, 7},{4424, 10},{15686, 8},{18786, 15},
{12736, 15},{18786, 15},{4424, 10},{9434, 8},{4424, 10},{18786, 15},{18763, 8},{16044, 15},{18786, 15},{18765, 8},
{4424, 10},{6621, 15},{18764, 8},{4424, 10},{16034, 15},{18786, 15},{4424, 10},{18767, 8},{22843, 15},{18786, 15},
{3170, 15},{2062, 15},{18766, 8},{4424, 10},{18786, 15},{7185, 15},{4424, 10},{6690, 8},{4424, 10},{7185, 15},
{6692, 8},{11504, 15},{18766, 8},{4424, 10},{7185, 15},{18767, 8},{7185, 15},{4424, 10},{4424, 10},{7185, 15},
{18764, 8},{18765, 8},{14814, 15},{4424, 10},{7185, 15},{18762, 8},{4424, 10},{7185, 15},{18763, 8},{7185, 15},
{4640, 15},{4424, 10},{7185, 15},{1019, 15},{9434, 8},{4424, 10},{15686, 8},{7185, 15},{4424, 10},{4424, 10},
{18766, 8},{5092, 15},{14051, 15},{5092, 15},{21246, 15},{4424, 10},{18767, 8},{18764, 8},{5092, 15},{4424, 10},
{15854, 7},{3454, 1},{25273, 10},{26177, 17},{16371, 8},{8556, 7},{3781, 16},{15066, 4},{8557, 7},{22648, 7},
{2653, 7},{15066, 4},{16372, 8},{6599, 17},{25273, 10},{3781, 16},{25273, 10},{15066, 4},{16369, 8},{3781, 16},
{23799, 17},{8564, 7},{8561, 7},{7818, 7},{16370, 8},{22647, 7},{2653, 7},{25273, 10},{15066, 4},{8558, 7},
{9057, 17},{8561, 7},{3781, 16},{8557, 7},{401, 7},{16367, 8},{3781, 16},{25273, 10},{22648, 7},{16103, 17},
{15066, 4},{25273, 10},{15862, 7},{16368, 8},{2658, 7},{3781, 16},{959, 17},{15066, 4},{22652, 7},{25273, 10},
{22650, 7},{23212, 8},{3781, 16},{15066, 4},{15691, 17},{24566, 1},{15854, 7},{3781, 16},{15066, 4},{7826, 7},
{25273, 10},{15862, 7},{15858, 7},{24433, 17},{16366, 8},{7821, 7},{16363, 8},{3781, 16},{7821, 7},{22648, 7},
{15852, 7},{25273, 10},{15066, 4},{11082, 1},{6294, 17},{8557, 7},{3781, 16},{16364, 8},{25273, 10},{15125, 17},
{21230, 7},{15066, 4},{22652, 7},{15855, 7},{4424, 10},{6690, 8},{25946, 15},{18783, 15},{20316, 15},{18783, 15},
{6692, 8},{4424, 10},{1685, 10},{18783, 15},{8776, 15},{18764, 8},{4424, 10},{18765, 8},{22845, 15},{4424, 10},
{18783, 15},{18783, 15},{18766, 8},{4424, 10},{18783, 15},{18767, 8},{4424, 10},{16043, 15},{4424, 10},{18783, 15},
{9434, 8},{4424, 10},{15686, 8},{18783, 15},{18783, 15},{4424, 10},{18762, 8},{4424, 10},{18783, 15},{16040, 15},
{18763, 8},{1685, 10},{9098, 8},{9390, 9},{8204, 2},{25472, 13},{8283, 10},{9953, 12},{25131, 9},{3781, 16},
{21680, 17},{24290, 5},{5431, 9},{284, 3},{8278, 17},{25130, 9},{1192, 9},{3781, 16},{8283, 10},{9389, 9},
{19483, 12},{8204, 2},{12350, 5},{3748, 3},{9097, 8},{2666, 13},{1193, 9},{3466, 12},{1194, 9},{8204, 2},
{18323, 3},{7561, 13},{25135, 9},{3781, 16},{9096, 8},{25134, 9},{24294, 5},{16407, 17},{8283, 10},{3781, 16},
{12385, 17},{22113, 12},{1195, 9},{10592, 3},{870, 13},{8204, 2},{20170, 5},{9095, 8},{25133, 9},{8283, 10},
{19497, 8},{25126, 10},{8968, 13},{20162, 5},{3781, 16},{9093, 8},{20489, 3},{8204, 2},{1198, 9},{14112, 17},
{23050, 12},{8283, 10},{25139, 9},{25138, 9},{2641, 13},{25137, 9},{8283, 10},{10489, 12},{20943, 17},{10401, 5},
{8204, 2},{9092, 8},{2533, 3},{3781, 16},{1203, 9},{25591, 3},{1206, 9},{22674, 12},{9091, 8},{18116, 17},
{8283, 10},{8287, 13},{8204, 2},{2034, 5},{3781, 16},{19613, 9},{25136, 9},{1209, 9},{20209, 9},{19603, 9},
{17115, 17},{1210, 9},{3781, 16},{8204, 2},{19643, 13},{2032, 5},{23431, 12},{9090, 8},{8283, 10},{2573, 3},
{11746, 9},{20208, 9},{14248, 12},{24657, 13},{19604, 9},{3781, 16},{9089, 8},{20215, 9},{8283, 10},{20171, 5},
{8204, 2},{13192, 17},{19601, 9},{465, 3},{4424, 10},{22909, 15},{13017, 8},{4705, 7},{6376, 17},{4711, 7},
{13702, 8},{25273, 10},{3781, 16},{22302, 7},{25314, 4},{25273, 10},{13701, 8},{22307, 7},{8128, 7},{25314, 4},
{22301, 7},{3781, 16},{21554, 17},{25273, 10},{16146, 7},{3781, 16},{25314, 4},{3157, 1},{4705, 7},{13698, 8},
{4706, 7},{22309, 7},{6788, 17},{24387, 7},{25314, 4},{13697, 8},{4370, 1},{16140, 7},{25273, 10},{25504, 17},
{3781, 16},{13696, 8},{22302, 7},{4707, 7},{25314, 4},{5394, 17},{25273, 10},{16147, 7},{16144, 7},{3781, 16},
{25314, 4},{16146, 7},{13695, 8},{24387, 7},{3781, 16},{25273, 10},{8464, 17},{6296, 1},{8131, 7},{6313, 1},
{25891, 17},{24385, 7},{9278, 7},{25273, 10},{25314, 4},{3781, 16},{13694, 8},{24380, 7},{24380, 7},{25314, 4},
{11623, 17},{22309, 7},{16145, 7},{25273, 10},{3781, 16},{24388, 7},{13693, 8},{3781, 16},{25273, 10},{13692, 8},
{4709, 7},{16142, 7},{17979, 17},{22300, 7},{25314, 4},{5537, 17},{3781, 16},{25314, 4},{13691, 8},{8131, 7},
{25273, 10},{24386, 7},{1685, 10},{25314, 4},{24387, 7},{22309, 7},{3781, 16},{4712, 7},{6731, 8},{4705, 7},
{3156, 1},{8018, 17},{25273, 10},{17612, 4},{7540, 7},{14508, 7},{7530, 17},{25273, 10},{6858, 7},{13178, 8},
{3781, 16},{20547, 7},{3781, 16},{22130, 8},{7543, 7},{11159, 17},{8101, 7},{25273, 10},{14512, 7},{17612, 4},
{14104, 17},{3781, 16},{22131, 8},{6854, 7},{17612, 4},{14515, 7},{20554, 7},{25232, 1},{25273, 10},{8100, 7},
{5036, 8},{5176, 7},{6980, 17},{6387, 1},{24752, 4},{23112, 3},{23665, 10},{7672, 10},{3781, 16},{5034, 8},
{23665, 10},{26395, 7},{25673, 7},{24752, 4},{7672, 10},{3781, 16},{309, 3},{6389, 1},{25684, 7},{1656, 17},
{26393, 7},{3781, 16},{5173, 7},{18443, 8},{6385, 1},{1149, 3},{23665, 10},{24752, 4},{7672, 10},{25475, 17},
{18442, 8},{24752, 4},{3781, 16},{5369, 7},{6388, 1},{23424, 3},{25660, 17},{7672, 10},{6925, 0},{1223, 10},
{5050, 8},{26171, 7},{1202, 17},{4118, 1},{24953, 3},{7672, 10},{24752, 4},{3781, 16},{7672, 10},{23668, 17},
{18444, 8},{5369, 7},{18496, 3},{3781, 16},{24752, 4},{6385, 1},{23665, 10},{26394, 7},{18930, 7},{7672, 10},
{10709, 1},{13762, 17},{24752, 4},{3781, 16},{5044, 8},{18130, 3},{15565, 3},{17127, 8},{7672, 10},{24752, 4},
{24885, 7},{96, 17},{23665, 10},{3781, 16},{4120, 1},{12130, 7},{3922, 3},{22382, 17},{18441, 8},{7672, 10},
{3781, 16},{23665, 10},{4117, 1},{24752, 4},{18440, 8},{26393, 7},{3781, 16},{25674, 7},{5369, 7},{7672, 10},
{24752, 4},{4121, 1},{16622, 17},{24075, 3},{23665, 10},{1685, 10},{10332, 17},{9298, 7},{12232, 4},{5005, 7},
{8151, 1},{23665, 10},{16344, 8},{18661, 7},{13908, 3},{3781, 16},{7672, 10},{3275, 7},{12253, 4},{3781, 16},
{3875, 8},{21419, 17},{2764, 7},{25273, 10},{2756, 7},{4424, 10},{15686, 8},{24363, 15},{24363, 15},{7103, 15},
{9434, 8},{4424, 10},{18763, 8},{24363, 15},{4424, 10},{24363, 15},{9702, 15},{18762, 8},{4424, 10},{18765, 8},
{20091, 15},{24363, 15},{4424, 10},{4424, 10},{18764, 8},{24363, 15},{9704, 15},{18767, 8},{24363, 15},{4424, 10},
{4424, 10},{18766, 8},{24363, 15},{18814, 15},{4424, 10},{9434, 8},{9553, 15},{7350, 15},{1685, 10},{13316, 15},
{24363, 15},{6692, 8},{4424, 10},{4424, 10},{9553, 15},{15686, 8},{3211, 15},{11566, 9},{5252, 12},{11567, 9},
{23251, 9},{18188, 5},{4500, 8},{24176, 17},{3781, 16},{11608, 3},{6764, 10},{6515, 13},{23441, 2},{25273, 10},
{3871, 8},{14179, 7},{12253, 4},{16285, 7},{19765, 17},{7242, 7},{3267, 7},{3781, 16},{1685, 10},{18439, 15},
{4424, 10},{15686, 8},{22808, 15},{4424, 10},{9434, 8},{22808, 15},{18763, 8},{4424, 10},{22808, 15},{11680, 15},
{18762, 8},{25167, 15},{4424, 10},{22808, 15},{22808, 15},{4424, 10},{18765, 8},{18764, 8},{4424, 10},{22808, 15},
{22808, 15},{4424, 10},{18767, 8},{22808, 15},{4424, 10},{18766, 8},{25124, 15},{6690, 8},{4424, 10},{19329, 15},
{4424, 10},{22808, 15},{6692, 8},{6690, 8},{4424, 10},{22808, 15},{4424, 10},{13017, 8},{3160, 15},{4424, 10},
{3160, 15},{13018, 8},{10174, 15},{1685, 10},{26314, 3},{21163, 17},{11445, 7},{24279, 7},{9139, 1},{3781, 16},
{22269, 8},{11440, 7},{7672, 10},{13175, 4},{25786, 7},{13175, 4},{14618, 17},{10933, 7},{22270, 8},{3781, 16},
{16408, 3},{3926, 1},{7672, 10},{3458, 7},{3781, 16},{25780, 7},{7672, 10},{25548, 3},{22267, 8},{13175, 4},
{26379, 17},{24279, 7},{3929, 1},{2163, 3},{13175, 4},{15621, 17},{10931, 7},{1727, 8},{7672, 10},{1223, 10},
{17480, 7},{3781, 16},{18791, 1},{18521, 0},{13738, 7},{22273, 8},{18783, 1},{1223, 10},{22170, 0},{3151, 17},
{25786, 7},{13175, 4},{9832, 3},{3781, 16},{7672, 10},{7672, 10},{465, 3},{21925, 17},{13175, 4},{3781, 16},
{25786, 7},{9344, 1},{15807, 7},{1733, 8},{3926, 1},{13175, 4},{7672, 10},{5158, 17},{13931, 3},{3781, 16},
{13707, 7},{21171, 7},{1730, 8},{7672, 10},{13175, 4},{22272, 8},{3460, 7},{11449, 7},{4340, 3},{3781, 16},
{23665, 10},{3929, 1},{17751, 17},{10934, 7},{22275, 8},{13175, 4},{18807, 17},{11445, 7},{16403, 3},{11440, 7},
{1223, 10},{3781, 16},{22795, 0},{7672, 10},{9135, 1},{15807, 7},{25786, 7},{7672, 10},{9047, 3},{16212, 17},
{9339, 1},{1223, 10},{13175, 4},{11446, 7},{3781, 16},{5607, 7},{22798, 0},{22276, 8},{2727, 8},{7157, 7},
{3781, 16},{25273, 10},{23975, 4},{20239, 7},{23603, 17},{25273, 10},{3781, 16},{26192, 17},{19954, 4},{12519, 1},
{1740, 7},{5134, 7},{10745, 8},{1744, 7},{12063, 7},{25273, 10},{5136, 7},{6996, 17},{8070, 7},{3781, 16},
{10744, 8},{19954, 4},{12060, 7},{14242, 17},{5135, 7},{25611, 7},{1738, 7},{3781, 16},{19954, 4},{25273, 10},
{10747, 8},{1739, 7},{12060, 7},{19954, 4},{10746, 8},{3781, 16},{25273, 10},{1742, 7},{14546, 17},{19954, 4},
{25273, 10},{25897, 17},{5132, 7},{3781, 16},{10749, 8},{5138, 7},{19954, 4},{25273, 10},{10748, 8},{8070, 7},
{1743, 7},{8073, 7},{3781, 16},{15277, 17},{3781, 16},{19954, 4},{25612, 7},{10751, 8},{5133, 7},{5131, 7},
{1738, 7},{26094, 17},{25273, 10},{25273, 10},{3781, 16},{19954, 4},{10750, 8},{1895, 17},{1736, 7},{25615, 7},
{8072, 7},{3781, 16},{10845, 1},{25612, 7},{1742, 7},{25273, 10},{10755, 8},{19954, 4},{25966, 17},{25273, 10},
{25605, 7},{10754, 8},{3781, 16},{3332, 17},{1738, 7},{25614, 7},{19954, 4},{13317, 15},{9453, 15},{6690, 8},
{7103, 15},{4424, 10},{9453, 15},{6692, 8},{4424, 10},{19293, 7},{23622, 8},{3125, 17},{3781, 16},{25273, 10},
{5505, 7},{1530, 4},{12481, 7},{19666, 7},{14783, 8},{1530, 4},{21772, 7},{7370, 7},{25273, 10},{17364, 17},
{3781, 16},{21050, 17},{5513, 7},{19666, 7},{25273, 10},{7145, 7},{1530, 4},{11234, 8},{3781, 16},{19292, 7},
{26023, 7},{16732, 17},{1530, 4},{26022, 7},{3781, 16},{19290, 7},{9579, 7},{13147, 1},{11233, 8},{25273, 10},
{5867, 17},{3781, 16},{1530, 4},{5505, 7},{12333, 1},{7357, 7},{11232, 8},{25273, 10},{12479, 7},{3781, 16},
{25221, 7},{1530, 4},{7144, 7},{21303, 17},{12491, 7},{11231, 8},{25273, 10},{5502, 7},{19598, 8},{5513, 7},
{5509, 7},{24308, 17},{1530, 4},{19294, 7},{25273, 10},{3781, 16},{8904, 17},{5506, 7},{25273, 10},{4228, 8},
{3781, 16},{1530, 4},{7148, 7},{1530, 4},{12481, 7},{22288, 17},{7357, 7},{3781, 16},{25273, 10},{19666, 7},
{26016, 7},{11236, 8},{25221, 7},{26023, 7},{25273, 10},{1530, 4},{25222, 7},{11235, 8},{20174, 17},{3781, 16},
{12253, 14},{15362, 10},{4334, 17},{7672, 10},{3781, 16},{14644, 3},{14583, 8},{23665, 10},{1143, 4},{9556, 1},
{2481, 7},{2482, 7},{7672, 10},{3781, 16},{13261, 3},{5693, 7},{1143, 4},{19810, 7},{2483, 7},{14582, 8},
{23665, 10},{2461, 1},{5305, 17},{16135, 3},{7672, 10},{20908, 17},{1223, 10},{26338, 0},{20722, 1},{3781, 16},
{12649, 7},{14585, 8},{1143, 4},{8327, 7},{20717, 1},{1143, 4},{21422, 3},{3781, 16},{7672, 10},{14584, 8},
{20624, 7},{2767, 17},{19353, 3},{3781, 16},{16410, 17},{2487, 7},{1143, 4},{9555, 1},{14587, 8},{7672, 10},
{1143, 4},{14586, 8},{18328, 17},{18676, 7},{20722, 1},{7672, 10},{3781, 16},{2481, 7},{26047, 3},{18677, 7},
{20712, 1},{18824, 17},{14589, 8},{7672, 10},{3781, 16},{15179, 3},{2490, 7},{1143, 4},{18686, 7},{5695, 7},
{3781, 16},{9554, 1},{7672, 10},{1143, 4},{3243, 17},{14588, 8},{593, 3},{14593, 8},{1143, 4},{5696, 7},
{9557, 1},{25423, 7},{3781, 16},{19334, 17},{20799, 3},{7672, 10},{20734, 3},{23665, 10},{12643, 7},{5695, 7},
{1143, 4},{14592, 8},{2639, 17},{7672, 10},{3781, 16},{20718, 1},{24886, 8},{20200, 15},{4424, 10},{67, 15},
{24884, 8},{20200, 15},{4424, 10},{21650, 15},{4424, 10},{13020, 8},{20200, 15},{4424, 10},{13019, 8},{20200, 15},
{1578, 15},{4424, 10},{20200, 15},{13018, 8},{13017, 8},{15606, 15},{4424, 10},{20200, 15},{20200, 15},{2006, 15},
{4424, 10},{13016, 8},{22368, 15},{3233, 15},{13015, 8},{4424, 10},{20200, 15},{2010, 15},{20200, 15},{13014, 8},
{4424, 10},{20200, 15},{13013, 8},{4424, 10},{5517, 15},{11086, 15},{6692, 8},{4424, 10},{11086, 15},{6690, 8},
{4424, 10},{10223, 15},{1959, 7},{7672, 10},{15066, 4},{22647, 0},{23800, 7},{3781, 16},{19645, 3},{16595, 7},
{8482, 8},{24572, 1},{15746, 17},{1223, 10},{15066, 4},{16946, 7},{1964, 7},{7672, 10},{16943, 7},{14013, 17},
{8483, 8},{3455, 1},{3781, 16},{15179, 3},{4424, 10},{18767, 8},{11086, 15},{4424, 10},{7379, 15},{18766, 8},
{11086, 15},{3781, 16},{24571, 1},{7672, 10},{16941, 7},{16943, 7},{17947, 17},{4458, 3},{8484, 8},{15066, 4},
{23795, 7},{22590, 17},{15246, 1},{23665, 10},{8485, 8},{7451, 3},{10888, 7},{3781, 16},{16949, 7},{15066, 4},
{7672, 10},{11086, 15},{18763, 8},{4424, 10},{11086, 15},{18762, 8},{4424, 10},{10888, 7},{15066, 4},{23665, 10},
{685, 17},{3781, 16},{8488, 8},{11082, 1},{4895, 3},{1966, 7},{7672, 10},{8560, 0},{10886, 7},{610, 17},
{15066, 4},{7672, 10},{3781, 16},{7268, 1},{13087, 3},{1223, 10},{8489, 8},{18767, 8},{4424, 10},{25028, 15},
{25028, 15},{4424, 10},{18766, 8},{18765, 8},{25174, 15},{17853, 15},{25028, 15},{4424, 10},{19479, 15},{4424, 10},
{18764, 8},{25028, 15},{17849, 15},{18763, 8},{599, 15},{4424, 10},{25028, 15},{604, 15},{25028, 15},{18762, 8},
{4424, 10},{603, 15},{15686, 8},{25028, 15},{4424, 10},{18436, 15},{25028, 15},{4424, 10},{9434, 8},{18430, 15},
{25028, 15},{16009, 15},{24875, 15},{4424, 10},{13482, 15},{6692, 8},{17854, 15},{6690, 8},{25028, 15},{4424, 10},
{17637, 17},{3874, 8},{14854, 7},{15066, 4},{25273, 10},{20085, 7},{3781, 16},{15362, 10},{23441, 14},{23441, 14},
{15362, 10},{15362, 10},{23441, 14},{23441, 14},{15362, 10},{15362, 10},{23441, 14},{23441, 14},{15362, 10},{23441, 14},
{15362, 10},{23441, 14},{15362, 10},{15362, 10},{23441, 14},{23441, 14},{15362, 10},{15354, 17},{16195, 8},{18787, 1},
{3781, 16},{25273, 10},{25263, 7},{11763, 7},{13175, 4},{22158, 7},{11767, 7},{25273, 10},{22170, 7},{1164, 17},
{22796, 7},{11762, 7},{16196, 8},{13175, 4},{3781, 16},{4424, 10},{7981, 15},{18766, 8},{3781, 16},{11764, 7},
{25273, 10},{18526, 7},{18197, 8},{18946, 17},{13175, 4},{3781, 16},{18198, 8},{13175, 4},{324, 17},{18523, 7},
{22796, 7},{25273, 10},{11769, 7},{3781, 16},{25273, 10},{25268, 7},{13175, 4},{14085, 17},{5766, 8},{18194, 8},
{22170, 7},{17410, 17},{18526, 7},{3781, 16},{25273, 10},{13175, 4},{25263, 7},{25273, 10},{3781, 16},{19806, 7},
{22170, 7},{18211, 8},{22796, 7},{2890, 17},{13175, 4},{185, 17},{3781, 16},{18214, 8},{22800, 7},{25273, 10},
{13175, 4},{22170, 7},{22158, 7},{5811, 8},{20653, 7},{3781, 16},{25273, 10},{18526, 7},{13175, 4},{18588, 17},
{18523, 7},{25273, 10},{25263, 7},{5817, 8},{3781, 16},{25267, 7},{13175, 4},{5091, 17},{11761, 7},{7981, 15},
{18764, 8},{4424, 10},{18766, 8},{9459, 15},{4424, 10},{9459, 15},{4424, 10},{18767, 8},{4424, 10},{9459, 15},
{18764, 8},{9459, 15},{1546, 15},{4424, 10},{18765, 8},{9459, 15},{7100, 15},{4424, 10},{18762, 8},{13318, 15},
{4424, 10},{9459, 15},{18763, 8},{21216, 15},{9434, 8},{4424, 10},{9459, 15},{9459, 15},{14482, 15},{15686, 8},
{4424, 10},{9459, 15},{4424, 10},{6690, 8},{9459, 15},{4424, 10},{6692, 8},{1685, 10},{1685, 10},{14842, 17},
{14506, 7},{3781, 16},{14515, 7},{17612, 4},{18543, 8},{25273, 10},{3781, 16},{12431, 7},{17524, 8},{10576, 4},
{19467, 7},{5459, 7},{10669, 7},{11947, 17},{25273, 10},{25126, 10},{25621, 8},{25273, 10},{19294, 7},{1530, 4},
{26013, 7},{24799, 17},{3781, 16},{10755, 8},{12480, 7},{25273, 10},{19294, 7},{7142, 7},{3781, 16},{1530, 4},
{10754, 8},{10872, 17},{25126, 10},{25623, 8},{5513, 7},{7144, 7},{13613, 17},{3781, 16},{25273, 10},{1530, 4},
{10749, 8},{3781, 16},{5509, 7},{1530, 4},{12480, 7},{10748, 8},{25273, 10},{5505, 7},{12328, 1},{7148, 7},
{19137, 17},{9566, 7},{25273, 10},{20982, 17},{1530, 4},{26012, 7},{3781, 16},{19295, 7},{10751, 8},{5506, 7},
{26018, 7},{3781, 16},{1530, 4},{25273, 10},{10750, 8},{19296, 7},{19939, 17},{25220, 7},{26017, 7},{25273, 10},
{25221, 7},{3781, 16},{12478, 7},{5926, 17},{10745, 8},{1530, 4},{1530, 4},{10744, 8},{7146, 7},{3781, 16},
{5513, 7},{20840, 17},{25273, 10},{19292, 7},{10747, 8},{25222, 7},{7373, 7},{25273, 10},{12052, 17},{5505, 7},
{3781, 16},{1530, 4},{25273, 10},{3781, 16},{10746, 8},{1530, 4},{19293, 7},{26021, 7},{12331, 1},{17528, 17},
{25273, 10},{3781, 16},{8101, 7},{17612, 4},{7188, 1},{18549, 8},{20554, 7},{12390, 17},{9122, 1},{14510, 7},
{1219, 17},{25273, 10},{8101, 7},{17612, 4},{20544, 7},{3781, 16},{7539, 7},{5495, 8},{1685, 10},{7980, 8},
{8286, 7},{10576, 4},{5983, 17},{5457, 7},{10664, 7},{3781, 16},{25273, 10},{7689, 7},{4133, 1},{23464, 7},
{10550, 7},{23230, 8},{17816, 7},{25273, 10},{3781, 16},{3768, 7},{15272, 4},{953, 17},{1685, 10},{25126, 10},
{26312, 8},{8105, 7},{17612, 4},{6856, 7},{8108, 7},{18553, 8},{3781, 16},{861, 7},{10144, 17},{25273, 10},
{7839, 7},{7575, 8},{868, 1},{20819, 7},{1120, 7},{19954, 4},{23665, 10},{15091, 3},{7672, 10},{11463, 17},
{3781, 16},{11424, 7},{7672, 10},{11891, 3},{19954, 4},{1128, 7},{7574, 8},{10846, 1},{71, 17},{3781, 16},
{6587, 8},{25126, 10},{25126, 10},{6588, 8},{14065, 15},{920, 15},{909, 15},{4424, 10},{20193, 15},{13020, 8},
{1685, 10},{7672, 10},{7839, 7},{864, 1},{19954, 4},{17043, 17},{7577, 8},{3430, 3},{1223, 10},{3781, 16},
{8073, 0},{25126, 10},{13833, 8},{7618, 8},{25222, 7},{3781, 16},{25273, 10},{1530, 4},{25220, 7},{12177, 17},
{26023, 7},{25922, 1},{25219, 7},{5505, 7},{7147, 7},{20591, 17},{7617, 8},{25273, 10},{1530, 4},{12478, 7},
{3781, 16},{12615, 17},{5513, 7},{1530, 4},{12481, 7},{26019, 7},{25273, 10},{3781, 16},{7615, 8},{25219, 7},
{1530, 4},{1734, 17},{3781, 16},{12484, 7},{25273, 10},{7614, 8},{19291, 7},{1530, 4},{12480, 7},{7142, 7},
{12626, 7},{26023, 7},{25273, 10},{673, 17},{7613, 8},{12330, 1},{3781, 16},{7612, 8},{19291, 7},{26013, 7},
{1530, 4},{8123, 17},{3781, 16},{25273, 10},{13950, 8},{26013, 7},{21923, 17},{12626, 7},{25273, 10},{1530, 4},
{3781, 16},{12479, 7},{4780, 17},{7610, 8},{12477, 7},{25273, 10},{1530, 4},{12482, 7},{25220, 7},{3781, 16},
{3781, 16},{7357, 7},{7370, 7},{25273, 10},{12626, 7},{5505, 7},{1530, 4},{7609, 8},{405, 17},{7608, 8},
{1530, 4},{8186, 17},{12481, 7},{26012, 7},{3781, 16},{19295, 7},{25273, 10},{19290, 7},{13435, 15},{6692, 8},
{4424, 10},{15601, 15},{13435, 15},{2743, 15},{6690, 8},{4424, 10},{18763, 8},{13435, 15},{4424, 10},{15606, 15},
{8703, 15},{15604, 15},{13435, 15},{21644, 15},{18762, 8},{4424, 10},{13435, 15},{4424, 10},{1576, 15},{15686, 8},
{1575, 15},{9434, 8},{13435, 15},{4424, 10},{4424, 10},{18767, 8},{10925, 15},{13435, 15},{18766, 8},{13435, 15},
{21649, 15},{4424, 10},{18765, 8},{4424, 10},{13435, 15},{14068, 15},{21642, 15},{4424, 10},{14070, 15},{13435, 15},
{18764, 8},{1577, 15},{3781, 16},{18054, 3},{7672, 10},{23665, 10},{17612, 4},{21695, 17},{22577, 8},{6561, 7},
{9128, 1},{5340, 7},{1685, 10},{20653, 7},{25273, 10},{22799, 7},{22800, 7},{10750, 8},{13175, 4},{3781, 16},
{6481, 17},{19806, 7},{25273, 10},{2554, 17},{10751, 8},{3781, 16},{21068, 7},{13175, 4},{11769, 7},{21068, 7},
{11766, 7},{3781, 16},{10748, 8},{6759, 17},{25273, 10},{13175, 4},{22799, 7},{25273, 10},{21844, 17},{3781, 16},
{10749, 8},{25269, 7},{13175, 4},{10746, 8},{17573, 7},{8640, 17},{18526, 7},{13175, 4},{3781, 16},{25273, 10},
{3781, 16},{22672, 17},{11763, 7},{13175, 4},{10747, 8},{22795, 7},{22796, 7},{25273, 10},{22797, 7},{11768, 7},
{22798, 7},{18529, 7},{25273, 10},{17945, 17},{3781, 16},{21068, 7},{13175, 4},{10744, 8},{11760, 7},{10706, 17},
{18523, 7},{11764, 7},{13175, 4},{10745, 8},{25273, 10},{22801, 7},{3781, 16},{11760, 7},{9342, 1},{3781, 16},
{22792, 7},{13175, 4},{10754, 8},{15935, 17},{25273, 10},{22158, 7},{1563, 17},{17573, 7},{25273, 10},{3781, 16},
{13175, 4},{22793, 7},{10755, 8},{12253, 14},{15362, 10},{12253, 14},{15362, 10},{15362, 10},{12253, 14},{12253, 14},
{15362, 10},{15362, 10},{12253, 14},{15362, 10},{12253, 14},{15362, 10},{12253, 14},{12253, 14},{15362, 10},{12253, 14},
{15362, 10},{12253, 14},{15362, 10},{3781, 16},{15378, 17},{17149, 7},{25273, 10},{6725, 8},{17150, 7},{23441, 4},
{4307, 7},{11565, 7},{23441, 4},{17146, 7},{6724, 8},{3781, 16},{10396, 7},{7515, 17},{23984, 7},{25273, 10},
{3781, 16},{25973, 17},{23441, 4},{11118, 7},{4313, 7},{14473, 8},{25273, 10},{25273, 10},{16063, 17},{4309, 7},
{23441, 4},{3781, 16},{6726, 8},{11568, 7},{25273, 10},{23980, 7},{23441, 4},{6721, 8},{5853, 17},{3781, 16},
{11573, 7},{23980, 7},{4310, 7},{6720, 8},{23441, 4},{17145, 7},{3781, 16},{25273, 10},{20143, 17},{4315, 7},
{23986, 7},{25273, 10},{10392, 7},{23441, 4},{11938, 17},{3781, 16},{23980, 7},{6723, 8},{23441, 4},{6722, 8},
{3781, 16},{18020, 17},{4308, 7},{25273, 10},{17145, 7},{17150, 7},{11119, 7},{10400, 7},{23441, 4},{6731, 8},
{3781, 16},{17145, 7},{10394, 7},{25273, 10},{24981, 17},{25273, 10},{10391, 7},{23030, 17},{3781, 16},{11566, 7},
{23441, 4},{6730, 8},{17145, 7},{23986, 7},{18766, 8},{1430, 15},{4424, 10},{25954, 15},{4424, 10},{639, 15},
{18784, 15},{24884, 8},{634, 15},{4424, 10},{13018, 8},{12729, 15},{18784, 15},{6622, 15},{13017, 8},{3169, 15},
{18784, 15},{4424, 10},{4424, 10},{18784, 15},{13020, 8},{13019, 8},{4424, 10},{18784, 15},{13542, 15},{18784, 15},
{2062, 15},{13014, 8},{4424, 10},{4424, 10},{18784, 15},{6622, 15},{8772, 15},{13013, 8},{20319, 15},{13016, 8},
{18784, 15},{4424, 10},{20313, 15},{4424, 10},{13015, 8},{18784, 15},{25948, 15},{13322, 15},{6285, 15},{6690, 8},
{4424, 10},{6692, 8},{6285, 15},{4424, 10},{4424, 10},{6285, 15},{9434, 8},{4424, 10},{6285, 15},{15686, 8},
{9705, 15},{18762, 8},{4424, 10},{6285, 15},{1540, 15},{21218, 15},{4424, 10},{6285, 15},{18763, 8},{6285, 15},
{21225, 15},{18764, 8},{4424, 10},{18765, 8},{4424, 10},{6285, 15},{4424, 10},{6285, 15},{20082, 15},{18766, 8},
{18767, 8},{6285, 15},{4424, 10},{1685, 10},{607, 15},{4424, 10},{25164, 15},{13018, 8},{24173, 15},{14663, 15},
{13017, 8},{4424, 10},{24173, 15},{4424, 10},{21396, 15},{16008, 15},{13020, 8},{24173, 15},{24173, 15},{13019, 8},
{4424, 10},{25167, 15},{13014, 8},{24173, 15},{20273, 15},{20276, 15},{4424, 10},{24173, 15},{4424, 10},{7684, 15},
{13013, 8},{12367, 17},{14420, 7},{7672, 10},{3781, 16},{25124, 1},{10576, 4},{7579, 8},{15014, 3},{23665, 10},
{3154, 15},{18762, 8},{26024, 15},{4424, 10},{3154, 15},{18539, 15},{4424, 10},{18763, 8},{19297, 15},{9434, 8},
{25278, 15},{3154, 15},{4424, 10},{18537, 15},{3154, 15},{26028, 15},{15686, 8},{4424, 10},{4424, 10},{11784, 15},
{3154, 15},{18766, 8},{4424, 10},{18767, 8},{3154, 15},{4424, 10},{10174, 15},{18764, 8},{3154, 15},{4424, 10},
{18765, 8},{3154, 15},{4424, 10},{10952, 15},{6690, 8},{3154, 15},{4424, 10},{3154, 15},{6692, 8},{17626, 15},
{17635, 15},{19300, 15},{1685, 10},{13017, 8},{11084, 15},{4424, 10},{11084, 15},{4424, 10},{13018, 8},{4424, 10},
{23504, 15},{674, 15},{11084, 15},{24376, 15},{13019, 8},{4424, 10},{13020, 8},{11084, 15},{13013, 8},{4424, 10},
{11084, 15},{5517, 15},{13014, 8},{11084, 15},{4424, 10},{1685, 10},{1685, 10},{1685, 10},{18763, 8},{4424, 10},
{4269, 15},{25118, 15},{4424, 10},{25118, 15},{16706, 15},{9434, 8},{4424, 10},{15686, 8},{25118, 15},{1691, 15},
{18766, 8},{25118, 15},{4424, 10},{12533, 15},{25118, 15},{4424, 10},{18767, 8},{18764, 8},{11788, 15},{4424, 10},
{25118, 15},{18765, 8},{22506, 15},{25118, 15},{11066, 15},{4424, 10},{4424, 10},{25118, 15},{6690, 8},{5565, 15},
{6692, 8},{4424, 10},{19328, 15},{25118, 15},{9967, 15},{15686, 8},{22330, 15},{19078, 15},{4424, 10},{13013, 8},
{3152, 15},{4424, 10},{26026, 15},{13014, 8},{4424, 10},{12497, 15},{3152, 15},{1685, 10},{11784, 15},{13015, 8},
{4424, 10},{3152, 15},{25272, 15},{4424, 10},{12334, 15},{11667, 15},{18088, 15},{24886, 8},{4424, 10},{24884, 8},
{18086, 15},{12334, 15},{13014, 8},{12334, 15},{4424, 10},{4424, 10},{13013, 8},{12334, 15},{18087, 15},{12334, 15},
{13016, 8},{4424, 10},{13015, 8},{12334, 15},{4424, 10},{1928, 15},{4424, 10},{13018, 8},{12334, 15},{12334, 15},
{4424, 10},{13017, 8},{12334, 15},{13020, 8},{4424, 10},{4424, 10},{12334, 15},{12456, 15},{13019, 8},{7999, 17},
{10127, 7},{25273, 10},{3781, 16},{16897, 7},{8204, 4},{15470, 8},{25133, 7},{11719, 7},{25273, 10},{23523, 7},
{8204, 4},{13439, 1},{9074, 17},{3781, 16},{15469, 8},{11746, 7},{10130, 7},{10127, 7},{8970, 7},{15468, 8},
{25273, 10},{3781, 16},{8204, 4},{21283, 17},{15467, 8},{8204, 4},{3781, 16},{25273, 10},{20542, 17},{16905, 7},
{25135, 7},{19604, 7},{10125, 7},{15863, 17},{8204, 4},{25273, 10},{3781, 16},{6165, 8},{8204, 4},{1559, 17},
{15465, 8},{23528, 7},{16903, 7},{25273, 10},{25134, 7},{3781, 16},{15464, 8},{8204, 4},{10124, 7},{25273, 10},
{10121, 7},{6779, 17},{3781, 16},{25273, 10},{8970, 7},{11011, 17},{19613, 7},{8204, 4},{16898, 7},{10123, 7},
{3781, 16},{15463, 8},{12359, 17},{25137, 7},{13689, 8},{10126, 7},{25273, 10},{3781, 16},{8204, 4},{25273, 10},
{3781, 16},{15460, 8},{16900, 7},{8204, 4},{18028, 17},{16898, 7},{10121, 7},{23526, 7},{11071, 1},{23441, 4},
{10970, 8},{25273, 10},{17151, 7},{13944, 17},{3781, 16},{11566, 7},{4308, 7},{1815, 8},{17147, 7},{23441, 4},
{3781, 16},{10399, 7},{25273, 10},{9826, 17},{23986, 7},{18189, 17},{3781, 16},{17146, 7},{23981, 7},{25273, 10},
{1818, 8},{23987, 7},{23441, 4},{23979, 7},{17146, 7},{1817, 8},{25273, 10},{18541, 17},{23441, 4},{11117, 7},
{3781, 16},{26225, 1},{17148, 7},{4311, 7},{1812, 8},{12824, 17},{3781, 16},{11119, 7},{25273, 10},{23441, 4},
{10396, 7},{11573, 7},{1811, 8},{25273, 10},{23441, 4},{21168, 17},{3781, 16},{23978, 7},{17151, 7},{23441, 4},
{17154, 7},{25273, 10},{4314, 7},{1814, 8},{25956, 17},{17146, 7},{23979, 7},{3781, 16},{26226, 1},{17151, 7},
{23978, 7},{4308, 7},{3781, 16},{16884, 17},{23441, 4},{11573, 7},{1813, 8},{25273, 10},{23441, 4},{11115, 7},
{11573, 7},{25273, 10},{1809, 8},{23979, 7},{3781, 16},{21374, 17},{1685, 10},{6385, 15},{18765, 8},{4424, 10},
{10589, 15},{18766, 8},{4424, 10},{6385, 15},{6385, 15},{4424, 10},{18767, 8},{9434, 8},{6385, 15},{21393, 15},
{4424, 10},{4424, 10},{6385, 15},{15686, 8},{25175, 15},{3781, 16},{25273, 10},{7166, 17},{16456, 7},{17356, 7},
{15272, 4},{3766, 7},{23228, 8},{10551, 7},{17258, 1},{10854, 7},{23229, 8},{25273, 10},{10857, 7},{15272, 4},
{17354, 7},{3313, 17},{3781, 16},{15343, 17},{23232, 8},{25273, 10},{15272, 4},{3781, 16},{3767, 7},{17351, 7},
{20610, 7},{23462, 7},{17356, 7},{23233, 8},{10862, 17},{25273, 10},{15272, 4},{16455, 7},{3781, 16},{6690, 8},
{4424, 10},{6385, 15},{23463, 7},{8316, 17},{15272, 4},{23231, 8},{3781, 16},{17355, 7},{20616, 7},{25273, 10},
{17355, 7},{15272, 4},{23464, 7},{10549, 7},{20092, 17},{3766, 7},{23236, 8},{3781, 16},{25273, 10},{25273, 10},
{17355, 7},{3775, 7},{15272, 4},{10609, 17},{16456, 7},{23237, 8},{3781, 16},{17265, 1},{17359, 7},{15272, 4},
{7306, 8},{18314, 17},{17357, 7},{17360, 7},{3781, 16},{3774, 7},{25273, 10},{10551, 7},{16449, 7},{23235, 8},
{16456, 7},{15272, 4},{25273, 10},{3770, 7},{20623, 7},{3781, 16},{13086, 17},{25265, 7},{13175, 4},{25273, 10},
{23232, 8},{22792, 7},{3781, 16},{24640, 17},{11766, 7},{20658, 7},{23233, 8},{3781, 16},{3310, 17},{25273, 10},
{13175, 4},{22800, 7},{11768, 7},{11768, 7},{3781, 16},{1045, 17},{23230, 8},{25273, 10},{21069, 7},{13175, 4},
{22798, 7},{13175, 4},{25265, 7},{18524, 7},{7787, 17},{3781, 16},{25273, 10},{23231, 8},{18520, 7},{23236, 8},
{25273, 10},{22798, 7},{21066, 7},{3781, 16},{9275, 17},{13175, 4},{18521, 7},{13175, 4},{3781, 16},{18525, 7},
{23237, 8},{25264, 7},{17553, 17},{25273, 10},{25273, 10},{6443, 17},{7306, 8},{13175, 4},{11766, 7},{3781, 16},
{22801, 7},{17573, 7},{25273, 10},{3781, 16},{21018, 17},{22793, 7},{13175, 4},{11762, 7},{23235, 8},{11766, 7},
{18524, 7},{13175, 4},{23228, 8},{25273, 10},{7183, 17},{25264, 7},{3781, 16},{25266, 7},{23229, 8},{21068, 7},
{13175, 4},{25273, 10},{25264, 7},{16165, 17},{3781, 16},{1685, 10},{1685, 10},{12253, 4},{13643, 8},{23665, 10},
{7672, 10},{20880, 1},{13755, 3},{16916, 7},{3781, 16},{9632, 17},{1685, 10},{1685, 10},{13436, 15},{4424, 10},
{14063, 15},{13019, 8},{13436, 15},{13020, 8},{4424, 10},{21265, 15},{13436, 15},{13017, 8},{4424, 10},{21641, 15},
{13018, 8},{4424, 10},{13436, 15},{13436, 15},{2009, 15},{13013, 8},{4424, 10},{4424, 10},{5482, 15},{18766, 8},
{4107, 15},{18767, 8},{4107, 15},{4424, 10},{18081, 15},{12253, 4},{17895, 17},{20882, 1},{10104, 3},{7672, 10},
{23665, 10},{14586, 8},{3781, 16},{16912, 7},{21603, 7},{10141, 7},{16910, 7},{12253, 4},{20881, 1},{14587, 8},
{7672, 10},{3682, 17},{3781, 16},{21796, 3},{3781, 16},{22331, 1},{1952, 7},{23665, 10},{7672, 10},{12253, 4},
{23380, 17},{904, 3},{14588, 8},{6984, 17},{15902, 1},{14589, 8},{3781, 16},{16914, 7},{7672, 10},{12253, 4},
{13458, 3},{14582, 8},{7672, 10},{22765, 3},{23665, 10},{16910, 7},{3781, 16},{12253, 4},{21922, 17},{20879, 1},
{10134, 7},{14441, 17},{10140, 7},{7672, 10},{14583, 8},{13082, 3},{2629, 1},{18278, 7},{12253, 4},{3781, 16},
{7672, 10},{12253, 4},{23665, 10},{24027, 7},{12081, 17},{22323, 1},{14584, 8},{3781, 16},{9877, 3},{16914, 7},
{12253, 4},{11804, 17},{3781, 16},{1223, 10},{7672, 10},{3072, 7},{1952, 7},{1664, 3},{14585, 8},{15902, 1},
{3077, 7},{16284, 0},{1953, 7},{12253, 4},{3065, 7},{7672, 10},{18090, 7},{14592, 8},{3781, 16},{9415, 1},
{24968, 17},{14888, 3},{10656, 3},{3077, 7},{7672, 10},{14593, 8},{20882, 1},{3743, 17},{12253, 4},{3781, 16},
{7672, 10},{11645, 8},{19989, 3},{8204, 4},{14680, 1},{11899, 17},{2696, 7},{3781, 16},{13390, 17},{14682, 1},
{8204, 4},{22337, 7},{9396, 7},{1610, 3},{2699, 7},{7672, 10},{11644, 8},{3781, 16},{19470, 17},{20208, 7},
{3781, 16},{7672, 10},{25842, 3},{14679, 1},{20214, 7},{16999, 8},{8204, 4},{20199, 1},{7672, 10},{3781, 16},
{8204, 4},{1223, 10},{16857, 8},{21029, 17},{13434, 7},{12257, 3},{1192, 7},{23528, 0},{17118, 8},{7672, 10},
{1223, 10},{5429, 0},{2701, 7},{13435, 1},{24951, 3},{13434, 7},{9397, 7},{8204, 4},{3781, 16},{26285, 17},
{7672, 10},{8204, 4},{13430, 1},{10637, 17},{3781, 16},{9390, 7},{10768, 8},{23665, 10},{9395, 7},{17682, 3},
{20199, 1},{9200, 7},{3427, 17},{16748, 8},{3781, 16},{7672, 10},{18648, 3},{8204, 4},{20210, 7},{9196, 7},
{1223, 10},{16327, 17},{20200, 1},{26189, 3},{15571, 7},{7672, 10},{10128, 0},{20214, 7},{16846, 8},{3781, 16},
{8204, 4},{2696, 7},{9199, 7},{23665, 10},{4977, 17},{16855, 8},{8204, 4},{13433, 1},{3781, 16},{7672, 10},
{8599, 3},{3781, 16},{16853, 8},{2694, 7},{22073, 3},{22342, 7},{21594, 17},{7672, 10},{8204, 4},{14684, 1},
{25126, 10},{22785, 8},{12662, 8},{25126, 10},{12665, 8},{25126, 10},{12664, 8},{25126, 10},{25126, 10},{12659, 8},
{25126, 10},{12658, 8},{22782, 8},{25126, 10},{25126, 10},{12660, 8},{25126, 10},{12655, 8},{12654, 8},{25126, 10},
{7146, 7},{25273, 10},{26022, 7},{4342, 8},{12477, 7},{17019, 17},{19291, 7},{3781, 16},{1530, 4},{7150, 7},
{26020, 7},{1530, 4},{25273, 10},{3781, 16},{18187, 17},{4341, 8},{3781, 16},{10650, 17},{4348, 8},{5513, 7},
{1530, 4},{19295, 7},{25273, 10},{6387, 15},{6692, 8},{4424, 10},{18432, 15},{1685, 10},{13018, 8},{9418, 15},
{4424, 10},{9967, 15},{6690, 8},{18788, 15},{12736, 15},{4424, 10},{6690, 8},{19526, 15},{19283, 15},{20355, 15},
{4424, 10},{680, 15},{20355, 15},{24498, 15},{19526, 15},{16990, 15},{4424, 10},{6692, 8},{18764, 8},{23501, 15},
{24491, 15},{19526, 15},{4424, 10},{9142, 15},{4424, 10},{20317, 15},{13013, 8},{19526, 15},{4424, 10},{18766, 8},
{19526, 15},{3415, 15},{4424, 10},{26009, 15},{18767, 8},{4424, 10},{13018, 8},{9142, 15},{19526, 15},{8920, 15},
{4424, 10},{15686, 8},{18762, 8},{19526, 15},{4424, 10},{23503, 15},{18763, 8},{19526, 15},{4424, 10},{1685, 10},
{1685, 10},{19578, 7},{1143, 4},{6731, 8},{6017, 17},{25273, 10},{3781, 16},{10094, 7},{10100, 7},{10089, 7},
{20201, 15},{24884, 8},{920, 15},{4424, 10},{5843, 7},{26345, 7},{7003, 7},{17753, 17},{25273, 10},{1143, 4},
{3781, 16},{6730, 8},{18764, 8},{4424, 10},{25120, 15},{22506, 15},{18765, 8},{4424, 10},{25120, 15},{25120, 15},
{22502, 15},{5568, 15},{4424, 10},{18766, 8},{12539, 15},{25120, 15},{18767, 8},{1690, 15},{4424, 10},{25120, 15},
{4424, 10},{9434, 8},{4269, 15},{25120, 15},{4424, 10},{15686, 8},{4424, 10},{18762, 8},{25120, 15},{4424, 10},
{16703, 15},{25120, 15},{18763, 8},{4424, 10},{6690, 8},{25120, 15},{4424, 10},{25120, 15},{6692, 8},{4424, 10},
{4046, 15},{5225, 15},{13014, 8},{5225, 15},{13013, 8},{4424, 10},{13018, 8},{5225, 15},{23726, 15},{4424, 10},
{1897, 15},{5225, 15},{4424, 10},{13017, 8},{4424, 10},{5225, 15},{13020, 8},{5225, 15},{13019, 8},{4424, 10},
{13355, 15},{13015, 8},{20201, 15},{4424, 10},{13016, 8},{4424, 10},{20201, 15},{2473, 10},{24246, 8},{2473, 10},
{4012, 8},{2473, 10},{24253, 8},{24254, 8},{2473, 10},{24255, 8},{2473, 10},{24256, 8},{2473, 10},{2473, 10},
{24249, 8},{2473, 10},{24250, 8},{2473, 10},{24251, 8},{2473, 10},{24252, 8},{23529, 7},{25130, 7},{15338, 8},
{3781, 16},{25273, 10},{14093, 17},{13439, 1},{8204, 4},{8204, 4},{8019, 17},{3781, 16},{19606, 7},{5425, 7},
{15337, 8},{10125, 7},{25273, 10},{25273, 10},{13436, 1},{7184, 17},{15336, 8},{3781, 16},{11722, 7},{19601, 7},
{8204, 4},{14684, 1},{16906, 7},{8204, 4},{3781, 16},{18017, 17},{25273, 10},{23519, 7},{5425, 7},{15335, 8},
{3781, 16},{15334, 8},{8204, 4},{25139, 7},{17011, 17},{25136, 7},{25273, 10},{3781, 16},{8204, 4},{15333, 8},
{5189, 17},{25273, 10},{5431, 7},{11746, 7},{15332, 8},{15915, 17},{10129, 7},{25273, 10},{3781, 16},{8204, 4},
{25138, 7},{14684, 1},{25273, 10},{3781, 16},{8204, 4},{11746, 7},{10127, 7},{15331, 8},{26324, 17},{8204, 4},
{25133, 7},{25273, 10},{15330, 8},{13438, 1},{10252, 17},{3781, 16},{5434, 7},{19605, 7},{1060, 17},{19601, 7},
{3781, 16},{19602, 7},{16902, 7},{25273, 10},{8204, 4},{15329, 8},{23984, 7},{15810, 17},{23441, 4},{25273, 10},
{20520, 8},{3781, 16},{11569, 7},{12372, 17},{20623, 7},{3781, 16},{10549, 7},{3775, 7},{9286, 8},{25273, 10},
{15272, 4},{25273, 10},{3781, 16},{17816, 7},{20610, 7},{15272, 4},{3771, 7},{10169, 17},{9287, 8},{9284, 8},
{10840, 7},{25273, 10},{3770, 7},{3781, 16},{1590, 17},{15272, 4},{17355, 7},{25273, 10},{1201, 17},{23459, 7},
{15272, 4},{3781, 16},{9285, 8},{23463, 7},{17256, 1},{25273, 10},{9290, 8},{17359, 7},{15272, 4},{4243, 17},
{3781, 16},{10549, 7},{15272, 4},{3781, 16},{24945, 17},{3767, 7},{17352, 7},{26039, 8},{10857, 7},{25273, 10},
{9288, 8},{15272, 4},{25273, 10},{20623, 7},{3768, 7},{3781, 16},{22464, 17},{23459, 7},{23459, 7},{1556, 17},
{3781, 16},{9289, 8},{25273, 10},{19937, 1},{17358, 7},{15272, 4},{16449, 7},{3781, 16},{10854, 7},{9282, 8},
{15272, 4},{25273, 10},{291, 17},{3781, 16},{23462, 7},{24800, 17},{15272, 4},{9283, 8},{25273, 10},{17358, 7},
{4424, 10},{6389, 15},{9434, 8},{15686, 8},{6389, 15},{4424, 10},{6389, 15},{4424, 10},{18762, 8},{18763, 8},
{4424, 10},{7686, 15},{6389, 15},{4424, 10},{23774, 15},{6389, 15},{18764, 8},{4424, 10},{19484, 15},{18765, 8},
{6389, 15},{18766, 8},{6389, 15},{4098, 15},{4424, 10},{23975, 4},{18444, 8},{12297, 7},{7672, 10},{2, 3},
{8368, 1},{6103, 7},{3781, 16},{9045, 17},{25065, 7},{25273, 10},{3781, 16},{25114, 17},{15861, 7},{15460, 8},
{15066, 4},{2643, 7},{6389, 15},{4424, 10},{603, 15},{6690, 8},{608, 15},{17816, 7},{3775, 7},{25273, 10},
{16840, 8},{4464, 17},{3781, 16},{15272, 4},{3772, 7},{16456, 7},{9055, 8},{10551, 7},{25273, 10},{3766, 7},
{11352, 17},{3781, 16},{15272, 4},{17352, 7},{1685, 10},{6283, 1},{3781, 16},{5041, 3},{7672, 10},{23975, 4},
{18440, 8},{12273, 7},{12278, 7},{23665, 10},{24181, 17},{23464, 7},{9489, 8},{10857, 7},{25273, 10},{3781, 16},
{25982, 17},{1445, 1},{20616, 7},{15272, 4},{1004, 17},{23975, 4},{3781, 16},{17127, 8},{6285, 1},{19112, 7},
{14701, 3},{1223, 10},{7672, 10},{8691, 0},{8565, 7},{3781, 16},{7817, 7},{2658, 7},{14857, 17},{25273, 10},
{15469, 8},{15066, 4},{25273, 10},{17256, 1},{15272, 4},{24194, 17},{9036, 8},{10551, 7},{3781, 16},{23462, 7},
{1685, 10},{2473, 10},{17395, 8},{17394, 8},{2473, 10},{25345, 8},{2473, 10},{17396, 8},{2473, 10},{2473, 10},
{17399, 8},{2473, 10},{17398, 8},{2473, 10},{17401, 8},{17400, 8},{2473, 10},{2473, 10},{17392, 8},{2473, 10},
{17391, 8},{19954, 4},{19115, 17},{25273, 10},{8073, 7},{8079, 7},{17524, 8},{3781, 16},{25340, 17},{25615, 7},
{12065, 7},{11747, 8},{8070, 7},{1741, 7},{25273, 10},{3781, 16},{19954, 4},{1685, 10},{1739, 7},{3781, 16},
{8732, 17},{12060, 7},{19954, 4},{25273, 10},{2357, 8},{3781, 16},{19954, 4},{4447, 17},{25273, 10},{8073, 7},
{25611, 7},{8079, 7},{2345, 8},{5137, 7},{8909, 17},{25273, 10},{10211, 8},{1739, 7},{8073, 7},{19954, 4},
{3781, 16},{7980, 8},{12064, 7},{6738, 17},{19954, 4},{25273, 10},{1736, 7},{3781, 16},{5130, 7},{19954, 4},
{2418, 8},{5134, 7},{20680, 17},{5131, 7},{12065, 7},{25273, 10},{3781, 16},{872, 1},{10281, 8},{25612, 7},
{1745, 7},{19954, 4},{25273, 10},{23218, 17},{3781, 16},{1738, 7},{2448, 8},{3781, 16},{19954, 4},{25609, 7},
{25273, 10},{867, 1},{5132, 7},{10227, 17},{19954, 4},{12059, 7},{9935, 17},{25606, 7},{25273, 10},{3781, 16},
{2435, 8},{9416, 15},{6692, 8},{5283, 15},{4424, 10},{6690, 8},{4424, 10},{9416, 15},{21588, 15},{4424, 10},
{18765, 8},{1412, 15},{9416, 15},{18764, 8},{4424, 10},{9416, 15},{18767, 8},{9416, 15},{4424, 10},{4424, 10},
{18766, 8},{9416, 15},{9416, 15},{16780, 15},{4424, 10},{15686, 8},{9416, 15},{21705, 15},{9434, 8},{4424, 10},
{9416, 15},{18763, 8},{4424, 10},{18762, 8},{9416, 15},{4424, 10},{7090, 15},{16710, 15},{18767, 8},{4424, 10},
{18766, 8},{12533, 15},{4424, 10},{7090, 15},{7090, 15},{18765, 8},{4424, 10},{7090, 15},{18764, 8},{25284, 15},
{4424, 10},{4424, 10},{12535, 15},{13884, 15},{18763, 8},{7090, 15},{5566, 15},{4424, 10},{18762, 8},{23553, 15},
{7090, 15},{3454, 15},{13014, 8},{4424, 10},{15725, 15},{4424, 10},{9133, 15},{13016, 8},{2473, 10},{17391, 8},
{2473, 10},{17392, 8},{23514, 3},{24544, 9},{3781, 16},{12454, 13},{1003, 8},{8495, 17},{24301, 5},{5674, 12},
{6764, 10},{22306, 9},{25314, 2},{17401, 8},{2473, 10},{15496, 13},{22236, 17},{12853, 3},{3781, 16},{18218, 5},
{22308, 9},{24546, 9},{15182, 12},{6764, 10},{4507, 8},{25314, 2},{2473, 10},{17399, 8},{6764, 10},{4495, 3},
{25314, 2},{4501, 8},{22302, 9},{3045, 13},{24542, 9},{26131, 12},{24541, 9},{20305, 17},{3781, 16},{24297, 5},
{1904, 9},{2473, 10},{25345, 8},{2473, 10},{17394, 8},{24538, 9},{4502, 8},{25314, 2},{22455, 12},{24537, 9},
{3781, 16},{2036, 5},{8755, 3},{25314, 6},{5215, 17},{22304, 9},{6764, 10},{24282, 13},{25273, 10},{10833, 17},
{22292, 8},{7008, 7},{3781, 16},{10096, 7},{1143, 4},{19583, 7},{25273, 10},{7013, 7},{9040, 17},{26338, 7},
{26347, 7},{13725, 8},{5846, 7},{3781, 16},{1143, 4},{3781, 16},{3316, 7},{1143, 4},{12197, 17},{10098, 7},
{13724, 8},{26338, 7},{25273, 10},{15411, 17},{5951, 8},{19581, 7},{1143, 4},{3781, 16},{7007, 7},{25273, 10},
{3318, 7},{25273, 10},{3781, 16},{1143, 4},{8451, 17},{13730, 8},{26340, 7},{3318, 7},{5845, 7},{7006, 7},
{13733, 8},{3781, 16},{1143, 4},{3318, 7},{25273, 10},{26345, 7},{22424, 17},{25273, 10},{10096, 7},{3781, 16},
{1143, 4},{12818, 17},{13732, 8},{10095, 7},{7008, 7},{3781, 16},{19582, 7},{13727, 8},{1143, 4},{25273, 10},
{13274, 17},{5843, 7},{3781, 16},{25273, 10},{4519, 17},{10093, 7},{2456, 1},{13726, 8},{1143, 4},{10100, 7},
{2460, 1},{19584, 7},{1143, 4},{2716, 8},{3781, 16},{7013, 7},{25273, 10},{5896, 17},{3319, 7},{12572, 17},
{1143, 4},{25273, 10},{10099, 7},{3317, 7},{13728, 8},{10095, 7},{3781, 16},{16594, 7},{3781, 16},{15066, 4},
{3451, 1},{16598, 7},{6770, 17},{16603, 7},{7582, 8},{5572, 3},{7672, 10},{23665, 10},{7583, 8},{5412, 17},
{10887, 7},{24566, 1},{7672, 10},{3781, 16},{6642, 3},{15066, 4},{3781, 16},{20241, 7},{20239, 7},{7162, 7},
{4444, 17},{25273, 10},{2716, 8},{23975, 4},{13728, 8},{7164, 7},{16258, 7},{23975, 4},{3781, 16},{535, 7},
{8692, 7},{25273, 10},{24557, 17},{8368, 1},{5951, 8},{3781, 16},{23975, 4},{25273, 10},{20242, 7},{25734, 17},
{20233, 7},{3781, 16},{12775, 17},{536, 7},{13730, 8},{7158, 7},{23975, 4},{25273, 10},{542, 7},{16257, 7},
{2228, 17},{3781, 16},{25273, 10},{20240, 7},{20237, 7},{16264, 7},{13733, 8},{23975, 4},{8686, 7},{19782, 17},
{3781, 16},{539, 7},{16255, 7},{25273, 10},{16258, 7},{13732, 8},{23975, 4},{536, 7},{15066, 4},{7672, 10},
{1958, 7},{11088, 3},{15859, 0},{3448, 1},{23796, 7},{23800, 7},{7574, 8},{21436, 17},{1223, 10},{3781, 16},
{23793, 7},{4496, 3},{3447, 1},{11593, 17},{3781, 16},{15066, 4},{7672, 10},{7575, 8},{7572, 8},{15066, 4},
{3781, 16},{16599, 7},{22723, 3},{22837, 7},{24571, 1},{1960, 7},{7672, 10},{16048, 17},{10914, 3},{9837, 17},
{1223, 10},{7672, 10},{7573, 8},{23800, 7},{24568, 1},{3781, 16},{15066, 4},{14868, 0},{15066, 4},{23665, 10},
{7578, 8},{7672, 10},{24569, 1},{11368, 3},{23792, 7},{23068, 17},{3781, 16},{3781, 16},{3455, 1},{7579, 8},
{21230, 0},{10800, 17},{7672, 10},{15066, 4},{1223, 10},{17132, 3},{16946, 7},{1963, 7},{23975, 4},{1879, 17},
{25273, 10},{13725, 8},{3781, 16},{8691, 7},{537, 7},{13724, 8},{25273, 10},{16255, 7},{23975, 4},{3781, 16},
{540, 7},{8686, 7},{14410, 17},{536, 7},{20883, 15},{18767, 8},{4424, 10},{2933, 15},{4424, 10},{20883, 15},
{18766, 8},{21001, 15},{4424, 10},{20883, 15},{18765, 8},{18764, 8},{4424, 10},{20883, 15},{4424, 10},{20883, 15},
{12269, 15},{18763, 8},{4424, 10},{20883, 15},{18762, 8},{8148, 1},{7672, 10},{16211, 3},{12232, 4},{5684, 7},
{13645, 8},{11921, 7},{12286, 17},{3781, 16},{18656, 7},{6300, 0},{3781, 16},{1223, 10},{13647, 8},{18660, 7},
{14746, 3},{9300, 7},{12232, 4},{10119, 17},{20395, 1},{7672, 10},{9303, 7},{3781, 16},{5020, 1},{7369, 0},
{12232, 4},{26370, 8},{20652, 3},{7672, 10},{5686, 7},{1223, 10},{10000, 17},{11920, 7},{18663, 7},{20396, 1},
{8014, 3},{12232, 4},{18661, 7},{7672, 10},{13643, 8},{23665, 10},{3781, 16},{5985, 17},{18664, 7},{7672, 10},
{2299, 3},{1223, 10},{22450, 17},{13632, 8},{12232, 4},{11914, 7},{3781, 16},{7475, 0},{19357, 1},{26363, 8},
{7672, 10},{19357, 1},{23665, 10},{12232, 4},{9304, 7},{18227, 17},{26361, 3},{3781, 16},{19436, 3},{12232, 4},
{7672, 10},{23665, 10},{3781, 16},{21438, 17},{5000, 7},{5684, 7},{26325, 8},{5017, 1},{11922, 7},{8151, 1},
{7672, 10},{12232, 4},{3781, 16},{8911, 17},{18657, 7},{13631, 8},{5033, 3},{15454, 8},{10455, 3},{12232, 4},
{3781, 16},{7672, 10},{5020, 1},{10118, 17},{18658, 7},{7672, 10},{5003, 7},{5002, 7},{12232, 4},{15455, 8},
{25411, 7},{3781, 16},{2197, 3},{5023, 1},{18146, 17},{1685, 10},{12253, 4},{15617, 17},{25273, 10},{16286, 7},
{19848, 7},{3781, 16},{4341, 8},{12253, 4},{25329, 17},{3781, 16},{3273, 7},{14178, 7},{3277, 7},{25273, 10},
{4342, 8},{4349, 8},{22392, 7},{22391, 7},{12253, 4},{14181, 7},{25273, 10},{4522, 17},{3781, 16},{12253, 4},
{3781, 16},{2757, 7},{9447, 17},{3272, 7},{19851, 7},{25273, 10},{4350, 8},{20878, 1},{7241, 7},{25273, 10},
{19851, 7},{2760, 7},{1675, 17},{12253, 4},{7251, 7},{3781, 16},{4351, 8},{25273, 10},{12253, 4},{14179, 7},
{19856, 7},{23021, 17},{4352, 8},{3781, 16},{12253, 4},{3781, 16},{24958, 17},{4345, 8},{25273, 10},{14175, 7},
{7248, 7},{25749, 17},{25273, 10},{3272, 7},{7247, 7},{3781, 16},{12253, 4},{4346, 8},{22396, 7},{12069, 17},
{19851, 7},{4347, 8},{3781, 16},{7251, 7},{12253, 4},{14178, 7},{2755, 7},{25273, 10},{25273, 10},{4348, 8},
{14175, 7},{3781, 16},{12253, 4},{3266, 7},{15316, 17},{19603, 7},{16898, 7},{9687, 17},{3894, 8},{8204, 4},
{23523, 7},{10123, 7},{25273, 10},{3781, 16},{5429, 7},{3781, 16},{19605, 7},{9813, 17},{25273, 10},{8204, 4},
{3893, 8},{10128, 7},{25273, 10},{3781, 16},{16901, 7},{23785, 8},{8204, 4},{12810, 17},{5425, 7},{11517, 17},
{10125, 7},{8204, 4},{3781, 16},{25273, 10},{5434, 7},{23784, 8},{16904, 7},{3781, 16},{8970, 7},{25135, 7},
{10127, 7},{3890, 8},{8204, 4},{25273, 10},{21659, 17},{10130, 7},{3781, 16},{22705, 17},{3889, 8},{25273, 10},
{25133, 7},{5425, 7},{8204, 4},{16898, 7},{26371, 7},{5428, 7},{3892, 8},{8204, 4},{5429, 7},{3781, 16},
{25273, 10},{8226, 7},{11530, 17},{8204, 4},{3891, 8},{25273, 10},{3781, 16},{19604, 7},{9240, 17},{16903, 7},
{25273, 10},{17403, 17},{3781, 16},{10123, 7},{25137, 7},{8204, 4},{19613, 7},{13433, 1},{23747, 8},{19613, 7},
{25131, 7},{25417, 17},{25273, 10},{16906, 7},{3781, 16},{19604, 7},{8204, 4},{23745, 8},{11678, 15},{18767, 8},
{4424, 10},{4118, 15},{6692, 8},{13431, 15},{4424, 10},{4424, 10},{6690, 8},{13431, 15},{18767, 8},{4424, 10},
{22367, 15},{13431, 15},{13431, 15},{14069, 15},{4424, 10},{18766, 8},{4424, 10},{13431, 15},{18765, 8},{915, 15},
{2011, 15},{4142, 15},{13431, 15},{4424, 10},{18764, 8},{4424, 10},{18763, 8},{13431, 15},{4424, 10},{9786, 15},
{13431, 15},{18762, 8},{4424, 10},{15686, 8},{13431, 15},{9434, 8},{4424, 10},{8700, 15},{13431, 15},{1685, 10},
{19492, 8},{25126, 10},{25126, 10},{19493, 8},{25126, 10},{19498, 8},{19499, 8},{25126, 10},{4706, 7},{25314, 4},
{7609, 8},{16141, 7},{22303, 7},{9031, 17},{3781, 16},{25273, 10},{25126, 10},{19501, 8},{8130, 7},{22307, 7},
{14311, 1},{16014, 17},{7615, 8},{25314, 4},{3781, 16},{25273, 10},{24385, 7},{22302, 7},{25314, 4},{8845, 17},
{22307, 7},{25273, 10},{3781, 16},{7614, 8},{1904, 7},{3781, 16},{25314, 4},{4487, 17},{7613, 8},{8127, 7},
{25273, 10},{22301, 7},{3781, 16},{25273, 10},{7612, 8},{8385, 17},{25314, 4},{16143, 7},{24381, 7},{8133, 7},
{9457, 15},{4424, 10},{13013, 8},{9457, 15},{4424, 10},{7216, 15},{13014, 8},{9457, 15},{4424, 10},{13015, 8},
{9457, 15},{4424, 10},{13017, 8},{13018, 8},{9457, 15},{13317, 15},{4424, 10},{21215, 15},{4424, 10},{13019, 8},
{9457, 15},{4424, 10},{13020, 8},{9457, 15},{4632, 15},{25783, 15},{13019, 8},{4424, 10},{14815, 15},{7192, 15},
{20694, 15},{7192, 15},{4424, 10},{4469, 15},{13020, 8},{4638, 15},{1009, 15},{4424, 10},{7192, 15},{14813, 15},
{13017, 8},{7877, 15},{4640, 15},{7192, 15},{4424, 10},{25782, 15},{13018, 8},{11512, 15},{13015, 8},{12960, 15},
{4424, 10},{7192, 15},{4424, 10},{13013, 8},{7192, 15},{25119, 15},{6690, 8},{4424, 10},{11789, 15},{16701, 15},
{4424, 10},{25119, 15},{15686, 8},{25119, 15},{4424, 10},{9434, 8},{25119, 15},{18763, 8},{4424, 10},{4424, 10},
{18762, 8},{25119, 15},{4424, 10},{25119, 15},{18765, 8},{3781, 16},{5848, 7},{26343, 7},{7006, 7},{14130, 17},
{1143, 4},{15336, 8},{7007, 7},{25273, 10},{18767, 8},{25286, 15},{25119, 15},{4424, 10},{4424, 10},{18766, 8},
{25119, 15},{5850, 7},{1143, 4},{7012, 7},{3781, 16},{23486, 17},{25273, 10},{15335, 8},{4424, 10},{13019, 8},
{25233, 15},{4466, 15},{1685, 10},{4424, 10},{16710, 15},{13017, 8},{4135, 15},{7165, 7},{22289, 8},{23975, 4},
{25273, 10},{16256, 7},{3781, 16},{543, 7},{7159, 7},{26116, 17},{13018, 8},{3158, 15},{4424, 10},{25273, 10},
{7161, 7},{23975, 4},{543, 7},{13723, 17},{23075, 8},{538, 7},{537, 7},{3781, 16},{4424, 10},{13017, 8},
{25233, 15},{25273, 10},{5848, 7},{7007, 7},{1143, 4},{9419, 17},{3781, 16},{15331, 8},{1685, 10},{25065, 7},
{7672, 10},{23665, 10},{6106, 7},{3781, 16},{19112, 7},{18210, 8},{11179, 17},{24363, 1},{23627, 3},{23975, 4},
{4370, 15},{18762, 8},{4424, 10},{16258, 0},{1050, 3},{7672, 10},{6287, 1},{24970, 8},{12279, 7},{23975, 4},
{1223, 10},{12281, 7},{376, 17},{3781, 16},{23665, 10},{24969, 8},{19902, 17},{23975, 4},{17697, 3},{7672, 10},
{8366, 1},{3781, 16},{12292, 7},{4424, 10},{4173, 15},{18767, 8},{4370, 15},{23975, 4},{3781, 16},{19121, 7},
{12279, 7},{24975, 8},{19353, 3},{19123, 7},{8366, 1},{21159, 17},{7672, 10},{11269, 17},{7672, 10},{3781, 16},
{23975, 4},{24974, 8},{19121, 7},{12266, 3},{19116, 7},{6283, 1},{23975, 4},{23665, 10},{24973, 8},{19119, 7},
{12411, 3},{12291, 7},{3379, 17},{7672, 10},{3781, 16},{8368, 1},{19112, 7},{25060, 7},{3781, 16},{7672, 10},
{9457, 1},{1223, 10},{23975, 4},{24142, 17},{24978, 8},{14462, 3},{8687, 0},{23975, 4},{3781, 16},{24977, 8},
{7672, 10},{12278, 7},{8689, 0},{7063, 17},{1223, 10},{16403, 3},{6279, 1},{11084, 15},{4424, 10},{18764, 8},
{4424, 10},{18765, 8},{11084, 15},{11084, 15},{4424, 10},{18766, 8},{18767, 8},{11084, 15},{4424, 10},{10221, 15},
{9434, 8},{4424, 10},{11084, 15},{4424, 10},{16751, 15},{11084, 15},{15686, 8},{18762, 8},{11084, 15},{4424, 10},
{3413, 15},{18763, 8},{4424, 10},{20360, 15},{11084, 15},{4424, 10},{11084, 15},{24491, 15},{23851, 15},{6690, 8},
{11084, 15},{3416, 15},{6692, 8},{4424, 10},{2473, 10},{9505, 8},{2473, 10},{9506, 8},{9511, 8},{2473, 10},
{2473, 10},{9512, 8},{9513, 8},{2473, 10},{2473, 10},{9514, 8},{2473, 10},{4830, 8},{9508, 8},{2473, 10},
{9509, 8},{2473, 10},{9510, 8},{2473, 10},{4424, 10},{9434, 8},{4472, 15},{7194, 15},{4424, 10},{15686, 8},
{7194, 15},{18762, 8},{4424, 10},{7194, 15},{7194, 15},{18763, 8},{4424, 10},{25787, 15},{1009, 15},{4424, 10},
{7194, 15},{18764, 8},{18612, 15},{7194, 15},{18765, 8},{1009, 15},{4424, 10},{4424, 10},{18766, 8},{7194, 15},
{7194, 15},{18767, 8},{4424, 10},{4424, 10},{6690, 8},{7194, 15},{7194, 15},{4424, 10},{6692, 8},{12962, 15},
{23975, 14},{15362, 10},{1685, 10},{15362, 10},{23975, 14},{20114, 15},{4424, 10},{16867, 15},{9758, 15},{13017, 8},
{869, 15},{1685, 10},{13017, 8},{4424, 10},{7679, 15},{4124, 15},{13482, 15},{586, 15},{4124, 15},{14664, 15},
{13018, 8},{4424, 10},{4100, 15},{13019, 8},{4424, 10},{4124, 15},{11538, 10},{12633, 11},{13017, 8},{16428, 15},
{4212, 15},{4424, 10},{1685, 10},{1530, 4},{5766, 8},{7145, 7},{25273, 10},{3781, 16},{12480, 7},{24734, 17},
{1530, 4},{12477, 7},{15266, 17},{25273, 10},{19290, 7},{18214, 8},{26013, 7},{3781, 16},{4424, 10},{9434, 8},
{22332, 15},{20398, 15},{18762, 8},{4424, 10},{4424, 10},{18762, 8},{22332, 15},{4221, 15},{4424, 10},{20398, 15},
{9434, 8},{21118, 15},{4424, 10},{20398, 15},{18767, 8},{20398, 15},{4424, 10},{18766, 8},{4424, 10},{22332, 15},
{18766, 8},{1939, 15},{4424, 10},{20398, 15},{7405, 15},{18764, 8},{7410, 15},{22264, 15},{4424, 10},{6692, 8},
{20398, 15},{8840, 15},{10158, 15},{4424, 10},{6690, 8},{20398, 15},{22332, 15},{6690, 8},{4424, 10},{6692, 8},
{4424, 10},{25003, 15},{22332, 15},{3781, 16},{25273, 10},{17612, 4},{6856, 7},{14140, 8},{5077, 17},{6855, 7},
{8106, 7},{25273, 10},{3781, 16},{14510, 7},{6853, 7},{14090, 17},{14141, 8},{17612, 4},{14506, 7},{20548, 7},
{25273, 10},{14142, 8},{7587, 17},{3781, 16},{17612, 4},{17612, 4},{14143, 8},{862, 7},{20545, 7},{1057, 17},
{25273, 10},{8100, 7},{853, 7},{3781, 16},{4521, 17},{7185, 1},{862, 7},{25273, 10},{6851, 7},{17612, 4},
{20543, 7},{3781, 16},{14144, 8},{20550, 7},{6948, 17},{862, 7},{3781, 16},{17612, 4},{5461, 8},{25273, 10},
{9131, 1},{17612, 4},{7543, 7},{14146, 8},{25273, 10},{3781, 16},{6855, 7},{24209, 17},{8106, 7},{14147, 8},
{17612, 4},{14508, 7},{23432, 17},{3781, 16},{20554, 7},{6856, 7},{25273, 10},{8101, 7},{10280, 17},{8104, 7},
{17612, 4},{14151, 8},{25273, 10},{3781, 16},{17612, 4},{19834, 17},{25273, 10},{8107, 7},{859, 7},{14152, 8},
{3781, 16},{15686, 8},{15447, 15},{3083, 15},{1926, 15},{4076, 15},{4424, 10},{15447, 15},{9434, 8},{21389, 15},
{4424, 10},{4424, 10},{5482, 15},{18450, 15},{18763, 8},{21612, 15},{15447, 15},{15447, 15},{4424, 10},{18762, 8},
{4424, 10},{18765, 8},{15447, 15},{21388, 15},{15447, 15},{23766, 15},{4424, 10},{18764, 8},{15447, 15},{18767, 8},
{4424, 10},{21392, 15},{4424, 10},{16922, 15},{15447, 15},{18766, 8},{15447, 15},{4424, 10},{6692, 8},{15447, 15},
{4424, 10},{6690, 8},{17211, 15},{3916, 15},{18763, 8},{4424, 10},{17259, 15},{4424, 10},{3642, 15},{17259, 15},
{18762, 8},{9434, 8},{17259, 15},{4424, 10},{17259, 15},{22945, 15},{18767, 8},{10433, 15},{4424, 10},{22950, 15},
{17259, 15},{4424, 10},{18766, 8},{17259, 15},{18765, 8},{4424, 10},{18764, 8},{17259, 15},{4424, 10},{1753, 8},
{3781, 16},{19954, 4},{7672, 10},{13949, 3},{10844, 1},{11415, 7},{2950, 17},{10576, 4},{2978, 17},{3781, 16},
{19469, 7},{23071, 8},{8286, 7},{25273, 10},{5017, 15},{4217, 15},{4424, 10},{18763, 8},{21394, 15},{4424, 10},
{18766, 8},{11908, 15},{1685, 10},{6690, 8},{4424, 10},{5017, 15},{18585, 15},{21523, 15},{5459, 7},{3781, 16},
{12338, 8},{20597, 7},{25273, 10},{5450, 7},{4857, 17},{10576, 4},{20592, 7},{7693, 7},{25273, 10},{3781, 16},
{9529, 17},{10576, 4},{23075, 8},{3781, 16},{4595, 17},{25273, 10},{12253, 4},{3872, 8},{14177, 7},{22393, 7},
{24752, 4},{5120, 3},{3781, 16},{7672, 10},{4223, 17},{6908, 7},{1223, 10},{8483, 8},{4116, 1},{14257, 0},
{8482, 8},{22810, 1},{2186, 17},{12029, 0},{1223, 10},{7672, 10},{24752, 4},{6908, 7},{18945, 3},{3781, 16},
{2473, 10},{2770, 8},{2473, 10},{2771, 8},{2473, 10},{2772, 8},{2473, 10},{2773, 8},{24752, 4},{7672, 10},
{18930, 7},{5277, 3},{4122, 1},{19437, 17},{8491, 8},{3781, 16},{23665, 10},{5376, 7},{8490, 8},{7672, 10},
{3781, 16},{22803, 1},{18938, 17},{11088, 3},{24752, 4},{23665, 10},{25683, 7},{7672, 10},{22876, 3},{24752, 4},
{18422, 17},{18928, 7},{25676, 7},{25674, 7},{6389, 1},{3781, 16},{18952, 0},{1223, 10},{8489, 8},{13499, 3},
{3781, 16},{7672, 10},{24752, 4},{23665, 10},{18925, 7},{8488, 8},{18929, 7},{6385, 1},{21293, 17},{18933, 7},
{7672, 10},{24752, 4},{3781, 16},{6381, 1},{14553, 3},{15344, 17},{8487, 8},{25680, 7},{7672, 10},{22299, 17},
{24752, 4},{1223, 10},{7014, 7},{8486, 8},{18263, 3},{5170, 7},{10709, 1},{14258, 0},{3781, 16},{19232, 3},
{18932, 7},{6380, 1},{24752, 4},{8427, 17},{8485, 8},{3781, 16},{7672, 10},{7672, 10},{19873, 7},{21086, 17},
{9733, 3},{24752, 4},{4123, 1},{8484, 8},{3781, 16},{26401, 7},{1685, 10},{13019, 8},{4424, 10},{19355, 15},
{13020, 8},{10158, 15},{4424, 10},{8616, 15},{19355, 15},{4424, 10},{19355, 15},{1942, 15},{13017, 8},{19355, 15},
{13018, 8},{4424, 10},{19355, 15},{4424, 10},{13013, 8},{20909, 12},{3864, 10},{17860, 17},{2695, 9},{3781, 16},
{13379, 8},{20162, 5},{16556, 3},{8204, 2},{10129, 9},{2696, 9},{19136, 13},{2028, 5},{3862, 17},{8204, 2},
{12579, 12},{10124, 9},{3864, 10},{21577, 13},{19919, 3},{3781, 16},{2693, 9},{13378, 8},{11169, 12},{2505, 3},
{22340, 9},{3864, 10},{944, 8},{22341, 9},{3781, 16},{3089, 17},{6581, 13},{8204, 2},{10127, 9},{20171, 5},
{10128, 9},{3781, 16},{23295, 12},{2702, 9},{8204, 2},{2701, 9},{16472, 13},{20166, 5},{13376, 8},{10130, 9},
{6912, 3},{3864, 10},{13112, 17},{10125, 9},{2697, 9},{16577, 13},{2036, 5},{3864, 10},{7782, 17},{13375, 8},
{8204, 2},{3781, 16},{12085, 12},{9563, 3},{5424, 9},{3864, 10},{5425, 9},{24294, 5},{5041, 3},{13374, 8},
{11206, 17},{3781, 16},{9789, 12},{9398, 9},{2698, 9},{16346, 13},{8204, 2},{2694, 9},{9832, 13},{24290, 5},
{3781, 16},{4767, 17},{3864, 10},{13373, 8},{12146, 12},{18054, 3},{8204, 2},{10123, 9},{22484, 17},{19483, 3},
{8204, 2},{2699, 9},{24288, 5},{2700, 9},{13372, 8},{3864, 10},{3781, 16},{7293, 13},{10126, 9},{12689, 12},
{12557, 13},{22336, 9},{22337, 9},{13370, 8},{4053, 3},{517, 17},{16901, 9},{3864, 10},{16900, 9},{20167, 5},
{3781, 16},{9718, 12},{8204, 2},{10120, 9},{1848, 3},{1830, 12},{22339, 9},{13369, 8},{22455, 13},{24301, 5},
{8204, 2},{18604, 17},{3864, 10},{22338, 9},{3781, 16},{10121, 9},{24752, 4},{3781, 16},{1364, 7},{14255, 7},
{22289, 8},{8919, 17},{5110, 7},{6924, 7},{25273, 10},{24752, 4},{15800, 7},{3781, 16},{70, 17},{1364, 7},
{25273, 10},{1808, 8},{9460, 15},{4424, 10},{9434, 8},{25273, 10},{12507, 7},{12232, 4},{3781, 16},{19925, 7},
{3819, 17},{12503, 7},{10750, 8},{19929, 7},{19929, 7},{12508, 7},{10751, 8},{11782, 7},{4557, 17},{25273, 10},
{12232, 4},{3781, 16},{3781, 16},{10748, 8},{17620, 7},{12232, 4},{10297, 17},{12508, 7},{25273, 10},{3781, 16},
{7363, 7},{13763, 17},{14302, 7},{18542, 7},{10749, 8},{12232, 4},{25273, 10},{12504, 7},{6310, 7},{3781, 16},
{10746, 8},{19928, 7},{8150, 1},{25273, 10},{12232, 4},{9421, 17},{7365, 7},{8153, 1},{25273, 10},{10747, 8},
{7367, 7},{3781, 16},{19922, 7},{2198, 17},{19927, 7},{12232, 4},{25273, 10},{12232, 4},{14750, 17},{18542, 7},
{3781, 16},{10744, 8},{12506, 7},{7364, 7},{10745, 8},{24126, 17},{11779, 7},{5528, 7},{12232, 4},{25273, 10},
{3781, 16},{1685, 10},{5533, 7},{3781, 16},{12232, 4},{25273, 10},{10754, 8},{19927, 7},{16209, 17},{7367, 7},
{7365, 7},{12503, 7},{10755, 8},{3781, 16},{12505, 7},{19311, 17},{12232, 4},{25273, 10},{18542, 7},{18767, 8},
{11071, 15},{4424, 10},{19285, 15},{23502, 15},{10738, 17},{25273, 10},{10673, 7},{7694, 7},{3781, 16},{13696, 8},
{10576, 4},{5450, 7},{10576, 4},{3781, 16},{19469, 7},{25169, 7},{19626, 8},{14660, 7},{25273, 10},{18730, 17},
{10576, 4},{8286, 7},{12195, 17},{5450, 7},{3781, 16},{25168, 7},{25273, 10},{19627, 8},{10676, 7},{23797, 7},
{1223, 10},{8564, 0},{7507, 3},{24969, 8},{11082, 1},{7672, 10},{16943, 7},{15066, 4},{2094, 17},{16947, 7},
{3781, 16},{24970, 8},{15066, 4},{7278, 1},{20067, 17},{3023, 3},{16597, 7},{1967, 7},{7672, 10},{3781, 16},
{15039, 7},{3781, 16},{12424, 7},{25273, 10},{10576, 4},{11816, 8},{12916, 7},{2364, 17},{7271, 1},{17329, 3},
{22837, 7},{3781, 16},{5520, 17},{16594, 7},{7672, 10},{15066, 4},{24976, 8},{10576, 4},{5664, 17},{19624, 8},
{4134, 1},{3781, 16},{20592, 7},{12868, 7},{25273, 10},{5451, 7},{5459, 7},{5041, 3},{1963, 7},{24974, 8},
{3453, 1},{15066, 4},{7672, 10},{16598, 7},{3781, 16},{12208, 17},{5457, 7},{12428, 7},{13456, 17},{20597, 7},
{3781, 16},{10576, 4},{11869, 8},{25273, 10},{12431, 7},{5450, 7},{10576, 4},{3781, 16},{13462, 8},{20593, 7},
{25273, 10},{25119, 1},{7914, 17},{3781, 16},{10547, 7},{15272, 4},{20561, 7},{22287, 8},{1288, 17},{25273, 10},
{23459, 7},{23463, 7},{23661, 17},{17359, 7},{17358, 7},{3781, 16},{25273, 10},{15272, 4},{1808, 8},{25273, 10},
{3781, 16},{23460, 7},{21658, 17},{22285, 8},{3773, 7},{19894, 7},{15272, 4},{25273, 10},{14366, 17},{16456, 7},
{23461, 7},{3770, 7},{15272, 4},{20588, 7},{3781, 16},{22286, 8},{25273, 10},{3774, 7},{15272, 4},{3781, 16},
{17816, 7},{20561, 7},{21691, 17},{22291, 8},{23458, 7},{22292, 8},{3781, 16},{25273, 10},{3772, 7},{1445, 1},
{4662, 17},{15272, 4},{10854, 7},{22289, 8},{17256, 1},{4211, 17},{16456, 7},{15272, 4},{10549, 7},{25273, 10},
{17816, 7},{3781, 16},{3774, 7},{15272, 4},{25273, 10},{3781, 16},{22290, 8},{17353, 7},{14057, 17},{17256, 1},
{25273, 10},{18071, 17},{1774, 8},{3781, 16},{1449, 1},{17359, 7},{17816, 7},{15272, 4},{17351, 7},{20736, 17},
{25273, 10},{10551, 7},{3781, 16},{3771, 7},{19894, 7},{22278, 8},{15272, 4},{23463, 7},{1685, 10},{1685, 10},
{5452, 7},{25273, 10},{8380, 17},{10754, 8},{10576, 4},{10676, 7},{10664, 7},{3781, 16},{12424, 7},{10576, 4},
{25273, 10},{8730, 17},{3781, 16},{10664, 7},{10755, 8},{17158, 17},{10576, 4},{20593, 7},{4128, 1},{25273, 10},
{10744, 8},{20592, 7},{3781, 16},{10576, 4},{10676, 7},{10745, 8},{3781, 16},{14660, 7},{25273, 10},{5457, 7},
{834, 17},{25172, 7},{25273, 10},{12431, 7},{7691, 7},{3781, 16},{12425, 7},{10673, 7},{17350, 17},{10576, 4},
{10746, 8},{25273, 10},{10747, 8},{25343, 17},{3781, 16},{10576, 4},{10640, 7},{20597, 7},{5451, 7},{10640, 7},
{10576, 4},{15039, 7},{4493, 17},{10660, 7},{25273, 10},{12857, 7},{3781, 16},{10748, 8},{24692, 17},{10749, 8},
{10576, 4},{25273, 10},{25168, 7},{3781, 16},{12429, 7},{20574, 17},{10750, 8},{25273, 10},{4130, 1},{12426, 7},
{10576, 4},{12900, 7},{3781, 16},{19154, 17},{25273, 10},{3781, 16},{20592, 7},{10751, 8},{7689, 7},{10576, 4},
{25273, 10},{3781, 16},{6402, 17},{25139, 7},{5428, 7},{19602, 7},{8204, 4},{14638, 8},{8998, 17},{16906, 7},
{8204, 4},{14637, 8},{3781, 16},{5433, 7},{25273, 10},{8204, 4},{14636, 8},{15339, 17},{5424, 7},{10128, 7},
{23527, 7},{25273, 10},{20195, 1},{3781, 16},{25136, 7},{10126, 7},{14635, 8},{23523, 7},{19613, 7},{3951, 17},
{23528, 7},{8204, 4},{25273, 10},{3781, 16},{8204, 4},{9901, 17},{25273, 10},{14634, 8},{10126, 7},{3781, 16},
{23528, 7},{8970, 7},{5435, 7},{16117, 17},{8204, 4},{23525, 7},{14686, 1},{25273, 10},{5429, 7},{3781, 16},
{14633, 8},{8204, 4},{14632, 8},{8226, 7},{3781, 16},{25273, 10},{23520, 7},{17000, 17},{8204, 4},{3781, 16},
{5431, 7},{23427, 17},{10127, 7},{14631, 8},{19604, 7},{10123, 7},{25273, 10},{16898, 7},{8204, 4},{14630, 8},
{16907, 7},{3345, 17},{25273, 10},{3781, 16},{3781, 16},{25135, 7},{25273, 10},{10126, 7},{14629, 8},{8970, 7},
{8204, 4},{5854, 17},{18529, 7},{11762, 7},{14968, 17},{25273, 10},{22796, 7},{3781, 16},{13175, 4},{18523, 7},
{1774, 8},{11761, 7},{22800, 7},{25269, 7},{25256, 7},{22278, 8},{25273, 10},{13175, 4},{8658, 17},{3781, 16},
{25265, 7},{18783, 1},{11763, 7},{3781, 16},{25273, 10},{22287, 8},{13175, 4},{25690, 17},{13175, 4},{21068, 7},
{3781, 16},{25273, 10},{22801, 7},{17040, 17},{25264, 7},{1808, 8},{17153, 17},{25268, 7},{20660, 7},{13175, 4},
{3781, 16},{11764, 7},{22285, 8},{22797, 7},{25273, 10},{11766, 7},{3781, 16},{18522, 7},{22799, 7},{18851, 17},
{22286, 8},{25273, 10},{21068, 7},{13175, 4},{22799, 7},{25273, 10},{13175, 4},{8900, 17},{3781, 16},{9342, 1},
{22291, 8},{11764, 7},{22801, 7},{9342, 1},{22796, 7},{4658, 17},{13175, 4},{18528, 7},{22292, 8},{25273, 10},
{3781, 16},{18523, 7},{17573, 7},{25273, 10},{22289, 8},{13175, 4},{13343, 17},{3781, 16},{13175, 4},{17573, 7},
{3781, 16},{11766, 7},{2619, 17},{18523, 7},{25273, 10},{22290, 8},{25273, 10},{1808, 8},{1744, 7},{19954, 4},
{1742, 7},{22559, 17},{3781, 16},{8071, 7},{1741, 7},{3781, 16},{19954, 4},{1743, 7},{22287, 8},{25273, 10},
{19982, 17},{19954, 4},{25609, 7},{3781, 16},{7077, 17},{5133, 7},{25273, 10},{22286, 8},{22285, 8},{25654, 17},
{12060, 7},{5129, 7},{3781, 16},{19954, 4},{25273, 10},{1735, 7},{5131, 7},{19954, 4},{25273, 10},{22292, 8},
{5129, 7},{2596, 17},{3781, 16},{3781, 16},{5129, 7},{15848, 17},{25273, 10},{12061, 7},{22291, 8},{25615, 7},
{19954, 4},{5133, 7},{3781, 16},{12065, 7},{4726, 17},{19954, 4},{25273, 10},{12064, 7},{22290, 8},{19954, 4},
{3781, 16},{8075, 7},{25273, 10},{22289, 8},{5135, 7},{12066, 7},{25614, 7},{11069, 17},{3781, 16},{25613, 7},
{25273, 10},{19954, 4},{1740, 7},{22278, 8},{8071, 7},{9046, 17},{1742, 7},{12060, 7},{19954, 4},{5137, 7},
{1774, 8},{3781, 16},{7642, 17},{25273, 10},{12059, 7},{9128, 1},{16550, 7},{6250, 7},{7672, 10},{3781, 16},
{22267, 8},{23665, 10},{17612, 4},{1777, 17},{25548, 3},{1727, 8},{3694, 7},{23627, 3},{3781, 16},{17612, 4},
{9128, 1},{7672, 10},{9892, 17},{16550, 7},{22269, 8},{5340, 7},{9127, 1},{3781, 16},{17612, 4},{7672, 10},
{24657, 3},{10593, 17},{6250, 7},{10148, 3},{7185, 1},{6592, 7},{3781, 16},{16543, 7},{4995, 17},{7672, 10},
{22270, 8},{17612, 4},{6251, 7},{1223, 10},{7672, 10},{1730, 8},{6851, 0},{13156, 7},{21542, 17},{3781, 16},
{16541, 7},{25234, 1},{870, 3},{17612, 4},{14716, 17},{22630, 3},{9123, 1},{3781, 16},{17612, 4},{13161, 7},
{22272, 8},{7672, 10},{23665, 10},{7672, 10},{3781, 16},{22273, 8},{17612, 4},{16546, 7},{25235, 1},{11072, 3},
{26330, 17},{7672, 10},{17612, 4},{5340, 7},{3781, 16},{23665, 10},{10104, 3},{1733, 8},{7194, 1},{8728, 17},
{3690, 7},{7672, 10},{1223, 10},{17612, 4},{6247, 7},{22275, 8},{854, 0},{7191, 1},{9080, 3},{3781, 16},
{22467, 17},{16549, 7},{9130, 1},{7672, 10},{17612, 4},{3781, 16},{5364, 17},{22276, 8},{5338, 7},{9436, 3},
{23665, 10},{4424, 10},{18781, 15},{8776, 15},{13018, 8},{3781, 16},{17016, 17},{1530, 4},{25221, 7},{17524, 8},
{19295, 7},{26022, 7},{25273, 10},{25220, 7},{25273, 10},{12482, 7},{1530, 4},{11975, 17},{26019, 7},{11747, 8},
{26018, 7},{3781, 16},{3950, 17},{25273, 10},{3781, 16},{7357, 7},{5506, 7},{2418, 8},{1530, 4},{26022, 7},
{25273, 10},{7150, 7},{10281, 8},{1530, 4},{26093, 17},{3781, 16},{2448, 8},{5502, 7},{1323, 17},{3781, 16},
{7370, 7},{21772, 7},{1530, 4},{9566, 7},{25273, 10},{26019, 7},{7141, 7},{25273, 10},{11371, 17},{2435, 8},
{3781, 16},{1530, 4},{1685, 10},{1530, 4},{25273, 10},{2345, 8},{25220, 7},{26023, 7},{7149, 7},{3781, 16},
{7143, 7},{24957, 1},{12887, 17},{12478, 7},{1530, 4},{25273, 10},{3549, 17},{3781, 16},{25221, 7},{7143, 7},
{10211, 8},{5513, 7},{1530, 4},{7980, 8},{3781, 16},{7150, 7},{13073, 17},{9566, 7},{25273, 10},{4424, 10},
{18767, 8},{1302, 15},{18766, 8},{4424, 10},{1302, 15},{13542, 15},{2473, 10},{2772, 8},{2773, 8},{2473, 10},
{2770, 8},{2473, 10},{22273, 8},{23975, 4},{10759, 7},{10152, 17},{3781, 16},{25058, 7},{7672, 10},{24363, 1},
{9852, 3},{2776, 8},{2473, 10},{7672, 10},{7115, 17},{19119, 7},{25059, 7},{23975, 4},{9453, 1},{3781, 16},
{1365, 3},{22270, 8},{12633, 11},{11538, 10},{2775, 8},{2473, 10},{15845, 15},{8362, 15},{18765, 8},{4424, 10},
{18764, 8},{8362, 15},{4424, 10},{14858, 15},{15843, 15},{18767, 8},{13318, 15},{4424, 10},{8362, 15},{4424, 10},
{18766, 8},{8362, 15},{8362, 15},{9703, 15},{7220, 15},{4424, 10},{15686, 8},{8362, 15},{9434, 8},{4424, 10},
{18763, 8},{8362, 15},{4424, 10},{20082, 15},{13322, 15},{26020, 7},{25273, 10},{1530, 4},{7144, 7},{26320, 17},
{3781, 16},{13150, 1},{2979, 8},{12484, 7},{7148, 7},{26012, 7},{19296, 7},{16109, 17},{3781, 16},{2982, 8},
{25273, 10},{1530, 4},{12484, 7},{3781, 16},{5506, 7},{25273, 10},{7141, 7},{11285, 17},{19290, 7},{2981, 8},
{1530, 4},{12482, 7},{9579, 7},{25219, 7},{25273, 10},{3781, 16},{1530, 4},{2984, 8},{19405, 17},{2983, 8},
{1530, 4},{26021, 7},{3781, 16},{12491, 7},{25273, 10},{8719, 17},{25273, 10},{7150, 7},{19666, 7},{12483, 7},
{1530, 4},{3781, 16},{2986, 8},{4321, 17},{1685, 10},{4424, 10},{14680, 15},{18765, 8},{8697, 15},{18764, 8},
{14680, 15},{4424, 10},{21648, 15},{4424, 10},{2747, 15},{14680, 15},{18767, 8},{14680, 15},{4424, 10},{2008, 15},
{18766, 8},{4424, 10},{15686, 8},{14680, 15},{4424, 10},{9434, 8},{14680, 15},{8700, 15},{4424, 10},{18763, 8},
{14680, 15},{18762, 8},{14680, 15},{4424, 10},{4424, 10},{15602, 15},{14680, 15},{6692, 8},{14680, 15},{6690, 8},
{4424, 10},{25235, 15},{11510, 15},{25787, 15},{4424, 10},{13017, 8},{13018, 8},{4963, 15},{4424, 10},{25235, 15},
{4424, 10},{13019, 8},{25235, 15},{25779, 15},{25235, 15},{4424, 10},{13020, 8},{25235, 15},{4424, 10},{13013, 8},
{1013, 15},{13014, 8},{20687, 15},{4424, 10},{25235, 15},{13015, 8},{25235, 15},{18614, 15},{4469, 15},{4424, 10},
{25131, 7},{16897, 7},{8204, 4},{25273, 10},{17594, 8},{303, 17},{3781, 16},{3781, 16},{11722, 7},{16904, 7},
{25273, 10},{11323, 17},{17593, 8},{25133, 7},{19601, 7},{8204, 4},{20192, 1},{7516, 17},{19603, 7},{19605, 7},
{11722, 7},{17592, 8},{8204, 4},{25273, 10},{3781, 16},{25273, 10},{5431, 7},{21126, 17},{3781, 16},{8204, 4},
{25131, 7},{11722, 7},{17591, 8},{23585, 17},{10123, 7},{3781, 16},{25132, 7},{25273, 10},{17590, 8},{11746, 7},
{8204, 4},{19603, 7},{8204, 4},{25134, 7},{23523, 7},{17589, 8},{10129, 7},{3781, 16},{25273, 10},{26193, 17},
{25130, 7},{25131, 7},{25135, 7},{22583, 17},{25273, 10},{17588, 8},{25138, 7},{8204, 4},{3781, 16},{17587, 8},
{25622, 17},{25273, 10},{19601, 7},{10130, 7},{3781, 16},{8204, 4},{25273, 10},{10126, 7},{16897, 7},{19613, 7},
{17585, 8},{7601, 17},{3781, 16},{8204, 4},{25130, 7},{25273, 10},{23519, 7},{10121, 7},{17584, 8},{14100, 17},
{16904, 7},{3781, 16},{16906, 7},{8204, 4},{12253, 4},{2721, 8},{14182, 7},{22395, 7},{25273, 10},{14184, 7},
{5241, 17},{3781, 16},{19856, 7},{2722, 8},{6949, 17},{22391, 7},{25273, 10},{12253, 4},{19854, 7},{22393, 7},
{3781, 16},{22394, 7},{14182, 7},{12253, 4},{22397, 7},{21766, 17},{25273, 10},{2627, 1},{3781, 16},{2723, 8},
{3781, 16},{25273, 10},{2724, 8},{19848, 7},{12253, 4},{9112, 17},{22398, 7},{19851, 7},{12253, 4},{2725, 8},
{3781, 16},{25273, 10},{3271, 7},{16950, 17},{12253, 4},{3273, 7},{25273, 10},{2726, 8},{3781, 16},{7251, 7},
{18935, 17},{22387, 7},{3781, 16},{12253, 4},{24749, 17},{25273, 10},{19857, 7},{19855, 7},{2727, 8},{25273, 10},
{2728, 8},{12253, 4},{8918, 17},{3267, 7},{3266, 7},{3781, 16},{19852, 7},{2763, 7},{2733, 8},{14184, 7},
{12253, 4},{3781, 16},{4055, 17},{25273, 10},{2758, 7},{12253, 4},{2757, 7},{3781, 16},{2763, 7},{2734, 8},
{7241, 7},{2758, 7},{21375, 17},{25273, 10},{1685, 10},{25008, 15},{20878, 15},{4424, 10},{6690, 8},{20878, 15},
{18764, 8},{4424, 10},{4424, 10},{20878, 15},{18765, 8},{5284, 15},{18766, 8},{4424, 10},{20878, 15},{18767, 8},
{4424, 10},{20878, 15},{9434, 8},{4424, 10},{20878, 15},{20878, 15},{4424, 10},{15686, 8},{18762, 8},{20878, 15},
{4424, 10},{12265, 15},{16764, 15},{4424, 10},{20878, 15},{18763, 8},{14049, 15},{25273, 10},{22308, 7},{25314, 4},
{15470, 8},{22309, 7},{8127, 7},{3781, 16},{4993, 17},{3781, 16},{25273, 10},{8131, 7},{15469, 8},{25314, 4},
{4369, 1},{16145, 7},{8480, 17},{15468, 8},{4709, 7},{24384, 7},{22458, 17},{25273, 10},{3781, 16},{25314, 4},
{24387, 7},{3781, 16},{22300, 7},{25273, 10},{4705, 7},{25314, 4},{12353, 17},{15467, 8},{25314, 4},{25273, 10},
{14966, 17},{6165, 8},{24387, 7},{3781, 16},{8127, 7},{22303, 7},{25273, 10},{15465, 8},{1904, 7},{25314, 4},
{3781, 16},{23873, 17},{25314, 4},{15464, 8},{23685, 17},{25273, 10},{3781, 16},{8128, 7},{8134, 7},{4713, 7},
{24380, 7},{3781, 16},{2847, 17},{15463, 8},{3159, 1},{25314, 4},{24384, 7},{25273, 10},{4708, 7},{13689, 8},
{7305, 17},{4707, 7},{24380, 7},{3781, 16},{25273, 10},{8127, 7},{25314, 4},{22308, 7},{24388, 7},{25273, 10},
{15460, 8},{24383, 7},{25314, 4},{3781, 16},{8127, 7},{1904, 7},{3610, 17},{3414, 15},{26003, 15},{4424, 10},
{6692, 8},{26003, 15},{16992, 15},{4424, 10},{6690, 8},{4424, 10},{23503, 15},{26003, 15},{18763, 8},{18762, 8},
{677, 15},{4424, 10},{26003, 15},{26003, 15},{15686, 8},{679, 15},{23976, 15},{4424, 10},{22510, 15},{4424, 10},
{13016, 8},{4134, 15},{4424, 10},{18767, 8},{26003, 15},{18766, 8},{26003, 15},{26014, 15},{4424, 10},{26003, 15},
{18765, 8},{4424, 10},{4134, 15},{4424, 10},{9540, 15},{13020, 8},{1685, 10},{5137, 7},{25273, 10},{3781, 16},
{1744, 7},{12513, 1},{5136, 7},{7168, 17},{19954, 4},{178, 8},{5135, 7},{1685, 10},{1685, 10},{10394, 7},
{16366, 8},{3781, 16},{23441, 4},{11570, 7},{25273, 10},{4309, 7},{14029, 17},{1685, 10},{24837, 15},{18767, 8},
{4424, 10},{24837, 15},{4424, 10},{18766, 8},{22811, 15},{4424, 10},{589, 15},{6692, 8},{4424, 10},{22811, 15},
{6690, 8},{4424, 10},{18765, 8},{22811, 15},{17852, 15},{18764, 8},{22811, 15},{4424, 10},{21394, 15},{22811, 15},
{11681, 15},{18767, 8},{4424, 10},{22811, 15},{21397, 15},{4424, 10},{18766, 8},{22811, 15},{15686, 8},{4424, 10},
{9434, 8},{22811, 15},{4424, 10},{20278, 15},{18763, 8},{22811, 15},{4424, 10},{4424, 10},{22811, 15},{18762, 8},
{1685, 10},{25273, 10},{5370, 8},{12060, 7},{12066, 7},{19954, 4},{3781, 16},{949, 17},{22708, 7},{25273, 10},
{8071, 7},{19954, 4},{15672, 17},{25613, 7},{12058, 7},{1743, 7},{3781, 16},{867, 1},{907, 8},{1685, 10},
{913, 8},{8071, 7},{3781, 16},{25610, 7},{19618, 17},{19954, 4},{25273, 10},{25606, 7},{912, 8},{12060, 7},
{25273, 10},{1736, 7},{3205, 17},{3781, 16},{19954, 4},{8080, 7},{19954, 4},{911, 8},{3781, 16},{25273, 10},
{22708, 7},{14027, 17},{8075, 7},{25616, 7},{8076, 7},{25273, 10},{5134, 7},{19954, 4},{3781, 16},{1745, 7},
{910, 8},{1147, 17},{19954, 4},{25609, 7},{4598, 17},{25273, 10},{1738, 7},{1743, 7},{3781, 16},{917, 8},
{5129, 7},{11281, 17},{25614, 7},{22708, 7},{916, 8},{1741, 7},{5134, 7},{19954, 4},{3781, 16},{25273, 10},
{25273, 10},{5129, 7},{25614, 7},{5397, 8},{10712, 17},{3781, 16},{19954, 4},{5131, 7},{19954, 4},{5130, 7},
{12067, 7},{914, 8},{25612, 7},{8717, 17},{3781, 16},{25273, 10},{25314, 14},{15362, 10},{25314, 14},{15362, 10},
{25314, 14},{15362, 10},{15362, 10},{25314, 14},{15362, 10},{25314, 14},{25314, 14},{15362, 10},{15362, 10},{25314, 14},
{25314, 14},{15362, 10},{11172, 15},{4424, 10},{18767, 8},{4424, 10},{4361, 15},{18766, 8},{11172, 15},{3913, 15},
{11172, 15},{11062, 15},{26239, 15},{18765, 8},{4424, 10},{17215, 15},{10015, 15},{18764, 8},{11172, 15},{25215, 15},
{4424, 10},{18762, 8},{11172, 15},{4424, 10},{863, 15},{4424, 10},{16871, 15},{6690, 8},{4424, 10},{15519, 15},
{8151, 15},{10988, 15},{18767, 8},{8151, 15},{18764, 8},{4424, 10},{11411, 8},{2473, 10},{4424, 10},{18762, 8},
{8151, 15},{18763, 8},{4424, 10},{21538, 15},{8151, 15},{9434, 8},{8618, 15},{8151, 15},{4424, 10},{8151, 15},
{4424, 10},{15686, 8},{8151, 15},{4212, 15},{4424, 10},{25301, 15},{6690, 8},{4424, 10},{18767, 8},{863, 15},
{8612, 15},{863, 15},{4424, 10},{9762, 15},{18764, 8},{13351, 15},{863, 15},{18765, 8},{4424, 10},{18762, 8},
{863, 15},{4424, 10},{3011, 15},{20111, 15},{4424, 10},{863, 15},{18763, 8},{863, 15},{9434, 8},{4424, 10},
{8610, 15},{863, 15},{4424, 10},{15686, 8},{1685, 10},{1828, 10},{1666, 8},{7293, 14},{25126, 10},{12654, 8},
{7368, 7},{3781, 16},{1774, 8},{19931, 7},{3022, 17},{12232, 4},{12508, 7},{25273, 10},{7363, 7},{12614, 7},
{12232, 4},{3703, 17},{22278, 8},{3781, 16},{25273, 10},{14303, 7},{5530, 7},{12232, 4},{25273, 10},{22291, 8},
{26378, 17},{12614, 7},{3781, 16},{19925, 7},{19929, 7},{22292, 8},{14805, 17},{5525, 7},{25273, 10},{12232, 4},
{3781, 16},{3781, 16},{12503, 7},{22289, 8},{1460, 17},{25273, 10},{5529, 7},{12232, 4},{5533, 7},{11772, 7},
{2905, 17},{5527, 7},{12614, 7},{3781, 16},{22290, 8},{25273, 10},{12232, 4},{11772, 7},{25273, 10},{22287, 8},
{22248, 17},{12232, 4},{12504, 7},{6293, 7},{3781, 16},{5529, 7},{12504, 7},{3781, 16},{19176, 17},{1808, 8},
{25273, 10},{6300, 7},{12232, 4},{7364, 7},{22285, 8},{25273, 10},{19357, 1},{16168, 17},{11779, 7},{12232, 4},
{3781, 16},{19931, 7},{5524, 7},{12232, 4},{22286, 8},{19930, 7},{3781, 16},{25273, 10},{19949, 17},{10846, 15},
{4424, 10},{15686, 8},{26221, 15},{18764, 8},{4424, 10},{26221, 15},{4424, 10},{18767, 8},{18766, 8},{3414, 15},
{4424, 10},{26221, 15},{4424, 10},{26221, 15},{16989, 15},{15686, 8},{10846, 15},{18764, 8},{3011, 15},{4424, 10},
{26221, 15},{4424, 10},{3417, 15},{18763, 8},{10846, 15},{18766, 8},{1896, 15},{4424, 10},{26221, 15},{4424, 10},
{6692, 8},{16993, 15},{24396, 15},{26221, 15},{4424, 10},{23851, 15},{23856, 15},{6690, 8},{1685, 10},{6692, 8},
{10846, 15},{23727, 15},{4424, 10},{20110, 15},{10846, 15},{6690, 8},{4424, 10},{8613, 15},{1685, 10},{1143, 4},
{13692, 8},{7002, 7},{8422, 17},{2461, 1},{25273, 10},{26341, 7},{3781, 16},{5846, 7},{26338, 7},{3781, 16},
{13691, 8},{25273, 10},{6288, 17},{26343, 7},{1143, 4},{22917, 17},{1143, 4},{7009, 7},{25273, 10},{3781, 16},
{13694, 8},{26345, 7},{3317, 7},{14256, 7},{18549, 8},{3781, 16},{25273, 10},{13119, 17},{24752, 4},{12026, 7},
{1354, 7},{5850, 7},{3781, 16},{19580, 7},{25273, 10},{13696, 8},{23216, 17},{7009, 7},{1143, 4},{20713, 1},
{25273, 10},{26345, 7},{10098, 7},{12009, 17},{1143, 4},{13695, 8},{3781, 16},{2790, 17},{25273, 10},{7006, 7},
{1143, 4},{10098, 7},{7009, 7},{13698, 8},{10099, 7},{3781, 16},{26342, 7},{25273, 10},{1143, 4},{3781, 16},
{14517, 17},{13697, 8},{2462, 1},{7009, 7},{19580, 7},{25273, 10},{24752, 4},{5104, 7},{25392, 17},{3781, 16},
{18553, 8},{18950, 7},{3781, 16},{6928, 7},{25273, 10},{24752, 4},{16393, 17},{14256, 7},{14258, 7},{18552, 8},
{18955, 7},{10095, 7},{26344, 7},{25273, 10},{14388, 17},{3781, 16},{26342, 7},{13702, 8},{1143, 4},{1143, 4},
{5954, 17},{25273, 10},{13701, 8},{3781, 16},{5847, 7},{26343, 7},{11895, 7},{18445, 17},{20883, 1},{12253, 4},
{4232, 7},{7672, 10},{10131, 7},{3781, 16},{12209, 3},{4733, 8},{12253, 4},{4734, 8},{8260, 7},{1949, 7},
{18271, 7},{7672, 10},{22327, 1},{13924, 3},{232, 17},{3781, 16},{4424, 10},{15246, 15},{18767, 8},{16426, 15},
{4424, 10},{15246, 15},{18766, 8},{15246, 15},{717, 15},{4424, 10},{14340, 15},{18765, 8},{2175, 15},{15246, 15},
{4424, 10},{18764, 8},{18763, 8},{15246, 15},{4424, 10},{16432, 15},{18762, 8},{4424, 10},{15246, 15},{15246, 15},
{4424, 10},{15686, 8},{1400, 15},{9434, 8},{15246, 15},{8601, 15},{4424, 10},{15246, 15},{6692, 8},{4424, 10},
{4424, 10},{15246, 15},{6690, 8},{16049, 3},{22067, 17},{16912, 7},{22332, 1},{2300, 8},{12253, 4},{7672, 10},
{3781, 16},{4424, 10},{18785, 15},{9434, 8},{4424, 10},{15686, 8},{18785, 15},{1685, 10},{5453, 7},{14203, 17},
{7691, 7},{3781, 16},{10576, 4},{3396, 8},{25273, 10},{20597, 7},{12426, 7},{14662, 7},{25273, 10},{5460, 7},
{10576, 4},{12435, 7},{3781, 16},{3397, 8},{6401, 17},{3781, 16},{10576, 4},{19229, 1},{3398, 8},{25273, 10},
{25168, 7},{23621, 17},{14660, 7},{3781, 16},{14660, 7},{25273, 10},{25121, 1},{25169, 7},{3399, 8},{10576, 4},
{9997, 17},{5148, 17},{25273, 10},{3781, 16},{14515, 7},{17612, 4},{1815, 8},{20550, 7},{12916, 7},{10679, 7},
{5450, 7},{10576, 4},{24430, 17},{25273, 10},{3781, 16},{3401, 8},{14508, 7},{858, 7},{25273, 10},{854, 7},
{17612, 4},{6612, 17},{1817, 8},{3781, 16},{7543, 7},{1818, 8},{3781, 16},{14510, 7},{9938, 17},{17612, 4},
{25273, 10},{6854, 7},{3781, 16},{17612, 4},{14509, 7},{25273, 10},{1809, 8},{8102, 7},{5803, 17},{12429, 7},
{10576, 4},{20972, 8},{25273, 10},{1674, 17},{5459, 7},{3781, 16},{7694, 7},{10669, 7},{13020, 8},{10846, 15},
{4424, 10},{3010, 15},{4424, 10},{13019, 8},{10846, 15},{4424, 10},{23723, 15},{13018, 8},{10846, 15},{16870, 15},
{13017, 8},{4424, 10},{10846, 15},{4424, 10},{13016, 8},{10846, 15},{4047, 15},{24502, 15},{10846, 15},{4424, 10},
{13015, 8},{13014, 8},{4424, 10},{10846, 15},{4424, 10},{10846, 15},{13013, 8},{24886, 8},{10846, 15},{4424, 10},
{4424, 10},{10846, 15},{24884, 8},{2341, 17},{17612, 4},{8101, 7},{7185, 1},{14512, 7},{25273, 10},{3781, 16},
{2733, 8},{852, 7},{3781, 16},{8104, 7},{15068, 17},{6857, 7},{25273, 10},{17612, 4},{2734, 8},{20554, 7},
{20263, 17},{2725, 8},{3781, 16},{7542, 7},{25273, 10},{17612, 4},{14508, 7},{20545, 7},{8103, 7},{2726, 8},
{8108, 7},{25273, 10},{11020, 17},{3781, 16},{17612, 4},{6856, 7},{20549, 7},{2727, 8},{25273, 10},{14506, 7},
{9129, 1},{3781, 16},{862, 7},{1022, 17},{17612, 4},{2728, 8},{853, 7},{3041, 17},{8108, 7},{3781, 16},
{17612, 4},{25273, 10},{859, 7},{852, 7},{2721, 8},{3781, 16},{862, 7},{20553, 7},{17612, 4},{3688, 17},
{25273, 10},{854, 7},{852, 7},{16530, 17},{3781, 16},{17612, 4},{14508, 7},{2722, 8},{25273, 10},{8104, 7},
{25273, 10},{3781, 16},{8105, 7},{2723, 8},{855, 7},{18947, 17},{17612, 4},{2724, 8},{853, 7},{25273, 10},
{17612, 4},{10032, 17},{3781, 16},{14507, 7},{14511, 7},{20549, 7},{13017, 8},{3448, 15},{4424, 10},{1685, 10},
{1685, 10},{1685, 10},{5694, 7},{2464, 1},{1143, 4},{15455, 8},{20628, 3},{23665, 10},{13033, 7},{7672, 10},
{222, 17},{3781, 16},{12645, 7},{22948, 17},{12651, 7},{2483, 7},{15454, 8},{19810, 7},{7672, 10},{2456, 1},
{3781, 16},{1143, 4},{1888, 3},{15362, 10},{15066, 14},{15362, 10},{15066, 14},{1685, 10},{15066, 14},{15362, 10},
{15362, 10},{15066, 14},{15066, 14},{15362, 10},{15066, 14},{15362, 10},{15362, 10},{15066, 14},{15362, 10},{15066, 14},
{15362, 10},{15066, 14},{15066, 14},{15362, 10},{3781, 16},{20715, 1},{25542, 3},{24000, 17},{1143, 4},{12649, 7},
{2484, 7},{7672, 10},{23665, 10},{26363, 8},{4424, 10},{6692, 8},{1197, 15},{1685, 10},{1685, 10},{2116, 15},
{4424, 10},{6692, 8},{9560, 15},{6690, 8},{4424, 10},{9560, 15},{15686, 8},{4424, 10},{9560, 15},{22476, 15},
{4424, 10},{9434, 8},{9560, 15},{4424, 10},{18763, 8},{9560, 15},{4424, 10},{9560, 15},{18762, 8},{9560, 15},
{20372, 15},{18765, 8},{20366, 15},{4424, 10},{18764, 8},{8828, 15},{9560, 15},{4424, 10},{4424, 10},{9560, 15},
{18767, 8},{18819, 15},{3211, 15},{9560, 15},{4424, 10},{18766, 8},{7358, 15},{11774, 7},{12232, 4},{14635, 8},
{25273, 10},{26086, 17},{5527, 7},{5528, 7},{3781, 16},{14636, 8},{3781, 16},{25273, 10},{21598, 17},{12507, 7},
{12232, 4},{7362, 7},{5531, 7},{3781, 16},{5530, 7},{12500, 7},{12232, 4},{5019, 1},{25273, 10},{14633, 8},
{14437, 17},{12505, 7},{14634, 8},{12232, 4},{25273, 10},{11777, 7},{12507, 7},{19927, 7},{3781, 16},{13700, 17},
{7362, 7},{4847, 17},{6310, 7},{19922, 7},{14631, 8},{3781, 16},{12232, 4},{25273, 10},{19927, 7},{14307, 7},
{25273, 10},{5018, 1},{12232, 4},{3781, 16},{14632, 8},{10879, 17},{7475, 7},{11782, 7},{25273, 10},{12232, 4},
{11779, 7},{22213, 17},{14629, 8},{11774, 7},{3781, 16},{8468, 17},{14630, 8},{12232, 4},{7362, 7},{17620, 7},
{3781, 16},{7364, 7},{25273, 10},{25273, 10},{8424, 17},{19930, 7},{7369, 7},{12503, 7},{5017, 1},{3781, 16},
{14637, 8},{12232, 4},{25273, 10},{14638, 8},{2663, 17},{3781, 16},{5525, 7},{12232, 4},{5527, 7},{12507, 7},
{14303, 7},{16251, 3},{2642, 9},{23797, 9},{15066, 2},{6473, 17},{16135, 12},{17229, 13},{8565, 9},{23796, 9},
{3781, 16},{3864, 10},{20162, 5},{13373, 8},{13017, 8},{4424, 10},{20399, 15},{4424, 10},{15686, 8},{4132, 15},
{25273, 10},{17726, 8},{18542, 7},{3781, 16},{19925, 7},{12232, 4},{5527, 7},{11328, 17},{7362, 7},{1685, 10},
{13020, 8},{4424, 10},{22323, 15},{13019, 8},{4424, 10},{22323, 15},{22323, 15},{18349, 15},{25009, 15},{5278, 15},
{13018, 8},{4424, 10},{21244, 15},{22323, 15},{13017, 8},{4424, 10},{13014, 8},{22323, 15},{4424, 10},{22323, 15},
{4424, 10},{13013, 8},{1685, 10},{4132, 15},{4424, 10},{18767, 8},{18762, 8},{4112, 15},{8259, 15},{24023, 15},
{4424, 10},{18767, 8},{4424, 10},{7244, 15},{4112, 15},{18766, 8},{4112, 15},{4424, 10},{18765, 8},{4424, 10},
{4112, 15},{4424, 10},{18764, 8},{4112, 15},{7293, 14},{1828, 10},{1662, 8},{18764, 8},{19333, 15},{4424, 10},
{4132, 15},{9548, 15},{4132, 15},{22500, 15},{18765, 8},{12533, 15},{4424, 10},{7615, 8},{5104, 7},{3781, 16},
{24752, 4},{25273, 10},{6922, 7},{13912, 17},{12254, 17},{7614, 8},{1354, 7},{25273, 10},{24752, 4},{18954, 7},
{5105, 7},{14256, 7},{3781, 16},{6381, 1},{6928, 7},{8048, 7},{12899, 17},{6930, 7},{24752, 4},{1354, 7},
{7613, 8},{3781, 16},{25273, 10},{18953, 7},{8047, 7},{7612, 8},{5105, 7},{13209, 17},{24752, 4},{3781, 16},
{18956, 7},{25273, 10},{25273, 10},{13950, 8},{14252, 7},{6931, 7},{6922, 7},{3781, 16},{6921, 7},{24752, 4},
{8803, 17},{3781, 16},{20390, 17},{7610, 8},{5104, 7},{24752, 4},{5101, 7},{25273, 10},{24752, 4},{12023, 7},
{6924, 7},{17103, 17},{25273, 10},{3781, 16},{7609, 8},{24752, 4},{12031, 7},{3781, 16},{25028, 1},{7608, 8},
{25273, 10},{16928, 17},{5104, 7},{10709, 1},{7618, 8},{8048, 7},{13520, 17},{1363, 7},{12031, 7},{3781, 16},
{12023, 7},{25273, 10},{24752, 4},{6523, 17},{25273, 10},{5106, 7},{12027, 7},{5104, 7},{7617, 8},{24752, 4},
{3781, 16},{3781, 16},{14631, 8},{11762, 7},{26433, 17},{25273, 10},{18522, 7},{13175, 4},{22793, 7},{3929, 1},
{25273, 10},{13175, 4},{14632, 8},{25269, 7},{18523, 7},{3781, 16},{9577, 17},{13175, 4},{25273, 10},{14629, 8},
{17119, 17},{3781, 16},{20653, 7},{22792, 7},{14630, 8},{25828, 17},{13175, 4},{3781, 16},{22798, 7},{25273, 10},
{18528, 7},{3932, 1},{18521, 7},{25265, 7},{13175, 4},{423, 17},{25269, 7},{3781, 16},{25273, 10},{14635, 8},
{25267, 7},{14636, 8},{3781, 16},{18526, 7},{25273, 10},{13175, 4},{21068, 7},{19559, 17},{3781, 16},{13175, 4},
{24477, 17},{22170, 7},{25273, 10},{11768, 7},{14633, 8},{25273, 10},{3781, 16},{9448, 17},{25267, 7},{25256, 7},
{14634, 8},{13175, 4},{25266, 7},{22796, 7},{14637, 8},{16244, 17},{18784, 1},{3781, 16},{18523, 7},{18520, 7},
{13175, 4},{25273, 10},{8154, 15},{4424, 10},{18766, 8},{4424, 10},{18765, 8},{8154, 15},{22261, 15},{18764, 8},
{4424, 10},{8154, 15},{18763, 8},{4424, 10},{4216, 15},{8154, 15},{8859, 15},{4424, 10},{18762, 8},{8154, 15},
{5578, 15},{4424, 10},{8154, 15},{15686, 8},{4424, 10},{9434, 8},{14357, 15},{8154, 15},{1685, 10},{19603, 7},
{3781, 16},{25273, 10},{8204, 4},{22011, 8},{10121, 7},{20201, 1},{15473, 17},{8286, 7},{10669, 7},{12916, 7},
{11747, 8},{10576, 4},{1827, 17},{3781, 16},{25168, 7},{25273, 10},{6927, 7},{3781, 16},{5104, 7},{20058, 17},
{24752, 4},{14636, 8},{25273, 10},{18959, 7},{10630, 17},{25273, 10},{24752, 4},{3781, 16},{14635, 8},{1363, 7},
{8227, 7},{3781, 16},{16053, 7},{24752, 4},{14634, 8},{25273, 10},{12024, 7},{5105, 7},{19539, 17},{25273, 10},
{23441, 4},{14142, 8},{10399, 7},{3781, 16},{7631, 17},{11569, 7},{25273, 10},{14632, 8},{18950, 7},{19730, 17},
{24752, 4},{18949, 7},{14251, 7},{3781, 16},{1363, 7},{5106, 7},{14631, 8},{16110, 17},{25273, 10},{3781, 16},
{18959, 7},{24752, 4},{18960, 7},{6928, 7},{3781, 16},{11119, 7},{23441, 4},{14147, 8},{10395, 7},{25273, 10},
{12808, 17},{24752, 4},{14629, 8},{12027, 7},{12267, 17},{15800, 7},{3781, 16},{25273, 10},{18951, 7},{1685, 10},
{22654, 17},{3781, 16},{25273, 10},{15331, 8},{21068, 7},{25268, 7},{13175, 4},{11767, 7},{16511, 8},{25126, 10},
{25273, 10},{19292, 7},{7146, 7},{9662, 17},{3781, 16},{5505, 7},{10729, 8},{1530, 4},{2640, 7},{25273, 10},
{401, 7},{22653, 7},{3781, 16},{23231, 8},{21000, 17},{15066, 4},{15580, 15},{13017, 8},{4424, 10},{9451, 15},
{19813, 8},{25273, 10},{23441, 4},{3781, 16},{23986, 7},{4316, 17},{4310, 7},{4307, 7},{25273, 10},{3668, 17},
{23441, 4},{17710, 8},{23981, 7},{17147, 7},{3781, 16},{11571, 7},{8677, 17},{17154, 7},{4311, 7},{11573, 7},
{25273, 10},{23441, 4},{1375, 8},{3781, 16},{23441, 4},{3781, 16},{25273, 10},{23982, 7},{11115, 7},{10399, 7},
{24748, 17},{1059, 8},{17150, 7},{11572, 7},{25273, 10},{3781, 16},{23441, 4},{4812, 17},{19756, 8},{3781, 16},
{17301, 8},{10392, 7},{11118, 7},{23987, 7},{19529, 1},{25835, 17},{25273, 10},{23441, 4},{11120, 7},{10393, 7},
{25273, 10},{3781, 16},{23889, 17},{23441, 4},{19680, 8},{4315, 7},{11565, 7},{25273, 10},{3781, 16},{17151, 7},
{3343, 17},{17147, 7},{23441, 4},{26438, 8},{25273, 10},{11573, 7},{23870, 17},{3781, 16},{23441, 4},{17151, 7},
{17155, 7},{11568, 7},{26441, 8},{3781, 16},{26440, 8},{10395, 7},{11573, 7},{21539, 17},{25273, 10},{23441, 4},
{12153, 17},{23528, 9},{25190, 3},{3781, 16},{9198, 9},{8204, 2},{9199, 9},{6764, 10},{10412, 13},{4155, 12},
{1000, 8},{20171, 5},{1685, 10},{1685, 10},{19289, 15},{4424, 10},{6690, 8},{23947, 15},{25273, 10},{22809, 1},
{19598, 8},{3781, 16},{24752, 4},{22597, 17},{1354, 7},{5108, 7},{3781, 16},{1358, 7},{25273, 10},{5105, 7},
{15550, 17},{4228, 8},{24752, 4},{6922, 7},{5110, 7},{5105, 7},{11236, 8},{3781, 16},{3177, 17},{18949, 7},
{1359, 7},{25273, 10},{24752, 4},{24752, 4},{12024, 7},{5104, 7},{14252, 7},{5102, 7},{5043, 17},{11235, 8},
{25273, 10},{3781, 16},{21188, 17},{24752, 4},{3781, 16},{6925, 7},{11234, 8},{12031, 7},{25273, 10},{25273, 10},
{6848, 17},{18953, 7},{24752, 4},{3781, 16},{11233, 8},{12025, 7},{14252, 7},{24752, 4},{8047, 7},{3781, 16},
{25273, 10},{1354, 7},{11232, 8},{17193, 17},{1359, 7},{14250, 7},{25273, 10},{3781, 16},{11231, 8},{14255, 7},
{24752, 4},{14232, 17},{22810, 1},{23622, 8},{24752, 4},{25273, 10},{12023, 7},{17580, 17},{8047, 7},{3781, 16},
{18956, 7},{8227, 7},{3781, 16},{12024, 7},{24752, 4},{23456, 17},{14783, 8},{25273, 10},{26222, 15},{4424, 10},
{13017, 8},{13018, 8},{16995, 15},{4424, 10},{26222, 15},{13019, 8},{4424, 10},{26222, 15},{25130, 7},{23881, 17},
{24472, 8},{8226, 7},{8204, 4},{25273, 10},{5425, 7},{3781, 16},{7144, 7},{7370, 7},{9285, 8},{3781, 16},
{1530, 4},{25273, 10},{24838, 17},{3781, 16},{14744, 8},{16823, 17},{11722, 7},{25273, 10},{16898, 7},{8204, 4},
{5433, 7},{1530, 2},{3781, 16},{19291, 9},{20168, 5},{14126, 13},{25941, 3},{9096, 8},{8283, 10},{14083, 9},
{14074, 9},{19292, 9},{16403, 12},{14617, 17},{1530, 2},{14705, 17},{20167, 5},{14073, 9},{9095, 8},{18689, 3},
{8283, 10},{15186, 13},{7035, 12},{3781, 16},{19290, 9},{18215, 12},{131, 13},{3781, 16},{10401, 5},{1530, 2},
{11905, 17},{9094, 8},{9579, 9},{14076, 9},{18945, 3},{8283, 10},{26012, 9},{1530, 2},{26013, 9},{14075, 9},
{9093, 8},{15860, 12},{3781, 16},{69, 3},{8283, 10},{10167, 13},{24303, 5},{7342, 17},{14078, 9},{1530, 2},
{26018, 9},{25367, 17},{3781, 16},{8283, 10},{26090, 5},{9092, 8},{14077, 9},{14080, 9},{17124, 12},{248, 3},
{14888, 13},{26019, 9},{20163, 5},{1868, 3},{1530, 2},{9091, 8},{3781, 16},{14079, 9},{26016, 9},{8283, 10},
{18898, 17},{18862, 12},{6875, 13},{4860, 13},{15382, 9},{1530, 2},{20837, 17},{26022, 9},{26017, 9},{20166, 5},
{9090, 8},{25817, 3},{12404, 12},{3781, 16},{8283, 10},{8819, 3},{9089, 8},{3781, 16},{24141, 12},{8283, 10},
{1530, 2},{18188, 5},{15761, 9},{7451, 13},{26023, 9},{4814, 17},{3781, 16},{8283, 10},{19295, 9},{24297, 5},
{4520, 13},{19296, 9},{3466, 12},{20159, 9},{1530, 2},{20158, 9},{9098, 8},{22564, 17},{20734, 3},{19294, 9},
{14084, 9},{3781, 16},{8283, 10},{9097, 8},{17650, 13},{7428, 12},{17229, 3},{18347, 17},{26090, 5},{1530, 2},
{19293, 9},{4424, 10},{13014, 8},{22331, 15},{13013, 8},{14049, 15},{11302, 15},{4424, 10},{22331, 15},{11303, 15},
{13016, 8},{20193, 15},{4424, 10},{25126, 10},{6590, 8},{7672, 10},{3781, 16},{23051, 17},{19954, 4},{868, 1},
{7573, 8},{25614, 0},{1223, 10},{1126, 7},{9268, 3},{20820, 7},{25800, 7},{25800, 7},{12520, 1},{7672, 10},
{19954, 4},{1126, 7},{3781, 16},{8810, 17},{13755, 3},{7572, 8},{7830, 7},{6593, 8},{25126, 10},{7672, 10},
{23665, 10},{12657, 1},{3024, 3},{18906, 17},{19954, 4},{7578, 8},{3781, 16},{7831, 7},{918, 15},{20193, 15},
{13018, 8},{4424, 10},{3781, 16},{20818, 7},{8096, 3},{12512, 1},{7576, 8},{25793, 7},{23665, 10},{19954, 4},
{23946, 17},{11422, 7},{7672, 10},{7583, 8},{19954, 4},{25793, 7},{25803, 7},{1120, 7},{864, 1},{14320, 17},
{7672, 10},{22598, 3},{3781, 16},{7582, 8},{18597, 7},{3781, 16},{12516, 1},{23715, 17},{14477, 3},{7836, 7},
{19954, 4},{7672, 10},{23665, 10},{25126, 10},{6596, 8},{25126, 10},{6597, 8},{19937, 15},{18764, 8},{26233, 15},
{4424, 10},{19516, 15},{19937, 15},{3642, 15},{18765, 8},{4424, 10},{4424, 10},{22943, 15},{18766, 8},{19937, 15},
{18767, 8},{19937, 15},{4424, 10},{19937, 15},{4424, 10},{9434, 8},{22947, 15},{11048, 15},{4424, 10},{19937, 15},
{15686, 8},{4424, 10},{19937, 15},{18762, 8},{4424, 10},{18763, 8},{19937, 15},{1685, 10},{6690, 8},{19937, 15},
{4424, 10},{4424, 10},{19937, 15},{6692, 8},{13341, 17},{15066, 2},{1962, 9},{22706, 3},{14851, 9},{8467, 8},
{3781, 16},{15323, 10},{24369, 13},{9804, 12},{12658, 8},{25126, 10},{402, 9},{20734, 12},{3781, 16},{15323, 10},
{16018, 17},{23313, 13},{10993, 3},{15066, 2},{1958, 9},{401, 9},{1963, 9},{13502, 8},{5685, 7},{1381, 3},
{25411, 7},{12232, 4},{4735, 8},{19358, 1},{3781, 16},{18659, 7},{10623, 17},{7672, 10},{7672, 10},{9305, 7},
{18660, 7},{4736, 8},{3781, 16},{5330, 3},{1944, 17},{8154, 1},{12232, 4},{17195, 3},{23665, 10},{3781, 16},
{5675, 7},{4733, 8},{12232, 4},{7672, 10},{25404, 7},{2056, 17},{26146, 1},{18659, 7},{3781, 16},{8150, 1},
{24911, 17},{21574, 3},{12232, 4},{7672, 10},{25408, 7},{4734, 8},{5684, 7},{7672, 10},{12232, 4},{8146, 1},
{10656, 3},{3781, 16},{4731, 8},{23665, 10},{5366, 17},{2303, 8},{210, 17},{13531, 3},{7672, 10},{12232, 4},
{5019, 1},{3781, 16},{5675, 7},{11923, 7},{7672, 10},{5023, 1},{4729, 8},{9491, 3},{12232, 4},{3781, 16},
{22381, 17},{11919, 7},{5021, 1},{7672, 10},{3781, 16},{1297, 3},{11949, 17},{12232, 4},{2300, 8},{5002, 7},
{17155, 7},{11117, 7},{13733, 8},{6035, 17},{3781, 16},{23441, 4},{25273, 10},{4313, 7},{11566, 7},{12232, 4},
{7672, 10},{7621, 17},{4737, 8},{13531, 3},{3781, 16},{5022, 1},{23665, 10},{5004, 7},{19355, 1},{2055, 17},
{11914, 7},{23665, 10},{4738, 8},{7672, 10},{3781, 16},{18664, 7},{24522, 3},{12232, 4},{4424, 10},{7269, 15},
{18765, 8},{18764, 8},{4254, 15},{8627, 15},{4424, 10},{7269, 15},{8874, 15},{7269, 15},{4424, 10},{18767, 8},
{4253, 15},{7269, 15},{18766, 8},{4424, 10},{4424, 10},{7269, 15},{15686, 8},{4424, 10},{7269, 15},{9434, 8},
{7269, 15},{18763, 8},{4424, 10},{4424, 10},{18762, 8},{7269, 15},{20192, 15},{2004, 15},{21642, 15},{1574, 15},
{13019, 8},{4424, 10},{6692, 8},{7269, 15},{4424, 10},{16435, 15},{7269, 15},{4424, 10},{16425, 15},{6690, 8},
{21266, 15},{13020, 8},{20192, 15},{4424, 10},{4424, 10},{24884, 8},{20712, 15},{13018, 8},{20192, 15},{4424, 10},
{3248, 17},{15323, 10},{10576, 2},{3344, 12},{21181, 9},{6034, 3},{3754, 8},{17498, 13},{3781, 16},{8286, 9},
{21180, 9},{3781, 16},{7694, 9},{12802, 17},{15323, 10},{19244, 12},{6912, 13},{21184, 9},{13502, 8},{21185, 9},
{20618, 3},{7693, 9},{10576, 2},{18667, 17},{10576, 2},{3717, 13},{7689, 9},{11012, 12},{5497, 3},{3781, 16},
{21186, 9},{8462, 8},{15323, 10},{15323, 10},{796, 17},{18240, 3},{17187, 13},{15911, 12},{21182, 9},{8467, 8},
{14662, 9},{14661, 9},{10576, 2},{3781, 16},{3781, 16},{14660, 9},{8481, 8},{21183, 9},{26247, 12},{19244, 13},
{5250, 17},{11311, 3},{14659, 9},{10576, 2},{15323, 10},{4424, 10},{20712, 15},{13013, 8},{4424, 10},{20712, 15},
{13014, 8},{20198, 15},{6692, 8},{4424, 10},{4424, 10},{9785, 15},{20198, 15},{6690, 8},{8831, 15},{4424, 10},
{20712, 15},{13017, 8},{18767, 8},{4424, 10},{20198, 15},{18766, 8},{20198, 15},{4424, 10},{4424, 10},{18765, 8},
{20198, 15},{18764, 8},{4424, 10},{9786, 15},{10925, 15},{20198, 15},{4424, 10},{20198, 15},{18763, 8},{20198, 15},
{21261, 15},{18762, 8},{4424, 10},{4424, 10},{15686, 8},{20198, 15},{4424, 10},{9434, 8},{20198, 15},{1685, 10},
{25126, 10},{20418, 8},{25126, 10},{20417, 8},{25126, 10},{16539, 8},{25126, 10},{20419, 8},{25126, 10},{10113, 8},
{25126, 10},{20424, 8},{25126, 10},{20423, 8},{25834, 17},{9458, 1},{12281, 7},{3781, 16},{18689, 3},{5050, 8},
{12275, 7},{23665, 10},{23975, 4},{19118, 7},{7672, 10},{25273, 10},{10857, 7},{10550, 7},{3781, 16},{8492, 17},
{10854, 7},{3770, 7},{23541, 8},{15272, 4},{18443, 8},{1223, 10},{7672, 10},{23975, 4},{3781, 16},{17697, 3},
{7159, 0},{6106, 7},{6285, 1},{19122, 7},{1326, 17},{13689, 8},{15066, 4},{3781, 16},{21226, 7},{14868, 7},
{8463, 17},{25273, 10},{2642, 7},{18441, 8},{7672, 10},{2073, 3},{23975, 4},{3781, 16},{25054, 7},{8367, 1},
{12275, 7},{12072, 17},{13194, 17},{9058, 8},{25273, 10},{17356, 7},{19894, 7},{10876, 7},{3781, 16},{15272, 4},
{10002, 17},{1537, 3},{7672, 10},{23975, 4},{6106, 7},{5044, 8},{23665, 10},{6283, 1},{12295, 7},{3781, 16},
{10551, 7},{15272, 4},{17354, 7},{25273, 10},{20623, 7},{3781, 16},{10840, 7},{9052, 8},{20956, 17},{3781, 16},
{25273, 10},{1322, 17},{23536, 8},{10547, 7},{20616, 7},{10550, 7},{15272, 4},{22644, 7},{20085, 7},{25273, 10},
{3781, 16},{8557, 7},{15066, 4},{22004, 17},{15470, 8},{8558, 7},{8562, 7},{25273, 10},{14861, 7},{17543, 17},
{15861, 7},{15467, 8},{3781, 16},{15066, 4},{7826, 7},{4489, 17},{8564, 7},{8556, 7},{25273, 10},{15468, 8},
{3781, 16},{15066, 4},{25273, 10},{15465, 8},{15066, 4},{2595, 17},{3781, 16},{15853, 7},{14851, 7},{22646, 7},
{3781, 16},{15066, 4},{4813, 17},{9041, 7},{6165, 8},{25273, 10},{21226, 7},{25273, 10},{7819, 7},{20088, 7},
{22648, 7},{15463, 8},{15066, 4},{15862, 7},{13362, 17},{3781, 16},{15066, 4},{402, 7},{15464, 8},{17926, 17},
{3781, 16},{25273, 10},{3456, 1},{22648, 7},{7074, 17},{7672, 10},{3781, 16},{22577, 8},{19188, 3},{20198, 1},
{1209, 7},{9397, 7},{8204, 4},{3781, 16},{13437, 1},{9197, 7},{7428, 3},{3363, 17},{21369, 8},{8204, 4},
{7672, 10},{21368, 8},{23665, 10},{2696, 7},{20865, 1},{13002, 17},{9563, 3},{3781, 16},{8204, 4},{7672, 10},
{25135, 0},{1223, 10},{14685, 1},{20208, 7},{8204, 4},{9392, 7},{21367, 8},{3781, 16},{16403, 3},{15566, 7},
{7672, 10},{4417, 17},{22342, 7},{7203, 3},{20208, 7},{20863, 1},{5535, 17},{7672, 10},{9396, 7},{8204, 4},
{3781, 16},{21366, 8},{9200, 7},{20198, 1},{21365, 8},{17254, 3},{20209, 7},{3781, 16},{20175, 17},{8204, 4},
{7672, 10},{21364, 8},{15567, 7},{25576, 3},{4027, 17},{7672, 10},{8204, 4},{3781, 16},{20193, 1},{15571, 7},
{8204, 4},{20208, 7},{3781, 16},{24943, 17},{21363, 8},{7672, 10},{13431, 1},{22336, 7},{4241, 3},{6692, 8},
{24675, 15},{4131, 15},{4424, 10},{24674, 15},{4424, 10},{20200, 15},{18763, 8},{22340, 7},{3781, 16},{23665, 10},
{21361, 8},{7672, 10},{15569, 7},{1875, 17},{20866, 1},{22339, 7},{23063, 3},{8204, 4},{22337, 7},{23665, 10},
{7338, 3},{21360, 8},{8204, 4},{3781, 16},{23755, 7},{20865, 1},{13742, 17},{7672, 10},{1685, 10},{13017, 8},
{4424, 10},{4133, 15},{13430, 15},{6690, 8},{14065, 15},{4424, 10},{22806, 15},{9434, 8},{4424, 10},{9434, 8},
{15603, 15},{4424, 10},{13430, 15},{21261, 15},{15686, 8},{15602, 15},{13430, 15},{3237, 15},{4424, 10},{13013, 8},
{4133, 15},{4424, 10},{10920, 15},{18762, 8},{4424, 10},{13430, 15},{4705, 7},{20094, 17},{466, 8},{4712, 7},
{25273, 10},{25314, 4},{4711, 7},{3781, 16},{4424, 10},{4131, 15},{9434, 8},{8135, 7},{25273, 10},{24389, 7},
{4711, 7},{17754, 8},{3781, 16},{25314, 4},{18027, 17},{4424, 10},{18764, 8},{13430, 15},{18765, 8},{13430, 15},
{4424, 10},{21645, 15},{13430, 15},{4424, 10},{2005, 15},{18766, 8},{18764, 8},{19332, 15},{4424, 10},{4131, 15},
{22289, 8},{2764, 7},{25273, 10},{3270, 7},{26408, 17},{2757, 7},{12253, 4},{7247, 7},{3781, 16},{7248, 7},
{14174, 7},{3781, 16},{25273, 10},{7242, 7},{12253, 4},{11725, 8},{22388, 7},{22625, 17},{14178, 7},{22561, 17},
{11726, 8},{22391, 7},{3781, 16},{25273, 10},{12253, 4},{12253, 4},{25273, 10},{8210, 17},{3266, 7},{3781, 16},
{11727, 8},{3270, 7},{20878, 1},{12253, 4},{14180, 7},{25273, 10},{3266, 7},{3781, 16},{17457, 8},{52, 17},
{7249, 7},{3277, 7},{1685, 10},{3594, 8},{3781, 16},{25314, 4},{22300, 7},{25273, 10},{21112, 17},{24386, 7},
{1685, 10},{7270, 15},{6690, 8},{4424, 10},{7270, 15},{6692, 8},{4424, 10},{7270, 15},{4424, 10},{18764, 8},
{14340, 15},{4424, 10},{4252, 15},{7270, 15},{18765, 8},{21101, 15},{4424, 10},{7270, 15},{18766, 8},{7270, 15},
{18767, 8},{4424, 10},{16432, 15},{992, 15},{8601, 15},{9434, 8},{7270, 15},{4424, 10},{4424, 10},{8601, 15},
{15686, 8},{7270, 15},{18762, 8},{4424, 10},{716, 15},{7270, 15},{18763, 8},{7270, 15},{15727, 15},{4424, 10},
{1685, 10},{1685, 10},{1685, 10},{4424, 10},{1197, 15},{18764, 8},{2007, 15},{4424, 10},{18765, 8},{1197, 15},
{4424, 10},{22367, 15},{8700, 15},{18766, 8},{1197, 15},{1197, 15},{18767, 8},{4424, 10},{1197, 15},{9434, 8},
{4424, 10},{3233, 15},{1197, 15},{17099, 15},{21641, 15},{21647, 15},{3231, 15},{4424, 10},{15686, 8},{4424, 10},
{1197, 15},{18762, 8},{1197, 15},{4424, 10},{2750, 15},{18763, 8},{3781, 16},{7672, 10},{1143, 4},{22615, 3},
{12650, 7},{20715, 1},{13631, 8},{20416, 17},{26325, 8},{5700, 7},{2461, 1},{23367, 17},{3781, 16},{1223, 10},
{20425, 3},{13033, 7},{26340, 0},{1143, 4},{7672, 10},{3233, 15},{1197, 15},{6690, 8},{4139, 15},{4424, 10},
{1143, 4},{13632, 8},{7672, 10},{18683, 7},{5226, 17},{9551, 1},{12648, 7},{5696, 7},{3781, 16},{1223, 10},
{23832, 3},{10097, 0},{13643, 8},{72, 3},{22235, 17},{7672, 10},{25425, 7},{3781, 16},{2462, 1},{1143, 4},
{12651, 7},{2460, 1},{15756, 17},{1143, 4},{26370, 8},{12652, 7},{18682, 7},{3781, 16},{19953, 3},{7672, 10},
{7672, 10},{593, 3},{9555, 1},{1143, 4},{4069, 17},{3781, 16},{13647, 8},{23665, 10},{5693, 7},{3781, 16},
{18683, 7},{18686, 7},{24144, 17},{7672, 10},{13645, 8},{20719, 1},{13190, 3},{18677, 7},{1143, 4},{15066, 4},
{16602, 7},{1962, 7},{9461, 8},{3450, 1},{24141, 3},{16787, 17},{7672, 10},{3781, 16},{7672, 10},{19138, 8},
{1964, 7},{3456, 1},{15066, 4},{3781, 16},{16948, 7},{10881, 7},{417, 3},{18506, 17},{3454, 1},{15066, 4},
{16601, 7},{23665, 10},{7672, 10},{24864, 3},{22837, 7},{9767, 8},{22788, 17},{10886, 7},{3781, 16},{10886, 7},
{7295, 17},{3450, 1},{3781, 16},{7672, 10},{16598, 7},{10075, 8},{15066, 4},{6916, 3},{1961, 7},{19183, 8},
{25607, 3},{7268, 1},{7672, 10},{3781, 16},{10888, 7},{15066, 4},{16600, 7},{20500, 17},{3244, 17},{4532, 8},
{23794, 7},{7672, 10},{15066, 4},{3781, 16},{6916, 3},{8558, 0},{7272, 1},{16601, 7},{10884, 7},{1223, 10},
{9463, 8},{1223, 10},{15854, 0},{239, 17},{3455, 1},{3781, 16},{7672, 10},{15066, 4},{4668, 3},{1960, 7},
{15066, 4},{22854, 3},{3781, 16},{7672, 10},{23629, 17},{20260, 8},{3452, 1},{1961, 7},{16945, 7},{15066, 4},
{7672, 10},{4492, 8},{23582, 3},{16944, 7},{7272, 1},{16943, 7},{9053, 17},{23665, 10},{3781, 16},{7271, 1},
{22853, 3},{16945, 7},{15066, 4},{4494, 8},{7672, 10},{2397, 17},{16943, 7},{3781, 16},{6594, 8},{25126, 10},
{25126, 10},{6593, 8},{13833, 8},{25126, 10},{25126, 10},{13831, 8},{6590, 8},{25126, 10},{13829, 8},{25126, 10},
{6588, 8},{25126, 10},{25126, 10},{6587, 8},{19074, 15},{22331, 15},{4424, 10},{13020, 8},{19078, 15},{25126, 10},
{16512, 8},{3781, 16},{25273, 10},{18525, 7},{11767, 7},{15332, 8},{22800, 7},{25062, 17},{13175, 4},{13175, 4},
{15329, 8},{2994, 17},{25273, 10},{25269, 7},{18527, 7},{3781, 16},{18525, 7},{20653, 7},{22793, 7},{13175, 4},
{3781, 16},{15330, 8},{18522, 7},{10133, 17},{25273, 10},{13175, 4},{21066, 7},{22801, 7},{19233, 17},{25273, 10},
{15335, 8},{3781, 16},{11760, 7},{1367, 17},{13175, 4},{25269, 7},{25262, 7},{18781, 1},{3781, 16},{15336, 8},
{25273, 10},{18521, 7},{15333, 8},{25273, 10},{13175, 4},{3781, 16},{4769, 17},{22170, 7},{18529, 7},{5127, 17},
{13175, 4},{3781, 16},{25269, 7},{25273, 10},{15334, 8},{11769, 7},{18529, 7},{19806, 7},{16509, 8},{25126, 10},
{16508, 8},{25126, 10},{16507, 8},{25126, 10},{25126, 10},{16506, 8},{25126, 10},{16505, 8},{13175, 4},{18524, 7},
{7377, 17},{3781, 16},{25273, 10},{15338, 8},{20660, 7},{9339, 1},{16503, 8},{25126, 10},{16502, 8},{25126, 10},
{1685, 10},{14182, 7},{3781, 16},{2545, 8},{20888, 1},{12253, 4},{19083, 17},{14177, 7},{25273, 10},{16284, 7},
{3781, 16},{2546, 8},{25273, 10},{22392, 7},{12253, 4},{23620, 17},{2547, 8},{6367, 17},{7242, 7},{22396, 7},
{25273, 10},{12253, 4},{2762, 7},{3781, 16},{25273, 10},{19850, 7},{10739, 17},{14183, 7},{12253, 4},{22595, 8},
{3781, 16},{2755, 7},{25273, 10},{12253, 4},{2541, 8},{3781, 16},{7247, 7},{9490, 17},{12253, 4},{2763, 7},
{2542, 8},{3271, 7},{25273, 10},{183, 17},{3781, 16},{19850, 7},{2628, 1},{22388, 7},{124, 17},{2543, 8},
{3781, 16},{22398, 7},{12253, 4},{25273, 10},{3274, 7},{3781, 16},{25273, 10},{11709, 17},{3277, 7},{2544, 8},
{12253, 4},{3271, 7},{8818, 17},{19850, 7},{2549, 8},{3781, 16},{19855, 7},{12253, 4},{25273, 10},{22387, 7},
{3272, 7},{3781, 16},{12253, 4},{7249, 7},{25273, 10},{7940, 17},{19853, 7},{2628, 1},{2550, 8},{3275, 7},
{1685, 10},{24253, 8},{2473, 10},{12658, 8},{25126, 10},{16456, 7},{23463, 7},{15272, 4},{3781, 16},{3346, 17},
{7617, 8},{3772, 7},{25273, 10},{10549, 7},{17355, 7},{16455, 7},{3781, 16},{7618, 8},{25273, 10},{17499, 17},
{15272, 4},{1685, 10},{3771, 7},{3781, 16},{17353, 7},{25273, 10},{1661, 17},{7614, 8},{15272, 4},{23461, 7},
{17359, 7},{17256, 1},{3771, 7},{25273, 10},{7615, 8},{15272, 4},{16455, 7},{20387, 17},{3781, 16},{19597, 17},
{23465, 7},{10547, 7},{25273, 10},{15272, 4},{7612, 8},{3781, 16},{25273, 10},{15272, 4},{3770, 7},{17357, 7},
{16455, 7},{3781, 16},{11266, 17},{10840, 7},{7613, 8},{3767, 7},{17353, 7},{3766, 7},{17360, 7},{7610, 8},
{3781, 16},{15272, 4},{22661, 17},{25273, 10},{3781, 16},{3768, 7},{17354, 7},{13950, 8},{4395, 17},{15272, 4},
{10549, 7},{25273, 10},{3781, 16},{23149, 17},{17351, 7},{17359, 7},{7608, 8},{25273, 10},{15272, 4},{20610, 7},
{10549, 7},{17359, 7},{20561, 7},{15272, 4},{3773, 7},{25273, 10},{7609, 8},{906, 1},{10876, 7},{3781, 16},
{12252, 17},{21054, 17},{23665, 10},{14277, 8},{8096, 3},{3781, 16},{6283, 1},{25055, 7},{23975, 4},{7672, 10},
{23665, 10},{12296, 7},{13388, 17},{16332, 8},{9271, 3},{7672, 10},{3781, 16},{12273, 7},{8362, 1},{23975, 4},
{19118, 7},{20745, 17},{3781, 16},{16336, 8},{9453, 1},{23975, 4},{7672, 10},{19114, 3},{3781, 16},{23975, 4},
{7672, 10},{6104, 7},{5009, 17},{17252, 3},{16334, 8},{23059, 1},{6108, 7},{3781, 16},{15326, 3},{7672, 10},
{9032, 1},{16339, 8},{4113, 17},{25064, 7},{23975, 4},{7672, 10},{12291, 7},{3781, 16},{16821, 17},{9457, 1},
{23975, 4},{15098, 3},{16337, 8},{12280, 7},{1223, 10},{3781, 16},{16344, 8},{24363, 1},{16262, 0},{8244, 17},
{7672, 10},{22104, 3},{25061, 7},{23975, 4},{7672, 10},{12275, 7},{3957, 17},{23975, 4},{3781, 16},{8361, 1},
{16342, 8},{8806, 3},{19113, 7},{12298, 7},{23975, 4},{7171, 17},{7672, 10},{6287, 1},{25054, 7},{13921, 3},
{2705, 8},{3781, 16},{15055, 3},{12277, 7},{23975, 4},{6105, 7},{25054, 7},{9458, 1},{2704, 8},{7672, 10},
{3781, 16},{6615, 17},{2473, 10},{24255, 8},{2473, 10},{24256, 8},{24253, 8},{2473, 10},{24254, 8},{2473, 10},
{24251, 8},{2473, 10},{2473, 10},{24252, 8},{24249, 8},{2473, 10},{24250, 8},{2473, 10},{1685, 10},{24246, 8},
{2473, 10},{4012, 8},{2473, 10},{7145, 7},{5512, 7},{25273, 10},{6749, 8},{6660, 17},{1530, 4},{3781, 16},
{20621, 17},{7370, 7},{6748, 8},{12484, 7},{26022, 7},{1530, 4},{25273, 10},{3781, 16},{25273, 10},{1530, 4},
{3781, 16},{6747, 8},{26020, 7},{26012, 7},{26147, 17},{12478, 7},{1530, 4},{7142, 7},{5512, 7},{8731, 17},
{6746, 8},{3781, 16},{7149, 7},{25273, 10},{5505, 7},{24649, 17},{3781, 16},{7141, 7},{7144, 7},{1530, 4},
{25273, 10},{6745, 8},{7146, 7},{25220, 7},{1530, 4},{25273, 10},{12328, 1},{14620, 8},{3781, 16},{12484, 7},
{8944, 17},{6743, 8},{9568, 7},{23368, 17},{25273, 10},{1530, 4},{3781, 16},{12479, 7},{25273, 10},{5502, 7},
{3781, 16},{6742, 8},{25879, 17},{25219, 7},{1530, 4},{25220, 7},{13149, 1},{15458, 15},{13013, 8},{4424, 10},
{4424, 10},{15458, 15},{13018, 8},{4424, 10},{13017, 8},{15458, 15},{15458, 15},{23766, 15},{4424, 10},{13020, 8},
{6750, 8},{25222, 7},{11945, 17},{9568, 7},{19293, 7},{1530, 4},{3781, 16},{25273, 10},{4373, 15},{4424, 10},
{19303, 15},{9434, 8},{17830, 15},{26026, 15},{7362, 7},{25273, 10},{13725, 8},{17632, 17},{5530, 7},{3781, 16},
{12232, 4},{7361, 7},{20718, 15},{4424, 10},{18762, 8},{4424, 10},{18763, 8},{20718, 15},{8827, 15},{4424, 10},
{4373, 15},{10172, 15},{18764, 8},{4373, 15},{18765, 8},{4424, 10},{4373, 15},{18766, 8},{21078, 15},{4424, 10},
{11605, 15},{4424, 10},{18767, 8},{20718, 15},{7369, 7},{12232, 4},{12728, 17},{12507, 7},{13732, 8},{25273, 10},
{3781, 16},{6293, 7},{3781, 16},{12232, 4},{12506, 7},{13733, 8},{25273, 10},{5796, 17},{11772, 7},{11781, 7},
{13730, 8},{14310, 7},{12500, 7},{25397, 17},{25273, 10},{3781, 16},{5018, 1},{12232, 4},{19924, 7},{25273, 10},
{12232, 4},{22558, 17},{19926, 7},{5951, 8},{3781, 16},{12509, 7},{7362, 7},{9376, 17},{12232, 4},{25273, 10},
{13728, 8},{5528, 7},{3781, 16},{18765, 8},{4424, 10},{14685, 15},{22369, 15},{19929, 7},{13726, 8},{7475, 7},
{3781, 16},{12232, 4},{7363, 7},{6729, 17},{25273, 10},{20718, 15},{4424, 10},{6692, 8},{23077, 8},{16264, 7},
{23975, 4},{16260, 7},{3781, 16},{12975, 17},{25273, 10},{3781, 16},{25168, 7},{7691, 7},{10576, 4},{13005, 17},
{15329, 8},{25273, 10},{12253, 2},{3273, 9},{6756, 12},{240, 13},{16049, 3},{18278, 9},{6764, 10},{12253, 6},
{1003, 8},{17068, 17},{3781, 16},{24294, 5},{15803, 17},{10166, 13},{3270, 9},{4506, 8},{19197, 3},{26090, 5},
{3781, 16},{18277, 9},{10695, 12},{6764, 10},{12253, 2},{18284, 9},{16261, 7},{14152, 8},{23975, 4},{25273, 10},
{3781, 16},{13003, 17},{8688, 7},{1685, 10},{7694, 7},{3781, 16},{12426, 7},{25273, 10},{19469, 7},{323, 17},
{15332, 8},{10576, 4},{3781, 16},{10576, 4},{25273, 10},{5450, 7},{14659, 7},{10673, 7},{5452, 7},{15333, 8},
{16785, 17},{8286, 7},{12430, 7},{10673, 7},{3781, 16},{10576, 4},{15334, 8},{7691, 7},{25273, 10},{15376, 17},
{25172, 7},{4132, 1},{25273, 10},{24501, 17},{7688, 7},{15335, 8},{3781, 16},{5452, 7},{10576, 4},{1685, 10},
{23975, 4},{24706, 17},{7157, 7},{7161, 7},{3781, 16},{16262, 7},{540, 7},{25273, 10},{23079, 8},{11538, 10},
{12633, 11},{2006, 15},{4424, 10},{9434, 8},{13438, 15},{13438, 15},{4424, 10},{21647, 15},{9782, 15},{15686, 8},
{4424, 10},{18762, 8},{13438, 15},{18763, 8},{4424, 10},{13438, 15},{18764, 8},{13438, 15},{4424, 10},{13438, 15},
{4424, 10},{18765, 8},{4424, 10},{18766, 8},{13438, 15},{4424, 10},{18767, 8},{13438, 15},{3231, 15},{13438, 15},
{4424, 10},{6690, 8},{14063, 15},{13438, 15},{6692, 8},{4140, 15},{4424, 10},{1685, 10},{23076, 8},{536, 7},
{25273, 10},{8695, 7},{23975, 4},{7158, 7},{1271, 17},{3781, 16},{7164, 7},{6749, 8},{6923, 7},{3781, 16},
{14258, 7},{429, 17},{12029, 7},{25273, 10},{18950, 7},{24752, 4},{3781, 16},{11042, 17},{24752, 4},{14254, 7},
{6748, 8},{25273, 10},{18954, 7},{5110, 7},{25273, 10},{8227, 7},{6747, 8},{24752, 4},{10965, 17},{14257, 7},
{3781, 16},{16985, 7},{15327, 17},{3781, 16},{25273, 10},{14254, 7},{1358, 7},{6746, 8},{6925, 7},{24752, 4},
{6745, 8},{25273, 10},{14253, 7},{5103, 7},{3781, 16},{14252, 7},{24752, 4},{6938, 17},{14258, 7},{23918, 17},
{5104, 7},{25273, 10},{12022, 7},{24752, 4},{18960, 7},{6385, 1},{14620, 8},{3781, 16},{5101, 7},{14258, 7},
{24752, 4},{6743, 8},{25273, 10},{25543, 17},{3781, 16},{6742, 8},{18950, 7},{25273, 10},{18955, 7},{24752, 4},
{22578, 17},{3781, 16},{4424, 10},{22809, 15},{20272, 15},{18766, 8},{3781, 16},{5107, 7},{25273, 10},{6901, 17},
{24752, 4},{12030, 7},{6751, 8},{5102, 7},{24752, 4},{18474, 17},{14252, 7},{12028, 7},{22808, 1},{5103, 7},
{3781, 16},{25273, 10},{6750, 8},{7534, 17},{23527, 7},{16641, 8},{25273, 10},{8204, 4},{14687, 1},{5431, 7},
{3781, 16},{16906, 7},{25133, 7},{25130, 7},{5434, 7},{8204, 4},{3781, 16},{25273, 10},{6291, 17},{16640, 8},
{6692, 8},{4424, 10},{1447, 15},{6690, 8},{4424, 10},{1447, 15},{3913, 15},{15686, 8},{1447, 15},{4424, 10},
{9434, 8},{1447, 15},{4424, 10},{10438, 15},{8204, 4},{5430, 7},{3978, 17},{25134, 7},{3781, 16},{25273, 10},
{16634, 8},{10121, 7},{25130, 7},{8204, 4},{16633, 8},{19603, 7},{11209, 17},{3781, 16},{5435, 7},{25273, 10},
{25138, 7},{25137, 7},{16905, 7},{19605, 7},{16906, 7},{16632, 8},{9697, 17},{25273, 10},{3781, 16},{8204, 4},
{16907, 7},{11722, 7},{3781, 16},{8204, 4},{25130, 7},{21408, 17},{16631, 8},{25273, 10},{18767, 8},{153, 15},
{1447, 15},{7552, 15},{4424, 10},{25273, 10},{23749, 17},{16905, 7},{16629, 8},{1197, 1},{3781, 16},{25131, 7},
{8204, 4},{16149, 7},{25273, 10},{16370, 8},{8129, 7},{4367, 1},{24383, 7},{25314, 4},{3781, 16},{25469, 17},
{19667, 17},{25273, 10},{4709, 7},{16369, 8},{25314, 4},{4711, 7},{4712, 7},{22308, 7},{3781, 16},{8128, 7},
{25273, 10},{5056, 17},{16142, 7},{25314, 4},{3781, 16},{3155, 1},{8126, 7},{16368, 8},{16142, 7},{8132, 7},
{25314, 4},{22307, 7},{23494, 17},{25273, 10},{4372, 1},{16367, 8},{4705, 7},{3781, 16},{24384, 7},{3781, 16},
{24387, 7},{4710, 7},{25273, 10},{4042, 17},{25314, 4},{16366, 8},{16146, 7},{4714, 7},{25314, 4},{9474, 17},
{3781, 16},{23212, 8},{25273, 10},{24382, 7},{16324, 17},{16144, 7},{16364, 8},{25314, 4},{3781, 16},{4711, 7},
{25273, 10},{4712, 7},{22300, 7},{25273, 10},{3781, 16},{25314, 4},{16363, 8},{21690, 17},{22308, 7},{4337, 17},
{3781, 16},{8130, 7},{16372, 8},{4713, 7},{25314, 4},{16149, 7},{8131, 7},{25273, 10},{4705, 7},{3781, 16},
{5371, 17},{16144, 7},{24387, 7},{25273, 10},{16371, 8},{4367, 1},{25314, 4},{1685, 10},{1685, 10},{25273, 10},
{17724, 17},{6853, 7},{17612, 4},{3781, 16},{853, 7},{2549, 8},{14512, 7},{8104, 7},{11192, 17},{25273, 10},
{8106, 7},{17612, 4},{6858, 7},{3781, 16},{2550, 8},{862, 7},{15794, 17},{20554, 7},{2541, 8},{17612, 4},
{25273, 10},{8100, 7},{3781, 16},{25273, 10},{177, 17},{7539, 7},{7543, 7},{3781, 16},{17612, 4},{2542, 8},
{17612, 4},{25273, 10},{3781, 16},{775, 17},{854, 7},{8105, 7},{2543, 8},{17612, 4},{25273, 10},{9717, 17},
{8103, 7},{14514, 7},{3781, 16},{20554, 7},{2544, 8},{3781, 16},{2545, 8},{17570, 17},{17612, 4},{25273, 10},
{8101, 7},{14514, 7},{6858, 7},{21150, 17},{25273, 10},{2546, 8},{6851, 7},{17612, 4},{14510, 7},{14515, 7},
{3781, 16},{20547, 7},{3781, 16},{2547, 8},{14506, 7},{25273, 10},{14416, 17},{6851, 7},{7193, 1},{20545, 7},
{17612, 4},{854, 7},{17612, 4},{3781, 16},{25273, 10},{22595, 8},{7297, 17},{8100, 7},{8103, 7},{8106, 7},
{1685, 10},{18930, 7},{7672, 10},{21804, 17},{12209, 3},{24752, 4},{26393, 7},{23665, 10},{22810, 1},{3781, 16},
{19425, 8},{26395, 7},{12028, 0},{4117, 1},{1906, 3},{24752, 4},{19427, 8},{13527, 17},{1223, 10},{25683, 7},
{7672, 10},{3781, 16},{23832, 3},{3781, 16},{7672, 10},{25676, 7},{24752, 4},{26401, 7},{19426, 8},{23665, 10},
{25679, 7},{22806, 1},{16986, 17},{1685, 10},{1685, 10},{14067, 15},{18764, 8},{14059, 15},{20197, 15},{4424, 10},
{2743, 15},{20197, 15},{18765, 8},{4424, 10},{2750, 15},{4424, 10},{18766, 8},{20197, 15},{13175, 4},{25190, 3},
{7672, 10},{10932, 7},{21361, 8},{3781, 16},{5039, 17},{9339, 1},{10938, 7},{20197, 15},{4424, 10},{9434, 8},
{15686, 8},{4139, 15},{4424, 10},{20197, 15},{4139, 15},{20197, 15},{4424, 10},{17739, 15},{18762, 8},{2006, 15},
{8707, 15},{9785, 15},{20197, 15},{18763, 8},{4424, 10},{23665, 10},{20028, 17},{18786, 1},{21365, 8},{13175, 4},
{10935, 7},{20428, 3},{7672, 10},{3781, 16},{23665, 10},{12465, 3},{18787, 1},{21366, 8},{2207, 17},{13175, 4},
{3781, 16},{11444, 7},{11440, 7},{7672, 10},{10937, 7},{1223, 10},{13175, 4},{12369, 3},{24277, 7},{3781, 16},
{7672, 10},{23056, 17},{21363, 8},{9140, 1},{11769, 0},{9922, 17},{13175, 4},{7672, 10},{1223, 10},{21364, 8},
{11448, 7},{21068, 0},{17934, 3},{3781, 16},{9142, 1},{18788, 1},{13738, 7},{3781, 16},{13175, 4},{21369, 8},
{7672, 10},{20515, 17},{16, 3},{25815, 7},{9134, 1},{13175, 4},{7672, 10},{23665, 10},{12126, 3},{10937, 7},
{3781, 16},{22577, 8},{20147, 17},{18451, 15},{15450, 15},{13013, 8},{4424, 10},{3932, 1},{18524, 0},{22072, 3},
{3781, 16},{21368, 8},{17476, 7},{25815, 7},{17999, 17},{24279, 7},{13175, 4},{1223, 10},{7672, 10},{3781, 16},
{5450, 7},{4135, 1},{12427, 7},{12424, 7},{21857, 17},{16367, 8},{10576, 4},{25273, 10},{1685, 10},{3665, 8},
{2473, 10},{10544, 17},{3781, 16},{20592, 7},{10673, 7},{25273, 10},{10640, 7},{16368, 8},{10576, 4},{12430, 7},
{1685, 10},{1685, 10},{1685, 10},{1685, 10},{14685, 1},{25273, 10},{16904, 7},{3781, 16},{22459, 17},{23529, 7},
{5434, 7},{16903, 7},{8204, 4},{16372, 8},{8204, 4},{23520, 7},{3781, 16},{25273, 10},{23526, 7},{16371, 8},
{21089, 17},{25273, 10},{6957, 17},{10127, 7},{16370, 8},{3781, 16},{8204, 4},{5431, 7},{14685, 1},{8226, 7},
{10120, 7},{25273, 10},{16369, 8},{3781, 16},{19601, 7},{5433, 7},{8204, 4},{19413, 17},{25234, 15},{13014, 8},
{12967, 15},{7874, 15},{4424, 10},{3781, 16},{5430, 7},{25273, 10},{3269, 17},{16367, 8},{10123, 7},{8204, 4},
{3781, 16},{8204, 4},{16905, 7},{11722, 7},{10130, 7},{11073, 17},{25273, 10},{16366, 8},{13019, 8},{4424, 10},
{25234, 15},{4424, 10},{25234, 15},{1009, 15},{13018, 8},{12967, 15},{7870, 15},{8204, 4},{16363, 8},{25273, 10},
{16902, 7},{3781, 16},{16901, 7},{21702, 17},{19603, 7},{1685, 10},{3157, 15},{4424, 10},{6692, 8},{4424, 10},
{6690, 8},{3157, 15},{1685, 10},{18763, 8},{4424, 10},{3157, 15},{18762, 8},{3157, 15},{4424, 10},{15686, 8},
{3157, 15},{21083, 15},{4424, 10},{4183, 15},{4424, 10},{21083, 15},{26027, 15},{3157, 15},{9434, 8},{21851, 15},
{4169, 15},{4424, 10},{18767, 8},{3157, 15},{18766, 8},{3157, 15},{18530, 15},{4424, 10},{18537, 15},{4424, 10},
{3157, 15},{18765, 8},{4424, 10},{12496, 15},{3157, 15},{4174, 15},{18764, 8},{9434, 8},{4424, 10},{20718, 15},
{15686, 8},{4373, 15},{4424, 10},{10177, 15},{21082, 15},{4424, 10},{18762, 8},{4373, 15},{4373, 15},{4424, 10},
{18533, 15},{18763, 8},{18531, 15},{18764, 8},{4424, 10},{20718, 15},{18765, 8},{20718, 15},{4424, 10},{3211, 15},
{1685, 10},{11027, 15},{4373, 15},{18767, 8},{4424, 10},{1685, 10},{18762, 8},{14685, 15},{4424, 10},{4424, 10},
{18763, 8},{14685, 15},{18764, 8},{21263, 15},{14685, 15},{4424, 10},{12232, 4},{2716, 8},{25273, 10},{7364, 7},
{25031, 17},{5023, 1},{3781, 16},{7367, 7},{4135, 15},{13014, 8},{4424, 10},{3217, 15},{20718, 15},{6690, 8},
{4424, 10},{4135, 15},{13013, 8},{4424, 10},{5022, 1},{12509, 7},{25273, 10},{14846, 17},{11772, 7},{12508, 7},
{13727, 8},{14302, 7},{3781, 16},{12232, 4},{13146, 15},{4424, 10},{9434, 8},{1685, 10},{1685, 10},{1685, 10},
{1685, 10},{9512, 8},{2473, 10},{2473, 10},{9511, 8},{2473, 10},{9514, 8},{9513, 8},{2473, 10},{2473, 10},
{9508, 8},{4830, 8},{2473, 10},{2473, 10},{9510, 8},{2473, 10},{9509, 8},{5561, 15},{13019, 8},{24671, 15},
{4135, 15},{4424, 10},{13884, 15},{9506, 8},{2473, 10},{2473, 10},{9505, 8},{7013, 7},{3318, 7},{10096, 7},
{25273, 10},{3781, 16},{17524, 8},{1143, 4},{10097, 7},{25449, 17},{1685, 10},{25273, 10},{1981, 17},{1143, 4},
{11747, 8},{3317, 7},{10100, 7},{19583, 7},{3781, 16},{2448, 8},{26346, 7},{25273, 10},{18023, 17},{1143, 4},
{26342, 7},{3781, 16},{7012, 7},{23745, 8},{25611, 7},{19954, 4},{11671, 17},{12059, 7},{3781, 16},{25273, 10},
{12064, 7},{3781, 16},{8286, 7},{10576, 4},{2549, 8},{5451, 7},{12916, 7},{12426, 7},{8912, 17},{25273, 10},
{3781, 16},{20597, 7},{328, 17},{2550, 8},{10660, 7},{25273, 10},{12424, 7},{10576, 4},{25172, 7},{10658, 7},
{25273, 10},{2541, 8},{10673, 7},{7694, 7},{10576, 4},{18459, 17},{3781, 16},{25273, 10},{13720, 17},{7692, 7},
{3781, 16},{10576, 4},{2542, 8},{12428, 7},{10576, 4},{7689, 7},{10669, 7},{23078, 17},{12857, 7},{25273, 10},
{2543, 8},{3781, 16},{3781, 16},{1146, 17},{12425, 7},{12434, 7},{7688, 7},{20592, 7},{25273, 10},{2544, 8},
{10576, 4},{8286, 7},{3781, 16},{2545, 8},{22365, 17},{10658, 7},{25273, 10},{10576, 4},{20954, 17},{3781, 16},
{5456, 7},{25273, 10},{2546, 8},{20593, 7},{10576, 4},{25273, 10},{14659, 7},{20727, 17},{25168, 7},{4132, 1},
{10576, 4},{3781, 16},{2547, 8},{5452, 7},{7688, 7},{10576, 4},{22595, 8},{3781, 16},{361, 17},{25273, 10},
{1685, 10},{3781, 16},{23984, 7},{23983, 7},{11119, 7},{25273, 10},{23441, 4},{11570, 7},{6243, 17},{23784, 8},
{14890, 8},{855, 7},{3781, 16},{17612, 4},{20544, 7},{6849, 7},{25273, 10},{20549, 7},{22511, 17},{9424, 8},
{3781, 16},{17612, 4},{25273, 10},{862, 7},{7539, 7},{14403, 17},{6855, 7},{20544, 7},{856, 7},{25273, 10},
{3781, 16},{3596, 8},{17612, 4},{20629, 17},{5089, 17},{3597, 8},{20543, 7},{17612, 4},{25273, 10},{20549, 7},
{3781, 16},{25273, 10},{20553, 7},{9549, 8},{9127, 1},{8099, 7},{3781, 16},{23154, 17},{17612, 4},{16536, 17},
{25273, 10},{9561, 8},{8107, 7},{3781, 16},{17612, 4},{859, 7},{7543, 7},{25273, 10},{8100, 7},{22005, 8},
{7539, 7},{858, 7},{3781, 16},{17612, 4},{24232, 17},{6851, 7},{22008, 8},{3781, 16},{8105, 7},{25273, 10},
{17612, 4},{15175, 17},{8108, 7},{859, 7},{3594, 8},{7540, 7},{3781, 16},{25273, 10},{17612, 4},{25238, 1},
{20549, 7},{20543, 7},{1737, 17},{7541, 7},{20548, 7},{9359, 17},{3781, 16},{25273, 10},{7540, 7},{20554, 7},
{17612, 4},{22011, 8},{14515, 7},{1685, 10},{900, 15},{4424, 10},{15686, 8},{7552, 15},{4424, 10},{9434, 8},
{900, 15},{23591, 15},{4424, 10},{10018, 15},{3641, 15},{900, 15},{18763, 8},{900, 15},{18762, 8},{4424, 10},
{4424, 10},{18765, 8},{900, 15},{900, 15},{18764, 8},{4424, 10},{900, 15},{18767, 8},{4424, 10},{7555, 15},
{18766, 8},{900, 15},{4424, 10},{900, 15},{6692, 8},{17774, 15},{4424, 10},{4424, 10},{6690, 8},{900, 15},
{9434, 8},{4424, 10},{16704, 15},{22911, 15},{9542, 15},{16705, 15},{4424, 10},{15686, 8},{22911, 15},{22911, 15},
{18762, 8},{4424, 10},{23557, 15},{18763, 8},{4276, 15},{22911, 15},{4424, 10},{18764, 8},{22911, 15},{4424, 10},
{18765, 8},{16706, 15},{4424, 10},{22911, 15},{22911, 15},{9542, 15},{4424, 10},{18766, 8},{23558, 15},{4424, 10},
{22911, 15},{18767, 8},{9548, 15},{22911, 15},{1700, 15},{6690, 8},{4424, 10},{6692, 8},{4424, 10},{24673, 15},
{22911, 15},{1685, 10},{1685, 10},{3658, 8},{2473, 10},{3657, 8},{2473, 10},{2473, 10},{3656, 8},{3655, 8},
{2473, 10},{2473, 10},{3662, 8},{3661, 8},{2473, 10},{3660, 8},{2473, 10},{2473, 10},{3659, 8},{2473, 10},
{3665, 8},{2473, 10},{3664, 8},{9434, 8},{14068, 15},{20201, 15},{4424, 10},{20201, 15},{4424, 10},{15686, 8},
{10923, 15},{18762, 8},{20201, 15},{4424, 10},{4424, 10},{20201, 15},{18763, 8},{18764, 8},{2008, 15},{4424, 10},
{20201, 15},{18765, 8},{20201, 15},{4424, 10},{20201, 15},{4424, 10},{18766, 8},{18767, 8},{21649, 15},{4424, 10},
{20201, 15},{20201, 15},{4424, 10},{6690, 8},{20201, 15},{4424, 10},{6692, 8},{23176, 8},{2473, 10},{2473, 10},
{3611, 8},{2473, 10},{23283, 8},{3781, 16},{16897, 7},{10126, 7},{25273, 10},{16906, 7},{8204, 4},{3747, 17},
{18214, 8},{23519, 7},{11648, 17},{3781, 16},{10126, 7},{25273, 10},{8204, 4},{25130, 7},{25136, 7},{18211, 8},
{13563, 17},{5817, 8},{13436, 1},{8204, 4},{25273, 10},{3781, 16},{5435, 7},{10120, 7},{25137, 7},{5811, 8},
{8204, 4},{3781, 16},{25273, 10},{13992, 17},{23527, 7},{19605, 7},{25273, 10},{25138, 7},{10120, 7},{8204, 4},
{3781, 16},{14260, 17},{16898, 7},{18198, 8},{18197, 8},{8204, 4},{25133, 7},{25136, 7},{9209, 17},{3781, 16},
{25273, 10},{16906, 7},{8970, 7},{20192, 1},{25132, 7},{3781, 16},{5433, 7},{5428, 7},{3076, 17},{18194, 8},
{25273, 10},{8204, 4},{18399, 17},{3781, 16},{10124, 7},{5766, 8},{25130, 7},{8204, 4},{25273, 10},{18764, 8},
{7186, 15},{4424, 10},{16196, 8},{25134, 7},{3781, 16},{8204, 4},{25273, 10},{10001, 17},{25131, 7},{3781, 16},
{10124, 7},{25273, 10},{16195, 8},{8204, 4},{16900, 7},{8022, 17},{4424, 10},{18764, 8},{13756, 15},{26355, 15},
{26355, 15},{4424, 10},{18766, 8},{18767, 8},{26355, 15},{4424, 10},{4471, 15},{18763, 8},{4424, 10},{9125, 15},
{9049, 15},{6690, 8},{4424, 10},{897, 15},{19514, 15},{897, 15},{4424, 10},{6692, 8},{1685, 10},{4424, 10},
{10018, 15},{897, 15},{18764, 8},{4424, 10},{18765, 8},{897, 15},{4365, 15},{897, 15},{4424, 10},{18766, 8},
{4424, 10},{897, 15},{18767, 8},{9434, 8},{897, 15},{4424, 10},{4424, 10},{15686, 8},{172, 15},{7559, 15},
{897, 15},{18762, 8},{4424, 10},{897, 15},{897, 15},{18763, 8},{4424, 10},{19514, 15},{4130, 15},{4424, 10},
{24677, 15},{13014, 8},{1685, 10},{1685, 10},{1685, 10},{18764, 8},{4424, 10},{26002, 15},{26002, 15},{18765, 8},
{4424, 10},{26002, 15},{4424, 10},{18766, 8},{16751, 15},{3413, 15},{4424, 10},{18767, 8},{26002, 15},{13503, 15},
{13018, 8},{23503, 15},{678, 15},{4424, 10},{26002, 15},{26008, 15},{4424, 10},{15686, 8},{4424, 10},{13020, 8},
{13503, 15},{18763, 8},{4424, 10},{26002, 15},{13013, 8},{4424, 10},{25239, 15},{14815, 15},{4424, 10},{13014, 8},
{25239, 15},{13015, 8},{25239, 15},{18617, 15},{4424, 10},{13016, 8},{25239, 15},{11874, 15},{4424, 10},{13017, 8},
{25239, 15},{25783, 15},{4424, 10},{13018, 8},{4424, 10},{25239, 15},{4472, 15},{25239, 15},{4424, 10},{11510, 15},
{13019, 8},{4424, 10},{13020, 8},{14814, 15},{25239, 15},{1685, 10},{12614, 7},{2728, 8},{12232, 4},{3781, 16},
{6300, 7},{1008, 17},{5530, 7},{25273, 10},{2166, 7},{14421, 7},{7672, 10},{2704, 8},{3781, 16},{25021, 3},
{491, 17},{23665, 10},{10576, 4},{14424, 7},{22910, 1},{14421, 7},{20014, 17},{2705, 8},{10576, 4},{3781, 16},
{7672, 10},{4133, 1},{9606, 3},{1464, 7},{7477, 7},{16332, 8},{12431, 0},{3781, 16},{4414, 3},{21184, 7},
{7672, 10},{1223, 10},{24548, 17},{20038, 7},{10576, 4},{25122, 1},{1223, 10},{22173, 17},{10576, 4},{2174, 7},
{10664, 0},{3781, 16},{14277, 8},{25118, 1},{1868, 3},{7672, 10},{23734, 3},{7672, 10},{5671, 17},{16334, 8},
{10576, 4},{21180, 7},{7096, 1},{3781, 16},{1467, 7},{21181, 7},{7672, 10},{10576, 4},{16336, 8},{3781, 16},
{23665, 10},{15182, 3},{1684, 17},{1471, 7},{21182, 7},{7094, 1},{25120, 1},{11532, 3},{7672, 10},{3781, 16},
{3925, 17},{1472, 7},{23665, 10},{10576, 4},{14421, 7},{16337, 8},{4132, 1},{18420, 3},{3781, 16},{21186, 7},
{10576, 4},{2174, 7},{7672, 10},{14537, 17},{16339, 8},{10576, 4},{5452, 0},{19229, 1},{7485, 7},{15293, 17},
{7672, 10},{3781, 16},{16342, 8},{1223, 10},{18648, 3},{20042, 7},{4134, 1},{9718, 3},{7672, 10},{10576, 4},
{6506, 17},{3781, 16},{2172, 7},{16344, 8},{12232, 4},{25273, 10},{11626, 17},{7362, 7},{20406, 1},{12506, 7},
{2722, 8},{3781, 16},{1685, 10},{1685, 10},{20236, 7},{541, 7},{3781, 16},{2681, 17},{25273, 10},{14632, 8},
{23975, 4},{4424, 10},{898, 15},{13017, 8},{10432, 15},{25273, 10},{16258, 7},{16257, 7},{24967, 17},{535, 7},
{23975, 4},{3781, 16},{14631, 8},{13632, 8},{23665, 10},{2682, 17},{15066, 4},{24568, 1},{16945, 7},{16472, 3},
{16941, 7},{23791, 7},{7672, 10},{3781, 16},{10885, 7},{15066, 4},{20287, 3},{23293, 17},{26363, 8},{23795, 7},
{23665, 10},{3781, 16},{3455, 1},{7672, 10},{8283, 10},{11782, 9},{9093, 8},{5682, 9},{12232, 2},{24312, 17},
{16113, 3},{3781, 16},{5543, 12},{18862, 13},{10401, 5},{7672, 10},{15066, 4},{1237, 17},{7274, 1},{4003, 3},
{3781, 16},{10888, 7},{16601, 7},{13631, 8},{2502, 3},{16598, 7},{10885, 7},{13645, 8},{15066, 4},{15456, 17},
{7672, 10},{3781, 16},{3455, 1},{14634, 8},{25273, 10},{3781, 16},{7162, 7},{544, 7},{23975, 4},{7944, 17},
{3456, 1},{3781, 16},{5764, 3},{15066, 4},{16948, 7},{13647, 8},{16594, 7},{4667, 17},{10884, 7},{7672, 10},
{1685, 10},{546, 17},{16603, 7},{3781, 16},{26370, 8},{9606, 3},{15066, 4},{24569, 1},{7672, 10},{4424, 10},
{6388, 15},{6690, 8},{15686, 8},{25174, 15},{6388, 15},{4424, 10},{1530, 14},{15362, 10},{4424, 10},{19484, 15},
{18763, 8},{6388, 15},{8283, 10},{9090, 8},{11779, 9},{18731, 17},{17252, 3},{11776, 9},{12232, 2},{11311, 12},
{20162, 5},{5686, 9},{3781, 16},{4317, 13},{6388, 15},{18765, 8},{4424, 10},{603, 15},{4424, 10},{11678, 15},
{18764, 8},{6388, 15},{17853, 15},{17850, 15},{18767, 8},{4424, 10},{4100, 15},{6388, 15},{4424, 10},{6388, 15},
{18766, 8},{4424, 10},{18763, 8},{866, 15},{866, 15},{18762, 8},{4424, 10},{6212, 8},{2473, 10},{4424, 10},
{180, 15},{21080, 15},{18762, 8},{2473, 10},{11383, 8},{19303, 15},{180, 15},{18764, 8},{4424, 10},{10958, 15},
{4424, 10},{10956, 15},{18767, 8},{180, 15},{866, 15},{629, 15},{4424, 10},{18764, 8},{2473, 10},{6220, 8},
{2473, 10},{11411, 8},{6692, 8},{866, 15},{4424, 10},{4424, 10},{6690, 8},{3014, 15},{866, 15},{9553, 15},
{4424, 10},{2116, 15},{18764, 8},{1685, 10},{1685, 10},{12253, 4},{9415, 1},{16284, 7},{8947, 17},{3781, 16},
{14175, 7},{7246, 7},{19853, 7},{25273, 10},{3874, 8},{15725, 15},{4424, 10},{4249, 15},{15500, 15},{18766, 8},
{4424, 10},{18767, 8},{15500, 15},{13616, 15},{18764, 8},{15500, 15},{8641, 15},{4424, 10},{1685, 10},{14513, 7},
{17710, 8},{8106, 7},{25273, 10},{3781, 16},{16155, 17},{17612, 4},{19813, 8},{20549, 7},{25273, 10},{3781, 16},
{6851, 7},{17612, 4},{4422, 17},{6856, 7},{3781, 16},{20545, 7},{17612, 4},{26438, 8},{20547, 7},{6856, 7},
{20550, 7},{21484, 17},{25273, 10},{862, 7},{5733, 17},{19680, 8},{25273, 10},{3781, 16},{859, 7},{17612, 4},
{20549, 7},{14509, 7},{26440, 8},{6853, 7},{25273, 10},{17612, 4},{3781, 16},{6342, 17},{20543, 7},{25273, 10},
{17612, 4},{3781, 16},{15541, 17},{8101, 7},{26441, 8},{20553, 7},{17612, 4},{13926, 17},{1059, 8},{861, 7},
{25273, 10},{3781, 16},{14512, 7},{25273, 10},{14512, 7},{7697, 17},{6856, 7},{3781, 16},{1375, 8},{17612, 4},
{8107, 7},{20546, 7},{20546, 7},{3781, 16},{20060, 17},{8107, 7},{17301, 8},{8104, 7},{17612, 4},{25273, 10},
{14510, 7},{6857, 7},{19756, 8},{3781, 16},{14515, 7},{17612, 4},{25273, 10},{15700, 17},{20545, 7},{853, 7},
{14684, 1},{8204, 4},{7576, 8},{7672, 10},{17184, 17},{22336, 7},{7988, 3},{9391, 7},{3781, 16},{4424, 10},
{25944, 15},{6692, 8},{4175, 15},{6690, 8},{4424, 10},{25944, 15},{4424, 10},{25944, 15},{10959, 15},{18763, 8},
{25944, 15},{4424, 10},{18762, 8},{11784, 15},{4424, 10},{15686, 8},{26024, 15},{25944, 15},{9434, 8},{25944, 15},
{4424, 10},{4424, 10},{25944, 15},{18767, 8},{4424, 10},{25944, 15},{17829, 15},{18766, 8},{25944, 15},{4424, 10},
{18765, 8},{25280, 15},{18764, 8},{25944, 15},{4424, 10},{26033, 15},{19588, 17},{14178, 7},{12253, 4},{25273, 10},
{3781, 16},{19851, 7},{3876, 8},{22393, 7},{7248, 7},{14178, 7},{3869, 8},{19338, 17},{22396, 7},{2758, 7},
{3781, 16},{25273, 10},{12253, 4},{11747, 8},{15066, 4},{3781, 16},{7733, 17},{3840, 7},{7819, 7},{25273, 10},
{24571, 1},{5047, 7},{7816, 7},{8559, 7},{17574, 17},{22652, 7},{24572, 1},{17524, 8},{3781, 16},{15066, 4},
{25273, 10},{8560, 7},{7980, 8},{3781, 16},{9037, 17},{15066, 4},{7821, 7},{25273, 10},{22646, 7},{25273, 10},
{15853, 7},{2661, 7},{15066, 4},{3781, 16},{10211, 8},{730, 17},{25273, 10},{21226, 7},{18714, 17},{15066, 4},
{8565, 7},{22644, 7},{2345, 8},{3781, 16},{14861, 7},{3781, 16},{15066, 4},{15856, 7},{20289, 17},{22653, 7},
{25273, 10},{8557, 7},{2357, 8},{3781, 16},{21226, 7},{25273, 10},{5047, 7},{19410, 17},{8558, 7},{2435, 8},
{15066, 4},{15066, 4},{22650, 7},{22647, 7},{25273, 10},{3781, 16},{23312, 17},{22649, 7},{2448, 8},{14856, 7},
{25273, 10},{15066, 4},{15854, 7},{10281, 8},{20085, 7},{19088, 17},{3781, 16},{7605, 17},{3781, 16},{15856, 7},
{8565, 7},{8561, 7},{15066, 4},{25273, 10},{2418, 8},{22481, 15},{4424, 10},{18762, 8},{9553, 15},{9893, 15},
{25126, 10},{26312, 8},{25126, 10},{26313, 8},{3781, 16},{1143, 4},{5843, 7},{25273, 10},{7013, 7},{19580, 7},
{13037, 17},{3397, 8},{25126, 10},{25621, 8},{25126, 10},{25623, 8},{25126, 10},{25626, 8},{17453, 8},{25126, 10},
{25126, 10},{17343, 8},{25608, 8},{25126, 10},{25126, 10},{1052, 8},{25126, 10},{20795, 8},{9553, 15},{18763, 8},
{4424, 10},{19577, 7},{3781, 16},{1143, 4},{26339, 7},{21557, 17},{25273, 10},{3396, 8},{7008, 7},{1685, 10},
{7013, 7},{14646, 17},{25273, 10},{1143, 4},{26340, 7},{3399, 8},{3781, 16},{4424, 10},{18766, 8},{2324, 15},
{21550, 15},{4424, 10},{18767, 8},{2324, 15},{2324, 15},{4424, 10},{18764, 8},{4424, 10},{18765, 8},{2324, 15},
{8618, 15},{18762, 8},{4424, 10},{2324, 15},{4424, 10},{18762, 8},{18043, 15},{20887, 15},{18764, 8},{20887, 15},
{4424, 10},{20887, 15},{18765, 8},{4424, 10},{19074, 15},{4424, 10},{18766, 8},{20887, 15},{4424, 10},{20887, 15},
{18767, 8},{25273, 10},{1512, 17},{12253, 4},{3781, 16},{19854, 7},{14634, 8},{14178, 7},{22387, 7},{19855, 7},
{2764, 7},{12253, 4},{19849, 7},{14144, 8},{7247, 7},{25273, 10},{3781, 16},{18185, 17},{1685, 10},{21032, 17},
{22394, 7},{2757, 7},{14178, 7},{25273, 10},{14146, 8},{2755, 7},{12253, 4},{3781, 16},{25273, 10},{14147, 8},
{22395, 7},{3781, 16},{12253, 4},{5048, 17},{2758, 7},{12253, 4},{25273, 10},{7248, 7},{19851, 7},{14140, 8},
{3781, 16},{21497, 17},{25273, 10},{2624, 1},{14141, 8},{7248, 7},{12253, 4},{3781, 16},{2759, 7},{13239, 17},
{7242, 7},{3277, 7},{25273, 10},{2628, 1},{3781, 16},{12253, 4},{9270, 17},{22396, 7},{2761, 7},{14142, 8},
{3275, 7},{19855, 7},{3781, 16},{9207, 17},{19856, 7},{14143, 8},{22387, 7},{12253, 4},{25273, 10},{6351, 17},
{14151, 8},{12253, 4},{25273, 10},{3781, 16},{22394, 7},{19850, 7},{14152, 8},{25273, 10},{12253, 4},{3277, 7},
{2758, 7},{16285, 7},{8389, 17},{3781, 16},{20715, 1},{1223, 10},{1143, 4},{13457, 17},{25425, 7},{5696, 7},
{19904, 3},{5849, 0},{18682, 7},{3781, 16},{7672, 10},{16857, 8},{25126, 10},{16504, 8},{25126, 10},{16505, 8},
{25126, 10},{16502, 8},{16503, 8},{25126, 10},{25126, 10},{16508, 8},{16509, 8},{25126, 10},{16506, 8},{25126, 10},
{25126, 10},{16507, 8},{16511, 8},{25126, 10},{16512, 8},{25126, 10},{20278, 15},{4424, 10},{18763, 8},{4119, 15},
{4119, 15},{4424, 10},{18762, 8},{20277, 15},{15686, 8},{4119, 15},{21401, 15},{4424, 10},{4119, 15},{9434, 8},
{4424, 10},{20275, 15},{4119, 15},{18767, 8},{10589, 15},{4424, 10},{4424, 10},{13477, 15},{18766, 8},{4119, 15},
{19487, 15},{7684, 15},{17844, 15},{11679, 15},{4424, 10},{4119, 15},{18765, 8},{25164, 15},{4119, 15},{18764, 8},
{4424, 10},{1685, 10},{6692, 8},{14666, 15},{4119, 15},{4424, 10},{20279, 15},{17850, 15},{586, 15},{4424, 10},
{4119, 15},{6690, 8},{537, 7},{539, 7},{25273, 10},{23975, 4},{19804, 17},{3781, 16},{544, 7},{16262, 7},
{18194, 8},{3781, 16},{23975, 4},{5866, 17},{5766, 8},{16261, 7},{539, 7},{25273, 10},{7159, 7},{16258, 7},
{7162, 7},{25273, 10},{23975, 4},{18198, 8},{3308, 17},{3781, 16},{3781, 16},{7164, 7},{18197, 8},{7162, 7},
{8686, 7},{23975, 4},{25273, 10},{18882, 17},{7159, 7},{544, 7},{23975, 4},{25273, 10},{536, 7},{3781, 16},
{22999, 17},{6285, 1},{537, 7},{7160, 7},{18214, 8},{14087, 17},{23975, 4},{16265, 7},{18211, 8},{3781, 16},
{8691, 7},{25273, 10},{540, 7},{539, 7},{23061, 1},{26342, 7},{19578, 7},{5849, 7},{5848, 7},{1143, 4},
{3781, 16},{25273, 10},{3326, 17},{3402, 8},{1685, 10},{18762, 8},{4424, 10},{4110, 15},{8276, 15},{11668, 15},
{4424, 10},{4110, 15},{18765, 8},{18764, 8},{4424, 10},{4110, 15},{4110, 15},{18767, 8},{4424, 10},{4110, 15},
{18766, 8},{18080, 15},{4424, 10},{1904, 7},{25273, 10},{22302, 7},{4367, 1},{25927, 17},{8131, 7},{25314, 4},
{8509, 8},{8133, 7},{3781, 16},{1685, 10},{4424, 10},{6692, 8},{16788, 15},{2629, 15},{2629, 15},{4424, 10},
{11303, 15},{6690, 8},{4424, 10},{15686, 8},{2629, 15},{19073, 15},{9962, 15},{2629, 15},{9434, 8},{16771, 15},
{4424, 10},{2629, 15},{18763, 8},{4424, 10},{4424, 10},{2629, 15},{18762, 8},{19080, 15},{8679, 15},{2629, 15},
{4424, 10},{18765, 8},{4424, 10},{16764, 15},{18764, 8},{2629, 15},{2629, 15},{5283, 15},{4424, 10},{18767, 8},
{2629, 15},{18766, 8},{4424, 10},{25273, 10},{7094, 1},{11699, 17},{10679, 7},{3781, 16},{10576, 4},{11734, 8},
{19467, 7},{5460, 7},{11735, 8},{19681, 17},{10576, 4},{15039, 7},{3781, 16},{12868, 7},{25273, 10},{25273, 10},
{3046, 17},{3781, 16},{5455, 7},{11725, 8},{25171, 7},{7691, 7},{10576, 4},{7691, 7},{25273, 10},{9208, 17},
{10673, 7},{11726, 8},{10676, 7},{10576, 4},{3781, 16},{5457, 7},{10576, 4},{20282, 17},{25273, 10},{5451, 7},
{11727, 8},{12434, 7},{22911, 1},{14661, 7},{3781, 16},{3781, 16},{25273, 10},{10576, 4},{17457, 8},{5667, 17},
{25171, 7},{12427, 7},{12425, 7},{10658, 7},{3781, 16},{5456, 7},{10658, 7},{10576, 4},{25273, 10},{8478, 17},
{5460, 7},{11729, 8},{5451, 7},{19469, 7},{10576, 4},{19392, 17},{25273, 10},{3781, 16},{11730, 8},{11731, 8},
{1064, 17},{10576, 4},{3781, 16},{12900, 7},{14662, 7},{25273, 10},{7692, 7},{5453, 7},{11732, 8},{8680, 17},
{3781, 16},{25172, 7},{10576, 4},{5455, 7},{25273, 10},{1685, 10},{1685, 10},{1685, 10},{1750, 8},{12178, 17},
{18323, 3},{25116, 1},{3781, 16},{2168, 7},{13207, 7},{23665, 10},{10576, 4},{21180, 7},{7672, 10},{3440, 17},
{7672, 10},{1751, 8},{23665, 10},{1468, 7},{7096, 1},{10576, 4},{18945, 3},{3781, 16},{19195, 7},{7096, 1},
{20042, 7},{24052, 17},{10576, 4},{1752, 8},{1464, 7},{23665, 10},{7672, 10},{13154, 3},{3781, 16},{20040, 7},
{961, 17},{7672, 10},{3781, 16},{1753, 8},{4130, 1},{10576, 4},{7463, 3},{1469, 7},{6914, 7},{3781, 16},
{8049, 17},{7672, 10},{10576, 4},{1754, 8},{25116, 1},{4241, 3},{1755, 8},{20042, 7},{5895, 3},{3781, 16},
{4132, 1},{14424, 7},{10576, 4},{24705, 17},{23665, 10},{7672, 10},{10576, 4},{24802, 17},{19229, 1},{6586, 3},
{2174, 7},{21183, 7},{7672, 10},{1756, 8},{3781, 16},{7489, 7},{1223, 10},{23331, 17},{20039, 7},{7672, 10},
{1757, 8},{19229, 1},{5454, 0},{3781, 16},{10576, 4},{13736, 3},{7491, 7},{1748, 8},{25120, 1},{23665, 10},
{7672, 10},{21185, 7},{10781, 17},{3781, 16},{10576, 4},{18395, 3},{3781, 16},{20044, 7},{1749, 8},{1465, 7},
{10576, 4},{17015, 3},{7672, 10},{7486, 7},{22910, 1},{5186, 17},{3638, 15},{6690, 8},{4424, 10},{1445, 15},
{15362, 10},{25314, 14},{609, 17},{5431, 7},{3781, 16},{15394, 8},{25130, 7},{25273, 10},{5425, 7},{19603, 7},
{8204, 4},{16635, 8},{25273, 10},{3781, 16},{10123, 7},{8970, 7},{8204, 4},{1980, 17},{1447, 15},{4424, 10},
{18763, 8},{18762, 8},{1447, 15},{4424, 10},{1447, 15},{26234, 15},{22945, 15},{18765, 8},{3642, 15},{4424, 10},
{4361, 15},{4358, 15},{18764, 8},{881, 15},{4424, 10},{1447, 15},{13438, 1},{3781, 16},{15638, 17},{16630, 8},
{25273, 10},{5430, 7},{8204, 4},{19613, 7},{1447, 15},{7559, 15},{4424, 10},{18766, 8},{1685, 10},{1685, 10},
{4424, 10},{20718, 15},{15686, 8},{1685, 10},{1685, 10},{3864, 10},{21763, 17},{1143, 2},{20489, 13},{3816, 3},
{12649, 9},{10100, 9},{16375, 12},{2031, 5},{12648, 9},{3781, 16},{16593, 8},{1685, 10},{1685, 10},{13203, 1},
{20384, 7},{6341, 3},{23441, 4},{3781, 16},{14592, 8},{7672, 10},{20379, 7},{16297, 17},{12232, 4},{16195, 8},
{14934, 17},{11777, 7},{14305, 7},{3781, 16},{25273, 10},{19923, 7},{19926, 7},{19930, 7},{16196, 8},{12503, 7},
{25273, 10},{19926, 7},{12232, 4},{10832, 17},{3781, 16},{5524, 7},{12232, 4},{23292, 1},{14307, 7},{18211, 8},
{25273, 10},{12505, 7},{3781, 16},{2205, 17},{25273, 10},{5530, 7},{5529, 7},{12505, 7},{18214, 8},{2217, 17},
{3781, 16},{12232, 4},{12232, 4},{25273, 10},{3781, 16},{6316, 7},{17725, 17},{5811, 8},{7362, 7},{12232, 4},
{7365, 7},{22984, 17},{3781, 16},{14309, 7},{5817, 8},{5531, 7},{25273, 10},{19931, 7},{25487, 17},{3781, 16},
{18197, 8},{11777, 7},{12232, 4},{25273, 10},{7367, 7},{3781, 16},{25273, 10},{18198, 8},{14305, 7},{12506, 7},
{17620, 7},{18132, 17},{12232, 4},{22779, 17},{25273, 10},{5766, 8},{11772, 7},{12232, 4},{3781, 16},{19925, 7},
{9536, 17},{19923, 7},{25273, 10},{12507, 7},{3781, 16},{12232, 4},{18194, 8},{14309, 7},{4424, 10},{12328, 15},
{21608, 15},{13015, 8},{4081, 15},{2480, 3},{10136, 7},{20876, 1},{10075, 8},{16069, 17},{7672, 10},{3781, 16},
{12253, 4},{1946, 7},{1946, 7},{12253, 4},{3781, 16},{6844, 17},{7672, 10},{20881, 1},{9461, 8},{3077, 7},
{9050, 3},{3973, 17},{3781, 16},{19138, 8},{12253, 4},{6034, 3},{21602, 7},{20888, 1},{7672, 10},{23665, 10},
{12253, 4},{3781, 16},{7672, 10},{24075, 3},{22392, 0},{1223, 10},{9463, 8},{11904, 7},{3075, 7},{2628, 1},
{4603, 17},{106, 17},{20260, 8},{1955, 7},{12253, 4},{18284, 7},{7672, 10},{11368, 3},{3781, 16},{2624, 1},
{1950, 7},{10136, 7},{3781, 16},{26166, 3},{20880, 1},{16191, 17},{18083, 7},{7672, 10},{12253, 4},{19183, 8},
{12328, 15},{4424, 10},{21612, 15},{13018, 8},{4492, 8},{6336, 3},{22330, 1},{1223, 10},{12253, 4},{16916, 7},
{19849, 0},{7672, 10},{3781, 16},{12433, 17},{20880, 1},{12253, 4},{7672, 10},{24027, 7},{19852, 0},{1223, 10},
{18282, 7},{7174, 17},{3781, 16},{4494, 8},{3466, 3},{24975, 8},{16067, 17},{7672, 10},{7600, 3},{16912, 7},
{3781, 16},{20878, 1},{12253, 4},{16911, 7},{3781, 16},{2624, 1},{5493, 17},{12253, 4},{7672, 10},{23665, 10},
{3722, 3},{24976, 8},{1951, 7},{20718, 15},{4424, 10},{18766, 8},{12253, 4},{23734, 3},{24969, 8},{3275, 0},
{16910, 7},{1223, 10},{3781, 16},{2627, 1},{7672, 10},{20622, 17},{18279, 7},{26146, 15},{4424, 10},{18766, 8},
{18767, 8},{18585, 15},{25300, 15},{26146, 15},{4424, 10},{18764, 8},{9130, 15},{4424, 10},{25273, 10},{7002, 7},
{2463, 1},{5774, 17},{3781, 16},{1143, 4},{10094, 7},{10275, 8},{25273, 10},{3781, 16},{1143, 4},{26345, 7},
{10274, 8},{3317, 7},{19579, 7},{12086, 17},{5841, 7},{4424, 10},{5020, 15},{18762, 8},{19584, 7},{1143, 4},
{5387, 17},{3781, 16},{25273, 10},{5841, 7},{10267, 8},{26344, 7},{7004, 7},{25273, 10},{10266, 8},{1143, 4},
{3781, 16},{1048, 17},{3781, 16},{26339, 7},{25273, 10},{9486, 17},{26346, 7},{10269, 8},{3318, 7},{5848, 7},
{1143, 4},{5843, 7},{26342, 7},{3781, 16},{26338, 7},{25273, 10},{1143, 4},{10268, 8},{5295, 17},{10100, 7},
{1143, 4},{10271, 8},{3781, 16},{19582, 7},{25273, 10},{22093, 17},{10099, 7},{7008, 7},{10099, 7},{3781, 16},
{10098, 7},{19580, 7},{2462, 1},{8960, 8},{1143, 4},{12358, 17},{25273, 10},{3781, 16},{10100, 7},{25273, 10},
{19581, 7},{1143, 4},{26338, 7},{10273, 8},{3548, 17},{5841, 7},{19577, 7},{1143, 4},{10093, 7},{7012, 7},
{10097, 7},{25273, 10},{2460, 1},{3781, 16},{10272, 8},{331, 17},{16260, 7},{20239, 7},{23975, 4},{3597, 8},
{25273, 10},{6287, 1},{16257, 7},{3781, 16},{4671, 17},{4835, 17},{25273, 10},{16259, 7},{3596, 8},{536, 7},
{16258, 7},{3781, 16},{23975, 4},{3781, 16},{8690, 7},{8370, 17},{25273, 10},{23975, 4},{7161, 7},{9561, 8},
{20242, 7},{19558, 17},{23975, 4},{9549, 8},{8687, 7},{25273, 10},{3781, 16},{16255, 7},{8690, 7},{20235, 7},
{8691, 7},{20237, 7},{25273, 10},{22008, 8},{3781, 16},{23975, 4},{16258, 7},{18032, 17},{22078, 17},{25273, 10},
{22005, 8},{7160, 7},{16258, 7},{7161, 7},{23975, 4},{3781, 16},{16259, 7},{110, 17},{3781, 16},{22011, 8},
{23975, 4},{25273, 10},{538, 7},{23975, 4},{208, 17},{6283, 1},{20238, 7},{25273, 10},{535, 7},{3594, 8},
{20240, 7},{3781, 16},{18281, 7},{18210, 8},{7672, 10},{3077, 7},{12253, 4},{1223, 10},{20888, 1},{18284, 7},
{11133, 17},{19853, 0},{3781, 16},{21422, 3},{25273, 10},{3781, 16},{16259, 7},{2276, 17},{23975, 4},{540, 7},
{9424, 8},{20242, 7},{8206, 17},{14890, 8},{20240, 7},{25273, 10},{544, 7},{23975, 4},{3781, 16},{5106, 7},
{14254, 7},{18959, 7},{9283, 8},{3781, 16},{22803, 1},{21232, 17},{24752, 4},{5108, 7},{25273, 10},{1364, 7},
{3781, 16},{9282, 8},{5249, 17},{8048, 7},{25273, 10},{24752, 4},{18949, 7},{4424, 10},{25785, 15},{9130, 15},
{18762, 8},{1359, 7},{24752, 4},{3781, 16},{18959, 7},{26039, 8},{25273, 10},{24578, 17},{12026, 7},{3781, 16},
{25273, 10},{25732, 17},{24752, 4},{12029, 7},{9290, 8},{18949, 7},{1358, 7},{25273, 10},{24752, 4},{18959, 7},
{8047, 7},{3781, 16},{5108, 7},{2187, 17},{12029, 7},{9289, 8},{3781, 16},{8048, 7},{1354, 7},{24752, 4},
{25273, 10},{9288, 8},{12030, 7},{14619, 17},{3781, 16},{18960, 7},{5104, 7},{6794, 17},{12028, 7},{24752, 4},
{25273, 10},{9287, 8},{18186, 17},{12028, 7},{12024, 7},{9286, 8},{24752, 4},{3781, 16},{18953, 7},{25273, 10},
{14253, 7},{8227, 7},{1363, 7},{4116, 1},{25273, 10},{1296, 17},{9285, 8},{24752, 4},{3781, 16},{9284, 8},
{12843, 17},{12026, 7},{25273, 10},{6922, 7},{8048, 7},{3781, 16},{24752, 4},{14182, 7},{25273, 10},{2755, 7},
{3781, 16},{12253, 4},{12950, 17},{2986, 8},{7013, 7},{9558, 1},{5844, 7},{8265, 17},{25273, 10},{1143, 4},
{8509, 8},{3781, 16},{7837, 7},{12847, 3},{4494, 8},{11418, 7},{7672, 10},{25796, 7},{12519, 1},{17993, 17},
{3781, 16},{23665, 10},{19954, 4},{18597, 7},{7834, 7},{19954, 4},{7672, 10},{836, 17},{3781, 16},{4492, 8},
{7988, 3},{10844, 1},{7830, 7},{1685, 10},{6326, 3},{25801, 7},{19954, 4},{23665, 10},{3781, 16},{7672, 10},
{22700, 17},{19138, 8},{25802, 7},{12521, 1},{18597, 7},{18024, 17},{20816, 7},{23665, 10},{19954, 4},{9461, 8},
{25799, 7},{869, 1},{7672, 10},{3781, 16},{11415, 7},{790, 3},{3781, 16},{23665, 10},{863, 1},{7672, 10},
{5385, 17},{11422, 7},{10075, 8},{14035, 3},{19954, 4},{7672, 10},{12521, 1},{1223, 10},{19954, 4},{25611, 0},
{9767, 8},{593, 3},{11415, 7},{3781, 16},{19224, 17},{20821, 7},{870, 3},{871, 1},{7672, 10},{19954, 4},
{3924, 17},{3781, 16},{1126, 7},{1740, 0},{4532, 8},{1223, 10},{7831, 7},{7672, 10},{11417, 7},{11415, 7},
{25793, 7},{1166, 3},{19183, 8},{3781, 16},{23665, 10},{12516, 1},{15793, 17},{19954, 4},{11415, 7},{19954, 4},
{7672, 10},{25792, 7},{20260, 8},{3781, 16},{4962, 17},{20821, 7},{11537, 3},{12513, 1},{19954, 4},{20819, 7},
{1127, 7},{12519, 1},{16516, 17},{3781, 16},{1126, 7},{8806, 3},{9463, 8},{7672, 10},{7577, 8},{8365, 1},
{3781, 16},{23975, 4},{25058, 7},{9768, 3},{19916, 17},{7672, 10},{20588, 7},{15272, 4},{21743, 17},{25273, 10},
{14143, 8},{3781, 16},{17355, 7},{23616, 17},{10840, 7},{1448, 1},{10551, 7},{15272, 4},{3781, 16},{14140, 8},
{3769, 7},{25273, 10},{23462, 7},{9457, 1},{23975, 4},{3781, 16},{19116, 7},{19123, 7},{7672, 10},{7578, 8},
{15401, 17},{26442, 3},{21764, 17},{14146, 8},{3781, 16},{25273, 10},{1442, 1},{15272, 4},{3768, 7},{16456, 7},
{15272, 4},{3766, 7},{13468, 17},{3781, 16},{14147, 8},{25273, 10},{3773, 7},{10552, 7},{20623, 7},{73, 17},
{23665, 10},{23975, 4},{8365, 1},{4668, 3},{25064, 7},{3781, 16},{7672, 10},{7575, 8},{4424, 10},{6690, 8},
{26027, 15},{7976, 15},{7976, 15},{6692, 8},{4424, 10},{7976, 15},{9434, 8},{17630, 15},{4424, 10},{7976, 15},
{4424, 10},{15686, 8},{10961, 15},{18762, 8},{4424, 10},{7976, 15},{17626, 15},{7672, 10},{23061, 1},{7163, 0},
{19113, 7},{23975, 4},{13080, 3},{15747, 17},{3781, 16},{19120, 7},{1223, 10},{7574, 8},{18764, 8},{7976, 15},
{4424, 10},{1685, 10},{18766, 8},{7976, 15},{4424, 10},{4424, 10},{18767, 8},{17827, 15},{7976, 15},{2769, 8},
{2473, 10},{2768, 8},{2473, 10},{1685, 10},{2771, 8},{2473, 10},{2770, 8},{2473, 10},{2473, 10},{2773, 8},
{2473, 10},{2772, 8},{2473, 10},{2775, 8},{2473, 10},{2774, 8},{2473, 10},{16695, 8},{2473, 10},{2776, 8},
{25126, 10},{13580, 8},{13581, 8},{25126, 10},{12855, 8},{25126, 10},{13583, 8},{25126, 10},{25126, 10},{13576, 8},
{13577, 8},{25126, 10},{25126, 10},{13578, 8},{13579, 8},{25126, 10},{439, 7},{12478, 0},{7672, 10},{9799, 7},
{15775, 7},{12332, 1},{19608, 3},{3781, 16},{14589, 8},{1223, 10},{1530, 4},{9838, 17},{1530, 4},{7672, 10},
{20155, 7},{15770, 7},{20486, 17},{3781, 16},{12329, 1},{14588, 8},{15678, 3},{2184, 3},{12481, 0},{15447, 1},
{7672, 10},{14587, 8},{1223, 10},{8550, 17},{15776, 7},{439, 7},{20150, 7},{3781, 16},{1530, 4},{25922, 1},
{3781, 16},{14586, 8},{40, 17},{436, 7},{7672, 10},{1530, 4},{16346, 3},{3781, 16},{25237, 3},{7672, 10},
{1530, 4},{13151, 1},{6118, 17},{435, 7},{14585, 8},{7672, 10},{1530, 4},{13149, 1},{3781, 16},{16666, 17},
{14078, 7},{15133, 3},{23665, 10},{14584, 8},{14078, 7},{7672, 10},{25294, 17},{14583, 8},{25926, 1},{12515, 3},
{3781, 16},{1530, 4},{12126, 3},{13151, 1},{9800, 7},{434, 7},{7672, 10},{15776, 7},{14582, 8},{3781, 16},
{1703, 17},{1530, 4},{25957, 3},{6053, 17},{14074, 7},{3781, 16},{14593, 8},{25926, 1},{6322, 7},{7672, 10},
{1530, 4},{13148, 1},{14592, 8},{17656, 3},{15769, 7},{1530, 4},{20156, 7},{7672, 10},{23665, 10},{3781, 16},
{21030, 17},{3781, 16},{5047, 7},{13697, 8},{22652, 7},{8561, 7},{22650, 7},{25273, 10},{22852, 17},{15066, 4},
{15066, 4},{7818, 7},{25273, 10},{22646, 7},{3781, 16},{8563, 7},{3500, 17},{13698, 8},{8564, 7},{401, 7},
{13695, 8},{3781, 16},{15066, 4},{7818, 7},{25273, 10},{23972, 17},{15066, 4},{3781, 16},{24174, 17},{25273, 10},
{7821, 7},{2656, 7},{13696, 8},{2658, 7},{15066, 4},{3781, 16},{14851, 7},{13693, 8},{7294, 17},{15862, 7},
{7826, 7},{25273, 10},{8557, 7},{3781, 16},{14868, 7},{25273, 10},{14316, 17},{13694, 8},{15859, 7},{15066, 4},
{25273, 10},{13691, 8},{5307, 17},{8557, 7},{7817, 7},{20085, 7},{3781, 16},{14854, 7},{15066, 4},{3781, 16},
{5047, 7},{15066, 4},{22648, 7},{25245, 17},{15861, 7},{25273, 10},{13692, 8},{13701, 8},{15066, 4},{7821, 7},
{21995, 17},{20088, 7},{15859, 7},{25273, 10},{3781, 16},{2661, 7},{8557, 7},{3781, 16},{13702, 8},{15066, 4},
{21230, 7},{6809, 17},{25273, 10},{22653, 7},{1685, 10},{25126, 10},{19497, 8},{19494, 8},{25126, 10},{25126, 10},
{19495, 8},{25126, 10},{19500, 8},{25126, 10},{19501, 8},{25126, 10},{19498, 8},{19499, 8},{25126, 10},{19492, 8},
{25126, 10},{25126, 10},{19493, 8},{18549, 8},{5525, 7},{5530, 7},{7889, 17},{25273, 10},{12232, 4},{3781, 16},
{113, 17},{3781, 16},{12232, 4},{5495, 8},{19927, 7},{25273, 10},{12500, 7},{6475, 17},{3781, 16},{14310, 7},
{12232, 4},{25273, 10},{11778, 7},{18547, 8},{21546, 17},{25273, 10},{12232, 4},{19930, 7},{18548, 8},{19927, 7},
{3781, 16},{8153, 1},{7369, 7},{12232, 4},{11782, 7},{18545, 8},{3481, 17},{25273, 10},{3781, 16},{7365, 7},
{7475, 7},{14309, 7},{15938, 17},{18546, 8},{3781, 16},{12232, 4},{14303, 7},{11781, 7},{25273, 10},{18543, 8},
{5023, 1},{25273, 10},{14303, 7},{19928, 7},{12232, 4},{1514, 17},{3781, 16},{3781, 16},{18544, 8},{25273, 10},
{7363, 7},{6310, 7},{8148, 1},{12232, 4},{811, 17},{19927, 7},{18552, 8},{25273, 10},{12578, 17},{3781, 16},
{19927, 7},{12232, 4},{7365, 7},{14310, 7},{6310, 7},{11778, 7},{3781, 16},{18553, 8},{12232, 4},{25273, 10},
{19923, 7},{24119, 17},{18765, 8},{17827, 15},{10179, 15},{6296, 15},{4424, 10},{4424, 10},{6296, 15},{18764, 8},
{18767, 8},{4424, 10},{6296, 15},{6296, 15},{4424, 10},{18766, 8},{4424, 10},{6296, 15},{18534, 15},{10174, 15},
{15686, 8},{4424, 10},{9434, 8},{11784, 15},{6296, 15},{6296, 15},{4424, 10},{18763, 8},{4424, 10},{18762, 8},
{6296, 15},{6296, 15},{6692, 8},{4424, 10},{6296, 15},{4424, 10},{19297, 15},{6690, 8},{21074, 15},{24669, 15},
{4133, 15},{15686, 8},{25292, 15},{4424, 10},{19328, 15},{4133, 15},{4424, 10},{24677, 15},{9434, 8},{4271, 15},
{18763, 8},{4133, 15},{4424, 10},{16380, 15},{18762, 8},{4271, 15},{4133, 15},{4424, 10},{18765, 8},{4133, 15},
{4424, 10},{18764, 8},{16701, 15},{4424, 10},{4133, 15},{4273, 15},{4133, 15},{18767, 8},{9544, 15},{4424, 10},
{23552, 15},{18766, 8},{4424, 10},{4133, 15},{4424, 10},{4133, 15},{6692, 8},{6690, 8},{4133, 15},{4424, 10},
{3659, 8},{2473, 10},{3781, 16},{20382, 7},{13203, 1},{16789, 17},{22276, 8},{11119, 0},{20834, 3},{7672, 10},
{700, 7},{23441, 4},{15741, 7},{1223, 10},{693, 7},{23945, 1},{7672, 10},{3387, 3},{692, 7},{23441, 4},
{22275, 8},{25544, 17},{23981, 0},{3781, 16},{23247, 7},{1223, 10},{700, 7},{1727, 8},{3781, 16},{26131, 3},
{7672, 10},{26230, 1},{10302, 17},{693, 7},{23441, 4},{10545, 3},{699, 7},{23441, 4},{15736, 7},{6711, 7},
{23950, 1},{6438, 17},{3781, 16},{7672, 10},{22267, 8},{3781, 16},{18241, 17},{7672, 10},{22270, 8},{25021, 3},
{6709, 7},{11071, 1},{6712, 7},{23441, 4},{6708, 7},{23254, 7},{3781, 16},{7672, 10},{694, 7},{4428, 17},
{22269, 8},{23441, 4},{19232, 3},{11086, 1},{4933, 17},{23665, 10},{22272, 8},{3781, 16},{23441, 4},{16692, 3},
{7672, 10},{15735, 7},{23947, 1},{20386, 7},{24358, 3},{23441, 4},{7672, 10},{4307, 0},{3781, 16},{1730, 8},
{15735, 7},{5297, 1},{1289, 17},{1223, 10},{15739, 7},{23665, 10},{19188, 3},{7672, 10},{23945, 1},{1733, 8},
{24722, 17},{3781, 16},{23441, 4},{20379, 7},{22273, 8},{3781, 16},{23441, 4},{26002, 1},{1776, 17},{691, 7},
{7672, 10},{6912, 3},{1745, 7},{25273, 10},{19954, 4},{3781, 16},{10296, 17},{11234, 8},{8080, 7},{1736, 7},
{18767, 8},{7095, 15},{4424, 10},{7095, 15},{4273, 15},{18764, 8},{4424, 10},{7095, 15},{4424, 10},{4269, 15},
{16701, 15},{18765, 8},{4424, 10},{18762, 8},{7095, 15},{9905, 15},{1685, 10},{16653, 8},{23975, 4},{20237, 7},
{16259, 7},{11049, 17},{544, 7},{25273, 10},{3781, 16},{22196, 17},{20242, 7},{21019, 8},{23975, 4},{8691, 7},
{3781, 16},{25273, 10},{16260, 7},{16661, 8},{3781, 16},{544, 7},{23975, 4},{7159, 7},{25273, 10},{8686, 7},
{17825, 17},{6283, 1},{540, 7},{23975, 4},{1668, 17},{16660, 8},{25273, 10},{16258, 7},{3781, 16},{23975, 4},
{16259, 7},{7164, 7},{16659, 8},{25273, 10},{3781, 16},{2504, 17},{536, 7},{23975, 4},{7157, 7},{3781, 16},
{14026, 17},{16658, 8},{9458, 1},{25273, 10},{7157, 7},{16657, 8},{3781, 16},{23975, 4},{25273, 10},{11946, 17},
{8689, 7},{16260, 7},{541, 7},{7156, 7},{23115, 17},{3781, 16},{23975, 4},{20242, 7},{25273, 10},{16656, 8},
{16655, 8},{3781, 16},{8399, 17},{25273, 10},{16258, 7},{23975, 4},{16255, 7},{8687, 7},{537, 7},{25273, 10},
{23975, 4},{5808, 17},{538, 7},{16654, 8},{3781, 16},{20239, 7},{3448, 15},{4424, 10},{18765, 8},{3448, 15},
{18764, 8},{4424, 10},{18767, 8},{3448, 15},{4424, 10},{3448, 15},{16435, 15},{18766, 8},{4424, 10},{4424, 10},
{15686, 8},{3448, 15},{3448, 15},{9434, 8},{15721, 15},{4424, 10},{4424, 10},{8641, 15},{18763, 8},{3448, 15},
{3448, 15},{4424, 10},{18762, 8},{3448, 15},{6692, 8},{4424, 10},{4424, 10},{3448, 15},{6690, 8},{18766, 8},
{4424, 10},{12299, 15},{17256, 15},{18767, 8},{4424, 10},{17256, 15},{17256, 15},{18764, 8},{4424, 10},{24045, 15},
{17256, 15},{19516, 15},{18765, 8},{4424, 10},{18762, 8},{17256, 15},{4424, 10},{4424, 10},{18763, 8},{17256, 15},
{4424, 10},{9434, 8},{22943, 15},{17256, 15},{17256, 15},{15686, 8},{4424, 10},{1685, 10},{8362, 15},{4424, 10},
{18762, 8},{1685, 10},{26441, 8},{18117, 17},{12065, 7},{3781, 16},{12064, 7},{19954, 4},{25273, 10},{12065, 7},
{26440, 8},{19954, 4},{2848, 17},{8071, 7},{25273, 10},{3781, 16},{19954, 4},{1743, 7},{25273, 10},{8075, 7},
{3781, 16},{12517, 1},{19680, 8},{10573, 17},{5130, 7},{26438, 8},{19954, 4},{25273, 10},{867, 1},{22708, 7},
{3781, 16},{22996, 17},{19954, 4},{19756, 8},{5135, 7},{5207, 17},{25273, 10},{25606, 7},{3781, 16},{3417, 15},
{4424, 10},{6692, 8},{26224, 15},{19282, 15},{15686, 8},{4424, 10},{23950, 15},{12064, 7},{1059, 8},{1740, 7},
{25273, 10},{21549, 17},{8076, 7},{1745, 7},{19954, 4},{3781, 16},{12677, 1},{4424, 10},{3413, 15},{26224, 15},
{18762, 8},{26224, 15},{4424, 10},{10221, 15},{19289, 15},{18763, 8},{26224, 15},{4424, 10},{9434, 8},{15686, 8},
{4424, 10},{26224, 15},{23852, 15},{26224, 15},{18766, 8},{4424, 10},{18767, 8},{26224, 15},{5516, 15},{23501, 15},
{4424, 10},{18764, 8},{10223, 15},{4424, 10},{26224, 15},{17710, 8},{5138, 7},{16118, 17},{25273, 10},{12065, 7},
{3781, 16},{1741, 7},{19954, 4},{1739, 7},{25273, 10},{25314, 4},{2984, 8},{26386, 17},{8132, 7},{3781, 16},
{8127, 7},{8129, 7},{16140, 7},{3781, 16},{18443, 8},{8204, 4},{1402, 3},{14683, 1},{7672, 10},{23126, 17},
{20215, 7},{25273, 10},{24388, 7},{2986, 8},{25314, 4},{22308, 7},{1904, 7},{3781, 16},{16215, 17},{25314, 4},
{3781, 16},{25273, 10},{22655, 17},{16147, 7},{2985, 8},{4707, 7},{8128, 7},{3781, 16},{4708, 7},{25273, 10},
{25314, 4},{8129, 7},{2980, 8},{9030, 17},{22307, 7},{24387, 7},{2928, 17},{2979, 8},{25314, 4},{25273, 10},
{22308, 7},{4706, 7},{3781, 16},{8132, 7},{3157, 1},{2982, 8},{24389, 7},{25314, 4},{4707, 7},{24387, 7},
{24845, 17},{3781, 16},{25273, 10},{3781, 16},{22308, 7},{8135, 7},{25314, 4},{8129, 7},{25273, 10},{2981, 8},
{4446, 17},{8133, 7},{8126, 7},{22303, 7},{2057, 17},{3781, 16},{22308, 7},{25273, 10},{16147, 7},{2988, 8},
{25314, 4},{2987, 8},{16143, 7},{22300, 7},{16142, 7},{25314, 4},{18494, 17},{24386, 7},{25273, 10},{3781, 16},
{5050, 8},{23665, 10},{1193, 7},{15571, 7},{12403, 17},{14688, 1},{7672, 10},{8204, 4},{17756, 3},{3781, 16},
{9196, 7},{25292, 15},{4135, 15},{4424, 10},{13020, 8},{18444, 8},{13467, 17},{25254, 3},{3781, 16},{2693, 7},
{13432, 1},{23665, 10},{8204, 4},{7672, 10},{16604, 17},{13433, 1},{7672, 10},{22334, 7},{3781, 16},{1537, 3},
{8204, 4},{5044, 8},{20864, 1},{17127, 8},{3781, 16},{8204, 4},{7672, 10},{16499, 17},{16070, 3},{20217, 7},
{9142, 15},{15686, 8},{4424, 10},{9434, 8},{4424, 10},{9142, 15},{8204, 4},{13433, 1},{1225, 3},{3781, 16},
{7672, 10},{7419, 17},{1206, 7},{5036, 8},{1685, 10},{1685, 10},{17520, 17},{12232, 4},{25273, 10},{18542, 7},
{3781, 16},{7365, 7},{23228, 8},{14307, 7},{25273, 10},{14305, 7},{23229, 8},{5528, 7},{4168, 17},{12232, 4},
{11779, 7},{3781, 16},{6310, 7},{7475, 7},{3781, 16},{12232, 4},{20145, 17},{23236, 8},{19355, 1},{6316, 7},
{7365, 7},{25273, 10},{19926, 7},{11772, 7},{25273, 10},{23237, 8},{12616, 17},{3781, 16},{12232, 4},{7306, 8},
{12232, 4},{25273, 10},{3781, 16},{11772, 7},{1851, 17},{19929, 7},{12232, 4},{23235, 8},{11781, 7},{3781, 16},
{19931, 7},{6040, 17},{25273, 10},{25985, 17},{3781, 16},{7475, 7},{25273, 10},{12232, 4},{12502, 7},{23232, 8},
{5524, 7},{19926, 7},{12232, 4},{25273, 10},{5525, 7},{12509, 7},{7137, 17},{12500, 7},{3781, 16},{19930, 7},
{23233, 8},{14309, 7},{23230, 8},{19930, 7},{3781, 16},{25273, 10},{7207, 17},{12232, 4},{8262, 17},{25273, 10},
{12232, 4},{12507, 7},{5533, 7},{11779, 7},{23231, 8},{3781, 16},{2473, 10},{24252, 8},{24251, 8},{2473, 10},
{24250, 8},{2473, 10},{24249, 8},{2473, 10},{2473, 10},{24256, 8},{24255, 8},{2473, 10},{2473, 10},{24254, 8},
{24253, 8},{2473, 10},{4012, 8},{2473, 10},{24246, 8},{2473, 10},{7819, 7},{21249, 7},{15855, 7},{9315, 17},
{3453, 1},{3781, 16},{25273, 10},{3398, 8},{15066, 4},{22649, 7},{15066, 4},{25273, 10},{6489, 17},{7821, 7},
{3781, 16},{3399, 8},{8564, 7},{3396, 8},{3781, 16},{25273, 10},{2661, 7},{15066, 4},{11563, 17},{22652, 7},
{15066, 4},{22650, 7},{3455, 1},{22454, 17},{5047, 7},{3397, 8},{25273, 10},{3781, 16},{2394, 17},{15066, 4},
{21230, 7},{3402, 8},{8565, 7},{15857, 7},{3781, 16},{7818, 7},{25273, 10},{20085, 7},{15066, 4},{9108, 17},
{25273, 10},{15853, 7},{3781, 16},{3403, 8},{22649, 7},{2653, 7},{1306, 17},{15066, 4},{3400, 8},{3781, 16},
{25273, 10},{8562, 7},{15066, 4},{3781, 16},{15380, 17},{21226, 7},{25273, 10},{22650, 7},{3401, 8},{8768, 15},
{4424, 10},{9138, 15},{13017, 8},{15859, 7},{20969, 8},{8559, 7},{25273, 10},{401, 7},{15066, 4},{7401, 17},
{3781, 16},{402, 7},{20972, 8},{3781, 16},{6377, 17},{15066, 4},{8562, 7},{14854, 7},{22653, 7},{25273, 10},
{5850, 7},{1143, 4},{25273, 10},{3781, 16},{16364, 8},{17519, 17},{10100, 7},{7003, 7},{19580, 7},{1143, 4},
{18849, 17},{16363, 8},{25273, 10},{5843, 7},{3781, 16},{3317, 7},{3781, 16},{16366, 8},{10089, 7},{3316, 7},
{24139, 17},{25273, 10},{1143, 4},{26346, 7},{25273, 10},{7012, 7},{26346, 7},{22617, 17},{23212, 8},{1143, 4},
{3781, 16},{3321, 7},{14233, 17},{3781, 16},{5844, 7},{16368, 8},{19581, 7},{1143, 4},{25273, 10},{16367, 8},
{3781, 16},{3316, 7},{998, 17},{5847, 7},{25273, 10},{1143, 4},{7002, 7},{3781, 16},{25273, 10},{16370, 8},
{19581, 7},{26344, 7},{19585, 7},{16872, 17},{1143, 4},{24696, 17},{10093, 7},{3781, 16},{25273, 10},{16369, 8},
{1143, 4},{7012, 7},{1143, 4},{10710, 17},{3781, 16},{16372, 8},{10094, 7},{19584, 7},{25273, 10},{5850, 7},
{26339, 7},{25273, 10},{3781, 16},{1143, 4},{10100, 7},{16371, 8},{25524, 17},{1685, 10},{1685, 10},{1685, 10},
{3458, 7},{20612, 17},{21360, 8},{11441, 7},{20977, 3},{23665, 10},{9138, 1},{13175, 4},{7672, 10},{3781, 16},
{1685, 10},{4424, 10},{18767, 8},{14069, 15},{20197, 15},{12424, 7},{25273, 10},{10576, 4},{15039, 7},{12833, 17},
{3781, 16},{4578, 8},{10679, 7},{7694, 7},{5451, 7},{12426, 7},{9437, 17},{7689, 7},{25273, 10},{9476, 8},
{3781, 16},{12425, 7},{10576, 4},{16790, 8},{10660, 7},{10576, 4},{25273, 10},{3781, 16},{7301, 17},{7097, 1},
{7691, 7},{20592, 7},{25273, 10},{10640, 7},{5457, 7},{10576, 4},{3781, 16},{9478, 8},{23898, 17},{5460, 7},
{12425, 7},{10664, 7},{14661, 7},{10576, 4},{9479, 8},{17722, 17},{3781, 16},{12435, 7},{25273, 10},{10576, 4},
{12425, 7},{12424, 7},{25273, 10},{3781, 16},{2860, 17},{4128, 1},{9480, 8},{12429, 7},{10576, 4},{14659, 7},
{5450, 7},{3781, 16},{10640, 7},{25273, 10},{12365, 17},{9481, 8},{9482, 8},{25171, 7},{25273, 10},{25857, 17},
{10576, 4},{3781, 16},{17629, 1},{12900, 7},{20597, 7},{1446, 1},{20287, 3},{7672, 10},{3781, 16},{8490, 8},
{5960, 7},{9770, 7},{690, 17},{15272, 4},{17355, 0},{5151, 3},{8491, 8},{15272, 4},{1445, 1},{17419, 17},
{3781, 16},{1223, 10},{22668, 7},{18315, 7},{7672, 10},{3781, 16},{17649, 17},{8720, 3},{10550, 0},{7672, 10},
{15272, 4},{1223, 10},{18322, 7},{8488, 8},{18319, 7},{901, 1},{3781, 16},{24175, 17},{23665, 10},{15272, 4},
{17261, 1},{9778, 7},{18319, 7},{5955, 7},{8489, 8},{8328, 3},{7672, 10},{7672, 10},{3781, 16},{898, 1},
{15272, 4},{231, 3},{8486, 8},{15485, 7},{21173, 17},{11954, 3},{3781, 16},{17259, 1},{8487, 8},{20124, 7},
{7672, 10},{15272, 4},{22667, 7},{13363, 17},{9776, 7},{7672, 10},{3781, 16},{15272, 4},{4003, 3},{22163, 17},
{17263, 1},{8484, 8},{5958, 7},{16639, 17},{3781, 16},{13729, 3},{7672, 10},{901, 1},{20125, 7},{15272, 4},
{18316, 7},{8485, 8},{6690, 8},{4424, 10},{13150, 15},{4424, 10},{13019, 8},{11664, 15},{15450, 15},{25197, 15},
{13020, 8},{15450, 15},{4424, 10},{8276, 15},{18766, 8},{4424, 10},{13150, 15},{21389, 15},{13150, 15},{4424, 10},
{18767, 8},{13150, 15},{18764, 8},{4424, 10},{11668, 15},{13150, 15},{4424, 10},{18765, 8},{11318, 15},{13150, 15},
{4424, 10},{1921, 15},{18762, 8},{6690, 8},{4424, 10},{20197, 15},{15603, 15},{9434, 8},{18455, 15},{8266, 15},
{4424, 10},{13150, 15},{15686, 8},{13150, 15},{4424, 10},{13018, 8},{4424, 10},{15450, 15},{1685, 10},{1685, 10},
{21367, 8},{3781, 16},{9345, 1},{7672, 10},{11448, 7},{6211, 17},{1223, 10},{10932, 7},{19904, 3},{13175, 4},
{10933, 7},{22796, 0},{4424, 10},{15450, 15},{13014, 8},{4424, 10},{13014, 8},{18449, 15},{15453, 15},{23765, 15},
{4424, 10},{13013, 8},{15453, 15},{16920, 15},{4424, 10},{13018, 8},{15453, 15},{4424, 10},{13017, 8},{15453, 15},
{15453, 15},{13020, 8},{4424, 10},{12459, 15},{1927, 15},{18089, 15},{15453, 15},{4424, 10},{13019, 8},{24752, 4},
{16065, 17},{16370, 8},{25273, 10},{3781, 16},{5107, 7},{12026, 7},{12026, 7},{3781, 16},{1359, 7},{25273, 10},
{16369, 8},{24752, 4},{46, 17},{25273, 10},{5107, 7},{16368, 8},{5446, 17},{14257, 7},{14255, 7},{3781, 16},
{24752, 4},{16367, 8},{3781, 16},{14253, 7},{24752, 4},{14250, 7},{25273, 10},{2680, 17},{1364, 7},{24794, 17},
{16366, 8},{5103, 7},{14253, 7},{12023, 7},{3781, 16},{24752, 4},{4121, 1},{25273, 10},{3781, 16},{23212, 8},
{21992, 17},{25273, 10},{12029, 7},{6923, 7},{24752, 4},{1359, 7},{25273, 10},{24752, 4},{14256, 7},{3781, 16},
{16364, 8},{5103, 7},{8929, 17},{5108, 7},{5103, 7},{2829, 17},{24752, 4},{3781, 16},{16363, 8},{25273, 10},
{14249, 7},{3781, 16},{24752, 4},{16372, 8},{7728, 17},{14253, 7},{12028, 7},{25273, 10},{1865, 17},{18953, 7},
{3781, 16},{16371, 8},{25273, 10},{15800, 7},{24752, 4},{14252, 7},{1685, 10},{1685, 10},{1685, 10},{16251, 13},
{2031, 5},{14553, 3},{3864, 10},{15272, 2},{9779, 9},{3717, 12},{3017, 9},{10551, 9},{3781, 16},{956, 17},
{13374, 8},{10552, 9},{2033, 5},{10550, 9},{3781, 16},{3922, 13},{9778, 9},{7412, 17},{15797, 12},{15272, 2},
{13375, 8},{3864, 10},{18982, 3},{17252, 13},{15272, 2},{9776, 9},{9777, 9},{3864, 10},{10840, 9},{24303, 5},
{10549, 9},{25766, 12},{24713, 3},{21014, 17},{3781, 16},{13372, 8},{15272, 2},{6329, 3},{22560, 12},{7942, 13},
{10876, 9},{13373, 8},{3864, 10},{15070, 17},{10547, 9},{24297, 5},{9775, 9},{3781, 16},{24917, 17},{14539, 13},
{3355, 3},{3864, 10},{3781, 16},{17816, 9},{15272, 2},{22455, 12},{13378, 8},{20168, 5},{9774, 9},{9772, 9},
{19180, 12},{2160, 17},{9773, 9},{3781, 16},{13379, 8},{3864, 10},{16472, 13},{15371, 3},{2034, 5},{3768, 9},
{15272, 2},{7758, 3},{13376, 8},{15272, 2},{2073, 12},{9771, 9},{3864, 10},{3781, 16},{9770, 9},{25983, 13},
{20162, 5},{3769, 9},{21439, 17},{9073, 3},{3864, 10},{15272, 2},{3781, 16},{22790, 9},{1225, 13},{944, 8},
{25226, 17},{18188, 5},{17187, 12},{3770, 9},{3771, 9},{15478, 9},{3864, 10},{20167, 5},{2804, 12},{19645, 3},
{3781, 16},{2515, 17},{13369, 8},{15272, 2},{9789, 13},{3772, 9},{13758, 9},{15272, 2},{3773, 9},{3043, 13},
{3781, 16},{5445, 3},{3864, 10},{3774, 9},{13370, 8},{22784, 9},{10766, 17},{24301, 5},{15371, 12},{13017, 8},
{11314, 15},{4074, 15},{4424, 10},{12331, 15},{13018, 8},{12331, 15},{21613, 15},{4424, 10},{12331, 15},{4424, 10},
{1927, 15},{13015, 8},{21383, 15},{13016, 8},{12331, 15},{4424, 10},{21604, 15},{18453, 15},{21392, 15},{13013, 8},
{4424, 10},{12331, 15},{12331, 15},{4424, 10},{13014, 8},{4424, 10},{18767, 8},{25922, 15},{25922, 15},{18766, 8},
{4424, 10},{2760, 7},{11869, 8},{25107, 17},{25273, 10},{12253, 4},{9415, 1},{7248, 7},{3781, 16},{25273, 10},
{216, 17},{12253, 4},{3781, 16},{3273, 7},{7248, 7},{13462, 8},{14174, 7},{25922, 15},{18763, 8},{4424, 10},
{4424, 10},{18762, 8},{25922, 15},{4424, 10},{15686, 8},{25922, 15},{9434, 8},{25922, 15},{4424, 10},{12253, 4},
{934, 17},{25273, 10},{16284, 7},{3781, 16},{19626, 8},{14182, 7},{3276, 7},{2757, 7},{3275, 7},{14184, 7},
{12253, 4},{19627, 8},{22223, 17},{3781, 16},{2627, 1},{25273, 10},{25273, 10},{3275, 7},{12253, 4},{19628, 8},
{3781, 16},{2764, 7},{22388, 7},{4664, 17},{8805, 17},{22396, 7},{19629, 8},{25273, 10},{3781, 16},{19856, 7},
{12253, 4},{19852, 7},{2763, 7},{3781, 16},{25273, 10},{12253, 4},{17123, 17},{11816, 8},{19857, 7},{3275, 7},
{22393, 7},{19849, 7},{3781, 16},{25273, 10},{22387, 7},{22614, 17},{19857, 7},{11819, 8},{12253, 4},{3781, 16},
{2756, 7},{19624, 8},{12253, 4},{25273, 10},{3267, 7},{25920, 17},{7242, 7},{6832, 17},{2755, 7},{3273, 7},
{25273, 10},{22398, 7},{3781, 16},{12253, 4},{19625, 8},{15903, 1},{3316, 9},{3317, 9},{1143, 2},{6932, 17},
{20798, 3},{19810, 9},{16029, 12},{15323, 10},{3754, 8},{2480, 13},{3781, 16},{25273, 10},{22997, 17},{8127, 7},
{14311, 1},{25314, 4},{9561, 8},{3781, 16},{8129, 7},{1447, 15},{3913, 15},{4424, 10},{13020, 8},{13019, 8},
{1447, 15},{4424, 10},{3640, 15},{13018, 8},{1447, 15},{3917, 15},{4424, 10},{4424, 10},{13017, 8},{1447, 15},
{4424, 10},{13013, 8},{1447, 15},{895, 15},{4424, 10},{22943, 15},{25183, 15},{13017, 8},{15858, 7},{2642, 7},
{3781, 16},{15066, 4},{8980, 8},{25273, 10},{14861, 7},{24011, 17},{2668, 17},{25273, 10},{15066, 4},{21249, 7},
{3781, 16},{8981, 8},{22651, 7},{2643, 7},{24257, 17},{25273, 10},{7821, 7},{3781, 16},{15066, 4},{23521, 8},
{16002, 17},{25273, 10},{3781, 16},{22646, 7},{15066, 4},{14854, 7},{3449, 1},{23522, 8},{23332, 17},{20088, 7},
{8559, 7},{21008, 8},{25273, 10},{15066, 4},{9041, 7},{22651, 7},{3781, 16},{15856, 7},{15857, 7},{3781, 16},
{15859, 7},{6662, 17},{7818, 7},{25273, 10},{15066, 4},{8963, 8},{25273, 10},{9041, 7},{23517, 8},{15066, 4},
{8560, 7},{17185, 17},{3781, 16},{23518, 8},{8560, 7},{25656, 17},{25273, 10},{3781, 16},{14868, 7},{5047, 7},
{15066, 4},{3781, 16},{14856, 7},{15066, 4},{23515, 8},{15858, 7},{2656, 7},{26132, 17},{15857, 7},{25273, 10},
{25273, 10},{7826, 7},{15066, 4},{24434, 17},{23516, 8},{20085, 7},{3781, 16},{8562, 7},{15853, 7},{25273, 10},
{18529, 7},{25262, 7},{13175, 4},{25988, 17},{3781, 16},{20653, 7},{2435, 8},{5611, 17},{25264, 7},{2448, 8},
{19806, 7},{3781, 16},{13175, 4},{25273, 10},{25273, 10},{8506, 17},{10281, 8},{18528, 7},{3781, 16},{13175, 4},
{18526, 7},{21068, 7},{3781, 16},{1705, 17},{2418, 8},{18527, 7},{25273, 10},{13175, 4},{25268, 7},{25262, 7},
{11762, 7},{3932, 1},{7980, 8},{3781, 16},{13175, 4},{22802, 7},{25273, 10},{23373, 17},{10211, 8},{14580, 17},
{18520, 7},{3781, 16},{25273, 10},{11764, 7},{21066, 7},{13175, 4},{18527, 7},{13175, 4},{25273, 10},{12691, 17},
{25262, 7},{3781, 16},{2345, 8},{11764, 7},{18526, 7},{18528, 7},{3781, 16},{14503, 17},{25273, 10},{21066, 7},
{20658, 7},{22798, 7},{2357, 8},{13175, 4},{11764, 7},{25273, 10},{5427, 17},{13175, 4},{20660, 7},{3781, 16},
{11747, 8},{18527, 7},{1685, 10},{15330, 8},{16422, 17},{8689, 7},{23975, 4},{7160, 7},{7158, 7},{6287, 1},
{25273, 10},{3781, 16},{8686, 7},{25273, 10},{541, 7},{6283, 1},{1221, 17},{23975, 4},{15329, 8},{7157, 7},
{3781, 16},{23975, 4},{8691, 7},{13163, 17},{3781, 16},{25273, 10},{15332, 8},{535, 7},{15331, 8},{7159, 7},
{3781, 16},{23975, 4},{544, 7},{17729, 17},{25273, 10},{9455, 1},{20238, 7},{11513, 17},{25273, 10},{16255, 7},
{23975, 4},{15334, 8},{3781, 16},{3781, 16},{23975, 4},{20236, 7},{15333, 8},{25273, 10},{14246, 17},{542, 7},
{539, 7},{25273, 10},{7162, 7},{3781, 16},{3483, 17},{15336, 8},{540, 7},{20240, 7},{23975, 4},{15335, 8},
{25273, 10},{15981, 17},{7158, 7},{3781, 16},{7161, 7},{23975, 4},{3841, 17},{3781, 16},{25273, 10},{542, 7},
{23975, 4},{7162, 7},{15338, 8},{8367, 1},{3781, 16},{15337, 8},{16256, 7},{23975, 4},{22695, 17},{25273, 10},
{20234, 7},{1685, 10},{2473, 10},{3661, 8},{2473, 10},{3662, 8},{3659, 8},{2473, 10},{2473, 10},{3660, 8},
{3657, 8},{2473, 10},{2473, 10},{3658, 8},{3655, 8},{2473, 10},{2473, 10},{3656, 8},{3664, 8},{2473, 10},
{2473, 10},{3665, 8},{17260, 15},{18762, 8},{4424, 10},{22949, 15},{7362, 7},{25273, 10},{12232, 4},{9058, 8},
{3781, 16},{5527, 7},{15281, 17},{11778, 7},{4424, 10},{25281, 15},{25944, 15},{13018, 8},{4424, 10},{25944, 15},
{13017, 8},{4424, 10},{13020, 8},{25944, 15},{26027, 15},{17826, 15},{13019, 8},{25944, 15},{4424, 10},{10179, 15},
{18537, 15},{13014, 8},{4424, 10},{25944, 15},{21082, 15},{5528, 7},{19930, 7},{3781, 16},{25273, 10},{12232, 4},
{14307, 7},{9489, 8},{2834, 17},{25944, 15},{21082, 15},{13016, 8},{4424, 10},{4424, 10},{13015, 8},{25944, 15},
{4424, 10},{17260, 15},{22947, 15},{15686, 8},{17502, 17},{13175, 4},{22801, 7},{3781, 16},{25273, 10},{22792, 7},
{13724, 8},{3781, 16},{13175, 4},{22799, 7},{19806, 7},{13725, 8},{25273, 10},{25266, 7},{15345, 17},{25269, 7},
{25273, 10},{13728, 8},{25266, 7},{13175, 4},{24602, 17},{3781, 16},{11769, 7},{21066, 7},{18526, 7},{12232, 4},
{11085, 17},{12506, 7},{25273, 10},{12505, 7},{23540, 8},{3781, 16},{13175, 4},{13726, 8},{18528, 7},{20653, 7},
{3781, 16},{25273, 10},{3264, 17},{19806, 7},{22799, 7},{20658, 7},{25266, 7},{25273, 10},{13727, 8},{3781, 16},
{22798, 7},{21761, 17},{13175, 4},{18526, 7},{13175, 4},{3781, 16},{25081, 17},{25273, 10},{22158, 7},{13732, 8},
{22792, 7},{22799, 7},{25273, 10},{25268, 7},{13733, 8},{13175, 4},{3781, 16},{14808, 17},{13730, 8},{25256, 7},
{13175, 4},{3781, 16},{22158, 7},{13193, 17},{25273, 10},{9134, 1},{17573, 7},{13175, 4},{3781, 16},{25273, 10},
{5951, 8},{10830, 17},{9135, 1},{25268, 7},{2458, 17},{23538, 8},{12232, 4},{19923, 7},{3781, 16},{19931, 7},
{12509, 7},{25273, 10},{12502, 7},{17775, 17},{16840, 8},{19925, 7},{25273, 10},{12232, 4},{12504, 7},{3781, 16},
{11779, 7},{22330, 15},{4424, 10},{13019, 8},{14049, 15},{13020, 8},{22330, 15},{4424, 10},{13017, 8},{4424, 10},
{22330, 15},{4424, 10},{22330, 15},{13018, 8},{4424, 10},{22330, 15},{13013, 8},{4424, 10},{13014, 8},{22330, 15},
{1685, 10},{1685, 10},{4424, 10},{3450, 15},{18763, 8},{4424, 10},{3450, 15},{716, 15},{18762, 8},{16426, 15},
{3450, 15},{4424, 10},{15686, 8},{4249, 15},{3450, 15},{4424, 10},{13617, 15},{9434, 8},{3450, 15},{18767, 8},
{4424, 10},{15728, 15},{3450, 15},{4424, 10},{18766, 8},{3450, 15},{8874, 15},{4424, 10},{18765, 8},{4424, 10},
{8632, 15},{18764, 8},{3450, 15},{6692, 8},{15725, 15},{3450, 15},{4424, 10},{6690, 8},{4424, 10},{3450, 15},
{12253, 4},{19848, 7},{3781, 16},{22005, 8},{7777, 17},{25273, 10},{19849, 7},{2762, 7},{2759, 7},{14181, 7},
{3781, 16},{20069, 17},{25273, 10},{2758, 7},{12253, 4},{22008, 8},{14175, 7},{19849, 7},{20880, 1},{25273, 10},
{21856, 17},{3594, 8},{19854, 7},{12253, 4},{3277, 7},{3781, 16},{22011, 8},{2760, 7},{3781, 16},{25273, 10},
{12253, 4},{22780, 17},{14179, 7},{3275, 7},{3596, 8},{22388, 7},{3781, 16},{14179, 7},{22398, 7},{25273, 10},
{12253, 4},{21580, 17},{2042, 17},{7251, 7},{2630, 1},{22394, 7},{25273, 10},{3781, 16},{3597, 8},{12253, 4},
{20883, 1},{9549, 8},{7119, 17},{12253, 4},{19849, 7},{3781, 16},{3276, 7},{3275, 7},{2758, 7},{25273, 10},
{3781, 16},{9561, 8},{12253, 4},{14181, 7},{25273, 10},{3271, 7},{22632, 17},{22393, 7},{3274, 7},{14184, 7},
{14890, 8},{2764, 7},{12253, 4},{3781, 16},{25273, 10},{7246, 7},{10116, 17},{22395, 7},{1881, 17},{25273, 10},
{3781, 16},{2761, 7},{9424, 8},{12253, 4},{7246, 7},{26043, 17},{536, 7},{16261, 7},{3781, 16},{25273, 10},
{538, 7},{23975, 4},{9480, 8},{13013, 8},{4424, 10},{14304, 15},{14304, 15},{13014, 8},{4424, 10},{4424, 10},
{14304, 15},{19300, 15},{13019, 8},{14304, 15},{4424, 10},{13020, 8},{26030, 15},{13017, 8},{14304, 15},{4424, 10},
{13018, 8},{4424, 10},{14304, 15},{1685, 10},{8688, 7},{20239, 7},{7158, 7},{23975, 4},{25273, 10},{6285, 1},
{3781, 16},{538, 7},{7340, 17},{9479, 8},{1685, 10},{25273, 10},{6855, 7},{6854, 7},{17612, 4},{14510, 7},
{3781, 16},{7189, 1},{10281, 8},{15594, 17},{2418, 8},{20550, 7},{14514, 7},{17612, 4},{3781, 16},{25273, 10},
{8105, 7},{23895, 17},{7539, 7},{25273, 10},{3781, 16},{2435, 8},{17612, 4},{2203, 17},{6852, 7},{2448, 8},
{6853, 7},{25273, 10},{8969, 17},{861, 7},{17612, 4},{7540, 7},{3781, 16},{8101, 7},{8100, 7},{5563, 17},
{17612, 4},{25273, 10},{8102, 7},{2345, 8},{14513, 7},{7543, 7},{3781, 16},{25273, 10},{14512, 7},{17612, 4},
{2357, 8},{25232, 1},{3781, 16},{8102, 7},{1697, 17},{7541, 7},{14514, 7},{20545, 7},{3781, 16},{14511, 7},
{25273, 10},{15592, 17},{17612, 4},{7980, 8},{6033, 17},{25273, 10},{20554, 7},{10211, 8},{3781, 16},{17612, 4},
{8100, 7},{12429, 7},{4071, 17},{18547, 8},{5455, 7},{19467, 7},{10669, 7},{10576, 4},{25273, 10},{3781, 16},
{25273, 10},{25168, 7},{18261, 17},{7092, 1},{18548, 8},{3781, 16},{10576, 4},{10673, 7},{7694, 7},{25126, 10},
{19498, 8},{5495, 8},{3781, 16},{25169, 7},{10576, 4},{20176, 17},{12430, 7},{20593, 7},{25168, 7},{25273, 10},
{15375, 17},{12868, 7},{3781, 16},{14661, 7},{10576, 4},{18543, 8},{5456, 7},{25273, 10},{20592, 7},{23054, 17},
{10576, 4},{18544, 8},{25273, 10},{10664, 7},{25172, 7},{5454, 7},{3781, 16},{25126, 10},{19494, 8},{3781, 16},
{10658, 7},{10576, 4},{12842, 17},{7692, 7},{25273, 10},{4129, 1},{18546, 8},{23529, 7},{25273, 10},{815, 17},
{3781, 16},{10124, 7},{16368, 8},{8204, 4},{11175, 15},{4424, 10},{3918, 15},{18762, 8},{13013, 8},{4424, 10},
{25234, 15},{4424, 10},{11175, 15},{18764, 8},{11175, 15},{18765, 8},{4424, 10},{25183, 15},{18766, 8},{3916, 15},
{25177, 15},{4424, 10},{11175, 15},{4424, 10},{11175, 15},{18767, 8},{13020, 8},{4476, 15},{25234, 15},{4424, 10},
{10126, 7},{25139, 7},{23212, 8},{22512, 17},{25133, 7},{19606, 7},{25273, 10},{3781, 16},{8204, 4},{25273, 10},
{19606, 7},{25133, 7},{8204, 4},{16364, 8},{19371, 17},{10120, 7},{3781, 16},{1685, 10},{25234, 15},{4424, 10},
{11512, 15},{7874, 15},{13017, 8},{11538, 10},{12633, 11},{909, 15},{13439, 15},{4424, 10},{4138, 15},{13017, 8},
{6690, 8},{22809, 15},{4424, 10},{13478, 15},{4424, 10},{6692, 8},{22809, 15},{603, 15},{21395, 15},{25273, 10},
{19292, 7},{12478, 7},{13694, 8},{3781, 16},{7149, 7},{8631, 17},{1530, 4},{15686, 8},{4424, 10},{22809, 15},
{25273, 10},{1530, 4},{3781, 16},{13692, 8},{25220, 7},{24957, 1},{12014, 17},{12491, 7},{22809, 15},{4424, 10},
{18763, 8},{20589, 15},{3781, 16},{1530, 4},{7146, 7},{24409, 17},{13698, 8},{19293, 7},{12480, 7},{15453, 1},
{25273, 10},{22809, 15},{18765, 8},{24875, 15},{4424, 10},{10185, 17},{3781, 16},{25273, 10},{26021, 7},{9568, 7},
{1530, 4},{5502, 7},{13696, 8},{7357, 7},{22809, 15},{18767, 8},{4424, 10},{4424, 10},{13017, 8},{3450, 15},
{16428, 15},{4424, 10},{6690, 8},{12482, 7},{15446, 1},{25273, 10},{15939, 17},{1530, 4},{22130, 8},{3781, 16},
{5502, 7},{12477, 7},{7145, 7},{5513, 7},{1530, 4},{15448, 1},{3781, 16},{13258, 8},{25273, 10},{17157, 17},
{25219, 7},{26023, 7},{1530, 4},{4601, 17},{16457, 8},{3781, 16},{25273, 10},{19292, 7},{18766, 8},{16428, 15},
{4424, 10},{7142, 7},{1704, 17},{19294, 7},{3781, 16},{1530, 4},{13205, 8},{25273, 10},{4424, 10},{18764, 8},
{14481, 15},{8363, 15},{8363, 15},{18765, 8},{4424, 10},{4424, 10},{8363, 15},{18766, 8},{18767, 8},{8363, 15},
{15580, 15},{4424, 10},{4424, 10},{8363, 15},{9434, 8},{4424, 10},{8363, 15},{15686, 8},{4424, 10},{18762, 8},
{8363, 15},{4424, 10},{18763, 8},{8363, 15},{4424, 10},{16428, 15},{18762, 8},{3781, 16},{25273, 10},{23580, 17},
{13169, 8},{1530, 4},{12483, 7},{9568, 7},{1685, 10},{23981, 7},{23441, 4},{5397, 8},{3781, 16},{10398, 7},
{25290, 17},{25273, 10},{4308, 7},{17150, 7},{914, 8},{11565, 7},{23441, 4},{3781, 16},{17148, 7},{25273, 10},
{22786, 17},{25273, 10},{917, 8},{23441, 4},{23987, 7},{3781, 16},{4307, 7},{15681, 17},{17149, 7},{17155, 7},
{10396, 7},{25382, 17},{23441, 4},{3781, 16},{25273, 10},{916, 8},{26003, 1},{23441, 4},{17147, 7},{3781, 16},
{12391, 17},{25273, 10},{11565, 7},{10398, 7},{911, 8},{10392, 7},{20662, 17},{19526, 1},{4314, 7},{910, 8},
{3781, 16},{25273, 10},{23441, 4},{11564, 7},{3781, 16},{25273, 10},{23983, 7},{913, 8},{23441, 4},{15847, 17},
{25273, 10},{3781, 16},{10394, 7},{912, 8},{23441, 4},{16987, 17},{23977, 7},{23441, 4},{4309, 7},{23983, 7},
{3781, 16},{17151, 7},{5370, 8},{10391, 7},{16513, 17},{25273, 10},{10392, 7},{4312, 7},{23441, 4},{11071, 1},
{3781, 16},{22466, 17},{25273, 10},{907, 8},{10391, 7},{4306, 7},{7609, 8},{25273, 10},{7818, 7},{21294, 17},
{15858, 7},{3781, 16},{15066, 4},{22647, 7},{25273, 10},{10750, 8},{18953, 7},{10164, 17},{24752, 4},{1359, 7},
{3781, 16},{18767, 8},{4424, 10},{11176, 15},{18766, 8},{11176, 15},{4424, 10},{2473, 10},{17401, 8},{1685, 10},
{1685, 10},{14971, 17},{2734, 8},{3781, 16},{25273, 10},{7158, 7},{23975, 4},{9455, 1},{8690, 7},{16255, 7},
{23975, 4},{539, 7},{3781, 16},{2733, 8},{370, 17},{25273, 10},{16259, 7},{7008, 7},{8140, 17},{25273, 10},
{9283, 8},{7002, 7},{1143, 4},{3781, 16},{10097, 7},{10098, 7},{7007, 7},{19578, 7},{25273, 10},{19976, 17},
{7012, 7},{3781, 16},{1143, 4},{3320, 7},{9282, 8},{26340, 7},{25273, 10},{19313, 17},{26339, 7},{1143, 4},
{5845, 7},{3781, 16},{9553, 1},{9285, 8},{9124, 15},{18765, 8},{4424, 10},{4424, 10},{11872, 15},{18766, 8},
{9124, 15},{25785, 15},{1143, 4},{9286, 8},{5846, 7},{25273, 10},{21762, 17},{3781, 16},{10094, 7},{20714, 1},
{7006, 7},{23975, 4},{3781, 16},{8687, 7},{25097, 17},{23061, 1},{25273, 10},{2722, 8},{7160, 7},{543, 7},
{3321, 7},{12526, 17},{3781, 16},{5850, 7},{25273, 10},{7003, 7},{1143, 4},{9288, 8},{26341, 7},{26039, 8},
{1143, 4},{16412, 17},{3781, 16},{10099, 7},{25273, 10},{5843, 7},{19581, 7},{3781, 16},{1143, 4},{25273, 10},
{9290, 8},{10911, 17},{3781, 16},{16066, 3},{26083, 7},{25314, 4},{2030, 17},{8487, 8},{9841, 7},{19349, 7},
{4372, 1},{7672, 10},{23665, 10},{3662, 8},{2473, 10},{7293, 14},{1828, 10},{1672, 8},{20714, 15},{4424, 10},
{13016, 8},{13454, 17},{7672, 10},{3781, 16},{9842, 7},{4550, 3},{14311, 1},{25314, 4},{8485, 8},{13203, 15},
{13018, 8},{4424, 10},{2473, 10},{3660, 8},{4373, 1},{20909, 3},{25314, 4},{19344, 7},{6896, 17},{7672, 10},
{4196, 7},{8491, 8},{3781, 16},{21187, 9},{2036, 5},{25421, 17},{24522, 12},{8460, 13},{3864, 10},{3781, 16},
{10576, 2},{16593, 8},{16940, 3},{20597, 9},{9842, 7},{8490, 8},{26088, 7},{25314, 4},{4367, 1},{109, 17},
{21302, 3},{3781, 16},{7672, 10},{7672, 10},{8489, 8},{14306, 1},{4193, 7},{8003, 17},{19339, 7},{3781, 16},
{25314, 4},{24803, 3},{19340, 7},{4195, 7},{17455, 3},{9844, 7},{8488, 8},{4373, 1},{5937, 17},{3781, 16},
{25314, 4},{7672, 10},{910, 8},{25273, 10},{14512, 7},{17612, 4},{16054, 17},{3781, 16},{8108, 7},{852, 7},
{14507, 7},{6856, 7},{1654, 17},{911, 8},{20548, 7},{20553, 7},{3781, 16},{17612, 4},{25273, 10},{4347, 8},
{25273, 10},{14661, 7},{10660, 7},{19469, 7},{3781, 16},{10576, 4},{11180, 17},{8286, 7},{25273, 10},{3781, 16},
{12857, 7},{5460, 7},{10742, 17},{10576, 4},{4348, 8},{19467, 7},{24428, 17},{10576, 4},{14661, 7},{3781, 16},
{25273, 10},{4349, 8},{10640, 7},{6851, 7},{17612, 4},{25273, 10},{7541, 7},{5397, 8},{3781, 16},{9169, 17},
{4757, 17},{25273, 10},{14506, 7},{17612, 4},{9125, 1},{3781, 16},{916, 8},{8108, 7},{25273, 10},{4352, 8},
{7693, 7},{10576, 4},{5454, 7},{16343, 17},{7093, 1},{3781, 16},{25169, 7},{5522, 17},{3781, 16},{20545, 7},
{25273, 10},{7541, 7},{853, 7},{907, 8},{17612, 4},{5370, 8},{25273, 10},{8106, 7},{24860, 17},{3781, 16},
{20550, 7},{17612, 4},{1685, 10},{1685, 10},{4424, 10},{26225, 15},{19287, 15},{15686, 8},{26225, 15},{9434, 8},
{4424, 10},{26225, 15},{18763, 8},{4424, 10},{23501, 15},{26225, 15},{18762, 8},{4424, 10},{18765, 8},{4424, 10},
{26225, 15},{26225, 15},{4424, 10},{18764, 8},{19283, 15},{18767, 8},{26225, 15},{4424, 10},{26225, 15},{4424, 10},
{18766, 8},{26225, 15},{4424, 10},{6692, 8},{16989, 15},{4424, 10},{26225, 15},{6690, 8},{3781, 16},{4738, 8},
{6136, 3},{13547, 17},{10848, 1},{19954, 4},{1127, 7},{7672, 10},{20287, 3},{15445, 17},{4737, 8},{7672, 10},
{11419, 7},{3781, 16},{23665, 10},{25799, 7},{868, 1},{19954, 4},{12677, 1},{7672, 10},{15186, 3},{25800, 7},
{7830, 7},{18940, 17},{2300, 8},{19954, 4},{3781, 16},{17121, 17},{19954, 4},{11415, 7},{12522, 1},{7835, 7},
{3781, 16},{7672, 10},{12493, 3},{20825, 7},{4729, 8},{19954, 4},{25797, 7},{24822, 0},{17345, 3},{11545, 17},
{7672, 10},{2303, 8},{1121, 7},{1223, 10},{863, 1},{3781, 16},{2719, 17},{7203, 3},{4731, 8},{7832, 7},
{7672, 10},{19954, 4},{20821, 7},{3781, 16},{20820, 7},{10846, 1},{3781, 16},{7830, 7},{872, 1},{7672, 10},
{23665, 10},{20420, 17},{5330, 3},{4734, 8},{19954, 4},{12605, 17},{20816, 7},{7672, 10},{23665, 10},{7833, 7},
{19954, 4},{4733, 8},{24654, 3},{12653, 1},{3781, 16},{20819, 7},{25799, 7},{259, 17},{1120, 7},{10846, 1},
{7672, 10},{4736, 8},{19954, 4},{16136, 3},{3781, 16},{3781, 16},{4735, 8},{25792, 7},{19954, 4},{12512, 1},
{9072, 17},{261, 3},{7672, 10},{1132, 7},{1685, 10},{3781, 16},{26380, 17},{8556, 7},{10754, 8},{7269, 1},
{25273, 10},{3840, 7},{15066, 4},{15112, 17},{10755, 8},{3781, 16},{15066, 4},{9041, 7},{21249, 7},{25273, 10},
{22646, 7},{14856, 7},{15066, 4},{10746, 8},{7178, 17},{3781, 16},{25273, 10},{2643, 7},{2640, 7},{8559, 7},
{9041, 7},{418, 17},{3454, 1},{15066, 4},{3781, 16},{25273, 10},{8557, 7},{10747, 8},{15857, 7},{850, 17},
{2643, 7},{8564, 7},{3781, 16},{2656, 7},{25273, 10},{10744, 8},{15066, 4},{3840, 7},{24862, 17},{10745, 8},
{3781, 16},{22648, 7},{25273, 10},{15066, 4},{10750, 8},{20085, 7},{25273, 10},{15066, 4},{15858, 7},{3781, 16},
{6018, 17},{25273, 10},{2640, 7},{3728, 17},{8557, 7},{3781, 16},{21226, 7},{10751, 8},{22652, 7},{15066, 4},
{8560, 7},{3781, 16},{8683, 17},{2658, 7},{20088, 7},{25273, 10},{10748, 8},{15066, 4},{7278, 1},{15066, 4},
{2640, 7},{16952, 17},{10749, 8},{3781, 16},{25273, 10},{7817, 7},{8562, 7},{8559, 7},{18548, 8},{23378, 17},
{8970, 7},{25135, 7},{8204, 4},{25273, 10},{3781, 16},{25273, 10},{18547, 8},{8204, 4},{3781, 16},{15804, 17},
{10124, 7},{23523, 7},{3781, 16},{25273, 10},{10124, 7},{8204, 4},{5495, 8},{13814, 17},{5433, 7},{1685, 10},
{8204, 4},{25130, 7},{25273, 10},{10120, 7},{16897, 7},{3781, 16},{12432, 17},{18549, 8},{7274, 15},{4424, 10},
{15686, 8},{12253, 4},{15333, 8},{16285, 7},{3781, 16},{9358, 17},{25273, 10},{2756, 7},{2759, 7},{14182, 7},
{15334, 8},{3275, 7},{2756, 7},{25074, 17},{25273, 10},{3781, 16},{12253, 4},{16413, 17},{25273, 10},{10126, 7},
{5424, 7},{5434, 7},{8204, 4},{3781, 16},{23519, 7},{18546, 8},{12253, 4},{2761, 7},{7248, 7},{3781, 16},
{3267, 7},{1216, 17},{25273, 10},{15336, 8},{14178, 7},{1685, 10},{1685, 10},{22807, 15},{6690, 8},{4424, 10},
{4424, 10},{6692, 8},{22807, 15},{24510, 3},{3781, 16},{6059, 17},{2701, 7},{1197, 1},{8204, 4},{22276, 8},
{7672, 10},{3781, 16},{22342, 7},{22275, 8},{7672, 10},{16940, 3},{13436, 1},{17066, 17},{8204, 4},{9395, 7},
{1198, 7},{23665, 10},{7672, 10},{13439, 1},{15572, 7},{20525, 17},{3781, 16},{16733, 3},{1733, 8},{8204, 4},
{2696, 7},{4424, 10},{18767, 8},{22807, 15},{17848, 15},{4424, 10},{18764, 8},{22807, 15},{22807, 15},{11681, 15},
{18765, 8},{587, 15},{4424, 10},{22807, 15},{18762, 8},{4424, 10},{9393, 7},{4320, 17},{19603, 0},{7672, 10},
{3781, 16},{14679, 1},{1223, 10},{2696, 7},{16211, 3},{8204, 4},{22269, 8},{22337, 7},{7672, 10},{2700, 7},
{3781, 16},{23665, 10},{20198, 1},{8204, 4},{16534, 17},{12322, 3},{22336, 7},{1727, 8},{1192, 7},{7672, 10},
{1193, 7},{8204, 4},{9397, 7},{13438, 1},{30, 17},{3781, 16},{22267, 8},{1849, 3},{11074, 15},{13019, 8},
{4424, 10},{4424, 10},{13020, 8},{11074, 15},{11074, 15},{13017, 8},{4424, 10},{11074, 15},{4424, 10},{13018, 8},
{675, 15},{13013, 8},{4424, 10},{11074, 15},{1685, 10},{1685, 10},{1685, 10},{1685, 10},{13015, 8},{4424, 10},
{15902, 15},{15902, 15},{4424, 10},{18378, 15},{13014, 8},{906, 1},{7672, 10},{20131, 7},{1223, 10},{9777, 7},
{17582, 3},{15475, 7},{23463, 0},{1756, 8},{15272, 4},{6910, 17},{3781, 16},{4424, 10},{13020, 8},{15902, 15},
{15902, 15},{4424, 10},{13019, 8},{13018, 8},{4424, 10},{15902, 15},{16765, 15},{13017, 8},{15902, 15},{18353, 15},
{4424, 10},{1685, 10},{13750, 7},{7672, 10},{1757, 8},{17261, 1},{12190, 17},{22669, 7},{15272, 4},{18370, 3},
{3017, 7},{3781, 16},{1685, 10},{22910, 15},{6692, 8},{4424, 10},{22910, 15},{4424, 10},{6690, 8},{25293, 15},
{12536, 15},{22910, 15},{4424, 10},{18765, 8},{5571, 15},{4424, 10},{9547, 15},{18764, 8},{22910, 15},{4424, 10},
{25286, 15},{22910, 15},{18767, 8},{22910, 15},{4424, 10},{16389, 15},{18766, 8},{9548, 15},{22910, 15},{22500, 15},
{15686, 8},{4424, 10},{9434, 8},{23558, 15},{22910, 15},{4424, 10},{9907, 15},{18763, 8},{22910, 15},{4424, 10},
{22910, 15},{4424, 10},{18762, 8},{14184, 7},{23815, 17},{25273, 10},{19854, 7},{11933, 8},{12253, 4},{3781, 16},
{19181, 17},{25273, 10},{12253, 4},{22394, 7},{11936, 8},{14182, 7},{3781, 16},{2755, 7},{3271, 7},{16286, 7},
{15368, 17},{12253, 4},{11942, 8},{3781, 16},{25273, 10},{14181, 7},{14177, 7},{11944, 8},{25273, 10},{25590, 17},
{3781, 16},{12253, 4},{22392, 7},{16284, 7},{3781, 16},{25273, 10},{7252, 7},{10729, 8},{12253, 4},{20797, 17},
{19854, 7},{12253, 4},{25273, 10},{22395, 7},{2759, 7},{26326, 17},{10730, 8},{16285, 7},{3781, 16},{2760, 7},
{25273, 10},{12253, 4},{10723, 8},{3781, 16},{22719, 17},{14174, 7},{12253, 4},{3781, 16},{14178, 7},{3266, 7},
{22397, 7},{25273, 10},{7247, 7},{10724, 8},{5144, 17},{10725, 8},{3274, 7},{12253, 4},{22388, 7},{3781, 16},
{25273, 10},{3275, 7},{19385, 17},{14181, 7},{22393, 7},{3781, 16},{25273, 10},{19854, 7},{14240, 17},{12253, 4},
{14182, 7},{10726, 8},{1303, 15},{18766, 8},{12729, 15},{4424, 10},{7758, 12},{25314, 2},{13736, 13},{938, 17},
{26088, 9},{15323, 10},{22072, 3},{4194, 9},{16143, 9},{3781, 16},{8481, 8},{3980, 3},{15323, 10},{8467, 8},
{18136, 17},{4196, 9},{3936, 13},{25314, 2},{16140, 9},{16141, 9},{25789, 12},{3781, 16},{4193, 9},{13056, 3},
{3781, 16},{8462, 8},{14979, 17},{16144, 9},{15323, 10},{26080, 9},{25314, 2},{16145, 9},{24953, 13},{9768, 12},
{26087, 9},{18858, 12},{13502, 8},{16142, 9},{3781, 16},{25472, 13},{16464, 3},{25314, 2},{15323, 10},{7360, 17},
{7698, 3},{15198, 12},{12511, 17},{3781, 16},{16149, 9},{25314, 2},{15323, 10},{4195, 9},{3754, 8},{25016, 13},
{8504, 8},{3781, 16},{16150, 9},{7561, 3},{4192, 9},{3806, 17},{25314, 2},{9278, 9},{22412, 12},{4191, 9},
{15323, 10},{10470, 13},{2473, 10},{24246, 8},{6690, 8},{4131, 15},{4424, 10},{24545, 7},{7672, 10},{19218, 17},
{180, 1},{18443, 8},{23665, 10},{3781, 16},{10606, 3},{25314, 4},{25314, 4},{1223, 10},{24546, 7},{7672, 10},
{15384, 17},{8128, 0},{9835, 7},{12631, 3},{180, 1},{18442, 8},{3781, 16},{24537, 7},{5672, 3},{3781, 16},
{530, 17},{180, 1},{25314, 4},{24545, 7},{23665, 10},{7672, 10},{5050, 8},{2073, 3},{7672, 10},{9839, 7},
{4195, 7},{1223, 10},{6256, 17},{25314, 4},{4196, 7},{18444, 8},{4707, 0},{3781, 16},{4370, 1},{7672, 10},
{5044, 8},{26080, 7},{14775, 17},{4194, 7},{3781, 16},{3161, 1},{22271, 3},{25314, 4},{24541, 7},{15643, 17},
{3781, 16},{19342, 7},{17127, 8},{1223, 10},{24385, 0},{26432, 3},{7672, 10},{25314, 4},{3155, 1},{3158, 1},
{7672, 10},{3781, 16},{23313, 3},{19341, 7},{11544, 17},{18441, 8},{25314, 4},{24546, 7},{7976, 1},{9846, 7},
{26077, 7},{17575, 17},{18440, 8},{7672, 10},{25314, 4},{16613, 3},{3781, 16},{25314, 4},{5036, 8},{3781, 16},
{7976, 1},{5497, 3},{24537, 7},{7672, 10},{23665, 10},{21522, 17},{3152, 1},{24764, 17},{16338, 3},{3781, 16},
{24538, 7},{7672, 10},{24543, 7},{5034, 8},{25314, 4},{9834, 7},{13013, 8},{3154, 15},{4424, 10},{17827, 15},
{3154, 15},{4424, 10},{13019, 8},{13020, 8},{3154, 15},{4424, 10},{1685, 10},{3154, 15},{13018, 8},{4424, 10},
{16399, 17},{24752, 4},{12579, 3},{24978, 8},{4121, 1},{3781, 16},{26392, 7},{7672, 10},{16338, 3},{4116, 1},
{24752, 4},{10216, 17},{25673, 7},{3781, 16},{24977, 8},{7672, 10},{23555, 15},{4424, 10},{19328, 15},{18764, 8},
{25123, 15},{24752, 4},{3781, 16},{10470, 3},{7672, 10},{20668, 17},{24970, 8},{24885, 7},{6388, 1},{18923, 7},
{24969, 8},{18926, 7},{5175, 7},{9863, 17},{2505, 3},{3781, 16},{7672, 10},{24752, 4},{22809, 1},{25679, 7},
{18927, 7},{22976, 3},{4119, 1},{7672, 10},{23665, 10},{3781, 16},{18210, 8},{18928, 7},{24752, 4},{5300, 17},
{12131, 7},{12096, 3},{3781, 16},{24971, 8},{23665, 10},{7672, 10},{22806, 1},{24752, 4},{1378, 17},{3781, 16},
{24974, 8},{6388, 1},{7672, 10},{6225, 17},{23665, 10},{24752, 4},{16734, 3},{6908, 7},{24752, 4},{3781, 16},
{22811, 1},{5893, 17},{7672, 10},{24973, 8},{25678, 7},{753, 3},{26392, 7},{4121, 1},{3781, 16},{1360, 0},
{7672, 10},{5376, 7},{5175, 7},{24976, 8},{16484, 17},{23234, 3},{24752, 4},{26398, 7},{1223, 10},{22804, 1},
{12134, 7},{24975, 8},{7672, 10},{24752, 4},{18932, 7},{4872, 17},{3781, 16},{16139, 3},{25123, 15},{4424, 10},
{18766, 8},{1689, 15},{15686, 8},{25123, 15},{4424, 10},{19332, 15},{22504, 15},{20195, 15},{18767, 8},{4424, 10},
{18764, 8},{22373, 15},{20195, 15},{4424, 10},{4424, 10},{12537, 15},{18762, 8},{25123, 15},{4424, 10},{18762, 8},
{4131, 15},{11674, 15},{13018, 8},{25028, 15},{4424, 10},{13476, 15},{13017, 8},{25028, 15},{4424, 10},{25273, 10},
{7145, 7},{21653, 17},{1530, 4},{26020, 7},{12331, 1},{3781, 16},{15330, 8},{3781, 16},{20484, 17},{14303, 7},
{12232, 4},{7361, 7},{12504, 7},{25273, 10},{5529, 7},{15335, 8},{12614, 7},{2765, 17},{3781, 16},{6300, 7},
{25273, 10},{12232, 4},{14305, 7},{14307, 7},{15336, 8},{19575, 17},{7367, 7},{3781, 16},{7369, 7},{15333, 8},
{25273, 10},{20399, 1},{12232, 4},{12232, 4},{19927, 7},{15334, 8},{3781, 16},{25273, 10},{12050, 17},{11777, 7},
{5530, 7},{12509, 7},{12232, 4},{3757, 17},{3781, 16},{25273, 10},{15331, 8},{14309, 7},{19923, 7},{20399, 1},
{3781, 16},{26288, 17},{11781, 7},{25273, 10},{19927, 7},{12232, 4},{15332, 8},{4789, 17},{6310, 7},{15329, 8},
{19930, 7},{25273, 10},{11776, 7},{3781, 16},{12232, 4},{3879, 17},{7369, 7},{15330, 8},{14302, 7},{12232, 4},
{3781, 16},{25273, 10},{50, 17},{3781, 16},{12232, 4},{5527, 7},{25273, 10},{17610, 7},{15337, 8},{19931, 7},
{11776, 7},{17614, 17},{12232, 4},{3781, 16},{12505, 7},{25273, 10},{15338, 8},{25273, 10},{22741, 17},{2643, 7},
{2549, 8},{15066, 4},{7817, 7},{15853, 7},{8557, 7},{3781, 16},{334, 17},{22647, 7},{22650, 7},{25273, 10},
{2550, 8},{21249, 7},{15066, 4},{3781, 16},{22650, 7},{15066, 4},{3781, 16},{15328, 17},{25273, 10},{3840, 7},
{21226, 7},{20085, 7},{2543, 8},{22491, 17},{25273, 10},{15066, 4},{8556, 7},{2544, 8},{3781, 16},{22647, 7},
{15857, 7},{25273, 10},{20088, 7},{3781, 16},{14868, 7},{15066, 4},{402, 7},{23107, 17},{2541, 8},{2542, 8},
{3447, 1},{8557, 7},{15066, 4},{8563, 7},{5047, 7},{12010, 17},{25273, 10},{3781, 16},{7821, 7},{15066, 4},
{8563, 7},{25273, 10},{3781, 16},{3749, 17},{2547, 8},{14856, 7},{2658, 7},{3781, 16},{14868, 7},{15066, 4},
{19545, 17},{8563, 7},{25273, 10},{15856, 7},{22595, 8},{25273, 10},{15066, 4},{8564, 7},{4611, 17},{2545, 8},
{22649, 7},{3781, 16},{2656, 7},{25273, 10},{3781, 16},{15066, 4},{25187, 17},{2643, 7},{2546, 8},{18763, 8},
{4424, 10},{9554, 15},{9554, 15},{4424, 10},{7358, 15},{18762, 8},{15188, 15},{1685, 10},{9554, 15},{4424, 10},
{9434, 8},{6674, 15},{1623, 15},{18767, 8},{4424, 10},{9554, 15},{18766, 8},{9554, 15},{4424, 10},{9554, 15},
{18765, 8},{4424, 10},{18764, 8},{9554, 15},{4424, 10},{4424, 10},{6692, 8},{9554, 15},{4424, 10},{6690, 8},
{9554, 15},{1685, 10},{1685, 10},{10576, 4},{12427, 7},{21405, 8},{25173, 7},{10270, 17},{25273, 10},{25119, 1},
{3781, 16},{25171, 7},{7945, 17},{10576, 4},{12428, 7},{17754, 8},{10658, 7},{3781, 16},{25273, 10},{466, 8},
{7685, 7},{10576, 4},{12916, 7},{3781, 16},{22720, 17},{25273, 10},{10664, 7},{10576, 4},{25273, 10},{19010, 17},
{12857, 7},{5451, 7},{3781, 16},{17776, 8},{17790, 8},{25273, 10},{3781, 16},{304, 17},{10576, 4},{12431, 7},
{12425, 7},{10664, 7},{7692, 7},{5451, 7},{8802, 17},{7689, 7},{25273, 10},{5452, 7},{17793, 8},{10576, 4},
{3781, 16},{10576, 4},{17807, 8},{3781, 16},{25273, 10},{7694, 7},{19469, 7},{5460, 7},{22905, 17},{5459, 7},
{4424, 10},{6692, 8},{21660, 15},{10660, 7},{12424, 7},{305, 17},{10576, 4},{3781, 16},{8509, 8},{25273, 10},
{3781, 16},{25171, 7},{5457, 7},{20593, 7},{8510, 8},{25246, 17},{7694, 7},{10576, 4},{25273, 10},{25273, 10},
{15272, 4},{5865, 17},{20616, 7},{3781, 16},{6748, 8},{10552, 7},{17354, 7},{3771, 7},{24667, 17},{25273, 10},
{20623, 7},{6749, 8},{15272, 4},{3781, 16},{896, 1},{17353, 7},{15686, 8},{22810, 15},{16007, 15},{4424, 10},
{7690, 15},{22810, 15},{4424, 10},{17848, 15},{9434, 8},{13480, 15},{20272, 15},{4424, 10},{18767, 8},{22810, 15},
{3781, 16},{23462, 7},{17822, 17},{25273, 10},{16449, 7},{6745, 8},{15272, 4},{13019, 8},{13203, 15},{4424, 10},
{6743, 8},{25273, 10},{17357, 7},{3770, 7},{15272, 4},{10857, 7},{24138, 17},{3781, 16},{22810, 15},{18431, 15},
{6692, 8},{20275, 15},{4424, 10},{4424, 10},{6690, 8},{600, 15},{22810, 15},{17854, 15},{11679, 15},{15272, 4},
{23463, 7},{3781, 16},{20588, 7},{25273, 10},{3767, 7},{6750, 8},{7170, 17},{3774, 7},{6751, 8},{25273, 10},
{3781, 16},{23458, 7},{15272, 4},{6607, 17},{3781, 16},{22228, 17},{25273, 10},{13689, 8},{8048, 7},{14251, 7},
{6931, 7},{24752, 4},{24752, 4},{25273, 10},{22557, 17},{18955, 7},{15460, 8},{6390, 1},{3781, 16},{6927, 7},
{5109, 7},{14251, 7},{3781, 16},{3445, 17},{24752, 4},{25273, 10},{14255, 7},{15470, 8},{18952, 7},{6927, 7},
{24752, 4},{2506, 17},{5101, 7},{15469, 8},{18960, 7},{3781, 16},{25273, 10},{16929, 17},{12029, 7},{25273, 10},
{15468, 8},{1354, 7},{14256, 7},{18959, 7},{24752, 4},{3781, 16},{15991, 17},{3781, 16},{12023, 7},{6928, 7},
{15467, 8},{24752, 4},{25273, 10},{3781, 16},{24752, 4},{12028, 7},{25273, 10},{6165, 8},{6387, 1},{18959, 7},
{3909, 17},{18949, 7},{24752, 4},{25273, 10},{6921, 7},{12028, 7},{15465, 8},{3781, 16},{17421, 17},{25273, 10},
{18953, 7},{18960, 7},{24752, 4},{6931, 7},{18500, 17},{3781, 16},{15464, 8},{6921, 7},{22804, 1},{15463, 8},
{18960, 7},{25273, 10},{24752, 4},{12335, 17},{6921, 7},{14257, 7},{3781, 16},{25126, 10},{26313, 8},{13019, 8},
{20716, 15},{4424, 10},{7358, 15},{20716, 15},{4424, 10},{13020, 8},{13017, 8},{20374, 15},{20716, 15},{4424, 10},
{20716, 15},{13018, 8},{4424, 10},{4424, 10},{20716, 15},{13013, 8},{26003, 15},{676, 15},{19285, 15},{4424, 10},
{18764, 8},{1685, 10},{15362, 10},{19954, 14},{15362, 10},{19954, 14},{15362, 10},{19954, 14},{19954, 14},{15362, 10},
{19954, 14},{15362, 10},{15362, 10},{19954, 14},{15362, 10},{19954, 14},{22367, 15},{8706, 15},{4424, 10},{20195, 15},
{24886, 8},{20195, 15},{13015, 8},{4424, 10},{22371, 15},{10920, 15},{4424, 10},{20195, 15},{13016, 8},{19954, 14},
{15362, 10},{19954, 14},{15362, 10},{14069, 15},{13019, 8},{20195, 15},{4424, 10},{4424, 10},{13020, 8},{20195, 15},
{15599, 15},{13017, 8},{20195, 15},{4424, 10},{13018, 8},{4424, 10},{20195, 15},{1685, 10},{3781, 16},{1223, 10},
{6065, 3},{7672, 10},{18279, 7},{22391, 0},{1718, 17},{1951, 7},{20887, 1},{12253, 4},{16857, 8},{1945, 7},
{24079, 17},{20023, 3},{7672, 10},{3781, 16},{12253, 4},{16999, 8},{24012, 7},{23665, 10},{20877, 1},{21741, 3},
{12253, 4},{7672, 10},{15903, 1},{1950, 7},{7971, 17},{10768, 8},{3781, 16},{17118, 8},{4232, 7},{6290, 17},
{3781, 16},{3073, 7},{22327, 1},{12253, 4},{24027, 7},{7672, 10},{11689, 3},{18271, 7},{12257, 3},{12253, 4},
{22322, 1},{2754, 17},{7672, 10},{16846, 8},{11904, 7},{23665, 10},{3781, 16},{3781, 16},{20882, 1},{6803, 3},
{16748, 8},{12253, 4},{20793, 17},{7672, 10},{1952, 7},{1950, 7},{3075, 7},{18279, 7},{7672, 10},{5120, 3},
{15819, 17},{3781, 16},{20887, 1},{16853, 8},{12253, 4},{17612, 14},{15362, 10},{15362, 10},{17612, 14},{17612, 14},
{15362, 10},{15362, 10},{17612, 14},{17612, 14},{15362, 10},{17612, 14},{15362, 10},{18767, 8},{4424, 10},{26010, 15},
{6231, 15},{15362, 10},{17612, 14},{18765, 8},{4424, 10},{6231, 15},{16996, 15},{1685, 10},{1685, 10},{12677, 15},
{4045, 15},{20106, 15},{18764, 8},{24507, 15},{4424, 10},{15272, 14},{15362, 10},{15362, 10},{15272, 14},{3219, 15},
{18766, 8},{2463, 15},{4424, 10},{4424, 10},{18767, 8},{2463, 15},{4424, 10},{6670, 15},{18764, 8},{2463, 15},
{8826, 15},{18812, 15},{18765, 8},{2463, 15},{8831, 15},{4424, 10},{2463, 15},{2116, 15},{18762, 8},{4424, 10},
{24037, 17},{14152, 8},{13175, 4},{3781, 16},{18520, 7},{25273, 10},{20653, 7},{11768, 7},{25273, 10},{14142, 8},
{20653, 7},{3781, 16},{13175, 4},{20036, 17},{18522, 7},{22170, 7},{14143, 8},{11769, 7},{17715, 17},{3781, 16},
{13175, 4},{11767, 7},{25273, 10},{18526, 7},{11769, 7},{3781, 16},{20658, 7},{14140, 8},{23970, 17},{22801, 7},
{13175, 4},{25273, 10},{3781, 16},{18527, 7},{14141, 8},{11768, 7},{18522, 7},{13175, 4},{515, 17},{25273, 10},
{25268, 7},{25273, 10},{13175, 4},{22798, 7},{3781, 16},{24211, 17},{14146, 8},{18529, 7},{25256, 7},{25273, 10},
{13175, 4},{18528, 7},{14147, 8},{18521, 7},{3781, 16},{9317, 17},{21066, 7},{15061, 17},{13175, 4},{3781, 16},
{9134, 1},{14144, 8},{11763, 7},{25273, 10},{3781, 16},{25267, 7},{13175, 4},{21068, 7},{19059, 17},{25273, 10},
{5461, 8},{25264, 7},{18526, 7},{22562, 7},{47, 17},{17416, 3},{20159, 7},{433, 7},{7672, 10},{25926, 1},
{15455, 8},{3781, 16},{1530, 4},{12329, 1},{15454, 8},{3781, 16},{441, 7},{9676, 3},{7672, 10},{1530, 4},
{13295, 17},{25126, 10},{12654, 8},{12655, 8},{25126, 10},{16250, 3},{1443, 17},{7672, 10},{1530, 4},{13647, 8},
{9797, 7},{12333, 1},{3781, 16},{1530, 4},{436, 7},{13645, 8},{18141, 3},{13877, 17},{12330, 1},{7672, 10},
{3781, 16},{1530, 4},{3781, 16},{13643, 8},{24617, 17},{23665, 10},{432, 7},{11560, 3},{7672, 10},{15453, 1},
{18018, 3},{26370, 8},{12332, 1},{1530, 4},{23633, 17},{20157, 7},{1223, 10},{9801, 7},{432, 7},{7672, 10},
{7373, 0},{3781, 16},{1530, 4},{3781, 16},{435, 7},{26363, 8},{12334, 1},{433, 7},{240, 3},{7672, 10},
{23379, 17},{18226, 3},{24957, 1},{3781, 16},{13632, 8},{23665, 10},{7672, 10},{2574, 17},{1530, 4},{18173, 7},
{25126, 10},{12660, 8},{25126, 10},{22782, 8},{16864, 15},{12677, 15},{18766, 8},{4424, 10},{4369, 15},{6690, 8},
{4424, 10},{18764, 8},{4424, 10},{4369, 15},{18765, 8},{4369, 15},{4424, 10},{4424, 10},{18766, 8},{25274, 15},
{4174, 15},{4369, 15},{4424, 10},{4369, 15},{18767, 8},{17626, 15},{4369, 15},{4173, 15},{4424, 10},{9434, 8},
{4369, 15},{15686, 8},{4424, 10},{25278, 15},{4369, 15},{18762, 8},{4424, 10},{4171, 15},{4369, 15},{4424, 10},
{18763, 8},{10854, 7},{15272, 4},{3781, 16},{25273, 10},{16455, 7},{5311, 17},{20616, 7},{3542, 8},{22591, 8},
{3781, 16},{10552, 7},{15272, 4},{17356, 7},{20519, 17},{19894, 7},{25273, 10},{16451, 7},{180, 15},{4424, 10},
{15686, 8},{10552, 7},{8566, 17},{3781, 16},{23465, 7},{15272, 4},{25273, 10},{22582, 8},{25273, 10},{10854, 7},
{3781, 16},{3775, 7},{5031, 17},{15272, 4},{10552, 7},{23460, 7},{20918, 8},{22580, 8},{3766, 7},{3781, 16},
{10551, 7},{3323, 17},{25273, 10},{20561, 7},{15272, 4},{17263, 1},{3767, 7},{15272, 4},{902, 1},{23465, 7},
{3781, 16},{25273, 10},{25822, 17},{17357, 7},{22581, 8},{23461, 7},{17352, 7},{25273, 10},{20623, 7},{22586, 8},
{3781, 16},{10074, 17},{15272, 4},{17355, 7},{15272, 4},{3781, 16},{22587, 8},{23459, 7},{10547, 7},{25273, 10},
{1446, 1},{6797, 17},{23458, 7},{3781, 16},{15272, 4},{25273, 10},{10550, 7},{17259, 1},{25401, 17},{3766, 7},
{17821, 8},{22585, 8},{3770, 7},{3768, 7},{3781, 16},{10876, 7},{25273, 10},{15272, 4},{17981, 17},{22158, 7},
{13175, 4},{18788, 1},{17808, 17},{11233, 8},{25269, 7},{25273, 10},{11762, 7},{3781, 16},{25269, 7},{25840, 17},
{13175, 4},{11234, 8},{3781, 16},{20660, 7},{25273, 10},{22798, 7},{2620, 17},{11231, 8},{25273, 10},{3781, 16},
{25256, 7},{13175, 4},{20653, 7},{3781, 16},{11232, 8},{25273, 10},{17573, 7},{18529, 7},{13175, 4},{23124, 17},
{18521, 7},{3781, 16},{21068, 7},{6611, 17},{4228, 8},{13175, 4},{18523, 7},{25273, 10},{22802, 7},{9399, 17},
{11769, 7},{3781, 16},{25273, 10},{19598, 8},{13175, 4},{11768, 7},{25273, 10},{22170, 7},{3781, 16},{11766, 7},
{22792, 7},{13175, 4},{11235, 8},{14793, 17},{18522, 7},{25273, 10},{22796, 7},{18528, 7},{11236, 8},{13175, 4},
{26390, 17},{3781, 16},{25273, 10},{18523, 7},{14783, 8},{8714, 17},{13175, 4},{3781, 16},{22798, 7},{22800, 7},
{22800, 7},{17977, 17},{25273, 10},{23622, 8},{11767, 7},{3781, 16},{9139, 1},{13175, 4},{1685, 10},{1685, 10},
{1685, 10},{4709, 7},{26441, 8},{2206, 17},{25273, 10},{3781, 16},{16147, 7},{25314, 4},{16141, 7},{25273, 10},
{3781, 16},{22308, 7},{8129, 7},{10741, 17},{22301, 7},{26440, 8},{25314, 4},{4490, 17},{19680, 8},{3781, 16},
{24383, 7},{8133, 7},{25314, 4},{25273, 10},{25314, 4},{24388, 7},{7875, 17},{3781, 16},{24381, 7},{22301, 7},
{4705, 7},{25273, 10},{26438, 8},{8128, 7},{24388, 7},{22307, 7},{25273, 10},{16146, 7},{3781, 16},{1923, 17},
{25314, 4},{19756, 8},{3781, 16},{8135, 7},{7230, 17},{17301, 8},{25273, 10},{4711, 7},{25314, 4},{8134, 7},
{3781, 16},{25273, 10},{5992, 17},{4705, 7},{1375, 8},{8131, 7},{25314, 4},{1059, 8},{8135, 7},{22300, 7},
{25273, 10},{24389, 7},{25314, 4},{10851, 17},{3781, 16},{1685, 10},{14311, 1},{19813, 8},{8127, 7},{1477, 17},
{3781, 16},{24388, 7},{25314, 4},{25273, 10},{8126, 7},{17710, 8},{24387, 7},{4707, 7},{3781, 16},{25273, 10},
{16145, 7},{25314, 4},{3462, 17},{8133, 7},{4424, 10},{18767, 8},{9345, 15},{9345, 15},{4424, 10},{18766, 8},
{18765, 8},{9345, 15},{4424, 10},{9345, 15},{4424, 10},{18764, 8},{644, 15},{18763, 8},{9345, 15},{4424, 10},
{4424, 10},{9345, 15},{18762, 8},{9345, 15},{4424, 10},{9434, 8},{22844, 15},{3781, 16},{5109, 7},{18950, 7},
{5101, 7},{1462, 17},{22292, 8},{24752, 4},{25273, 10},{1357, 7},{25126, 10},{16504, 8},{25627, 17},{22290, 8},
{3781, 16},{24752, 4},{25273, 10},{6925, 7},{6923, 7},{16053, 7},{1357, 7},{4424, 10},{7193, 15},{13019, 8},
{4424, 10},{13018, 8},{7193, 15},{13017, 8},{4424, 10},{18617, 15},{7193, 15},{6690, 8},{13203, 15},{4424, 10},
{6692, 8},{4424, 10},{10219, 15},{13203, 15},{13203, 15},{20358, 15},{20354, 15},{4424, 10},{9434, 8},{24489, 15},
{13203, 15},{4424, 10},{15686, 8},{18762, 8},{4424, 10},{10213, 15},{13203, 15},{4424, 10},{13203, 15},{24498, 15},
{18763, 8},{18764, 8},{4424, 10},{26009, 15},{13203, 15},{4424, 10},{18765, 8},{13203, 15},{18766, 8},{13203, 15},
{4424, 10},{4424, 10},{18767, 8},{13203, 15},{1685, 10},{3447, 15},{4424, 10},{6690, 8},{6692, 8},{3447, 15},
{4424, 10},{8607, 15},{8876, 15},{13620, 15},{3447, 15},{18766, 8},{4424, 10},{3447, 15},{4424, 10},{18767, 8},
{4424, 10},{3447, 15},{18764, 8},{8869, 15},{725, 15},{18765, 8},{4424, 10},{3447, 15},{4251, 15},{4424, 10},
{3447, 15},{18762, 8},{4424, 10},{3447, 15},{18763, 8},{3447, 15},{9434, 8},{4424, 10},{1685, 10},{16366, 8},
{7981, 1},{7144, 7},{1530, 4},{8089, 17},{26013, 7},{25273, 10},{3781, 16},{12330, 1},{19293, 7},{23212, 8},
{3781, 16},{22358, 17},{1530, 4},{25273, 10},{12477, 7},{7145, 7},{16364, 8},{25273, 10},{11596, 17},{26021, 7},
{3781, 16},{1530, 4},{19295, 7},{416, 17},{7143, 7},{1530, 4},{16363, 8},{19295, 7},{7144, 7},{25273, 10},
{19290, 7},{3781, 16},{12483, 7},{26012, 7},{12484, 7},{1530, 4},{25273, 10},{20979, 17},{3781, 16},{25225, 7},
{16370, 8},{25273, 10},{12481, 7},{26021, 7},{12491, 7},{3781, 16},{16369, 8},{5509, 7},{24656, 17},{1530, 4},
{16368, 8},{26016, 7},{9566, 7},{3781, 16},{25273, 10},{1530, 4},{25222, 7},{431, 17},{12481, 7},{26018, 7},
{25273, 10},{16367, 8},{3781, 16},{7149, 7},{1530, 4},{25736, 17},{19294, 7},{16372, 8},{26013, 7},{12478, 7},
{25273, 10},{3781, 16},{4186, 17},{7146, 7},{1530, 4},{5512, 7},{3817, 17},{25273, 10},{3781, 16},{19292, 7},
{1530, 4},{16371, 8},{7143, 7},{22286, 8},{18949, 7},{12023, 7},{25273, 10},{24752, 4},{3781, 16},{16053, 7},
{24173, 1},{5104, 7},{17341, 17},{1685, 10},{7582, 8},{23050, 3},{10131, 7},{12253, 4},{7672, 10},{3781, 16},
{2624, 1},{6074, 17},{10134, 7},{206, 17},{12253, 4},{7672, 10},{14034, 3},{3781, 16},{7583, 8},{9416, 1},
{1223, 10},{7672, 10},{14182, 0},{12253, 4},{7572, 8},{1955, 7},{26283, 3},{22326, 1},{10135, 7},{3073, 7},
{23962, 17},{3781, 16},{18284, 7},{24027, 7},{21603, 7},{22327, 1},{12253, 4},{14108, 17},{3781, 16},{7573, 8},
{2450, 3},{7672, 10},{12253, 4},{8544, 17},{3781, 16},{7574, 8},{18284, 7},{7672, 10},{7247, 0},{10135, 7},
{10073, 3},{1223, 10},{19139, 1},{20878, 1},{3070, 7},{12253, 4},{20101, 17},{7672, 10},{3781, 16},{2757, 0},
{18082, 7},{1223, 10},{16747, 3},{7575, 8},{12683, 3},{12253, 4},{10141, 7},{15902, 1},{3781, 16},{15515, 17},
{7576, 8},{7672, 10},{16915, 7},{18986, 17},{6803, 3},{18083, 7},{20880, 1},{3781, 16},{7672, 10},{12253, 4},
{7577, 8},{23665, 10},{18283, 7},{10141, 7},{7578, 8},{7672, 10},{12253, 4},{3781, 16},{13357, 17},{23431, 3},
{9418, 1},{12253, 4},{8884, 3},{1223, 10},{4279, 17},{7672, 10},{2629, 1},{2758, 0},{7579, 8},{24024, 7},
{3781, 16},{4424, 10},{874, 15},{1446, 15},{4361, 15},{13019, 8},{4424, 10},{13020, 8},{1446, 15},{13017, 8},
{4424, 10},{1446, 15},{3645, 15},{878, 15},{13018, 8},{4424, 10},{1446, 15},{4424, 10},{3636, 15},{1446, 15},
{13013, 8},{1685, 10},{20111, 15},{10848, 15},{4424, 10},{13014, 8},{4424, 10},{4049, 15},{13013, 8},{3011, 15},
{10848, 15},{25126, 10},{16511, 8},{10848, 15},{13015, 8},{636, 15},{4424, 10},{4045, 15},{4424, 10},{13018, 8},
{10848, 15},{636, 15},{17677, 15},{13017, 8},{4424, 10},{10848, 15},{17674, 15},{13020, 8},{10848, 15},{4424, 10},
{17675, 15},{16861, 15},{4424, 10},{13019, 8},{10848, 15},{16506, 8},{25126, 10},{25126, 10},{16507, 8},{16508, 8},
{25126, 10},{25126, 10},{16509, 8},{25126, 10},{16502, 8},{16503, 8},{25126, 10},{16504, 8},{25126, 10},{25126, 10},
{16505, 8},{15686, 8},{4424, 10},{19529, 15},{4424, 10},{9434, 8},{19529, 15},{19282, 15},{3415, 15},{18763, 8},
{23850, 15},{24493, 15},{19529, 15},{4424, 10},{18762, 8},{4424, 10},{19529, 15},{4424, 10},{19529, 15},{18765, 8},
{7379, 15},{19529, 15},{4424, 10},{18764, 8},{3417, 15},{18767, 8},{4424, 10},{19529, 15},{4424, 10},{19529, 15},
{18766, 8},{13017, 8},{7190, 15},{4424, 10},{1012, 15},{7190, 15},{13018, 8},{4424, 10},{25788, 15},{13019, 8},
{7190, 15},{4424, 10},{13020, 8},{7190, 15},{7876, 15},{4424, 10},{7190, 15},{4424, 10},{13013, 8},{13014, 8},
{4424, 10},{7190, 15},{4971, 15},{7190, 15},{4424, 10},{13015, 8},{13016, 8},{4424, 10},{4633, 15},{7190, 15},
{18618, 15},{7250, 7},{22391, 7},{22396, 7},{14179, 7},{12253, 4},{8649, 17},{9489, 8},{3781, 16},{25273, 10},
{22586, 8},{4343, 17},{3781, 16},{11119, 7},{23441, 4},{25273, 10},{4308, 7},{17152, 7},{23987, 7},{26002, 1},
{3781, 16},{14178, 7},{5233, 17},{7242, 7},{3267, 7},{16286, 7},{25273, 10},{9055, 8},{12253, 4},{4313, 7},
{17821, 8},{11573, 7},{17155, 7},{25273, 10},{3781, 16},{8943, 17},{11564, 7},{26001, 1},{23441, 4},{25273, 10},
{12253, 4},{3275, 7},{3781, 16},{15596, 17},{22388, 7},{23538, 8},{3266, 7},{2757, 7},{3270, 7},{14181, 7},
{3781, 16},{24327, 17},{12253, 4},{16840, 8},{25273, 10},{23441, 4},{11569, 7},{3781, 16},{17151, 7},{22581, 8},
{21760, 17},{25273, 10},{14178, 7},{3781, 16},{23541, 8},{12253, 4},{19851, 7},{14182, 7},{3721, 17},{19853, 7},
{25273, 10},{23441, 4},{3781, 16},{23983, 7},{25273, 10},{17145, 7},{22591, 8},{17152, 7},{9105, 17},{11566, 7},
{727, 17},{10399, 7},{3542, 8},{10396, 7},{25273, 10},{3781, 16},{23441, 4},{12253, 4},{22395, 7},{25273, 10},
{7247, 7},{15484, 17},{3274, 7},{3781, 16},{23536, 8},{2756, 7},{9036, 8},{20877, 1},{3781, 16},{19854, 7},
{12253, 4},{2757, 7},{25597, 17},{25273, 10},{19500, 8},{25126, 10},{25126, 10},{19501, 8},{19498, 8},{25126, 10},
{19499, 8},{25126, 10},{25126, 10},{19496, 8},{6843, 3},{3781, 16},{12512, 1},{8899, 17},{22273, 8},{25802, 7},
{23665, 10},{19954, 4},{7672, 10},{11422, 7},{19494, 8},{25126, 10},{1685, 10},{19495, 8},{25126, 10},{26229, 15},
{18762, 8},{4424, 10},{26229, 15},{4424, 10},{18763, 8},{10772, 8},{22330, 1},{25273, 10},{22388, 7},{25874, 17},
{2762, 7},{3781, 16},{12253, 4},{22815, 8},{14183, 7},{3781, 16},{25273, 10},{14179, 7},{17980, 17},{20877, 1},
{12253, 4},{13275, 17},{22818, 8},{7251, 7},{3781, 16},{25273, 10},{22398, 7},{12253, 4},{25273, 10},{8087, 17},
{22397, 7},{3781, 16},{22821, 8},{3277, 7},{12253, 4},{3781, 16},{16030, 17},{12253, 4},{25273, 10},{3276, 7},
{19856, 7},{10711, 8},{2758, 7},{12836, 17},{12253, 4},{25273, 10},{2760, 7},{2624, 1},{14178, 7},{3781, 16},
{19857, 7},{10731, 8},{10743, 8},{13327, 17},{22394, 7},{3781, 16},{12253, 4},{7247, 7},{16286, 7},{22398, 7},
{25273, 10},{22333, 1},{19857, 7},{12253, 4},{3781, 16},{10763, 8},{25273, 10},{3270, 7},{13752, 17},{14181, 7},
{3781, 16},{7247, 7},{14181, 7},{14199, 17},{2761, 7},{25273, 10},{12253, 4},{14183, 7},{21409, 8},{12253, 4},
{2763, 7},{18172, 17},{3781, 16},{7246, 7},{21410, 8},{25273, 10},{19869, 3},{1956, 7},{12253, 4},{18091, 7},
{3781, 16},{17117, 17},{23665, 10},{15454, 8},{7672, 10},{15903, 1},{11895, 7},{24494, 15},{18765, 8},{4424, 10},
{24490, 15},{20362, 15},{26229, 15},{7274, 15},{13013, 8},{4424, 10},{15902, 1},{8916, 3},{1223, 10},{3781, 16},
{15389, 17},{26370, 8},{16914, 7},{7672, 10},{2762, 0},{12253, 4},{13017, 8},{7274, 15},{4424, 10},{7274, 15},
{13018, 8},{20404, 15},{4424, 10},{4424, 10},{4251, 15},{13019, 8},{7274, 15},{4424, 10},{8869, 15},{7274, 15},
{13020, 8},{7672, 10},{18082, 7},{11780, 3},{2628, 1},{12253, 4},{8260, 7},{3073, 7},{13645, 8},{3781, 16},
{21637, 17},{18764, 8},{22847, 15},{4424, 10},{3929, 15},{18765, 8},{4424, 10},{3929, 15},{18766, 8},{4424, 10},
{12731, 15},{3929, 15},{4424, 10},{3929, 15},{18767, 8},{13539, 15},{4424, 10},{9434, 8},{3929, 15},{22848, 15},
{3929, 15},{4424, 10},{15686, 8},{3929, 15},{4424, 10},{18762, 8},{6617, 15},{4424, 10},{3929, 15},{8768, 15},
{3168, 15},{18763, 8},{14239, 15},{4424, 10},{18762, 8},{6283, 15},{1685, 10},{3929, 15},{642, 15},{6692, 8},
{4424, 10},{4424, 10},{6283, 15},{18763, 8},{1685, 10},{10141, 7},{20888, 1},{24028, 7},{3781, 16},{19401, 3},
{26363, 8},{7672, 10},{22010, 17},{12253, 4},{23665, 10},{6692, 8},{15603, 15},{20197, 15},{4424, 10},{4424, 10},
{5022, 15},{13014, 8},{1685, 10},{17360, 7},{1449, 1},{8723, 17},{3781, 16},{25273, 10},{15272, 4},{6746, 8},
{3768, 7},{4424, 10},{6692, 8},{3155, 15},{3155, 15},{6690, 8},{4424, 10},{11027, 15},{3155, 15},{15686, 8},
{4424, 10},{4424, 10},{3155, 15},{12494, 15},{9434, 8},{18763, 8},{4424, 10},{3155, 15},{3155, 15},{18762, 8},
{4424, 10},{18535, 15},{3155, 15},{18765, 8},{4424, 10},{21079, 15},{18764, 8},{4424, 10},{3155, 15},{4424, 10},
{18767, 8},{19306, 15},{3155, 15},{3155, 15},{18766, 8},{4424, 10},{4424, 10},{2461, 15},{18764, 8},{18765, 8},
{2461, 15},{4424, 10},{18766, 8},{4424, 10},{2461, 15},{18767, 8},{4424, 10},{2461, 15},{1623, 15},{22474, 15},
{6747, 8},{16456, 7},{20561, 7},{4333, 17},{15272, 4},{16455, 7},{17816, 7},{25273, 10},{3781, 16},{22480, 15},
{4424, 10},{2461, 15},{18762, 8},{11602, 15},{8828, 15},{1685, 10},{6405, 17},{15272, 4},{14620, 8},{3773, 7},
{3781, 16},{23464, 7},{25273, 10},{4424, 10},{3152, 15},{13018, 8},{19305, 15},{7672, 10},{22807, 1},{1223, 10},
{14589, 8},{3781, 16},{25675, 7},{25678, 7},{24752, 4},{2, 3},{6931, 0},{1371, 17},{26401, 7},{14588, 8},
{1223, 10},{5102, 0},{4117, 1},{21422, 3},{24752, 4},{7672, 10},{3781, 16},{17578, 17},{18929, 7},{26400, 7},
{24752, 4},{7672, 10},{24885, 7},{26397, 7},{12619, 3},{24632, 17},{5173, 7},{14587, 8},{6388, 1},{3781, 16},
{23665, 10},{25684, 7},{26393, 7},{26398, 7},{14586, 8},{4119, 1},{24752, 4},{12404, 3},{1223, 10},{8047, 0},
{7672, 10},{3781, 16},{8428, 17},{3781, 16},{7672, 10},{22811, 1},{9051, 3},{14585, 8},{7935, 17},{26396, 7},
{24752, 4},{23665, 10},{3781, 16},{7672, 10},{4116, 1},{22964, 17},{1223, 10},{26399, 7},{24752, 4},{18927, 7},
{14981, 3},{5110, 0},{14584, 8},{5178, 7},{7672, 10},{24752, 4},{25677, 7},{20606, 3},{16013, 17},{3781, 16},
{22807, 1},{14583, 8},{15704, 3},{7672, 10},{3781, 16},{6380, 1},{24752, 4},{23665, 10},{26171, 7},{14582, 8},
{18924, 7},{18980, 17},{14593, 8},{24752, 4},{3781, 16},{18926, 7},{26394, 7},{4264, 3},{22806, 1},{7672, 10},
{6741, 17},{14150, 17},{1223, 10},{18130, 3},{22808, 1},{7672, 10},{14592, 8},{25680, 7},{3781, 16},{26397, 7},
{18924, 7},{24752, 4},{16053, 0},{12689, 3},{2805, 17},{16748, 8},{1530, 4},{15446, 1},{432, 7},{3781, 16},
{18173, 7},{23665, 10},{7672, 10},{9799, 7},{14077, 7},{1530, 4},{3781, 16},{23665, 10},{15447, 1},{8212, 17},
{16135, 3},{16846, 8},{14079, 7},{7672, 10},{7672, 10},{14076, 7},{1223, 10},{16855, 8},{3781, 16},{10538, 3},
{12483, 0},{12328, 1},{1530, 4},{2791, 17},{3781, 16},{15366, 17},{16853, 8},{441, 7},{23665, 10},{13148, 1},
{7672, 10},{1530, 4},{17132, 3},{19292, 0},{3781, 16},{15770, 7},{7672, 10},{9802, 7},{21698, 17},{1530, 4},
{16999, 8},{15448, 1},{20150, 7},{1223, 10},{8952, 3},{24551, 3},{1530, 4},{15773, 7},{15770, 7},{13148, 1},
{7511, 17},{3781, 16},{16857, 8},{7672, 10},{20158, 7},{23665, 10},{7672, 10},{1530, 4},{14990, 3},{3781, 16},
{17118, 8},{14073, 7},{18653, 17},{439, 7},{14077, 7},{1223, 10},{15449, 1},{9566, 0},{13084, 1},{3781, 16},
{111, 3},{18396, 17},{434, 7},{15771, 7},{7672, 10},{23665, 10},{10768, 8},{1530, 4},{1530, 4},{11645, 8},
{25918, 1},{7672, 10},{3781, 16},{9801, 7},{9676, 3},{1223, 10},{21772, 0},{435, 7},{17363, 17},{9799, 7},
{7672, 10},{25916, 17},{11644, 8},{3781, 16},{15446, 1},{16333, 3},{1530, 4},{441, 7},{10100, 7},{26343, 7},
{7004, 7},{21972, 17},{3317, 7},{25273, 10},{1143, 4},{3781, 16},{22591, 8},{22197, 17},{25273, 10},{1143, 4},
{3542, 8},{10089, 7},{3781, 16},{10098, 7},{10093, 7},{20918, 8},{26338, 7},{17872, 17},{1143, 4},{25273, 10},
{19578, 7},{3781, 16},{10096, 7},{22582, 8},{1143, 4},{26342, 7},{16401, 17},{3781, 16},{25273, 10},{10088, 7},
{26344, 7},{22581, 8},{3321, 7},{25273, 10},{1143, 4},{7006, 7},{3781, 16},{22134, 17},{10089, 7},{10088, 7},
{19580, 7},{22580, 8},{25273, 10},{1143, 4},{7008, 7},{3781, 16},{7013, 7},{26101, 17},{5844, 7},{7008, 7},
{1143, 4},{26343, 7},{5848, 7},{3781, 16},{22587, 8},{25273, 10},{5840, 7},{15346, 17},{19581, 7},{10088, 7},
{3781, 16},{5843, 7},{1143, 4},{22877, 17},{22586, 8},{5844, 7},{25273, 10},{1143, 4},{7009, 7},{5846, 7},
{22585, 8},{25273, 10},{17346, 17},{26341, 7},{3781, 16},{26344, 7},{5847, 7},{18808, 17},{19585, 7},{5848, 7},
{17821, 8},{1143, 4},{25273, 10},{3781, 16},{19457, 17},{7368, 7},{12500, 7},{21019, 8},{25273, 10},{12232, 4},
{3781, 16},{7367, 7},{25273, 10},{16653, 8},{3781, 16},{12504, 7},{8144, 17},{12232, 4},{5527, 7},{12509, 7},
{16660, 8},{3781, 16},{25273, 10},{19929, 7},{12232, 4},{25297, 17},{12232, 4},{1560, 17},{6310, 7},{16661, 8},
{5528, 7},{3781, 16},{25273, 10},{7365, 7},{6293, 7},{7362, 7},{22724, 17},{7361, 7},{16658, 8},{12232, 4},
{25273, 10},{11776, 7},{3781, 16},{12504, 7},{12232, 4},{17610, 7},{13387, 17},{16659, 8},{25273, 10},{3781, 16},
{11778, 7},{5527, 7},{12232, 4},{5527, 7},{16656, 8},{8145, 1},{11779, 7},{25273, 10},{11778, 7},{12614, 7},
{18360, 17},{3781, 16},{7365, 7},{16657, 8},{12232, 4},{25273, 10},{3781, 16},{15348, 17},{14303, 7},{5017, 1},
{11046, 17},{3781, 16},{17610, 7},{11774, 7},{12232, 4},{19922, 7},{25273, 10},{7475, 7},{16654, 8},{7361, 7},
{6293, 7},{12232, 4},{16655, 8},{2636, 17},{25273, 10},{3781, 16},{26022, 7},{12626, 7},{7146, 7},{25222, 7},
{16712, 17},{1530, 4},{25273, 10},{3781, 16},{22595, 8},{2547, 8},{25273, 10},{3781, 16},{1530, 4},{12478, 7},
{14810, 17},{19294, 7},{26023, 7},{25273, 10},{12478, 7},{22636, 17},{1530, 4},{7142, 7},{3781, 16},{2546, 8},
{7148, 7},{9579, 7},{2545, 8},{25273, 10},{1855, 17},{5512, 7},{26021, 7},{3781, 16},{1530, 4},{12484, 7},
{25273, 10},{25221, 7},{3333, 17},{1530, 4},{2544, 8},{3781, 16},{22906, 17},{25273, 10},{3781, 16},{5503, 7},
{1530, 4},{5505, 7},{12484, 7},{2543, 8},{5512, 7},{1530, 4},{2542, 8},{12481, 7},{7150, 7},{3781, 16},
{4559, 17},{25273, 10},{5509, 7},{7149, 7},{25273, 10},{26020, 7},{1530, 4},{26013, 7},{25219, 7},{2541, 8},
{3781, 16},{13168, 17},{1685, 10},{7357, 7},{1530, 4},{12626, 7},{23369, 17},{25273, 10},{13147, 1},{25219, 7},
{2550, 8},{3781, 16},{1530, 4},{7144, 7},{2549, 8},{26013, 7},{26012, 7},{25273, 10},{19312, 17},{19292, 7},
{3781, 16},{18767, 8},{4424, 10},{5095, 15},{12269, 15},{18766, 8},{4424, 10},{5095, 15},{18764, 8},{4424, 10},
{5095, 15},{25273, 10},{5456, 7},{23619, 17},{25171, 7},{23076, 8},{12430, 7},{3781, 16},{10576, 4},{4424, 10},
{24884, 8},{5017, 15},{15512, 15},{18586, 15},{13015, 8},{5017, 15},{4424, 10},{14356, 15},{4216, 15},{4424, 10},
{13016, 8},{5017, 15},{5017, 15},{18581, 15},{4424, 10},{13013, 8},{13014, 8},{1404, 15},{5017, 15},{4424, 10},
{13019, 8},{4424, 10},{5017, 15},{13020, 8},{4424, 10},{5017, 15},{13017, 8},{5017, 15},{4424, 10},{4424, 10},
{22255, 15},{13018, 8},{5017, 15},{24246, 8},{2473, 10},{2473, 10},{4012, 8},{2473, 10},{24251, 8},{2473, 10},
{24252, 8},{2473, 10},{24249, 8},{2473, 10},{24250, 8},{24255, 8},{2473, 10},{2473, 10},{24256, 8},{2473, 10},
{24253, 8},{2473, 10},{24254, 8},{23665, 10},{7672, 10},{3153, 1},{15455, 8},{18177, 17},{9835, 7},{3781, 16},
{25314, 4},{15797, 3},{15454, 8},{22195, 3},{17236, 17},{3781, 16},{25314, 4},{7672, 10},{24540, 7},{26078, 7},
{4369, 1},{26084, 7},{3781, 16},{7672, 10},{25944, 1},{24537, 7},{26082, 7},{26077, 7},{4801, 17},{5764, 3},
{25314, 4},{26363, 8},{13632, 8},{24540, 7},{3781, 16},{25314, 4},{3344, 3},{7672, 10},{1196, 17},{6296, 1},
{4373, 1},{23397, 3},{25314, 4},{19348, 7},{19339, 7},{26080, 7},{7672, 10},{13631, 8},{18715, 17},{3781, 16},
{3781, 16},{4374, 1},{26325, 8},{19339, 7},{25314, 4},{7672, 10},{24064, 17},{11012, 3},{24543, 7},{3152, 1},
{7672, 10},{21292, 17},{23063, 3},{3781, 16},{25314, 4},{23665, 10},{13647, 8},{3781, 16},{7672, 10},{26087, 7},
{25314, 4},{4373, 1},{8188, 3},{23665, 10},{13645, 8},{384, 17},{7672, 10},{9335, 3},{9841, 7},{9835, 7},
{4193, 7},{25314, 4},{13643, 8},{3157, 1},{933, 17},{3781, 16},{7672, 10},{1056, 17},{19339, 7},{25314, 4},
{3781, 16},{26370, 8},{10104, 3},{19343, 7},{14304, 1},{24250, 8},{2473, 10},{20722, 1},{7004, 7},{19583, 7},
{3781, 16},{25273, 10},{10248, 17},{1143, 4},{7613, 8},{7612, 8},{22730, 17},{26339, 7},{3319, 7},{3781, 16},
{25273, 10},{1143, 4},{20717, 1},{7615, 8},{26340, 7},{25273, 10},{7006, 7},{3781, 16},{1143, 4},{10973, 17},
{10740, 17},{7013, 7},{7614, 8},{7012, 7},{3781, 16},{25273, 10},{1143, 4},{8686, 7},{7162, 7},{25273, 10},
{18546, 8},{23903, 17},{537, 7},{23975, 4},{543, 7},{3781, 16},{11536, 17},{1143, 4},{5843, 7},{10096, 7},
{3781, 16},{5847, 7},{25273, 10},{26338, 7},{7608, 8},{1143, 4},{25273, 10},{19579, 7},{16374, 17},{3781, 16},
{5848, 7},{13950, 8},{19586, 7},{5847, 7},{25273, 10},{10088, 7},{16051, 17},{10089, 7},{3781, 16},{7610, 8},
{1143, 4},{3781, 16},{7158, 7},{22633, 17},{18553, 8},{23975, 4},{537, 7},{25273, 10},{23059, 1},{18633, 17},
{25273, 10},{16255, 7},{3781, 16},{7165, 7},{7162, 7},{20524, 8},{23975, 4},{25273, 10},{3781, 16},{17327, 8},
{12670, 17},{8685, 7},{23975, 4},{16256, 7},{7162, 7},{23975, 4},{3781, 16},{3921, 17},{20235, 7},{20526, 8},
{16264, 7},{7164, 7},{8691, 7},{25273, 10},{25273, 10},{7162, 7},{16259, 7},{23975, 4},{16265, 7},{25875, 17},
{7159, 7},{3781, 16},{20521, 8},{23975, 4},{20235, 7},{16258, 7},{20520, 8},{20233, 7},{3781, 16},{25273, 10},
{16082, 17},{8690, 7},{20523, 8},{16264, 7},{25273, 10},{3781, 16},{23975, 4},{16265, 7},{6874, 17},{11325, 17},
{20522, 8},{23975, 4},{25273, 10},{20237, 7},{3781, 16},{536, 7},{1685, 10},{25408, 7},{8145, 1},{22229, 17},
{21360, 8},{3781, 16},{12465, 3},{7672, 10},{12232, 4},{7672, 10},{3781, 16},{23361, 3},{25405, 7},{25409, 7},
{11918, 7},{23665, 10},{20406, 1},{12232, 4},{21361, 8},{18476, 17},{5027, 17},{20396, 1},{7672, 10},{2199, 3},
{9305, 7},{3781, 16},{12232, 4},{21369, 8},{9298, 7},{22577, 8},{25411, 7},{23665, 10},{3781, 16},{7672, 10},
{19356, 1},{18657, 7},{3020, 17},{12232, 4},{2093, 3},{5682, 7},{23665, 10},{7215, 17},{3781, 16},{12232, 4},
{3689, 3},{21367, 8},{5023, 1},{5000, 7},{7672, 10},{12232, 4},{7672, 10},{23665, 10},{3781, 16},{5000, 7},
{1145, 17},{8806, 3},{5005, 7},{21368, 8},{19358, 1},{18658, 7},{1223, 10},{8151, 1},{7366, 0},{7672, 10},
{12232, 4},{18901, 17},{3781, 16},{21365, 8},{1402, 3},{5330, 3},{20399, 1},{21366, 8},{18664, 7},{3781, 16},
{7672, 10},{12232, 4},{23665, 10},{15438, 17},{4616, 3},{5003, 7},{7672, 10},{6971, 17},{21363, 8},{3781, 16},
{5023, 1},{12232, 4},{18657, 7},{3781, 16},{18654, 7},{11914, 7},{23292, 1},{25410, 7},{7672, 10},{19359, 3},
{23665, 10},{5677, 17},{21364, 8},{12232, 4},{1685, 10},{9424, 8},{3781, 16},{1741, 7},{19954, 4},{25614, 7},
{25273, 10},{8400, 17},{25273, 10},{19954, 4},{20627, 17},{25610, 7},{3781, 16},{12064, 7},{865, 1},{14890, 8},
{8079, 7},{25273, 10},{19954, 4},{3781, 16},{24822, 7},{3374, 17},{22011, 8},{3781, 16},{3594, 8},{12065, 7},
{20100, 17},{25273, 10},{12519, 1},{19954, 4},{8076, 7},{25126, 10},{13583, 8},{12063, 7},{743, 17},{25273, 10},
{19954, 4},{3781, 16},{22005, 8},{8073, 7},{25612, 7},{8080, 7},{25273, 10},{9561, 8},{19954, 4},{9236, 17},
{3781, 16},{8071, 7},{1736, 7},{8073, 7},{25273, 10},{19954, 4},{6208, 17},{3781, 16},{9549, 8},{5135, 7},
{25613, 7},{1735, 7},{3597, 8},{19954, 4},{15126, 17},{3781, 16},{8072, 7},{5133, 7},{25611, 7},{25273, 10},
{3596, 8},{3781, 16},{24755, 17},{19954, 4},{22708, 7},{12058, 7},{25273, 10},{25605, 7},{8072, 7},{9127, 1},
{4816, 17},{25333, 3},{3781, 16},{14592, 8},{1223, 10},{23389, 7},{17612, 4},{7672, 10},{16550, 7},{16548, 7},
{855, 0},{9936, 17},{6251, 7},{7672, 10},{25924, 7},{14593, 8},{3781, 16},{19719, 1},{17555, 3},{17612, 4},
{16465, 3},{7185, 1},{3781, 16},{14582, 8},{3690, 7},{847, 17},{7672, 10},{17612, 4},{7185, 1},{6247, 7},
{14583, 8},{8880, 17},{17612, 4},{17709, 3},{7672, 10},{3781, 16},{16333, 3},{14584, 8},{7672, 10},{3366, 17},
{3781, 16},{17612, 4},{3692, 7},{6255, 7},{9128, 1},{6254, 7},{3781, 16},{24282, 3},{5339, 7},{14585, 8},
{7672, 10},{6245, 7},{11785, 17},{25238, 1},{17612, 4},{23394, 7},{16548, 7},{23665, 10},{8925, 17},{3781, 16},
{25236, 1},{17612, 4},{14586, 8},{7672, 10},{6249, 7},{6034, 3},{3781, 16},{16313, 3},{7672, 10},{1223, 10},
{16548, 7},{9125, 1},{6595, 7},{6855, 0},{14587, 8},{17612, 4},{25186, 17},{16546, 7},{18496, 3},{17612, 4},
{3781, 16},{24805, 17},{14588, 8},{23392, 7},{9130, 1},{7672, 10},{7672, 10},{10628, 3},{14589, 8},{21403, 17},
{3781, 16},{25235, 1},{17612, 4},{13152, 7},{6249, 7},{16927, 17},{25273, 10},{5134, 7},{12067, 7},{8070, 7},
{5135, 7},{3781, 16},{19954, 4},{1810, 8},{25273, 10},{24083, 17},{12067, 7},{1809, 8},{19954, 4},{1742, 7},
{3781, 16},{25616, 7},{25273, 10},{3781, 16},{19954, 4},{1738, 7},{1814, 8},{1739, 7},{12067, 7},{1743, 7},
{19966, 17},{25273, 10},{1743, 7},{20103, 17},{25612, 7},{1738, 7},{8075, 7},{1813, 8},{19954, 4},{3781, 16},
{1812, 8},{22708, 7},{25273, 10},{19954, 4},{8080, 7},{1739, 7},{16001, 17},{3781, 16},{1745, 7},{25273, 10},
{12058, 7},{1745, 7},{25609, 7},{25832, 17},{3781, 16},{1811, 8},{25615, 7},{19954, 4},{3781, 16},{5132, 7},
{1735, 7},{1742, 7},{19954, 4},{25273, 10},{2752, 17},{12062, 7},{1818, 8},{19954, 4},{1817, 8},{3781, 16},
{5130, 7},{1745, 7},{16841, 17},{25273, 10},{3781, 16},{10970, 8},{25273, 10},{19954, 4},{4846, 17},{25605, 7},
{5133, 7},{12064, 7},{25273, 10},{1743, 7},{3781, 16},{22708, 7},{12058, 7},{1815, 8},{2076, 17},{19954, 4},
{1685, 10},{1685, 10},{1685, 10},{4424, 10},{9434, 8},{24572, 15},{24572, 15},{4424, 10},{15686, 8},{24572, 15},
{18762, 8},{4424, 10},{14719, 15},{8651, 15},{13018, 8},{24674, 15},{4424, 10},{1696, 15},{25122, 15},{24572, 15},
{4424, 10},{18764, 8},{4249, 15},{4424, 10},{18765, 8},{24572, 15},{4424, 10},{18766, 8},{24572, 15},{8869, 15},
{24572, 15},{18767, 8},{4424, 10},{1685, 10},{24572, 15},{4424, 10},{6690, 8},{15067, 17},{23975, 4},{3781, 16},
{20234, 7},{6279, 1},{11869, 8},{25273, 10},{7162, 7},{1685, 10},{25126, 10},{25626, 8},{25126, 10},{17453, 8},
{25126, 10},{25621, 8},{25623, 8},{25126, 10},{25126, 10},{1052, 8},{20795, 8},{25126, 10},{25126, 10},{17343, 8},
{25126, 10},{25608, 8},{4135, 15},{18765, 8},{4424, 10},{9904, 15},{26312, 8},{25126, 10},{25126, 10},{26313, 8},
{26341, 7},{10094, 7},{25273, 10},{12947, 17},{1143, 4},{3781, 16},{6747, 8},{7002, 7},{12232, 4},{11782, 7},
{19223, 17},{19925, 7},{11781, 7},{12500, 7},{1810, 8},{3781, 16},{16428, 1},{25273, 10},{8695, 7},{3781, 16},
{23975, 4},{16257, 7},{19626, 8},{16265, 7},{8690, 7},{25273, 10},{2927, 17},{3893, 8},{2759, 7},{25273, 10},
{23589, 17},{12253, 4},{22392, 7},{3781, 16},{5843, 7},{6749, 8},{1143, 4},{26342, 7},{26346, 7},{6391, 17},
{3781, 16},{25273, 10},{12253, 4},{25273, 10},{24066, 17},{14182, 7},{7252, 7},{22394, 7},{2756, 7},{3894, 8},
{3781, 16},{8692, 7},{20242, 7},{19628, 8},{3781, 16},{23975, 4},{16256, 7},{25273, 10},{2301, 17},{20236, 7},
{3321, 7},{3781, 16},{9558, 1},{1143, 4},{6743, 8},{24454, 17},{25273, 10},{26341, 7},{7009, 7},{7002, 7},
{25273, 10},{23975, 4},{3781, 16},{7164, 7},{23438, 17},{7162, 7},{7158, 7},{11816, 8},{541, 7},{12665, 8},
{25126, 10},{25126, 10},{12664, 8},{25126, 10},{22785, 8},{12662, 8},{25126, 10},{22782, 8},{25126, 10},{25126, 10},
{12660, 8},{25126, 10},{12659, 8},{12658, 8},{25126, 10},{25273, 10},{16260, 7},{539, 7},{8691, 7},{2363, 17},
{16261, 7},{19624, 8},{3781, 16},{23975, 4},{25126, 10},{12655, 8},{25126, 10},{12654, 8},{1685, 10},{25273, 10},
{16588, 17},{3781, 16},{11119, 7},{4311, 7},{23980, 7},{23441, 4},{11572, 7},{16659, 8},{24752, 4},{25273, 10},
{6221, 17},{17622, 8},{14250, 7},{14256, 7},{24173, 1},{3781, 16},{25273, 10},{3781, 16},{12164, 17},{5110, 7},
{18955, 7},{17621, 8},{24752, 4},{18951, 7},{12030, 7},{17624, 8},{12234, 17},{25273, 10},{24752, 4},{3781, 16},
{6925, 7},{1354, 7},{24752, 4},{5104, 7},{5105, 7},{17623, 8},{16053, 7},{25273, 10},{14096, 17},{3781, 16},
{17618, 8},{18954, 7},{25273, 10},{3781, 16},{6927, 7},{14249, 7},{24752, 4},{1359, 7},{19411, 17},{3781, 16},
{14254, 7},{25273, 10},{11591, 17},{22811, 1},{8047, 7},{14257, 7},{178, 8},{24752, 4},{1354, 7},{686, 17},
{14256, 7},{24752, 4},{25273, 10},{12025, 7},{12029, 7},{184, 8},{3781, 16},{918, 15},{13437, 15},{6690, 8},
{4424, 10},{15686, 8},{4424, 10},{13437, 15},{2005, 15},{4424, 10},{9434, 8},{13437, 15},{21263, 15},{4424, 10},
{18763, 8},{13437, 15},{4424, 10},{13437, 15},{3232, 15},{18762, 8},{18765, 8},{4424, 10},{13437, 15},{4424, 10},
{13437, 15},{18764, 8},{17628, 8},{24752, 4},{25273, 10},{12027, 7},{6922, 7},{5329, 17},{3781, 16},{14250, 7},
{4424, 10},{18766, 8},{14065, 15},{13437, 15},{20713, 15},{4424, 10},{6692, 8},{20713, 15},{4424, 10},{6690, 8},
{20713, 15},{4424, 10},{7358, 15},{18765, 8},{18819, 15},{4424, 10},{18764, 8},{20713, 15},{18767, 8},{4424, 10},
{20713, 15},{3218, 15},{4424, 10},{18766, 8},{20713, 15},{20713, 15},{4424, 10},{22483, 15},{15686, 8},{8826, 15},
{4424, 10},{9434, 8},{20713, 15},{13592, 15},{4424, 10},{18763, 8},{7355, 15},{20713, 15},{11605, 15},{20713, 15},
{4424, 10},{18762, 8},{22483, 15},{12232, 4},{8154, 1},{4619, 17},{14310, 7},{25273, 10},{12503, 7},{21409, 8},
{3781, 16},{17620, 7},{21410, 8},{5524, 7},{10541, 17},{3781, 16},{12232, 4},{7365, 7},{25273, 10},{6300, 7},
{3781, 16},{6300, 7},{12507, 7},{17620, 7},{3262, 17},{25273, 10},{12232, 4},{22818, 8},{25273, 10},{12232, 4},
{11782, 7},{330, 17},{14307, 7},{22821, 8},{3781, 16},{6300, 7},{10772, 8},{24080, 17},{25273, 10},{12503, 7},
{3781, 16},{12232, 4},{8154, 1},{12508, 7},{11774, 7},{22815, 8},{3781, 16},{26248, 17},{6316, 7},{19926, 7},
{25273, 10},{12232, 4},{23280, 17},{12232, 4},{11774, 7},{3781, 16},{6300, 7},{14305, 7},{10743, 8},{25273, 10},
{11779, 7},{8151, 1},{10763, 8},{12232, 4},{5527, 7},{3781, 16},{16421, 17},{25273, 10},{5528, 7},{3781, 16},
{11781, 7},{17610, 7},{10711, 8},{25273, 10},{92, 17},{12232, 4},{25273, 10},{12506, 7},{12232, 4},{7363, 7},
{3781, 16},{10731, 8},{12110, 17},{1685, 10},{18766, 8},{9415, 15},{4424, 10},{18767, 8},{9415, 15},{4424, 10},
{4424, 10},{18764, 8},{9415, 15},{18765, 8},{9415, 15},{21583, 15},{4424, 10},{14048, 15},{5278, 15},{21001, 15},
{18762, 8},{9415, 15},{4424, 10},{1405, 15},{18242, 15},{9965, 15},{4424, 10},{18763, 8},{9415, 15},{9434, 8},
{21246, 15},{4424, 10},{9415, 15},{9415, 15},{15686, 8},{4424, 10},{4424, 10},{6690, 8},{9415, 15},{4424, 10},
{6692, 8},{18037, 15},{12260, 15},{9415, 15},{1685, 10},{14251, 7},{11936, 8},{3781, 16},{25273, 10},{12028, 7},
{10518, 17},{5103, 7},{24752, 4},{14255, 7},{11933, 8},{3781, 16},{25273, 10},{18956, 7},{4124, 1},{17289, 17},
{24752, 4},{1354, 7},{10730, 8},{24752, 4},{3781, 16},{6925, 7},{25273, 10},{14258, 7},{14255, 7},{4771, 17},
{18956, 7},{25273, 10},{10729, 8},{3781, 16},{10146, 17},{8227, 7},{1360, 7},{24752, 4},{12025, 7},{12028, 7},
{23717, 17},{11944, 8},{24752, 4},{8047, 7},{18954, 7},{25273, 10},{3781, 16},{6922, 7},{25273, 10},{1364, 7},
{14250, 7},{12026, 7},{5110, 7},{11942, 8},{23703, 17},{3781, 16},{24752, 4},{24752, 4},{14255, 7},{18960, 7},
{11660, 17},{25273, 10},{3781, 16},{10726, 8},{12029, 7},{3781, 16},{18953, 7},{12027, 7},{24752, 4},{8227, 7},
{10678, 17},{14249, 7},{10725, 8},{25273, 10},{6383, 1},{18951, 7},{3781, 16},{24752, 4},{15800, 7},{25273, 10},
{18960, 7},{10724, 8},{19372, 17},{5105, 7},{3781, 16},{10723, 8},{5101, 7},{5103, 7},{24752, 4},{25273, 10},
{14254, 7},{17960, 17},{1685, 10},{6764, 10},{13175, 2},{2036, 5},{25264, 9},{14406, 12},{10939, 9},{8808, 13},
{22765, 3},{3781, 16},{4502, 8},{4336, 17},{4503, 8},{6764, 10},{3781, 16},{1298, 17},{25265, 9},{2533, 13},
{4264, 12},{17650, 3},{10938, 9},{20162, 5},{13175, 2},{20913, 17},{18188, 5},{22802, 9},{22792, 9},{6764, 10},
{10934, 9},{4500, 8},{20540, 12},{6579, 3},{3781, 16},{17416, 13},{13175, 6},{13175, 2},{4501, 8},{327, 13},
{3781, 16},{10936, 9},{10937, 9},{13175, 2},{22793, 9},{18375, 12},{2034, 5},{25021, 3},{497, 17},{6764, 10},
{19483, 13},{13175, 2},{18188, 5},{22799, 9},{25923, 17},{16137, 3},{3781, 16},{10932, 9},{6764, 10},{4506, 8},
{17772, 12},{22798, 9},{10992, 17},{6764, 10},{18218, 5},{4507, 8},{22800, 9},{13164, 12},{3781, 16},{22801, 9},
{13175, 2},{17329, 3},{10935, 9},{20105, 13},{1000, 8},{6764, 10},{22795, 9},{11705, 3},{15060, 17},{5798, 13},
{10930, 9},{3781, 16},{26090, 5},{22796, 9},{10931, 9},{13175, 2},{25227, 12},{15370, 17},{3781, 16},{6764, 10},
{1381, 13},{2037, 5},{1003, 8},{22797, 9},{13175, 2},{10933, 9},{13789, 3},{13129, 12},{23234, 13},{21257, 12},
{11441, 9},{1017, 8},{21039, 17},{25262, 9},{3781, 16},{13175, 2},{18188, 5},{6764, 10},{2505, 3},{16135, 3},
{13175, 2},{11440, 9},{18129, 13},{8156, 8},{3781, 16},{25263, 9},{9050, 12},{2032, 5},{22812, 17},{6764, 10},
{11118, 7},{25273, 10},{15682, 17},{11565, 7},{3781, 16},{23441, 4},{13689, 8},{11117, 7},{17148, 7},{10394, 7},
{23983, 7},{3781, 16},{15460, 8},{25273, 10},{10395, 7},{11282, 17},{23441, 4},{17155, 7},{17151, 7},{15464, 8},
{25273, 10},{3781, 16},{5669, 17},{11119, 7},{23983, 7},{23441, 4},{1324, 17},{23441, 4},{10392, 7},{15463, 8},
{25273, 10},{23984, 7},{4306, 7},{3781, 16},{25273, 10},{23441, 4},{26225, 1},{23987, 7},{4313, 7},{10392, 7},
{21800, 17},{3781, 16},{6165, 8},{11118, 7},{23441, 4},{3781, 16},{11549, 17},{25273, 10},{10392, 7},{15465, 8},
{11115, 7},{4312, 7},{23979, 7},{5155, 17},{23441, 4},{3781, 16},{15468, 8},{11117, 7},{25273, 10},{23441, 4},
{15467, 8},{3781, 16},{25273, 10},{15899, 17},{11119, 7},{10393, 7},{11115, 7},{10396, 7},{15470, 8},{23441, 4},
{11572, 7},{25273, 10},{4311, 7},{19526, 1},{3781, 16},{23983, 7},{20311, 17},{13846, 17},{23984, 7},{25273, 10},
{3781, 16},{23441, 4},{4310, 7},{4312, 7},{11566, 7},{15469, 8},{1685, 10},{2486, 7},{8956, 3},{3781, 16},
{5036, 8},{7672, 10},{21593, 17},{2489, 7},{20722, 1},{1143, 4},{5034, 8},{17767, 17},{7672, 10},{1143, 4},
{2481, 7},{9551, 1},{3781, 16},{12651, 7},{21657, 3},{5633, 3},{1143, 4},{13929, 17},{9560, 1},{25425, 7},
{3781, 16},{7672, 10},{5050, 8},{16744, 1},{17498, 3},{2483, 7},{13885, 17},{5693, 7},{18444, 8},{3781, 16},
{1143, 4},{7672, 10},{3781, 16},{7672, 10},{7537, 17},{1143, 4},{2487, 7},{18443, 8},{3748, 3},{20714, 1},
{3781, 16},{1143, 4},{12652, 7},{23665, 10},{18442, 8},{9560, 1},{18677, 7},{7672, 10},{4101, 17},{8222, 3},
{20624, 7},{2463, 1},{3781, 16},{18679, 7},{7672, 10},{2488, 7},{18441, 8},{7012, 0},{20095, 17},{21689, 3},
{1223, 10},{1143, 4},{3781, 16},{18440, 8},{2093, 3},{12643, 7},{2463, 1},{1143, 4},{4590, 17},{7672, 10},
{7672, 10},{2482, 7},{5044, 8},{14505, 17},{20719, 1},{26344, 0},{1223, 10},{3781, 16},{1143, 4},{9155, 3},
{3781, 16},{19953, 3},{12646, 7},{7672, 10},{23665, 10},{1143, 4},{20718, 1},{17127, 8},{24034, 17},{19808, 7},
{8874, 15},{3456, 15},{9434, 8},{4424, 10},{1685, 10},{19954, 4},{25273, 10},{20972, 8},{5130, 7},{3781, 16},
{6491, 17},{25609, 7},{25273, 10},{19954, 4},{20969, 8},{24822, 7},{3704, 17},{3781, 16},{25606, 7},{25616, 7},
{3399, 8},{3309, 17},{25606, 7},{25273, 10},{3781, 16},{19954, 4},{22708, 7},{25273, 10},{3781, 16},{26091, 17},
{12066, 7},{19954, 4},{25611, 7},{12063, 7},{3398, 8},{25610, 7},{10943, 17},{25273, 10},{1745, 7},{3781, 16},
{3397, 8},{19954, 4},{25273, 10},{868, 1},{25612, 7},{3396, 8},{19954, 4},{3781, 16},{1740, 7},{3581, 17},
{5136, 7},{1742, 7},{10893, 17},{12067, 7},{24822, 7},{19954, 4},{3781, 16},{25273, 10},{3403, 8},{1738, 7},
{25273, 10},{12065, 7},{1744, 7},{19954, 4},{25613, 7},{3402, 8},{12091, 17},{3781, 16},{5131, 7},{25273, 10},
{18670, 17},{12064, 7},{19954, 4},{5138, 7},{12060, 7},{8071, 7},{3401, 8},{3781, 16},{25273, 10},{3400, 8},
{1736, 7},{1740, 7},{19954, 4},{1746, 17},{25606, 7},{3781, 16},{12059, 7},{21588, 15},{4424, 10},{20882, 15},
{18762, 8},{4424, 10},{19073, 15},{20882, 15},{18763, 8},{20882, 15},{18764, 8},{4424, 10},{18765, 8},{20882, 15},
{5278, 15},{4424, 10},{18378, 15},{4424, 10},{20882, 15},{18766, 8},{18767, 8},{4424, 10},{20882, 15},{9434, 8},
{20195, 15},{4424, 10},{1685, 10},{1685, 10},{1685, 10},{1685, 10},{17621, 8},{8204, 4},{19604, 7},{10123, 7},
{3781, 16},{10127, 7},{20192, 1},{10891, 17},{25273, 10},{23525, 7},{3456, 15},{18764, 8},{4424, 10},{905, 15},
{13017, 8},{4424, 10},{7559, 15},{905, 15},{4424, 10},{13018, 8},{13019, 8},{4424, 10},{19514, 15},{905, 15},
{19624, 8},{5103, 7},{25273, 10},{3781, 16},{14256, 7},{1360, 7},{24752, 4},{14443, 17},{12253, 4},{3277, 7},
{25273, 10},{3781, 16},{20887, 1},{18137, 17},{19852, 7},{23073, 8},{19850, 7},{23074, 8},{25273, 10},{2762, 7},
{14183, 7},{19856, 7},{19785, 17},{12253, 4},{3781, 16},{3781, 16},{5430, 7},{25273, 10},{8204, 4},{19602, 7},
{17623, 8},{13356, 17},{16905, 7},{19601, 7},{26024, 15},{3159, 15},{13020, 8},{4424, 10},{4424, 10},{3159, 15},
{19300, 15},{13019, 8},{10960, 15},{17630, 15},{13018, 8},{4424, 10},{3159, 15},{13017, 8},{4183, 15},{3159, 15},
{4424, 10},{3159, 15},{10172, 15},{13016, 8},{4424, 10},{10961, 15},{19302, 15},{3159, 15},{4424, 10},{13015, 8},
{26027, 15},{4424, 10},{3159, 15},{13014, 8},{3159, 15},{4424, 10},{13013, 8},{21080, 15},{22398, 7},{8799, 17},
{3781, 16},{25273, 10},{3267, 7},{12253, 4},{23077, 8},{3273, 7},{20719, 15},{4424, 10},{7359, 15},{13014, 8},
{4424, 10},{3214, 15},{20719, 15},{13013, 8},{4424, 10},{20719, 15},{13018, 8},{13017, 8},{11604, 15},{20719, 15},
{4424, 10},{20719, 15},{4424, 10},{13020, 8},{13019, 8},{4424, 10},{1617, 15},{20719, 15},{3219, 15},{10749, 8},
{8204, 4},{23529, 7},{25273, 10},{3781, 16},{5435, 7},{21726, 17},{5424, 7},{19848, 7},{23072, 8},{25273, 10},
{8122, 17},{12253, 4},{7252, 7},{14175, 7},{3781, 16},{14174, 7},{1685, 10},{25273, 10},{8558, 7},{21230, 7},
{15066, 4},{19813, 8},{16128, 17},{3781, 16},{22650, 7},{25273, 10},{8557, 7},{26440, 8},{3781, 16},{21230, 7},
{15066, 4},{8093, 17},{3781, 16},{2642, 7},{2874, 17},{22652, 7},{15066, 4},{25273, 10},{26441, 8},{25975, 17},
{3781, 16},{5047, 7},{15066, 4},{25273, 10},{8558, 7},{2658, 7},{26438, 8},{15066, 4},{22646, 7},{25273, 10},
{8556, 7},{12407, 17},{3781, 16},{19680, 8},{9385, 17},{15066, 4},{25273, 10},{3781, 16},{17301, 8},{22651, 7},
{15856, 7},{8559, 7},{22647, 7},{8812, 17},{15066, 4},{25273, 10},{2653, 7},{3781, 16},{19756, 8},{21226, 7},
{15066, 4},{3781, 16},{14854, 7},{22650, 7},{25273, 10},{9157, 17},{1059, 8},{7818, 7},{1375, 8},{3781, 16},
{8558, 7},{4459, 17},{15861, 7},{14856, 7},{15066, 4},{25273, 10},{19495, 8},{25126, 10},{25126, 10},{19494, 8},
{25126, 10},{19497, 8},{25126, 10},{19496, 8},{25126, 10},{19499, 8},{25126, 10},{19498, 8},{19501, 8},{25126, 10},
{25126, 10},{19500, 8},{25126, 10},{19493, 8},{19492, 8},{25126, 10},{13020, 8},{4424, 10},{24363, 15},{4424, 10},
{403, 15},{13019, 8},{24363, 15},{24363, 15},{4424, 10},{13018, 8},{8569, 15},{13175, 4},{22800, 7},{3781, 16},
{25267, 7},{25273, 10},{19956, 17},{10267, 8},{18525, 7},{11762, 7},{1685, 10},{1685, 10},{2473, 10},{6219, 8},
{11383, 8},{2473, 10},{2473, 10},{6217, 8},{2473, 10},{6216, 8},{6215, 8},{2473, 10},{2473, 10},{6214, 8},
{6213, 8},{2473, 10},{6212, 8},{2473, 10},{1685, 10},{11760, 7},{10271, 8},{13175, 4},{3781, 16},{7996, 17},
{22800, 7},{25273, 10},{11411, 8},{2473, 10},{6220, 8},{2473, 10},{4424, 10},{22811, 15},{13014, 8},{25166, 15},
{1685, 10},{907, 8},{7693, 7},{10658, 7},{3781, 16},{1890, 17},{25273, 10},{10576, 4},{14660, 7},{25273, 10},
{12428, 7},{10576, 4},{1687, 17},{3781, 16},{20593, 7},{5370, 8},{3781, 16},{5454, 7},{910, 8},{24432, 17},
{10576, 4},{25273, 10},{4129, 1},{10673, 7},{10576, 4},{911, 8},{12429, 7},{25172, 7},{5459, 7},{21803, 17},
{3781, 16},{7685, 7},{25273, 10},{12430, 7},{10653, 17},{25169, 7},{25273, 10},{912, 8},{3781, 16},{7685, 7},
{12427, 7},{10576, 4},{25172, 7},{19701, 17},{25273, 10},{3781, 16},{12857, 7},{913, 8},{5454, 7},{10576, 4},
{12427, 7},{3781, 16},{914, 8},{10576, 4},{25173, 7},{21033, 17},{25273, 10},{3781, 16},{5397, 8},{25273, 10},
{10576, 4},{5456, 7},{12435, 7},{16849, 17},{916, 8},{3781, 16},{13342, 17},{25171, 7},{25169, 7},{7689, 7},
{25273, 10},{19469, 7},{10576, 4},{13960, 17},{10576, 4},{12916, 7},{12431, 7},{25273, 10},{917, 8},{3781, 16},
{1685, 10},{1685, 10},{4424, 10},{9434, 8},{16428, 15},{22261, 15},{5432, 7},{25138, 7},{19605, 7},{25273, 10},
{8204, 4},{3781, 16},{15387, 17},{8226, 7},{17327, 8},{8204, 4},{17908, 17},{23528, 7},{3781, 16},{20526, 8},
{25273, 10},{25136, 7},{23528, 7},{3781, 16},{25273, 10},{12462, 8},{8204, 4},{16905, 7},{19601, 7},{17308, 17},
{3781, 16},{8204, 4},{25136, 7},{14683, 1},{25273, 10},{20524, 8},{16951, 17},{19603, 7},{11746, 7},{10120, 7},
{5428, 7},{3568, 17},{20523, 8},{3781, 16},{5425, 7},{8204, 4},{25273, 10},{25133, 7},{5429, 7},{23529, 7},
{3781, 16},{11746, 7},{10121, 7},{20522, 8},{25273, 10},{8204, 4},{20865, 1},{7788, 17},{5432, 7},{5430, 7},
{25273, 10},{3781, 16},{20521, 8},{8204, 4},{25136, 7},{375, 17},{10124, 7},{5558, 17},{8204, 4},{3781, 16},
{19603, 7},{16905, 7},{20520, 8},{25273, 10},{13019, 8},{4424, 10},{22811, 15},{16905, 7},{8204, 4},{23527, 7},
{25273, 10},{3781, 16},{25139, 7},{5185, 17},{20518, 8},{16845, 17},{25273, 10},{3781, 16},{23520, 7},{11719, 7},
{20517, 8},{16903, 7},{8204, 4},{23528, 7},{18762, 8},{4424, 10},{12520, 15},{15477, 15},{16868, 15},{4046, 15},
{12520, 15},{18763, 8},{4424, 10},{4424, 10},{9434, 8},{12520, 15},{4052, 15},{4424, 10},{18766, 8},{12520, 15},
{15477, 15},{18767, 8},{8613, 15},{12520, 15},{4424, 10},{4424, 10},{18764, 8},{12520, 15},{18765, 8},{12520, 15},
{4424, 10},{9758, 15},{15512, 15},{4424, 10},{16428, 15},{15686, 8},{14358, 15},{15509, 15},{9139, 15},{4424, 10},
{18762, 8},{13537, 15},{4424, 10},{18763, 8},{9139, 15},{3781, 16},{4710, 7},{25273, 10},{12865, 17},{25314, 4},
{22008, 8},{24388, 7},{4714, 7},{12428, 7},{25273, 10},{12900, 7},{15745, 17},{19467, 7},{10576, 4},{3781, 16},
{23747, 8},{14661, 7},{4134, 1},{3553, 17},{16658, 8},{25273, 10},{25171, 7},{12434, 7},{10576, 4},{3781, 16},
{12434, 7},{3781, 16},{276, 17},{5453, 7},{10576, 4},{25168, 7},{20593, 7},{25273, 10},{25119, 1},{16659, 8},
{10576, 4},{25124, 1},{5453, 7},{12426, 7},{12430, 7},{6037, 17},{16660, 8},{25273, 10},{14660, 7},{3781, 16},
{17612, 4},{8108, 7},{15336, 8},{855, 7},{14508, 7},{25234, 1},{25273, 10},{3781, 16},{2956, 17},{7692, 7},
{3781, 16},{25976, 17},{12435, 7},{16654, 8},{10576, 4},{10658, 7},{25273, 10},{1024, 17},{25273, 10},{22911, 1},
{16655, 8},{3781, 16},{10576, 4},{20593, 7},{7685, 7},{25273, 10},{20592, 7},{16656, 8},{10576, 4},{3781, 16},
{24330, 17},{5455, 7},{10673, 7},{3781, 16},{10669, 7},{23884, 17},{25273, 10},{20593, 7},{16657, 8},{10576, 4},
{25273, 10},{852, 7},{3781, 16},{6164, 17},{6851, 7},{17612, 4},{856, 7},{15329, 8},{12435, 7},{21019, 8},
{3781, 16},{12916, 7},{25273, 10},{10576, 4},{12868, 7},{23492, 17},{14660, 7},{12435, 7},{25273, 10},{11720, 17},
{3781, 16},{10576, 4},{16653, 8},{12426, 7},{25314, 4},{3781, 16},{4706, 7},{4705, 7},{25273, 10},{9278, 7},
{12073, 17},{9549, 8},{4424, 10},{18764, 8},{9139, 15},{13017, 8},{10587, 15},{4424, 10},{22811, 15},{18765, 8},
{4424, 10},{9139, 15},{3173, 15},{4424, 10},{9418, 15},{6692, 8},{4424, 10},{18248, 15},{9418, 15},{6690, 8},
{4424, 10},{18767, 8},{19080, 15},{9418, 15},{4424, 10},{18766, 8},{9418, 15},{18765, 8},{4424, 10},{9418, 15},
{4424, 10},{18764, 8},{9418, 15},{18043, 15},{18763, 8},{9418, 15},{4424, 10},{15124, 15},{4424, 10},{18762, 8},
{9418, 15},{19075, 15},{15686, 8},{9418, 15},{4424, 10},{9434, 8},{9418, 15},{4424, 10},{4424, 10},{6690, 8},
{11082, 15},{15726, 15},{4252, 15},{8624, 15},{14719, 15},{11082, 15},{6692, 8},{4424, 10},{4424, 10},{18762, 8},
{11082, 15},{11082, 15},{18763, 8},{4424, 10},{11082, 15},{4424, 10},{9434, 8},{4424, 10},{14724, 15},{15686, 8},
{11082, 15},{18766, 8},{11082, 15},{4424, 10},{18767, 8},{11082, 15},{4424, 10},{20905, 15},{11082, 15},{4424, 10},
{18764, 8},{18765, 8},{11082, 15},{4424, 10},{24942, 17},{1530, 4},{7144, 7},{25273, 10},{6165, 8},{3781, 16},
{7357, 7},{25222, 7},{1530, 4},{3781, 16},{9568, 7},{9477, 17},{21772, 7},{26018, 7},{15465, 8},{25273, 10},
{25273, 10},{1530, 4},{19290, 7},{5509, 7},{12626, 7},{26018, 7},{3781, 16},{17820, 17},{15464, 8},{7143, 7},
{3781, 16},{15463, 8},{1530, 4},{14135, 17},{25273, 10},{7147, 7},{9568, 7},{1530, 4},{25273, 10},{7149, 7},
{19294, 7},{7148, 7},{15470, 8},{3781, 16},{7147, 7},{19910, 17},{1530, 4},{15469, 8},{20194, 17},{19293, 7},
{25273, 10},{5509, 7},{15458, 1},{26023, 7},{3781, 16},{7145, 7},{3781, 16},{25790, 17},{26020, 7},{1530, 4},
{19296, 7},{26016, 7},{15468, 8},{25273, 10},{12491, 7},{3781, 16},{15467, 8},{1530, 4},{12478, 7},{15695, 17},
{25273, 10},{1685, 10},{13689, 8},{17188, 17},{7147, 7},{1530, 4},{25273, 10},{3781, 16},{26021, 7},{25273, 10},
{5181, 17},{25221, 7},{3781, 16},{1530, 4},{7143, 7},{15460, 8},{9566, 7},{15448, 1},{26017, 7},{10705, 17},
{12253, 4},{15903, 1},{23665, 10},{22983, 3},{7672, 10},{3073, 7},{8484, 8},{3781, 16},{9848, 17},{2628, 1},
{12253, 4},{3070, 7},{3023, 3},{7672, 10},{8485, 8},{3781, 16},{10141, 7},{16912, 7},{16913, 7},{8486, 8},
{12253, 4},{22376, 17},{1223, 10},{3781, 16},{20888, 1},{11273, 3},{7672, 10},{7250, 0},{17772, 3},{16912, 7},
{8487, 8},{19352, 17},{3781, 16},{12253, 4},{1954, 7},{2627, 1},{7672, 10},{4121, 15},{4424, 10},{18432, 15},
{21399, 15},{18765, 8},{3072, 7},{18284, 7},{22104, 3},{23665, 10},{7672, 10},{3781, 16},{7469, 17},{12253, 4},
{8489, 8},{2630, 1},{1956, 7},{23665, 10},{6861, 17},{2624, 1},{12253, 4},{3781, 16},{7672, 10},{20108, 3},
{8490, 8},{1950, 7},{19139, 1},{3781, 16},{16436, 3},{7672, 10},{18282, 7},{24650, 17},{12253, 4},{8491, 8},
{5877, 17},{12253, 4},{22329, 1},{24027, 7},{8482, 8},{7672, 10},{3781, 16},{25979, 3},{18090, 7},{4424, 10},
{6690, 8},{4121, 15},{3781, 16},{23982, 7},{23986, 7},{23441, 4},{25273, 10},{1874, 17},{9058, 8},{9055, 8},
{23441, 4},{25273, 10},{17148, 7},{9931, 17},{11116, 7},{3781, 16},{17151, 7},{17855, 17},{10395, 7},{4307, 7},
{9052, 8},{11564, 7},{26224, 1},{25273, 10},{3781, 16},{23441, 4},{17147, 7},{25273, 10},{19875, 17},{23441, 4},
{4306, 7},{23980, 7},{9489, 8},{10393, 7},{3781, 16},{23541, 8},{11569, 7},{23980, 7},{23441, 4},{1136, 17},
{25273, 10},{3781, 16},{10391, 7},{11119, 7},{5143, 17},{25273, 10},{17150, 7},{23441, 4},{3781, 16},{11573, 7},
{4315, 7},{23540, 8},{25273, 10},{11084, 1},{16840, 8},{17149, 7},{23977, 7},{23441, 4},{3781, 16},{16248, 17},
{23538, 8},{11565, 7},{25273, 10},{2262, 17},{10396, 7},{11074, 1},{3781, 16},{23441, 4},{23441, 4},{9036, 8},
{4308, 7},{10396, 7},{10398, 7},{23977, 7},{7303, 17},{3781, 16},{25273, 10},{23441, 4},{3781, 16},{4311, 7},
{4310, 7},{4436, 17},{23536, 8},{25273, 10},{4424, 10},{20687, 15},{13014, 8},{7195, 15},{7195, 15},{13013, 8},
{4424, 10},{4424, 10},{13016, 8},{7195, 15},{4424, 10},{13015, 8},{7195, 15},{13018, 8},{4424, 10},{18613, 15},
{7195, 15},{4424, 10},{25783, 15},{13017, 8},{4638, 15},{7867, 15},{7195, 15},{4465, 15},{7195, 15},{13020, 8},
{18612, 15},{4424, 10},{4424, 10},{13019, 8},{7195, 15},{19493, 8},{25126, 10},{25126, 10},{19492, 8},{1685, 10},
{19497, 8},{25126, 10},{1685, 10},{19495, 8},{25126, 10},{25126, 10},{19494, 8},{25126, 10},{19501, 8},{25126, 10},
{19500, 8},{25126, 10},{19499, 8},{25126, 10},{19498, 8},{3781, 16},{25273, 10},{8092, 17},{2764, 7},{3542, 8},
{12253, 4},{2756, 7},{2760, 7},{22395, 7},{12253, 4},{1594, 17},{14184, 7},{22326, 1},{3275, 7},{22591, 8},
{2764, 7},{3781, 16},{25273, 10},{12253, 4},{11017, 17},{2755, 7},{25273, 10},{17821, 8},{3781, 16},{7249, 7},
{3781, 16},{14174, 7},{25273, 10},{9939, 17},{14183, 7},{22585, 8},{16286, 7},{12253, 4},{3277, 7},{3275, 7},
{7249, 7},{3781, 16},{5008, 17},{22586, 8},{25273, 10},{12253, 4},{14177, 7},{3274, 7},{3781, 16},{2756, 7},
{25273, 10},{14992, 17},{12253, 4},{22587, 8},{2756, 7},{12253, 4},{25273, 10},{21704, 17},{3781, 16},{22398, 7},
{22580, 8},{4244, 17},{19850, 7},{3781, 16},{14183, 7},{22581, 8},{25273, 10},{12253, 4},{7250, 7},{22388, 7},
{25273, 10},{12253, 4},{7251, 7},{22582, 8},{14180, 7},{3781, 16},{9829, 17},{7247, 7},{25273, 10},{6382, 17},
{7249, 7},{20918, 8},{9418, 1},{3781, 16},{14175, 7},{14177, 7},{12253, 4},{1685, 10},{24474, 13},{25979, 3},
{2038, 5},{14177, 9},{24012, 9},{14136, 17},{11927, 9},{8283, 10},{12253, 2},{22305, 12},{9095, 8},{3781, 16},
{14275, 17},{18959, 7},{25273, 10},{3781, 16},{10273, 8},{24752, 4},{18950, 7},{5102, 7},{6931, 7},{6441, 17},
{24752, 4},{16053, 7},{3781, 16},{10272, 8},{25273, 10},{14251, 7},{10271, 8},{24752, 4},{16775, 17},{14250, 7},
{12028, 7},{3781, 16},{25273, 10},{6380, 1},{12024, 7},{3781, 16},{1364, 7},{18953, 7},{24752, 4},{7397, 17},
{25273, 10},{8960, 8},{3781, 16},{14843, 17},{25273, 10},{10269, 8},{5110, 7},{14251, 7},{24752, 4},{14730, 17},
{5104, 7},{4116, 1},{25273, 10},{10268, 8},{18951, 7},{24752, 4},{14256, 7},{3781, 16},{24752, 4},{25273, 10},
{1358, 7},{6924, 7},{16061, 17},{3781, 16},{10267, 8},{18949, 7},{6923, 7},{11305, 17},{5110, 7},{3781, 16},
{25273, 10},{14252, 7},{18950, 7},{24752, 4},{6922, 7},{10266, 8},{3781, 16},{15342, 17},{25273, 10},{6930, 7},
{6383, 1},{6922, 7},{24752, 4},{10275, 8},{18954, 7},{5103, 7},{14281, 17},{10274, 8},{14256, 7},{3781, 16},
{25273, 10},{24752, 4},{4424, 10},{14304, 15},{6690, 8},{4424, 10},{26030, 15},{14304, 15},{6692, 8},{14304, 15},
{18766, 8},{4424, 10},{14304, 15},{4424, 10},{18767, 8},{4424, 10},{14304, 15},{18764, 8},{21080, 15},{18765, 8},
{10958, 15},{14304, 15},{4424, 10},{26028, 15},{4424, 10},{18762, 8},{14304, 15},{4424, 10},{14304, 15},{18763, 8},
{14304, 15},{9434, 8},{4424, 10},{11783, 15},{15686, 8},{18530, 15},{4424, 10},{14304, 15},{8204, 4},{20192, 1},
{25132, 7},{21091, 17},{3781, 16},{23527, 7},{25273, 10},{20232, 8},{7512, 17},{3781, 16},{20231, 8},{5432, 7},
{11719, 7},{25273, 10},{8204, 4},{13431, 1},{25139, 7},{8204, 4},{6134, 17},{3781, 16},{20230, 8},{19604, 7},
{25273, 10},{23527, 7},{8204, 4},{15415, 17},{3781, 16},{25273, 10},{16904, 7},{20229, 8},{25273, 10},{20228, 8},
{19606, 7},{5424, 7},{10129, 7},{8204, 4},{3781, 16},{17874, 17},{23526, 7},{19602, 7},{3781, 16},{16906, 7},
{19613, 7},{8204, 4},{23529, 7},{20552, 17},{25273, 10},{20227, 8},{20104, 17},{5433, 7},{8204, 4},{25273, 10},
{19605, 7},{16898, 7},{3781, 16},{20226, 8},{23528, 7},{25273, 10},{3781, 16},{16159, 17},{16905, 7},{8204, 4},
{20225, 8},{23519, 7},{16901, 7},{8970, 7},{5433, 7},{25273, 10},{15536, 8},{5889, 17},{3781, 16},{19613, 7},
{8204, 4},{23525, 7},{3781, 16},{8204, 4},{25273, 10},{5424, 7},{24916, 17},{20218, 8},{5428, 7},{8970, 7},
{1685, 10},{1685, 10},{1685, 10},{14667, 15},{18766, 8},{11907, 15},{4424, 10},{19487, 15},{18767, 8},{4424, 10},
{11907, 15},{25126, 10},{26312, 8},{25314, 4},{22301, 7},{8127, 7},{912, 8},{16146, 7},{3781, 16},{24384, 7},
{25273, 10},{23888, 17},{1685, 10},{7681, 15},{4424, 10},{4119, 15},{19484, 15},{13018, 8},{4424, 10},{4119, 15},
{13017, 8},{4119, 15},{10587, 15},{13020, 8},{4424, 10},{4424, 10},{13019, 8},{4119, 15},{9434, 8},{4424, 10},
{1448, 15},{7553, 15},{1448, 15},{24039, 15},{15686, 8},{4424, 10},{1448, 15},{18762, 8},{22943, 15},{4424, 10},
{1448, 15},{18763, 8},{4424, 10},{4424, 10},{18764, 8},{1448, 15},{1448, 15},{18765, 8},{3642, 15},{4424, 10},
{18766, 8},{4424, 10},{1448, 15},{4424, 10},{1448, 15},{18767, 8},{6690, 8},{4424, 10},{1448, 15},{3639, 15},
{1448, 15},{6692, 8},{4424, 10},{17210, 15},{25314, 4},{3781, 16},{22304, 7},{25273, 10},{24386, 7},{15597, 17},
{8127, 7},{5370, 8},{25273, 10},{21193, 17},{907, 8},{22300, 7},{25314, 4},{22301, 7},{8129, 7},{1904, 7},
{3781, 16},{3781, 16},{22457, 13},{8283, 10},{9916, 17},{9096, 8},{10951, 12},{5451, 9},{18395, 3},{26090, 5},
{10576, 2},{14422, 9},{4116, 15},{4424, 10},{6690, 8},{592, 15},{4116, 15},{4424, 10},{6692, 8},{23782, 15},
{1685, 10},{4116, 15},{18766, 8},{4424, 10},{20278, 15},{18767, 8},{4424, 10},{4116, 15},{4116, 15},{18764, 8},
{4424, 10},{20274, 15},{4424, 10},{4116, 15},{18765, 8},{4424, 10},{18762, 8},{25167, 15},{4116, 15},{7675, 15},
{4424, 10},{4116, 15},{18763, 8},{9434, 8},{18430, 15},{7680, 15},{4424, 10},{4116, 15},{4424, 10},{15686, 8},
{14657, 15},{4116, 15},{1685, 10},{1685, 10},{13503, 15},{13014, 8},{4424, 10},{4424, 10},{13503, 15},{26011, 15},
{13013, 8},{4424, 10},{9434, 8},{26002, 15},{4424, 10},{13017, 8},{13503, 15},{4424, 10},{18762, 8},{26002, 15},
{4424, 10},{13503, 15},{13019, 8},{10095, 7},{25273, 10},{3781, 16},{23541, 8},{26341, 7},{9926, 17},{19586, 7},
{1143, 4},{19582, 7},{1143, 4},{23540, 8},{25273, 10},{10095, 7},{3781, 16},{6314, 17},{2455, 1},{628, 17},
{1143, 4},{19585, 7},{5849, 7},{25273, 10},{3781, 16},{16840, 8},{1143, 4},{25273, 10},{23538, 8},{2455, 1},
{16098, 17},{5848, 7},{26342, 7},{3320, 7},{3781, 16},{9058, 8},{3318, 7},{19577, 7},{3781, 16},{6508, 17},
{25273, 10},{1143, 4},{3321, 7},{9055, 8},{26343, 7},{19579, 7},{20714, 1},{21826, 17},{25273, 10},{1143, 4},
{7005, 7},{3781, 16},{17537, 17},{19582, 7},{10095, 7},{1143, 4},{9052, 8},{25273, 10},{9555, 1},{3781, 16},
{3316, 7},{5841, 7},{25273, 10},{26344, 7},{9489, 8},{3781, 16},{1143, 4},{7012, 7},{11366, 17},{19580, 7},
{1143, 4},{9036, 8},{25273, 10},{3781, 16},{3316, 7},{2517, 17},{5848, 7},{7003, 7},{25273, 10},{1143, 4},
{26345, 7},{5844, 7},{3781, 16},{8234, 17},{23536, 8},{6690, 8},{26002, 15},{4424, 10},{3781, 16},{7146, 7},
{1530, 4},{20972, 8},{7145, 7},{7147, 7},{3837, 17},{25273, 10},{25273, 10},{12484, 7},{12626, 7},{19296, 7},
{1530, 4},{20969, 8},{18757, 17},{3781, 16},{25225, 7},{5393, 17},{1530, 4},{26020, 7},{7144, 7},{3403, 8},
{7141, 7},{3781, 16},{25273, 10},{3402, 8},{26023, 7},{12478, 7},{7144, 7},{1530, 4},{3781, 16},{25273, 10},
{9485, 17},{26016, 7},{3401, 8},{25273, 10},{3781, 16},{26021, 7},{18821, 17},{1530, 4},{25273, 10},{26106, 17},
{3400, 8},{26023, 7},{3781, 16},{1530, 4},{5512, 7},{25221, 7},{1530, 4},{15452, 1},{12480, 7},{26016, 7},
{3994, 17},{3781, 16},{25273, 10},{3399, 8},{5513, 7},{3781, 16},{3398, 8},{9579, 7},{1530, 4},{25273, 10},
{2361, 17},{25221, 7},{1530, 4},{5928, 17},{12483, 7},{15458, 1},{25273, 10},{3397, 8},{7142, 7},{26013, 7},
{3781, 16},{15535, 17},{1530, 4},{25273, 10},{3396, 8},{7150, 7},{5502, 7},{3781, 16},{26021, 7},{7373, 7},
{7672, 10},{20382, 7},{26002, 1},{6709, 7},{3781, 16},{23441, 4},{21689, 3},{21364, 8},{23665, 10},{18789, 17},
{15739, 7},{1338, 17},{17145, 0},{25979, 3},{11084, 1},{1223, 10},{3781, 16},{21363, 8},{15736, 7},{20376, 7},
{7672, 10},{23441, 4},{6707, 7},{6711, 7},{7672, 10},{21731, 3},{10395, 0},{1223, 10},{26230, 1},{19373, 17},
{21366, 8},{23247, 7},{3781, 16},{23441, 4},{698, 7},{21365, 8},{3781, 16},{23248, 7},{22765, 3},{24994, 17},
{15742, 7},{23947, 1},{23441, 4},{7672, 10},{21368, 8},{23441, 4},{15738, 7},{7672, 10},{17924, 17},{26229, 1},
{23665, 10},{17697, 3},{3781, 16},{3781, 16},{25295, 17},{21367, 8},{23441, 4},{693, 7},{24063, 3},{26230, 1},
{7672, 10},{25033, 3},{1732, 17},{23441, 4},{7672, 10},{23249, 7},{3781, 16},{6712, 7},{23950, 1},{22577, 8},
{26220, 1},{23245, 7},{23977, 0},{20383, 7},{1223, 10},{7672, 10},{23441, 4},{3781, 16},{20205, 17},{21369, 8},
{7226, 3},{23252, 7},{12524, 17},{23441, 4},{21361, 8},{21422, 3},{23937, 1},{6711, 7},{20381, 7},{3781, 16},
{7672, 10},{23251, 7},{24253, 8},{2473, 10},{24256, 8},{2473, 10},{2473, 10},{24255, 8},{2473, 10},{24250, 8},
{2473, 10},{24249, 8},{2473, 10},{24252, 8},{2473, 10},{24251, 8},{24544, 7},{4642, 3},{3781, 16},{25314, 4},
{14585, 8},{7672, 10},{24185, 17},{4192, 7},{23665, 10},{19343, 7},{180, 1},{25314, 4},{7672, 10},{26081, 7},
{26087, 7},{3781, 16},{26083, 7},{14584, 8},{16250, 3},{4369, 1},{10485, 17},{24801, 3},{7672, 10},{15732, 17},
{23665, 10},{25314, 4},{14306, 1},{19339, 7},{3781, 16},{14583, 8},{24540, 7},{3781, 16},{25493, 3},{24546, 7},
{19349, 7},{25314, 4},{14582, 8},{7672, 10},{23665, 10},{10915, 17},{4367, 1},{3781, 16},{24641, 3},{14311, 1},
{19342, 7},{14589, 8},{7672, 10},{299, 17},{23665, 10},{25314, 4},{1223, 10},{19345, 7},{14588, 8},{14304, 1},
{7672, 10},{6422, 17},{3781, 16},{24386, 0},{25314, 4},{4193, 7},{9843, 7},{13021, 3},{25314, 4},{3156, 1},
{7672, 10},{3781, 16},{20132, 17},{9845, 7},{14587, 8},{14477, 3},{23665, 10},{14586, 8},{9839, 7},{25314, 4},
{3430, 3},{3160, 1},{22234, 17},{3781, 16},{26088, 7},{7672, 10},{4372, 1},{3781, 16},{23192, 3},{25314, 4},
{4194, 7},{9839, 7},{26082, 7},{14593, 8},{7672, 10},{10769, 17},{6313, 1},{26373, 3},{19346, 7},{14592, 8},
{23178, 17},{7672, 10},{3781, 16},{25314, 4},{24546, 7},{9844, 7},{6751, 8},{12329, 1},{3781, 16},{1530, 4},
{9579, 7},{25273, 10},{19295, 7},{8798, 17},{12484, 7},{3781, 16},{8686, 7},{543, 7},{24103, 17},{23975, 4},
{25273, 10},{20241, 7},{16262, 7},{17624, 8},{25273, 10},{543, 7},{16264, 7},{23975, 4},{17111, 17},{8688, 7},
{17623, 8},{3781, 16},{25273, 10},{3781, 16},{20237, 7},{543, 7},{22294, 17},{17622, 8},{23975, 4},{1276, 17},
{8685, 7},{25273, 10},{20236, 7},{16262, 7},{23975, 4},{542, 7},{17621, 8},{3781, 16},{1469, 7},{11644, 8},
{20592, 0},{3781, 16},{2197, 3},{7672, 10},{1223, 10},{22909, 1},{10576, 4},{21180, 7},{6972, 17},{23975, 4},
{3781, 16},{17619, 8},{25273, 10},{8685, 7},{1433, 17},{8686, 7},{537, 7},{25273, 10},{23975, 4},{3781, 16},
{17618, 8},{7164, 7},{17241, 17},{538, 7},{540, 7},{536, 7},{25273, 10},{7161, 7},{23975, 4},{24618, 17},
{20234, 7},{178, 8},{3781, 16},{26333, 17},{4135, 1},{7672, 10},{22898, 3},{16846, 8},{10576, 4},{2173, 7},
{2170, 7},{6926, 7},{3781, 16},{6309, 17},{3781, 16},{1471, 7},{10576, 4},{16158, 3},{7672, 10},{4131, 1},
{19195, 7},{16748, 8},{16853, 8},{1470, 7},{21183, 7},{5440, 3},{1223, 10},{5453, 0},{7672, 10},{6926, 7},
{25118, 1},{10576, 4},{3781, 16},{9723, 17},{16855, 8},{10576, 4},{3781, 16},{20037, 7},{7672, 10},{25122, 1},
{14420, 7},{8228, 17},{1291, 3},{16264, 7},{23975, 4},{7160, 7},{17628, 8},{25273, 10},{3781, 16},{7730, 17},
{16467, 17},{10576, 4},{2167, 7},{25122, 1},{16999, 8},{1868, 3},{7484, 7},{7672, 10},{3781, 16},{10576, 4},
{1223, 10},{5451, 0},{6565, 17},{20045, 7},{20038, 7},{21180, 7},{25016, 3},{3781, 16},{7672, 10},{4130, 1},
{10768, 8},{25122, 1},{17118, 8},{10576, 4},{19938, 17},{3781, 16},{7485, 7},{19904, 3},{7672, 10},{7489, 7},
{25126, 10},{19499, 8},{19498, 8},{25126, 10},{25126, 10},{19501, 8},{19500, 8},{25126, 10},{25126, 10},{19495, 8},
{19494, 8},{25126, 10},{19497, 8},{25126, 10},{19496, 8},{25126, 10},{25126, 10},{19493, 8},{25126, 10},{19492, 8},
{1685, 10},{15929, 13},{8283, 10},{3781, 16},{12232, 2},{21166, 8},{6552, 17},{25409, 9},{12816, 12},{7362, 9},
{25410, 9},{19114, 3},{20163, 5},{7367, 9},{3781, 16},{21046, 17},{7361, 9},{13508, 3},{10799, 5},{25303, 13},
{8283, 10},{25411, 9},{21167, 8},{13261, 12},{12232, 2},{25399, 9},{16068, 12},{8283, 10},{3781, 16},{21164, 8},
{18661, 9},{25400, 9},{8884, 3},{12683, 13},{12232, 2},{6310, 9},{16345, 17},{2037, 5},{18188, 5},{8599, 13},
{14832, 12},{12232, 2},{14310, 9},{3781, 16},{18874, 17},{18659, 9},{22037, 3},{21165, 8},{14309, 9},{8283, 10},
{18660, 9},{1685, 10},{2003, 15},{15611, 15},{17102, 15},{18766, 8},{3404, 15},{4136, 15},{4424, 10},{3404, 15},
{18767, 8},{4424, 10},{18764, 8},{3404, 15},{4424, 10},{18765, 8},{4424, 10},{3404, 15},{3404, 15},{18762, 8},
{4424, 10},{9453, 15},{4424, 10},{13018, 8},{1685, 10},{3781, 16},{10723, 8},{12435, 7},{10576, 4},{25273, 10},
{19467, 7},{25118, 1},{12430, 7},{13428, 17},{12429, 7},{10724, 8},{10658, 7},{3781, 16},{14943, 17},{25273, 10},
{10576, 4},{5450, 7},{10673, 7},{4763, 17},{3781, 16},{10576, 4},{10725, 8},{10664, 7},{25273, 10},{12424, 7},
{12426, 7},{25273, 10},{10726, 8},{5454, 7},{22081, 17},{5453, 7},{3781, 16},{10576, 4},{22909, 1},{12430, 7},
{10576, 4},{11942, 8},{25171, 7},{19360, 17},{3781, 16},{10676, 7},{25273, 10},{7693, 7},{5460, 7},{12434, 7},
{11944, 8},{10576, 4},{25273, 10},{3443, 17},{3781, 16},{10664, 7},{4132, 1},{25169, 7},{25273, 10},{16027, 17},
{3781, 16},{12427, 7},{10576, 4},{10729, 8},{10576, 4},{10658, 7},{10730, 8},{25273, 10},{10664, 7},{5452, 7},
{3781, 16},{8046, 17},{6385, 1},{5103, 7},{25273, 10},{20517, 8},{12025, 7},{6952, 17},{3781, 16},{24752, 4},
{10576, 4},{14662, 7},{7098, 1},{12430, 7},{11933, 8},{25273, 10},{20573, 17},{3781, 16},{12857, 7},{10576, 4},
{20592, 7},{14661, 7},{19467, 7},{4133, 1},{18156, 17},{25273, 10},{10660, 7},{11936, 8},{3781, 16},{17622, 8},
{26013, 7},{7357, 7},{3781, 16},{25273, 10},{20906, 17},{1530, 4},{4424, 10},{9141, 15},{15686, 8},{7143, 7},
{3781, 16},{19293, 7},{26012, 7},{12482, 7},{17624, 8},{25273, 10},{23615, 17},{1530, 4},{4424, 10},{18763, 8},
{9141, 15},{15448, 1},{3781, 16},{21987, 17},{25219, 7},{5509, 7},{7370, 7},{17618, 8},{1530, 4},{25273, 10},
{2062, 15},{9141, 15},{18765, 8},{4424, 10},{12483, 7},{1530, 4},{19291, 7},{25273, 10},{184, 8},{3781, 16},
{9566, 7},{5767, 17},{9141, 15},{4424, 10},{18767, 8},{1685, 10},{9141, 15},{2069, 15},{6690, 8},{4424, 10},
{4424, 10},{9141, 15},{3168, 15},{6692, 8},{1685, 10},{1538, 15},{13019, 8},{9455, 15},{4424, 10},{13020, 8},
{4424, 10},{9455, 15},{4424, 10},{9455, 15},{13017, 8},{13018, 8},{4424, 10},{9455, 15},{9455, 15},{4424, 10},
{13015, 8},{4424, 10},{13016, 8},{13315, 15},{9455, 15},{9455, 15},{13013, 8},{4424, 10},{9455, 15},{13014, 8},
{4424, 10},{1685, 10},{14356, 15},{13014, 8},{4424, 10},{20395, 15},{14249, 7},{3781, 16},{16653, 8},{24752, 4},
{12024, 7},{19490, 17},{25273, 10},{4124, 1},{5109, 7},{3781, 16},{21019, 8},{16498, 17},{5108, 7},{18959, 7},
{24752, 4},{25273, 10},{19578, 7},{3781, 16},{19581, 7},{1143, 4},{7504, 17},{13689, 8},{25273, 10},{7009, 7},
{3781, 16},{25015, 17},{7004, 7},{5846, 7},{25273, 10},{1143, 4},{3317, 7},{15460, 8},{25273, 10},{6931, 7},
{12027, 7},{3781, 16},{6383, 1},{16659, 8},{15192, 17},{6927, 7},{24752, 4},{9696, 17},{3781, 16},{16658, 8},
{16053, 7},{18960, 7},{14250, 7},{25273, 10},{24752, 4},{12024, 7},{25273, 10},{10698, 17},{3781, 16},{16661, 8},
{24752, 4},{12022, 7},{13506, 17},{14250, 7},{6922, 7},{24752, 4},{25273, 10},{14254, 7},{16660, 8},{12026, 7},
{3781, 16},{1143, 4},{3781, 16},{10093, 7},{10097, 7},{10099, 7},{16573, 17},{25273, 10},{15468, 8},{19578, 7},
{15467, 8},{25273, 10},{3781, 16},{3316, 7},{1143, 4},{7013, 7},{15693, 17},{1364, 7},{24752, 4},{11892, 17},
{25273, 10},{3781, 16},{12022, 7},{16657, 8},{1143, 4},{15778, 17},{5843, 7},{15469, 8},{25273, 10},{5847, 7},
{26342, 7},{3781, 16},{4424, 10},{4131, 15},{13018, 8},{22500, 15},{4131, 15},{4424, 10},{13017, 8},{22501, 15},
{16706, 15},{13020, 8},{4131, 15},{4424, 10},{23557, 15},{4424, 10},{13019, 8},{4131, 15},{4424, 10},{13014, 8},
{4131, 15},{4273, 15},{16387, 15},{4424, 10},{4131, 15},{13013, 8},{5570, 15},{4131, 15},{13016, 8},{4424, 10},
{16380, 15},{4131, 15},{13015, 8},{4424, 10},{2473, 10},{3659, 8},{1685, 10},{3661, 8},{2473, 10},{4347, 8},
{22650, 7},{3781, 16},{25273, 10},{15066, 4},{2327, 17},{8560, 7},{15853, 7},{25273, 10},{402, 7},{20161, 17},
{4348, 8},{14854, 7},{15066, 4},{3781, 16},{3781, 16},{24571, 1},{14559, 17},{401, 7},{21226, 7},{15066, 4},
{4345, 8},{25273, 10},{3840, 7},{15861, 7},{8561, 7},{25273, 10},{15857, 7},{10247, 17},{4346, 8},{3781, 16},
{15066, 4},{15066, 4},{13953, 17},{21230, 7},{3840, 7},{4351, 8},{24571, 1},{5047, 7},{25273, 10},{20088, 7},
{3781, 16},{22644, 7},{15066, 4},{3781, 16},{25273, 10},{5047, 7},{20996, 17},{402, 7},{4352, 8},{2661, 7},
{4349, 8},{15066, 4},{7821, 7},{3781, 16},{2658, 7},{6985, 17},{25273, 10},{3781, 16},{7826, 7},{15858, 7},
{7268, 1},{15066, 4},{25593, 17},{4350, 8},{25273, 10},{3781, 16},{7466, 17},{24752, 4},{22806, 1},{7672, 10},
{23665, 10},{4155, 3},{7575, 8},{5175, 7},{2658, 7},{22649, 7},{3781, 16},{25273, 10},{15066, 4},{4341, 8},
{25213, 17},{4040, 17},{8565, 7},{15854, 7},{4342, 8},{7818, 7},{25273, 10},{15066, 4},{3781, 16},{14856, 7},
{1685, 10},{24752, 4},{4123, 1},{7574, 8},{18929, 7},{25680, 7},{3781, 16},{7635, 17},{7672, 10},{23665, 10},
{5238, 3},{5369, 7},{25679, 7},{9874, 17},{1859, 3},{22807, 1},{24752, 4},{7573, 8},{5376, 7},{3781, 16},
{7672, 10},{24752, 4},{12132, 7},{19882, 3},{3781, 16},{7572, 8},{7672, 10},{12125, 7},{2792, 17},{22811, 1},
{18767, 8},{19139, 15},{4424, 10},{4424, 10},{8368, 15},{6692, 8},{15578, 15},{6690, 8},{8368, 15},{4424, 10},
{15272, 4},{3781, 16},{7672, 10},{5956, 7},{23665, 10},{17260, 1},{10801, 17},{7582, 8},{24510, 3},{3781, 16},
{20117, 7},{7672, 10},{7583, 8},{15272, 4},{17261, 1},{25227, 3},{18376, 17},{13758, 7},{20561, 0},{5953, 7},
{15272, 4},{7578, 8},{3781, 16},{1223, 10},{7672, 10},{17259, 1},{3815, 3},{175, 17},{5955, 7},{7579, 8},
{1449, 1},{15272, 4},{3689, 3},{3781, 16},{5956, 7},{7672, 10},{11786, 17},{5952, 7},{18765, 8},{7103, 15},
{4424, 10},{8368, 15},{5957, 7},{11631, 3},{7672, 10},{7577, 8},{3781, 16},{17265, 1},{17703, 17},{15272, 4},
{8570, 15},{8368, 15},{4424, 10},{18763, 8},{8573, 15},{1223, 10},{3781, 16},{3770, 0},{7961, 17},{22664, 7},
{12821, 3},{7575, 8},{15272, 4},{897, 1},{7672, 10},{21216, 15},{8368, 15},{15686, 8},{21224, 15},{1541, 15},
{4424, 10},{8368, 15},{4424, 10},{404, 15},{7101, 15},{9434, 8},{23441, 4},{3781, 16},{25273, 10},{4312, 7},
{23982, 7},{8324, 17},{11118, 7},{16364, 8},{3781, 16},{10391, 7},{11120, 7},{25273, 10},{13359, 17},{23441, 4},
{23983, 7},{11119, 7},{16363, 8},{6764, 10},{23247, 9},{20163, 5},{17750, 13},{14981, 3},{1003, 8},{23441, 2},
{23441, 6},{11571, 9},{20684, 12},{11893, 17},{3781, 16},{11572, 9},{23212, 8},{23979, 7},{17150, 7},{4073, 17},
{3781, 16},{25273, 10},{10398, 7},{23441, 4},{17148, 7},{23441, 4},{11087, 17},{16368, 8},{25273, 10},{3781, 16},
{11564, 7},{11571, 7},{4502, 8},{5842, 12},{20168, 5},{24951, 13},{16137, 3},{1379, 17},{6764, 10},{23245, 9},
{23441, 2},{3781, 16},{10396, 9},{13692, 8},{3781, 16},{25273, 10},{8048, 7},{5101, 7},{24752, 4},{6925, 7},
{21592, 17},{6927, 7},{23947, 1},{11573, 7},{3781, 16},{11566, 7},{25273, 10},{23441, 4},{16369, 8},{4314, 7},
{23746, 17},{10398, 7},{23984, 7},{23441, 4},{3781, 16},{23986, 7},{16487, 17},{16372, 8},{25273, 10},{23981, 7},
{10399, 7},{16371, 8},{23986, 7},{25273, 10},{17154, 7},{4315, 7},{23441, 4},{4209, 17},{3781, 16},{3781, 16},
{24752, 4},{25273, 10},{12022, 7},{14652, 17},{13702, 8},{6930, 7},{3781, 16},{10476, 17},{8048, 7},{25273, 10},
{1359, 7},{12028, 7},{24752, 4},{13701, 8},{3781, 16},{25273, 10},{23236, 8},{10397, 7},{23980, 7},{17146, 7},
{19702, 17},{23441, 4},{8097, 17},{12253, 4},{19853, 7},{19854, 7},{3277, 7},{25273, 10},{3781, 16},{20524, 8},
{16284, 7},{3781, 16},{14728, 17},{25273, 10},{7248, 7},{12253, 4},{12462, 8},{2764, 7},{2628, 1},{14183, 7},
{3781, 16},{22392, 7},{25273, 10},{20526, 8},{1515, 17},{7246, 7},{22397, 7},{12253, 4},{17327, 8},{3781, 16},
{2760, 7},{25273, 10},{2757, 7},{14778, 17},{12253, 4},{22398, 7},{23872, 17},{19848, 7},{25273, 10},{3781, 16},
{12253, 4},{7248, 7},{20520, 8},{20521, 8},{22397, 7},{3781, 16},{13380, 17},{12253, 4},{25273, 10},{16284, 7},
{2760, 7},{12339, 17},{22392, 7},{3781, 16},{7250, 7},{12253, 4},{25273, 10},{20522, 8},{3274, 7},{12253, 4},
{2757, 7},{25273, 10},{2759, 7},{792, 17},{20523, 8},{3781, 16},{18572, 17},{12253, 4},{2757, 7},{25273, 10},
{20517, 8},{3781, 16},{7241, 7},{7248, 7},{20518, 8},{3781, 16},{20262, 17},{25273, 10},{2761, 7},{12253, 4},
{4424, 10},{18765, 8},{26233, 15},{896, 15},{4424, 10},{18764, 8},{896, 15},{18767, 8},{25215, 15},{26239, 15},
{896, 15},{4424, 10},{4424, 10},{25177, 15},{896, 15},{18766, 8},{896, 15},{4424, 10},{15686, 8},{896, 15},
{7559, 15},{4424, 10},{24347, 15},{9434, 8},{896, 15},{4424, 10},{18763, 8},{18762, 8},{4424, 10},{896, 15},
{19516, 15},{896, 15},{4424, 10},{6692, 8},{25215, 15},{6690, 8},{4424, 10},{896, 15},{7972, 17},{3542, 8},
{8072, 7},{25273, 10},{19954, 4},{3781, 16},{8069, 7},{2473, 10},{25345, 8},{17396, 8},{2473, 10},{17395, 8},
{2473, 10},{2473, 10},{17394, 8},{2473, 10},{17401, 8},{17400, 8},{2473, 10},{17399, 8},{2473, 10},{17398, 8},
{2473, 10},{2473, 10},{17392, 8},{17391, 8},{2473, 10},{7003, 7},{3781, 16},{25273, 10},{5843, 7},{2983, 8},
{1143, 4},{23478, 17},{2473, 10},{3656, 8},{2473, 10},{3655, 8},{2473, 10},{3658, 8},{3657, 8},{2473, 10},
{2473, 10},{3660, 8},{2473, 10},{3659, 8},{4424, 10},{6692, 8},{23947, 15},{1685, 10},{15686, 8},{4424, 10},
{23947, 15},{20355, 15},{24494, 15},{9434, 8},{4424, 10},{23947, 15},{18763, 8},{23947, 15},{4424, 10},{23947, 15},
{18762, 8},{3413, 15},{4424, 10},{3665, 8},{2473, 10},{18764, 8},{4424, 10},{23947, 15},{23947, 15},{4424, 10},
{18767, 8},{16992, 15},{4424, 10},{680, 15},{23947, 15},{18766, 8},{16388, 15},{6690, 8},{4128, 15},{4424, 10},
{6692, 8},{5564, 15},{4424, 10},{11065, 15},{4128, 15},{24677, 15},{25292, 15},{4424, 10},{4128, 15},{18766, 8},
{18767, 8},{4424, 10},{5571, 15},{4128, 15},{4128, 15},{4266, 15},{18764, 8},{4424, 10},{4424, 10},{4128, 15},
{18765, 8},{19322, 15},{4424, 10},{4128, 15},{18762, 8},{18763, 8},{4128, 15},{12537, 15},{4424, 10},{4273, 15},
{4424, 10},{9434, 8},{4128, 15},{4424, 10},{15686, 8},{4128, 15},{1685, 10},{1685, 10},{11074, 15},{6690, 8},
{4424, 10},{16751, 15},{6692, 8},{4424, 10},{11074, 15},{25222, 7},{9286, 8},{19666, 7},{1530, 4},{25273, 10},
{3781, 16},{26020, 7},{25220, 7},{15644, 17},{11074, 15},{4424, 10},{18766, 8},{11074, 15},{18767, 8},{4424, 10},
{18764, 8},{11074, 15},{24498, 15},{4424, 10},{11074, 15},{4424, 10},{18765, 8},{4424, 10},{11074, 15},{18762, 8},
{24396, 15},{18763, 8},{11074, 15},{4424, 10},{9434, 8},{20358, 15},{11074, 15},{4424, 10},{4424, 10},{15686, 8},
{11074, 15},{1530, 4},{22874, 17},{25273, 10},{3781, 16},{26016, 7},{9284, 8},{7148, 7},{18451, 15},{13146, 15},
{1927, 15},{18766, 8},{4424, 10},{13018, 8},{7278, 15},{4424, 10},{992, 15},{26039, 8},{13146, 1},{23419, 17},
{5512, 7},{26023, 7},{1530, 4},{26019, 7},{7147, 7},{25273, 10},{3781, 16},{2774, 8},{2473, 10},{1685, 10},
{3781, 16},{25273, 10},{10701, 17},{1530, 4},{9288, 8},{5505, 7},{7373, 7},{12626, 7},{4424, 10},{13017, 8},
{7278, 15},{986, 15},{4424, 10},{13020, 8},{7278, 15},{3781, 16},{12425, 7},{10576, 4},{1809, 8},{4423, 17},
{5450, 7},{25273, 10},{10576, 4},{16667, 17},{25273, 10},{5456, 7},{12427, 7},{3781, 16},{1810, 8},{5454, 7},
{12916, 7},{7691, 7},{5460, 7},{25273, 10},{3781, 16},{10576, 4},{14662, 7},{18809, 17},{1811, 8},{10576, 4},
{14660, 7},{25106, 17},{12426, 7},{1812, 8},{3781, 16},{12429, 7},{25273, 10},{24113, 17},{5456, 7},{3781, 16},
{1813, 8},{10576, 4},{25273, 10},{5459, 7},{12435, 7},{7694, 7},{25273, 10},{3781, 16},{5450, 7},{12251, 17},
{10576, 4},{1814, 8},{5453, 7},{20593, 7},{10576, 4},{8284, 17},{4132, 1},{25273, 10},{7694, 7},{3781, 16},
{1815, 8},{25273, 10},{12868, 7},{4065, 17},{3781, 16},{10664, 7},{10970, 8},{10576, 4},{10576, 4},{24919, 17},
{1817, 8},{12428, 7},{3781, 16},{12916, 7},{25273, 10},{5450, 7},{12857, 7},{7093, 1},{25273, 10},{3781, 16},
{10669, 7},{8286, 7},{1818, 8},{5455, 7},{25173, 7},{18055, 17},{10576, 4},{13701, 8},{1446, 1},{17816, 7},
{8964, 17},{20610, 7},{25273, 10},{17357, 7},{15272, 4},{3781, 16},{10552, 7},{25273, 10},{20610, 7},{23960, 17},
{13702, 8},{15272, 4},{3781, 16},{10550, 7},{13693, 8},{1442, 1},{5810, 17},{15272, 4},{23459, 7},{3781, 16},
{3773, 7},{25273, 10},{17352, 7},{13694, 8},{20616, 7},{8035, 17},{3781, 16},{25273, 10},{16455, 7},{15272, 4},
{17356, 7},{15272, 4},{18391, 17},{23460, 7},{13691, 8},{3781, 16},{10876, 7},{25273, 10},{13692, 8},{10551, 7},
{15272, 4},{25273, 10},{3781, 16},{20623, 7},{11986, 17},{13697, 8},{17357, 7},{15272, 4},{3781, 16},{16451, 7},
{25273, 10},{24765, 17},{3771, 7},{3781, 16},{15272, 4},{3771, 7},{20561, 7},{25273, 10},{23464, 7},{13698, 8},
{3770, 7},{20846, 17},{20610, 7},{13695, 8},{15272, 4},{3774, 7},{25273, 10},{25562, 17},{3781, 16},{13696, 8},
{4871, 17},{3768, 7},{3781, 16},{15272, 4},{25273, 10},{16449, 7},{3781, 16},{23525, 7},{4263, 17},{8204, 4},
{25132, 7},{13462, 8},{25273, 10},{5431, 7},{25134, 7},{25273, 10},{11869, 8},{25137, 7},{14683, 1},{3781, 16},
{8204, 4},{25231, 17},{16903, 7},{25273, 10},{25134, 7},{3781, 16},{10120, 7},{11722, 7},{14740, 17},{19629, 8},
{8204, 4},{25136, 7},{236, 17},{20166, 5},{5340, 9},{17612, 2},{6764, 10},{3919, 12},{8107, 9},{13687, 13},
{25925, 3},{1000, 8},{3781, 16},{19604, 7},{4569, 17},{19627, 8},{23519, 7},{8204, 4},{3781, 16},{25273, 10},
{25273, 10},{19626, 8},{10129, 7},{3781, 16},{2444, 17},{16902, 7},{8204, 4},{25139, 7},{25273, 10},{16897, 7},
{3781, 16},{19625, 8},{25137, 7},{25130, 7},{8204, 4},{3740, 17},{10129, 7},{19624, 8},{25132, 7},{3781, 16},
{25273, 10},{24233, 17},{19604, 7},{8204, 4},{11722, 7},{11746, 7},{19606, 7},{25273, 10},{11819, 8},{18603, 17},
{3781, 16},{5430, 7},{5434, 7},{8204, 4},{14684, 1},{8204, 4},{25138, 7},{11816, 8},{25273, 10},{8226, 7},
{12569, 17},{3781, 16},{20548, 7},{17612, 4},{18180, 17},{10748, 8},{25273, 10},{7543, 7},{3781, 16},{7273, 15},
{13019, 8},{4424, 10},{14512, 7},{10750, 8},{3781, 16},{928, 17},{25273, 10},{17612, 4},{14507, 7},{9130, 1},
{10751, 8},{8106, 7},{854, 7},{19250, 17},{17612, 4},{25273, 10},{3781, 16},{14510, 7},{25383, 17},{25273, 10},
{6857, 7},{8106, 7},{3781, 16},{8105, 7},{10744, 8},{17612, 4},{14507, 7},{8101, 7},{10745, 8},{8412, 17},
{25273, 10},{17612, 4},{856, 7},{3781, 16},{20548, 7},{10746, 8},{17612, 4},{25273, 10},{7539, 7},{856, 7},
{857, 7},{3781, 16},{12340, 17},{17612, 4},{10747, 8},{25273, 10},{7540, 7},{21013, 17},{3781, 16},{14513, 7},
{20554, 7},{20546, 7},{22900, 17},{17612, 4},{25273, 10},{3781, 16},{20553, 7},{20548, 7},{10754, 8},{9125, 1},
{17612, 4},{25273, 10},{4756, 17},{3781, 16},{20547, 7},{14506, 7},{10755, 8},{14513, 7},{1685, 10},{18765, 8},
{5564, 15},{4129, 15},{9909, 15},{4424, 10},{9538, 15},{4129, 15},{4424, 10},{18764, 8},{25293, 15},{4424, 10},
{18767, 8},{25284, 15},{4129, 15},{4129, 15},{4424, 10},{18766, 8},{5561, 15},{5562, 15},{4424, 10},{4129, 15},
{4276, 15},{15686, 8},{9434, 8},{4424, 10},{4129, 15},{11060, 15},{4424, 10},{18763, 8},{4129, 15},{4267, 15},
{4424, 10},{11064, 15},{4129, 15},{18762, 8},{4424, 10},{4129, 15},{6692, 8},{4424, 10},{1691, 15},{4129, 15},
{12533, 15},{6690, 8},{13151, 15},{4424, 10},{18765, 8},{16922, 15},{18764, 8},{13151, 15},{4424, 10},{18088, 15},
{4424, 10},{13151, 15},{18767, 8},{5488, 15},{4424, 10},{1926, 15},{18766, 8},{13151, 15},{13151, 15},{4424, 10},
{23767, 15},{9434, 8},{18763, 8},{4424, 10},{13151, 15},{4424, 10},{13151, 15},{18762, 8},{4424, 10},{18763, 8},
{14682, 15},{18762, 8},{4424, 10},{14682, 15},{21649, 15},{15686, 8},{14682, 15},{4136, 15},{4424, 10},{9434, 8},
{14682, 15},{4424, 10},{4143, 15},{18767, 8},{1570, 15},{14682, 15},{4424, 10},{4424, 10},{14682, 15},{18766, 8},
{4424, 10},{14682, 15},{18765, 8},{14682, 15},{4424, 10},{18764, 8},{14068, 15},{6690, 8},{14682, 15},{4424, 10},
{25273, 10},{3781, 16},{23441, 4},{23984, 7},{16367, 8},{10396, 7},{4308, 7},{25326, 17},{17150, 7},{11084, 1},
{20220, 17},{23747, 8},{16143, 7},{8126, 7},{16147, 7},{25314, 4},{25273, 10},{3781, 16},{6313, 1},{1904, 7},
{24385, 7},{23745, 8},{25314, 4},{3781, 16},{4693, 17},{8133, 7},{25273, 10},{25314, 4},{24381, 7},{8128, 7},
{3894, 8},{13167, 17},{3781, 16},{25273, 10},{4714, 7},{25273, 10},{22300, 7},{3893, 8},{25314, 4},{18126, 17},
{3781, 16},{16146, 7},{25314, 4},{23785, 8},{25273, 10},{4373, 1},{16144, 7},{24381, 7},{24387, 7},{25481, 17},
{3781, 16},{25314, 4},{17665, 17},{22303, 7},{16144, 7},{25273, 10},{14308, 1},{3781, 16},{23784, 8},{4367, 1},
{3890, 8},{22302, 7},{24386, 7},{6999, 17},{16144, 7},{22303, 7},{25314, 4},{25273, 10},{3781, 16},{3781, 16},
{7616, 17},{8129, 7},{25314, 4},{24380, 7},{8127, 7},{3889, 8},{25273, 10},{6727, 17},{8127, 7},{16146, 7},
{25273, 10},{24382, 7},{25314, 4},{4709, 7},{3892, 8},{3781, 16},{3891, 8},{25314, 4},{3781, 16},{24381, 7},
{25273, 10},{4713, 7},{16737, 17},{20192, 15},{4424, 10},{18762, 8},{22878, 15},{20192, 15},{14067, 15},{4424, 10},
{9434, 8},{2473, 10},{3665, 8},{25126, 10},{13583, 8},{1685, 10},{13581, 8},{25126, 10},{8101, 7},{25273, 10},
{19443, 17},{14507, 7},{17612, 4},{3781, 16},{8108, 7},{8099, 7},{10711, 8},{13019, 8},{4424, 10},{19719, 15},
{6690, 8},{3152, 15},{4424, 10},{3152, 15},{4424, 10},{6692, 8},{19719, 15},{13020, 8},{4424, 10},{4424, 10},
{3152, 15},{17833, 15},{18764, 8},{4424, 10},{19298, 15},{18765, 8},{3152, 15},{18766, 8},{3152, 15},{4424, 10},
{18767, 8},{3152, 15},{4424, 10},{9434, 8},{3152, 15},{4424, 10},{10175, 15},{17635, 15},{3152, 15},{10962, 15},
{15686, 8},{4424, 10},{18762, 8},{10960, 15},{4424, 10},{3152, 15},{21083, 15},{26031, 15},{3152, 15},{18763, 8},
{4424, 10},{6690, 8},{20192, 15},{1575, 15},{4424, 10},{6692, 8},{4424, 10},{16483, 15},{20192, 15},{15686, 8},
{4424, 10},{1901, 15},{869, 15},{1685, 10},{20547, 7},{10743, 8},{25273, 10},{8104, 7},{25619, 17},{14513, 7},
{3781, 16},{17612, 4},{26312, 8},{25126, 10},{4193, 7},{17758, 3},{22276, 8},{7672, 10},{25944, 1},{3781, 16},
{25314, 4},{21986, 17},{2473, 10},{3659, 8},{2473, 10},{3660, 8},{2473, 10},{3661, 8},{3662, 8},{2473, 10},
{3655, 8},{2473, 10},{3656, 8},{2473, 10},{3657, 8},{2473, 10},{3658, 8},{2473, 10},{3664, 8},{2473, 10},
{2473, 10},{3665, 8},{4424, 10},{15412, 15},{18767, 8},{25273, 10},{26039, 8},{19604, 7},{1593, 17},{16903, 7},
{8204, 4},{3781, 16},{8204, 4},{19603, 7},{25273, 10},{9290, 8},{3781, 16},{10123, 7},{16391, 17},{3781, 16},
{25136, 7},{10120, 7},{20195, 1},{25273, 10},{8204, 4},{9289, 8},{12957, 17},{14684, 1},{8204, 4},{6509, 17},
{3781, 16},{5429, 7},{9288, 8},{19601, 7},{5435, 7},{25273, 10},{3781, 16},{9287, 8},{25273, 10},{20625, 17},
{8204, 4},{5431, 7},{16906, 7},{16906, 7},{3781, 16},{8204, 4},{19185, 17},{9286, 8},{25273, 10},{23529, 7},
{25273, 10},{3781, 16},{24497, 17},{8204, 4},{9285, 8},{8226, 7},{16900, 7},{19601, 7},{3286, 17},{8204, 4},
{3781, 16},{19606, 7},{25273, 10},{25135, 7},{9284, 8},{18551, 17},{25273, 10},{10125, 7},{3781, 16},{8204, 4},
{9283, 8},{23523, 7},{25137, 7},{25137, 7},{8204, 4},{25133, 7},{9282, 8},{25273, 10},{16906, 7},{3781, 16},
{23520, 7},{1965, 17},{1685, 10},{9434, 8},{4424, 10},{15412, 15},{15362, 10},{1530, 14},{25126, 10},{17453, 8},
{6388, 15},{9434, 8},{4424, 10},{3233, 15},{18762, 8},{15412, 15},{1576, 15},{4424, 10},{15362, 10},{1530, 14},
{6388, 15},{18762, 8},{4424, 10},{1685, 10},{9418, 1},{9052, 8},{13383, 17},{12253, 4},{7248, 7},{25273, 10},
{16285, 7},{3781, 16},{4424, 10},{22805, 15},{6690, 8},{18433, 15},{7681, 15},{22805, 15},{6692, 8},{4424, 10},
{4424, 10},{20272, 15},{18764, 8},{22805, 15},{4424, 10},{17850, 15},{18765, 8},{22805, 15},{4424, 10},{18766, 8},
{22805, 15},{1530, 14},{15362, 10},{22805, 15},{9434, 8},{25166, 15},{4424, 10},{22805, 15},{15686, 8},{4424, 10},
{18762, 8},{22805, 15},{4424, 10},{13477, 15},{7679, 15},{18763, 8},{4424, 10},{18431, 15},{22805, 15},{2473, 10},
{6214, 8},{9553, 1},{10096, 7},{25273, 10},{5841, 7},{17726, 8},{1143, 4},{3317, 7},{3781, 16},{9422, 17},
{9434, 8},{180, 15},{10960, 15},{21849, 15},{4424, 10},{15686, 8},{4424, 10},{866, 15},{9434, 8},{866, 15},
{4424, 10},{180, 15},{4424, 10},{18765, 8},{1685, 10},{4424, 10},{20113, 15},{18766, 8},{15476, 15},{4051, 15},
{866, 15},{4424, 10},{13352, 15},{866, 15},{18765, 8},{22668, 7},{22669, 7},{14583, 8},{3781, 16},{17264, 1},
{15485, 7},{15272, 4},{23665, 10},{7672, 10},{2971, 17},{14832, 3},{4424, 10},{180, 15},{18766, 8},{1685, 10},
{1685, 10},{2473, 10},{11383, 8},{6219, 8},{2473, 10},{2473, 10},{6216, 8},{2473, 10},{6217, 8},{6214, 8},
{2473, 10},{2473, 10},{6215, 8},{2473, 10},{6212, 8},{2473, 10},{6213, 8},{6220, 8},{2473, 10},{2473, 10},
{11411, 8},{17776, 8},{20611, 17},{1143, 4},{3781, 16},{10096, 7},{10094, 7},{26339, 7},{25273, 10},{4424, 10},
{25238, 15},{25783, 15},{24886, 8},{25238, 15},{24884, 8},{4424, 10},{5961, 9},{20610, 9},{25591, 3},{4500, 8},
{6764, 10},{19140, 17},{3043, 13},{5962, 9},{2033, 5},{3781, 16},{10489, 12},{15272, 2},{4424, 10},{25238, 15},
{13020, 8},{25238, 15},{13019, 8},{4424, 10},{13018, 8},{25238, 15},{4424, 10},{14813, 15},{7869, 15},{25238, 15},
{13017, 8},{4424, 10},{4465, 15},{4424, 10},{25238, 15},{13016, 8},{13015, 8},{4424, 10},{25238, 15},{11504, 15},
{7867, 15},{12963, 15},{4424, 10},{7874, 15},{25238, 15},{14814, 15},{13014, 8},{4424, 10},{20687, 15},{4641, 15},
{13013, 8},{25238, 15},{18959, 7},{5105, 7},{9561, 8},{18953, 7},{9861, 17},{6928, 7},{24752, 4},{25273, 10},
{3781, 16},{3781, 16},{4308, 7},{4310, 7},{10396, 7},{26002, 1},{23441, 4},{10400, 7},{13835, 17},{22005, 8},
{25273, 10},{25273, 10},{3597, 8},{14249, 7},{6927, 7},{13602, 17},{3781, 16},{24752, 4},{1685, 10},{7293, 14},
{1828, 10},{1667, 8},{25273, 10},{10395, 7},{23441, 4},{10393, 7},{11568, 7},{3781, 16},{3594, 8},{13611, 17},
{24752, 4},{1357, 7},{3781, 16},{25273, 10},{22011, 8},{4120, 1},{7532, 17},{14254, 7},{11572, 7},{18713, 17},
{3781, 16},{3596, 8},{23977, 7},{17150, 7},{23441, 4},{25273, 10},{25273, 10},{15800, 7},{16985, 7},{5105, 7},
{22008, 8},{25147, 17},{8047, 7},{24752, 4},{3781, 16},{6922, 7},{23055, 17},{1354, 7},{24752, 4},{12023, 7},
{6380, 1},{22005, 8},{3781, 16},{25273, 10},{7672, 10},{11781, 0},{8149, 1},{3781, 16},{11916, 7},{1223, 10},
{21537, 3},{14585, 8},{19388, 17},{12232, 4},{5006, 7},{18766, 8},{1426, 15},{4424, 10},{1426, 15},{4424, 10},
{18767, 8},{4424, 10},{1426, 15},{14817, 15},{18764, 8},{14814, 15},{1426, 15},{18765, 8},{4424, 10},{14811, 15},
{18762, 8},{20685, 15},{4424, 10},{1426, 15},{23975, 4},{8902, 17},{25273, 10},{3781, 16},{16260, 7},{16257, 7},
{2357, 8},{3781, 16},{8686, 7},{23975, 4},{20235, 7},{14637, 8},{22219, 17},{6287, 1},{25273, 10},{18611, 15},
{13013, 8},{4424, 10},{25233, 15},{1685, 10},{3781, 16},{20235, 7},{2435, 8},{24960, 17},{25273, 10},{8685, 7},
{23975, 4},{3318, 7},{10095, 7},{2208, 17},{1143, 4},{25273, 10},{3781, 16},{7009, 7},{19579, 7},{14638, 8},
{3781, 16},{25273, 10},{20237, 7},{10281, 8},{541, 7},{7718, 17},{8695, 7},{8688, 7},{23975, 4},{3781, 16},
{20713, 1},{19582, 7},{25273, 10},{26342, 7},{9794, 17},{14634, 8},{1143, 4},{25233, 15},{4424, 10},{13014, 8},
{15417, 17},{3781, 16},{25273, 10},{14633, 8},{5844, 7},{7006, 7},{1143, 4},{26346, 7},{10088, 7},{19583, 7},
{2455, 1},{1143, 4},{1883, 17},{7008, 7},{25273, 10},{3781, 16},{14636, 8},{3319, 7},{10099, 7},{25273, 10},
{14635, 8},{19398, 17},{3781, 16},{1143, 4},{19583, 7},{6692, 8},{4424, 10},{23965, 15},{26230, 15},{26230, 15},
{6690, 8},{4424, 10},{26230, 15},{15686, 8},{681, 15},{4424, 10},{3156, 15},{13018, 8},{4424, 10},{21077, 15},
{18763, 8},{4424, 10},{26230, 15},{4424, 10},{18762, 8},{26230, 15},{24396, 15},{18765, 8},{26230, 15},{4424, 10},
{26230, 15},{3425, 15},{4424, 10},{18764, 8},{5510, 15},{18767, 8},{19286, 15},{675, 15},{26230, 15},{4424, 10},
{18766, 8},{26230, 15},{4424, 10},{7152, 15},{4424, 10},{18766, 8},{1143, 4},{25273, 10},{4041, 17},{19577, 7},
{10096, 7},{19580, 7},{3781, 16},{14632, 8},{5850, 7},{3456, 15},{13018, 8},{4424, 10},{8655, 15},{3456, 15},
{4424, 10},{13017, 8},{4424, 10},{14340, 15},{13020, 8},{3456, 15},{3456, 15},{15723, 15},{13019, 8},{4424, 10},
{8627, 15},{13013, 8},{4424, 10},{8645, 15},{3456, 15},{1685, 10},{15362, 10},{10576, 14},{15362, 10},{10576, 14},
{15362, 10},{10576, 14},{25233, 15},{4424, 10},{13018, 8},{25126, 10},{12658, 8},{12659, 8},{25126, 10},{25126, 10},
{12660, 8},{22782, 8},{25126, 10},{25126, 10},{12662, 8},{22785, 8},{25126, 10},{25126, 10},{12664, 8},{12665, 8},
{25126, 10},{12654, 8},{25126, 10},{12655, 8},{25126, 10},{1685, 10},{12633, 11},{11538, 10},{6690, 8},{4424, 10},
{9126, 15},{9126, 15},{4424, 10},{18762, 8},{18763, 8},{9126, 15},{4424, 10},{11512, 15},{4424, 10},{9434, 8},
{9126, 15},{14813, 15},{4424, 10},{9126, 15},{15686, 8},{4424, 10},{18766, 8},{9126, 15},{7876, 15},{18767, 8},
{9126, 15},{4424, 10},{9126, 15},{18764, 8},{4424, 10},{9126, 15},{4424, 10},{18765, 8},{22272, 8},{7156, 0},
{310, 3},{7672, 10},{23975, 4},{25056, 7},{9460, 1},{3781, 16},{19113, 7},{15625, 17},{1223, 10},{23975, 4},
{1730, 8},{3781, 16},{4257, 17},{7672, 10},{23665, 10},{9460, 1},{12289, 7},{10759, 7},{6065, 3},{6108, 7},
{10073, 3},{1733, 8},{3781, 16},{538, 0},{23975, 4},{1223, 10},{7672, 10},{7206, 17},{24363, 1},{2473, 10},
{2771, 8},{7672, 10},{8367, 1},{3781, 16},{12281, 7},{12278, 7},{1727, 8},{5074, 17},{16083, 3},{23975, 4},
{7672, 10},{22267, 8},{12279, 7},{3781, 16},{6283, 1},{23975, 4},{21537, 3},{14230, 17},{2774, 8},{2473, 10},
{11156, 17},{23665, 10},{23975, 4},{6107, 7},{22269, 8},{20287, 3},{7672, 10},{3781, 16},{25058, 7},{12275, 7},
{8362, 1},{23975, 4},{7672, 10},{22853, 3},{6287, 1},{12279, 7},{22276, 8},{19112, 7},{18029, 17},{3781, 16},
{20615, 17},{12298, 7},{3387, 3},{22275, 8},{23975, 4},{7672, 10},{25055, 7},{3781, 16},{12278, 7},{8363, 1},
{23665, 10},{1685, 10},{5330, 3},{20816, 7},{25432, 17},{18597, 7},{3781, 16},{866, 1},{19954, 4},{7672, 10},
{1749, 8},{1127, 7},{1748, 8},{3781, 16},{26432, 3},{23665, 10},{1130, 7},{19954, 4},{24520, 17},{7672, 10},
{10845, 1},{1685, 10},{1752, 8},{866, 1},{19954, 4},{7672, 10},{17405, 17},{25796, 7},{23665, 10},{3781, 16},
{17709, 3},{7832, 7},{1128, 7},{864, 1},{11689, 3},{4732, 17},{7832, 7},{3781, 16},{25803, 7},{1751, 8},
{19954, 4},{7672, 10},{12519, 1},{3781, 16},{7672, 10},{18908, 17},{20823, 7},{1750, 8},{19954, 4},{25799, 7},
{16692, 3},{3781, 16},{20822, 7},{1223, 10},{20824, 7},{8076, 0},{1757, 8},{13627, 17},{12517, 1},{7672, 10},
{19954, 4},{9026, 3},{1756, 8},{19954, 4},{2080, 17},{871, 1},{20815, 7},{7672, 10},{3781, 16},{22598, 3},
{7835, 7},{19954, 4},{871, 1},{19911, 3},{3781, 16},{3643, 17},{7672, 10},{25796, 7},{1755, 8},{6586, 3},
{12653, 1},{11418, 7},{19954, 4},{7672, 10},{3781, 16},{11423, 7},{1754, 8},{14129, 17},{18765, 8},{22804, 15},
{4424, 10},{12655, 8},{25126, 10},{22804, 15},{18767, 8},{4424, 10},{22804, 15},{4424, 10},{18766, 8},{17847, 15},
{22804, 15},{4424, 10},{15686, 8},{22804, 15},{7687, 15},{4424, 10},{9434, 8},{18763, 8},{4424, 10},{22804, 15},
{4424, 10},{18762, 8},{22804, 15},{12660, 8},{25126, 10},{22782, 8},{25126, 10},{25126, 10},{12658, 8},{4424, 10},
{6690, 8},{22804, 15},{12664, 8},{25126, 10},{12665, 8},{25126, 10},{12662, 8},{25126, 10},{25126, 10},{22785, 8},
{3448, 15},{13016, 8},{4424, 10},{3448, 15},{13015, 8},{8875, 15},{6700, 15},{1399, 15},{4424, 10},{13014, 8},
{4424, 10},{3448, 15},{4424, 10},{3448, 15},{13013, 8},{8645, 15},{3448, 15},{4424, 10},{13020, 8},{6704, 15},
{4255, 15},{3448, 15},{4424, 10},{13019, 8},{3448, 15},{4424, 10},{6702, 15},{13018, 8},{1685, 10},{25126, 10},
{19493, 8},{19492, 8},{25126, 10},{25126, 10},{19495, 8},{19494, 8},{25126, 10},{19497, 8},{25126, 10},{19496, 8},
{25126, 10},{25126, 10},{19499, 8},{19498, 8},{25126, 10},{19501, 8},{25126, 10},{19500, 8},{25126, 10},{22651, 7},
{15066, 4},{15858, 7},{3781, 16},{15246, 1},{22648, 7},{23228, 8},{6264, 17},{15861, 7},{25273, 10},{7818, 7},
{15855, 7},{3840, 7},{8561, 7},{23229, 8},{15066, 4},{3454, 1},{25273, 10},{3781, 16},{16376, 17},{3840, 7},
{23236, 8},{3781, 16},{25273, 10},{6054, 17},{7270, 1},{15858, 7},{15066, 4},{22646, 7},{23237, 8},{21249, 7},
{23991, 17},{3781, 16},{25273, 10},{15066, 4},{8562, 7},{25273, 10},{3781, 16},{7819, 7},{7306, 8},{15066, 4},
{15857, 7},{4743, 17},{25273, 10},{15066, 4},{3781, 16},{2653, 7},{14856, 7},{22652, 7},{23235, 8},{15861, 7},
{15176, 17},{15066, 4},{11442, 1},{25273, 10},{8563, 7},{22646, 7},{23106, 17},{3781, 16},{23232, 8},{7278, 1},
{25273, 10},{23233, 8},{401, 7},{3781, 16},{7058, 17},{15066, 4},{8562, 7},{2658, 7},{15856, 7},{23230, 8},
{2661, 7},{15066, 4},{25273, 10},{5047, 7},{3781, 16},{2814, 17},{1685, 10},{20217, 9},{6764, 10},{8156, 8},
{8204, 2},{20214, 9},{2032, 5},{19809, 3},{11719, 9},{3781, 16},{25227, 13},{19602, 9},{1163, 17},{289, 12},
{1017, 8},{15502, 9},{1142, 3},{20165, 5},{6764, 10},{3781, 16},{11722, 9},{1885, 13},{8916, 12},{8204, 2},
{23755, 9},{17501, 17},{12847, 3},{23527, 9},{6764, 10},{8204, 2},{15462, 17},{24290, 5},{18689, 13},{1003, 8},
{3781, 16},{4928, 12},{9200, 9},{1685, 10},{6764, 10},{9203, 9},{8970, 9},{23523, 9},{3781, 16},{20191, 3},
{22542, 13},{8204, 2},{9202, 9},{17423, 12},{24290, 5},{7930, 17},{4507, 8},{3781, 16},{8152, 13},{8204, 2},
{23529, 9},{21155, 17},{13190, 3},{8226, 9},{20163, 5},{4506, 8},{9201, 9},{6764, 10},{10951, 12},{4501, 8},
{9197, 9},{23525, 9},{18264, 17},{9196, 9},{24303, 5},{8204, 2},{6764, 10},{3781, 16},{20659, 3},{248, 12},
{17772, 13},{8204, 2},{23526, 9},{4500, 8},{8282, 12},{6442, 13},{6764, 10},{9204, 9},{9205, 9},{2034, 5},
{9113, 3},{3781, 16},{20160, 17},{3781, 16},{6764, 10},{4503, 8},{8204, 6},{12098, 13},{16740, 3},{20609, 17},
{4155, 12},{19605, 9},{8204, 2},{20213, 9},{20210, 9},{19606, 9},{2038, 5},{25303, 13},{23520, 9},{6764, 10},
{3781, 16},{24297, 5},{3980, 3},{20212, 9},{4502, 8},{23519, 9},{8204, 2},{23066, 12},{17923, 17},{3781, 16},
{26371, 7},{25273, 10},{4039, 17},{10128, 7},{8204, 4},{2988, 8},{5433, 7},{8204, 4},{25273, 10},{3781, 16},
{5431, 7},{2861, 17},{25139, 7},{5435, 7},{2987, 8},{1685, 10},{12655, 8},{25126, 10},{12654, 8},{25126, 10},
{12659, 8},{25126, 10},{15254, 13},{24201, 3},{3781, 16},{1964, 9},{17506, 17},{8481, 8},{20085, 9},{15066, 2},
{14856, 9},{15323, 10},{16338, 12},{1961, 9},{25126, 10},{22782, 8},{25126, 10},{12660, 8},{25126, 10},{22785, 8},
{25126, 10},{12662, 8},{15323, 10},{12983, 13},{8504, 8},{1967, 9},{17483, 17},{15066, 2},{7698, 12},{14868, 9},
{14861, 9},{3781, 16},{20981, 3},{25126, 10},{12664, 8},{4123, 15},{4424, 10},{13013, 8},{4424, 10},{17844, 15},
{4123, 15},{13018, 8},{21397, 15},{4123, 15},{13017, 8},{4424, 10},{14663, 15},{25174, 15},{13020, 8},{4424, 10},
{4123, 15},{13019, 8},{4123, 15},{4424, 10},{2473, 10},{24256, 8},{2473, 10},{24255, 8},{2473, 10},{24254, 8},
{24253, 8},{2473, 10},{2473, 10},{24252, 8},{24251, 8},{2473, 10},{2473, 10},{24250, 8},{2473, 10},{24249, 8},
{4012, 8},{2473, 10},{2473, 10},{24246, 8},{25273, 10},{16903, 7},{2986, 8},{16900, 7},{14680, 1},{8204, 4},
{3781, 16},{5147, 17},{16897, 7},{3781, 16},{25273, 10},{23519, 7},{3835, 17},{8204, 4},{2985, 8},{10128, 7},
{16707, 15},{19229, 15},{13018, 8},{4424, 10},{4424, 10},{13017, 8},{19229, 15},{9544, 15},{1699, 15},{13019, 8},
{4424, 10},{19229, 15},{8366, 15},{4424, 10},{18763, 8},{18762, 8},{13317, 15},{8366, 15},{1543, 15},{4424, 10},
{14235, 15},{8366, 15},{13319, 15},{4424, 10},{18765, 8},{4424, 10},{13314, 15},{21225, 15},{18764, 8},{8366, 15},
{8366, 15},{18767, 8},{4424, 10},{18766, 8},{4424, 10},{1546, 15},{8366, 15},{1685, 10},{3781, 16},{7672, 10},
{23665, 10},{16999, 8},{24752, 4},{4119, 1},{26171, 7},{20497, 3},{6687, 17},{24752, 4},{7672, 10},{25674, 7},
{22803, 1},{9677, 17},{25679, 7},{16857, 8},{15055, 3},{3781, 16},{1223, 10},{6930, 0},{21318, 17},{3781, 16},
{24752, 4},{7672, 10},{22806, 1},{14832, 3},{26395, 7},{26400, 7},{17118, 8},{12132, 7},{20911, 3},{25683, 7},
{24752, 4},{10768, 8},{1223, 10},{5170, 7},{3781, 16},{6388, 1},{1891, 17},{7672, 10},{14255, 0},{3781, 16},
{26171, 7},{16748, 8},{24752, 4},{7672, 10},{23566, 17},{22806, 1},{3714, 3},{18925, 7},{24752, 4},{16846, 8},
{7672, 10},{22807, 1},{3781, 16},{7931, 17},{20540, 3},{24752, 4},{8319, 17},{1223, 10},{14252, 0},{16855, 8},
{7672, 10},{3781, 16},{18925, 7},{13294, 3},{6381, 1},{25675, 7},{7672, 10},{24752, 4},{24244, 17},{16853, 8},
{23044, 3},{18950, 0},{10709, 1},{3781, 16},{1223, 10},{11645, 8},{7672, 10},{26401, 7},{24752, 4},{1461, 3},
{8449, 17},{3781, 16},{6389, 1},{7672, 10},{23665, 10},{3781, 16},{26397, 7},{4322, 17},{22808, 1},{11644, 8},
{6900, 3},{18933, 7},{24752, 4},{12136, 7},{24363, 15},{4424, 10},{6690, 8},{1685, 10},{6690, 8},{4424, 10},
{18578, 15},{20406, 15},{10990, 15},{6692, 8},{4424, 10},{20406, 15},{9434, 8},{20406, 15},{4424, 10},{15686, 8},
{22261, 15},{20406, 15},{4424, 10},{4424, 10},{20406, 15},{18762, 8},{18763, 8},{20406, 15},{4424, 10},{8617, 15},
{4424, 10},{20406, 15},{18764, 8},{21116, 15},{4424, 10},{18765, 8},{20406, 15},{14358, 15},{20406, 15},{4424, 10},
{18766, 8},{20406, 15},{18767, 8},{4424, 10},{1685, 10},{2704, 8},{15217, 3},{3781, 16},{5607, 7},{7672, 10},
{9822, 17},{13175, 4},{13707, 7},{10934, 7},{9142, 1},{3781, 16},{17187, 3},{23665, 10},{13175, 4},{7672, 10},
{2705, 8},{14859, 17},{21169, 7},{9138, 1},{11448, 7},{16334, 8},{13531, 3},{23665, 10},{3781, 16},{13175, 4},
{7672, 10},{12070, 7},{6752, 17},{9339, 1},{11448, 7},{19619, 17},{13175, 4},{16336, 8},{16115, 3},{17476, 7},
{9139, 1},{3781, 16},{7672, 10},{7672, 10},{13175, 4},{10936, 7},{3929, 1},{12126, 3},{23665, 10},{945, 17},
{3781, 16},{16332, 8},{24277, 7},{4668, 3},{14277, 8},{9342, 1},{24645, 17},{3781, 16},{13175, 4},{23665, 10},
{24277, 7},{7672, 10},{13761, 17},{25816, 7},{3781, 16},{26131, 3},{9140, 1},{10930, 7},{13175, 4},{7672, 10},
{16342, 8},{16429, 17},{16344, 8},{3268, 3},{21169, 7},{13175, 4},{17480, 7},{9138, 1},{7672, 10},{3781, 16},
{18786, 1},{9491, 3},{16848, 17},{16337, 8},{7672, 10},{5607, 7},{3781, 16},{13175, 4},{16339, 8},{15807, 7},
{7672, 10},{18791, 1},{13175, 4},{10606, 3},{13710, 7},{2833, 17},{3781, 16},{3153, 15},{19300, 15},{13018, 8},
{4424, 10},{1685, 10},{4135, 15},{6943, 15},{24886, 8},{4424, 10},{24884, 8},{4135, 15},{4424, 10},{4424, 10},
{13017, 8},{3153, 15},{18762, 8},{16924, 15},{18085, 15},{8270, 15},{13146, 15},{4424, 10},{18454, 15},{13146, 15},
{4424, 10},{18763, 8},{24670, 15},{4424, 10},{4135, 15},{13016, 8},{4135, 15},{4424, 10},{13015, 8},{13018, 8},
{9540, 15},{4135, 15},{4424, 10},{18767, 8},{4424, 10},{13146, 15},{1928, 15},{13146, 15},{18764, 8},{11670, 15},
{4424, 10},{4424, 10},{13146, 15},{18765, 8},{5133, 7},{3781, 16},{25609, 7},{5138, 7},{25273, 10},{15913, 17},
{3890, 8},{19954, 4},{12066, 7},{1740, 7},{3889, 8},{16559, 17},{25273, 10},{3781, 16},{19954, 4},{8071, 7},
{5132, 7},{12061, 7},{1742, 7},{5131, 7},{19954, 4},{14702, 17},{25273, 10},{3892, 8},{3781, 16},{22405, 17},
{5130, 7},{25610, 7},{5137, 7},{3891, 8},{12062, 7},{19954, 4},{25273, 10},{3781, 16},{3894, 8},{3781, 16},
{20093, 17},{12065, 7},{8075, 7},{19954, 4},{1743, 7},{25273, 10},{3893, 8},{3781, 16},{25273, 10},{19954, 4},
{8079, 7},{1736, 7},{10848, 1},{2508, 17},{25273, 10},{1744, 7},{10629, 17},{3781, 16},{19954, 4},{12062, 7},
{12065, 7},{23785, 8},{5133, 7},{5129, 7},{25273, 10},{12058, 7},{3781, 16},{23784, 8},{5157, 17},{19954, 4},
{1735, 7},{5747, 17},{25616, 7},{23747, 8},{5138, 7},{25273, 10},{22708, 7},{12512, 1},{19954, 4},{3781, 16},
{19586, 7},{2435, 8},{19578, 7},{1143, 4},{4400, 17},{3781, 16},{19584, 7},{10089, 7},{25273, 10},{25273, 10},
{26339, 7},{1143, 4},{3781, 16},{26344, 7},{20914, 17},{2418, 8},{7005, 7},{5849, 7},{1143, 4},{13460, 17},
{10281, 8},{3781, 16},{25273, 10},{19577, 7},{3321, 7},{26342, 7},{1143, 4},{3781, 16},{5850, 7},{26344, 7},
{25273, 10},{10211, 8},{377, 17},{25273, 10},{7008, 7},{2466, 1},{3781, 16},{7980, 8},{19583, 7},{1143, 4},
{4785, 17},{19577, 7},{10088, 7},{2357, 8},{1143, 4},{3781, 16},{26342, 7},{3318, 7},{25273, 10},{23735, 17},
{2345, 8},{25273, 10},{10097, 7},{26338, 7},{3781, 16},{5846, 7},{7008, 7},{1143, 4},{1516, 17},{3153, 15},
{4424, 10},{13016, 8},{15600, 15},{4424, 10},{13439, 15},{9434, 8},{6710, 7},{7672, 10},{3518, 17},{3781, 16},
{23441, 4},{13921, 3},{10075, 8},{23245, 7},{26230, 1},{9767, 8},{7672, 10},{16662, 17},{698, 7},{23441, 4},
{3781, 16},{23295, 3},{26225, 1},{15741, 7},{26224, 1},{24915, 17},{23665, 10},{24575, 3},{19138, 8},{3781, 16},
{23441, 4},{15740, 7},{7672, 10},{4312, 0},{9461, 8},{6712, 7},{11068, 1},{7672, 10},{15736, 7},{3781, 16},
{1223, 10},{17583, 3},{23441, 4},{15659, 17},{20260, 8},{5, 17},{7672, 10},{26226, 1},{3781, 16},{23441, 4},
{5907, 3},{15737, 7},{6712, 7},{23441, 4},{9463, 8},{11071, 1},{7672, 10},{8547, 17},{15737, 7},{2573, 3},
{3781, 16},{6714, 7},{3781, 16},{15860, 3},{25412, 17},{23949, 1},{7672, 10},{15738, 7},{15739, 7},{4532, 8},
{23441, 4},{3741, 17},{20381, 7},{11071, 1},{3781, 16},{7672, 10},{23987, 0},{3129, 3},{19183, 8},{1223, 10},
{23251, 7},{23441, 4},{3781, 16},{17148, 0},{7672, 10},{4494, 8},{26166, 3},{19526, 1},{1223, 10},{23441, 4},
{1376, 17},{20380, 7},{693, 7},{7672, 10},{20385, 7},{20377, 7},{17996, 17},{23441, 4},{3781, 16},{790, 3},
{11074, 1},{4492, 8},{5701, 7},{1143, 4},{1217, 3},{21361, 8},{2488, 7},{20719, 1},{19934, 17},{7672, 10},
{3781, 16},{21360, 8},{7672, 10},{16733, 3},{19810, 7},{1143, 4},{2462, 1},{3781, 16},{5289, 17},{21364, 8},
{1143, 4},{23439, 3},{23665, 10},{3781, 16},{7672, 10},{26332, 17},{5693, 7},{20717, 1},{18677, 7},{2490, 7},
{23665, 10},{5701, 7},{18679, 7},{9556, 1},{21363, 8},{1143, 4},{24817, 17},{12651, 7},{3781, 16},{20105, 3},
{7672, 10},{20108, 3},{1143, 4},{2483, 7},{23665, 10},{7672, 10},{21366, 8},{3176, 17},{2460, 1},{3781, 16},
{20715, 1},{21365, 8},{3781, 16},{2481, 7},{7672, 10},{9080, 3},{1143, 4},{9292, 17},{2466, 1},{1143, 4},
{21368, 8},{25422, 7},{12643, 7},{3781, 16},{24684, 17},{7672, 10},{14462, 3},{2488, 7},{22380, 17},{20624, 7},
{7672, 10},{21367, 8},{12645, 7},{21660, 1},{1143, 4},{11940, 3},{23665, 10},{3781, 16},{22577, 8},{1143, 4},
{20718, 1},{3781, 16},{25427, 7},{2486, 7},{1223, 10},{7672, 10},{10093, 0},{7911, 17},{13087, 3},{13033, 7},
{1223, 10},{22738, 17},{7672, 10},{5200, 3},{9551, 1},{21369, 8},{3781, 16},{2482, 7},{1143, 4},{7004, 0},
{18682, 7},{12646, 7},{26313, 8},{25126, 10},{26312, 8},{25126, 10},{20795, 8},{25126, 10},{25126, 10},{1052, 8},
{25608, 8},{25126, 10},{17343, 8},{25126, 10},{17453, 8},{25126, 10},{25126, 10},{25626, 8},{25623, 8},{25126, 10},
{25126, 10},{25621, 8},{9095, 8},{7365, 9},{5676, 9},{4791, 17},{8283, 10},{7364, 9},{231, 13},{12232, 2},
{3781, 16},{5675, 9},{20105, 3},{327, 12},{2034, 5},{9096, 8},{2033, 5},{8283, 10},{19359, 12},{18542, 9},
{25405, 9},{23423, 17},{12232, 2},{3781, 16},{3748, 3},{7363, 9},{8720, 13},{25404, 9},{16946, 7},{7672, 10},
{23665, 10},{26325, 8},{11954, 3},{3781, 16},{23798, 7},{7277, 1},{15066, 4},{1831, 17},{9050, 3},{9094, 8},
{5826, 17},{7308, 12},{17928, 5},{5681, 9},{12232, 2},{7366, 9},{3781, 16},{20834, 13},{8283, 10},{3781, 16},
{12232, 2},{2036, 5},{11777, 9},{9091, 8},{8283, 10},{5123, 3},{2323, 12},{24833, 13},{5685, 9},{10542, 17},
{5680, 9},{8283, 10},{11781, 9},{3781, 16},{10646, 12},{9092, 8},{17928, 5},{12232, 2},{845, 17},{9050, 3},
{5679, 9},{25766, 13},{9089, 8},{12232, 2},{15985, 17},{3781, 16},{284, 13},{5683, 9},{2034, 5},{8283, 10},
{1461, 12},{11778, 9},{15413, 3},{15066, 4},{7672, 10},{3781, 16},{2641, 3},{7275, 1},{16944, 7},{21679, 17},
{13643, 8},{7672, 10},{15066, 4},{18228, 17},{3781, 16},{16594, 7},{15454, 8},{11442, 1},{13993, 3},{23792, 7},
{3781, 16},{3451, 1},{10889, 7},{15455, 8},{23665, 10},{7672, 10},{10883, 7},{8382, 17},{15066, 4},{20428, 3},
{12232, 2},{25925, 13},{3781, 16},{21236, 12},{6163, 3},{9097, 8},{25406, 9},{18379, 17},{20505, 9},{8283, 10},
{24290, 5},{7369, 9},{4550, 3},{12232, 2},{20171, 5},{19102, 17},{25408, 9},{7368, 9},{13190, 13},{9098, 8},
{7711, 12},{8283, 10},{3781, 16},{13017, 8},{9553, 15},{4424, 10},{8830, 15},{13018, 8},{9553, 15},{4424, 10},
{9553, 15},{4424, 10},{13019, 8},{4424, 10},{13020, 8},{9553, 15},{7359, 15},{9553, 15},{4424, 10},{13013, 8},
{13014, 8},{9553, 15},{4424, 10},{13015, 8},{4424, 10},{9553, 15},{18755, 3},{4736, 8},{7672, 10},{3122, 17},
{22333, 1},{10131, 7},{12253, 4},{3781, 16},{3065, 7},{1685, 10},{1685, 10},{13018, 8},{9560, 15},{4424, 10},
{9908, 15},{15717, 15},{13017, 8},{9560, 15},{20373, 15},{4424, 10},{8960, 8},{14183, 7},{2256, 17},{19849, 7},
{22398, 7},{25273, 10},{3781, 16},{12253, 4},{12253, 4},{2763, 7},{3781, 16},{2624, 1},{23399, 17},{10271, 8},
{25273, 10},{2759, 7},{1026, 17},{10272, 8},{14175, 7},{20880, 1},{2755, 7},{16284, 7},{25273, 10},{12253, 4},
{3781, 16},{22394, 7},{12253, 4},{25273, 10},{3276, 7},{19856, 7},{3781, 16},{10273, 8},{17932, 17},{2764, 7},
{12253, 4},{22387, 7},{10266, 8},{3781, 16},{12774, 17},{25273, 10},{2757, 7},{19857, 7},{7248, 7},{12253, 4},
{3781, 16},{5388, 17},{25273, 10},{2762, 7},{10267, 8},{25273, 10},{19856, 7},{10268, 8},{12253, 4},{19849, 7},
{16844, 17},{3781, 16},{14175, 7},{14179, 7},{19853, 7},{25273, 10},{2761, 7},{3781, 16},{3274, 7},{3270, 7},
{1821, 17},{10269, 8},{12253, 4},{25273, 10},{10274, 8},{12253, 4},{14105, 17},{22388, 7},{19849, 7},{3781, 16},
{22398, 7},{3272, 7},{3272, 7},{25273, 10},{12253, 4},{7250, 7},{3781, 16},{13737, 17},{10275, 8},{22798, 7},
{13175, 4},{25269, 7},{23079, 8},{16575, 17},{25273, 10},{11769, 7},{22792, 7},{3781, 16},{22792, 7},{25273, 10},
{23080, 8},{3781, 16},{996, 17},{13175, 4},{18526, 7},{3131, 17},{18525, 7},{3781, 16},{18524, 7},{13175, 4},
{23077, 8},{25273, 10},{25256, 7},{12338, 8},{11769, 7},{25273, 10},{22795, 7},{18522, 7},{3781, 16},{17002, 17},
{13175, 4},{13175, 4},{25268, 7},{3781, 16},{18529, 7},{23075, 8},{25263, 7},{3794, 17},{25273, 10},{3781, 16},
{21069, 7},{22796, 7},{25273, 10},{21068, 7},{22801, 7},{23076, 8},{24777, 17},{13175, 4},{11766, 7},{3781, 16},
{13175, 4},{23073, 8},{18529, 7},{11764, 7},{25273, 10},{25268, 7},{12074, 17},{3781, 16},{22170, 7},{25273, 10},
{13175, 4},{14095, 17},{18528, 7},{23074, 8},{14794, 17},{3781, 16},{23071, 8},{21069, 7},{18792, 1},{18529, 7},
{20660, 7},{13175, 4},{25273, 10},{18520, 7},{18527, 7},{16535, 17},{23072, 8},{11761, 7},{22800, 7},{13175, 4},
{3781, 16},{25273, 10},{13017, 8},{3453, 15},{4424, 10},{1399, 15},{4424, 10},{13018, 8},{3453, 15},{3453, 15},
{4424, 10},{13019, 8},{4424, 10},{3453, 15},{13020, 8},{13018, 8},{4424, 10},{20715, 15},{20715, 15},{4424, 10},
{13017, 8},{20715, 15},{13020, 8},{4424, 10},{8835, 15},{15718, 15},{4424, 10},{20715, 15},{13019, 8},{20715, 15},
{8827, 15},{4424, 10},{13014, 8},{20715, 15},{4424, 10},{13013, 8},{1685, 10},{15272, 4},{25273, 10},{23538, 8},
{20588, 7},{3781, 16},{17256, 1},{8281, 17},{10547, 7},{4424, 10},{11280, 15},{12653, 15},{18762, 8},{1685, 10},
{25273, 10},{8509, 8},{3781, 16},{25225, 7},{1530, 4},{15211, 17},{26018, 7},{7146, 7},{5503, 7},{4424, 10},
{5018, 15},{13015, 8},{1685, 10},{5018, 15},{4424, 10},{4059, 15},{13014, 8},{19499, 8},{25126, 10},{25273, 10},
{12484, 7},{5505, 7},{5146, 17},{3781, 16},{1530, 4},{466, 8},{26021, 7},{15447, 1},{25647, 17},{3781, 16},
{7357, 7},{25273, 10},{17754, 8},{1530, 4},{9568, 7},{4546, 15},{4424, 10},{13018, 8},{13017, 8},{4424, 10},
{4546, 15},{4424, 10},{13020, 8},{7868, 15},{4546, 15},{4424, 10},{13019, 8},{4546, 15},{4424, 10},{4546, 15},
{13013, 8},{3781, 16},{15639, 17},{14638, 8},{25222, 7},{12626, 7},{25273, 10},{1530, 4},{19291, 7},{25219, 7},
{4947, 17},{7145, 7},{14637, 8},{7147, 7},{25273, 10},{1530, 4},{3781, 16},{7143, 7},{26019, 7},{1530, 4},
{14444, 17},{7373, 7},{3781, 16},{5509, 7},{25273, 10},{14632, 8},{12481, 7},{25273, 10},{18320, 17},{14631, 8},
{1530, 4},{12626, 7},{12479, 7},{3781, 16},{1530, 4},{25273, 10},{5503, 7},{25225, 7},{14630, 8},{3781, 16},
{26323, 17},{25273, 10},{23144, 17},{25220, 7},{12481, 7},{3781, 16},{1530, 4},{14629, 8},{1530, 4},{3781, 16},
{25273, 10},{12479, 7},{19296, 7},{7134, 17},{14636, 8},{7148, 7},{14635, 8},{26018, 7},{1530, 4},{25273, 10},
{25525, 17},{21772, 7},{3781, 16},{12483, 7},{25273, 10},{25221, 7},{8185, 17},{7146, 7},{19291, 7},{1530, 4},
{14634, 8},{3781, 16},{7145, 7},{3781, 16},{14633, 8},{1530, 4},{15634, 17},{26013, 7},{19293, 7},{19294, 7},
{19296, 7},{25273, 10},{1685, 10},{17398, 8},{2473, 10},{2473, 10},{17399, 8},{17400, 8},{2473, 10},{17401, 8},
{2473, 10},{2473, 10},{17394, 8},{2473, 10},{17395, 8},{17396, 8},{2473, 10},{25345, 8},{2473, 10},{15111, 15},
{22329, 15},{4424, 10},{13017, 8},{2473, 10},{17391, 8},{17392, 8},{2473, 10},{5018, 15},{13018, 8},{4424, 10},
{6215, 8},{2473, 10},{22796, 7},{25273, 10},{25267, 7},{3781, 16},{17627, 8},{22793, 7},{19918, 17},{22799, 7},
{13175, 4},{22792, 7},{25256, 7},{20658, 7},{11769, 7},{25273, 10},{7786, 17},{3781, 16},{17628, 8},{13175, 4},
{22793, 7},{18523, 7},{5007, 17},{13175, 4},{25273, 10},{18521, 7},{3781, 16},{17623, 8},{25273, 10},{17624, 8},
{22800, 7},{13175, 4},{3781, 16},{3926, 1},{25267, 7},{18523, 7},{835, 17},{9342, 1},{13175, 4},{25273, 10},
{3781, 16},{18529, 7},{22801, 7},{19228, 17},{20658, 7},{17621, 8},{11760, 7},{18520, 7},{25273, 10},{25263, 7},
{11764, 7},{18887, 17},{13175, 4},{3781, 16},{17622, 8},{21068, 7},{6737, 17},{13175, 4},{3781, 16},{22799, 7},
{17619, 8},{25273, 10},{13175, 4},{3781, 16},{18523, 7},{4296, 17},{11768, 7},{20658, 7},{18526, 7},{25273, 10},
{184, 8},{3781, 16},{11769, 7},{25273, 10},{18262, 17},{13175, 4},{18524, 7},{178, 8},{17618, 8},{13175, 4},
{11090, 17},{11762, 7},{3781, 16},{22170, 7},{25273, 10},{22798, 7},{22158, 7},{3781, 16},{7672, 10},{14306, 1},
{2704, 8},{9835, 7},{13164, 3},{25314, 4},{24540, 7},{3130, 17},{13019, 8},{4424, 10},{6283, 15},{4424, 10},
{6283, 15},{13020, 8},{6283, 15},{13017, 8},{4424, 10},{6283, 15},{13018, 8},{4424, 10},{4424, 10},{13015, 8},
{6283, 15},{13016, 8},{6283, 15},{4424, 10},{4424, 10},{6283, 15},{13013, 8},{13014, 8},{4424, 10},{6283, 15},
{14239, 15},{24884, 8},{4424, 10},{6283, 15},{6283, 15},{9705, 15},{4424, 10},{24886, 8},{6213, 8},{2473, 10},
{25683, 7},{5173, 7},{13647, 8},{14672, 17},{1223, 10},{3781, 16},{4121, 1},{7672, 10},{24752, 4},{18949, 0},
{22543, 3},{9508, 8},{2473, 10},{9509, 8},{2473, 10},{1066, 17},{24752, 4},{1402, 3},{5376, 7},{26370, 8},
{3781, 16},{4122, 1},{7672, 10},{12130, 7},{10263, 17},{7672, 10},{26363, 8},{3781, 16},{4124, 1},{1223, 10},
{24752, 4},{24369, 3},{18927, 7},{14254, 0},{9512, 8},{2473, 10},{13019, 8},{4424, 10},{11507, 15},{25232, 15},
{4636, 15},{13020, 8},{4424, 10},{25232, 15},{4424, 10},{13017, 8},{25232, 15},{25232, 15},{13018, 8},{4424, 10},
{25232, 15},{11508, 15},{4474, 15},{4424, 10},{11511, 15},{13015, 8},{13631, 8},{3781, 16},{5178, 7},{2078, 17},
{7672, 10},{18929, 7},{24752, 4},{11324, 3},{6384, 1},{4476, 15},{25232, 15},{4424, 10},{13013, 8},{13014, 8},
{25232, 15},{4424, 10},{1685, 10},{26325, 8},{25957, 3},{11696, 17},{24752, 4},{7672, 10},{5170, 7},{25675, 7},
{3781, 16},{25674, 7},{23665, 10},{22808, 1},{2473, 10},{6219, 8},{6216, 8},{2473, 10},{1685, 10},{2473, 10},
{6217, 8},{19494, 8},{25126, 10},{1685, 10},{13019, 8},{867, 15},{3019, 15},{4424, 10},{13020, 8},{4424, 10},
{867, 15},{867, 15},{13017, 8},{4424, 10},{13347, 15},{17681, 15},{867, 15},{4424, 10},{8608, 15},{23722, 15},
{13018, 8},{1903, 15},{4424, 10},{867, 15},{13015, 8},{867, 15},{20110, 15},{8605, 15},{4424, 10},{13016, 8},
{4424, 10},{867, 15},{13013, 8},{867, 15},{4424, 10},{8610, 15},{13014, 8},{6730, 8},{9971, 17},{14175, 7},
{2627, 1},{3781, 16},{19849, 7},{12253, 4},{16286, 7},{25273, 10},{19848, 7},{14175, 7},{20887, 1},{3781, 16},
{12253, 4},{7246, 7},{22671, 17},{25273, 10},{7241, 7},{6731, 8},{15052, 17},{12253, 4},{25273, 10},{3781, 16},
{2764, 7},{3270, 7},{14179, 7},{6724, 8},{3781, 16},{25273, 10},{6725, 8},{19853, 7},{12253, 4},{19650, 17},
{19852, 7},{7248, 7},{12862, 17},{25273, 10},{2763, 7},{16284, 7},{12253, 4},{6726, 8},{15902, 1},{3781, 16},
{14174, 7},{12253, 4},{14473, 8},{19849, 7},{14181, 7},{3781, 16},{6683, 17},{25273, 10},{19851, 7},{3781, 16},
{19641, 17},{25273, 10},{15902, 1},{22392, 7},{7250, 7},{3272, 7},{2761, 7},{12253, 4},{6720, 8},{7252, 7},
{14177, 7},{6721, 8},{19852, 7},{12253, 4},{9075, 17},{3781, 16},{25273, 10},{3277, 7},{2759, 7},{2949, 17},
{12253, 4},{7241, 7},{25273, 10},{2756, 7},{6722, 8},{3781, 16},{6723, 8},{2759, 7},{7548, 17},{19853, 7},
{25273, 10},{22392, 7},{3781, 16},{12253, 4},{1685, 10},{9514, 8},{2473, 10},{9509, 8},{2473, 10},{1685, 10},
{2473, 10},{9510, 8},{13316, 15},{4424, 10},{18764, 8},{9460, 15},{4424, 10},{7353, 15},{2456, 15},{18765, 8},
{11604, 15},{20371, 15},{897, 15},{4424, 10},{13018, 8},{2456, 15},{6674, 15},{1620, 15},{18764, 8},{4424, 10},
{12357, 17},{22397, 7},{5461, 8},{25273, 10},{9417, 1},{19851, 7},{3781, 16},{12253, 4},{22395, 7},{21682, 15},
{18764, 8},{13148, 15},{4424, 10},{4424, 10},{13148, 15},{18765, 8},{18766, 8},{4424, 10},{11317, 15},{13148, 15},
{4424, 10},{18767, 8},{13148, 15},{9434, 8},{8259, 15},{13148, 15},{4424, 10},{5482, 15},{4424, 10},{18762, 8},
{13148, 15},{4424, 10},{18763, 8},{13148, 15},{1685, 10},{17612, 4},{3781, 16},{12610, 3},{9131, 1},{16546, 7},
{15656, 17},{7672, 10},{16748, 8},{17612, 4},{9123, 1},{1223, 10},{8104, 0},{23391, 7},{26442, 3},{6048, 17},
{16546, 7},{3781, 16},{16853, 8},{6561, 7},{7672, 10},{23665, 10},{17612, 4},{25957, 3},{6735, 17},{3694, 7},
{9129, 1},{7672, 10},{6254, 7},{16855, 8},{3781, 16},{5340, 7},{16857, 8},{13876, 17},{17612, 4},{20659, 3},
{5335, 7},{3781, 16},{25234, 1},{7672, 10},{6850, 0},{23394, 7},{1223, 10},{7672, 10},{3781, 16},{1710, 3},
{16543, 7},{17612, 4},{4546, 1},{16999, 8},{6561, 7},{22563, 17},{10768, 8},{19719, 1},{23665, 10},{17612, 4},
{6595, 7},{3781, 16},{3380, 3},{7672, 10},{11016, 17},{6247, 7},{3693, 7},{17612, 4},{17118, 8},{11169, 3},
{8443, 17},{7672, 10},{23390, 7},{3781, 16},{25234, 1},{3781, 16},{4668, 3},{11644, 8},{6592, 7},{23665, 10},
{3779, 17},{17612, 4},{7672, 10},{16543, 7},{7195, 1},{16541, 7},{24358, 3},{21639, 17},{16546, 7},{7672, 10},
{11645, 8},{3781, 16},{17612, 4},{5337, 7},{6849, 0},{9129, 1},{1223, 10},{19584, 7},{3781, 16},{25273, 10},
{1143, 4},{22290, 8},{10089, 7},{11929, 17},{19580, 7},{5840, 7},{6690, 8},{4424, 10},{12517, 15},{19417, 17},
{14638, 8},{3781, 16},{13175, 4},{25273, 10},{21068, 7},{17573, 7},{3319, 7},{22289, 8},{25273, 10},{1143, 4},
{26119, 17},{19579, 7},{5850, 7},{3781, 16},{18765, 8},{12517, 15},{4424, 10},{23722, 15},{4424, 10},{18764, 8},
{9759, 15},{13350, 15},{8610, 15},{12517, 15},{12517, 15},{9762, 15},{4424, 10},{18767, 8},{13355, 15},{630, 15},
{4424, 10},{18766, 8},{12517, 15},{12517, 15},{15686, 8},{20115, 15},{4424, 10},{12517, 15},{17674, 15},{9434, 8},
{4424, 10},{3930, 15},{4424, 10},{630, 15},{8605, 15},{18763, 8},{3010, 15},{12517, 15},{12517, 15},{4424, 10},
{18762, 8},{9760, 15},{18680, 9},{2197, 13},{5844, 9},{1143, 2},{10639, 17},{12683, 12},{6764, 10},{5843, 9},
{21689, 3},{18681, 9},{3781, 16},{24301, 5},{4503, 8},{24290, 5},{6764, 10},{5845, 9},{4502, 8},{20098, 17},
{2482, 9},{3781, 16},{5846, 9},{1143, 2},{14406, 3},{8152, 13},{310, 12},{1143, 2},{3781, 16},{20497, 12},
{15824, 13},{6764, 10},{7763, 3},{4501, 8},{20168, 5},{2481, 9},{2484, 9},{20912, 17},{7012, 9},{17928, 5},
{2486, 9},{20144, 17},{12209, 12},{7002, 9},{6764, 10},{4500, 8},{1143, 2},{7013, 9},{25789, 13},{2483, 9},
{3023, 3},{3781, 16},{3781, 16},{7004, 9},{6764, 10},{4507, 8},{2488, 9},{7959, 12},{1143, 2},{20167, 5},
{7003, 9},{21257, 3},{2485, 9},{12057, 17},{13686, 13},{4506, 8},{1143, 2},{11537, 3},{1143, 6},{17012, 17},
{18985, 13},{3781, 16},{17656, 12},{2487, 9},{7005, 9},{20171, 5},{6764, 10},{26314, 3},{10799, 5},{3781, 16},
{1365, 13},{1143, 2},{2490, 9},{7007, 9},{6764, 10},{20990, 12},{5212, 17},{7006, 9},{1003, 8},{1000, 8},
{17416, 3},{379, 12},{7008, 9},{24303, 5},{11088, 13},{1143, 2},{2489, 9},{21700, 17},{6764, 10},{3781, 16},
{7009, 9},{6921, 7},{10745, 8},{3781, 16},{22293, 17},{16985, 7},{24752, 4},{25273, 10},{1143, 2},{18682, 9},
{5850, 9},{18036, 17},{6764, 10},{3781, 16},{14234, 12},{6326, 3},{1017, 8},{6900, 13},{18218, 5},{18683, 9},
{25273, 10},{13925, 17},{10089, 7},{1143, 4},{1808, 8},{7002, 7},{3781, 16},{14367, 17},{3781, 16},{10746, 8},
{6923, 7},{14256, 7},{24752, 4},{25273, 10},{4424, 10},{18762, 8},{9342, 15},{16044, 15},{9342, 15},{18766, 8},
{4424, 10},{9342, 15},{18767, 8},{4424, 10},{22847, 15},{18764, 8},{4424, 10},{9342, 15},{9342, 15},{2063, 15},
{18765, 8},{4424, 10},{1685, 10},{17811, 15},{18766, 8},{4424, 10},{20240, 7},{18543, 8},{3781, 16},{7161, 7},
{7162, 7},{25273, 10},{7156, 7},{23975, 4},{15755, 17},{25135, 7},{9413, 17},{8204, 4},{25273, 10},{3781, 16},
{5432, 7},{19604, 7},{16900, 7},{17807, 8},{3781, 16},{20560, 17},{25273, 10},{5434, 7},{19605, 7},{17793, 8},
{8204, 4},{5432, 7},{5424, 7},{17790, 8},{16750, 17},{25273, 10},{10129, 7},{3781, 16},{8204, 4},{10127, 7},
{5430, 7},{16902, 7},{8204, 4},{3781, 16},{13439, 1},{3812, 17},{25273, 10},{17776, 8},{11722, 7},{8204, 4},
{466, 8},{25137, 7},{3781, 16},{11805, 17},{16900, 7},{25136, 7},{25273, 10},{8860, 17},{25132, 7},{16897, 7},
{5424, 7},{17754, 8},{3781, 16},{25273, 10},{8204, 4},{21405, 8},{3781, 16},{8204, 4},{8409, 17},{10128, 7},
{16906, 7},{23528, 7},{25273, 10},{25273, 10},{10120, 7},{3781, 16},{16907, 7},{8204, 4},{5424, 7},{25132, 7},
{4596, 17},{17726, 8},{25131, 7},{16901, 7},{20195, 1},{25273, 10},{8510, 8},{25134, 7},{3781, 16},{2478, 17},
{8204, 4},{16905, 7},{11746, 7},{25273, 10},{3793, 17},{8509, 8},{8204, 4},{23523, 7},{3781, 16},{19606, 7},
{16907, 7},{10399, 7},{14227, 17},{3781, 16},{23441, 4},{23986, 7},{11568, 7},{21410, 8},{25273, 10},{20702, 17},
{25273, 10},{26223, 1},{21409, 8},{23441, 4},{4311, 7},{4315, 7},{3781, 16},{3025, 17},{10731, 8},{23441, 4},
{17149, 7},{3781, 16},{25273, 10},{10394, 7},{23441, 4},{17155, 7},{10392, 7},{10711, 8},{5025, 17},{3781, 16},
{25273, 10},{11565, 7},{10763, 8},{11570, 7},{3781, 16},{25273, 10},{21962, 17},{10396, 7},{23441, 4},{4307, 7},
{3781, 16},{17148, 7},{17151, 7},{25273, 10},{23441, 4},{23977, 7},{17230, 17},{10743, 8},{23980, 7},{14878, 17},
{23978, 7},{25273, 10},{22815, 8},{11115, 7},{23441, 4},{3781, 16},{3781, 16},{4308, 7},{23441, 4},{25273, 10},
{10772, 8},{23984, 7},{10398, 7},{16020, 17},{23441, 4},{26230, 1},{11569, 7},{20485, 17},{25273, 10},{3781, 16},
{22821, 8},{4314, 7},{13982, 17},{3781, 16},{22818, 8},{25273, 10},{17148, 7},{11115, 7},{10391, 7},{23983, 7},
{23441, 4},{14890, 8},{25273, 10},{17351, 7},{12351, 17},{10549, 7},{3781, 16},{15272, 4},{2610, 17},{9424, 8},
{3781, 16},{3774, 7},{25273, 10},{15272, 4},{23463, 7},{23464, 7},{3781, 16},{3772, 7},{9549, 8},{23463, 7},
{10840, 7},{10551, 7},{15272, 4},{5202, 17},{25273, 10},{1447, 1},{17352, 7},{9561, 8},{23464, 7},{3781, 16},
{25273, 10},{8842, 17},{15272, 4},{23463, 7},{3596, 8},{14056, 17},{20588, 7},{20616, 7},{10876, 7},{3781, 16},
{25273, 10},{15272, 4},{10547, 7},{3597, 8},{13519, 17},{25273, 10},{15272, 4},{23458, 7},{17353, 7},{23463, 7},
{3781, 16},{25273, 10},{3594, 8},{3774, 7},{17352, 7},{15272, 4},{3781, 16},{9488, 17},{3771, 7},{3766, 7},
{22011, 8},{3773, 7},{15272, 4},{15372, 17},{17355, 7},{23462, 7},{3781, 16},{25273, 10},{10876, 7},{8553, 17},
{10549, 7},{3781, 16},{17352, 7},{23458, 7},{22005, 8},{15272, 4},{25273, 10},{25273, 10},{22008, 8},{15272, 4},
{3781, 16},{19894, 7},{17304, 17},{20610, 7},{1442, 1},{5451, 7},{9029, 17},{25273, 10},{3893, 8},{10673, 7},
{10576, 4},{3781, 16},{12916, 7},{3894, 8},{25273, 10},{10576, 4},{25172, 7},{422, 17},{25169, 7},{3781, 16},
{12857, 7},{10660, 7},{3781, 16},{23784, 8},{25168, 7},{25273, 10},{12916, 7},{17108, 17},{10576, 4},{16172, 17},
{3781, 16},{23785, 8},{25273, 10},{7688, 7},{10576, 4},{25169, 7},{12425, 7},{14661, 7},{3781, 16},{10576, 4},
{3938, 17},{10669, 7},{3889, 8},{20597, 7},{25273, 10},{10658, 7},{25171, 7},{10576, 4},{25273, 10},{10658, 7},
{6476, 17},{3781, 16},{10660, 7},{3890, 8},{3891, 8},{6340, 17},{10676, 7},{10576, 4},{20592, 7},{25273, 10},
{3781, 16},{25273, 10},{12430, 7},{13911, 17},{5459, 7},{12425, 7},{3781, 16},{3892, 8},{10576, 4},{10576, 4},
{3781, 16},{7693, 7},{11484, 17},{23745, 8},{5457, 7},{25172, 7},{25273, 10},{1685, 10},{1685, 10},{1685, 10},
{9549, 8},{25269, 7},{18527, 7},{25273, 10},{3781, 16},{13175, 4},{24390, 17},{3781, 16},{25273, 10},{22158, 7},
{16187, 17},{9561, 8},{18526, 7},{22795, 7},{13175, 4},{11769, 7},{25266, 7},{22800, 7},{22796, 7},{13175, 4},
{4975, 17},{25273, 10},{3596, 8},{3781, 16},{25273, 10},{18529, 7},{13175, 4},{3781, 16},{12811, 17},{3597, 8},
{18521, 7},{3781, 16},{18524, 7},{12558, 17},{25273, 10},{3594, 8},{11762, 7},{13175, 4},{25273, 10},{22011, 8},
{13175, 4},{3781, 16},{20027, 17},{25262, 7},{22799, 7},{25268, 7},{3666, 17},{25269, 7},{13175, 4},{3781, 16},
{25273, 10},{25265, 7},{22005, 8},{25273, 10},{22008, 8},{3781, 16},{13175, 4},{25265, 7},{18781, 1},{16691, 17},
{11766, 7},{22802, 7},{13175, 4},{25273, 10},{3781, 16},{14418, 17},{22793, 7},{20660, 7},{14890, 8},{22170, 7},
{11762, 7},{25273, 10},{13175, 4},{11768, 7},{23989, 17},{3781, 16},{18529, 7},{9135, 1},{9424, 8},{25126, 10},
{26313, 8},{26312, 8},{25126, 10},{25623, 8},{25126, 10},{25621, 8},{25126, 10},{25126, 10},{17453, 8},{25626, 8},
{25126, 10},{25608, 8},{25126, 10},{17343, 8},{25126, 10},{20795, 8},{25126, 10},{1052, 8},{25126, 10},{4424, 10},
{13013, 8},{6285, 15},{4424, 10},{398, 15},{395, 15},{13014, 8},{6285, 15},{4424, 10},{9705, 15},{13015, 8},
{7111, 15},{6285, 15},{1539, 15},{6285, 15},{4424, 10},{13016, 8},{13017, 8},{6285, 15},{4424, 10},{6285, 15},
{13018, 8},{4424, 10},{4424, 10},{6285, 15},{13019, 8},{403, 15},{13020, 8},{4424, 10},{6285, 15},{1685, 10},
{7094, 1},{7688, 7},{25273, 10},{3781, 16},{12425, 7},{10576, 4},{15184, 17},{5451, 7},{9282, 8},{25273, 10},
{3781, 16},{3277, 7},{12253, 4},{17628, 8},{20695, 17},{22397, 7},{1143, 14},{15362, 10},{17154, 7},{23950, 1},
{11564, 7},{4308, 7},{3781, 16},{4311, 7},{3892, 8},{22160, 17},{25273, 10},{23441, 4},{12253, 4},{16286, 7},
{17622, 8},{3781, 16},{7248, 7},{25273, 10},{9416, 1},{17542, 17},{10709, 15},{4424, 10},{18765, 8},{18764, 8},
{4424, 10},{10709, 15},{4424, 10},{13475, 15},{18767, 8},{10709, 15},{20272, 15},{10709, 15},{4424, 10},{18766, 8},
{23782, 15},{24120, 17},{12253, 4},{7252, 7},{17623, 8},{16285, 7},{25273, 10},{7249, 7},{3781, 16},{4424, 10},
{18763, 8},{10709, 15},{4424, 10},{20274, 15},{10709, 15},{23774, 15},{18762, 8},{9141, 15},{9434, 8},{4424, 10},
{12731, 15},{17621, 8},{1530, 4},{12484, 7},{3781, 16},{5028, 17},{7357, 7},{25273, 10},{9141, 15},{18762, 8},
{4424, 10},{12231, 17},{12480, 7},{7145, 7},{25273, 10},{17623, 8},{1530, 4},{3781, 16},{9141, 15},{18764, 8},
{4424, 10},{16039, 15},{20313, 15},{178, 8},{25273, 10},{19293, 7},{3781, 16},{1530, 4},{7147, 7},{9528, 17},
{18766, 8},{13535, 15},{4424, 10},{2060, 15},{9141, 15},{1002, 17},{15458, 1},{1530, 4},{25273, 10},{17619, 8},
{7147, 7},{3781, 16},{12626, 7},{9397, 9},{8204, 2},{9396, 9},{5432, 9},{25896, 17},{12640, 13},{12807, 3},
{3781, 16},{20162, 5},{13755, 12},{21165, 8},{8283, 10},{5433, 9},{3781, 16},{23123, 17},{14365, 12},{8283, 10},
{9395, 9},{8204, 2},{21164, 8},{20165, 5},{20105, 3},{5434, 9},{10522, 13},{16194, 17},{12293, 3},{9393, 9},
{3781, 16},{21167, 8},{8283, 10},{5428, 9},{3387, 12},{9394, 9},{8204, 2},{24288, 5},{10917, 13},{5435, 9},
{3781, 16},{24297, 5},{9392, 9},{8204, 2},{5231, 17},{20652, 12},{23361, 13},{21166, 8},{9391, 9},{5430, 9},
{24803, 3},{8283, 10},{5429, 9},{19581, 7},{19625, 8},{25273, 10},{1143, 4},{5804, 17},{5843, 7},{3781, 16},
{1530, 4},{5807, 17},{3781, 16},{5509, 7},{17628, 8},{12483, 7},{25273, 10},{17627, 8},{12331, 1},{25273, 10},
{21204, 17},{1530, 4},{3781, 16},{26017, 7},{5509, 7},{7149, 7},{7008, 7},{26340, 7},{7619, 17},{10099, 7},
{3781, 16},{1143, 4},{3321, 7},{19624, 8},{25273, 10},{17619, 8},{12253, 4},{8635, 17},{25273, 10},{3781, 16},
{14184, 7},{22394, 7},{4659, 3},{22215, 17},{23665, 10},{23798, 7},{16943, 7},{24571, 1},{7672, 10},{3781, 16},
{15066, 4},{14592, 8},{23441, 4},{10393, 7},{3893, 8},{25140, 17},{3781, 16},{25273, 10},{11118, 7},{17145, 7},
{17148, 7},{1967, 7},{3781, 16},{19755, 17},{15066, 4},{16943, 7},{23794, 7},{10704, 3},{7672, 10},{3455, 1},
{14593, 8},{20162, 5},{13376, 8},{2763, 9},{16136, 12},{12253, 2},{3864, 10},{23155, 17},{24615, 13},{2762, 9},
{10139, 9},{10140, 9},{15008, 3},{3781, 16},{944, 8},{7218, 13},{10134, 9},{26090, 5},{3781, 16},{10141, 9},
{2761, 9},{5895, 12},{3864, 10},{23985, 17},{12253, 2},{19904, 3},{2756, 9},{12253, 2},{25548, 3},{3781, 16},
{15196, 17},{2759, 9},{3864, 10},{21797, 12},{1946, 9},{13378, 8},{10799, 5},{5033, 13},{2758, 9},{9768, 12},
{13379, 8},{8407, 17},{10148, 3},{3864, 10},{3781, 16},{2757, 9},{24294, 5},{1945, 9},{10695, 13},{2764, 9},
{10138, 9},{12253, 2},{10401, 5},{1956, 9},{3781, 16},{13372, 8},{3864, 10},{7241, 9},{2390, 3},{1236, 17},
{7242, 9},{19809, 13},{12253, 2},{6609, 12},{1955, 9},{25020, 3},{13373, 8},{13931, 12},{24303, 5},{12253, 2},
{19917, 17},{3781, 16},{3864, 10},{2760, 9},{11954, 13},{13374, 8},{3864, 10},{7251, 9},{1951, 9},{20166, 5},
{3781, 16},{14746, 13},{10813, 12},{7432, 3},{7252, 9},{1952, 9},{12253, 2},{21560, 17},{3864, 10},{24297, 5},
{13375, 8},{14122, 17},{7250, 9},{7249, 9},{12253, 2},{24720, 13},{1953, 9},{1954, 9},{17758, 12},{3781, 16},
{9335, 3},{24791, 17},{3781, 16},{19628, 8},{19577, 7},{1143, 4},{10094, 7},{25273, 10},{2755, 9},{26090, 5},
{18094, 17},{3864, 10},{10135, 9},{10136, 9},{11546, 3},{12253, 2},{13908, 13},{13369, 8},{9877, 12},{3781, 16},
{10131, 9},{22396, 9},{22395, 9},{22598, 12},{10137, 9},{21272, 17},{3781, 16},{13370, 8},{3864, 10},{2033, 5},
{12723, 3},{12253, 2},{18689, 13},{25273, 10},{3781, 16},{23265, 17},{20235, 7},{23975, 4},{8362, 1},{6722, 8},
{7161, 7},{16261, 7},{13624, 15},{4424, 10},{18764, 8},{3455, 15},{18765, 8},{3455, 15},{14343, 15},{4424, 10},
{4424, 10},{4252, 15},{6697, 15},{3455, 15},{18766, 8},{3455, 15},{3044, 15},{6701, 15},{4424, 10},{16432, 15},
{18767, 8},{15723, 15},{13621, 15},{3455, 15},{9434, 8},{4424, 10},{4424, 10},{3455, 15},{15686, 8},{4424, 10},
{18762, 8},{14343, 15},{3455, 15},{6697, 15},{3455, 15},{4424, 10},{18763, 8},{25273, 10},{6751, 8},{23975, 4},
{16264, 7},{20239, 7},{18589, 17},{16258, 7},{3781, 16},{6690, 8},{4424, 10},{3455, 15},{4424, 10},{6692, 8},
{3455, 15},{15066, 4},{7672, 10},{23798, 7},{23665, 10},{14589, 8},{7278, 1},{9241, 3},{3781, 16},{19766, 17},
{3781, 16},{24569, 1},{23801, 7},{7672, 10},{24184, 17},{14586, 8},{16596, 7},{1223, 10},{15066, 4},{15861, 0},
{23361, 3},{1685, 10},{2460, 1},{1143, 4},{25273, 10},{26343, 7},{3781, 16},{19585, 7},{11869, 8},{7008, 7},
{21976, 17},{1685, 10},{4424, 10},{20313, 15},{9138, 15},{6692, 8},{6690, 8},{4424, 10},{9138, 15},{9138, 15},
{4424, 10},{18763, 8},{9138, 15},{4424, 10},{13538, 15},{18762, 8},{4424, 10},{9138, 15},{15686, 8},{20315, 15},
{9434, 8},{4424, 10},{9138, 15},{18767, 8},{4424, 10},{9138, 15},{9138, 15},{4424, 10},{18766, 8},{13541, 15},
{18765, 8},{4424, 10},{9138, 15},{18764, 8},{4424, 10},{9138, 15},{13013, 8},{3447, 15},{4424, 10},{6698, 15},
{4424, 10},{13014, 8},{3447, 15},{4424, 10},{3447, 15},{13019, 8},{13020, 8},{4424, 10},{3447, 15},{3447, 15},
{4424, 10},{13017, 8},{15729, 15},{13018, 8},{6700, 15},{3447, 15},{4424, 10},{1304, 15},{4424, 10},{18767, 8},
{18766, 8},{25948, 15},{1304, 15},{4424, 10},{18764, 8},{4424, 10},{4117, 15},{18763, 8},{12519, 15},{4424, 10},
{12519, 15},{18762, 8},{4424, 10},{4424, 10},{12519, 15},{9434, 8},{3018, 15},{4424, 10},{12519, 15},{18767, 8},
{4424, 10},{12519, 15},{18766, 8},{12519, 15},{17678, 15},{4424, 10},{18765, 8},{18764, 8},{4424, 10},{12519, 15},
{14486, 15},{4424, 10},{8367, 15},{9434, 8},{4424, 10},{1547, 15},{1543, 15},{18762, 8},{8367, 15},{7104, 15},
{8367, 15},{4424, 10},{18763, 8},{4424, 10},{396, 15},{18764, 8},{8367, 15},{14487, 15},{18765, 8},{8367, 15},
{4424, 10},{18766, 8},{4424, 10},{8367, 15},{395, 15},{8367, 15},{18767, 8},{4424, 10},{6925, 7},{3875, 8},
{3781, 16},{25273, 10},{12029, 7},{5104, 7},{14258, 7},{24752, 4},{18184, 17},{3781, 16},{18953, 7},{12024, 7},
{25273, 10},{15241, 17},{3874, 8},{24752, 4},{5109, 7},{6387, 1},{5103, 7},{4424, 10},{7273, 15},{16437, 15},
{13016, 8},{25273, 10},{16790, 8},{704, 17},{7157, 7},{23975, 4},{7164, 7},{3781, 16},{20237, 7},{540, 7},
{1685, 10},{3781, 16},{16598, 7},{15066, 4},{3453, 1},{7672, 10},{15280, 17},{7576, 8},{10545, 3},{1949, 7},
{7672, 10},{2628, 1},{16747, 3},{12253, 4},{13647, 8},{16911, 7},{3781, 16},{11272, 17},{1685, 10},{4424, 10},
{9127, 15},{11876, 15},{18762, 8},{20685, 15},{14812, 15},{7870, 15},{9127, 15},{4424, 10},{18765, 8},{25788, 15},
{18764, 8},{9127, 15},{4424, 10},{12967, 15},{9127, 15},{11507, 15},{18767, 8},{4424, 10},{9127, 15},{18766, 8},
{4424, 10},{1685, 10},{1685, 10},{1685, 10},{3772, 7},{25273, 10},{15272, 4},{3766, 7},{20290, 17},{17264, 1},
{10840, 7},{16455, 7},{3781, 16},{15469, 8},{18766, 8},{17814, 15},{4424, 10},{13632, 8},{23665, 10},{3073, 7},
{3065, 7},{10141, 7},{7672, 10},{22329, 1},{12253, 4},{3781, 16},{17009, 17},{687, 3},{13017, 8},{25124, 15},
{4424, 10},{13018, 8},{4424, 10},{25124, 15},{13019, 8},{1694, 15},{4424, 10},{25124, 15},{25124, 15},{4424, 10},
{16387, 15},{13020, 8},{3781, 16},{25395, 17},{7672, 10},{25803, 7},{872, 1},{1126, 7},{23112, 3},{7579, 8},
{19954, 4},{4424, 10},{25236, 15},{18766, 8},{9128, 15},{1011, 15},{18762, 8},{4424, 10},{18763, 8},{4424, 10},
{9128, 15},{18764, 8},{4424, 10},{7871, 15},{9128, 15},{9128, 15},{18765, 8},{4424, 10},{25779, 15},{18766, 8},
{7871, 15},{9128, 15},{4424, 10},{9128, 15},{4424, 10},{18767, 8},{4424, 10},{6690, 8},{14667, 15},{4117, 15},
{1685, 10},{26342, 7},{5688, 17},{1143, 4},{907, 8},{3781, 16},{10094, 7},{10093, 7},{25273, 10},{26339, 7},
{3267, 7},{12253, 4},{3781, 16},{16286, 7},{14783, 8},{25273, 10},{20880, 1},{24946, 17},{22398, 7},{18766, 8},
{24835, 15},{4424, 10},{10576, 4},{3781, 16},{6734, 17},{12900, 7},{10673, 7},{12427, 7},{25273, 10},{14144, 8},
{5453, 7},{10679, 7},{3781, 16},{14662, 7},{10576, 4},{5461, 8},{25273, 10},{6732, 17},{12431, 7},{10576, 4},
{12424, 7},{25273, 10},{14146, 8},{12008, 17},{3781, 16},{7688, 7},{4132, 1},{3781, 16},{14147, 8},{7693, 7},
{25273, 10},{10576, 4},{2637, 17},{25172, 7},{25273, 10},{3519, 17},{10576, 4},{14140, 8},{5457, 7},{3781, 16},
{12434, 7},{25273, 10},{12868, 7},{15540, 17},{10576, 4},{25171, 7},{3781, 16},{14141, 8},{7691, 7},{25273, 10},
{6133, 17},{10576, 4},{7694, 7},{14660, 7},{14142, 8},{3781, 16},{5453, 7},{25119, 1},{15039, 7},{12431, 7},
{14143, 8},{11948, 17},{3781, 16},{25273, 10},{5456, 7},{25172, 7},{10576, 4},{25273, 10},{3781, 16},{10576, 4},
{9850, 17},{5451, 7},{14151, 8},{7692, 7},{10676, 7},{1589, 17},{5452, 7},{14152, 8},{3781, 16},{5457, 7},
{25273, 10},{7097, 1},{10576, 4},{2473, 10},{9513, 8},{4424, 10},{18762, 8},{2456, 15},{9511, 8},{2473, 10},
{2473, 10},{9512, 8},{3214, 15},{3218, 15},{4424, 10},{2456, 15},{18767, 8},{2456, 15},{18766, 8},{4424, 10},
{23546, 15},{12533, 15},{4424, 10},{25116, 15},{13018, 8},{13017, 8},{4424, 10},{1690, 15},{25116, 15},{25314, 4},
{4373, 1},{3781, 16},{25542, 3},{7672, 10},{9841, 7},{19349, 7},{5891, 17},{1757, 8},{24544, 7},{3781, 16},
{2257, 17},{1756, 8},{7672, 10},{5690, 3},{25314, 4},{24538, 7},{3152, 1},{1755, 8},{7672, 10},{3781, 16},
{4374, 1},{25314, 4},{9843, 7},{20285, 17},{26081, 7},{24544, 7},{8552, 3},{7672, 10},{1754, 8},{7977, 1},
{19343, 7},{10530, 17},{3781, 16},{25314, 4},{8152, 3},{10330, 17},{25314, 4},{22543, 3},{14304, 1},{24543, 7},
{3781, 16},{1753, 8},{7672, 10},{7672, 10},{18948, 3},{3152, 1},{25314, 4},{1752, 8},{24539, 7},{3781, 16},
{3428, 17},{26077, 7},{9430, 17},{19345, 7},{3152, 1},{1751, 8},{24540, 7},{7672, 10},{25314, 4},{3781, 16},
{18689, 3},{7672, 10},{16150, 0},{24689, 17},{3781, 16},{13082, 3},{24546, 7},{25314, 4},{1750, 8},{4193, 7},
{7977, 1},{1223, 10},{24542, 7},{7672, 10},{14304, 1},{22674, 3},{25314, 4},{3781, 16},{1749, 8},{25648, 17},
{24539, 7},{1223, 10},{2090, 3},{24540, 7},{8187, 17},{26079, 7},{3781, 16},{14306, 1},{7672, 10},{22300, 0},
{1748, 8},{9835, 7},{25314, 4},{26345, 7},{10089, 7},{1143, 4},{25273, 10},{11819, 8},{3781, 16},{16263, 17},
{25273, 10},{3781, 16},{7008, 7},{11816, 8},{21329, 17},{3316, 7},{1143, 4},{3781, 16},{8691, 7},{7157, 7},
{23975, 4},{25273, 10},{6749, 8},{12851, 17},{541, 7},{23975, 4},{539, 7},{25273, 10},{6748, 8},{535, 7},
{1069, 17},{3781, 16},{7161, 7},{7162, 7},{16261, 7},{13297, 17},{23975, 4},{3781, 16},{6743, 8},{25273, 10},
{541, 7},{20237, 7},{543, 7},{3781, 16},{23975, 4},{16258, 7},{17819, 17},{6742, 8},{25273, 10},{3781, 16},
{7156, 7},{9457, 1},{23975, 4},{539, 7},{25072, 17},{6745, 8},{25273, 10},{20239, 7},{16265, 7},{8695, 7},
{14620, 8},{18943, 17},{535, 7},{23975, 4},{3781, 16},{25273, 10},{7162, 7},{20238, 7},{14584, 8},{16947, 7},
{15066, 4},{7270, 1},{22674, 3},{3781, 16},{2849, 17},{7672, 10},{16597, 7},{16279, 17},{4495, 3},{7271, 1},
{7672, 10},{15066, 4},{3781, 16},{14585, 8},{23665, 10},{7672, 10},{3781, 16},{1365, 3},{15066, 4},{11442, 1},
{12226, 17},{14582, 8},{16596, 7},{1223, 10},{16944, 7},{22674, 3},{7273, 1},{7672, 10},{3781, 16},{797, 17},
{8563, 0},{16603, 7},{15066, 4},{16595, 7},{14583, 8},{24572, 1},{18323, 3},{16601, 7},{24116, 17},{10885, 7},
{7672, 10},{1961, 7},{15066, 4},{3781, 16},{14588, 8},{6750, 8},{3781, 16},{25273, 10},{20241, 7},{537, 7},
{23975, 4},{8695, 7},{13120, 17},{13462, 8},{21362, 17},{10093, 7},{25273, 10},{7002, 7},{1143, 4},{3781, 16},
{26346, 7},{14587, 8},{3781, 16},{1958, 7},{1223, 10},{7672, 10},{18054, 3},{10888, 7},{6239, 17},{15066, 4},
{23795, 7},{3840, 0},{7277, 1},{8149, 1},{14305, 0},{12232, 4},{5000, 7},{21500, 3},{8482, 8},{1223, 10},
{7672, 10},{3781, 16},{22707, 17},{20396, 1},{12232, 4},{23431, 3},{5156, 17},{3781, 16},{18654, 7},{7672, 10},
{8483, 8},{8490, 8},{7672, 10},{3781, 16},{24061, 17},{5020, 1},{18654, 7},{8233, 3},{12232, 4},{8491, 8},
{16006, 3},{23665, 10},{25409, 7},{11918, 7},{7672, 10},{8145, 1},{19827, 17},{9298, 7},{3781, 16},{12232, 4},
{3781, 16},{25411, 7},{12884, 17},{12232, 4},{26131, 3},{5686, 7},{8488, 8},{23665, 10},{5018, 1},{7672, 10},
{7672, 10},{18141, 3},{5018, 1},{6310, 0},{1223, 10},{11917, 7},{8489, 8},{8838, 17},{3781, 16},{18659, 7},
{12232, 4},{8148, 1},{5676, 7},{8541, 17},{25405, 7},{15133, 3},{5675, 7},{7672, 10},{12232, 4},{8486, 8},
{3781, 16},{1374, 17},{3781, 16},{8487, 8},{5675, 7},{5017, 1},{25404, 7},{7672, 10},{12232, 4},{18957, 3},
{6579, 3},{5023, 1},{3781, 16},{5001, 7},{20505, 7},{7672, 10},{23665, 10},{12232, 4},{8484, 8},{4293, 17},
{11917, 7},{3781, 16},{1223, 10},{11295, 17},{8485, 8},{7365, 0},{12232, 4},{7672, 10},{10188, 3},{8146, 1},
{1685, 10},{18767, 8},{24835, 15},{4424, 10},{12253, 4},{3781, 16},{23622, 8},{19849, 7},{2761, 7},{22394, 7},
{24468, 17},{25273, 10},{14179, 7},{25273, 10},{3266, 7},{12253, 4},{19855, 7},{11528, 17},{11235, 8},{7250, 7},
{3781, 16},{14175, 7},{2761, 7},{12253, 4},{13385, 17},{2757, 7},{3781, 16},{11236, 8},{20881, 1},{25273, 10},
{16284, 7},{2755, 7},{12253, 4},{7252, 7},{3781, 16},{25273, 10},{8633, 17},{22395, 7},{4228, 8},{7246, 7},
{25273, 10},{12253, 4},{20887, 1},{13644, 17},{3781, 16},{2760, 7},{14183, 7},{2755, 7},{19598, 8},{25795, 17},
{25273, 10},{7250, 7},{11231, 8},{3781, 16},{7245, 7},{12253, 4},{14182, 7},{25273, 10},{12253, 4},{7242, 7},
{3781, 16},{11232, 8},{16023, 17},{7247, 7},{3277, 7},{25273, 10},{7246, 7},{2629, 1},{12017, 17},{12253, 4},
{3781, 16},{7248, 7},{2759, 7},{11233, 8},{3266, 7},{12253, 4},{7250, 7},{7245, 7},{25273, 10},{11234, 8},
{3781, 16},{3672, 17},{19603, 7},{25135, 7},{14683, 1},{8204, 4},{25273, 10},{3781, 16},{9052, 8},{5429, 7},
{20698, 17},{6077, 17},{10123, 7},{5428, 7},{8204, 4},{3781, 16},{25273, 10},{10127, 7},{9489, 8},{25273, 10},
{16907, 7},{8970, 7},{19606, 7},{10130, 7},{25526, 17},{3781, 16},{9058, 8},{8204, 4},{5424, 7},{16898, 7},
{8204, 4},{11722, 7},{23526, 7},{3781, 16},{9055, 8},{25273, 10},{4552, 17},{10120, 7},{25273, 10},{10127, 7},
{5433, 7},{16840, 8},{23772, 17},{3781, 16},{8204, 4},{20202, 1},{8204, 4},{25273, 10},{1686, 17},{5428, 7},
{5434, 7},{23538, 8},{3781, 16},{25273, 10},{2195, 17},{19602, 7},{8204, 4},{23541, 8},{16898, 7},{3781, 16},
{5430, 7},{25137, 7},{5431, 7},{26371, 7},{3781, 16},{23540, 8},{1534, 17},{8204, 4},{25273, 10},{5430, 7},
{23523, 7},{23526, 7},{8204, 4},{16907, 7},{25273, 10},{2894, 17},{25131, 7},{9036, 8},{3781, 16},{8204, 4},
{16906, 7},{23536, 8},{25273, 10},{25516, 17},{10121, 7},{19606, 7},{5435, 7},{3781, 16},{1685, 10},{1685, 10},
{6587, 8},{25126, 10},{25126, 10},{6588, 8},{18766, 8},{4424, 10},{12516, 15},{18767, 8},{4424, 10},{12516, 15},
{1899, 15},{4424, 10},{3019, 15},{18764, 8},{12516, 15},{12516, 15},{20115, 15},{4424, 10},{18765, 8},{3012, 15},
{4424, 10},{18762, 8},{12516, 15},{13576, 8},{25126, 10},{13577, 8},{25126, 10},{13578, 8},{25126, 10},{13579, 8},
{25126, 10},{25126, 10},{13580, 8},{25126, 10},{13581, 8},{25126, 10},{12855, 8},{13583, 8},{25126, 10},{18767, 8},
{9122, 15},{4424, 10},{1685, 10},{8361, 1},{7672, 10},{16730, 17},{23665, 10},{12295, 7},{3781, 16},{23975, 4},
{21236, 3},{21361, 8},{9451, 1},{25059, 7},{16719, 17},{7672, 10},{8540, 7},{23975, 4},{21360, 8},{3781, 16},
{14984, 3},{19112, 7},{23975, 4},{3781, 16},{19121, 7},{23665, 10},{16267, 17},{9460, 1},{7672, 10},{21368, 8},
{3486, 3},{23665, 10},{6106, 7},{25144, 17},{9451, 1},{25064, 7},{19244, 3},{21367, 8},{7672, 10},{3781, 16},
{23975, 4},{3781, 16},{7672, 10},{12297, 7},{22577, 8},{23975, 4},{4629, 17},{1305, 3},{9458, 1},{23975, 4},
{12278, 7},{7116, 3},{3781, 16},{8365, 1},{4589, 17},{12290, 7},{25057, 7},{21369, 8},{7672, 10},{23059, 1},
{25060, 7},{23975, 4},{7607, 17},{5633, 3},{3781, 16},{6106, 7},{21364, 8},{7672, 10},{8584, 7},{14551, 17},
{6106, 7},{25059, 7},{23975, 4},{6515, 3},{3781, 16},{9033, 1},{7672, 10},{21363, 8},{21366, 8},{3781, 16},
{7672, 10},{8364, 1},{6103, 7},{23975, 4},{23665, 10},{17186, 3},{16058, 17},{19119, 7},{3781, 16},{24363, 1},
{1223, 10},{3486, 3},{23975, 4},{21365, 8},{23583, 17},{7672, 10},{535, 0},{11383, 8},{2473, 10},{2473, 10},
{6219, 8},{19719, 15},{18764, 8},{4636, 15},{4969, 15},{4424, 10},{4424, 10},{19719, 15},{18765, 8},{22322, 15},
{4424, 10},{6690, 8},{22322, 15},{4424, 10},{6692, 8},{1685, 10},{18762, 8},{4424, 10},{19719, 15},{9434, 8},
{4424, 10},{22322, 15},{22322, 15},{15686, 8},{4424, 10},{1405, 15},{4424, 10},{22322, 15},{18766, 8},{4424, 10},
{18767, 8},{22322, 15},{18764, 8},{22322, 15},{4424, 10},{4424, 10},{21246, 15},{22322, 15},{18765, 8},{12253, 4},
{7672, 10},{3781, 16},{4340, 3},{20876, 1},{21367, 8},{10135, 7},{21686, 17},{24453, 17},{3781, 16},{7672, 10},
{22331, 1},{12253, 4},{21368, 8},{24024, 7},{9050, 3},{3781, 16},{22323, 1},{10919, 17},{21369, 8},{7672, 10},
{4232, 7},{23665, 10},{12253, 4},{18279, 7},{309, 3},{3781, 16},{12253, 4},{18278, 7},{15146, 17},{2624, 1},
{22577, 8},{19244, 3},{7672, 10},{3065, 7},{12253, 4},{3781, 16},{5051, 3},{20878, 1},{1200, 17},{21363, 8},
{1952, 7},{7672, 10},{16912, 7},{2473, 10},{6212, 8},{21365, 8},{7672, 10},{12859, 17},{23754, 3},{3781, 16},
{12253, 4},{21603, 7},{15902, 1},{23665, 10},{3065, 7},{22322, 1},{7672, 10},{3781, 16},{24726, 3},{21366, 8},
{10134, 7},{12253, 4},{5444, 17},{18277, 7},{13175, 4},{3781, 16},{25273, 10},{11768, 7},{11760, 7},{24634, 17},
{18522, 7},{13689, 8},{6979, 17},{20879, 1},{12253, 4},{24012, 7},{7672, 10},{21360, 8},{25941, 3},{3781, 16},
{11895, 7},{3781, 16},{12253, 4},{7672, 10},{21361, 8},{23665, 10},{7421, 3},{23631, 17},{18277, 7},{20881, 1},
{1952, 7},{6690, 8},{19719, 15},{4424, 10},{14812, 15},{1685, 10},{19719, 15},{4424, 10},{6692, 8},{1685, 10},
{3377, 3},{8204, 4},{1195, 7},{3781, 16},{2699, 7},{22336, 7},{7302, 17},{23665, 10},{4738, 8},{7672, 10},
{14680, 1},{2074, 3},{8204, 4},{22336, 7},{7672, 10},{15572, 7},{6909, 17},{3781, 16},{2698, 7},{13432, 1},
{4737, 8},{15502, 7},{7179, 17},{4734, 8},{3781, 16},{14683, 1},{8204, 4},{10249, 3},{9198, 7},{15571, 7},
{7672, 10},{3781, 16},{13175, 4},{25273, 10},{11761, 7},{22793, 7},{18523, 7},{22796, 7},{15469, 8},{8115, 17},
{8204, 4},{23755, 7},{3781, 16},{2698, 7},{7672, 10},{3380, 3},{22343, 7},{20193, 1},{4736, 8},{21924, 17},
{8204, 4},{4735, 8},{13430, 1},{7672, 10},{21449, 17},{23266, 3},{3781, 16},{9391, 7},{7672, 10},{1653, 17},
{3781, 16},{14680, 1},{15566, 7},{2300, 8},{8204, 4},{8755, 3},{15905, 3},{3781, 16},{7672, 10},{8204, 4},
{4729, 8},{23665, 10},{13360, 17},{1210, 7},{20198, 1},{20198, 1},{14438, 17},{8328, 3},{7672, 10},{8204, 4},
{2303, 8},{9201, 7},{23665, 10},{3781, 16},{3781, 16},{8204, 4},{14683, 1},{18634, 3},{7672, 10},{4731, 8},
{15573, 7},{19961, 17},{20213, 7},{18764, 8},{4424, 10},{2455, 15},{4424, 10},{22477, 15},{18765, 8},{2455, 15},
{2455, 15},{4424, 10},{18766, 8},{4424, 10},{2455, 15},{18767, 8},{2455, 15},{9434, 8},{4424, 10},{4424, 10},
{2455, 15},{22476, 15},{15686, 8},{18814, 15},{20365, 15},{18762, 8},{4424, 10},{2455, 15},{4424, 10},{2455, 15},
{18763, 8},{15066, 2},{2661, 9},{327, 3},{17882, 17},{3781, 16},{4550, 13},{2658, 9},{1957, 9},{11841, 12},
{15323, 10},{8462, 8},{1685, 10},{1359, 7},{6931, 7},{25273, 10},{24752, 4},{6924, 7},{4121, 1},{1810, 8},
{14254, 7},{3781, 16},{17125, 17},{3026, 17},{5107, 7},{25273, 10},{6388, 1},{6925, 7},{1809, 8},{3781, 16},
{24752, 4},{18960, 7},{14854, 9},{6953, 3},{25237, 13},{3754, 8},{15323, 10},{7290, 17},{15066, 2},{1966, 9},
{3781, 16},{20088, 9},{4458, 12},{9895, 17},{1818, 8},{12029, 7},{5107, 7},{24752, 4},{3781, 16},{25273, 10},
{14249, 7},{25273, 10},{25111, 17},{22808, 1},{24752, 4},{6928, 7},{1817, 8},{12029, 7},{3781, 16},{24752, 4},
{10970, 8},{5103, 7},{5109, 7},{3781, 16},{17, 17},{25273, 10},{14251, 7},{9056, 17},{25273, 10},{6390, 1},
{24752, 4},{3781, 16},{1815, 8},{5108, 7},{25273, 10},{3781, 16},{14258, 7},{5104, 7},{1814, 8},{24752, 4},
{233, 17},{18956, 7},{1813, 8},{5107, 7},{19242, 17},{3781, 16},{5103, 7},{24752, 4},{25273, 10},{24752, 4},
{18954, 7},{3781, 16},{25273, 10},{17518, 17},{6925, 7},{1812, 8},{5108, 7},{22230, 17},{24752, 4},{12022, 7},
{18954, 7},{25273, 10},{3781, 16},{1811, 8},{4424, 10},{8605, 15},{1901, 15},{10844, 15},{18767, 8},{4424, 10},
{10844, 15},{18766, 8},{20111, 15},{4424, 10},{10844, 15},{17670, 15},{18765, 8},{17675, 15},{24506, 15},{11280, 15},
{18764, 8},{4424, 10},{10844, 15},{4424, 10},{18763, 8},{10844, 15},{15483, 15},{18762, 8},{4424, 10},{10844, 15},
{4424, 10},{15686, 8},{10844, 15},{13350, 15},{4424, 10},{9434, 8},{10844, 15},{23725, 15},{6692, 8},{630, 15},
{10844, 15},{4424, 10},{3015, 15},{4424, 10},{10844, 15},{6690, 8},{14308, 15},{13016, 8},{4424, 10},{13019, 8},
{4424, 10},{22807, 15},{13020, 8},{4424, 10},{22807, 15},{16008, 15},{588, 15},{13017, 8},{4424, 10},{22807, 15},
{4092, 15},{13018, 8},{4424, 10},{10589, 15},{22807, 15},{22807, 15},{4424, 10},{18431, 15},{13013, 8},{15686, 8},
{4424, 10},{9969, 15},{22323, 15},{9434, 8},{14050, 15},{4424, 10},{22323, 15},{12269, 15},{18763, 8},{4424, 10},
{22323, 15},{8679, 15},{22323, 15},{4424, 10},{9970, 15},{18762, 8},{18765, 8},{4424, 10},{22323, 15},{4424, 10},
{12265, 15},{14055, 15},{18245, 15},{18764, 8},{8676, 15},{22323, 15},{4424, 10},{5280, 15},{22323, 15},{18767, 8},
{22323, 15},{18766, 8},{4424, 10},{13013, 8},{4424, 10},{7185, 15},{6692, 8},{4424, 10},{22323, 15},{22323, 15},
{6690, 8},{4424, 10},{1143, 4},{23745, 8},{5850, 7},{3781, 16},{5844, 7},{3955, 17},{25273, 10},{26338, 7},
{26344, 7},{7185, 15},{4424, 10},{13019, 8},{13020, 8},{7185, 15},{4424, 10},{1018, 15},{7185, 15},{13017, 8},
{4424, 10},{13019, 8},{3219, 15},{20717, 15},{4424, 10},{4424, 10},{18765, 8},{5297, 15},{2464, 1},{19579, 7},
{23785, 8},{25273, 10},{19642, 17},{3318, 7},{3781, 16},{3321, 7},{7004, 7},{1143, 4},{4424, 10},{5297, 15},
{6692, 8},{3781, 16},{10096, 7},{23784, 8},{26341, 7},{25273, 10},{10099, 7},{1143, 4},{7932, 17},{7091, 15},
{25286, 15},{4424, 10},{18762, 8},{18766, 8},{7091, 15},{4424, 10},{9540, 15},{11058, 15},{7091, 15},{18767, 8},
{4424, 10},{7091, 15},{4424, 10},{25284, 15},{18764, 8},{4424, 10},{7091, 15},{18765, 8},{3781, 16},{12334, 1},
{22976, 3},{1530, 4},{7672, 10},{16336, 8},{5398, 17},{15776, 7},{3781, 16},{22562, 7},{16334, 8},{12333, 1},
{4496, 3},{18822, 17},{7672, 10},{1530, 4},{438, 7},{1530, 4},{14076, 7},{3781, 16},{7672, 10},{12330, 1},
{4626, 3},{14277, 8},{15930, 17},{7672, 10},{12803, 3},{23665, 10},{14077, 7},{15446, 1},{3781, 16},{16332, 8},
{15769, 7},{1530, 4},{23488, 17},{14079, 7},{3781, 16},{1530, 4},{436, 7},{14545, 17},{16344, 8},{7672, 10},
{8956, 3},{15450, 1},{7672, 10},{15448, 1},{16342, 8},{25485, 17},{3781, 16},{1530, 4},{6320, 7},{20207, 3},
{3781, 16},{16339, 8},{434, 7},{1530, 4},{16182, 3},{23588, 17},{439, 7},{7672, 10},{9801, 7},{25926, 1},
{7672, 10},{1530, 4},{7017, 17},{6065, 3},{20155, 7},{16337, 8},{13146, 1},{3781, 16},{12333, 1},{9802, 7},
{4463, 3},{20157, 7},{3781, 16},{20152, 7},{1530, 4},{12661, 17},{2705, 8},{7672, 10},{1530, 4},{21028, 17},
{2704, 8},{1223, 10},{3781, 16},{26021, 0},{13148, 1},{11324, 3},{7672, 10},{434, 7},{3781, 16},{1749, 8},
{18924, 7},{1528, 3},{22807, 1},{7672, 10},{7604, 17},{24752, 4},{1748, 8},{7672, 10},{4117, 1},{1223, 10},
{5376, 7},{24752, 4},{1363, 0},{26399, 7},{2122, 17},{16556, 3},{3781, 16},{26395, 7},{7672, 10},{16325, 17},
{1223, 10},{3781, 16},{19839, 7},{1757, 8},{24752, 4},{5101, 0},{25676, 7},{6389, 1},{15008, 3},{9999, 17},
{1756, 8},{3781, 16},{10190, 3},{26394, 7},{7672, 10},{4124, 1},{25683, 7},{24752, 4},{3781, 16},{19873, 7},
{22810, 1},{25676, 7},{22765, 3},{7672, 10},{2812, 17},{24752, 4},{23665, 10},{1755, 8},{3781, 16},{24752, 4},
{7672, 10},{5169, 7},{6388, 1},{18923, 7},{18924, 7},{20885, 17},{1754, 8},{18862, 3},{22806, 1},{5178, 7},
{4499, 17},{1753, 8},{24752, 4},{3781, 16},{7672, 10},{8709, 3},{1752, 8},{7672, 10},{1223, 10},{6388, 1},
{26396, 7},{3781, 16},{24143, 17},{12024, 0},{25675, 7},{14035, 3},{24752, 4},{12125, 7},{5560, 3},{24752, 4},
{18925, 7},{19839, 7},{7672, 10},{1751, 8},{22806, 1},{3781, 16},{22471, 17},{7672, 10},{6388, 1},{3781, 16},
{18932, 7},{12788, 3},{24752, 4},{19828, 17},{12125, 7},{1750, 8},{1685, 10},{15514, 15},{4424, 10},{6692, 8},
{5018, 15},{6690, 8},{4424, 10},{5018, 15},{5018, 15},{21550, 15},{18765, 8},{4424, 10},{4424, 10},{18764, 8},
{5018, 15},{18767, 8},{5018, 15},{4424, 10},{5018, 15},{18766, 8},{4424, 10},{4424, 10},{15686, 8},{5018, 15},
{5018, 15},{9434, 8},{4424, 10},{21110, 15},{4424, 10},{5018, 15},{18763, 8},{22265, 15},{18762, 8},{5018, 15},
{4424, 10},{1685, 10},{3891, 8},{26346, 7},{7004, 7},{19578, 7},{26338, 7},{1143, 4},{25273, 10},{3781, 16},
{9929, 17},{4959, 17},{7368, 7},{7369, 7},{25273, 10},{23745, 8},{12232, 4},{3781, 16},{19927, 7},{5527, 7},
{3066, 17},{12506, 7},{12232, 4},{5022, 1},{25273, 10},{3781, 16},{7365, 7},{23747, 8},{25273, 10},{207, 17},
{14303, 7},{7475, 7},{3781, 16},{12232, 4},{23784, 8},{23785, 8},{14305, 7},{25273, 10},{15733, 17},{14310, 7},
{12232, 4},{3781, 16},{5527, 7},{19931, 7},{3893, 8},{12232, 4},{12500, 7},{12502, 7},{18060, 17},{25273, 10},
{3781, 16},{12614, 7},{7363, 7},{12232, 4},{18936, 17},{3894, 8},{17620, 7},{14302, 7},{3781, 16},{5020, 1},
{25273, 10},{12232, 4},{25273, 10},{7369, 7},{12509, 7},{5527, 7},{7366, 7},{11381, 17},{3891, 8},{3781, 16},
{25273, 10},{3892, 8},{12232, 4},{3781, 16},{20891, 17},{11772, 7},{12506, 7},{11778, 7},{16554, 17},{12232, 4},
{25273, 10},{19927, 7},{5531, 7},{3889, 8},{6293, 7},{3781, 16},{17620, 7},{3781, 16},{11782, 7},{25273, 10},
{11776, 7},{3890, 8},{11779, 7},{8054, 17},{12232, 4},{13017, 8},{13203, 15},{4424, 10},{25613, 7},{3781, 16},
{25273, 10},{1740, 7},{19954, 4},{14969, 17},{13725, 8},{1143, 4},{19579, 7},{19583, 7},{25273, 10},{6399, 17},
{10099, 7},{3889, 8},{3781, 16},{6692, 8},{9136, 15},{4424, 10},{6627, 15},{6620, 15},{6620, 15},{6690, 8},
{4424, 10},{9136, 15},{15338, 8},{4144, 17},{19290, 7},{25273, 10},{7141, 7},{19294, 7},{3781, 16},{1530, 4},
{7145, 7},{7150, 7},{15337, 8},{7143, 7},{3781, 16},{11740, 17},{25273, 10},{1530, 4},{7148, 7},{24292, 17},
{26023, 7},{19291, 7},{1530, 4},{25273, 10},{7370, 7},{3781, 16},{13146, 1},{15332, 8},{4424, 10},{18764, 8},
{9136, 15},{13537, 15},{2070, 15},{18767, 8},{4424, 10},{5054, 15},{9136, 15},{22842, 15},{18766, 8},{4424, 10},
{25946, 15},{9136, 15},{4424, 10},{15686, 8},{9136, 15},{16041, 15},{9136, 15},{13540, 15},{9434, 8},{4424, 10},
{18763, 8},{4424, 10},{20317, 15},{9136, 15},{7148, 7},{3781, 16},{9579, 7},{1530, 4},{15333, 8},{25273, 10},
{22752, 17},{13147, 15},{12455, 15},{4424, 10},{15686, 8},{18088, 15},{4424, 10},{9434, 8},{13147, 15},{18763, 8},
{13147, 15},{4424, 10},{4424, 10},{18762, 8},{13147, 15},{11664, 15},{11321, 15},{18454, 15},{18765, 8},{4424, 10},
{13147, 15},{18764, 8},{4424, 10},{13147, 15},{11314, 15},{13147, 15},{4424, 10},{18767, 8},{18766, 8},{13147, 15},
{23763, 15},{4074, 15},{4424, 10},{3781, 16},{10346, 17},{25273, 10},{23986, 7},{9483, 8},{23441, 4},{17149, 7},
{4424, 10},{21385, 15},{11670, 15},{13147, 15},{6690, 8},{9434, 8},{19357, 15},{4424, 10},{21523, 15},{4424, 10},
{15507, 15},{19357, 15},{15686, 8},{4424, 10},{19357, 15},{18762, 8},{4424, 10},{18763, 8},{19357, 15},{18764, 8},
{4424, 10},{19357, 15},{24822, 7},{1208, 17},{19954, 4},{3781, 16},{25273, 10},{5951, 8},{8072, 7},{5130, 7},
{4424, 10},{19357, 15},{18766, 8},{18767, 8},{19357, 15},{4424, 10},{4424, 10},{19357, 15},{6690, 8},{22264, 15},
{4424, 10},{19357, 15},{6692, 8},{1685, 10},{12232, 4},{5685, 7},{1461, 3},{8910, 17},{16342, 8},{8146, 1},
{7672, 10},{3781, 16},{25172, 7},{10576, 4},{18978, 17},{12916, 7},{3781, 16},{7090, 1},{2725, 8},{5451, 7},
{12424, 7},{25273, 10},{10669, 7},{12857, 7},{10576, 4},{2726, 8},{3781, 16},{10664, 7},{3810, 17},{25273, 10},
{25273, 10},{10576, 4},{14660, 7},{21160, 17},{2727, 8},{25168, 7},{3781, 16},{4135, 1},{4742, 17},{12426, 7},
{2728, 8},{7689, 7},{10576, 4},{14661, 7},{25273, 10},{3781, 16},{7691, 7},{16572, 17},{10576, 4},{14659, 7},
{25273, 10},{12900, 7},{3781, 16},{2721, 8},{25273, 10},{15039, 7},{5457, 7},{10669, 7},{10576, 4},{9809, 17},
{2722, 8},{3781, 16},{3781, 16},{10676, 7},{18022, 17},{2723, 8},{10576, 4},{12425, 7},{25273, 10},{12424, 7},
{7689, 7},{7092, 1},{4134, 1},{3781, 16},{10576, 4},{2724, 8},{5450, 7},{12430, 7},{13549, 17},{25273, 10},
{14661, 7},{3781, 16},{2733, 8},{12427, 7},{25172, 7},{25273, 10},{10576, 4},{8139, 17},{10576, 4},{4518, 17},
{12429, 7},{3781, 16},{25273, 10},{19469, 7},{2734, 8},{1685, 10},{25199, 17},{3781, 16},{15272, 4},{25273, 10},
{13728, 8},{23464, 7},{23463, 7},{23460, 7},{20588, 7},{16449, 7},{15272, 4},{23459, 7},{25273, 10},{3781, 16},
{10857, 7},{2716, 8},{3367, 17},{16455, 7},{25273, 10},{15272, 4},{3772, 7},{3767, 7},{9932, 17},{3781, 16},
{13726, 8},{13727, 8},{25273, 10},{3253, 17},{10876, 7},{16455, 7},{15272, 4},{3781, 16},{17354, 7},{23462, 7},
{13732, 8},{15272, 4},{25273, 10},{19894, 7},{17353, 7},{5855, 17},{10551, 7},{3781, 16},{17816, 7},{3781, 16},
{10551, 7},{25273, 10},{13733, 8},{23462, 7},{1513, 17},{15272, 4},{19894, 7},{20588, 7},{10552, 7},{13730, 8},
{3781, 16},{19488, 17},{25273, 10},{20623, 7},{15272, 4},{15272, 4},{17816, 7},{21065, 17},{5951, 8},{3781, 16},
{17354, 7},{25273, 10},{3781, 16},{17357, 7},{15272, 4},{13724, 8},{17353, 7},{20169, 17},{25273, 10},{25104, 17},
{17263, 1},{23459, 7},{10857, 7},{17355, 7},{13725, 8},{25273, 10},{17358, 7},{15272, 4},{3781, 16},{4424, 10},
{5022, 15},{13020, 8},{4424, 10},{1411, 15},{13019, 8},{25307, 15},{18582, 15},{5022, 15},{1937, 15},{4424, 10},
{4219, 15},{13018, 8},{7405, 15},{5022, 15},{1942, 15},{4424, 10},{5022, 15},{13017, 8},{15362, 10},{24752, 14},
{4424, 10},{5022, 15},{13015, 8},{15362, 10},{24752, 14},{5022, 15},{8840, 15},{13013, 8},{4424, 10},{7132, 3},
{18655, 7},{7672, 10},{25141, 17},{16337, 8},{3781, 16},{8151, 1},{12232, 4},{5022, 15},{15507, 15},{24884, 8},
{4424, 10},{15362, 10},{24752, 14},{24752, 14},{15362, 10},{18952, 7},{6383, 1},{3781, 16},{18959, 7},{3128, 17},
{8510, 8},{25273, 10},{24752, 4},{8509, 8},{6922, 7},{25273, 10},{5109, 7},{24752, 4},{4118, 1},{10486, 17},
{3781, 16},{15800, 7},{16053, 7},{3781, 16},{18342, 17},{17807, 8},{14256, 7},{24752, 4},{25273, 10},{14257, 7},
{6931, 7},{1358, 7},{18949, 7},{18954, 7},{15495, 17},{3781, 16},{25273, 10},{17793, 8},{24752, 4},{6390, 1},
{18951, 7},{16680, 17},{3781, 16},{18953, 7},{25273, 10},{17790, 8},{24752, 4},{5237, 17},{25273, 10},{12023, 7},
{1354, 7},{24752, 4},{17776, 8},{3781, 16},{6928, 7},{6930, 7},{24752, 4},{5104, 7},{25273, 10},{16863, 17},
{466, 8},{14252, 7},{3781, 16},{5103, 7},{24752, 4},{5103, 7},{8047, 7},{9362, 17},{3781, 16},{17754, 8},
{6385, 1},{25273, 10},{14250, 7},{6924, 7},{22810, 1},{6923, 7},{7708, 17},{5103, 7},{25273, 10},{24752, 4},
{21405, 8},{18952, 7},{3781, 16},{5108, 7},{22600, 17},{25273, 10},{14256, 7},{24752, 4},{17726, 8},{3781, 16},
{1685, 10},{16339, 8},{12232, 4},{7672, 10},{3781, 16},{18656, 7},{5017, 1},{18941, 17},{9304, 7},{11689, 3},
{4424, 10},{4131, 15},{18763, 8},{23665, 10},{12232, 4},{20398, 1},{7672, 10},{5000, 7},{3781, 16},{10053, 3},
{23704, 17},{25411, 7},{16336, 8},{1685, 10},{18764, 8},{5514, 15},{4424, 10},{26222, 15},{1685, 10},{4424, 10},
{6690, 8},{1442, 15},{4424, 10},{6692, 8},{26239, 15},{1442, 15},{4424, 10},{1442, 15},{18762, 8},{18763, 8},
{4424, 10},{1442, 15},{4424, 10},{11062, 15},{9434, 8},{1442, 15},{3641, 15},{15686, 8},{1442, 15},{4424, 10},
{18766, 8},{1442, 15},{19907, 15},{4424, 10},{4424, 10},{1442, 15},{18767, 8},{4361, 15},{18764, 8},{1442, 15},
{4424, 10},{4424, 10},{1442, 15},{18765, 8},{3636, 15},{1685, 10},{4424, 10},{18766, 8},{26222, 15},{24499, 15},
{1685, 10},{3781, 16},{7672, 10},{10141, 7},{131, 3},{18282, 7},{6780, 17},{12253, 4},{20880, 1},{17127, 8},
{10140, 7},{15902, 1},{12253, 4},{3781, 16},{10131, 7},{5044, 8},{11895, 7},{17772, 3},{7672, 10},{5731, 17},
{10137, 7},{7672, 10},{3781, 16},{8915, 3},{18440, 8},{12253, 4},{12914, 17},{19139, 1},{18271, 7},{1223, 10},
{3781, 16},{250, 17},{3073, 7},{12253, 4},{7672, 10},{18441, 8},{10073, 3},{1953, 7},{1949, 7},{22395, 0},
{22322, 1},{18442, 8},{3781, 16},{2624, 1},{16910, 7},{17976, 17},{7672, 10},{12253, 4},{13993, 3},{1953, 7},
{10140, 7},{2628, 1},{23109, 3},{16911, 7},{21540, 17},{12253, 4},{7672, 10},{18443, 8},{11927, 7},{3781, 16},
{2628, 1},{6586, 3},{18444, 8},{12253, 4},{21603, 7},{19214, 17},{7672, 10},{1955, 7},{3781, 16},{4232, 7},
{10993, 3},{23665, 10},{24012, 7},{7672, 10},{5050, 8},{17720, 17},{12253, 4},{3073, 7},{22326, 1},{3781, 16},
{3781, 16},{5034, 8},{9416, 1},{19401, 3},{8181, 17},{1946, 7},{7672, 10},{12253, 4},{23665, 10},{20879, 1},
{1223, 10},{3781, 16},{16285, 0},{24012, 7},{20734, 3},{7672, 10},{5036, 8},{12253, 4},{4790, 17},{9434, 8},
{26222, 15},{677, 15},{4424, 10},{1685, 10},{25126, 10},{19492, 8},{19493, 8},{25126, 10},{1530, 4},{22276, 8},
{1058, 17},{7672, 10},{15449, 1},{3714, 3},{433, 7},{3781, 16},{1530, 4},{16326, 17},{15449, 1},{22275, 8},
{4874, 3},{23665, 10},{434, 7},{3781, 16},{7672, 10},{3781, 16},{9800, 7},{7672, 10},{22270, 8},{16379, 17},
{25922, 1},{1530, 4},{23665, 10},{25489, 3},{7672, 10},{12333, 1},{15770, 7},{22269, 8},{22271, 3},{10869, 17},
{1530, 4},{3781, 16},{23665, 10},{20158, 7},{1223, 10},{7672, 10},{12329, 1},{3781, 16},{5512, 0},{9800, 7},
{20152, 7},{23445, 17},{1727, 8},{16250, 3},{1530, 4},{26069, 3},{14084, 7},{1530, 4},{22267, 8},{7672, 10},
{435, 7},{13084, 1},{15770, 7},{19439, 17},{3781, 16},{25126, 10},{19494, 8},{20150, 7},{5907, 3},{7672, 10},
{3335, 17},{3781, 16},{1530, 4},{12334, 1},{14079, 7},{22273, 8},{22272, 8},{14975, 17},{9799, 7},{3312, 3},
{1530, 4},{3781, 16},{7672, 10},{18173, 7},{15450, 1},{7149, 0},{1530, 4},{12329, 1},{1730, 8},{1223, 10},
{15382, 7},{3781, 16},{131, 3},{25814, 17},{7672, 10},{18542, 7},{1044, 17},{3781, 16},{12232, 4},{22586, 8},
{7368, 7},{25273, 10},{25273, 10},{18542, 7},{22587, 8},{12232, 4},{7361, 7},{11779, 7},{19442, 17},{3781, 16},
{15686, 8},{22480, 15},{4424, 10},{20715, 15},{18397, 17},{12232, 4},{20407, 1},{3781, 16},{12504, 7},{7366, 7},
{5530, 7},{22585, 8},{19929, 7},{25273, 10},{18767, 8},{20715, 15},{4424, 10},{24487, 15},{4424, 10},{26222, 15},
{18762, 8},{675, 15},{19924, 7},{25273, 10},{3781, 16},{20918, 8},{5023, 1},{17620, 7},{12232, 4},{11776, 7},
{12508, 7},{15059, 17},{20715, 15},{10971, 15},{4424, 10},{18765, 8},{15272, 4},{2987, 8},{17354, 7},{16455, 7},
{20623, 7},{25273, 10},{3781, 16},{20487, 17},{23465, 7},{2988, 8},{15272, 4},{25273, 10},{3767, 7},{18778, 17},
{3781, 16},{10552, 7},{15272, 4},{9427, 17},{17356, 7},{2981, 8},{3775, 7},{25273, 10},{23462, 7},{16455, 7},
{3781, 16},{10547, 7},{15272, 4},{2982, 8},{17357, 7},{3781, 16},{23460, 7},{6372, 17},{25273, 10},{17352, 7},
{14097, 17},{10876, 7},{3781, 16},{17357, 7},{3773, 7},{15272, 4},{3774, 7},{25273, 10},{2979, 8},{4126, 17},
{7367, 7},{22581, 8},{3781, 16},{12232, 4},{5533, 7},{14305, 7},{25273, 10},{16650, 17},{17356, 7},{3781, 16},
{25273, 10},{2985, 8},{19894, 7},{15272, 4},{20561, 7},{3781, 16},{15272, 4},{23465, 7},{17354, 7},{2986, 8},
{5208, 17},{25273, 10},{20561, 7},{1445, 1},{3487, 17},{2983, 8},{23460, 7},{3781, 16},{25273, 10},{15272, 4},
{17356, 7},{3771, 7},{3781, 16},{20097, 17},{3769, 7},{16451, 7},{17357, 7},{15272, 4},{2984, 8},{23459, 7},
{25273, 10},{1685, 10},{12361, 3},{1982, 17},{20193, 1},{7672, 10},{3781, 16},{15572, 7},{23665, 10},{8204, 4},
{15455, 8},{9203, 7},{7672, 10},{2447, 17},{3781, 16},{20199, 1},{7606, 3},{8204, 4},{15454, 8},{23665, 10},
{1197, 1},{8204, 4},{22340, 7},{15569, 7},{7672, 10},{1706, 17},{13647, 8},{6953, 3},{3781, 16},{1210, 7},
{15566, 7},{13645, 8},{7672, 10},{14686, 1},{8204, 4},{23439, 3},{3781, 16},{13893, 17},{9204, 7},{8204, 4},
{17817, 17},{3781, 16},{20212, 7},{20197, 1},{13643, 8},{7672, 10},{18810, 3},{22343, 7},{7672, 10},{1223, 10},
{14684, 1},{26370, 8},{8204, 4},{3488, 3},{7320, 17},{23520, 0},{20210, 7},{3781, 16},{22338, 7},{3781, 16},
{9397, 7},{8204, 4},{1149, 3},{26363, 8},{9605, 17},{14688, 1},{20213, 7},{7672, 10},{8342, 17},{20201, 1},
{13632, 8},{7672, 10},{8204, 4},{14365, 3},{3781, 16},{2702, 7},{2694, 7},{9396, 7},{23665, 10},{13631, 8},
{4948, 3},{20213, 7},{1193, 7},{20202, 1},{7672, 10},{8204, 4},{14970, 17},{3781, 16},{3781, 16},{8204, 4},
{7672, 10},{14681, 1},{19458, 17},{19668, 3},{13434, 7},{26325, 8},{1685, 10},{4730, 3},{5120, 13},{25428, 9},
{21166, 8},{26346, 9},{24294, 5},{3781, 16},{1143, 2},{24699, 17},{26347, 9},{9968, 12},{8283, 10},{25420, 9},
{4734, 8},{23665, 10},{9797, 7},{9789, 3},{1530, 4},{20151, 7},{5640, 17},{9801, 7},{3781, 16},{12332, 1},
{7672, 10},{22278, 8},{25314, 4},{25273, 10},{24388, 7},{24389, 7},{533, 17},{3781, 16},{25314, 4},{24383, 7},
{9278, 7},{1774, 8},{25273, 10},{14308, 1},{3781, 16},{16143, 7},{22584, 17},{22292, 8},{25273, 10},{8130, 7},
{25314, 4},{4712, 7},{3781, 16},{21932, 17},{22291, 8},{4706, 7},{3781, 16},{6323, 17},{16146, 7},{25273, 10},
{25314, 4},{3781, 16},{8131, 7},{22290, 8},{6313, 1},{25273, 10},{8126, 7},{2075, 17},{25314, 4},{16145, 7},
{8129, 7},{1904, 7},{25314, 4},{8811, 17},{22289, 8},{8135, 7},{3781, 16},{25273, 10},{9278, 7},{22304, 7},
{25617, 17},{1808, 8},{4707, 7},{8129, 7},{25273, 10},{16144, 7},{3781, 16},{25314, 4},{17291, 17},{3781, 16},
{22287, 8},{25273, 10},{8132, 7},{25314, 4},{22309, 7},{4707, 7},{24386, 7},{16146, 7},{25314, 4},{4706, 7},
{8126, 7},{22286, 8},{25273, 10},{3781, 16},{18752, 17},{25273, 10},{25314, 4},{16146, 7},{5076, 17},{22285, 8},
{24384, 7},{4706, 7},{3781, 16},{24383, 7},{18766, 8},{4424, 10},{24566, 15},{4424, 10},{721, 15},{14724, 15},
{18767, 8},{24566, 15},{8645, 15},{4424, 10},{13616, 15},{18764, 8},{24566, 15},{13617, 15},{24566, 15},{18765, 8},
{4424, 10},{4424, 10},{21101, 15},{24566, 15},{18762, 8},{4731, 8},{23665, 10},{3268, 3},{7672, 10},{15453, 1},
{15771, 7},{1530, 4},{434, 7},{25381, 17},{3781, 16},{1685, 10},{18762, 8},{4424, 10},{22322, 15},{1685, 10},
{21727, 15},{18763, 8},{18378, 15},{22322, 15},{4424, 10},{22327, 1},{3781, 16},{1953, 7},{7672, 10},{21364, 8},
{23665, 10},{15905, 3},{12253, 4},{18279, 7},{1335, 17},{13013, 8},{4424, 10},{18791, 15},{4424, 10},{18791, 15},
{13014, 8},{12733, 15},{4424, 10},{13015, 8},{25953, 15},{18791, 15},{3168, 15},{18791, 15},{4424, 10},{13535, 15},
{13016, 8},{13017, 8},{4424, 10},{18791, 15},{4424, 10},{643, 15},{18791, 15},{13018, 8},{634, 15},{13019, 8},
{4424, 10},{8769, 15},{18791, 15},{18791, 15},{12737, 15},{13020, 8},{4424, 10},{12253, 4},{16909, 7},{3781, 16},
{22396, 0},{24024, 7},{22218, 3},{7672, 10},{9767, 8},{2624, 1},{10168, 17},{1223, 10},{4424, 10},{13013, 8},
{12328, 15},{13014, 8},{12328, 15},{4424, 10},{7244, 15},{12328, 15},{13019, 8},{4424, 10},{4084, 15},{12328, 15},
{13020, 8},{4424, 10},{4424, 10},{12328, 15},{13017, 8},{12253, 4},{3733, 3},{4532, 8},{24028, 7},{7672, 10},
{5612, 17},{3781, 16},{19139, 1},{24012, 7},{25273, 10},{5136, 7},{3781, 16},{1745, 7},{14314, 17},{19954, 4},
{25612, 7},{8075, 7},{20518, 8},{20517, 8},{1735, 7},{16799, 17},{5138, 7},{3781, 16},{25615, 7},{19954, 4},
{25273, 10},{1685, 10},{8072, 7},{5131, 7},{12061, 7},{25273, 10},{16100, 17},{20522, 8},{3781, 16},{12066, 7},
{19954, 4},{1740, 7},{25273, 10},{23191, 17},{20521, 8},{19954, 4},{3781, 16},{12063, 7},{5138, 7},{22708, 7},
{25273, 10},{14727, 17},{19954, 4},{3781, 16},{20520, 8},{12060, 7},{1739, 7},{8072, 7},{17327, 8},{3781, 16},
{25273, 10},{1743, 7},{25614, 7},{13208, 17},{19954, 4},{3781, 16},{17347, 17},{20526, 8},{25273, 10},{12519, 1},
{19954, 4},{1738, 7},{5131, 7},{3781, 16},{3865, 17},{19954, 4},{12462, 8},{25273, 10},{5136, 7},{5134, 7},
{1735, 7},{1742, 7},{3781, 16},{25735, 17},{8076, 7},{20524, 8},{1738, 7},{25273, 10},{25605, 7},{19954, 4},
{1685, 10},{1685, 10},{16142, 7},{24381, 7},{2357, 8},{25314, 4},{16141, 7},{3781, 16},{16731, 17},{16149, 7},
{25273, 10},{25273, 10},{3781, 16},{4038, 17},{4707, 7},{25314, 4},{4711, 7},{2345, 8},{11436, 17},{22308, 7},
{25273, 10},{25314, 4},{22303, 7},{24384, 7},{16145, 7},{3781, 16},{10211, 8},{25314, 4},{7980, 8},{3781, 16},
{16149, 7},{2736, 17},{25273, 10},{16145, 7},{25314, 4},{14706, 17},{4707, 7},{3781, 16},{25273, 10},{24381, 7},
{2418, 8},{8130, 7},{3781, 16},{4714, 7},{24388, 7},{10281, 8},{25314, 4},{25273, 10},{20988, 17},{25314, 4},
{4709, 7},{24389, 7},{2448, 8},{14978, 17},{24385, 7},{3781, 16},{25273, 10},{16141, 7},{25314, 4},{3781, 16},
{4713, 7},{25273, 10},{8130, 7},{17413, 17},{2435, 8},{25539, 17},{25273, 10},{24389, 7},{8133, 7},{17524, 8},
{25314, 4},{16150, 7},{16141, 7},{3781, 16},{21684, 17},{25273, 10},{24386, 7},{16145, 7},{3781, 16},{11747, 8},
{25314, 4},{23072, 8},{7149, 7},{5505, 7},{12477, 7},{25273, 10},{15448, 1},{3781, 16},{1530, 4},{22981, 17},
{23071, 8},{8086, 17},{1530, 4},{25222, 7},{5503, 7},{26021, 7},{19295, 7},{25273, 10},{3781, 16},{3934, 17},
{25273, 10},{7370, 7},{1530, 4},{3781, 16},{23074, 8},{9568, 7},{2473, 10},{17391, 8},{12232, 4},{15460, 8},
{25273, 10},{6316, 7},{19927, 7},{19924, 7},{11863, 17},{5531, 7},{3781, 16},{3729, 17},{12232, 4},{13689, 8},
{12508, 7},{12504, 7},{25273, 10},{3781, 16},{7369, 7},{12232, 4},{12507, 7},{19418, 17},{3781, 16},{5527, 7},
{15469, 8},{14309, 7},{19923, 7},{25273, 10},{5023, 1},{3781, 16},{15470, 8},{25273, 10},{11774, 7},{16373, 17},
{19931, 7},{12232, 4},{15467, 8},{25273, 10},{3781, 16},{12232, 4},{15654, 17},{7364, 7},{7362, 7},{12507, 7},
{3781, 16},{15468, 8},{12232, 4},{7367, 7},{14305, 7},{5022, 1},{15835, 17},{25273, 10},{15465, 8},{7364, 7},
{25273, 10},{24702, 17},{12232, 4},{3781, 16},{12503, 7},{6165, 8},{12232, 4},{3781, 16},{25273, 10},{11777, 7},
{6293, 7},{6019, 17},{19928, 7},{25273, 10},{12232, 4},{7475, 7},{17566, 17},{15463, 8},{8149, 1},{3781, 16},
{1688, 17},{7368, 7},{12232, 4},{15464, 8},{19925, 7},{3781, 16},{11778, 7},{25273, 10},{20722, 15},{18767, 8},
{4424, 10},{18766, 8},{8835, 15},{20722, 15},{4424, 10},{15718, 15},{18765, 8},{20368, 15},{20722, 15},{4424, 10},
{20722, 15},{2111, 15},{4424, 10},{18764, 8},{10892, 15},{18763, 8},{20722, 15},{4424, 10},{20722, 15},{4424, 10},
{18762, 8},{20722, 15},{18818, 15},{4424, 10},{15686, 8},{8204, 4},{4733, 8},{13499, 3},{13431, 1},{22886, 17},
{3781, 16},{7672, 10},{22342, 7},{9390, 7},{6692, 8},{6668, 15},{20371, 15},{4424, 10},{20722, 15},{6690, 8},
{20722, 15},{4424, 10},{1685, 10},{1685, 10},{1685, 10},{22500, 15},{18762, 8},{4424, 10},{22909, 15},{4424, 10},
{13017, 8},{10923, 15},{2011, 15},{20198, 15},{9434, 8},{4424, 10},{22909, 15},{9545, 15},{15686, 8},{4424, 10},
{22909, 15},{15611, 15},{13014, 8},{20198, 15},{4424, 10},{1354, 7},{6380, 1},{25273, 10},{11025, 17},{24752, 4},
{3781, 16},{18956, 7},{11747, 8},{13016, 8},{4424, 10},{1571, 15},{20198, 15},{4424, 10},{13015, 8},{20198, 15},
{6930, 7},{2418, 8},{5110, 7},{1354, 7},{25273, 10},{5102, 7},{2907, 17},{24752, 4},{3781, 16},{25273, 10},
{12029, 7},{12027, 7},{290, 17},{3781, 16},{24752, 4},{10281, 8},{18950, 7},{7276, 17},{3781, 16},{2448, 8},
{1359, 7},{18949, 7},{24752, 4},{25273, 10},{18953, 7},{2435, 8},{3781, 16},{25273, 10},{24752, 4},{13054, 17},
{6928, 7},{24676, 15},{22909, 15},{23558, 15},{9830, 15},{4424, 10},{6690, 8},{4424, 10},{22909, 15},{6692, 8},
{5568, 15},{6923, 7},{25273, 10},{24752, 4},{12025, 7},{10211, 8},{3781, 16},{26369, 17},{6927, 7},{24752, 4},
{3781, 16},{10645, 17},{7980, 8},{25273, 10},{18954, 7},{4424, 10},{13015, 8},{14308, 15},{22652, 7},{3781, 16},
{7817, 7},{14847, 17},{15066, 4},{402, 7},{14856, 7},{9282, 8},{25273, 10},{7819, 7},{25273, 10},{9283, 8},
{21226, 7},{7499, 17},{22649, 7},{24570, 1},{15066, 4},{3781, 16},{3781, 16},{2653, 7},{7269, 1},{7821, 7},
{9290, 8},{2658, 7},{15066, 4},{8557, 7},{15256, 17},{25273, 10},{14792, 17},{15852, 7},{3781, 16},{402, 7},
{26039, 8},{15066, 4},{7819, 7},{25273, 10},{26061, 17},{15066, 4},{25273, 10},{14868, 7},{2658, 7},{9288, 8},
{20088, 7},{3781, 16},{24571, 1},{15859, 7},{7819, 7},{25273, 10},{15857, 7},{7821, 7},{15066, 4},{3781, 16},
{9289, 8},{10874, 17},{9286, 8},{15858, 7},{3781, 16},{19135, 17},{25273, 10},{15066, 4},{22646, 7},{9287, 8},
{25273, 10},{22647, 7},{2661, 7},{1027, 17},{15066, 4},{3781, 16},{7821, 7},{22644, 7},{9284, 8},{4145, 17},
{15066, 4},{3781, 16},{21226, 7},{8563, 7},{25273, 10},{3781, 16},{9285, 8},{10516, 17},{15066, 4},{22652, 7},
{22646, 7},{25273, 10},{8557, 7},{24886, 8},{4424, 10},{7277, 15},{5744, 17},{16846, 8},{9127, 1},{3781, 16},
{17612, 4},{23385, 7},{7672, 10},{23665, 10},{6255, 7},{13294, 3},{4195, 7},{14701, 3},{1778, 17},{3781, 16},
{23665, 10},{7577, 8},{9844, 7},{25314, 4},{7672, 10},{14308, 1},{1685, 10},{16146, 0},{3781, 16},{7583, 8},
{24537, 7},{25314, 4},{7672, 10},{15612, 3},{26088, 7},{4373, 1},{2491, 17},{1223, 10},{7672, 10},{3781, 16},
{25817, 3},{19370, 17},{23665, 10},{19346, 7},{7582, 8},{25314, 4},{4196, 7},{26087, 7},{3155, 1},{1685, 10},
{4424, 10},{8365, 15},{6690, 8},{20090, 15},{4424, 10},{8365, 15},{6692, 8},{17265, 15},{18765, 8},{4424, 10},
{17265, 15},{4424, 10},{18764, 8},{9434, 8},{4424, 10},{8365, 15},{17265, 15},{18766, 8},{4424, 10},{18766, 8},
{4424, 10},{8365, 15},{4424, 10},{8365, 15},{18767, 8},{17265, 15},{3914, 15},{4424, 10},{18763, 8},{18765, 8},
{8365, 15},{4424, 10},{13320, 15},{18783, 15},{13013, 8},{4424, 10},{8772, 15},{16992, 15},{13503, 15},{681, 15},
{19289, 15},{4424, 10},{16991, 15},{18766, 8},{17612, 4},{856, 7},{17748, 17},{17726, 8},{20554, 7},{3781, 16},
{14509, 7},{25273, 10},{861, 7},{852, 7},{8106, 7},{20554, 7},{1698, 17},{17612, 4},{21405, 8},{3781, 16},
{25273, 10},{8108, 7},{14508, 7},{25273, 10},{24025, 17},{17754, 8},{17612, 4},{3781, 16},{20546, 7},{17612, 4},
{25273, 10},{20545, 7},{3781, 16},{466, 8},{852, 7},{6406, 17},{17612, 4},{14507, 7},{8107, 7},{9127, 1},
{17776, 8},{26362, 17},{25273, 10},{3781, 16},{17790, 8},{14511, 7},{857, 7},{3781, 16},{17612, 4},{15095, 17},
{25273, 10},{20550, 7},{3781, 16},{17612, 4},{25273, 10},{8104, 7},{17793, 8},{20554, 7},{15420, 17},{3781, 16},
{6856, 7},{17612, 4},{858, 7},{861, 7},{25273, 10},{17807, 8},{20543, 7},{300, 17},{25273, 10},{8509, 8},
{8105, 7},{20550, 7},{3781, 16},{17749, 17},{17612, 4},{2422, 17},{6857, 7},{6854, 7},{3781, 16},{25273, 10},
{17612, 4},{20543, 7},{855, 7},{8510, 8},{4424, 10},{9140, 15},{6692, 8},{9140, 15},{6690, 8},{4424, 10},
{4424, 10},{9140, 15},{15686, 8},{9434, 8},{9140, 15},{4424, 10},{18763, 8},{4424, 10},{9140, 15},{4424, 10},
{9140, 15},{18762, 8},{3171, 15},{18765, 8},{2067, 15},{4424, 10},{25952, 15},{6619, 15},{9140, 15},{4424, 10},
{2061, 15},{9140, 15},{18764, 8},{4424, 10},{9140, 15},{8778, 15},{18767, 8},{6620, 15},{12729, 15},{18766, 8},
{4424, 10},{9140, 15},{25273, 10},{7817, 7},{21019, 8},{22647, 7},{612, 17},{3781, 16},{15066, 4},{15859, 7},
{22651, 7},{7821, 7},{12776, 17},{2642, 7},{3781, 16},{25273, 10},{22651, 7},{15066, 4},{16653, 8},{3781, 16},
{2653, 7},{15066, 4},{15853, 7},{16656, 8},{8543, 17},{25273, 10},{20202, 15},{4424, 10},{2011, 15},{13013, 8},
{3239, 15},{15066, 4},{3781, 16},{16654, 8},{20248, 17},{8560, 7},{25273, 10},{15859, 7},{15066, 4},{25273, 10},
{8565, 7},{5047, 7},{2089, 17},{16655, 8},{3781, 16},{16660, 8},{25273, 10},{15066, 4},{3781, 16},{16104, 17},
{14851, 7},{14856, 7},{25273, 10},{16661, 8},{3781, 16},{24731, 17},{22646, 7},{22648, 7},{15066, 4},{2658, 7},
{3781, 16},{25273, 10},{8556, 7},{17461, 17},{8560, 7},{15066, 4},{16658, 8},{8703, 15},{20202, 15},{10929, 15},
{13019, 8},{21645, 15},{4424, 10},{4424, 10},{6692, 8},{902, 15},{902, 15},{4424, 10},{6690, 8},{4424, 10},
{18767, 8},{879, 15},{902, 15},{18766, 8},{902, 15},{4424, 10},{18765, 8},{4424, 10},{902, 15},{902, 15},
{18764, 8},{4424, 10},{3638, 15},{18763, 8},{902, 15},{4424, 10},{3913, 15},{4424, 10},{22950, 15},{18762, 8},
{902, 15},{4424, 10},{15686, 8},{902, 15},{4424, 10},{902, 15},{9434, 8},{7279, 17},{25273, 10},{852, 7},
{3781, 16},{17612, 4},{14515, 7},{20520, 8},{4424, 10},{18781, 15},{25954, 15},{18764, 8},{11774, 7},{25589, 17},
{3781, 16},{7361, 7},{25273, 10},{12503, 7},{7614, 8},{8154, 1},{12232, 4},{14305, 7},{3836, 17},{11779, 7},
{3781, 16},{7369, 7},{25273, 10},{12232, 4},{7615, 8},{20407, 1},{3781, 16},{7612, 8},{12232, 4},{6300, 7},
{7365, 7},{25273, 10},{16584, 17},{14302, 7},{3781, 16},{12614, 7},{7613, 8},{25273, 10},{12506, 7},{14319, 17},
{19924, 7},{12232, 4},{11791, 17},{5528, 7},{3781, 16},{25273, 10},{7610, 8},{12505, 7},{12232, 4},{11772, 7},
{7361, 7},{12232, 4},{25273, 10},{3781, 16},{13950, 8},{12502, 7},{7365, 7},{1119, 17},{5023, 1},{5528, 7},
{12232, 4},{25273, 10},{8834, 17},{3781, 16},{7608, 8},{7365, 7},{19925, 7},{7609, 8},{12232, 4},{5528, 7},
{19925, 7},{7364, 7},{25273, 10},{12885, 17},{3781, 16},{12232, 4},{6293, 7},{25273, 10},{7617, 8},{3781, 16},
{20741, 17},{11777, 7},{11782, 7},{5525, 7},{19923, 7},{5024, 1},{25273, 10},{12232, 4},{12504, 7},{7618, 8},
{3781, 16},{20728, 17},{12508, 7},{18763, 8},{4424, 10},{15449, 15},{15449, 15},{4424, 10},{18762, 8},{11322, 15},
{4424, 10},{15686, 8},{15449, 15},{9434, 8},{11669, 15},{4424, 10},{15449, 15},{4424, 10},{15449, 15},{18767, 8},
{18766, 8},{15449, 15},{4424, 10},{18765, 8},{15449, 15},{8263, 15},{4424, 10},{18764, 8},{4424, 10},{15449, 15},
{15449, 15},{11317, 15},{4424, 10},{6692, 8},{15449, 15},{4424, 10},{6690, 8},{4424, 10},{1429, 15},{18764, 8},
{4424, 10},{6692, 8},{13503, 15},{22804, 15},{13016, 8},{17850, 15},{4424, 10},{18767, 8},{4424, 10},{1429, 15},
{7679, 15},{13014, 8},{22804, 15},{4424, 10},{4424, 10},{13474, 15},{22804, 15},{13013, 8},{4424, 10},{22804, 15},
{598, 15},{21396, 15},{13020, 8},{4424, 10},{13019, 8},{22804, 15},{22804, 15},{4424, 10},{13018, 8},{22804, 15},
{13017, 8},{4424, 10},{11673, 15},{4424, 10},{15448, 15},{18766, 8},{22804, 15},{24886, 8},{586, 15},{4424, 10},
{14670, 15},{10587, 15},{4424, 10},{22804, 15},{24884, 8},{15448, 15},{4424, 10},{18767, 8},{18450, 15},{15861, 7},
{4800, 8},{991, 17},{15859, 7},{3781, 16},{7821, 7},{25273, 10},{15066, 4},{17443, 17},{15421, 8},{22651, 7},
{401, 7},{3781, 16},{25273, 10},{22649, 7},{15066, 4},{4798, 8},{14868, 7},{21249, 7},{25273, 10},{3781, 16},
{15066, 4},{4445, 17},{4799, 8},{25273, 10},{2653, 7},{7826, 7},{3781, 16},{15066, 4},{14621, 17},{1685, 10},
{16776, 17},{6924, 7},{8048, 7},{24752, 4},{2984, 8},{12028, 7},{3781, 16},{25273, 10},{3781, 16},{25273, 10},
{9853, 17},{24752, 4},{6921, 7},{2983, 8},{12024, 7},{3781, 16},{5036, 8},{21181, 7},{18871, 17},{10576, 4},
{4129, 1},{23665, 10},{14421, 7},{23754, 3},{20039, 7},{7672, 10},{6925, 7},{25273, 10},{2986, 8},{14252, 7},
{24752, 4},{3781, 16},{6409, 17},{6241, 17},{9560, 1},{25273, 10},{9549, 8},{1143, 4},{19580, 7},{19577, 7},
{3781, 16},{5849, 7},{3781, 16},{14258, 7},{24752, 4},{14252, 7},{8435, 17},{2980, 8},{25273, 10},{14254, 7},
{7003, 7},{19578, 7},{25273, 10},{1143, 4},{3781, 16},{22005, 8},{9556, 1},{10098, 7},{16462, 17},{6690, 8},
{18781, 15},{4424, 10},{18953, 7},{9933, 17},{2982, 8},{12026, 7},{3781, 16},{24752, 4},{12025, 7},{25273, 10},
{14251, 7},{3781, 16},{10093, 7},{10095, 7},{3594, 8},{1143, 4},{7339, 17},{25273, 10},{7007, 7},{19586, 7},
{1470, 7},{3815, 3},{5044, 8},{7672, 10},{7486, 7},{14422, 7},{10576, 4},{24086, 17},{3781, 16},{25118, 1},
{23665, 10},{18553, 8},{3552, 17},{10097, 7},{25273, 10},{7012, 7},{1143, 4},{3781, 16},{26344, 7},{3781, 16},
{14254, 7},{6927, 7},{5370, 8},{25273, 10},{14976, 17},{24752, 4},{5107, 7},{907, 8},{14256, 7},{25273, 10},
{6385, 1},{24752, 4},{24952, 17},{3781, 16},{12031, 7},{12024, 7},{18951, 7},{8820, 17},{917, 8},{12029, 7},
{25273, 10},{3781, 16},{12025, 7},{24752, 4},{24752, 4},{5107, 7},{916, 8},{14253, 7},{3781, 16},{25273, 10},
{10417, 17},{14257, 7},{3781, 16},{8048, 7},{24752, 4},{731, 17},{6924, 7},{16985, 7},{25273, 10},{5397, 8},
{24752, 4},{15800, 7},{25273, 10},{6931, 7},{25919, 17},{3781, 16},{8048, 7},{6923, 7},{914, 8},{12023, 7},
{913, 8},{25273, 10},{24752, 4},{9316, 17},{3781, 16},{12028, 7},{912, 8},{18960, 7},{12031, 7},{5245, 17},
{3781, 16},{24752, 4},{25273, 10},{18954, 7},{5108, 7},{25273, 10},{24752, 4},{3781, 16},{911, 8},{1880, 17},
{14256, 7},{1363, 7},{25273, 10},{24752, 4},{3781, 16},{22225, 17},{910, 8},{18959, 7},{1359, 7},{3781, 16},
{18525, 7},{13175, 4},{13416, 17},{25273, 10},{21066, 7},{21409, 8},{25268, 7},{25273, 10},{9725, 17},{22802, 7},
{18527, 7},{3781, 16},{21410, 8},{13175, 4},{18528, 7},{16461, 17},{25266, 7},{18523, 7},{22802, 7},{13175, 4},
{3781, 16},{25273, 10},{9342, 1},{10743, 8},{11763, 7},{22170, 7},{25273, 10},{13175, 4},{20653, 7},{3781, 16},
{10763, 8},{9927, 17},{21068, 7},{3781, 16},{11764, 7},{11277, 17},{18523, 7},{10711, 8},{13175, 4},{25273, 10},
{13175, 4},{18522, 7},{10731, 8},{3781, 16},{22801, 7},{25273, 10},{1368, 17},{22795, 7},{22798, 7},{13175, 4},
{22793, 7},{18788, 1},{3781, 16},{22158, 7},{25273, 10},{22792, 7},{22818, 8},{19205, 17},{13175, 4},{22821, 8},
{25256, 7},{25273, 10},{25269, 7},{11764, 7},{3781, 16},{21623, 17},{10772, 8},{25273, 10},{20660, 7},{22792, 7},
{19983, 17},{3781, 16},{13175, 4},{25262, 7},{18788, 1},{25265, 7},{22798, 7},{10065, 17},{18524, 7},{22802, 7},
{11760, 7},{3781, 16},{13175, 4},{22815, 8},{25273, 10},{18766, 8},{6383, 15},{4424, 10},{18767, 8},{4424, 10},
{17849, 15},{600, 15},{6383, 15},{4424, 10},{18764, 8},{6383, 15},{4424, 10},{18765, 8},{13483, 15},{6383, 15},
{1685, 10},{6383, 15},{18763, 8},{4424, 10},{3781, 16},{10127, 7},{10730, 8},{25273, 10},{15779, 17},{26371, 7},
{5429, 7},{8204, 4},{25132, 7},{13018, 8},{5020, 15},{25300, 15},{4424, 10},{11944, 8},{3781, 16},{19601, 7},
{13430, 1},{8204, 4},{25273, 10},{5431, 7},{10125, 7},{12527, 17},{25273, 10},{11942, 8},{3781, 16},{19602, 7},
{1197, 1},{14415, 17},{8204, 4},{16902, 7},{3781, 16},{16907, 7},{11746, 7},{8204, 4},{9220, 17},{10726, 8},
{25136, 7},{25273, 10},{8226, 7},{10725, 8},{8204, 4},{3781, 16},{15187, 17},{16903, 7},{25273, 10},{8226, 7},
{10724, 8},{25273, 10},{8718, 17},{3781, 16},{5428, 7},{8204, 4},{18790, 17},{25273, 10},{10723, 8},{10127, 7},
{23526, 7},{8204, 4},{3781, 16},{5429, 7},{25134, 7},{11722, 7},{26371, 7},{3781, 16},{11936, 8},{8204, 4},
{23519, 7},{25131, 7},{25273, 10},{15814, 17},{8169, 17},{11746, 7},{8204, 4},{23519, 7},{11933, 8},{25273, 10},
{3781, 16},{7188, 1},{5244, 17},{20518, 8},{25273, 10},{20543, 7},{14513, 7},{17612, 4},{3781, 16},{17776, 8},
{16284, 7},{19848, 7},{6761, 17},{3781, 16},{12253, 4},{14182, 7},{25273, 10},{19854, 7},{12253, 4},{22396, 7},
{25273, 10},{11898, 17},{16286, 7},{3781, 16},{3267, 7},{17790, 8},{7251, 7},{12607, 17},{3781, 16},{25273, 10},
{17793, 8},{12253, 4},{7249, 7},{7245, 7},{17807, 8},{3517, 17},{2761, 7},{3781, 16},{12253, 4},{14174, 7},
{7252, 7},{25273, 10},{25273, 10},{7247, 7},{22391, 7},{12253, 4},{20880, 1},{3270, 7},{17726, 8},{3267, 7},
{21038, 17},{3781, 16},{19854, 7},{21405, 8},{3781, 16},{12253, 4},{3271, 7},{25273, 10},{4607, 17},{7249, 7},
{14175, 7},{25273, 10},{15595, 17},{12253, 4},{14183, 7},{22396, 7},{17754, 8},{3781, 16},{3266, 7},{11229, 17},
{25273, 10},{12253, 4},{7241, 7},{466, 8},{3781, 16},{14174, 7},{12253, 4},{25273, 10},{13776, 17},{8509, 8},
{3781, 16},{22394, 7},{19849, 7},{7251, 7},{25620, 17},{3781, 16},{8510, 8},{7252, 7},{25273, 10},{12253, 4},
{7249, 7},{9434, 8},{17263, 15},{4424, 10},{22950, 15},{8364, 15},{18765, 8},{1541, 15},{4424, 10},{16897, 7},
{3400, 8},{3781, 16},{8204, 4},{927, 17},{10128, 7},{25273, 10},{1685, 10},{1685, 10},{1685, 10},{8575, 15},
{7216, 15},{6690, 8},{4424, 10},{8364, 15},{15844, 15},{539, 7},{25273, 10},{23230, 8},{24405, 17},{20241, 7},
{3781, 16},{8688, 7},{23975, 4},{6690, 8},{7195, 15},{4424, 10},{20687, 15},{7187, 17},{20238, 7},{7157, 7},
{7615, 8},{23975, 4},{7160, 7},{3781, 16},{25273, 10},{7004, 7},{17197, 17},{19581, 7},{5370, 8},{25273, 10},
{3781, 16},{10094, 7},{26344, 7},{1143, 4},{21848, 17},{5850, 7},{7009, 7},{1143, 4},{25273, 10},{26344, 7},
{7004, 7},{18543, 8},{3781, 16},{25273, 10},{7158, 7},{23536, 8},{21179, 17},{23975, 4},{7157, 7},{16262, 7},
{8689, 7},{3781, 16},{25273, 10},{5650, 17},{8685, 7},{23232, 8},{20239, 7},{8688, 7},{8689, 7},{3781, 16},
{23061, 1},{23975, 4},{8103, 7},{3781, 16},{25273, 10},{16660, 8},{12850, 17},{17612, 4},{7543, 7},{1685, 10},
{3781, 16},{911, 8},{7009, 7},{18793, 17},{1143, 4},{7012, 7},{26338, 7},{25273, 10},{7003, 7},{16661, 8},
{3781, 16},{17612, 4},{25273, 10},{857, 7},{14414, 17},{14509, 7},{6858, 7},{25273, 10},{26344, 7},{910, 8},
{19580, 7},{1143, 4},{3781, 16},{10035, 17},{7004, 7},{7003, 7},{3781, 16},{1143, 4},{5844, 7},{913, 8},
{25273, 10},{11586, 17},{20716, 1},{10088, 7},{7002, 7},{912, 8},{3781, 16},{7936, 17},{1143, 4},{3320, 7},
{5850, 7},{25273, 10},{1685, 10},{16257, 7},{25273, 10},{8594, 17},{3781, 16},{539, 7},{16261, 7},{7608, 8},
{23975, 4},{7012, 7},{3781, 16},{19577, 7},{25273, 10},{5397, 8},{1143, 4},{20991, 17},{9055, 8},{20234, 7},
{25273, 10},{7160, 7},{7159, 7},{3781, 16},{10536, 17},{23975, 4},{18784, 15},{4424, 10},{18767, 8},{25273, 10},
{14303, 7},{19925, 7},{3781, 16},{958, 17},{12232, 4},{19598, 8},{12614, 7},{18784, 15},{18765, 8},{22841, 15},
{4424, 10},{18784, 15},{4424, 10},{2060, 15},{18764, 8},{18763, 8},{18784, 15},{4424, 10},{18784, 15},{18762, 8},
{4424, 10},{4424, 10},{18784, 15},{15686, 8},{18784, 15},{9434, 8},{4424, 10},{18784, 15},{6692, 8},{4424, 10},
{4424, 10},{6690, 8},{18784, 15},{19505, 17},{1143, 4},{25273, 10},{7006, 7},{916, 8},{19578, 7},{3781, 16},
{3781, 16},{2777, 17},{25273, 10},{23975, 4},{13950, 8},{541, 7},{8685, 7},{8689, 7},{7163, 7},{7161, 7},
{14653, 17},{23975, 4},{8689, 7},{25273, 10},{7610, 8},{3781, 16},{544, 7},{535, 7},{14982, 17},{23975, 4},
{3781, 16},{23236, 8},{20234, 7},{7164, 7},{25273, 10},{23937, 15},{24498, 15},{4424, 10},{18767, 8},{23853, 15},
{4424, 10},{18764, 8},{23937, 15},{4424, 10},{11086, 15},{16995, 15},{13018, 8},{7379, 15},{4424, 10},{11086, 15},
{13017, 8},{11086, 15},{4424, 10},{13020, 8},{18765, 8},{23937, 15},{4424, 10},{13013, 8},{4424, 10},{11086, 15},
{21999, 17},{3781, 16},{19604, 7},{8204, 4},{10121, 7},{25273, 10},{5434, 7},{23220, 8},{2473, 10},{4830, 8},
{22332, 15},{4424, 10},{13013, 8},{19077, 15},{13014, 8},{4424, 10},{22332, 15},{18039, 15},{12371, 15},{13017, 8},
{22332, 15},{4424, 10},{4424, 10},{18245, 15},{21248, 15},{13018, 8},{22332, 15},{22332, 15},{4424, 10},{13019, 8},
{4424, 10},{22332, 15},{13020, 8},{1685, 10},{9508, 8},{2473, 10},{2182, 17},{11819, 8},{19529, 1},{25273, 10},
{10393, 7},{4309, 7},{3781, 16},{23441, 4},{17155, 7},{3781, 16},{20464, 17},{23441, 4},{11566, 7},{11816, 8},
{25273, 10},{19625, 8},{25273, 10},{3040, 17},{4312, 7},{23977, 7},{23441, 4},{4311, 7},{23978, 7},{3781, 16},
{25854, 17},{23977, 7},{25273, 10},{23984, 7},{11118, 7},{3781, 16},{19624, 8},{11567, 7},{23441, 4},{10391, 7},
{16322, 17},{11565, 7},{25273, 10},{11117, 7},{10398, 7},{23441, 4},{19627, 8},{3781, 16},{23441, 4},{10396, 7},
{22356, 17},{25273, 10},{26230, 1},{10399, 7},{3781, 16},{23984, 7},{19626, 8},{11837, 17},{19629, 8},{3781, 16},
{17154, 7},{23986, 7},{25273, 10},{23441, 4},{26227, 1},{11567, 7},{11115, 7},{11573, 7},{23980, 7},{4312, 7},
{23441, 4},{4309, 7},{19628, 8},{4580, 17},{25273, 10},{3781, 16},{23441, 4},{18550, 17},{10391, 7},{13462, 8},
{25273, 10},{11117, 7},{11119, 7},{3781, 16},{10396, 7},{11572, 7},{25273, 10},{3781, 16},{5139, 17},{11869, 8},
{17151, 7},{23441, 4},{11117, 7},{1685, 10},{7420, 17},{6923, 7},{24752, 4},{25273, 10},{3781, 16},{6383, 1},
{18953, 7},{4342, 8},{5103, 7},{6928, 7},{24752, 4},{4341, 8},{14250, 7},{25273, 10},{1876, 17},{3781, 16},
{4352, 8},{8047, 7},{3781, 16},{24752, 4},{23892, 17},{25273, 10},{5104, 7},{5107, 7},{25273, 10},{24752, 4},
{14250, 7},{4351, 8},{3781, 16},{14258, 7},{19574, 17},{6924, 7},{3781, 16},{20773, 17},{25273, 10},{1360, 7},
{24752, 4},{18954, 7},{4350, 8},{4349, 8},{25273, 10},{1358, 7},{3444, 17},{3781, 16},{24752, 4},{18955, 7},
{25273, 10},{18952, 7},{14257, 7},{10713, 17},{18950, 7},{3781, 16},{16053, 7},{4348, 8},{24752, 4},{5105, 7},
{24752, 4},{25273, 10},{4347, 8},{1354, 7},{4815, 17},{3781, 16},{14251, 7},{5102, 7},{4346, 8},{25273, 10},
{5109, 7},{3781, 16},{12022, 7},{11930, 17},{24752, 4},{15800, 7},{14250, 7},{12028, 7},{8227, 7},{20394, 17},
{14253, 7},{24752, 4},{14258, 7},{4345, 8},{3781, 16},{25273, 10},{19075, 15},{5094, 15},{4424, 10},{18764, 8},
{21582, 15},{5094, 15},{18766, 8},{21248, 15},{4424, 10},{5094, 15},{18767, 8},{4424, 10},{1685, 10},{13205, 8},
{3781, 16},{20592, 7},{8142, 17},{7685, 7},{25273, 10},{7694, 7},{14661, 7},{10576, 4},{12429, 7},{3781, 16},
{25273, 10},{1707, 17},{7685, 7},{10576, 4},{5454, 7},{16700, 8},{7692, 7},{5450, 7},{16457, 8},{3781, 16},
{10576, 4},{10142, 17},{7694, 7},{25273, 10},{25273, 10},{3781, 16},{10679, 7},{13258, 8},{10576, 4},{12900, 7},
{14660, 7},{22998, 17},{5452, 7},{13169, 8},{7685, 7},{3781, 16},{10660, 7},{10576, 4},{25171, 7},{12868, 7},
{18380, 17},{25273, 10},{12916, 7},{25273, 10},{14661, 7},{10576, 4},{19229, 1},{12429, 7},{12857, 7},{3781, 16},
{13178, 8},{8232, 17},{7693, 7},{5450, 7},{3781, 16},{24894, 17},{10576, 4},{25273, 10},{20593, 7},{807, 8},
{8383, 17},{3781, 16},{10576, 4},{12430, 7},{25173, 7},{25273, 10},{12429, 7},{812, 8},{10576, 4},{3781, 16},
{12868, 7},{25273, 10},{7688, 7},{22130, 8},{14660, 7},{20844, 17},{22131, 8},{3781, 16},{7995, 17},{10640, 7},
{10576, 4},{12429, 7},{25273, 10},{23665, 10},{12232, 4},{7672, 10},{8146, 1},{3781, 16},{24341, 8},{25408, 7},
{12807, 3},{19729, 17},{11918, 7},{6030, 17},{7672, 10},{19355, 1},{6293, 0},{3781, 16},{474, 3},{12232, 4},
{1223, 10},{24342, 8},{3781, 16},{18660, 7},{16428, 1},{7672, 10},{12232, 4},{8085, 17},{7432, 3},{14170, 8},
{7775, 17},{8151, 1},{4998, 7},{12232, 4},{25404, 7},{3781, 16},{21601, 3},{24340, 8},{25400, 7},{7672, 10},
{24337, 8},{5681, 7},{12232, 4},{5018, 1},{5682, 7},{3781, 16},{18663, 7},{4996, 17},{7672, 10},{25819, 3},
{7672, 10},{5024, 1},{3781, 16},{14836, 17},{25400, 7},{24338, 8},{12232, 4},{13531, 3},{24335, 8},{18658, 7},
{3781, 16},{20539, 17},{18656, 7},{12232, 4},{8150, 1},{22854, 3},{7672, 10},{2323, 3},{7672, 10},{18657, 7},
{3781, 16},{5024, 1},{12232, 4},{24336, 8},{23878, 17},{8153, 1},{23665, 10},{18655, 7},{24258, 17},{12232, 4},
{5033, 3},{24344, 8},{7672, 10},{11915, 7},{11917, 7},{3781, 16},{9305, 7},{18740, 3},{24345, 8},{10358, 17},
{3781, 16},{12232, 4},{7672, 10},{23665, 10},{11921, 7},{26146, 1},{1685, 10},{4424, 10},{13015, 8},{22803, 15},
{13013, 8},{4424, 10},{22803, 15},{589, 15},{13014, 8},{4424, 10},{19486, 15},{22803, 15},{3702, 15},{598, 15},
{14670, 15},{20273, 15},{22803, 15},{4424, 10},{13019, 8},{14670, 15},{16007, 15},{22803, 15},{13020, 8},{4424, 10},
{22803, 15},{13017, 8},{4424, 10},{4424, 10},{22803, 15},{13018, 8},{4424, 10},{15448, 15},{6690, 8},{11411, 8},
{2473, 10},{6220, 8},{2473, 10},{6219, 8},{2473, 10},{11383, 8},{2473, 10},{2473, 10},{6217, 8},{1685, 10},
{6215, 8},{2473, 10},{2473, 10},{6214, 8},{6213, 8},{2473, 10},{2473, 10},{6212, 8},{19506, 17},{3781, 16},
{15857, 7},{15066, 4},{22291, 8},{25273, 10},{2653, 7},{3447, 1},{15066, 4},{14861, 7},{11306, 17},{3781, 16},
{22648, 7},{22292, 8},{25273, 10},{23110, 17},{22289, 8},{7817, 7},{3781, 16},{25273, 10},{7819, 7},{15066, 4},
{22290, 8},{8556, 7},{15066, 4},{4623, 17},{8563, 7},{8561, 7},{25273, 10},{2656, 7},{3781, 16},{15066, 4},
{7756, 17},{15855, 7},{25273, 10},{3781, 16},{8562, 7},{22287, 8},{15066, 4},{25273, 10},{3781, 16},{22646, 7},
{24572, 1},{25664, 17},{1808, 8},{15852, 7},{20088, 7},{15448, 15},{18089, 15},{6692, 8},{4424, 10},{15066, 4},
{15806, 17},{8564, 7},{15859, 7},{8565, 7},{25273, 10},{22286, 8},{3781, 16},{15862, 7},{2642, 7},{3781, 16},
{15066, 4},{1774, 8},{25273, 10},{14868, 7},{9613, 17},{15852, 7},{7817, 7},{15861, 7},{25273, 10},{14856, 7},
{22278, 8},{3781, 16},{9526, 17},{22646, 7},{15066, 4},{8564, 7},{14181, 9},{14182, 9},{13949, 13},{12253, 2},
{24027, 9},{9097, 8},{11904, 9},{8283, 10},{24294, 5},{12283, 17},{3781, 16},{8913, 12},{9051, 3},{12253, 2},
{20171, 5},{9098, 8},{3781, 16},{7561, 3},{8283, 10},{14184, 9},{24028, 9},{14462, 13},{4278, 17},{14183, 9},
{5239, 12},{9093, 8},{8283, 10},{3781, 16},{12350, 5},{12253, 2},{23173, 3},{3065, 9},{8755, 12},{20033, 17},
{19856, 9},{11273, 13},{9094, 8},{18083, 9},{3781, 16},{8283, 10},{14178, 9},{1867, 3},{12253, 2},{19857, 9},
{24303, 5},{5051, 13},{8238, 12},{18082, 9},{1047, 17},{1685, 10},{3781, 16},{9096, 8},{24301, 5},{19684, 17},
{12209, 12},{12253, 2},{8283, 10},{17583, 3},{11895, 9},{14179, 9},{14180, 9},{9335, 13},{3075, 9},{15813, 17},
{24301, 5},{19849, 9},{8283, 10},{17460, 3},{20287, 13},{23109, 12},{12253, 2},{9089, 8},{19848, 9},{3781, 16},
{19851, 9},{25979, 3},{8283, 10},{12253, 2},{3073, 9},{3781, 16},{15537, 17},{25751, 12},{19850, 9},{20105, 13},
{20171, 5},{9090, 8},{5124, 3},{19853, 9},{17231, 13},{8283, 10},{8152, 12},{18188, 5},{19852, 9},{22159, 17},
{12253, 2},{9091, 8},{3781, 16},{3072, 9},{8283, 10},{3070, 9},{1381, 12},{5041, 13},{12253, 2},{19855, 9},
{12350, 5},{19854, 9},{9092, 8},{23761, 17},{7421, 3},{3781, 16},{25126, 10},{13577, 8},{13576, 8},{25126, 10},
{13579, 8},{25126, 10},{25126, 10},{13578, 8},{25126, 10},{13581, 8},{25126, 10},{13580, 8},{13583, 8},{25126, 10},
{25126, 10},{12855, 8},{25126, 10},{13585, 8},{25126, 10},{13584, 8},{15272, 4},{3781, 16},{3891, 8},{16456, 7},
{10854, 7},{25273, 10},{22379, 17},{3892, 8},{3781, 16},{3767, 7},{902, 1},{15272, 4},{25273, 10},{464, 17},
{10840, 7},{17358, 7},{25273, 10},{23461, 7},{3781, 16},{3889, 8},{3769, 7},{15272, 4},{17795, 17},{17357, 7},
{896, 1},{5991, 17},{3890, 8},{17359, 7},{15272, 4},{3781, 16},{20616, 7},{10547, 7},{25273, 10},{3781, 16},
{19894, 7},{23784, 8},{13471, 17},{25273, 10},{17356, 7},{15272, 4},{25273, 10},{3772, 7},{3773, 7},{10552, 7},
{8118, 17},{15272, 4},{23785, 8},{3781, 16},{3781, 16},{15272, 4},{25273, 10},{17359, 7},{3893, 8},{10550, 7},
{25969, 17},{212, 17},{3774, 7},{16449, 7},{25273, 10},{3781, 16},{3894, 8},{15272, 4},{17357, 7},{16456, 7},
{8094, 17},{23745, 8},{15272, 4},{17358, 7},{25273, 10},{3781, 16},{906, 1},{25273, 10},{3772, 7},{17351, 7},
{11951, 17},{3781, 16},{17816, 7},{15272, 4},{10857, 7},{23747, 8},{13697, 8},{24752, 4},{3781, 16},{25273, 10},
{8227, 7},{12029, 7},{1366, 17},{7672, 10},{14593, 8},{13432, 1},{19409, 3},{15566, 7},{9200, 7},{8204, 4},
{3781, 16},{22342, 7},{6330, 17},{13438, 1},{20215, 7},{14592, 8},{8204, 4},{25202, 3},{7672, 10},{23665, 10},
{24339, 17},{20209, 7},{3781, 16},{3781, 16},{8204, 4},{14686, 1},{20191, 3},{14589, 8},{2701, 7},{7672, 10},
{15435, 17},{13729, 3},{15573, 7},{9389, 7},{17873, 17},{14588, 8},{20201, 1},{7672, 10},{3781, 16},{23665, 10},
{8204, 4},{12771, 17},{20214, 7},{6065, 3},{3781, 16},{8204, 4},{15569, 7},{7672, 10},{14687, 1},{14587, 8},
{3781, 16},{1198, 7},{16016, 3},{2700, 7},{20201, 1},{8439, 17},{7672, 10},{14586, 8},{8204, 4},{2698, 7},
{3815, 3},{3781, 16},{1195, 7},{14585, 8},{8204, 4},{14683, 1},{12345, 17},{7672, 10},{3781, 16},{23665, 10},
{8204, 4},{22337, 7},{16436, 3},{9280, 17},{7672, 10},{1192, 7},{20199, 1},{14584, 8},{1223, 10},{14583, 8},
{8204, 4},{3781, 16},{7672, 10},{14679, 1},{24711, 17},{25131, 0},{9197, 7},{1867, 3},{7672, 10},{20201, 1},
{8204, 4},{15573, 7},{14582, 8},{3781, 16},{14323, 17},{25136, 0},{8233, 3},{1223, 10},{5449, 17},{24752, 4},
{15800, 7},{13695, 8},{14257, 7},{3781, 16},{18960, 7},{25273, 10},{18792, 15},{24886, 8},{4424, 10},{6624, 15},
{8504, 8},{5005, 9},{12503, 9},{17047, 17},{12500, 9},{25548, 3},{3781, 16},{687, 12},{15323, 10},{25033, 13},
{12232, 2},{5006, 9},{5003, 9},{12502, 9},{7177, 12},{12232, 2},{10697, 13},{5004, 9},{16436, 3},{19407, 17},
{3754, 8},{3781, 16},{15323, 10},{2768, 8},{2473, 10},{2769, 8},{2473, 10},{3781, 16},{4997, 9},{5772, 3},
{21852, 12},{3919, 13},{5687, 17},{13502, 8},{5000, 9},{15323, 10},{12509, 9},{12232, 2},{12232, 2},{12508, 9},
{24951, 3},{8462, 8},{15323, 10},{5111, 13},{15798, 17},{3781, 16},{4998, 9},{16070, 12},{2473, 10},{2774, 8},
{2473, 10},{2775, 8},{2776, 8},{2473, 10},{2473, 10},{16695, 8},{2473, 10},{2770, 8},{2771, 8},{2473, 10},
{2772, 8},{2473, 10},{2773, 8},{2473, 10},{6858, 7},{10482, 17},{855, 7},{3781, 16},{16654, 8},{25273, 10},
{17612, 4},{4424, 10},{13013, 8},{13540, 15},{18792, 15},{25273, 10},{17612, 4},{8104, 7},{3781, 16},{859, 7},
{7465, 17},{8101, 7},{16656, 8},{14514, 7},{16657, 8},{25273, 10},{6857, 7},{17612, 4},{3781, 16},{15006, 17},
{25239, 1},{1561, 17},{3781, 16},{8105, 7},{852, 7},{17612, 4},{6858, 7},{20549, 7},{16658, 8},{25273, 10},
{3781, 16},{16659, 8},{11204, 17},{25273, 10},{854, 7},{855, 7},{17612, 4},{14507, 7},{6850, 7},{25273, 10},
{3781, 16},{16906, 7},{8204, 4},{795, 17},{10275, 8},{10120, 7},{11722, 7},{10274, 8},{18827, 17},{10123, 7},
{25136, 7},{8204, 4},{5429, 7},{25273, 10},{3781, 16},{1685, 10},{5430, 7},{5435, 7},{25133, 7},{10273, 8},
{21358, 17},{3781, 16},{25136, 7},{8204, 4},{25273, 10},{5425, 7},{3781, 16},{8204, 4},{10272, 8},{5431, 7},
{1476, 17},{25273, 10},{26371, 7},{8204, 4},{9937, 17},{5434, 7},{11722, 7},{25273, 10},{25139, 7},{3781, 16},
{10271, 8},{16900, 7},{2974, 17},{25273, 10},{16906, 7},{8960, 8},{8204, 4},{3781, 16},{14686, 1},{8204, 4},
{297, 17},{3781, 16},{10269, 8},{11719, 7},{23527, 7},{25273, 10},{16898, 7},{16906, 7},{3781, 16},{8204, 4},
{16907, 7},{25273, 10},{14163, 17},{10268, 8},{14684, 1},{26371, 7},{3781, 16},{25137, 7},{8204, 4},{25273, 10},
{23527, 7},{10732, 17},{16902, 7},{10267, 8},{8226, 7},{10266, 8},{25273, 10},{25130, 7},{3781, 16},{8204, 4},
{10519, 17},{15066, 4},{8565, 7},{15861, 7},{14151, 8},{9041, 7},{25273, 10},{3781, 16},{24918, 17},{8557, 7},
{20085, 7},{3781, 16},{25273, 10},{14152, 8},{23294, 17},{15066, 4},{14033, 17},{25273, 10},{11564, 7},{23441, 4},
{17147, 7},{3781, 16},{2716, 8},{10502, 17},{5047, 7},{7269, 1},{25273, 10},{22652, 7},{20088, 7},{15066, 4},
{3781, 16},{14146, 8},{3327, 17},{15066, 4},{3840, 7},{25273, 10},{22644, 7},{3781, 16},{14861, 7},{14147, 8},
{14144, 8},{7272, 1},{15066, 4},{7819, 7},{18183, 17},{8556, 7},{15861, 7},{20085, 7},{25273, 10},{3781, 16},
{15862, 7},{3781, 16},{3545, 17},{25273, 10},{5461, 8},{8556, 7},{15066, 4},{14868, 7},{15066, 4},{402, 7},
{25273, 10},{3781, 16},{13131, 17},{14142, 8},{7816, 7},{14143, 8},{4104, 17},{14854, 7},{25273, 10},{15066, 4},
{3781, 16},{8563, 7},{22644, 7},{25273, 10},{2661, 7},{3781, 16},{14140, 8},{15066, 4},{23442, 17},{2656, 7},
{3453, 1},{25273, 10},{14141, 8},{3781, 16},{15066, 4},{22648, 7},{18888, 17},{15852, 7},{21230, 7},{1360, 7},
{18951, 7},{25273, 10},{5101, 7},{4119, 1},{13694, 8},{3781, 16},{21296, 17},{24752, 4},{15337, 8},{13175, 4},
{22792, 7},{3781, 16},{21069, 7},{25273, 10},{18522, 7},{13862, 17},{1685, 10},{1685, 10},{12063, 7},{10331, 17},
{25273, 10},{23228, 8},{3781, 16},{25616, 7},{19954, 4},{16744, 1},{1848, 3},{7672, 10},{3781, 16},{17579, 17},
{13033, 7},{22276, 8},{1143, 4},{1143, 4},{12643, 7},{7672, 10},{20715, 1},{3781, 16},{22275, 8},{7474, 3},
{13182, 17},{8898, 17},{2481, 7},{7672, 10},{3781, 16},{2484, 7},{1727, 8},{1143, 4},{25422, 7},{2463, 1},
{16734, 3},{1143, 4},{3781, 16},{20667, 17},{13418, 3},{19583, 0},{1223, 10},{5702, 7},{9554, 1},{22267, 8},
{7672, 10},{22270, 8},{18683, 7},{2462, 1},{25423, 7},{7672, 10},{16211, 3},{1143, 4},{25420, 7},{3781, 16},
{7416, 17},{2487, 7},{1143, 4},{1223, 10},{22269, 8},{7672, 10},{3781, 16},{9404, 3},{19753, 17},{26342, 0},
{9558, 1},{3781, 16},{1177, 17},{7672, 10},{22272, 8},{9558, 1},{11546, 3},{1143, 4},{5699, 7},{3781, 16},
{12369, 3},{25419, 7},{20712, 1},{25427, 7},{23665, 10},{1730, 8},{3482, 17},{1143, 4},{7672, 10},{5697, 7},
{1223, 10},{16862, 3},{20624, 7},{3781, 16},{2466, 1},{7672, 10},{19584, 0},{1143, 4},{1733, 8},{23434, 17},
{25428, 7},{12645, 7},{22273, 8},{2488, 7},{3781, 16},{1143, 4},{7672, 10},{20712, 1},{7428, 3},{12627, 17},
{13577, 8},{25126, 10},{13541, 15},{6692, 8},{9134, 15},{12737, 15},{4424, 10},{6690, 8},{4424, 10},{9134, 15},
{9134, 15},{18767, 8},{4424, 10},{9134, 15},{18766, 8},{4424, 10},{4424, 10},{9134, 15},{18765, 8},{2065, 15},
{4424, 10},{18764, 8},{9134, 15},{4424, 10},{6627, 15},{18763, 8},{9134, 15},{12735, 15},{4424, 10},{9134, 15},
{18762, 8},{5054, 15},{4424, 10},{13535, 15},{16042, 15},{9134, 15},{15686, 8},{9134, 15},{4424, 10},{9434, 8},
{7484, 7},{7095, 1},{21187, 7},{5460, 0},{10576, 4},{6917, 7},{19188, 3},{14243, 17},{1223, 10},{7672, 10},
{24973, 8},{3781, 16},{16652, 3},{7490, 7},{4133, 1},{3781, 16},{20593, 0},{10576, 4},{7672, 10},{21180, 7},
{2170, 7},{24974, 8},{24128, 17},{1223, 10},{4132, 1},{10576, 4},{19195, 7},{24975, 8},{23587, 3},{21186, 7},
{3781, 16},{26286, 17},{7672, 10},{21180, 7},{1469, 7},{22820, 17},{24976, 8},{1223, 10},{3781, 16},{7672, 10},
{10576, 4},{14662, 0},{18155, 3},{22911, 1},{16087, 17},{2168, 7},{10576, 4},{7096, 1},{3781, 16},{23665, 10},
{24969, 8},{7672, 10},{13164, 3},{24970, 8},{23665, 10},{10576, 4},{3781, 16},{7672, 10},{7098, 1},{2173, 7},
{15796, 17},{20037, 7},{15414, 3},{22305, 3},{3781, 16},{24971, 8},{10576, 4},{7672, 10},{25119, 1},{2168, 7},
{12015, 17},{21186, 7},{7672, 10},{10576, 4},{9335, 3},{7091, 1},{12387, 17},{3781, 16},{2172, 7},{18210, 8},
{13583, 8},{25126, 10},{24977, 8},{25116, 1},{7672, 10},{954, 17},{10576, 4},{11705, 3},{14420, 7},{21185, 7},
{3781, 16},{25121, 1},{7672, 10},{20042, 7},{2666, 3},{11926, 17},{23665, 10},{10576, 4},{3781, 16},{20040, 7},
{2166, 7},{24978, 8},{26339, 7},{3781, 16},{5845, 7},{7012, 7},{21410, 8},{20048, 17},{3317, 7},{25273, 10},
{1143, 4},{25273, 10},{19582, 7},{1143, 4},{5843, 7},{16266, 17},{3781, 16},{9551, 1},{21409, 8},{1143, 4},
{3781, 16},{10731, 8},{25273, 10},{26346, 7},{10097, 7},{7002, 7},{12071, 17},{7005, 7},{10711, 8},{19586, 7},
{3781, 16},{1143, 4},{26347, 7},{25273, 10},{14809, 17},{3781, 16},{1143, 4},{5850, 7},{3319, 7},{25273, 10},
{5845, 7},{10763, 8},{9555, 1},{7003, 7},{21806, 17},{26338, 7},{25273, 10},{3317, 7},{3781, 16},{10743, 8},
{1562, 17},{1143, 4},{10088, 7},{7012, 7},{1143, 4},{25273, 10},{22815, 8},{7009, 7},{3781, 16},{5840, 7},
{563, 17},{3781, 16},{10098, 7},{26342, 7},{10772, 8},{25273, 10},{24374, 17},{19579, 7},{26339, 7},{1143, 4},
{25273, 10},{5846, 7},{3781, 16},{5843, 7},{8903, 17},{7013, 7},{10093, 7},{22821, 8},{1143, 4},{2466, 1},
{1143, 4},{26347, 7},{25273, 10},{26162, 17},{5845, 7},{7007, 7},{22818, 8},{3781, 16},{3781, 16},{17612, 4},
{4222, 17},{20989, 3},{25232, 1},{16547, 7},{7672, 10},{21364, 8},{11767, 7},{25273, 10},{16457, 8},{23859, 17},
{25266, 7},{22797, 7},{3781, 16},{13175, 4},{14051, 15},{21244, 15},{13018, 8},{15903, 15},{4424, 10},{25269, 7},
{3781, 16},{13205, 8},{13175, 4},{19806, 7},{18529, 7},{22800, 7},{25273, 10},{23297, 17},{15903, 15},{4424, 10},
{13020, 8},{15903, 15},{13013, 8},{4424, 10},{3781, 16},{22796, 7},{13175, 4},{25273, 10},{19806, 7},{8237, 17},
{11762, 7},{812, 8},{15903, 15},{13015, 8},{4424, 10},{25273, 10},{18424, 17},{3781, 16},{13178, 8},{18528, 7},
{21069, 7},{13175, 4},{4424, 10},{24884, 8},{15903, 15},{24886, 8},{21582, 15},{21251, 15},{12269, 15},{4424, 10},
{15903, 15},{16764, 15},{22130, 8},{3781, 16},{11769, 7},{11767, 7},{18524, 7},{9137, 1},{18527, 7},{4761, 17},
{13175, 4},{25273, 10},{22801, 7},{22131, 8},{25273, 10},{13175, 4},{3781, 16},{17362, 17},{22170, 7},{22796, 7},
{1685, 10},{1685, 10},{9288, 8},{14177, 7},{25273, 10},{3781, 16},{12253, 4},{22397, 7},{22545, 17},{16284, 7},
{5053, 17},{22392, 7},{9289, 8},{7245, 7},{12253, 4},{25273, 10},{22393, 7},{3781, 16},{2629, 1},{25273, 10},
{19848, 7},{3781, 16},{19852, 7},{9290, 8},{19350, 17},{12253, 4},{19850, 7},{19855, 7},{25273, 10},{12253, 4},
{25943, 17},{2759, 7},{3781, 16},{7245, 7},{26039, 8},{3781, 16},{9284, 8},{14175, 7},{22391, 7},{12253, 4},
{2763, 7},{25273, 10},{8505, 17},{24590, 17},{7249, 7},{3781, 16},{3273, 7},{9285, 8},{12253, 4},{25273, 10},
{7252, 7},{12253, 4},{25273, 10},{3781, 16},{16284, 7},{22388, 7},{23482, 17},{9286, 8},{3781, 16},{12253, 4},
{2764, 7},{14182, 7},{9287, 8},{22392, 7},{18989, 17},{25273, 10},{25273, 10},{7251, 7},{3781, 16},{12253, 4},
{3277, 7},{8461, 17},{9282, 8},{3276, 7},{19855, 7},{12823, 17},{9283, 8},{25273, 10},{2755, 7},{3781, 16},
{12253, 4},{1685, 10},{25126, 10},{6593, 8},{18766, 8},{4424, 10},{1446, 15},{18767, 8},{1446, 15},{4424, 10},
{18764, 8},{4424, 10},{17215, 15},{1446, 15},{1446, 15},{22946, 15},{4424, 10},{18765, 8},{11053, 15},{18762, 8},
{4424, 10},{1446, 15},{18763, 8},{1446, 15},{4424, 10},{9434, 8},{1446, 15},{4424, 10},{4360, 15},{1446, 15},
{4424, 10},{15686, 8},{4424, 10},{6690, 8},{1446, 15},{22945, 15},{1446, 15},{4424, 10},{6692, 8},{1685, 10},
{24429, 17},{7688, 7},{2981, 8},{3781, 16},{25273, 10},{10576, 4},{12428, 7},{4134, 1},{5453, 7},{7976, 15},
{18763, 8},{4424, 10},{19305, 15},{1685, 10},{7976, 15},{10952, 15},{4424, 10},{18765, 8},{3767, 7},{18317, 17},
{15272, 4},{899, 1},{17358, 7},{14637, 8},{10549, 7},{3781, 16},{25273, 10},{20178, 17},{17356, 7},{15272, 4},
{3781, 16},{896, 1},{17357, 7},{14638, 8},{23462, 7},{25273, 10},{23458, 7},{10547, 7},{10549, 7},{23463, 7},
{14631, 8},{15272, 4},{3781, 16},{25273, 10},{25727, 17},{25273, 10},{10840, 7},{1968, 17},{3781, 16},{10854, 7},
{14632, 8},{15272, 4},{20561, 7},{3781, 16},{15272, 4},{10550, 7},{10551, 7},{14629, 8},{25984, 17},{3769, 7},
{25273, 10},{25273, 10},{15272, 4},{3781, 16},{14630, 8},{3708, 17},{10549, 7},{10854, 7},{25273, 10},{20623, 7},
{20504, 17},{3781, 16},{15272, 4},{10854, 7},{14635, 8},{15272, 4},{23464, 7},{325, 17},{14636, 8},{10552, 7},
{3781, 16},{17357, 7},{25273, 10},{3781, 16},{15272, 4},{20480, 17},{1448, 1},{3770, 7},{23465, 7},{10857, 7},
{25273, 10},{14633, 8},{3781, 16},{25750, 17},{3766, 7},{15272, 4},{14634, 8},{3772, 7},{25273, 10},{16455, 7},
{901, 1},{1685, 10},{1685, 10},{4424, 10},{4117, 15},{13014, 8},{4093, 15},{4424, 10},{13013, 8},{4117, 15},
{13020, 8},{21393, 15},{7684, 15},{4117, 15},{4424, 10},{4424, 10},{7678, 15},{4117, 15},{10589, 15},{13019, 8},
{591, 15},{7675, 15},{4117, 15},{20274, 15},{13018, 8},{4424, 10},{4424, 10},{4117, 15},{13017, 8},{1685, 10},
{1685, 10},{4045, 15},{12677, 15},{8614, 15},{13013, 8},{4424, 10},{8605, 15},{13014, 8},{12677, 15},{4424, 10},
{13017, 8},{4424, 10},{12677, 15},{13018, 8},{4424, 10},{15476, 15},{12677, 15},{3664, 8},{2473, 10},{4424, 10},
{13020, 8},{12677, 15},{2473, 10},{3657, 8},{2473, 10},{3658, 8},{3655, 8},{2473, 10},{3656, 8},{2473, 10},
{2473, 10},{3661, 8},{2473, 10},{3662, 8},{2473, 10},{3659, 8},{3660, 8},{2473, 10},{1685, 10},{15400, 17},
{1530, 4},{9579, 7},{22818, 8},{25273, 10},{12329, 1},{3781, 16},{5509, 7},{13578, 8},{25126, 10},{25126, 10},
{13579, 8},{13576, 8},{25126, 10},{25126, 10},{13577, 8},{12855, 8},{25126, 10},{25126, 10},{13583, 8},{13580, 8},
{25126, 10},{25126, 10},{13581, 8},{1685, 10},{18523, 7},{25273, 10},{3781, 16},{14010, 17},{11764, 7},{21019, 8},
{13175, 4},{18522, 7},{16653, 8},{22172, 17},{25273, 10},{3781, 16},{25263, 7},{13175, 4},{22800, 7},{18527, 7},
{16660, 8},{3781, 16},{11158, 17},{13175, 4},{25273, 10},{22170, 7},{21066, 7},{11760, 7},{16661, 8},{25273, 10},
{3781, 16},{16287, 17},{11761, 7},{13175, 4},{25268, 7},{13175, 4},{25273, 10},{21066, 7},{3781, 16},{22439, 17},
{16658, 8},{24178, 17},{22797, 7},{3781, 16},{25273, 10},{25265, 7},{20653, 7},{16659, 8},{13175, 4},{18529, 7},
{15699, 17},{25273, 10},{25267, 7},{25268, 7},{3781, 16},{22796, 7},{11766, 7},{16656, 8},{13175, 4},{13175, 4},
{22796, 7},{25273, 10},{16657, 8},{3781, 16},{18759, 17},{22793, 7},{6981, 17},{22793, 7},{22799, 7},{16654, 8},
{20660, 7},{20658, 7},{18791, 1},{3781, 16},{13175, 4},{25273, 10},{4965, 17},{21069, 7},{13175, 4},{3781, 16},
{21068, 7},{16655, 8},{25273, 10},{4213, 15},{1939, 15},{8619, 15},{20396, 15},{25298, 15},{4424, 10},{1410, 15},
{13015, 8},{4424, 10},{20396, 15},{13014, 8},{8859, 15},{4424, 10},{20396, 15},{13013, 8},{13020, 8},{4424, 10},
{20396, 15},{20396, 15},{4424, 10},{13019, 8},{4424, 10},{13018, 8},{20396, 15},{19965, 15},{13017, 8},{4424, 10},
{20396, 15},{4424, 10},{872, 15},{18764, 8},{1685, 10},{2473, 10},{4830, 8},{9454, 15},{8568, 15},{4424, 10},
{13018, 8},{9454, 15},{13017, 8},{4424, 10},{21216, 15},{4424, 10},{9454, 15},{13020, 8},{9703, 15},{9454, 15},
{13019, 8},{4424, 10},{398, 15},{1538, 15},{9454, 15},{4424, 10},{13320, 15},{13014, 8},{9454, 15},{13013, 8},
{4424, 10},{9454, 15},{20082, 15},{14858, 15},{13016, 8},{4424, 10},{4424, 10},{13015, 8},{9454, 15},{20084, 15},
{25126, 10},{13829, 8},{1685, 10},{4424, 10},{18249, 15},{9415, 15},{13019, 8},{13020, 8},{19075, 15},{9415, 15},
{4424, 10},{9415, 15},{4424, 10},{21705, 15},{13017, 8},{21583, 15},{4424, 10},{9415, 15},{13018, 8},{16765, 15},
{9459, 15},{9706, 15},{4424, 10},{13013, 8},{4424, 10},{13014, 8},{9459, 15},{4424, 10},{9459, 15},{13019, 8},
{9459, 15},{13020, 8},{4424, 10},{4424, 10},{9459, 15},{13017, 8},{4424, 10},{13018, 8},{9459, 15},{18960, 7},
{19756, 8},{24752, 4},{8048, 7},{25273, 10},{3781, 16},{21207, 17},{24752, 4},{14252, 7},{6923, 7},{17301, 8},
{8048, 7},{25273, 10},{10251, 17},{3781, 16},{14250, 7},{6928, 7},{18952, 7},{1375, 8},{17894, 17},{6922, 7},
{24752, 4},{25273, 10},{3781, 16},{3781, 16},{1059, 8},{22576, 17},{24752, 4},{22806, 1},{25273, 10},{5109, 7},
{6922, 7},{8048, 7},{3781, 16},{1357, 7},{24752, 4},{6384, 1},{18955, 7},{5105, 7},{15800, 7},{14058, 17},
{26441, 8},{25273, 10},{12031, 7},{14258, 7},{24752, 4},{7673, 17},{26440, 8},{25273, 10},{1359, 7},{3781, 16},
{25273, 10},{3781, 16},{5107, 7},{12031, 7},{24752, 4},{1360, 7},{14254, 7},{19680, 8},{22216, 17},{14255, 7},
{3781, 16},{24752, 4},{1358, 7},{8921, 17},{25028, 1},{26438, 8},{12025, 7},{25273, 10},{14251, 7},{19813, 8},
{3781, 16},{24752, 4},{7978, 17},{1358, 7},{25273, 10},{18950, 7},{22806, 1},{25273, 10},{17710, 8},{24752, 4},
{6922, 7},{1357, 7},{3781, 16},{6719, 17},{4424, 10},{18764, 8},{20714, 15},{20714, 15},{4424, 10},{3210, 15},
{18765, 8},{20714, 15},{18766, 8},{4424, 10},{4424, 10},{18767, 8},{20714, 15},{4424, 10},{20714, 15},{13596, 15},
{9434, 8},{15686, 8},{4424, 10},{20714, 15},{18762, 8},{20714, 15},{4424, 10},{9893, 15},{18763, 8},{20714, 15},
{4424, 10},{6690, 8},{4424, 10},{20714, 15},{4424, 10},{13590, 15},{15718, 15},{20714, 15},{6692, 8},{1685, 10},
{9284, 8},{25273, 10},{3781, 16},{20548, 7},{18619, 17},{17612, 4},{8107, 7},{15591, 17},{3156, 1},{25314, 4},
{23236, 8},{4710, 7},{24384, 7},{3781, 16},{4709, 7},{25273, 10},{7540, 7},{25273, 10},{9286, 8},{20550, 7},
{7543, 7},{17612, 4},{14712, 17},{3781, 16},{25239, 1},{859, 7},{4710, 7},{3781, 16},{25273, 10},{24950, 17},
{24384, 7},{25314, 4},{1904, 7},{7306, 8},{7542, 7},{9288, 8},{17612, 4},{3781, 16},{15801, 17},{14509, 7},
{8102, 7},{25273, 10},{23232, 8},{3781, 16},{25273, 10},{24385, 7},{19444, 17},{4708, 7},{25314, 4},{4706, 7},
{14472, 17},{6854, 7},{25273, 10},{17612, 4},{9290, 8},{3781, 16},{6855, 7},{14511, 7},{16140, 7},{22304, 7},
{10708, 17},{3781, 16},{25314, 4},{23230, 8},{22308, 7},{25273, 10},{3153, 1},{22307, 7},{3781, 16},{22303, 7},
{22301, 7},{25314, 4},{25273, 10},{23229, 8},{24387, 7},{19699, 17},{4711, 7},{24389, 7},{23228, 8},{25273, 10},
{16145, 7},{16721, 17},{3781, 16},{25314, 4},{3705, 17},{7542, 7},{6853, 7},{25273, 10},{9282, 8},{8102, 7},
{17612, 4},{3781, 16},{6853, 7},{3781, 16},{25273, 10},{20544, 7},{14514, 7},{17612, 4},{9283, 8},{18758, 17},
{25126, 10},{6594, 8},{4599, 17},{14511, 7},{14515, 7},{18547, 8},{25273, 10},{3781, 16},{8108, 7},{17612, 4},
{25126, 10},{13831, 8},{2473, 10},{6220, 8},{2473, 10},{11411, 8},{8101, 7},{8099, 7},{3781, 16},{17612, 4},
{8108, 7},{18548, 8},{25273, 10},{10236, 17},{20549, 7},{2473, 10},{6214, 8},{2473, 10},{6215, 8},{6212, 8},
{2473, 10},{2473, 10},{6213, 8},{11383, 8},{2473, 10},{6219, 8},{2473, 10},{2473, 10},{6216, 8},{6217, 8},
{2473, 10},{17928, 5},{6764, 10},{26395, 9},{5772, 13},{10951, 3},{18956, 9},{13418, 12},{18955, 9},{1003, 8},
{24752, 2},{3781, 16},{26394, 9},{5426, 17},{24752, 2},{26392, 9},{20168, 5},{16894, 3},{19232, 13},{1000, 8},
{1889, 17},{18954, 9},{26393, 9},{6764, 10},{3781, 16},{18953, 9},{18755, 12},{18951, 9},{6764, 10},{4507, 8},
{21741, 12},{24752, 2},{0, 13},{24752, 6},{26397, 9},{2036, 5},{671, 17},{18638, 3},{3781, 16},{18952, 9},
{26131, 3},{6764, 10},{24752, 2},{3781, 16},{26396, 9},{18950, 9},{16137, 12},{17656, 13},{18949, 9},{3479, 17},
{4506, 8},{20166, 5},{26400, 9},{24752, 2},{7550, 13},{16985, 9},{16692, 3},{8227, 9},{19836, 12},{6764, 10},
{13122, 17},{18218, 5},{4501, 8},{3781, 16},{26399, 9},{26398, 9},{22674, 12},{24752, 2},{7763, 13},{6764, 10},
{18960, 9},{19509, 17},{3781, 16},{4500, 8},{20167, 5},{16135, 3},{18959, 9},{3781, 16},{1528, 12},{1358, 9},
{1357, 9},{25676, 9},{4503, 8},{21109, 17},{14984, 13},{24752, 2},{6764, 10},{20162, 5},{15014, 3},{13129, 13},
{4502, 8},{1363, 9},{12209, 12},{26401, 9},{10691, 17},{1364, 9},{24752, 2},{15055, 3},{3781, 16},{6764, 10},
{25675, 9},{2037, 5},{12807, 3},{2028, 5},{17455, 12},{25673, 9},{19165, 17},{24752, 2},{23921, 13},{1017, 8},
{1360, 9},{25674, 9},{6764, 10},{3781, 16},{12253, 4},{14184, 7},{19854, 7},{25273, 10},{3275, 7},{3781, 16},
{13845, 17},{2979, 8},{23441, 4},{10394, 7},{23979, 7},{3781, 16},{17619, 8},{10393, 7},{25273, 10},{14516, 17},
{10391, 7},{25273, 10},{17618, 8},{3781, 16},{4148, 17},{4311, 7},{23441, 4},{23980, 7},{26223, 1},{4307, 7},
{24750, 17},{3267, 7},{2982, 8},{25273, 10},{3781, 16},{2760, 7},{7251, 7},{12253, 4},{17624, 8},{25273, 10},
{23441, 4},{3781, 16},{11115, 7},{26230, 1},{18718, 17},{23978, 7},{14182, 7},{12253, 4},{25273, 10},{2989, 17},
{2984, 8},{3781, 16},{2762, 7},{25126, 10},{19496, 8},{3781, 16},{7247, 7},{13106, 17},{25273, 10},{3271, 7},
{12253, 4},{2985, 8},{22397, 7},{3275, 7},{2091, 17},{3781, 16},{1748, 8},{10937, 7},{21685, 3},{13175, 4},
{11448, 7},{3932, 1},{7672, 10},{11441, 7},{7463, 3},{21041, 17},{3781, 16},{13175, 4},{9135, 1},{7672, 10},
{1749, 8},{3926, 1},{24615, 3},{1752, 8},{3781, 16},{17418, 17},{24278, 7},{7672, 10},{13175, 4},{12557, 3},
{7672, 10},{23665, 10},{4992, 17},{10938, 7},{3926, 1},{3781, 16},{13175, 4},{13707, 7},{1753, 8},{25263, 0},
{11446, 7},{1750, 8},{1223, 10},{25145, 17},{3781, 16},{13175, 4},{7672, 10},{1867, 3},{9342, 1},{3459, 7},
{3781, 16},{7672, 10},{18788, 1},{20254, 17},{1751, 8},{13175, 4},{8113, 3},{25831, 7},{3942, 17},{9136, 1},
{19608, 3},{13175, 4},{1756, 8},{3781, 16},{7672, 10},{3460, 7},{1685, 10},{12401, 3},{13175, 4},{23665, 10},
{3460, 7},{3926, 1},{1310, 17},{7672, 10},{1754, 8},{3781, 16},{12070, 7},{13175, 4},{14173, 17},{3781, 16},
{1755, 8},{7672, 10},{9141, 1},{16, 3},{1223, 10},{20658, 0},{24276, 7},{25273, 10},{6930, 7},{9052, 8},
{24752, 4},{3781, 16},{8047, 7},{16663, 17},{5101, 7},{1538, 15},{6690, 8},{6279, 15},{4424, 10},{1545, 15},
{6692, 8},{6279, 15},{4424, 10},{1685, 10},{1685, 10},{18765, 8},{4424, 10},{6279, 15},{14858, 15},{6279, 15},
{4424, 10},{18766, 8},{18767, 8},{6279, 15},{4424, 10},{9434, 8},{6279, 15},{15580, 15},{4424, 10},{15686, 8},
{4424, 10},{6279, 15},{18762, 8},{20089, 15},{13316, 15},{6279, 15},{4424, 10},{1685, 10},{10098, 7},{19780, 17},
{25273, 10},{17754, 8},{26346, 7},{19581, 7},{26342, 7},{1143, 4},{3781, 16},{12060, 7},{25273, 10},{5862, 17},
{3781, 16},{19954, 4},{5136, 7},{1735, 7},{2988, 8},{2987, 8},{9780, 17},{12061, 7},{22708, 7},{3781, 16},
{8080, 7},{25273, 10},{19954, 4},{5132, 7},{3781, 16},{15253, 17},{8076, 7},{19954, 4},{25273, 10},{2980, 8},
{2979, 8},{12066, 7},{5132, 7},{3781, 16},{19954, 4},{10814, 17},{12065, 7},{25273, 10},{19954, 4},{25273, 10},
{625, 17},{12064, 7},{3781, 16},{2982, 8},{1735, 7},{19954, 4},{25273, 10},{6784, 17},{1742, 7},{25616, 7},
{3781, 16},{2981, 8},{12058, 7},{3781, 16},{2984, 8},{12007, 17},{8073, 7},{19954, 4},{1745, 7},{25273, 10},
{12512, 1},{3781, 16},{1745, 7},{12058, 7},{12062, 7},{2983, 8},{25610, 7},{25273, 10},{6488, 17},{19954, 4},
{2986, 8},{3781, 16},{24822, 7},{25273, 10},{21802, 17},{25605, 7},{19954, 4},{12063, 7},{22708, 7},{24822, 7},
{22470, 17},{3781, 16},{19954, 4},{2985, 8},{5131, 7},{25273, 10},{3781, 16},{17807, 8},{3317, 7},{20715, 1},
{3321, 7},{5206, 17},{26345, 7},{25273, 10},{26344, 7},{1143, 4},{22809, 1},{6925, 7},{3781, 16},{20146, 17},
{24752, 4},{23540, 8},{25273, 10},{8227, 7},{18952, 7},{1685, 10},{1756, 8},{15496, 3},{19602, 0},{9203, 7},
{22152, 17},{8204, 4},{7672, 10},{1223, 10},{1197, 1},{3781, 16},{18765, 8},{10018, 15},{4424, 10},{17257, 15},
{18764, 8},{17257, 15},{4424, 10},{18767, 8},{17257, 15},{4424, 10},{3912, 15},{17257, 15},{18766, 8},{3914, 15},
{11056, 15},{4424, 10},{9434, 8},{17257, 15},{17774, 15},{4424, 10},{4424, 10},{18763, 8},{17257, 15},{22945, 15},
{4424, 10},{17257, 15},{18762, 8},{10128, 7},{3781, 16},{6846, 17},{9484, 8},{8204, 4},{23527, 7},{25273, 10},
{8204, 4},{18258, 17},{14681, 1},{5431, 7},{25273, 10},{19606, 7},{9483, 8},{25135, 7},{3781, 16},{16904, 7},
{8204, 4},{3781, 16},{14685, 1},{9482, 8},{19605, 7},{13888, 17},{10128, 7},{25273, 10},{8204, 4},{10125, 7},
{3781, 16},{9481, 8},{7752, 17},{16905, 7},{25273, 10},{16903, 7},{26371, 7},{3781, 16},{26335, 17},{10128, 7},
{8970, 7},{8204, 4},{9480, 8},{25273, 10},{22251, 17},{9479, 8},{16897, 7},{25131, 7},{25134, 7},{19613, 7},
{3781, 16},{8204, 4},{25273, 10},{25273, 10},{13436, 1},{10123, 7},{14864, 17},{25131, 7},{8204, 4},{3781, 16},
{9478, 8},{19605, 7},{3781, 16},{3992, 17},{16905, 7},{8204, 4},{25273, 10},{16790, 8},{3781, 16},{9476, 8},
{8204, 4},{20590, 17},{16902, 7},{20200, 1},{8226, 7},{25273, 10},{23519, 7},{22604, 17},{3781, 16},{8204, 4},
{11746, 7},{4578, 8},{25273, 10},{1685, 10},{25165, 15},{18763, 8},{4122, 15},{4424, 10},{22616, 12},{7484, 9},
{7988, 13},{10604, 17},{3781, 16},{2862, 3},{12430, 9},{24290, 5},{5459, 9},{21164, 8},{8283, 10},{10576, 2},
{7485, 9},{7487, 9},{8283, 10},{8928, 12},{6051, 17},{12428, 9},{13298, 13},{12431, 9},{20270, 3},{2036, 5},
{3781, 16},{21165, 8},{10576, 2},{16130, 17},{5452, 9},{18948, 3},{2038, 5},{21166, 8},{6920, 9},{3781, 16},
{10576, 2},{21422, 12},{8283, 10},{24436, 13},{14419, 9},{5460, 9},{8283, 10},{14420, 9},{12257, 3},{13924, 13},
{2037, 5},{3781, 16},{10576, 2},{3816, 12},{1521, 17},{21167, 8},{6857, 7},{25273, 10},{8103, 7},{18552, 8},
{25236, 1},{3781, 16},{10163, 17},{17612, 4},{24884, 8},{20713, 15},{4424, 10},{13590, 15},{13016, 8},{4424, 10},
{20713, 15},{4424, 10},{13015, 8},{20713, 15},{20713, 15},{4424, 10},{18813, 15},{13014, 8},{4424, 10},{20713, 15},
{13013, 8},{1622, 15},{15717, 15},{13020, 8},{4424, 10},{20713, 15},{2119, 15},{13019, 8},{20713, 15},{4424, 10},
{13018, 8},{4424, 10},{20713, 15},{4424, 10},{20713, 15},{13017, 8},{8831, 15},{4424, 10},{21401, 15},{4120, 15},
{6690, 8},{19486, 15},{4424, 10},{6692, 8},{7686, 15},{4120, 15},{20277, 15},{21395, 15},{18762, 8},{4424, 10},
{25175, 15},{4120, 15},{4120, 15},{18763, 8},{13476, 15},{4424, 10},{23782, 15},{4120, 15},{9434, 8},{4424, 10},
{15686, 8},{4424, 10},{4120, 15},{13478, 15},{18766, 8},{4120, 15},{4424, 10},{4120, 15},{608, 15},{18767, 8},
{4424, 10},{13481, 15},{4424, 10},{18764, 8},{4120, 15},{4120, 15},{4424, 10},{18765, 8},{16026, 17},{13508, 3},
{3013, 7},{3016, 7},{24975, 8},{15486, 7},{7672, 10},{15272, 4},{3781, 16},{898, 1},{7672, 10},{3781, 16},
{20131, 7},{24976, 8},{1446, 1},{5310, 17},{22669, 7},{15272, 4},{17195, 3},{5955, 7},{23665, 10},{24973, 8},
{18316, 7},{7672, 10},{1223, 10},{15272, 4},{21722, 17},{17750, 3},{3781, 16},{23465, 0},{905, 1},{3781, 16},
{24974, 8},{7672, 10},{6935, 17},{13180, 7},{15272, 4},{17264, 1},{2889, 3},{15272, 4},{22667, 7},{24971, 8},
{19937, 1},{12663, 17},{7672, 10},{24230, 3},{20129, 7},{3781, 16},{7672, 10},{17262, 1},{13750, 7},{15485, 7},
{10149, 17},{3722, 3},{3781, 16},{18210, 8},{22665, 7},{15272, 4},{7672, 10},{24969, 8},{895, 1},{13758, 7},
{3781, 16},{7237, 17},{15272, 4},{10167, 3},{7657, 17},{7672, 10},{10522, 3},{23458, 0},{24970, 8},{1223, 10},
{17263, 1},{3017, 7},{3781, 16},{15272, 4},{3781, 16},{19960, 17},{1446, 1},{7672, 10},{15272, 4},{8720, 3},
{23665, 10},{20128, 7},{24977, 8},{17998, 17},{19937, 1},{12454, 3},{3016, 7},{15272, 4},{24978, 8},{22790, 7},
{23665, 10},{7672, 10},{5962, 7},{3781, 16},{3914, 15},{18763, 8},{898, 15},{4424, 10},{10432, 15},{4424, 10},
{898, 15},{26234, 15},{18762, 8},{22941, 15},{4424, 10},{19516, 15},{898, 15},{15686, 8},{4424, 10},{17214, 15},
{898, 15},{9434, 8},{18767, 8},{4424, 10},{898, 15},{18766, 8},{898, 15},{17209, 15},{4424, 10},{4424, 10},
{3645, 15},{898, 15},{18765, 8},{4424, 10},{18764, 8},{898, 15},{4424, 10},{898, 15},{6692, 8},{6690, 8},
{898, 15},{4424, 10},{9907, 15},{4424, 10},{18762, 8},{7089, 15},{7089, 15},{18763, 8},{4424, 10},{12536, 15},
{4424, 10},{18764, 8},{7089, 15},{18765, 8},{4424, 10},{7089, 15},{4424, 10},{7089, 15},{18766, 8},{19332, 15},
{18767, 8},{4424, 10},{7089, 15},{23555, 15},{4424, 10},{13013, 8},{2630, 15},{13014, 8},{14052, 15},{2630, 15},
{4424, 10},{1685, 10},{2630, 15},{21588, 15},{21246, 15},{4424, 10},{13017, 8},{9969, 15},{14050, 15},{13018, 8},
{21581, 15},{4424, 10},{2630, 15},{12262, 15},{2630, 15},{4424, 10},{13019, 8},{5286, 15},{2630, 15},{4424, 10},
{13020, 8},{18246, 15},{1685, 10},{10224, 15},{18765, 8},{11068, 15},{4424, 10},{16990, 15},{11068, 15},{18764, 8},
{4424, 10},{10214, 15},{4424, 10},{18767, 8},{11068, 15},{10220, 15},{18766, 8},{11068, 15},{4424, 10},{15686, 8},
{11068, 15},{20360, 15},{4424, 10},{10213, 15},{23965, 15},{9434, 8},{4424, 10},{11068, 15},{4424, 10},{11068, 15},
{20358, 15},{18763, 8},{11068, 15},{10213, 15},{18762, 8},{4424, 10},{11068, 15},{23852, 15},{6692, 8},{7379, 15},
{4424, 10},{4424, 10},{6690, 8},{11068, 15},{4424, 10},{15686, 8},{9456, 15},{14486, 15},{9456, 15},{4424, 10},
{9434, 8},{9456, 15},{4424, 10},{18763, 8},{18762, 8},{9456, 15},{4424, 10},{4424, 10},{9456, 15},{18765, 8},
{4424, 10},{9456, 15},{18764, 8},{9456, 15},{18767, 8},{4424, 10},{18766, 8},{9456, 15},{4424, 10},{8573, 15},
{9704, 15},{6692, 8},{21218, 15},{4424, 10},{9456, 15},{6690, 8},{9456, 15},{21218, 15},{4424, 10},{11981, 17},
{1530, 4},{3781, 16},{25273, 10},{12482, 7},{7143, 7},{16659, 8},{7370, 7},{21772, 7},{3781, 16},{26019, 7},
{25273, 10},{26021, 7},{1530, 4},{16107, 17},{16658, 8},{15777, 17},{5509, 7},{5506, 7},{25273, 10},{16661, 8},
{3781, 16},{12491, 7},{1530, 4},{3781, 16},{16660, 8},{25482, 17},{1530, 4},{25273, 10},{21772, 7},{26023, 7},
{16655, 8},{25273, 10},{26013, 7},{16298, 17},{1530, 4},{19296, 7},{3781, 16},{25221, 7},{19292, 7},{7148, 7},
{3781, 16},{25273, 10},{12481, 7},{6613, 17},{1530, 4},{16654, 8},{1530, 4},{3781, 16},{25273, 10},{7146, 7},
{19294, 7},{7498, 17},{16657, 8},{12481, 7},{25273, 10},{5502, 7},{3781, 16},{1530, 4},{19294, 7},{26016, 7},
{12056, 17},{16656, 8},{12482, 7},{19666, 7},{16653, 8},{3781, 16},{25490, 17},{9568, 7},{25273, 10},{1530, 4},
{7148, 7},{5505, 7},{1530, 4},{25273, 10},{3781, 16},{9579, 7},{21019, 8},{18981, 17},{20718, 15},{22477, 15},
{4424, 10},{13013, 8},{4424, 10},{22474, 15},{13014, 8},{20718, 15},{20718, 15},{4424, 10},{13017, 8},{18814, 15},
{20718, 15},{4424, 10},{13018, 8},{20718, 15},{13019, 8},{4424, 10},{4424, 10},{15190, 15},{20718, 15},{13020, 8},
{25273, 10},{17612, 4},{9483, 8},{20554, 7},{8105, 7},{14507, 7},{3781, 16},{24827, 17},{9484, 8},{14506, 7},
{25273, 10},{17612, 4},{24456, 17},{14511, 7},{3781, 16},{14512, 7},{17612, 4},{6563, 17},{854, 7},{20549, 7},
{25273, 10},{861, 7},{6856, 7},{3781, 16},{4578, 8},{8099, 7},{14862, 17},{859, 7},{17612, 4},{25273, 10},
{3781, 16},{9476, 8},{6850, 7},{526, 17},{20545, 7},{9126, 1},{25273, 10},{7539, 7},{3781, 16},{20550, 7},
{16790, 8},{17612, 4},{17612, 4},{25273, 10},{6856, 7},{4694, 17},{9478, 8},{20549, 7},{854, 7},{3781, 16},
{25273, 10},{20550, 7},{17612, 4},{20502, 17},{3781, 16},{9479, 8},{859, 7},{8101, 7},{7539, 7},{3781, 16},
{14506, 7},{17612, 4},{23613, 17},{25273, 10},{9480, 8},{6850, 7},{9481, 8},{14513, 7},{3781, 16},{25273, 10},
{3972, 17},{20549, 7},{17612, 4},{20547, 7},{23221, 17},{25273, 10},{8106, 7},{9482, 8},{20550, 7},{17612, 4},
{3781, 16},{1685, 10},{10222, 15},{18763, 8},{23950, 15},{5510, 15},{4424, 10},{1685, 10},{1685, 10},{3781, 16},
{25273, 10},{6748, 8},{6310, 7},{3920, 17},{12500, 7},{12232, 4},{6300, 7},{16262, 9},{4502, 8},{12557, 3},
{16261, 9},{10016, 17},{3781, 16},{16375, 13},{23975, 2},{20166, 5},{3268, 12},{6764, 10},{12281, 9},{12232, 4},
{12500, 7},{19924, 7},{3781, 16},{6746, 8},{7365, 7},{25273, 10},{20812, 17},{18651, 13},{21847, 17},{4500, 8},
{20163, 5},{14031, 12},{7160, 9},{20834, 3},{23975, 2},{23975, 6},{12276, 9},{3781, 16},{6764, 10},{2990, 17},
{14620, 8},{3781, 16},{14303, 7},{12232, 4},{5529, 7},{17620, 7},{25273, 10},{1685, 10},{7365, 7},{25273, 10},
{19924, 7},{3781, 16},{12232, 4},{11772, 7},{6742, 8},{4741, 17},{11782, 7},{25273, 10},{5533, 7},{12232, 4},
{3781, 16},{19930, 7},{6743, 8},{5030, 17},{1685, 10},{25273, 10},{19978, 17},{12232, 4},{3781, 16},{6750, 8},
{19924, 7},{17620, 7},{19925, 7},{7369, 7},{3781, 16},{25273, 10},{9805, 17},{6310, 7},{7365, 7},{6751, 8},
{12232, 4},{15362, 10},{19954, 14},{15362, 10},{19954, 14},{15362, 10},{19954, 14},{19954, 14},{15362, 10},{19954, 14},
{15362, 10},{5503, 7},{3781, 16},{25273, 10},{12478, 7},{1530, 4},{6685, 17},{13732, 8},{5512, 7},{19954, 14},
{15362, 10},{19954, 14},{15362, 10},{19954, 14},{15362, 10},{15362, 10},{19954, 14},{25221, 7},{3781, 16},{22268, 17},
{12484, 7},{25273, 10},{26013, 7},{12480, 7},{13725, 8},{1530, 4},{19294, 7},{9566, 7},{26020, 7},{4229, 17},
{3781, 16},{25273, 10},{7141, 7},{1530, 4},{13724, 8},{4424, 10},{9136, 15},{18765, 8},{19356, 15},{4424, 10},
{6692, 8},{4424, 10},{19356, 15},{6690, 8},{1530, 4},{5506, 7},{12328, 1},{25273, 10},{5512, 7},{15331, 8},
{7370, 7},{19292, 7},{3781, 16},{17349, 17},{15514, 15},{18765, 8},{4424, 10},{19356, 15},{4424, 10},{18764, 8},
{19356, 15},{18767, 8},{4424, 10},{19356, 15},{5577, 15},{4218, 15},{4424, 10},{5093, 15},{18762, 8},{4424, 10},
{19356, 15},{15686, 8},{4424, 10},{9434, 8},{19356, 15},{4424, 10},{5093, 15},{18767, 8},{16768, 15},{18762, 8},
{4424, 10},{19356, 15},{26016, 7},{3781, 16},{9568, 7},{25273, 10},{1530, 4},{7506, 17},{5503, 7},{9579, 7},
{15329, 8},{25273, 10},{15336, 8},{5505, 7},{3781, 16},{7150, 7},{5869, 17},{1530, 4},{1685, 10},{25273, 10},
{15335, 8},{3781, 16},{1530, 4},{5503, 7},{9100, 17},{25221, 7},{1685, 10},{15334, 8},{7370, 7},{1530, 4},
{13147, 1},{3781, 16},{7145, 7},{25273, 10},{17063, 17},{12626, 7},{16043, 15},{17194, 15},{18762, 8},{4424, 10},
{9136, 15},{24752, 4},{25273, 10},{12029, 7},{22805, 1},{6921, 7},{15692, 17},{9036, 8},{3781, 16},{6930, 7},
{12868, 7},{10679, 7},{21409, 8},{25273, 10},{10576, 4},{25168, 7},{3781, 16},{12434, 7},{6630, 17},{13345, 17},
{5453, 7},{21410, 8},{10576, 4},{25273, 10},{3781, 16},{7691, 7},{14661, 7},{10673, 7},{1685, 10},{10576, 4},
{25273, 10},{3781, 16},{12425, 7},{22815, 8},{2179, 17},{12857, 7},{26336, 17},{3781, 16},{14662, 7},{22818, 8},
{12857, 7},{10576, 4},{25273, 10},{12434, 7},{10576, 4},{3781, 16},{14660, 7},{12431, 7},{25273, 10},{22821, 8},
{8650, 17},{12868, 7},{5450, 7},{25273, 10},{10679, 7},{10576, 4},{25168, 7},{3781, 16},{10546, 17},{10711, 8},
{12868, 7},{10576, 4},{25273, 10},{10731, 8},{3781, 16},{12431, 7},{19807, 17},{12425, 7},{5455, 7},{21210, 17},
{12428, 7},{5452, 7},{3781, 16},{25273, 10},{10576, 4},{10743, 8},{12868, 7},{12427, 7},{3781, 16},{10576, 4},
{10763, 8},{12435, 7},{5214, 17},{25273, 10},{4424, 10},{18762, 8},{986, 15},{16432, 15},{24570, 15},{21102, 15},
{4424, 10},{24570, 15},{18766, 8},{18767, 8},{8876, 15},{4424, 10},{24570, 15},{4424, 10},{24570, 15},{15725, 15},
{18764, 8},{18765, 8},{21103, 15},{24570, 15},{4424, 10},{4424, 10},{18762, 8},{19283, 15},{26220, 15},{7405, 15},
{18765, 8},{4424, 10},{19357, 15},{24752, 4},{5110, 7},{3781, 16},{6927, 7},{14251, 7},{25273, 10},{9058, 8},
{20942, 17},{178, 8},{7188, 1},{18779, 17},{14508, 7},{17612, 4},{25273, 10},{3781, 16},{8102, 7},{6854, 7},
{17618, 8},{6850, 7},{3781, 16},{25273, 10},{17612, 4},{14404, 17},{14507, 7},{8107, 7},{14513, 7},{3781, 16},
{8106, 7},{17619, 8},{25650, 17},{6851, 7},{17612, 4},{25273, 10},{20544, 7},{25273, 10},{7540, 7},{7192, 1},
{3781, 16},{8106, 7},{17612, 4},{184, 8},{25765, 17},{14515, 7},{7185, 1},{25273, 10},{3781, 16},{8100, 7},
{17621, 8},{701, 17},{14513, 7},{17612, 4},{3781, 16},{17622, 8},{14515, 7},{17612, 4},{20543, 7},{10517, 17},
{25273, 10},{25234, 1},{8453, 17},{17612, 4},{20548, 7},{856, 7},{6851, 7},{17623, 8},{25273, 10},{3781, 16},
{7539, 7},{19719, 1},{6856, 7},{4396, 17},{6853, 7},{25273, 10},{17624, 8},{3781, 16},{6857, 7},{17612, 4},
{6758, 17},{17612, 4},{25273, 10},{17627, 8},{3781, 16},{8103, 7},{8108, 7},{25273, 10},{17612, 4},{7791, 17},
{3781, 16},{7540, 7},{17628, 8},{14507, 7},{4424, 10},{4128, 15},{13013, 8},{11060, 15},{13014, 8},{4424, 10},
{4128, 15},{4128, 15},{12539, 15},{4424, 10},{13019, 8},{4128, 15},{4424, 10},{13020, 8},{4128, 15},{13017, 8},
{4424, 10},{4424, 10},{13018, 8},{5562, 15},{4128, 15},{1685, 10},{18956, 7},{1357, 7},{3781, 16},{16840, 8},
{25273, 10},{2888, 17},{1364, 7},{6388, 1},{24752, 4},{5110, 7},{24884, 8},{4424, 10},{19526, 15},{19526, 15},
{13017, 8},{4424, 10},{4424, 10},{13018, 8},{23503, 15},{19526, 15},{19526, 15},{13019, 8},{4424, 10},{20354, 15},
{678, 15},{13020, 8},{19526, 15},{4424, 10},{13013, 8},{3414, 15},{19526, 15},{4424, 10},{20360, 15},{13014, 8},
{4424, 10},{19526, 15},{5514, 15},{4424, 10},{19526, 15},{13015, 8},{4424, 10},{19526, 15},{13016, 8},{1685, 10},
{1685, 10},{4424, 10},{13015, 8},{7186, 15},{7186, 15},{13014, 8},{4424, 10},{12962, 15},{13013, 8},{7186, 15},
{4424, 10},{13020, 8},{4424, 10},{7186, 15},{7186, 15},{4424, 10},{13019, 8},{7186, 15},{13018, 8},{4424, 10},
{13017, 8},{25788, 15},{4424, 10},{7186, 15},{9131, 15},{4424, 10},{18612, 15},{18763, 8},{4424, 10},{9131, 15},
{18762, 8},{4424, 10},{9131, 15},{15686, 8},{4424, 10},{1014, 15},{11873, 15},{9131, 15},{9434, 8},{18767, 8},
{4424, 10},{9131, 15},{18766, 8},{9131, 15},{4424, 10},{18765, 8},{4424, 10},{9131, 15},{9131, 15},{18764, 8},
{4424, 10},{18388, 17},{7672, 10},{13175, 4},{3781, 16},{24976, 8},{25831, 7},{18785, 1},{2323, 3},{1685, 10},
{2628, 15},{13019, 8},{4424, 10},{13020, 8},{2628, 15},{19072, 15},{4424, 10},{13017, 8},{4424, 10},{21251, 15},
{2628, 15},{4424, 10},{2628, 15},{13018, 8},{16767, 15},{13013, 8},{4424, 10},{2628, 15},{13014, 8},{2628, 15},
{4424, 10},{25126, 10},{16512, 8},{25126, 10},{16511, 8},{16507, 8},{25126, 10},{25126, 10},{16506, 8},{25126, 10},
{16509, 8},{25126, 10},{16508, 8},{16503, 8},{25126, 10},{25126, 10},{16502, 8},{16505, 8},{25126, 10},{16504, 8},
{25126, 10},{3781, 16},{12232, 4},{5769, 17},{19930, 7},{5524, 7},{13697, 8},{25273, 10},{13698, 8},{25273, 10},
{7367, 7},{19923, 7},{3781, 16},{12232, 4},{19924, 7},{23219, 17},{12614, 7},{5528, 7},{13695, 8},{25273, 10},
{5527, 7},{12232, 4},{4811, 17},{3781, 16},{11781, 7},{25273, 10},{19925, 7},{9028, 17},{13696, 8},{12232, 4},
{12508, 7},{3781, 16},{7362, 7},{7362, 7},{13612, 17},{3781, 16},{7365, 7},{12232, 4},{25273, 10},{13693, 8},
{12506, 7},{19926, 7},{14307, 7},{25273, 10},{5528, 7},{12232, 4},{689, 17},{13694, 8},{3781, 16},{17620, 7},
{19928, 7},{14310, 7},{17610, 7},{13691, 8},{3781, 16},{12232, 4},{25273, 10},{19925, 7},{12773, 17},{15642, 17},
{12614, 7},{13692, 8},{3781, 16},{25273, 10},{11782, 7},{12232, 4},{14305, 7},{17610, 7},{12232, 4},{13701, 8},
{22816, 17},{25273, 10},{3781, 16},{13702, 8},{11778, 7},{2717, 17},{3781, 16},{25273, 10},{7364, 7},{12232, 4},
{19928, 7},{17620, 7},{1685, 10},{4424, 10},{3168, 15},{18764, 8},{9137, 15},{20313, 15},{9137, 15},{18765, 8},
{4424, 10},{4424, 10},{18766, 8},{9137, 15},{6627, 15},{18767, 8},{9137, 15},{4424, 10},{2061, 15},{4424, 10},
{20310, 15},{25948, 15},{9434, 8},{9137, 15},{13535, 15},{4424, 10},{9137, 15},{15686, 8},{9137, 15},{18762, 8},
{4424, 10},{8769, 15},{9137, 15},{18763, 8},{4424, 10},{2067, 15},{4424, 10},{6690, 8},{9137, 15},{12735, 15},
{6692, 8},{9137, 15},{20310, 15},{4424, 10},{1143, 4},{23229, 8},{7002, 7},{3320, 7},{6333, 17},{25273, 10},
{3781, 16},{3321, 7},{26343, 7},{5850, 7},{19584, 7},{5846, 7},{3781, 16},{1143, 4},{25273, 10},{23228, 8},
{22447, 17},{19585, 7},{23235, 8},{20716, 1},{3319, 7},{25273, 10},{5849, 7},{20626, 17},{1143, 4},{3316, 7},
{7013, 7},{3781, 16},{5845, 7},{7306, 8},{16744, 1},{25273, 10},{3319, 7},{19586, 7},{1143, 4},{3781, 16},
{22298, 17},{5848, 7},{19581, 7},{23237, 8},{7013, 7},{1143, 4},{25273, 10},{3781, 16},{12514, 17},{19580, 7},
{7004, 7},{25273, 10},{5850, 7},{20620, 17},{1143, 4},{3781, 16},{19586, 7},{23236, 8},{10093, 7},{3321, 7},
{7005, 7},{23231, 8},{7004, 7},{3781, 16},{14409, 17},{25273, 10},{1143, 4},{5845, 7},{7008, 7},{23230, 8},
{3781, 16},{1143, 4},{7004, 7},{25273, 10},{16419, 17},{3781, 16},{26344, 7},{5328, 17},{26343, 7},{23233, 8},
{1143, 4},{25273, 10},{24301, 5},{18656, 9},{3781, 16},{8188, 13},{14305, 9},{13375, 8},{19617, 17},{3864, 10},
{16059, 3},{24395, 12},{12232, 2},{1685, 10},{3781, 16},{4228, 8},{2642, 7},{15066, 4},{2653, 7},{25273, 10},
{8556, 7},{5047, 7},{8630, 17},{14856, 7},{15857, 7},{17567, 17},{25273, 10},{3781, 16},{7274, 1},{19598, 8},
{15066, 4},{15066, 4},{25273, 10},{3781, 16},{11235, 8},{7817, 7},{1032, 17},{8559, 7},{401, 7},{21249, 7},
{7826, 7},{2661, 7},{14856, 7},{20351, 17},{11236, 8},{25273, 10},{3781, 16},{15066, 4},{15066, 4},{3781, 16},
{13981, 17},{5047, 7},{11233, 8},{22650, 7},{25273, 10},{25273, 10},{2643, 7},{8561, 7},{14851, 7},{9242, 17},
{15066, 4},{3781, 16},{7816, 7},{11234, 8},{25273, 10},{22651, 7},{21662, 17},{3781, 16},{7819, 7},{11231, 8},
{8559, 7},{15066, 4},{21230, 7},{3, 17},{3455, 1},{22651, 7},{5047, 7},{3781, 16},{25273, 10},{11232, 8},
{15066, 4},{15853, 7},{15854, 7},{14783, 8},{10021, 17},{7816, 7},{15066, 4},{8562, 7},{25273, 10},{3781, 16},
{22649, 7},{23622, 8},{15853, 7},{2661, 7},{7816, 7},{15066, 4},{3781, 16},{8425, 17},{25273, 10},{6931, 7},
{3781, 16},{12028, 7},{25273, 10},{24752, 4},{20389, 17},{12023, 7},{17524, 8},{1685, 10},{7617, 8},{7540, 7},
{19913, 17},{8102, 7},{17612, 4},{25273, 10},{3781, 16},{20547, 7},{8103, 7},{22783, 17},{25273, 10},{3781, 16},
{7194, 1},{7618, 8},{862, 7},{17612, 4},{6854, 7},{859, 7},{3781, 16},{855, 7},{17612, 4},{7612, 8},
{20544, 7},{25273, 10},{15538, 17},{25273, 10},{14514, 7},{22822, 17},{7613, 8},{3781, 16},{7542, 7},{17612, 4},
{14513, 7},{18693, 17},{25273, 10},{17612, 4},{8106, 7},{14509, 7},{25235, 1},{3781, 16},{7614, 8},{6854, 7},
{17612, 4},{9156, 17},{7539, 7},{25273, 10},{3781, 16},{7615, 8},{8105, 7},{7192, 1},{14509, 7},{6856, 7},
{17612, 4},{3781, 16},{25273, 10},{859, 7},{5055, 17},{14510, 7},{7608, 8},{8105, 7},{7542, 7},{17612, 4},
{20549, 7},{3372, 17},{7609, 8},{3781, 16},{25273, 10},{8104, 7},{17612, 4},{7610, 8},{25273, 10},{7539, 7},
{3781, 16},{19638, 17},{20544, 7},{14507, 7},{20554, 7},{3781, 16},{13950, 8},{17612, 4},{25273, 10},{8100, 7},
{20934, 17},{4424, 10},{26224, 15},{13019, 8},{20362, 15},{24487, 15},{4424, 10},{20360, 15},{26224, 15},{13020, 8},
{13017, 8},{26224, 15},{4424, 10},{4424, 10},{26224, 15},{5514, 15},{13018, 8},{26224, 15},{13015, 8},{4424, 10},
{23851, 15},{26224, 15},{4424, 10},{13013, 8},{26224, 15},{16995, 15},{13014, 8},{4424, 10},{18545, 8},{15852, 7},
{25273, 10},{14856, 7},{15066, 4},{3781, 16},{5046, 17},{22646, 7},{15362, 10},{24752, 14},{3781, 16},{7270, 1},
{14851, 7},{7819, 7},{25273, 10},{15066, 4},{18543, 8},{9924, 17},{18544, 8},{15066, 4},{10017, 17},{15855, 7},
{25273, 10},{2661, 7},{3781, 16},{22650, 7},{3450, 1},{22649, 7},{7864, 17},{8559, 7},{18549, 8},{7816, 7},
{3781, 16},{15862, 7},{25273, 10},{15066, 4},{3781, 16},{5495, 8},{15861, 7},{955, 17},{22646, 7},{25273, 10},
{15066, 4},{15855, 7},{20085, 7},{22644, 7},{13957, 17},{3781, 16},{15066, 4},{22652, 7},{25273, 10},{18547, 8},
{15362, 10},{24752, 14},{8561, 7},{3840, 7},{13550, 17},{18552, 8},{15066, 4},{7819, 7},{25273, 10},{3781, 16},
{14868, 7},{24752, 14},{15362, 10},{24752, 14},{15362, 10},{20550, 7},{25273, 10},{14511, 7},{3781, 16},{17612, 4},
{6854, 7},{6730, 8},{3977, 17},{6850, 7},{8099, 7},{25273, 10},{6731, 8},{3781, 16},{17612, 4},{14514, 7},
{9487, 17},{17612, 4},{7540, 7},{3781, 16},{7539, 7},{7541, 7},{25273, 10},{11817, 17},{6720, 8},{13016, 8},
{4424, 10},{5022, 15},{21523, 15},{1403, 15},{17612, 4},{3781, 16},{7542, 7},{6872, 17},{25273, 10},{6857, 7},
{6722, 8},{23697, 17},{6723, 8},{17612, 4},{8103, 7},{7543, 7},{7186, 1},{6850, 7},{25273, 10},{3781, 16},
{7542, 7},{7541, 7},{17612, 4},{855, 7},{24725, 17},{8102, 7},{9127, 1},{14510, 7},{25273, 10},{3781, 16},
{6724, 8},{17612, 4},{3781, 16},{25273, 10},{8099, 7},{6725, 8},{24580, 17},{20544, 7},{6854, 7},{858, 7},
{17612, 4},{6726, 8},{14508, 7},{3781, 16},{25273, 10},{18635, 17},{854, 7},{14507, 7},{24752, 14},{15362, 10},
{4424, 10},{18766, 8},{22326, 15},{1412, 15},{4424, 10},{5286, 15},{22326, 15},{9965, 15},{18767, 8},{18349, 15},
{12259, 15},{21705, 15},{18764, 8},{4424, 10},{22326, 15},{15124, 15},{4424, 10},{22326, 15},{18765, 8},{14055, 15},
{22326, 15},{4424, 10},{18762, 8},{1685, 10},{22326, 15},{4424, 10},{9434, 8},{4424, 10},{22326, 15},{15686, 8},
{5286, 15},{12265, 15},{22326, 15},{21583, 15},{4424, 10},{6690, 8},{6692, 8},{22326, 15},{4424, 10},{15362, 10},
{24752, 14},{1685, 10},{24834, 15},{4424, 10},{18766, 8},{4424, 10},{18767, 8},{24834, 15},{4424, 10},{14363, 15},
{15686, 8},{5020, 15},{22256, 15},{1685, 10},{5764, 3},{15272, 4},{3781, 16},{17263, 1},{9778, 7},{22666, 7},
{8483, 8},{22669, 7},{4354, 17},{7672, 10},{6596, 8},{25126, 10},{25126, 10},{6597, 8},{21523, 15},{4424, 10},
{5020, 15},{9434, 8},{856, 7},{3781, 16},{14508, 7},{6728, 17},{10731, 8},{25273, 10},{17612, 4},{25126, 10},
{13831, 8},{25126, 10},{13833, 8},{6593, 8},{25126, 10},{25126, 10},{6594, 8},{6587, 8},{25126, 10},{25126, 10},
{6588, 8},{13829, 8},{25126, 10},{25126, 10},{6590, 8},{1685, 10},{14661, 7},{12428, 7},{25273, 10},{3781, 16},
{23787, 17},{10576, 4},{7691, 7},{10273, 8},{10266, 8},{5455, 7},{25273, 10},{3781, 16},{10576, 4},{22488, 17},
{12425, 7},{10640, 7},{10676, 7},{10576, 4},{3781, 16},{6584, 17},{10267, 8},{5456, 7},{7685, 7},{25273, 10},
{11867, 15},{4424, 10},{9129, 15},{6692, 8},{6690, 8},{4424, 10},{9129, 15},{18767, 8},{4424, 10},{5020, 15},
{7689, 7},{5456, 7},{3781, 16},{14892, 17},{15039, 7},{10268, 8},{10576, 4},{12857, 7},{25273, 10},{18767, 8},
{9129, 15},{4424, 10},{18766, 8},{4424, 10},{9129, 15},{4424, 10},{9129, 15},{18765, 8},{25173, 7},{10576, 4},
{8962, 17},{25273, 10},{3781, 16},{14661, 7},{10269, 8},{12960, 15},{9129, 15},{4424, 10},{18763, 8},{4473, 15},
{1014, 15},{4424, 10},{18762, 8},{9129, 15},{15686, 8},{4424, 10},{9129, 15},{4424, 10},{20691, 15},{11512, 15},
{9434, 8},{9129, 15},{4424, 10},{18766, 8},{5020, 15},{23975, 4},{23784, 8},{11228, 17},{16258, 7},{3781, 16},
{25273, 10},{7162, 7},{10576, 4},{12582, 17},{25273, 10},{25169, 7},{3781, 16},{12428, 7},{12857, 7},{10274, 8},
{20592, 7},{1685, 10},{6849, 7},{25273, 10},{3781, 16},{13293, 17},{21410, 8},{6854, 7},{17612, 4},{23975, 4},
{25273, 10},{23659, 17},{3781, 16},{16265, 7},{18552, 8},{7165, 7},{1685, 10},{8620, 15},{7410, 15},{4424, 10},
{5020, 15},{18764, 8},{1685, 10},{1685, 10},{1669, 8},{1828, 10},{7293, 14},{540, 7},{7161, 7},{6279, 1},
{3582, 17},{3781, 16},{7158, 7},{10275, 8},{23975, 4},{25273, 10},{25273, 10},{3781, 16},{10274, 8},{6763, 17},
{8691, 7},{23975, 4},{16264, 7},{12702, 17},{10271, 8},{3781, 16},{20235, 7},{25273, 10},{7156, 7},{23975, 4},
{20233, 7},{3781, 16},{7159, 7},{25273, 10},{8960, 8},{8687, 7},{23975, 4},{19570, 17},{25273, 10},{3781, 16},
{8695, 7},{26383, 17},{20239, 7},{10273, 8},{23975, 4},{6580, 17},{540, 7},{20242, 7},{10272, 8},{25273, 10},
{3781, 16},{7165, 7},{7159, 7},{23975, 4},{23975, 4},{8691, 7},{540, 7},{25273, 10},{535, 7},{3781, 16},
{10267, 8},{14604, 17},{20237, 7},{16258, 7},{10266, 8},{23975, 4},{8685, 7},{25273, 10},{3781, 16},{537, 7},
{2991, 17},{23975, 4},{16261, 7},{7400, 17},{3781, 16},{8364, 1},{20242, 7},{541, 7},{10269, 8},{25273, 10},
{7158, 7},{8685, 7},{23975, 4},{540, 7},{8690, 7},{15674, 17},{3781, 16},{7165, 7},{10268, 8},{25273, 10},
{2473, 10},{9513, 8},{9514, 8},{2473, 10},{9511, 8},{2473, 10},{9512, 8},{2473, 10},{2473, 10},{9509, 8},
{2473, 10},{9510, 8},{2473, 10},{4830, 8},{9508, 8},{2473, 10},{1685, 10},{11768, 7},{22170, 7},{19624, 8},
{3781, 16},{18521, 7},{13175, 4},{3329, 17},{25273, 10},{15850, 17},{13175, 4},{21066, 7},{18523, 7},{9345, 1},
{19625, 8},{25273, 10},{3781, 16},{11761, 7},{3781, 16},{13175, 4},{22170, 7},{1287, 17},{18529, 7},{21069, 7},
{25273, 10},{11763, 7},{11816, 8},{22795, 7},{3781, 16},{25273, 10},{11819, 8},{13175, 4},{20050, 17},{22170, 7},
{11769, 7},{3781, 16},{22801, 7},{3048, 17},{22800, 7},{13175, 4},{19628, 8},{25273, 10},{22792, 7},{18523, 7},
{25273, 10},{3781, 16},{22170, 7},{13749, 17},{18522, 7},{25256, 7},{13175, 4},{19629, 8},{18522, 7},{13175, 4},
{25273, 10},{11763, 7},{19626, 8},{2540, 17},{3781, 16},{21069, 7},{21066, 7},{19627, 8},{21066, 7},{23145, 17},
{3781, 16},{25273, 10},{19806, 7},{13175, 4},{13175, 4},{25265, 7},{15386, 17},{3781, 16},{11869, 8},{25273, 10},
{22802, 7},{25269, 7},{22799, 7},{3781, 16},{25267, 7},{25263, 7},{13462, 8},{13175, 4},{14041, 17},{25273, 10},
{8204, 4},{3781, 16},{19604, 7},{1861, 17},{5431, 7},{25273, 10},{12750, 8},{7672, 10},{23665, 10},{26224, 1},
{6707, 7},{696, 7},{3446, 17},{3781, 16},{23441, 4},{8328, 3},{15738, 7},{18440, 8},{5044, 8},{6709, 7},
{20377, 7},{10574, 17},{7672, 10},{23665, 10},{26229, 1},{14888, 3},{3781, 16},{23441, 4},{13080, 3},{17049, 17},
{23247, 7},{23665, 10},{26229, 1},{15738, 7},{23441, 4},{17127, 8},{6709, 7},{3781, 16},{7672, 10},{5050, 8},
{15742, 7},{23250, 7},{26229, 1},{11115, 0},{1223, 10},{9335, 3},{23441, 4},{3781, 16},{4793, 17},{7672, 10},
{20376, 7},{23246, 7},{23250, 7},{26432, 3},{20381, 7},{3781, 16},{23665, 10},{7672, 10},{18444, 8},{23441, 4},
{13503, 1},{11354, 17},{3781, 16},{21728, 8},{25273, 10},{8204, 4},{25135, 7},{1140, 17},{10128, 7},{10128, 7},
{25136, 7},{3781, 16},{25273, 10},{23238, 8},{2513, 17},{19601, 7},{8204, 4},{5433, 7},{21707, 8},{3781, 16},
{25273, 10},{5435, 7},{1597, 17},{8204, 4},{24050, 17},{5435, 7},{8970, 7},{3781, 16},{11722, 7},{21703, 8},
{25273, 10},{8204, 4},{5431, 7},{25273, 10},{23227, 8},{16897, 7},{8204, 4},{3781, 16},{16906, 7},{10125, 7},
{919, 17},{3781, 16},{11719, 7},{23225, 8},{23525, 7},{23214, 17},{8204, 4},{25130, 7},{25273, 10},{8204, 4},
{24701, 17},{5428, 7},{25273, 10},{25132, 7},{23223, 8},{3781, 16},{10127, 7},{1685, 10},{2473, 10},{11411, 8},
{2473, 10},{6220, 8},{2473, 10},{6219, 8},{21108, 15},{4424, 10},{16437, 15},{7278, 15},{18762, 8},{2473, 10},
{6217, 8},{6216, 8},{2473, 10},{2473, 10},{6215, 8},{2473, 10},{6214, 8},{6213, 8},{2473, 10},{7542, 7},
{6852, 7},{22286, 8},{17612, 4},{3781, 16},{14264, 17},{25273, 10},{6849, 7},{858, 7},{7252, 7},{20291, 17},
{14629, 8},{3781, 16},{25273, 10},{22396, 7},{12253, 4},{9458, 15},{4424, 10},{18766, 8},{3781, 16},{7249, 7},
{14631, 8},{2760, 7},{12253, 4},{25273, 10},{12212, 17},{7247, 7},{7245, 7},{18763, 8},{7278, 15},{4424, 10},
{20242, 7},{23559, 17},{25273, 10},{8686, 7},{23975, 4},{3893, 8},{3781, 16},{25273, 10},{23043, 17},{14632, 8},
{3781, 16},{22395, 7},{3274, 7},{12253, 4},{7241, 7},{14633, 8},{12253, 4},{14184, 7},{8348, 17},{2756, 7},
{3781, 16},{25273, 10},{17828, 15},{4424, 10},{17626, 15},{10179, 15},{7977, 15},{13018, 8},{7977, 15},{4424, 10},
{13017, 8},{13020, 8},{4424, 10},{7977, 15},{13019, 8},{18535, 15},{4424, 10},{7977, 15},{2617, 17},{22275, 8},
{7672, 10},{3781, 16},{10576, 4},{12404, 3},{2172, 7},{7093, 1},{20043, 7},{7096, 1},{22276, 8},{20037, 7},
{10576, 4},{3781, 16},{18866, 17},{7672, 10},{6920, 7},{24551, 3},{9458, 15},{15686, 8},{4424, 10},{7491, 7},
{10576, 4},{1730, 8},{23665, 10},{3781, 16},{7672, 10},{9426, 17},{14888, 3},{14419, 7},{2172, 7},{25123, 1},
{7096, 1},{22272, 8},{9279, 17},{10576, 4},{3781, 16},{20042, 7},{21302, 3},{21185, 7},{7672, 10},{20045, 7},
{22273, 8},{4130, 1},{10576, 4},{3781, 16},{23173, 3},{24652, 17},{7672, 10},{20045, 7},{20042, 7},{3781, 16},
{10576, 4},{1733, 8},{4659, 3},{7672, 10},{12427, 0},{14645, 17},{4131, 1},{1223, 10},{2172, 7},{19507, 17},
{1223, 10},{10576, 4},{23627, 3},{7092, 1},{22267, 8},{7486, 7},{25172, 0},{3781, 16},{7672, 10},{25116, 1},
{1472, 7},{1727, 8},{2166, 7},{17875, 17},{6843, 3},{3781, 16},{7672, 10},{10576, 4},{10576, 4},{20042, 7},
{22269, 8},{7090, 1},{3781, 16},{7672, 10},{14561, 17},{14421, 7},{16182, 3},{1468, 7},{21186, 7},{25122, 1},
{7672, 10},{22270, 8},{7909, 17},{10576, 4},{3781, 16},{10951, 3},{7485, 7},{4111, 15},{18764, 8},{4424, 10},
{4111, 15},{4424, 10},{18766, 8},{4111, 15},{18767, 8},{4424, 10},{4424, 10},{6690, 8},{3449, 15},{3449, 15},
{4424, 10},{6692, 8},{3449, 15},{18764, 8},{4424, 10},{3449, 15},{4424, 10},{18765, 8},{18766, 8},{15726, 15},
{4424, 10},{3449, 15},{18767, 8},{3449, 15},{4424, 10},{9434, 8},{3449, 15},{8624, 15},{4424, 10},{3449, 15},
{15686, 8},{4424, 10},{3449, 15},{4424, 10},{18762, 8},{4424, 10},{18763, 8},{3449, 15},{1685, 10},{1685, 10},
{1685, 10},{15272, 4},{3017, 7},{3781, 16},{7672, 10},{896, 1},{9778, 7},{8242, 17},{10993, 3},{16857, 8},
{1448, 1},{7205, 17},{16999, 8},{22667, 7},{15272, 4},{18056, 3},{22664, 7},{22722, 7},{23665, 10},{7672, 10},
{3781, 16},{4424, 10},{20722, 15},{13014, 8},{15714, 15},{20722, 15},{13013, 8},{4424, 10},{4424, 10},{8831, 15},
{13016, 8},{20722, 15},{4424, 10},{13015, 8},{20722, 15},{13018, 8},{4424, 10},{18818, 15},{20722, 15},{20722, 15},
{13017, 8},{4424, 10},{13020, 8},{20722, 15},{4424, 10},{7354, 15},{4424, 10},{13019, 8},{20722, 15},{20369, 15},
{13591, 15},{19925, 7},{12508, 7},{12505, 7},{25273, 10},{9282, 8},{3781, 16},{11029, 17},{12232, 4},{3781, 16},
{8150, 1},{12232, 4},{19925, 7},{25273, 10},{9283, 8},{12502, 7},{494, 17},{12232, 4},{12506, 7},{9290, 8},
{12500, 7},{6811, 17},{25273, 10},{20400, 1},{3781, 16},{18542, 7},{26039, 8},{14303, 7},{3781, 16},{11776, 7},
{8146, 1},{19925, 7},{11781, 7},{12232, 4},{25273, 10},{16852, 17},{9288, 8},{14302, 7},{3781, 16},{14309, 7},
{26289, 17},{12232, 4},{25273, 10},{12232, 4},{9289, 8},{19929, 7},{25273, 10},{7369, 7},{19925, 7},{11781, 7},
{3781, 16},{12917, 17},{5525, 7},{3781, 16},{11781, 7},{12232, 4},{10597, 17},{25273, 10},{9286, 8},{3781, 16},
{9287, 8},{7544, 17},{17620, 7},{11777, 7},{11781, 7},{12232, 4},{25273, 10},{7365, 7},{11774, 7},{4230, 17},
{25273, 10},{9284, 8},{11782, 7},{12614, 7},{17610, 7},{12232, 4},{3781, 16},{25904, 17},{5527, 7},{3781, 16},
{9285, 8},{12502, 7},{12232, 4},{25273, 10},{19923, 7},{5604, 17},{3781, 16},{9303, 7},{8151, 1},{5036, 8},
{12232, 4},{24112, 3},{11915, 7},{7672, 10},{11914, 7},{1685, 10},{19289, 15},{4424, 10},{18767, 8},{23950, 15},
{18766, 8},{23950, 15},{4424, 10},{18765, 8},{23950, 15},{4424, 10},{18764, 8},{10218, 15},{4424, 10},{23950, 15},
{6690, 8},{4424, 10},{26224, 15},{23853, 15},{1685, 10},{23950, 15},{18762, 8},{4424, 10},{1735, 7},{3781, 16},
{8079, 7},{25273, 10},{19954, 4},{19846, 17},{1375, 8},{4424, 10},{23950, 15},{9434, 8},{25273, 10},{19990, 17},
{23441, 4},{23982, 7},{23979, 7},{3781, 16},{18546, 8},{4311, 7},{10391, 7},{25273, 10},{11116, 7},{3781, 16},
{26221, 1},{17151, 7},{16722, 17},{23441, 4},{18545, 8},{11570, 7},{4132, 15},{24884, 8},{4424, 10},{19529, 1},
{11119, 7},{10399, 7},{10397, 7},{8758, 17},{18543, 8},{25273, 10},{23441, 4},{11120, 7},{3781, 16},{26223, 1},
{11119, 7},{23441, 4},{3781, 16},{25273, 10},{20595, 17},{10400, 7},{5495, 8},{23977, 7},{11119, 7},{25273, 10},
{18984, 17},{18549, 8},{3781, 16},{23441, 4},{17145, 7},{21589, 17},{18548, 8},{17150, 7},{25273, 10},{3781, 16},
{11117, 7},{23984, 7},{23441, 4},{23441, 4},{25273, 10},{10392, 7},{4312, 7},{17145, 7},{20021, 17},{3781, 16},
{11573, 7},{18547, 8},{4132, 15},{4424, 10},{13019, 8},{9538, 15},{4424, 10},{13020, 8},{4132, 15},{4132, 15},
{13017, 8},{4424, 10},{4132, 15},{4424, 10},{5571, 15},{13018, 8},{13015, 8},{4132, 15},{4424, 10},{4132, 15},
{4424, 10},{13016, 8},{5565, 15},{13013, 8},{4132, 15},{4424, 10},{16707, 15},{5561, 15},{16388, 15},{11061, 15},
{9909, 15},{4132, 15},{4424, 10},{13014, 8},{2930, 17},{19954, 4},{5130, 7},{19813, 8},{1738, 7},{5132, 7},
{8069, 7},{3781, 16},{25273, 10},{4424, 10},{18765, 8},{26224, 15},{25314, 4},{8131, 7},{3781, 16},{1535, 17},
{24385, 7},{2983, 8},{25273, 10},{3781, 16},{538, 7},{23231, 8},{8690, 7},{24683, 17},{25273, 10},{23975, 4},
{11071, 15},{18766, 8},{4424, 10},{10224, 15},{11071, 15},{4424, 10},{18765, 8},{11071, 15},{18764, 8},{4424, 10},
{23852, 15},{18763, 8},{11071, 15},{4424, 10},{3781, 16},{25273, 10},{16010, 17},{23975, 4},{8686, 7},{20239, 7},
{7306, 8},{7160, 7},{3781, 16},{16265, 7},{25273, 10},{9033, 1},{24364, 17},{7164, 7},{23975, 4},{8686, 7},
{23237, 8},{8685, 7},{9434, 8},{11071, 15},{5510, 15},{4424, 10},{3412, 15},{4424, 10},{6692, 8},{11071, 15},
{11071, 15},{6690, 8},{23504, 15},{4424, 10},{20355, 15},{25273, 10},{3781, 16},{23975, 4},{16256, 7},{9034, 17},
{23229, 8},{16260, 7},{11952, 17},{23228, 8},{20240, 7},{3781, 16},{7162, 7},{23975, 4},{8687, 7},{25273, 10},
{13907, 17},{6922, 7},{25273, 10},{8048, 7},{3781, 16},{15800, 7},{24752, 4},{22595, 8},{18950, 7},{25273, 10},
{25024, 17},{12029, 7},{24752, 4},{2547, 8},{16985, 7},{3781, 16},{12024, 7},{3781, 16},{18950, 7},{25273, 10},
{24752, 4},{20835, 17},{2546, 8},{4118, 1},{18953, 7},{5104, 7},{25273, 10},{2472, 17},{2545, 8},{1354, 7},
{24752, 4},{3781, 16},{14258, 7},{25273, 10},{2544, 8},{6930, 7},{3781, 16},{14253, 7},{24752, 4},{1359, 7},
{8240, 17},{2543, 8},{2095, 17},{25273, 10},{3781, 16},{6925, 7},{5109, 7},{24752, 4},{25273, 10},{14257, 7},
{24752, 4},{16515, 17},{3781, 16},{2542, 8},{5108, 7},{5105, 7},{4116, 1},{5110, 7},{6930, 7},{24752, 4},
{258, 17},{25273, 10},{3781, 16},{12027, 7},{2541, 8},{5105, 7},{24752, 4},{6924, 7},{2550, 8},{13104, 17},
{25273, 10},{12025, 7},{3781, 16},{1363, 7},{24552, 17},{25273, 10},{2549, 8},{12029, 7},{3781, 16},{24752, 4},
{7872, 15},{7188, 15},{18766, 8},{4424, 10},{14815, 15},{11867, 15},{7188, 15},{12962, 15},{18767, 8},{7867, 15},
{4424, 10},{18764, 8},{4424, 10},{7188, 15},{4424, 10},{7188, 15},{18765, 8},{7188, 15},{18762, 8},{4424, 10},
{1016, 15},{18763, 8},{4424, 10},{7188, 15},{7188, 15},{14813, 15},{4424, 10},{9434, 8},{7188, 15},{4424, 10},
{15686, 8},{4632, 15},{6690, 8},{7188, 15},{4424, 10},{22524, 15},{4424, 10},{6692, 8},{7188, 15},{7981, 15},
{13018, 8},{4424, 10},{7138, 17},{19954, 4},{23665, 10},{2705, 8},{3781, 16},{7834, 7},{7672, 10},{12513, 1},
{7226, 3},{25793, 7},{2704, 8},{18496, 3},{7672, 10},{8378, 17},{3781, 16},{20819, 7},{1121, 7},{19954, 4},
{12516, 1},{25792, 7},{20032, 17},{2450, 3},{7672, 10},{10844, 1},{20820, 7},{23665, 10},{25802, 7},{3781, 16},
{16336, 8},{19954, 4},{1223, 10},{12060, 0},{7830, 7},{12653, 1},{7672, 10},{16334, 8},{5907, 3},{3781, 16},
{19954, 4},{2665, 17},{20821, 7},{7837, 7},{7672, 10},{5772, 3},{12516, 1},{14277, 8},{13892, 17},{3781, 16},
{19954, 4},{25798, 7},{24718, 17},{3781, 16},{12064, 0},{7672, 10},{4414, 3},{16332, 8},{864, 1},{1223, 10},
{20821, 7},{19954, 4},{1126, 7},{868, 1},{25941, 3},{3781, 16},{7010, 17},{16344, 8},{19954, 4},{7672, 10},
{25802, 7},{10354, 17},{19954, 4},{9404, 3},{16342, 8},{12065, 0},{7672, 10},{5225, 1},{11415, 7},{3781, 16},
{1223, 10},{7672, 10},{7836, 7},{5131, 0},{16339, 8},{12653, 1},{25802, 7},{3781, 16},{19954, 4},{25799, 7},
{1223, 10},{11311, 3},{7994, 17},{872, 1},{25800, 7},{16337, 8},{3781, 16},{23665, 10},{19954, 4},{13736, 3},
{11422, 7},{12570, 17},{7672, 10},{1685, 10},{4424, 10},{23292, 15},{18765, 8},{5573, 15},{10242, 15},{4424, 10},
{23292, 15},{18764, 8},{14361, 15},{15511, 15},{4424, 10},{23292, 15},{8623, 15},{18767, 8},{23292, 15},{18766, 8},
{4424, 10},{15686, 8},{23292, 15},{4424, 10},{9434, 8},{4424, 10},{23292, 15},{23292, 15},{4424, 10},{18763, 8},
{4424, 10},{18762, 8},{5577, 15},{23292, 15},{1685, 10},{12665, 8},{25126, 10},{18766, 8},{4424, 10},{20876, 15},
{5279, 15},{18767, 8},{20876, 15},{18378, 15},{4424, 10},{4424, 10},{14046, 15},{20876, 15},{18764, 8},{4424, 10},
{18248, 15},{18246, 15},{18765, 8},{20876, 15},{20876, 15},{18762, 8},{4424, 10},{21366, 8},{7672, 10},{21482, 3},
{3781, 16},{23665, 10},{13150, 1},{14807, 17},{1530, 4},{9799, 7},{7672, 10},{1223, 10},{25922, 1},{3175, 17},
{21365, 8},{9797, 7},{3781, 16},{21799, 3},{19290, 0},{1530, 4},{14079, 7},{15773, 7},{3781, 16},{7672, 10},
{14075, 7},{2516, 17},{1530, 4},{15382, 7},{21364, 8},{16894, 3},{15452, 1},{5503, 0},{1223, 10},{3383, 17},
{15771, 7},{7672, 10},{12330, 1},{9606, 3},{1530, 4},{21363, 8},{3781, 16},{15448, 1},{3781, 16},{1530, 4},
{22577, 8},{14865, 17},{20153, 7},{7672, 10},{441, 7},{15770, 7},{22543, 3},{21369, 8},{9800, 7},{8423, 17},
{1530, 4},{12330, 1},{15771, 7},{12285, 3},{3781, 16},{7672, 10},{26020, 0},{3781, 16},{434, 7},{20155, 7},
{3368, 17},{21368, 8},{7672, 10},{15458, 1},{1223, 10},{1530, 4},{24615, 3},{9797, 7},{1530, 4},{21367, 8},
{14079, 7},{4642, 3},{21694, 17},{6322, 7},{7672, 10},{23665, 10},{3781, 16},{15452, 1},{3781, 16},{21361, 8},
{15382, 7},{7672, 10},{2976, 17},{25918, 1},{23665, 10},{1530, 4},{24814, 3},{6586, 3},{3781, 16},{15772, 7},
{7672, 10},{21360, 8},{12333, 1},{20158, 7},{1530, 4},{6975, 17},{12611, 17},{12136, 7},{3781, 16},{0, 3},
{23665, 10},{7672, 10},{24752, 4},{4494, 8},{4116, 1},{7672, 10},{24885, 7},{4492, 8},{18926, 7},{3781, 16},
{18929, 7},{6389, 1},{24752, 4},{23665, 10},{21985, 3},{17156, 17},{14306, 15},{13017, 8},{4424, 10},{21078, 15},
{14306, 15},{4424, 10},{13018, 8},{14306, 15},{13019, 8},{4424, 10},{21083, 15},{7672, 10},{3781, 16},{9463, 8},
{6380, 1},{24885, 7},{22901, 17},{20425, 3},{24752, 4},{26401, 7},{3781, 16},{19138, 8},{24752, 4},{4120, 1},
{23930, 3},{26392, 7},{25674, 7},{7672, 10},{25471, 17},{3781, 16},{26393, 7},{833, 17},{9461, 8},{24752, 4},
{23665, 10},{18375, 3},{22806, 1},{7672, 10},{10075, 8},{20012, 17},{7672, 10},{19873, 7},{18928, 7},{4117, 1},
{24752, 4},{23109, 3},{23665, 10},{3781, 16},{5178, 7},{6381, 1},{18933, 7},{6795, 17},{25676, 7},{22976, 3},
{3781, 16},{7672, 10},{24752, 4},{9767, 8},{1052, 8},{25126, 10},{20795, 8},{25126, 10},{25126, 10},{17343, 8},
{25126, 10},{25608, 8},{25626, 8},{25126, 10},{25126, 10},{17453, 8},{25621, 8},{25126, 10},{25623, 8},{25126, 10},
{26312, 8},{25126, 10},{26313, 8},{25126, 10},{4424, 10},{18766, 8},{15545, 15},{9830, 15},{4136, 15},{18766, 8},
{4424, 10},{13432, 15},{18767, 8},{13432, 15},{4424, 10},{18764, 8},{13432, 15},{1577, 15},{4424, 10},{13432, 15},
{4424, 10},{18765, 8},{13432, 15},{21268, 15},{18762, 8},{22370, 15},{4424, 10},{14063, 15},{4424, 10},{13432, 15},
{14060, 15},{18763, 8},{13432, 15},{9434, 8},{21269, 15},{4424, 10},{4424, 10},{15686, 8},{15599, 15},{13432, 15},
{6690, 8},{13432, 15},{4424, 10},{13432, 15},{6692, 8},{4424, 10},{11781, 7},{3781, 16},{12232, 4},{11747, 8},
{5529, 7},{8957, 17},{25273, 10},{17524, 8},{5524, 7},{6310, 7},{3781, 16},{12232, 4},{8654, 17},{25273, 10},
{4827, 17},{2435, 8},{14305, 7},{12232, 4},{25273, 10},{11774, 7},{11772, 7},{3781, 16},{12232, 4},{2448, 8},
{14307, 7},{12500, 7},{20407, 1},{25273, 10},{21308, 17},{18542, 7},{3781, 16},{20398, 1},{12232, 4},{14303, 7},
{10281, 8},{846, 17},{7366, 7},{3781, 16},{25273, 10},{6310, 7},{25273, 10},{19931, 7},{11772, 7},{12232, 4},
{2418, 8},{3781, 16},{14265, 17},{22063, 17},{25273, 10},{8148, 1},{19926, 7},{12504, 7},{3781, 16},{7362, 7},
{7980, 8},{12232, 4},{7366, 7},{20401, 1},{12232, 4},{3781, 16},{7361, 7},{25273, 10},{12505, 7},{19922, 7},
{7362, 7},{10211, 8},{24966, 17},{2345, 8},{12500, 7},{19930, 7},{12232, 4},{3781, 16},{25273, 10},{5528, 7},
{13879, 17},{23891, 17},{12232, 4},{19925, 7},{3781, 16},{7366, 7},{12507, 7},{2357, 8},{25273, 10},{1204, 17},
{26339, 7},{3781, 16},{5843, 7},{26338, 7},{25273, 10},{1143, 4},{19629, 8},{6692, 8},{1407, 15},{4424, 10},
{20407, 15},{5778, 15},{20407, 15},{4424, 10},{6690, 8},{1685, 10},{20407, 15},{18767, 8},{4424, 10},{20407, 15},
{25307, 15},{18766, 8},{4424, 10},{20407, 15},{18765, 8},{4424, 10},{20407, 15},{5778, 15},{18764, 8},{22262, 15},
{4424, 10},{20407, 15},{22265, 15},{18763, 8},{4424, 10},{20407, 15},{4424, 10},{18762, 8},{1942, 15},{20407, 15},
{4424, 10},{15686, 8},{20407, 15},{9434, 8},{4424, 10},{15452, 15},{9434, 8},{4424, 10},{15452, 15},{11322, 15},
{15686, 8},{12458, 15},{11667, 15},{4424, 10},{18762, 8},{15452, 15},{4424, 10},{21611, 15},{18457, 15},{18763, 8},
{4424, 10},{15452, 15},{21604, 15},{4424, 10},{18764, 8},{1931, 15},{15452, 15},{11669, 15},{15452, 15},{4424, 10},
{18765, 8},{691, 7},{15740, 7},{15455, 8},{6711, 7},{2359, 3},{26003, 1},{3781, 16},{7672, 10},{15434, 17},
{23441, 4},{18767, 8},{4424, 10},{15452, 15},{13921, 3},{20381, 7},{7672, 10},{13954, 17},{6709, 7},{13643, 8},
{23441, 4},{3781, 16},{13203, 1},{20381, 7},{26370, 8},{254, 3},{12410, 17},{3781, 16},{23248, 7},{7672, 10},
{23441, 4},{6706, 7},{11074, 1},{23441, 4},{16226, 17},{15737, 7},{22765, 3},{7672, 10},{26224, 1},{6707, 7},
{13647, 8},{3781, 16},{11571, 0},{1223, 10},{699, 7},{1006, 17},{696, 7},{23441, 4},{13645, 8},{19136, 3},
{7672, 10},{26001, 1},{3781, 16},{20379, 7},{26230, 1},{23441, 4},{6706, 7},{1223, 10},{6717, 3},{15735, 7},
{15242, 17},{7672, 10},{13631, 8},{3781, 16},{4306, 0},{18135, 17},{7672, 10},{20385, 7},{6713, 7},{26223, 1},
{3781, 16},{23441, 4},{17750, 3},{26325, 8},{23248, 7},{23665, 10},{8660, 3},{7672, 10},{3781, 16},{698, 7},
{26363, 8},{13203, 1},{23441, 4},{24668, 17},{5246, 17},{23246, 7},{13632, 8},{3781, 16},{7672, 10},{6705, 7},
{20380, 7},{26221, 1},{6034, 3},{23441, 4},{6690, 8},{865, 15},{9758, 15},{4424, 10},{865, 15},{4424, 10},
{6692, 8},{18764, 8},{4424, 10},{865, 15},{4424, 10},{18765, 8},{865, 15},{4424, 10},{865, 15},{18766, 8},
{18767, 8},{4052, 15},{4424, 10},{865, 15},{4424, 10},{865, 15},{9434, 8},{4052, 15},{15476, 15},{3019, 15},
{4424, 10},{865, 15},{15686, 8},{4424, 10},{865, 15},{18762, 8},{629, 15},{4424, 10},{18763, 8},{865, 15},
{9458, 15},{4424, 10},{18767, 8},{1685, 10},{12633, 11},{11538, 10},{1685, 10},{10576, 4},{3781, 16},{10679, 7},
{4802, 8},{25273, 10},{4133, 1},{4630, 17},{5459, 7},{19469, 7},{4803, 8},{25273, 10},{26036, 17},{5452, 7},
{3781, 16},{10576, 4},{5450, 7},{12430, 7},{4798, 8},{7693, 7},{25273, 10},{3781, 16},{10576, 4},{14662, 7},
{5452, 7},{7173, 17},{25273, 10},{14659, 7},{16012, 17},{10576, 4},{3781, 16},{7094, 1},{4799, 8},{7694, 7},
{3781, 16},{25273, 10},{5450, 7},{25488, 17},{7090, 1},{4800, 8},{10576, 4},{20597, 7},{10679, 7},{12617, 17},
{25273, 10},{12424, 7},{10576, 4},{10658, 7},{3781, 16},{15421, 8},{10576, 4},{3781, 16},{3685, 17},{7694, 7},
{25273, 10},{20593, 7},{4794, 8},{10679, 7},{5459, 7},{22694, 17},{10576, 4},{4795, 8},{7090, 1},{25273, 10},
{12857, 7},{3781, 16},{12425, 7},{10576, 4},{25273, 10},{12868, 7},{20617, 17},{4796, 8},{3781, 16},{15039, 7},
{3781, 16},{10596, 17},{5450, 7},{4797, 8},{10576, 4},{25273, 10},{15039, 7},{7692, 7},{6690, 8},{17262, 15},
{881, 15},{4424, 10},{4424, 10},{17262, 15},{6692, 8},{1685, 10},{4424, 10},{15686, 8},{17262, 15},{17262, 15},
{17214, 15},{4424, 10},{18762, 8},{17262, 15},{18763, 8},{4424, 10},{17262, 15},{18764, 8},{4424, 10},{17210, 15},
{4424, 10},{17262, 15},{18765, 8},{4424, 10},{18766, 8},{17212, 15},{17262, 15},{4424, 10},{17262, 15},{3645, 15},
{18767, 8},{1685, 10},{4424, 10},{13013, 8},{26239, 15},{1442, 15},{1442, 15},{10443, 15},{4424, 10},{13019, 8},
{4424, 10},{1442, 15},{13020, 8},{13017, 8},{17209, 15},{1442, 15},{4424, 10},{4424, 10},{13018, 8},{23591, 15},
{1442, 15},{6114, 12},{23979, 9},{23987, 9},{18188, 5},{13373, 8},{16592, 17},{3781, 16},{3864, 10},{15612, 3},
{23441, 2},{20379, 9},{26069, 13},{3781, 16},{25273, 10},{21772, 7},{1530, 4},{10268, 8},{26013, 7},{20892, 17},
{3781, 16},{16392, 17},{10267, 8},{25273, 10},{1530, 4},{5503, 7},{26013, 7},{12491, 7},{25273, 10},{1530, 4},
{3781, 16},{10266, 8},{24299, 17},{12481, 7},{4311, 9},{20377, 9},{23441, 2},{18188, 5},{944, 8},{3864, 10},
{4819, 17},{23173, 13},{15565, 12},{3781, 16},{4340, 3},{6900, 13},{23441, 2},{20384, 9},{4309, 9},{25190, 3},
{3781, 16},{7421, 12},{20162, 5},{11529, 17},{3864, 10},{20376, 9},{4310, 9},{13376, 8},{4308, 9},{3864, 10},
{20386, 9},{4307, 9},{23313, 13},{21990, 17},{13379, 8},{25819, 12},{20164, 5},{22876, 3},{20383, 9},{23441, 2},
{3781, 16},{20380, 9},{3864, 10},{13378, 8},{20385, 9},{8660, 13},{4306, 9},{20167, 5},{3781, 16},{23441, 2},
{13598, 17},{14984, 3},{10489, 12},{23986, 9},{12232, 4},{19929, 7},{8148, 1},{11782, 7},{25273, 10},{3781, 16},
{3439, 17},{16369, 8},{14309, 7},{12232, 4},{12502, 7},{3781, 16},{19924, 7},{25273, 10},{16370, 8},{1007, 17},
{25273, 10},{16367, 8},{19931, 7},{224, 17},{12232, 4},{5524, 7},{5020, 1},{3781, 16},{14309, 7},{11778, 7},
{8724, 17},{7363, 7},{25273, 10},{3781, 16},{16368, 8},{7367, 7},{12232, 4},{12232, 4},{23212, 8},{16151, 17},
{14302, 7},{25273, 10},{14307, 7},{3781, 16},{5529, 7},{7368, 7},{12232, 4},{22399, 17},{5527, 7},{11776, 7},
{3781, 16},{25273, 10},{6293, 7},{16366, 8},{11777, 7},{19925, 7},{3781, 16},{5332, 17},{16363, 8},{12232, 4},
{25273, 10},{11778, 7},{16364, 8},{12232, 4},{25273, 10},{11781, 7},{7364, 7},{5018, 1},{12507, 7},{3781, 16},
{14303, 7},{17051, 17},{18542, 7},{12232, 4},{3781, 16},{11779, 7},{16371, 8},{19929, 7},{2739, 17},{25273, 10},
{11772, 7},{3781, 16},{16372, 8},{25273, 10},{7362, 7},{12232, 4},{24639, 17},{1878, 17},{23441, 4},{7934, 3},
{3781, 16},{695, 7},{7672, 10},{14583, 8},{6713, 7},{23947, 1},{7672, 10},{3781, 16},{23441, 4},{17718, 17},
{14984, 3},{13203, 1},{20383, 7},{20384, 7},{14582, 8},{1828, 10},{7293, 14},{10186, 8},{14593, 8},{23441, 4},
{3781, 16},{7672, 10},{700, 7},{23249, 7},{20381, 7},{23950, 1},{16375, 3},{25693, 17},{17401, 8},{2473, 10},
{2473, 10},{17400, 8},{2473, 10},{17399, 8},{17398, 8},{2473, 10},{2473, 10},{25345, 8},{17396, 8},{2473, 10},
{2473, 10},{17395, 8},{17394, 8},{2473, 10},{17392, 8},{2473, 10},{17391, 8},{2473, 10},{22805, 15},{4424, 10},
{18767, 8},{1300, 15},{18767, 8},{4424, 10},{1300, 15},{4424, 10},{18766, 8},{25948, 15},{4424, 10},{1300, 15},
{18765, 8},{7826, 7},{3781, 16},{19992, 17},{401, 7},{15066, 4},{10271, 8},{25273, 10},{22646, 7},{15066, 4},
{7826, 7},{10268, 8},{3971, 17},{401, 7},{2643, 7},{2640, 7},{3781, 16},{25273, 10},{15066, 4},{10269, 8},
{15859, 7},{14861, 7},{2640, 7},{25273, 10},{7278, 1},{22644, 7},{8554, 17},{3781, 16},{12841, 17},{8564, 7},
{25273, 10},{10266, 8},{3781, 16},{8563, 7},{15066, 4},{3840, 7},{10267, 8},{3781, 16},{8565, 7},{15066, 4},
{8326, 17},{25273, 10},{22646, 7},{22651, 7},{22085, 17},{25273, 10},{22650, 7},{3781, 16},{15853, 7},{10274, 8},
{15066, 4},{25273, 10},{15066, 4},{402, 7},{401, 7},{3781, 16},{10275, 8},{7818, 7},{16208, 17},{20881, 15},
{20980, 15},{9434, 8},{4424, 10},{18763, 8},{20881, 15},{4424, 10},{4424, 10},{20881, 15},{18762, 8},{18765, 8},
{4424, 10},{20881, 15},{18764, 8},{4424, 10},{18037, 15},{20881, 15},{20881, 15},{18767, 8},{4424, 10},{20881, 15},
{4424, 10},{18766, 8},{19500, 8},{25126, 10},{25314, 4},{19346, 7},{3781, 16},{16472, 3},{7672, 10},{19343, 7},
{24779, 17},{7977, 1},{1223, 10},{4708, 0},{21365, 8},{9842, 7},{19926, 7},{14146, 8},{5438, 17},{3781, 16},
{12232, 4},{5022, 1},{25273, 10},{7364, 7},{12232, 4},{14147, 8},{5527, 7},{6293, 7},{6300, 7},{3781, 16},
{10479, 17},{25273, 10},{12232, 4},{1, 17},{14144, 8},{25273, 10},{12504, 7},{12500, 7},{3781, 16},{3781, 16},
{5530, 7},{25273, 10},{12232, 4},{12507, 7},{14303, 7},{2453, 17},{5461, 8},{5527, 7},{12232, 4},{25273, 10},
{5533, 7},{23826, 17},{19927, 7},{14142, 8},{3781, 16},{7366, 7},{19925, 7},{11772, 7},{12232, 4},{25273, 10},
{14143, 8},{18542, 7},{3781, 16},{13671, 17},{7366, 7},{14305, 7},{25273, 10},{12503, 7},{19929, 7},{3781, 16},
{12232, 4},{1135, 17},{14140, 8},{25273, 10},{3781, 16},{12508, 7},{5017, 1},{12509, 7},{14141, 8},{7362, 7},
{12232, 4},{7475, 7},{18944, 17},{14310, 7},{24375, 17},{11772, 7},{3781, 16},{25273, 10},{7369, 7},{12232, 4},
{14151, 8},{26146, 1},{23665, 10},{18133, 17},{1733, 8},{1530, 4},{23754, 3},{7672, 10},{3781, 16},{12331, 1},
{14075, 7},{19495, 8},{25126, 10},{19496, 8},{25126, 10},{25126, 10},{19497, 8},{1685, 10},{1461, 3},{7672, 10},
{15272, 4},{25692, 17},{3781, 16},{15454, 8},{9773, 7},{1448, 1},{13758, 7},{7672, 10},{18324, 7},{13508, 3},
{3555, 17},{5957, 7},{3781, 16},{15272, 4},{23665, 10},{15455, 8},{17261, 1},{22665, 7},{14890, 8},{10576, 4},
{25173, 7},{22908, 17},{25273, 10},{3781, 16},{25169, 7},{12868, 7},{9424, 8},{25273, 10},{10669, 7},{24406, 17},
{12428, 7},{10576, 4},{3781, 16},{20597, 7},{25273, 10},{7963, 17},{7691, 7},{19467, 7},{3781, 16},{3596, 8},
{7685, 7},{10576, 4},{10594, 17},{3597, 8},{10640, 7},{10576, 4},{3781, 16},{20597, 7},{25273, 10},{5953, 7},
{1528, 3},{3781, 16},{20130, 7},{1139, 17},{17260, 1},{26370, 8},{22784, 7},{7672, 10},{15272, 4},{23665, 10},
{3781, 16},{1223, 10},{18322, 7},{22670, 7},{15272, 4},{17816, 0},{20981, 3},{895, 1},{22784, 7},{7672, 10},
{13643, 8},{10877, 17},{22005, 8},{7693, 7},{10679, 7},{10576, 4},{14102, 17},{12900, 7},{10673, 7},{25273, 10},
{3781, 16},{5452, 7},{10576, 4},{25273, 10},{22008, 8},{10664, 7},{14659, 7},{3781, 16},{1536, 17},{4550, 3},
{26325, 8},{20124, 7},{7672, 10},{3781, 16},{15272, 4},{1446, 1},{13750, 7},{20459, 17},{10576, 4},{12431, 7},
{22011, 8},{41, 17},{7694, 7},{25273, 10},{3781, 16},{4132, 1},{12435, 7},{4424, 10},{13018, 8},{602, 15},
{22806, 15},{13017, 8},{22806, 15},{4424, 10},{13020, 8},{22806, 15},{4424, 10},{4424, 10},{13019, 8},{11680, 15},
{22806, 15},{13014, 8},{22806, 15},{4424, 10},{21402, 15},{13013, 8},{22806, 15},{11681, 15},{4424, 10},{4424, 10},
{22806, 15},{588, 15},{13015, 8},{1685, 10},{12022, 7},{3781, 16},{25273, 10},{26191, 17},{12027, 7},{8227, 7},
{24752, 4},{9482, 8},{24752, 4},{18950, 7},{1850, 17},{1359, 7},{3781, 16},{25273, 10},{9481, 8},{25273, 10},
{6383, 1},{8930, 17},{12031, 7},{3781, 16},{9480, 8},{24752, 4},{8227, 7},{14257, 7},{14255, 7},{14258, 7},
{9479, 8},{25860, 17},{24752, 4},{3781, 16},{25273, 10},{5102, 7},{25273, 10},{9478, 8},{5125, 17},{3781, 16},
{6925, 7},{14254, 7},{24752, 4},{6923, 7},{22805, 1},{16790, 8},{19351, 17},{12024, 7},{3781, 16},{5106, 7},
{25273, 10},{24752, 4},{5102, 7},{14251, 7},{18959, 7},{5107, 7},{3781, 16},{12639, 17},{24752, 4},{25273, 10},
{9476, 8},{1685, 10},{3781, 16},{15193, 17},{6922, 7},{24752, 4},{14257, 7},{25273, 10},{9484, 8},{1357, 7},
{24752, 4},{5101, 7},{2040, 17},{25273, 10},{9483, 8},{3781, 16},{12024, 7},{12232, 14},{15362, 10},{15362, 10},
{12232, 14},{12232, 14},{15362, 10},{9434, 8},{20200, 15},{4424, 10},{2011, 15},{2756, 7},{17710, 8},{3781, 16},
{2757, 7},{16284, 7},{24948, 17},{12253, 4},{25273, 10},{19813, 8},{3781, 16},{16284, 7},{20880, 1},{25273, 10},
{7248, 7},{19856, 7},{3275, 7},{12253, 4},{18171, 17},{15362, 10},{23441, 14},{25273, 10},{12253, 4},{22387, 7},
{3272, 7},{7248, 7},{1375, 8},{3781, 16},{17292, 17},{2757, 7},{2764, 7},{17301, 8},{12253, 4},{25273, 10},
{3781, 16},{3272, 7},{19851, 7},{24334, 17},{16411, 17},{3272, 7},{20881, 1},{19850, 7},{12253, 4},{19756, 8},
{25273, 10},{7250, 7},{3781, 16},{15362, 10},{23441, 14},{23441, 14},{15362, 10},{26440, 8},{7251, 7},{5678, 17},
{3781, 16},{15903, 1},{7249, 7},{25273, 10},{12253, 4},{23441, 14},{15362, 10},{4048, 15},{13018, 8},{10844, 15},
{4424, 10},{4424, 10},{10844, 15},{13017, 8},{13020, 8},{10844, 15},{4424, 10},{4424, 10},{10844, 15},{23720, 15},
{13019, 8},{13013, 8},{4424, 10},{10844, 15},{9762, 15},{1685, 10},{1685, 10},{9555, 15},{6690, 8},{4424, 10},
{4424, 10},{6692, 8},{9555, 15},{3781, 16},{23461, 7},{2980, 8},{5011, 17},{15272, 4},{25273, 10},{23462, 7},
{3769, 7},{9555, 15},{4424, 10},{18766, 8},{9555, 15},{18818, 15},{18767, 8},{7354, 15},{4424, 10},{18811, 15},
{9555, 15},{18764, 8},{4424, 10},{18765, 8},{9555, 15},{8836, 15},{4424, 10},{9555, 15},{6667, 15},{4424, 10},
{8833, 15},{18762, 8},{4424, 10},{6669, 15},{18763, 8},{9555, 15},{9434, 8},{18812, 15},{4424, 10},{9555, 15},
{4424, 10},{15686, 8},{9555, 15},{6675, 15},{1685, 10},{22798, 7},{3781, 16},{25263, 7},{9139, 1},{2813, 17},
{18549, 8},{25273, 10},{13175, 4},{22170, 7},{13175, 4},{5495, 8},{18526, 7},{10151, 17},{25273, 10},{3781, 16},
{18525, 7},{3929, 1},{3781, 16},{18529, 7},{18547, 8},{19375, 17},{13175, 4},{25273, 10},{22158, 7},{19806, 7},
{13175, 4},{3781, 16},{25273, 10},{20653, 7},{17573, 7},{18548, 8},{18529, 7},{21152, 17},{20660, 7},{25264, 7},
{25273, 10},{19508, 17},{3781, 16},{13175, 4},{18545, 8},{18523, 7},{18785, 1},{25273, 10},{3781, 16},{18546, 8},
{13175, 4},{22170, 7},{25262, 7},{5442, 17},{6692, 8},{5022, 15},{4424, 10},{6690, 8},{4424, 10},{5022, 15},
{6903, 17},{18525, 7},{13175, 4},{11763, 7},{25273, 10},{3781, 16},{18552, 8},{3781, 16},{18524, 7},{18553, 8},
{22170, 7},{25273, 10},{9235, 17},{13175, 4},{4424, 10},{5022, 15},{18763, 8},{4424, 10},{18762, 8},{5022, 15},
{5022, 15},{4424, 10},{18765, 8},{5022, 15},{4424, 10},{18764, 8},{4424, 10},{18767, 8},{5022, 15},{1935, 15},
{3878, 8},{8563, 7},{4448, 17},{8557, 7},{25273, 10},{3781, 16},{15066, 4},{23975, 4},{24913, 17},{7164, 7},
{9289, 8},{3781, 16},{20234, 7},{25273, 10},{15275, 17},{3781, 16},{25273, 10},{9288, 8},{20241, 7},{23975, 4},
{537, 7},{539, 7},{543, 7},{20234, 7},{26039, 8},{25273, 10},{8692, 7},{3781, 16},{23975, 4},{16262, 7},
{10703, 17},{8692, 7},{15238, 17},{23975, 4},{3781, 16},{7165, 7},{16257, 7},{25273, 10},{9290, 8},{8686, 7},
{9285, 8},{23975, 4},{25273, 10},{10882, 17},{536, 7},{3781, 16},{7165, 7},{16256, 7},{5291, 17},{9284, 8},
{25273, 10},{23975, 4},{536, 7},{3781, 16},{3781, 16},{18131, 17},{20241, 7},{7164, 7},{25273, 10},{544, 7},
{9287, 8},{23975, 4},{539, 7},{23975, 4},{20237, 7},{8695, 7},{25273, 10},{9286, 8},{16257, 7},{24363, 1},
{8685, 7},{22523, 17},{3781, 16},{6998, 17},{9283, 8},{23975, 4},{3781, 16},{25273, 10},{16255, 7},{542, 7},
{16260, 7},{8367, 1},{25273, 10},{23975, 4},{536, 7},{20241, 7},{3781, 16},{21850, 17},{9282, 8},{16257, 7},
{16259, 7},{8283, 10},{25819, 12},{12350, 5},{14249, 9},{2084, 17},{18924, 9},{23734, 3},{3781, 16},{12579, 13},
{14250, 9},{24752, 2},{21166, 8},{1685, 10},{18764, 8},{5019, 15},{4424, 10},{4424, 10},{5570, 15},{7096, 15},
{18765, 8},{9547, 15},{7096, 15},{4424, 10},{18764, 8},{1694, 15},{25288, 15},{7096, 15},{18767, 8},{4424, 10},
{16708, 15},{18766, 8},{25292, 15},{4424, 10},{7096, 15},{6943, 15},{9434, 8},{7096, 15},{4424, 10},{7096, 15},
{4424, 10},{18763, 8},{4424, 10},{24673, 15},{18762, 8},{7096, 15},{11769, 7},{25263, 7},{3781, 16},{25273, 10},
{13175, 4},{20517, 8},{25265, 7},{22453, 17},{13175, 4},{20518, 8},{11767, 7},{8408, 17},{25268, 7},{3781, 16},
{25273, 10},{22792, 7},{18520, 7},{13175, 4},{3781, 16},{25273, 10},{18527, 7},{9432, 17},{20522, 8},{1685, 10},
{20520, 8},{18521, 7},{7549, 17},{25273, 10},{3781, 16},{25267, 7},{13175, 4},{22802, 7},{19790, 17},{20660, 7},
{25273, 10},{20521, 8},{25263, 7},{13175, 4},{3781, 16},{25273, 10},{12861, 17},{18525, 7},{20526, 8},{22796, 7},
{3781, 16},{20658, 7},{13175, 4},{11764, 7},{11760, 7},{11763, 7},{17327, 8},{3781, 16},{6591, 17},{25266, 7},
{22792, 7},{18781, 1},{25273, 10},{13175, 4},{25273, 10},{20524, 8},{13175, 4},{18529, 7},{22800, 7},{3781, 16},
{22170, 7},{8754, 17},{22793, 7},{18521, 7},{9133, 1},{22802, 7},{13175, 4},{25273, 10},{3781, 16},{12462, 8},
{25268, 7},{15753, 17},{16898, 7},{25273, 10},{8204, 4},{13688, 17},{11735, 8},{3781, 16},{16906, 7},{19603, 7},
{8204, 4},{5057, 17},{16902, 7},{3781, 16},{26371, 7},{25273, 10},{11734, 8},{1685, 10},{10123, 7},{5431, 7},
{11732, 8},{8204, 4},{25137, 7},{10120, 7},{9269, 17},{25273, 10},{3781, 16},{606, 17},{25134, 7},{11731, 8},
{25273, 10},{3781, 16},{8204, 4},{19602, 7},{16905, 7},{23528, 7},{16904, 7},{11730, 8},{16898, 7},{25273, 10},
{3781, 16},{8204, 4},{5432, 7},{8390, 17},{25273, 10},{3781, 16},{10968, 17},{20865, 1},{5431, 7},{5425, 7},
{5429, 7},{8204, 4},{5432, 7},{11729, 8},{10126, 7},{17457, 8},{25136, 7},{18850, 17},{23520, 7},{25273, 10},
{25130, 7},{13439, 1},{8204, 4},{3781, 16},{5435, 7},{8204, 4},{11727, 8},{23528, 7},{3781, 16},{16906, 7},
{25273, 10},{7225, 17},{14684, 1},{23523, 7},{25273, 10},{11719, 7},{12641, 17},{16903, 7},{11726, 8},{3781, 16},
{10127, 7},{8204, 4},{3781, 16},{11725, 8},{25273, 10},{2957, 17},{8204, 4},{23519, 7},{10125, 7},{23527, 7},
{1685, 10},{4424, 10},{13017, 8},{18785, 15},{1685, 10},{4424, 10},{15111, 15},{15686, 8},{22332, 15},{22392, 7},
{12253, 4},{14179, 7},{25628, 17},{3781, 16},{25273, 10},{9483, 8},{3781, 16},{18754, 17},{19853, 7},{12253, 4},
{3276, 7},{25273, 10},{9484, 8},{7246, 7},{3781, 16},{12253, 4},{2757, 7},{2762, 7},{18842, 17},{25273, 10},
{9479, 8},{9480, 8},{7249, 7},{19851, 7},{3781, 16},{3566, 17},{25273, 10},{20879, 1},{12253, 4},{4946, 17},
{2757, 7},{2628, 1},{12253, 4},{3781, 16},{25273, 10},{22392, 7},{9481, 8},{3272, 7},{3781, 16},{12253, 4},
{6554, 17},{7248, 7},{22397, 7},{9482, 8},{2761, 7},{25273, 10},{20883, 1},{25273, 10},{19854, 7},{12253, 4},
{3781, 16},{19852, 7},{4578, 8},{13311, 17},{14177, 7},{3781, 16},{25273, 10},{9476, 8},{14175, 7},{13927, 17},
{12253, 4},{14178, 7},{3274, 7},{22387, 7},{4386, 17},{12253, 4},{25273, 10},{7250, 7},{19855, 7},{16790, 8},
{3781, 16},{19848, 7},{9478, 8},{12253, 4},{19852, 7},{19854, 7},{25273, 10},{24030, 17},{3781, 16},{18785, 15},
{13019, 8},{4424, 10},{4424, 10},{13537, 15},{13020, 8},{18785, 15},{4424, 10},{18765, 8},{7981, 15},{13018, 8},
{3165, 15},{18785, 15},{4424, 10},{7981, 15},{18763, 8},{4424, 10},{16917, 15},{18762, 8},{7981, 15},{4424, 10},
{18457, 15},{7981, 15},{8276, 15},{15686, 8},{4424, 10},{7981, 15},{18458, 15},{9434, 8},{18453, 15},{4424, 10},
{7981, 15},{6692, 8},{18449, 15},{4424, 10},{16922, 15},{11320, 15},{18452, 15},{6690, 8},{4424, 10},{23764, 15},
{7981, 15},{25626, 8},{25126, 10},{3781, 16},{25273, 10},{14511, 7},{7543, 7},{18544, 8},{7073, 17},{17612, 4},
{18545, 8},{25273, 10},{3781, 16},{856, 7},{9722, 17},{17612, 4},{14515, 7},{17612, 4},{25273, 10},{14512, 7},
{856, 7},{18546, 8},{3781, 16},{23669, 17},{25126, 10},{1052, 8},{25126, 10},{20795, 8},{17343, 8},{25126, 10},
{25126, 10},{25608, 8},{4132, 1},{25173, 7},{3781, 16},{5457, 7},{10576, 4},{2432, 17},{2345, 8},{7693, 7},
{25273, 10},{10660, 7},{7689, 7},{22656, 17},{3781, 16},{2357, 8},{10576, 4},{25273, 10},{1685, 10},{25173, 7},
{10664, 7},{3781, 16},{18509, 17},{25273, 10},{10576, 4},{10211, 8},{20597, 7},{3781, 16},{16783, 17},{25273, 10},
{10281, 8},{12868, 7},{10576, 4},{10576, 4},{10664, 7},{19921, 17},{25118, 1},{2418, 8},{5453, 7},{25273, 10},
{3781, 16},{25273, 10},{12428, 7},{5452, 7},{10576, 4},{2435, 8},{10669, 7},{15171, 17},{12868, 7},{3781, 16},
{2448, 8},{10576, 4},{20592, 7},{3781, 16},{7692, 7},{5390, 17},{12868, 7},{25173, 7},{25273, 10},{18785, 15},
{20315, 15},{4424, 10},{13013, 8},{13541, 15},{4424, 10},{5019, 15},{6690, 8},{4424, 10},{6690, 8},{4135, 15},
{5136, 7},{19625, 8},{3781, 16},{8069, 7},{21599, 17},{25613, 7},{19954, 4},{5130, 7},{25273, 10},{12065, 7},
{25273, 10},{25609, 7},{24210, 17},{3781, 16},{19624, 8},{19954, 4},{25612, 7},{3781, 16},{8071, 7},{19954, 4},
{25616, 7},{25613, 7},{25273, 10},{11819, 8},{14299, 17},{3781, 16},{1743, 7},{11816, 8},{19954, 4},{25273, 10},
{6956, 17},{5131, 7},{25273, 10},{3781, 16},{1736, 7},{22708, 7},{19954, 4},{349, 17},{19629, 8},{25613, 7},
{25273, 10},{19954, 4},{11480, 17},{1736, 7},{3781, 16},{8079, 7},{19628, 8},{5137, 7},{3781, 16},{25612, 7},
{25273, 10},{22359, 17},{22708, 7},{19954, 4},{19627, 8},{25613, 7},{3781, 16},{25273, 10},{1740, 7},{19626, 8},
{24822, 7},{19954, 4},{15816, 17},{12066, 7},{8153, 15},{18767, 8},{4219, 15},{4424, 10},{25273, 10},{12060, 7},
{20541, 17},{13462, 8},{12058, 7},{3781, 16},{19954, 4},{3781, 16},{19954, 4},{25273, 10},{1741, 7},{11869, 8},
{25613, 7},{24710, 17},{1685, 10},{20398, 15},{14358, 15},{13018, 8},{4424, 10},{20398, 15},{4424, 10},{13017, 8},
{23441, 4},{8125, 17},{25273, 10},{4306, 7},{23978, 7},{20521, 8},{3781, 16},{901, 1},{22790, 7},{9771, 7},
{3781, 16},{5957, 7},{19315, 17},{8482, 8},{15272, 4},{7672, 10},{870, 3},{17145, 7},{20523, 8},{25273, 10},
{17148, 7},{23978, 7},{10400, 7},{23441, 4},{24717, 17},{3781, 16},{4311, 7},{4312, 7},{17147, 7},{25273, 10},
{23441, 4},{20522, 8},{3781, 16},{15959, 17},{20619, 17},{23441, 4},{10392, 7},{3781, 16},{4306, 7},{25273, 10},
{4311, 7},{12462, 8},{20524, 8},{7599, 17},{17150, 7},{11120, 7},{23441, 4},{17152, 7},{25273, 10},{3781, 16},
{3781, 16},{10399, 7},{17152, 7},{25273, 10},{23441, 4},{10396, 7},{17327, 8},{17154, 7},{11195, 17},{20526, 8},
{25273, 10},{23441, 4},{17147, 7},{10391, 7},{23987, 7},{24313, 17},{3781, 16},{4310, 7},{17150, 7},{23441, 4},
{25273, 10},{11568, 7},{18019, 17},{26224, 1},{3781, 16},{10392, 7},{11565, 7},{20518, 8},{25273, 10},{3781, 16},
{23441, 4},{4313, 7},{18495, 17},{17149, 7},{17146, 7},{20517, 8},{1685, 10},{3409, 15},{15605, 15},{4424, 10},
{18764, 8},{22373, 15},{4424, 10},{3409, 15},{18765, 8},{3409, 15},{4424, 10},{18766, 8},{3409, 15},{18767, 8},
{4424, 10},{25548, 12},{15254, 13},{6764, 10},{4506, 8},{7156, 9},{12278, 9},{3781, 16},{7163, 9},{20206, 17},
{1885, 3},{23975, 2},{24301, 5},{3169, 15},{9133, 15},{13013, 8},{25952, 15},{4424, 10},{25954, 15},{13014, 8},
{9133, 15},{17232, 15},{4424, 10},{9133, 15},{4424, 10},{3166, 15},{13015, 8},{1685, 10},{13017, 8},{9133, 15},
{4424, 10},{13018, 8},{4424, 10},{9133, 15},{9133, 15},{16040, 15},{4424, 10},{13019, 8},{13020, 8},{4424, 10},
{9133, 15},{6706, 7},{23665, 10},{7672, 10},{9665, 17},{17455, 3},{3781, 16},{7583, 8},{11071, 1},{23441, 4},
{3781, 16},{10576, 4},{25273, 10},{5456, 7},{18169, 17},{9483, 8},{5459, 7},{5450, 7},{5453, 7},{17395, 8},
{2473, 10},{2473, 10},{17394, 8},{25345, 8},{2473, 10},{17396, 8},{2473, 10},{17399, 8},{2473, 10},{17398, 8},
{2473, 10},{17401, 8},{2473, 10},{2473, 10},{17400, 8},{17392, 8},{2473, 10},{17391, 8},{2473, 10},{7165, 7},
{23975, 4},{22278, 8},{25273, 10},{13195, 17},{7163, 7},{9033, 1},{3781, 16},{7156, 7},{20233, 7},{25273, 10},
{10112, 17},{1774, 8},{23975, 4},{3781, 16},{10098, 7},{5850, 7},{3781, 16},{950, 17},{15338, 8},{25273, 10},
{1143, 4},{25273, 10},{17713, 17},{5841, 7},{15337, 8},{1143, 4},{3781, 16},{10100, 7},{26342, 7},{1685, 10},
{23441, 4},{11088, 3},{26001, 1},{7582, 8},{7699, 17},{7672, 10},{693, 7},{3781, 16},{4424, 10},{13015, 8},
{25233, 15},{20235, 7},{16258, 7},{23975, 4},{22285, 8},{25273, 10},{540, 7},{3781, 16},{9457, 1},{21961, 17},
{25273, 10},{536, 7},{3781, 16},{7158, 7},{7156, 7},{23975, 4},{1808, 8},{7943, 17},{25273, 10},{22287, 8},
{17616, 17},{3781, 16},{23975, 4},{16259, 7},{7156, 7},{23975, 4},{25325, 17},{544, 7},{3781, 16},{540, 7},
{25273, 10},{20235, 7},{20237, 7},{22290, 8},{25233, 15},{13020, 8},{22524, 15},{4424, 10},{24708, 15},{7163, 7},
{16265, 7},{23298, 17},{22292, 8},{23975, 4},{16256, 7},{8691, 7},{3781, 16},{25273, 10},{22291, 8},{25273, 10},
{23975, 4},{22252, 17},{538, 7},{3781, 16},{20240, 7},{1449, 15},{24886, 8},{4424, 10},{1449, 15},{4424, 10},
{24884, 8},{1449, 15},{22946, 15},{13014, 8},{10015, 15},{4424, 10},{13013, 8},{1449, 15},{4424, 10},{1449, 15},
{13016, 8},{4424, 10},{23592, 15},{1449, 15},{13015, 8},{4424, 10},{13018, 8},{23592, 15},{1449, 15},{4424, 10},
{4424, 10},{1449, 15},{3916, 15},{13017, 8},{13020, 8},{4424, 10},{19907, 15},{22949, 15},{1449, 15},{13019, 8},
{7556, 15},{1449, 15},{4424, 10},{7271, 15},{4424, 10},{8634, 15},{18767, 8},{1400, 15},{7271, 15},{4424, 10},
{18766, 8},{6703, 15},{20404, 15},{18765, 8},{4424, 10},{21102, 15},{7271, 15},{18764, 8},{4424, 10},{7271, 15},
{18763, 8},{7271, 15},{4424, 10},{4253, 15},{7271, 15},{4424, 10},{18762, 8},{4424, 10},{7271, 15},{15686, 8},
{4424, 10},{7271, 15},{9434, 8},{4424, 10},{6692, 8},{8645, 15},{7271, 15},{3090, 15},{7271, 15},{6690, 8},
{4424, 10},{1685, 10},{4213, 15},{18766, 8},{21116, 15},{4424, 10},{5017, 15},{4424, 10},{18767, 8},{5017, 15},
{18764, 8},{5017, 15},{25300, 15},{4424, 10},{15507, 15},{4424, 10},{18765, 8},{5017, 15},{5017, 15},{18762, 8},
{4424, 10},{10576, 4},{25171, 7},{3781, 16},{12868, 7},{25273, 10},{5451, 7},{23072, 8},{10638, 17},{18580, 15},
{9434, 8},{5017, 15},{4424, 10},{4424, 10},{5017, 15},{15686, 8},{10658, 7},{23077, 8},{10576, 4},{3781, 16},
{7689, 7},{10969, 17},{25273, 10},{6692, 8},{5017, 15},{4424, 10},{25273, 10},{7688, 7},{10658, 7},{23079, 8},
{14081, 17},{3781, 16},{10576, 4},{12435, 7},{10576, 4},{3781, 16},{7689, 7},{25273, 10},{12430, 7},{23080, 8},
{25241, 17},{4133, 1},{23073, 8},{10576, 4},{5450, 7},{20592, 7},{3781, 16},{25273, 10},{1274, 17},{23074, 8},
{5455, 7},{10576, 4},{10640, 7},{12916, 7},{20022, 17},{3781, 16},{25273, 10},{1685, 10},{1926, 15},{18763, 8},
{18084, 15},{4424, 10},{13150, 15},{25273, 10},{5503, 7},{7142, 7},{7965, 17},{3781, 16},{14143, 8},{1530, 4},
{19293, 7},{19291, 7},{3781, 16},{26019, 7},{1530, 4},{23371, 17},{26017, 7},{25273, 10},{14142, 8},{6558, 17},
{25273, 10},{5503, 7},{14141, 8},{3781, 16},{1530, 4},{7145, 7},{14140, 8},{1530, 4},{21772, 7},{5513, 7},
{3781, 16},{25273, 10},{18886, 17},{14147, 8},{25273, 10},{26022, 7},{26019, 7},{3781, 16},{19296, 7},{8138, 17},
{1530, 4},{19295, 7},{14146, 8},{1530, 4},{25273, 10},{25220, 7},{3781, 16},{19294, 7},{26013, 7},{19296, 7},
{22187, 17},{12626, 7},{7370, 7},{25273, 10},{23860, 17},{5461, 8},{19295, 7},{1530, 4},{3781, 16},{3781, 16},
{7144, 7},{15446, 1},{14144, 8},{1530, 4},{25273, 10},{16715, 17},{12626, 7},{3781, 16},{14152, 8},{25247, 17},
{12479, 7},{25273, 10},{7149, 7},{21772, 7},{1530, 4},{3781, 16},{7146, 7},{1254, 17},{1530, 4},{26022, 7},
{26013, 7},{25273, 10},{26017, 7},{14151, 8},{1685, 10},{25280, 15},{6690, 8},{4424, 10},{4367, 15},{4169, 15},
{4424, 10},{18539, 15},{4367, 15},{6692, 8},{4367, 15},{4424, 10},{18535, 15},{18762, 8},{18537, 15},{4367, 15},
{4424, 10},{19297, 15},{18763, 8},{12495, 15},{4367, 15},{9434, 8},{4424, 10},{17630, 15},{21078, 15},{4367, 15},
{4424, 10},{15686, 8},{18766, 8},{4367, 15},{4424, 10},{4367, 15},{4424, 10},{18767, 8},{18530, 15},{18764, 8},
{4367, 15},{4424, 10},{18765, 8},{4424, 10},{4367, 15},{1223, 10},{20386, 7},{23441, 4},{22452, 17},{3781, 16},
{7672, 10},{24976, 8},{26222, 1},{9676, 3},{4315, 0},{11088, 3},{694, 7},{20385, 7},{3781, 16},{24975, 8},
{13559, 17},{11068, 1},{7672, 10},{23441, 4},{693, 7},{7672, 10},{23441, 4},{5151, 3},{26001, 1},{18175, 17},
{24974, 8},{15737, 7},{3781, 16},{697, 7},{25878, 17},{7672, 10},{23250, 7},{23665, 10},{3781, 16},{24973, 8},
{15739, 7},{26229, 1},{23441, 4},{2090, 3},{23441, 4},{15735, 7},{3781, 16},{23665, 10},{7672, 10},{15738, 7},
{13503, 1},{19504, 17},{18210, 8},{2390, 3},{25190, 3},{26222, 1},{20383, 7},{23441, 4},{20379, 7},{24971, 8},
{3781, 16},{23665, 10},{24247, 17},{7672, 10},{23441, 4},{24970, 8},{6900, 3},{6681, 17},{20383, 7},{696, 7},
{3781, 16},{7672, 10},{11086, 1},{10951, 3},{3781, 16},{695, 7},{23665, 10},{23441, 4},{15738, 7},{7672, 10},
{694, 7},{24969, 8},{7182, 17},{26222, 1},{310, 3},{3781, 16},{7672, 10},{26224, 1},{23441, 4},{2454, 17},
{24978, 8},{23665, 10},{23249, 7},{23247, 7},{11084, 1},{23665, 10},{7672, 10},{4817, 17},{3781, 16},{8956, 3},
{698, 7},{24977, 8},{23441, 4},{7672, 10},{3781, 16},{7832, 7},{10844, 1},{16637, 3},{19954, 4},{24336, 8},
{13212, 17},{19781, 17},{20825, 7},{20822, 7},{19954, 4},{23665, 10},{7672, 10},{865, 1},{24335, 8},{740, 3},
{3781, 16},{8710, 17},{16006, 3},{3781, 16},{11418, 7},{24338, 8},{868, 1},{19954, 4},{7672, 10},{7834, 7},
{23665, 10},{7834, 7},{11088, 3},{19954, 4},{12677, 1},{7837, 7},{24337, 8},{3781, 16},{7672, 10},{1127, 7},
{24169, 17},{24342, 8},{20140, 3},{7672, 10},{25797, 7},{12653, 1},{3781, 16},{21596, 17},{19954, 4},{19035, 17},
{7836, 7},{3781, 16},{12520, 1},{7672, 10},{19954, 4},{24341, 8},{3241, 3},{17627, 8},{13891, 17},{2643, 7},
{25273, 10},{3781, 16},{15066, 4},{3840, 7},{17628, 8},{25273, 10},{22650, 7},{1719, 17},{7270, 1},{15857, 7},
{15853, 7},{3781, 16},{15066, 4},{1685, 10},{5047, 7},{3781, 16},{15066, 4},{25273, 10},{17619, 8},{24570, 1},
{2653, 7},{14854, 7},{1092, 17},{14851, 7},{15066, 4},{25273, 10},{184, 8},{22646, 7},{8564, 7},{8565, 7},
{8386, 17},{3781, 16},{15066, 4},{15853, 7},{8560, 7},{5141, 17},{22647, 7},{25273, 10},{178, 8},{22652, 7},
{3781, 16},{14851, 7},{25273, 10},{15857, 7},{17618, 8},{401, 7},{3781, 16},{15941, 17},{15066, 4},{3781, 16},
{10765, 17},{20088, 7},{15066, 4},{7278, 1},{15855, 7},{15853, 7},{17623, 8},{25273, 10},{22650, 7},{7818, 7},
{15066, 4},{17624, 8},{2342, 17},{3781, 16},{25273, 10},{8565, 7},{15858, 7},{17621, 8},{15066, 4},{14861, 7},
{8560, 7},{3781, 16},{15855, 7},{2653, 7},{10767, 17},{25273, 10},{8564, 7},{17622, 8},{14861, 7},{3150, 17},
{15066, 4},{8565, 7},{3781, 16},{25273, 10},{20088, 7},{1685, 10},{6690, 8},{4424, 10},{18531, 15},{14308, 15},
{19302, 15},{4424, 10},{6692, 8},{12498, 15},{14308, 15},{14308, 15},{4424, 10},{18762, 8},{17831, 15},{14308, 15},
{18763, 8},{4424, 10},{25274, 15},{4424, 10},{12501, 15},{9434, 8},{14308, 15},{14308, 15},{10959, 15},{4424, 10},
{15686, 8},{18766, 8},{4424, 10},{14308, 15},{18767, 8},{4424, 10},{14308, 15},{4170, 15},{4424, 10},{18764, 8},
{14308, 15},{4424, 10},{18765, 8},{14308, 15},{18585, 15},{20395, 15},{4424, 10},{18766, 8},{8204, 4},{14683, 1},
{25139, 7},{25273, 10},{5425, 7},{8970, 7},{14131, 17},{3781, 16},{1059, 8},{23523, 7},{16512, 8},{25126, 10},
{16511, 8},{25126, 10},{25126, 10},{16505, 8},{25126, 10},{16504, 8},{25126, 10},{16503, 8},{25126, 10},{16502, 8},
{25126, 10},{16509, 8},{25126, 10},{16508, 8},{16507, 8},{25126, 10},{16506, 8},{25126, 10},{18767, 8},{4424, 10},
{20395, 15},{1685, 10},{859, 7},{14633, 8},{25232, 1},{25273, 10},{3781, 16},{20546, 7},{6857, 7},{22761, 17},
{17612, 4},{4424, 10},{18765, 8},{8567, 15},{6283, 15},{22367, 15},{4424, 10},{18763, 8},{20863, 15},{9434, 8},
{4424, 10},{20863, 15},{4424, 10},{15686, 8},{20863, 15},{15066, 2},{2640, 9},{3781, 16},{14671, 12},{13378, 8},
{3864, 10},{12812, 17},{23795, 9},{26090, 5},{18862, 3},{15986, 13},{18766, 8},{4424, 10},{20863, 15},{3864, 10},
{2643, 9},{15066, 2},{23800, 9},{1959, 9},{22412, 3},{13376, 8},{2036, 5},{12732, 13},{10188, 12},{3781, 16},
{12871, 17},{687, 13},{15066, 2},{2656, 9},{20164, 5},{18174, 17},{944, 8},{3864, 10},{1960, 9},{8884, 12},
{5330, 3},{3781, 16},{2653, 9},{22659, 13},{16949, 9},{8556, 9},{2033, 5},{23794, 9},{13374, 8},{16743, 17},
{1021, 12},{22706, 3},{15066, 2},{3864, 10},{3781, 16},{5120, 13},{3864, 10},{8557, 9},{2031, 5},{25020, 12},
{24032, 17},{4730, 3},{3781, 16},{15066, 2},{23793, 9},{8558, 9},{23792, 9},{13375, 8},{19646, 17},{7338, 12},
{19911, 3},{3864, 10},{15066, 2},{1537, 13},{3781, 16},{10401, 5},{8559, 9},{23791, 9},{23798, 9},{8564, 9},
{13372, 8},{20863, 15},{18767, 8},{4424, 10},{1685, 10},{20863, 15},{18764, 8},{4424, 10},{21641, 15},{4424, 10},
{20863, 15},{3238, 15},{18765, 8},{14063, 15},{13018, 8},{4424, 10},{872, 15},{4424, 10},{872, 15},{13017, 8},
{13020, 8},{4424, 10},{872, 15},{13019, 8},{872, 15},{4424, 10},{1685, 10},{4424, 10},{18243, 15},{20879, 15},
{18762, 8},{4424, 10},{18767, 8},{20879, 15},{9964, 15},{20879, 15},{4424, 10},{18766, 8},{4424, 10},{18765, 8},
{20879, 15},{4424, 10},{18764, 8},{20879, 15},{25003, 15},{14465, 17},{8204, 4},{23622, 8},{5425, 7},{23525, 7},
{23529, 7},{3781, 16},{25273, 10},{10125, 7},{2133, 17},{19601, 7},{8204, 4},{25273, 10},{23527, 7},{3781, 16},
{14783, 8},{19604, 7},{19598, 8},{16898, 7},{3781, 16},{10125, 7},{8204, 4},{4624, 17},{25273, 10},{25273, 10},
{10123, 7},{25131, 7},{8204, 4},{5424, 7},{10128, 7},{3781, 16},{24229, 17},{4228, 8},{25273, 10},{20393, 17},
{11722, 7},{16902, 7},{8204, 4},{3781, 16},{11236, 8},{10121, 7},{16903, 7},{3781, 16},{10126, 7},{20195, 1},
{11235, 8},{11719, 7},{6564, 17},{8204, 4},{25273, 10},{23519, 7},{3781, 16},{8204, 4},{22451, 17},{11234, 8},
{5433, 7},{19604, 7},{25273, 10},{10126, 7},{16901, 7},{16904, 7},{25273, 10},{11233, 8},{8204, 4},{23526, 7},
{3781, 16},{18418, 17},{8204, 4},{11232, 8},{3781, 16},{23374, 17},{20864, 1},{25273, 10},{25133, 7},{16898, 7},
{16901, 7},{25139, 7},{11231, 8},{8204, 4},{26371, 7},{3781, 16},{5435, 7},{6556, 17},{25273, 10},{1685, 10},
{22393, 7},{22396, 7},{25273, 10},{16629, 8},{12253, 4},{3781, 16},{22394, 7},{9610, 17},{3781, 16},{19538, 17},
{7247, 7},{7252, 7},{14179, 7},{12253, 4},{16630, 8},{20877, 1},{25273, 10},{3274, 7},{22393, 7},{14184, 7},
{16631, 8},{12253, 4},{16284, 7},{7251, 7},{3781, 16},{10092, 17},{25273, 10},{2761, 7},{6345, 17},{19854, 7},
{7241, 7},{12253, 4},{3781, 16},{16632, 8},{25273, 10},{20877, 1},{6368, 17},{14177, 7},{14174, 7},{25273, 10},
{16633, 8},{12253, 4},{3781, 16},{25971, 17},{2624, 1},{12253, 4},{22391, 7},{25273, 10},{7242, 7},{16634, 8},
{2759, 7},{3781, 16},{14175, 7},{3275, 7},{16635, 8},{3781, 16},{18389, 17},{12253, 4},{25273, 10},{19854, 7},
{2760, 7},{9919, 17},{12253, 4},{15394, 8},{7252, 7},{7241, 7},{25273, 10},{3781, 16},{7247, 7},{12253, 4},
{14184, 7},{25273, 10},{1370, 17},{16640, 8},{3781, 16},{2760, 7},{3275, 7},{25273, 10},{16641, 8},{3277, 7},
{3781, 16},{12253, 4},{14181, 7},{2755, 7},{2325, 17},{10273, 8},{21043, 17},{11764, 7},{22170, 7},{13175, 4},
{3781, 16},{25273, 10},{1685, 10},{10079, 17},{13175, 4},{3781, 16},{25273, 10},{22798, 7},{22802, 7},{25262, 7},
{8960, 8},{3781, 16},{12058, 7},{25605, 7},{12061, 7},{9478, 8},{25273, 10},{10780, 17},{19954, 4},{24309, 17},
{8076, 7},{25273, 10},{16790, 8},{19954, 4},{3781, 16},{12062, 7},{1685, 10},{18766, 8},{4424, 10},{8149, 15},
{1685, 10},{19954, 4},{12067, 7},{1736, 7},{3781, 16},{179, 17},{4578, 8},{8071, 7},{25273, 10},{25611, 7},
{12633, 11},{11538, 10},{1685, 10},{16207, 17},{9480, 8},{25273, 10},{1738, 7},{1745, 7},{3781, 16},{19954, 4},
{25615, 7},{4219, 15},{8149, 15},{4424, 10},{18763, 8},{18578, 15},{7672, 10},{21367, 8},{3781, 16},{20196, 3},
{10576, 4},{4190, 17},{4130, 1},{20046, 7},{1463, 7},{1464, 7},{25122, 1},{3781, 16},{1467, 7},{7672, 10},
{21368, 8},{10576, 4},{21334, 17},{7484, 7},{21745, 3},{21369, 8},{4129, 1},{3781, 16},{13338, 3},{19195, 7},
{10576, 4},{17415, 17},{7672, 10},{20037, 7},{7672, 10},{7092, 1},{14424, 7},{21183, 7},{22577, 8},{10576, 4},
{8913, 3},{7998, 17},{3781, 16},{3781, 16},{7672, 10},{2171, 7},{24899, 17},{25118, 1},{14234, 3},{1223, 10},
{10576, 4},{21363, 8},{12428, 0},{1463, 7},{24833, 3},{25079, 17},{2170, 7},{3781, 16},{20044, 7},{21364, 8},
{7093, 1},{10576, 4},{7672, 10},{25116, 1},{3781, 16},{21365, 8},{10576, 4},{9890, 17},{21187, 7},{25254, 3},
{7672, 10},{23665, 10},{20040, 7},{3781, 16},{13207, 7},{10576, 4},{23665, 10},{7490, 7},{7672, 10},{21366, 8},
{16574, 17},{7485, 7},{4129, 1},{10524, 3},{10576, 4},{1223, 10},{3781, 16},{13686, 3},{5230, 17},{25116, 1},
{21360, 8},{20044, 7},{7672, 10},{10640, 0},{21361, 8},{21186, 7},{10576, 4},{1470, 7},{7988, 3},{7090, 1},
{3781, 16},{7672, 10},{23665, 10},{2167, 7},{11821, 17},{12331, 15},{4424, 10},{13019, 8},{16924, 15},{13020, 8},
{21389, 15},{4424, 10},{12331, 15},{4424, 10},{9032, 15},{13017, 8},{3456, 15},{4424, 10},{18765, 8},{25922, 15},
{18765, 8},{11313, 15},{4424, 10},{11669, 15},{18764, 8},{4424, 10},{25922, 15},{1929, 15},{4424, 10},{9434, 8},
{6283, 15},{16408, 3},{9469, 1},{3781, 16},{23392, 7},{5334, 7},{17612, 4},{25733, 17},{7672, 10},{7573, 8},
{1685, 10},{1685, 10},{1685, 10},{1685, 10},{18763, 8},{6386, 15},{4424, 10},{6386, 15},{4424, 10},{18762, 8},
{15686, 8},{4424, 10},{6386, 15},{6386, 15},{4424, 10},{25164, 15},{9434, 8},{18767, 8},{19484, 15},{4424, 10},
{6386, 15},{6386, 15},{18766, 8},{4424, 10},{4424, 10},{18765, 8},{6386, 15},{18430, 15},{18764, 8},{18436, 15},
{6386, 15},{4424, 10},{1663, 8},{1828, 10},{7293, 14},{1619, 15},{9558, 15},{13014, 8},{6665, 15},{4424, 10},
{9558, 15},{4424, 10},{13013, 8},{4424, 10},{9558, 15},{13015, 8},{13018, 8},{9558, 15},{4424, 10},{20370, 15},
{4424, 10},{13017, 8},{9558, 15},{9558, 15},{13020, 8},{4424, 10},{20374, 15},{3218, 15},{9558, 15},{4424, 10},
{13019, 8},{4424, 10},{6690, 8},{9133, 15},{8768, 15},{9133, 15},{4424, 10},{6692, 8},{12737, 15},{9434, 8},
{4424, 10},{9133, 15},{4424, 10},{15686, 8},{9133, 15},{12733, 15},{18762, 8},{4424, 10},{2070, 15},{9133, 15},
{18763, 8},{9133, 15},{4424, 10},{18764, 8},{9133, 15},{4424, 10},{9133, 15},{4424, 10},{18765, 8},{2062, 15},
{18766, 8},{9133, 15},{4424, 10},{18767, 8},{9133, 15},{4424, 10},{18763, 8},{5020, 15},{4424, 10},{18765, 8},
{4424, 10},{9130, 15},{18611, 15},{18766, 8},{9130, 15},{4424, 10},{9130, 15},{18767, 8},{4424, 10},{4424, 10},
{9130, 15},{9434, 8},{15686, 8},{9130, 15},{4424, 10},{5020, 15},{4215, 15},{4424, 10},{10158, 15},{18765, 8},
{18763, 8},{9130, 15},{4424, 10},{4966, 15},{9130, 15},{25783, 15},{4424, 10},{6690, 8},{18614, 15},{6692, 8},
{4424, 10},{5020, 15},{4424, 10},{6690, 8},{5020, 15},{1685, 10},{1685, 10},{1685, 10},{5129, 7},{812, 8},
{25616, 7},{5130, 7},{3781, 16},{16303, 17},{19954, 4},{25273, 10},{1743, 7},{19954, 4},{22708, 7},{23428, 17},
{807, 8},{25273, 10},{3781, 16},{12058, 7},{12064, 7},{3781, 16},{13178, 8},{5138, 7},{25273, 10},{8079, 7},
{11534, 17},{19954, 4},{25273, 10},{8075, 7},{12062, 7},{12512, 1},{19954, 4},{13169, 8},{1741, 7},{3781, 16},
{1372, 17},{25273, 10},{19954, 4},{8076, 7},{21170, 17},{13258, 8},{8075, 7},{3781, 16},{12060, 7},{3781, 16},
{12058, 7},{16457, 8},{25273, 10},{5138, 7},{5673, 17},{12065, 7},{19954, 4},{16700, 8},{25273, 10},{5136, 7},
{5137, 7},{19954, 4},{3781, 16},{16638, 17},{10078, 17},{5134, 7},{5133, 7},{10848, 1},{19954, 4},{8080, 7},
{3781, 16},{5131, 7},{13205, 8},{25273, 10},{1685, 10},{12062, 7},{25273, 10},{22131, 8},{12060, 7},{5436, 17},
{3781, 16},{19954, 4},{22130, 8},{948, 17},{1740, 7},{25611, 7},{25273, 10},{3781, 16},{19954, 4},{17829, 15},
{4374, 15},{4424, 10},{18767, 8},{2473, 10},{2770, 8},{4374, 15},{4424, 10},{18766, 8},{18765, 8},{4424, 10},
{4374, 15},{17826, 15},{4374, 15},{4424, 10},{17826, 15},{18764, 8},{10959, 15},{11994, 17},{8687, 9},{6104, 9},
{26442, 13},{23109, 3},{6105, 9},{24615, 12},{23975, 2},{3781, 16},{3754, 8},{15323, 10},{15323, 10},{12985, 3},
{8688, 9},{11987, 17},{15217, 12},{6275, 13},{6103, 9},{3781, 16},{8504, 8},{23975, 2},{23975, 2},{6831, 17},
{10545, 3},{8695, 9},{3781, 16},{14749, 8},{15323, 10},{10759, 9},{8715, 13},{4895, 12},{1685, 10},{23975, 2},
{13429, 3},{23192, 12},{25021, 13},{8462, 8},{8690, 9},{21770, 17},{3781, 16},{12289, 9},{12292, 9},{8689, 9},
{15323, 10},{15091, 12},{13502, 8},{3781, 16},{23975, 2},{12375, 17},{5239, 3},{12290, 9},{8691, 9},{8692, 9},
{15323, 10},{19869, 13},{8685, 9},{5633, 12},{23975, 2},{6108, 9},{16862, 3},{15323, 10},{12683, 13},{8481, 8},
{3781, 16},{9803, 17},{3781, 16},{6106, 9},{25022, 12},{15323, 10},{10167, 13},{8467, 8},{6107, 9},{8686, 9},
{23975, 2},{2641, 3},{13485, 17},{1685, 10},{1685, 10},{13015, 8},{18782, 15},{4424, 10},{4424, 10},{18782, 15},
{13014, 8},{13013, 8},{18782, 15},{12736, 15},{4424, 10},{641, 15},{4424, 10},{640, 15},{13020, 8},{18782, 15},
{18782, 15},{5054, 15},{13019, 8},{4424, 10},{18782, 15},{4424, 10},{13018, 8},{18782, 15},{13017, 8},{4424, 10},
{22398, 7},{7656, 17},{2759, 7},{19680, 8},{3781, 16},{25273, 10},{12253, 4},{22333, 15},{15686, 8},{4424, 10},
{1685, 10},{22333, 15},{4424, 10},{9434, 8},{4424, 10},{13017, 8},{9469, 15},{24708, 15},{9469, 15},{4636, 15},
{13018, 8},{4424, 10},{9469, 15},{13019, 8},{4424, 10},{13020, 8},{4424, 10},{9469, 15},{12131, 7},{24752, 4},
{22809, 1},{7672, 10},{16342, 8},{5175, 7},{24885, 7},{20496, 17},{3781, 16},{21846, 3},{15066, 4},{7610, 8},
{7821, 7},{3781, 16},{3840, 7},{25273, 10},{22644, 7},{24170, 17},{25273, 10},{15858, 7},{6781, 17},{9041, 7},
{15066, 4},{3781, 16},{21249, 7},{7816, 7},{13950, 8},{14868, 7},{15066, 4},{14856, 7},{7608, 8},{25273, 10},
{3781, 16},{21226, 7},{18593, 17},{22644, 7},{24752, 4},{4155, 3},{16337, 8},{3781, 16},{14715, 17},{18926, 7},
{1223, 10},{1359, 0},{22807, 1},{7672, 10},{7614, 8},{25273, 10},{3781, 16},{15066, 4},{15854, 7},{2640, 7},
{3121, 17},{25273, 10},{8560, 7},{8563, 7},{3781, 16},{21230, 7},{7268, 1},{24631, 17},{7615, 8},{15066, 4},
{21249, 7},{8557, 7},{15066, 4},{7819, 7},{2640, 7},{7612, 8},{25273, 10},{3781, 16},{14278, 17},{15066, 4},
{22652, 7},{25273, 10},{8558, 7},{3456, 1},{25646, 17},{22651, 7},{7613, 8},{15862, 7},{3781, 16},{22717, 17},
{25273, 10},{3781, 16},{7617, 8},{15066, 4},{22648, 7},{22650, 7},{22648, 7},{15853, 7},{7618, 8},{15066, 4},
{25273, 10},{7821, 7},{21578, 17},{401, 7},{3781, 16},{3781, 16},{25273, 10},{25610, 7},{1738, 7},{20523, 8},
{23125, 17},{19954, 4},{8071, 7},{5131, 7},{26441, 8},{25273, 10},{12253, 4},{3781, 16},{19848, 7},{24965, 17},
{7246, 7},{13583, 8},{25126, 10},{15446, 15},{4424, 10},{13015, 8},{25193, 15},{13013, 8},{4424, 10},{4083, 15},
{1927, 15},{15446, 15},{4424, 10},{11315, 15},{15446, 15},{1921, 15},{13014, 8},{15446, 15},{13019, 8},{4424, 10},
{4424, 10},{4081, 15},{15446, 15},{8263, 15},{13020, 8},{15446, 15},{13017, 8},{4424, 10},{4424, 10},{13018, 8},
{15446, 15},{4712, 7},{3781, 16},{16144, 7},{8126, 7},{25314, 4},{6745, 8},{25273, 10},{2912, 17},{16147, 7},
{3781, 16},{25314, 4},{25273, 10},{1031, 17},{24384, 7},{14620, 8},{24385, 7},{3781, 16},{4714, 7},{21643, 17},
{6743, 8},{25273, 10},{16147, 7},{25314, 4},{22300, 7},{25273, 10},{3781, 16},{6742, 8},{24384, 7},{25314, 4},
{16147, 7},{21561, 17},{25273, 10},{4551, 17},{25314, 4},{16146, 7},{6749, 8},{3781, 16},{8130, 7},{16149, 7},
{6748, 8},{22308, 7},{5439, 17},{25273, 10},{25314, 4},{3781, 16},{25273, 10},{25314, 4},{24382, 7},{4711, 7},
{21445, 17},{3781, 16},{6747, 8},{4708, 7},{24388, 7},{25314, 4},{22301, 7},{6746, 8},{25273, 10},{24534, 17},
{3781, 16},{4705, 7},{1685, 10},{4711, 7},{3781, 16},{22304, 7},{25331, 17},{25273, 10},{25314, 4},{6751, 8},
{8126, 7},{25273, 10},{25314, 4},{6750, 8},{22300, 7},{3149, 17},{3781, 16},{4424, 10},{22810, 15},{18763, 8},
{14665, 15},{25115, 15},{16706, 15},{6690, 8},{4424, 10},{25115, 15},{6692, 8},{11058, 15},{4424, 10},{25115, 15},
{4424, 10},{1694, 15},{18762, 8},{4424, 10},{18763, 8},{25115, 15},{9434, 8},{4424, 10},{25115, 15},{25115, 15},
{4424, 10},{15686, 8},{25115, 15},{4424, 10},{18766, 8},{25115, 15},{18767, 8},{4424, 10},{9905, 15},{4424, 10},
{9913, 15},{25115, 15},{18764, 8},{18765, 8},{25115, 15},{4424, 10},{9434, 8},{16039, 15},{4424, 10},{9344, 15},
{9344, 15},{4424, 10},{15686, 8},{4424, 10},{18762, 8},{9344, 15},{22843, 15},{4424, 10},{18763, 8},{9344, 15},
{9344, 15},{4424, 10},{6623, 15},{16040, 15},{22845, 15},{18764, 8},{18765, 8},{9344, 15},{6623, 15},{4424, 10},
{17232, 15},{9344, 15},{18766, 8},{4424, 10},{9344, 15},{4424, 10},{3168, 15},{6623, 15},{18767, 8},{22810, 15},
{4424, 10},{595, 15},{18762, 8},{1685, 10},{1685, 10},{1685, 10},{9124, 15},{18764, 8},{11876, 15},{4476, 15},
{4424, 10},{10053, 13},{7373, 9},{3864, 10},{5503, 9},{439, 9},{20989, 3},{20166, 5},{3781, 16},{19117, 12},
{21978, 17},{1530, 2},{13370, 8},{25918, 1},{24633, 17},{23229, 8},{19290, 7},{19666, 7},{1530, 4},{3781, 16},
{25273, 10},{25273, 10},{23228, 8},{26013, 7},{7149, 7},{12491, 7},{17414, 17},{1530, 4},{3781, 16},{1530, 4},
{26020, 7},{14315, 17},{26023, 7},{19666, 7},{25273, 10},{3781, 16},{26018, 7},{23233, 8},{3781, 16},{26020, 7},
{12480, 7},{26022, 7},{7357, 7},{25273, 10},{23232, 8},{1530, 4},{17711, 17},{1530, 4},{12491, 7},{21772, 7},
{1205, 17},{3781, 16},{26019, 7},{23231, 8},{7146, 7},{25273, 10},{7974, 17},{3781, 16},{9566, 7},{12482, 7},
{1530, 4},{12626, 7},{12477, 7},{23230, 8},{25273, 10},{7145, 7},{19184, 17},{3781, 16},{7146, 7},{26018, 7},
{23237, 8},{25273, 10},{1530, 4},{15452, 1},{3781, 16},{23236, 8},{25273, 10},{5512, 7},{7148, 7},{1530, 4},
{12481, 7},{7143, 7},{4836, 17},{3781, 16},{9579, 7},{1530, 4},{23235, 8},{7357, 7},{25273, 10},{4442, 17},
{7150, 7},{5503, 7},{3781, 16},{7373, 7},{3739, 17},{25273, 10},{7306, 8},{9568, 7},{12480, 7},{1530, 4},
{18766, 8},{22810, 15},{4424, 10},{9138, 1},{443, 17},{18526, 7},{13175, 4},{17524, 8},{25273, 10},{22802, 7},
{3781, 16},{14223, 15},{6690, 8},{6283, 15},{4424, 10},{6283, 15},{4424, 10},{6692, 8},{26229, 15},{4424, 10},
{9434, 8},{23849, 15},{4424, 10},{9585, 15},{26229, 15},{15686, 8},{18766, 8},{4424, 10},{26229, 15},{26010, 15},
{18767, 8},{26229, 15},{4424, 10},{4424, 10},{18764, 8},{26229, 15},{4155, 3},{15455, 8},{3781, 16},{25162, 17},
{12253, 4},{20887, 1},{18284, 7},{7672, 10},{18085, 15},{4424, 10},{13020, 8},{15451, 15},{13019, 8},{4424, 10},
{18081, 15},{23770, 15},{15451, 15},{4424, 10},{15451, 15},{13018, 8},{4424, 10},{13017, 8},{15451, 15},{10140, 7},
{22333, 1},{21205, 17},{3781, 16},{26325, 8},{12253, 4},{1951, 7},{1954, 7},{248, 3},{23665, 10},{7672, 10},
{12253, 4},{7672, 10},{3266, 0},{3781, 16},{19139, 1},{18278, 7},{11311, 3},{8726, 17},{13631, 8},{1223, 10},
{15451, 15},{13014, 8},{5486, 15},{4424, 10},{15686, 8},{8569, 15},{21216, 15},{8576, 15},{6283, 15},{4424, 10},
{18766, 8},{4424, 10},{9123, 15},{1685, 10},{20277, 15},{4424, 10},{22810, 15},{21394, 15},{17852, 15},{18764, 8},
{1685, 10},{1685, 10},{1685, 10},{22278, 8},{5512, 7},{25918, 1},{17067, 17},{19291, 7},{1530, 4},{25225, 7},
{12626, 7},{25273, 10},{3781, 16},{18926, 9},{10592, 3},{18350, 17},{9097, 8},{2034, 5},{8283, 10},{14252, 9},
{18927, 9},{15780, 12},{3781, 16},{24752, 2},{5895, 13},{9124, 15},{4424, 10},{18762, 8},{4473, 15},{1685, 10},
{22333, 15},{14032, 15},{6692, 8},{4424, 10},{25273, 10},{3889, 8},{2764, 7},{14179, 7},{7242, 7},{3781, 16},
{13883, 17},{12253, 4},{14178, 7},{12253, 4},{25273, 10},{20883, 1},{3781, 16},{8579, 17},{7249, 7},{19853, 7},
{16286, 7},{3890, 8},{2760, 7},{3781, 16},{7247, 7},{3891, 8},{7246, 7},{12253, 4},{25273, 10},{19848, 7},
{13260, 17},{3272, 7},{2092, 17},{19854, 7},{12253, 4},{25273, 10},{3892, 8},{3781, 16},{11573, 7},{11117, 7},
{16653, 8},{25273, 10},{3781, 16},{18212, 17},{10396, 7},{23441, 4},{10398, 7},{23949, 1},{4308, 7},{3781, 16},
{25273, 10},{23441, 4},{4313, 7},{2396, 17},{10391, 7},{21019, 8},{10396, 7},{25273, 10},{14180, 7},{3273, 7},
{12253, 4},{14183, 7},{3781, 16},{7247, 7},{23784, 8},{18805, 17},{14180, 7},{12253, 4},{3781, 16},{2759, 7},
{14181, 7},{23785, 8},{14177, 7},{19784, 17},{25273, 10},{23441, 4},{10396, 7},{4308, 7},{3781, 16},{20801, 17},
{25273, 10},{16657, 8},{11572, 7},{4315, 7},{2758, 7},{26331, 17},{12253, 4},{7247, 7},{23747, 8},{25273, 10},
{14182, 7},{3781, 16},{19856, 7},{23441, 4},{3781, 16},{16655, 8},{23980, 7},{25273, 10},{23977, 7},{16786, 17},
{23441, 4},{10397, 7},{25160, 17},{16654, 8},{11569, 7},{3781, 16},{25273, 10},{25273, 10},{10392, 7},{12574, 17},
{10391, 7},{16661, 8},{10393, 7},{3781, 16},{23441, 4},{23978, 7},{23441, 4},{26389, 17},{10399, 7},{19529, 1},
{17155, 7},{4310, 7},{3781, 16},{16660, 8},{25273, 10},{1011, 15},{7877, 15},{9124, 15},{4424, 10},{18763, 8},
{25273, 10},{11573, 7},{26001, 1},{23441, 4},{3781, 16},{11571, 7},{16658, 8},{23987, 7},{15677, 17},{25126, 10},
{12665, 8},{12664, 8},{25126, 10},{22785, 8},{25126, 10},{25126, 10},{12662, 8},{22782, 8},{25126, 10},{12660, 8},
{25126, 10},{12659, 8},{25126, 10},{12658, 8},{25126, 10},{14515, 7},{3781, 16},{25273, 10},{17612, 4},{20517, 8},
{14506, 7},{19057, 17},{12655, 8},{25126, 10},{12654, 8},{25126, 10},{22330, 15},{4424, 10},{18762, 8},{17674, 15},
{26350, 15},{18765, 8},{4424, 10},{18764, 8},{26350, 15},{4051, 15},{8609, 15},{4424, 10},{4052, 15},{4424, 10},
{26350, 15},{18767, 8},{17674, 15},{16871, 15},{18766, 8},{26350, 15},{4424, 10},{4048, 15},{3336, 17},{22289, 8},
{7145, 7},{26020, 7},{25273, 10},{12484, 7},{3781, 16},{1530, 4},{9343, 15},{3172, 15},{4424, 10},{15686, 8},
{4424, 10},{9434, 8},{9343, 15},{4424, 10},{9343, 15},{18763, 8},{6621, 15},{18762, 8},{9343, 15},{4424, 10},
{25951, 15},{18765, 8},{9343, 15},{4424, 10},{9343, 15},{18764, 8},{4424, 10},{4424, 10},{9343, 15},{639, 15},
{18767, 8},{18766, 8},{9343, 15},{4424, 10},{12736, 15},{25946, 15},{7145, 7},{1530, 4},{25273, 10},{3781, 16},
{25918, 1},{12479, 7},{4026, 17},{1774, 8},{26020, 7},{16264, 7},{7164, 7},{540, 7},{3382, 17},{7162, 7},
{9484, 8},{25273, 10},{3781, 16},{23975, 4},{3426, 15},{4424, 10},{26222, 15},{6692, 8},{539, 7},{7165, 7},
{16257, 7},{9476, 8},{25273, 10},{20240, 7},{24343, 17},{3781, 16},{23975, 4},{4578, 8},{7161, 7},{539, 7},
{23975, 4},{16261, 7},{8722, 17},{25273, 10},{3781, 16},{9478, 8},{13889, 17},{3781, 16},{25273, 10},{23975, 4},
{20240, 7},{8686, 7},{6643, 17},{20140, 3},{9097, 8},{5450, 9},{8283, 10},{3781, 16},{25789, 12},{20167, 5},
{10576, 2},{3129, 13},{6926, 9},{9098, 8},{5453, 9},{8283, 10},{12807, 13},{23234, 3},{10576, 2},{10003, 17},
{6929, 9},{6917, 9},{24290, 5},{3781, 16},{4684, 12},{26222, 15},{18767, 8},{4424, 10},{8283, 10},{3781, 16},
{20038, 9},{25168, 9},{14440, 17},{21482, 3},{9089, 8},{24301, 5},{17455, 12},{16029, 13},{10576, 2},{10576, 2},
{2033, 5},{20037, 9},{25169, 9},{3781, 16},{4642, 13},{12916, 9},{9090, 8},{5386, 17},{8283, 10},{4185, 3},
{16083, 12},{3781, 16},{10576, 2},{8283, 10},{9091, 8},{2038, 5},{3246, 17},{1848, 12},{20044, 9},{25171, 9},
{20043, 9},{18740, 13},{5440, 3},{24328, 12},{23577, 17},{8283, 10},{20042, 9},{3781, 16},{10576, 2},{12126, 13},
{20171, 5},{13921, 3},{9092, 8},{25172, 9},{16614, 17},{10576, 2},{20041, 9},{20046, 9},{25173, 9},{3781, 16},
{24290, 5},{18858, 12},{8283, 10},{5455, 9},{12723, 13},{4881, 3},{9093, 8},{24112, 3},{3781, 16},{20045, 9},
{18188, 5},{11993, 17},{13921, 12},{10576, 2},{5454, 9},{8429, 13},{5457, 9},{9094, 8},{6914, 9},{8283, 10},
{3781, 16},{14424, 9},{14421, 9},{9606, 12},{6362, 17},{7959, 13},{9095, 8},{5456, 9},{10576, 2},{20170, 5},
{15091, 3},{8283, 10},{25273, 10},{21830, 17},{19584, 7},{3321, 7},{1143, 4},{3400, 8},{3781, 16},{16257, 7},
{23420, 17},{3781, 16},{25273, 10},{9482, 8},{20234, 7},{23975, 4},{16256, 7},{9481, 8},{20235, 7},{7964, 17},
{16265, 7},{3781, 16},{6283, 1},{23975, 4},{25273, 10},{2473, 10},{4012, 8},{2473, 10},{24246, 8},{2473, 10},
{24250, 8},{24249, 8},{2473, 10},{2473, 10},{24252, 8},{24251, 8},{2473, 10},{24254, 8},{2473, 10},{2473, 10},
{24253, 8},{2473, 10},{24256, 8},{24255, 8},{2473, 10},{6690, 8},{2462, 15},{4424, 10},{7354, 15},{18763, 8},
{4424, 10},{2462, 15},{2462, 15},{4424, 10},{18762, 8},{2462, 15},{15686, 8},{4424, 10},{9434, 8},{2462, 15},
{4424, 10},{4424, 10},{18767, 8},{11607, 15},{2462, 15},{18766, 8},{4424, 10},{2462, 15},{15714, 15},{18765, 8},
{4424, 10},{2462, 15},{4424, 10},{18764, 8},{2462, 15},{4424, 10},{8570, 15},{18766, 8},{6287, 15},{7579, 8},
{23665, 10},{3781, 16},{11622, 17},{25676, 7},{16338, 3},{7672, 10},{24752, 4},{6386, 1},{3781, 16},{13736, 3},
{24752, 4},{7672, 10},{26400, 7},{6380, 1},{5176, 7},{7578, 8},{9428, 17},{24752, 4},{25676, 7},{3781, 16},
{4122, 1},{1868, 3},{4788, 17},{7577, 8},{7672, 10},{7576, 8},{3781, 16},{25678, 7},{25028, 1},{22542, 3},
{24752, 4},{17303, 17},{7672, 10},{2473, 10},{3655, 8},{3656, 8},{2473, 10},{15362, 10},{25314, 14},{3658, 8},
{2473, 10},{2473, 10},{3664, 8},{3665, 8},{2473, 10},{22631, 17},{18932, 7},{23665, 10},{7583, 8},{22811, 1},
{24752, 4},{3781, 16},{7672, 10},{26395, 7},{18928, 7},{11608, 3},{19676, 17},{5169, 7},{3781, 16},{18927, 7},
{25676, 7},{4122, 1},{7672, 10},{3748, 3},{7582, 8},{24752, 4},{13015, 8},{4424, 10},{18781, 15},{7672, 10},
{22670, 7},{22665, 7},{14125, 17},{15272, 4},{3781, 16},{14588, 8},{19937, 1},{10656, 3},{4424, 10},{13013, 8},
{16039, 15},{18781, 15},{13014, 8},{4424, 10},{18781, 15},{13019, 8},{18781, 15},{4424, 10},{4424, 10},{6618, 15},
{18781, 15},{6621, 15},{13020, 8},{18781, 15},{4424, 10},{13017, 8},{3781, 16},{13164, 3},{7672, 10},{14589, 8},
{13750, 7},{1445, 1},{15272, 4},{24593, 17},{4424, 10},{9434, 8},{20722, 15},{15718, 15},{15382, 7},{1530, 4},
{5036, 8},{12913, 17},{3781, 16},{23514, 3},{23665, 10},{7672, 10},{13148, 1},{20157, 7},{20153, 7},{23665, 10},
{5034, 8},{15453, 1},{1530, 4},{3781, 16},{9436, 3},{432, 7},{4443, 17},{7672, 10},{1685, 10},{10610, 17},
{19353, 3},{5044, 8},{7672, 10},{1530, 4},{12330, 1},{3781, 16},{436, 7},{17127, 8},{14077, 7},{15448, 1},
{7672, 10},{3781, 16},{6875, 3},{1530, 4},{23879, 17},{17583, 3},{7672, 10},{18441, 8},{24957, 1},{15379, 17},
{9802, 7},{3781, 16},{1530, 4},{23665, 10},{432, 7},{22562, 7},{7672, 10},{25625, 17},{1530, 4},{18440, 8},
{24957, 1},{14248, 3},{23665, 10},{3781, 16},{7672, 10},{23665, 10},{13149, 1},{17338, 17},{3781, 16},{1530, 4},
{15771, 7},{18443, 8},{6505, 3},{20153, 7},{13147, 1},{3781, 16},{15769, 7},{1530, 4},{11973, 17},{7672, 10},
{18442, 8},{2390, 3},{13147, 1},{3714, 3},{5050, 8},{20151, 7},{25478, 17},{1530, 4},{7672, 10},{3781, 16},
{3781, 16},{14869, 17},{12329, 1},{25022, 3},{15771, 7},{18444, 8},{433, 7},{7672, 10},{23665, 10},{20157, 7},
{1530, 4},{3781, 16},{5849, 7},{25273, 10},{17909, 17},{26339, 7},{2988, 8},{7003, 7},{1143, 4},{16591, 17},
{3781, 16},{25273, 10},{19583, 7},{19584, 7},{10088, 7},{2987, 8},{1143, 4},{10089, 7},{1685, 10},{1143, 4},
{25273, 10},{8000, 17},{10089, 7},{7013, 7},{3781, 16},{2986, 8},{10097, 7},{5841, 7},{19581, 7},{9552, 1},
{9915, 17},{2985, 8},{1143, 4},{25273, 10},{3781, 16},{3319, 7},{25273, 10},{19582, 7},{19585, 7},{3781, 16},
{5841, 7},{5232, 17},{2984, 8},{1143, 4},{5850, 7},{6287, 15},{4424, 10},{18764, 8},{14486, 15},{8575, 15},
{7002, 7},{3317, 7},{2982, 8},{10097, 7},{21020, 17},{26343, 7},{3781, 16},{25273, 10},{1143, 4},{3781, 16},
{19164, 17},{26347, 7},{1143, 4},{10094, 7},{3319, 7},{5850, 7},{25273, 10},{2981, 8},{2980, 8},{25273, 10},
{7005, 7},{3319, 7},{3781, 16},{5812, 17},{1143, 4},{25273, 10},{19582, 7},{3781, 16},{9934, 17},{5848, 7},
{10094, 7},{2979, 8},{1143, 4},{20399, 15},{18766, 8},{7403, 15},{4424, 10},{2608, 17},{3781, 16},{10547, 0},
{5955, 7},{15272, 4},{18315, 7},{14972, 3},{7672, 10},{1223, 10},{14593, 8},{5784, 1},{9771, 7},{1530, 4},
{7143, 7},{9287, 8},{7147, 7},{25273, 10},{7150, 7},{3781, 16},{5505, 7},{25600, 17},{2473, 10},{2770, 8},
{2473, 10},{2773, 8},{2473, 10},{2772, 8},{2775, 8},{2473, 10},{12478, 7},{1530, 4},{7149, 7},{9815, 17},
{9290, 8},{19666, 7},{25273, 10},{3781, 16},{9579, 7},{25273, 10},{19295, 7},{12491, 7},{13150, 1},{3781, 16},
{21772, 7},{9289, 8},{1530, 4},{17181, 17},{2776, 8},{2473, 10},{1685, 10},{9566, 7},{4335, 17},{25273, 10},
{3781, 16},{26013, 7},{1530, 4},{9283, 8},{9579, 7},{25219, 7},{9282, 8},{25273, 10},{10103, 17},{1530, 4},
{3781, 16},{25220, 7},{1017, 8},{11846, 17},{11737, 3},{6245, 9},{6764, 10},{16346, 13},{20164, 5},{21731, 12},
{6252, 9},{6856, 9},{3781, 16},{17612, 2},{5334, 9},{17612, 6},{17612, 2},{8101, 9},{6561, 9},{10053, 13},
{16254, 17},{20162, 5},{17231, 3},{4500, 8},{17015, 12},{3781, 16},{6764, 10},{20170, 5},{3781, 16},{2925, 17},
{6515, 13},{8102, 9},{24551, 12},{6592, 9},{17612, 2},{6764, 10},{4501, 8},{25472, 3},{6595, 9},{4502, 8},
{17612, 2},{22305, 3},{6764, 10},{8099, 9},{3027, 17},{12803, 12},{8100, 9},{13080, 13},{6248, 9},{24290, 5},
{3781, 16},{24303, 5},{7132, 13},{6764, 10},{9099, 17},{6246, 9},{17612, 2},{6247, 9},{11012, 3},{3781, 16},
{6855, 9},{5772, 12},{4503, 8},{1685, 10},{4340, 3},{5339, 9},{6764, 10},{25941, 13},{8108, 9},{3781, 16},
{1003, 8},{22455, 12},{17612, 2},{20440, 17},{24301, 5},{5338, 9},{4506, 8},{11989, 17},{8105, 9},{20167, 5},
{3919, 3},{6764, 10},{21635, 13},{3781, 16},{17612, 2},{5337, 9},{8106, 9},{4096, 12},{25415, 17},{17612, 2},
{10697, 3},{6764, 10},{5335, 9},{5336, 9},{12631, 12},{8103, 9},{4507, 8},{23173, 13},{2031, 5},{8104, 9},
{3781, 16},{4173, 15},{25944, 15},{13013, 8},{4424, 10},{7098, 15},{4424, 10},{18767, 8},{1695, 15},{7098, 15},
{18766, 8},{4424, 10},{24674, 15},{18765, 8},{7098, 15},{4424, 10},{4424, 10},{7098, 15},{18764, 8},{4424, 10},
{11787, 15},{18763, 8},{7098, 15},{16389, 15},{18762, 8},{4424, 10},{7098, 15},{1685, 10},{18763, 8},{4424, 10},
{20192, 15},{3664, 8},{2473, 10},{4424, 10},{15686, 8},{20192, 15},{20192, 15},{4424, 10},{18766, 8},{4424, 10},
{20192, 15},{18767, 8},{18764, 8},{20192, 15},{4424, 10},{18765, 8},{20192, 15},{4424, 10},{3661, 8},{2473, 10},
{3662, 8},{2473, 10},{3659, 8},{2473, 10},{3660, 8},{2473, 10},{3657, 8},{2473, 10},{2473, 10},{3658, 8},
{3655, 8},{2473, 10},{2473, 10},{3656, 8},{1685, 10},{7672, 10},{19339, 7},{14308, 1},{13004, 17},{25314, 4},
{26283, 3},{3781, 16},{22275, 8},{7672, 10},{25314, 4},{18913, 3},{3159, 1},{12003, 17},{19348, 7},{3781, 16},
{1733, 8},{26088, 7},{9842, 7},{7672, 10},{23665, 10},{3781, 16},{25314, 4},{19345, 7},{9845, 7},{4860, 3},
{11925, 17},{14304, 1},{22273, 8},{3781, 16},{24545, 7},{26084, 7},{6313, 1},{23665, 10},{1885, 3},{7672, 10},
{19703, 17},{25314, 4},{22272, 8},{17771, 17},{25314, 4},{26081, 7},{9842, 7},{18056, 3},{3155, 1},{7672, 10},
{1730, 8},{3781, 16},{1223, 10},{8132, 0},{22270, 8},{19348, 7},{4367, 1},{11792, 17},{19342, 7},{3781, 16},
{25314, 4},{25489, 3},{7672, 10},{3781, 16},{19342, 7},{26088, 7},{14879, 17},{14308, 1},{25314, 4},{7672, 10},
{22269, 8},{1166, 3},{19343, 7},{25314, 4},{19344, 7},{7672, 10},{24140, 17},{3781, 16},{7035, 3},{1727, 8},
{14311, 1},{180, 1},{25314, 4},{7672, 10},{26087, 7},{22304, 0},{5149, 17},{3781, 16},{1223, 10},{22267, 8},
{13294, 3},{25710, 17},{20043, 7},{3781, 16},{4733, 8},{14990, 3},{10576, 4},{23665, 10},{7672, 10},{1464, 7},
{25122, 1},{4734, 8},{7672, 10},{11031, 17},{23665, 10},{22542, 3},{10576, 4},{25123, 1},{1472, 7},{3781, 16},
{6515, 3},{4735, 8},{1465, 7},{23665, 10},{19195, 7},{7672, 10},{3781, 16},{10576, 4},{20249, 17},{22909, 1},
{15687, 17},{10576, 4},{20037, 7},{8916, 3},{3781, 16},{2170, 7},{4736, 8},{7672, 10},{22909, 1},{7491, 7},
{10576, 4},{4729, 8},{5714, 17},{1472, 7},{7486, 7},{7672, 10},{1523, 3},{3781, 16},{25122, 1},{2300, 8},
{10576, 4},{7672, 10},{25121, 1},{7488, 7},{15053, 17},{4339, 3},{20038, 7},{3781, 16},{4135, 1},{14422, 7},
{4731, 8},{10576, 4},{1472, 7},{3781, 16},{22706, 3},{19503, 17},{20046, 7},{7672, 10},{20045, 7},{7091, 1},
{1223, 10},{3781, 16},{703, 17},{15496, 3},{10576, 4},{2303, 8},{7672, 10},{10673, 0},{8952, 3},{14563, 17},
{1472, 7},{10576, 4},{7092, 1},{4737, 8},{7672, 10},{3781, 16},{7097, 1},{6917, 7},{7672, 10},{3781, 16},
{5704, 17},{131, 3},{10576, 4},{4738, 8},{20658, 7},{3781, 16},{25273, 10},{13175, 4},{2716, 8},{22158, 7},
{10071, 17},{18526, 7},{5006, 7},{15846, 17},{23665, 10},{11923, 7},{23292, 1},{17253, 3},{5686, 7},{12232, 4},
{14588, 8},{7672, 10},{3781, 16},{5002, 7},{3781, 16},{12232, 4},{9300, 7},{7672, 10},{19356, 1},{17747, 17},
{14589, 8},{3377, 3},{4626, 3},{1223, 10},{5682, 7},{16649, 17},{7672, 10},{3781, 16},{12232, 4},{20400, 1},
{14309, 0},{14586, 8},{12232, 4},{7672, 10},{8153, 1},{3781, 16},{21985, 3},{5686, 7},{19419, 17},{14587, 8},
{14584, 8},{12232, 4},{7672, 10},{3781, 16},{25404, 7},{15986, 3},{5018, 1},{1380, 17},{1685, 10},{12847, 3},
{12232, 4},{14582, 8},{7672, 10},{5675, 7},{122, 17},{4997, 7},{8149, 1},{3781, 16},{12772, 17},{2450, 3},
{14583, 8},{7672, 10},{3781, 16},{23665, 10},{18657, 7},{5018, 1},{12232, 4},{25404, 7},{7672, 10},{3781, 16},
{20975, 17},{23665, 10},{21260, 3},{14592, 8},{4998, 7},{12232, 4},{11919, 7},{8150, 1},{7672, 10},{18985, 3},
{9297, 7},{18655, 7},{17620, 0},{14593, 8},{25400, 7},{26146, 1},{3781, 16},{12232, 4},{1223, 10},{2909, 17},
{8690, 7},{3781, 16},{10211, 8},{23975, 4},{8686, 7},{4187, 17},{25273, 10},{7980, 8},{7157, 7},{3781, 16},
{16256, 7},{23975, 4},{25273, 10},{20234, 7},{25592, 17},{7158, 7},{7165, 7},{15321, 17},{23975, 4},{540, 7},
{3781, 16},{25273, 10},{14638, 8},{2345, 8},{3781, 16},{535, 7},{8691, 7},{23975, 4},{25273, 10},{20242, 7},
{18756, 17},{20234, 7},{536, 7},{8691, 7},{3781, 16},{2448, 8},{9033, 1},{25273, 10},{7492, 17},{23975, 4},
{1828, 10},{3362, 8},{7293, 14},{536, 7},{2418, 8},{23975, 4},{3781, 16},{25273, 10},{540, 7},{8690, 7},
{16264, 7},{11514, 17},{26343, 7},{3321, 7},{5845, 7},{22448, 17},{1143, 4},{3781, 16},{25273, 10},{10089, 7},
{14637, 8},{3781, 16},{23975, 4},{6331, 17},{14630, 8},{7163, 7},{20242, 7},{20237, 7},{25273, 10},{23975, 4},
{25273, 10},{20238, 7},{778, 17},{3781, 16},{540, 7},{6287, 1},{8686, 7},{14629, 8},{3781, 16},{23975, 4},
{25273, 10},{17524, 8},{16261, 7},{15983, 17},{538, 7},{8692, 7},{11747, 8},{20242, 7},{3781, 16},{23975, 4},
{20236, 7},{15683, 17},{25273, 10},{25273, 10},{3781, 16},{14630, 8},{15173, 17},{1143, 4},{7012, 7},{26347, 7},
{14633, 8},{8691, 7},{20238, 7},{3781, 16},{16256, 7},{23975, 4},{21769, 17},{25273, 10},{2633, 17},{14636, 8},
{16255, 7},{25273, 10},{20236, 7},{3781, 16},{23975, 4},{25273, 10},{10088, 7},{3781, 16},{1143, 4},{16329, 17},
{26341, 7},{26343, 7},{14631, 8},{1685, 10},{20198, 15},{13018, 8},{2007, 15},{4424, 10},{1685, 10},{16386, 15},
{22909, 15},{18763, 8},{4424, 10},{13020, 8},{3231, 15},{15606, 15},{2747, 15},{9785, 15},{20198, 15},{4424, 10},
{4424, 10},{2749, 15},{20198, 15},{13019, 8},{18766, 8},{4424, 10},{22909, 15},{22909, 15},{4424, 10},{18767, 8},
{24671, 15},{18764, 8},{22909, 15},{9913, 15},{4424, 10},{1693, 15},{5047, 7},{10273, 8},{24569, 1},{25273, 10},
{20088, 7},{3781, 16},{15066, 4},{2806, 17},{18765, 8},{4424, 10},{22909, 15},{20400, 15},{25299, 15},{4424, 10},
{18765, 8},{21120, 15},{22262, 15},{18585, 15},{18764, 8},{20400, 15},{4424, 10},{18767, 8},{4424, 10},{20400, 15},
{20400, 15},{4424, 10},{18766, 8},{8623, 15},{21111, 15},{4424, 10},{20400, 15},{15686, 8},{14361, 15},{4424, 10},
{25926, 15},{18767, 8},{8266, 15},{18763, 8},{4424, 10},{20400, 15},{18762, 8},{4424, 10},{20400, 15},{4221, 15},
{25273, 10},{16905, 7},{10129, 7},{2984, 8},{5433, 7},{3781, 16},{8204, 4},{25137, 7},{333, 17},{8204, 4},
{25025, 17},{25131, 7},{25273, 10},{5424, 7},{20197, 1},{3781, 16},{2983, 8},{16905, 7},{10127, 7},{20400, 15},
{4424, 10},{6692, 8},{20400, 15},{6690, 8},{4424, 10},{13436, 1},{3781, 16},{11746, 7},{8226, 7},{25273, 10},
{24730, 17},{8204, 4},{10120, 7},{2980, 8},{19603, 7},{25273, 10},{26371, 7},{3781, 16},{19604, 7},{8204, 4},
{2979, 8},{995, 17},{8204, 4},{10128, 7},{19613, 7},{3781, 16},{5430, 7},{16903, 7},{2982, 8},{25273, 10},
{25977, 17},{5425, 7},{25273, 10},{2981, 8},{10125, 7},{8204, 4},{25136, 7},{3580, 17},{3781, 16},{8226, 7},
{5103, 7},{8048, 7},{20957, 17},{3781, 16},{24752, 4},{25273, 10},{12024, 7},{2357, 8},{3781, 16},{10709, 1},
{25273, 10},{8047, 7},{16053, 7},{9294, 17},{6930, 7},{24752, 4},{2345, 8},{5735, 17},{25273, 10},{3781, 16},
{8070, 7},{5136, 7},{21410, 8},{5134, 7},{19954, 4},{25613, 7},{272, 17},{5129, 7},{21409, 8},{5137, 7},
{25611, 7},{1738, 7},{19954, 4},{3781, 16},{25273, 10},{12065, 7},{7946, 17},{25273, 10},{10763, 8},{8075, 7},
{19954, 4},{3781, 16},{24822, 7},{10743, 8},{19954, 4},{18652, 17},{25273, 10},{5130, 7},{1738, 7},{3781, 16},
{10731, 8},{3781, 16},{12066, 7},{3734, 17},{25273, 10},{25612, 7},{19954, 4},{24822, 7},{8079, 7},{19954, 4},
{5135, 7},{14247, 17},{25273, 10},{3781, 16},{10711, 8},{3781, 16},{5134, 7},{19954, 4},{25616, 7},{22821, 8},
{25611, 7},{25273, 10},{17013, 17},{12063, 7},{3781, 16},{1741, 7},{25273, 10},{12067, 7},{9277, 17},{19954, 4},
{12065, 7},{22818, 8},{19954, 4},{25273, 10},{12067, 7},{22815, 8},{25613, 7},{3781, 16},{3203, 17},{12063, 7},
{17653, 17},{12064, 7},{19954, 4},{871, 1},{10772, 8},{3781, 16},{8076, 7},{25273, 10},{16143, 7},{25314, 4},
{10745, 8},{25273, 10},{3781, 16},{8127, 7},{14550, 17},{24382, 7},{25273, 10},{16144, 7},{4705, 7},{3781, 16},
{25314, 4},{14642, 17},{10744, 8},{4709, 7},{3781, 16},{25273, 10},{24386, 7},{25314, 4},{10747, 8},{20466, 17},
{16150, 7},{16147, 7},{25273, 10},{24383, 7},{16143, 7},{4374, 1},{3781, 16},{16144, 7},{10746, 8},{25314, 4},
{22253, 17},{22309, 7},{10749, 8},{4713, 7},{16145, 7},{8133, 7},{3781, 16},{25314, 4},{25273, 10},{17404, 17},
{4710, 7},{3781, 16},{4705, 7},{10748, 8},{6940, 17},{25314, 4},{22304, 7},{25273, 10},{16149, 7},{22303, 7},
{25314, 4},{7784, 17},{8131, 7},{10751, 8},{3781, 16},{25273, 10},{25314, 4},{24382, 7},{8132, 7},{25273, 10},
{24386, 7},{10750, 8},{15694, 17},{3781, 16},{16149, 7},{25314, 4},{3530, 17},{3781, 16},{25273, 10},{10755, 8},
{22307, 7},{4707, 7},{16149, 7},{16145, 7},{3781, 16},{22303, 7},{25273, 10},{25314, 4},{10754, 8},{16150, 7},
{4707, 7},{9823, 17},{25126, 10},{19492, 8},{19493, 8},{25126, 10},{18952, 7},{3781, 16},{16053, 7},{6721, 8},
{12028, 7},{24752, 4},{25273, 10},{12609, 17},{19500, 8},{25126, 10},{19501, 8},{25126, 10},{19498, 8},{25126, 10},
{6924, 7},{25273, 10},{24752, 4},{5105, 7},{1358, 7},{6720, 8},{3811, 17},{3781, 16},{19496, 8},{25126, 10},
{19497, 8},{25126, 10},{25126, 10},{19494, 8},{25126, 10},{19495, 8},{3781, 16},{10391, 7},{9480, 8},{23441, 4},
{16021, 17},{10397, 7},{4313, 7},{11569, 7},{25273, 10},{3781, 16},{20548, 7},{7180, 17},{861, 7},{856, 7},
{1813, 8},{17612, 4},{25273, 10},{24752, 4},{1364, 7},{5665, 17},{1360, 7},{3781, 16},{18949, 7},{25273, 10},
{6730, 8},{23977, 7},{11570, 7},{3781, 16},{23441, 4},{4578, 8},{25273, 10},{11571, 7},{23987, 7},{22233, 17},
{19493, 8},{25126, 10},{25126, 10},{19492, 8},{25126, 10},{19501, 8},{25126, 10},{19500, 8},{19499, 8},{25126, 10},
{25126, 10},{19498, 8},{25126, 10},{19497, 8},{25126, 10},{19496, 8},{25126, 10},{19495, 8},{8150, 15},{4216, 15},
{6690, 8},{4424, 10},{6692, 8},{15458, 15},{4424, 10},{15458, 15},{4424, 10},{6690, 8},{8266, 15},{4424, 10},
{18767, 8},{15458, 15},{4424, 10},{12460, 15},{16924, 15},{15458, 15},{18766, 8},{21391, 15},{4424, 10},{18765, 8},
{1929, 15},{15458, 15},{15458, 15},{18764, 8},{4424, 10},{4424, 10},{15458, 15},{18763, 8},{4424, 10},{18762, 8},
{15458, 15},{15458, 15},{4424, 10},{15686, 8},{9434, 8},{4424, 10},{15458, 15},{4424, 10},{13017, 8},{897, 15},
{3636, 15},{4424, 10},{8150, 15},{18763, 8},{14357, 15},{4424, 10},{13019, 8},{3916, 15},{897, 15},{897, 15},
{4424, 10},{13020, 8},{897, 15},{10438, 15},{4424, 10},{13013, 8},{23441, 4},{11571, 7},{7608, 8},{25273, 10},
{11569, 7},{5411, 17},{3781, 16},{17155, 7},{11119, 7},{25273, 10},{11567, 7},{7508, 17},{13950, 8},{4308, 7},
{3781, 16},{23981, 7},{23441, 4},{26002, 1},{5103, 7},{14011, 17},{24752, 4},{10749, 8},{6924, 7},{3781, 16},
{25273, 10},{6925, 7},{6930, 7},{16665, 17},{10748, 8},{24752, 4},{3781, 16},{4117, 1},{25273, 10},{14254, 7},
{1359, 7},{10751, 8},{25273, 10},{24752, 4},{5102, 7},{3781, 16},{20889, 17},{14255, 7},{16985, 7},{19583, 7},
{26345, 7},{1143, 4},{25273, 10},{3781, 16},{8583, 17},{22291, 8},{19579, 7},{10089, 7},{10093, 7},{25273, 10},
{22286, 8},{1143, 4},{5846, 7},{3781, 16},{7005, 7},{4280, 17},{25273, 10},{7006, 7},{3781, 16},{1143, 4},
{22285, 8},{26347, 7},{14747, 17},{10096, 7},{18956, 7},{10747, 8},{3781, 16},{24752, 4},{6922, 7},{7139, 17},
{25273, 10},{20719, 1},{19578, 7},{22287, 8},{25273, 10},{7002, 7},{5845, 7},{17581, 17},{1143, 4},{3781, 16},
{10100, 7},{12028, 7},{25273, 10},{10755, 8},{21448, 17},{24752, 4},{3781, 16},{8227, 7},{5109, 7},{5107, 7},
{3781, 16},{24752, 4},{25273, 10},{7514, 17},{10754, 8},{5106, 7},{24065, 17},{5847, 7},{10094, 7},{1143, 4},
{3781, 16},{22278, 8},{3320, 7},{10088, 7},{25273, 10},{3781, 16},{1143, 4},{1774, 8},{25273, 10},{26343, 7},
{10093, 7},{6135, 17},{26338, 7},{2462, 1},{7004, 7},{10398, 7},{11116, 7},{3781, 16},{7612, 8},{23441, 4},
{25273, 10},{5933, 17},{3781, 16},{17146, 7},{7615, 8},{23441, 4},{25273, 10},{17152, 7},{4602, 17},{23986, 7},
{23441, 4},{4315, 7},{25273, 10},{3781, 16},{11531, 17},{10392, 7},{7614, 8},{17151, 7},{26225, 1},{4424, 10},
{10962, 15},{3153, 15},{13020, 8},{1685, 10},{4424, 10},{872, 15},{12668, 15},{18762, 8},{1685, 10},{1685, 10},
{1685, 10},{14250, 7},{12023, 7},{3876, 8},{25273, 10},{8377, 17},{6930, 7},{3781, 16},{24752, 4},{13015, 8},
{19322, 15},{25115, 15},{4424, 10},{1685, 10},{24752, 4},{3781, 16},{25273, 10},{21853, 17},{6928, 7},{14258, 7},
{3873, 8},{6923, 7},{24752, 4},{18949, 7},{3781, 16},{3872, 8},{780, 17},{25273, 10},{12028, 7},{3871, 8},
{5108, 7},{3781, 16},{23664, 17},{24752, 4},{8048, 7},{25273, 10},{6928, 7},{3870, 8},{22007, 17},{24173, 1},
{24752, 4},{3781, 16},{8047, 7},{25273, 10},{18959, 7},{14251, 7},{1363, 7},{3781, 16},{6924, 7},{24752, 4},
{25273, 10},{16053, 7},{3869, 8},{6930, 7},{5410, 17},{5105, 7},{25115, 15},{4424, 10},{13013, 8},{15543, 17},
{3878, 8},{6924, 7},{24752, 4},{25273, 10},{1363, 7},{3781, 16},{3781, 16},{24752, 4},{1354, 7},{20283, 17},
{14258, 7},{1360, 7},{25273, 10},{3877, 8},{6692, 8},{25236, 15},{4424, 10},{11872, 15},{14813, 15},{6690, 8},
{4424, 10},{25236, 15},{4424, 10},{25115, 15},{13014, 8},{9905, 15},{4424, 10},{13019, 8},{11086, 15},{18767, 8},
{4424, 10},{25236, 15},{12542, 15},{4424, 10},{9545, 15},{13019, 8},{25115, 15},{18765, 8},{25236, 15},{25784, 15},
{4424, 10},{4424, 10},{18764, 8},{25236, 15},{4424, 10},{18763, 8},{25236, 15},{25236, 15},{4424, 10},{18762, 8},
{15686, 8},{4424, 10},{25236, 15},{20689, 15},{9434, 8},{4971, 15},{4424, 10},{25236, 15},{13017, 8},{25115, 15},
{4424, 10},{25115, 15},{13018, 8},{4424, 10},{20866, 15},{4424, 10},{21265, 15},{6692, 8},{6690, 8},{4424, 10},
{20866, 15},{4424, 10},{20866, 15},{67, 15},{18763, 8},{4424, 10},{17099, 15},{20866, 15},{18762, 8},{2749, 15},
{15686, 8},{8704, 15},{14064, 15},{20866, 15},{4424, 10},{9434, 8},{21646, 15},{20866, 15},{4424, 10},{4424, 10},
{20866, 15},{18767, 8},{9567, 15},{18766, 8},{4424, 10},{20866, 15},{21642, 15},{20866, 15},{18765, 8},{4424, 10},
{18764, 8},{14065, 15},{20866, 15},{4424, 10},{1685, 10},{12455, 15},{12330, 15},{4424, 10},{13018, 8},{3781, 16},
{23441, 4},{25273, 10},{8510, 8},{4313, 7},{11565, 7},{10394, 7},{12370, 17},{3781, 16},{11567, 7},{8509, 8},
{17147, 7},{10598, 17},{23441, 4},{23983, 7},{25273, 10},{1685, 10},{11318, 15},{13017, 8},{12330, 15},{4424, 10},
{1930, 15},{3781, 16},{17149, 7},{17790, 8},{25273, 10},{23441, 4},{1382, 17},{10399, 7},{4315, 7},{25273, 10},
{217, 17},{3781, 16},{17148, 7},{17776, 8},{23441, 4},{23950, 1},{23981, 7},{11120, 7},{10396, 7},{17807, 8},
{10392, 7},{17154, 7},{17145, 7},{25273, 10},{11567, 7},{3781, 16},{11084, 1},{19793, 17},{23441, 4},{4310, 7},
{10397, 7},{3781, 16},{25273, 10},{4307, 7},{23441, 4},{17793, 8},{17151, 7},{24196, 17},{4309, 7},{21405, 8},
{10395, 7},{23978, 7},{25273, 10},{3781, 16},{23441, 4},{14502, 17},{3781, 16},{25273, 10},{24660, 17},{23441, 4},
{17726, 8},{17151, 7},{4307, 7},{3781, 16},{25273, 10},{466, 8},{11115, 7},{10394, 7},{17151, 7},{23441, 4},
{23984, 7},{16184, 17},{7136, 17},{25273, 10},{17754, 8},{11117, 7},{11570, 7},{3781, 16},{4310, 7},{23441, 4},
{4424, 10},{21392, 15},{13019, 8},{12330, 15},{21387, 15},{18451, 15},{4424, 10},{12330, 15},{13014, 8},{12330, 15},
{4424, 10},{13013, 8},{13015, 8},{12330, 15},{4424, 10},{4424, 10},{20865, 15},{18764, 8},{1576, 15},{15604, 15},
{1572, 15},{20865, 15},{18765, 8},{4424, 10},{20865, 15},{18766, 8},{4424, 10},{18767, 8},{20865, 15},{4424, 10},
{9434, 8},{8697, 15},{20865, 15},{17099, 15},{4424, 10},{20865, 15},{4424, 10},{15686, 8},{14068, 15},{14067, 15},
{20865, 15},{4424, 10},{18762, 8},{20865, 15},{3236, 15},{21641, 15},{4424, 10},{4139, 15},{18763, 8},{1685, 10},
{4424, 10},{15610, 15},{6690, 8},{17733, 15},{20865, 15},{6692, 8},{67, 15},{4424, 10},{20865, 15},{1815, 8},
{25273, 10},{3277, 7},{12253, 4},{3273, 7},{3781, 16},{15274, 17},{17126, 17},{3274, 7},{14175, 7},{12253, 4},
{3781, 16},{10970, 8},{25273, 10},{3781, 16},{25273, 10},{22388, 7},{12253, 4},{2756, 7},{1817, 8},{17871, 17},
{25273, 10},{3781, 16},{14179, 7},{16285, 7},{12253, 4},{14174, 7},{13922, 17},{1818, 8},{12253, 4},{1811, 8},
{14182, 7},{4246, 17},{22393, 7},{25273, 10},{3781, 16},{25273, 10},{14180, 7},{12253, 4},{1812, 8},{22326, 1},
{22394, 7},{14177, 7},{14412, 17},{3781, 16},{19850, 7},{19848, 7},{1813, 8},{3781, 16},{19727, 17},{25273, 10},
{19855, 7},{22395, 7},{12253, 4},{12253, 4},{3781, 16},{20062, 17},{1814, 8},{14180, 7},{25273, 10},{22388, 7},
{1809, 8},{12253, 4},{19851, 7},{25273, 10},{7247, 7},{17978, 17},{3781, 16},{3271, 7},{2761, 7},{2757, 7},
{11028, 17},{7242, 7},{25273, 10},{1810, 8},{3781, 16},{12253, 4},{1685, 10},{1685, 10},{4424, 10},{13014, 8},
{3153, 15},{2473, 10},{3665, 8},{2473, 10},{3664, 8},{1685, 10},{3660, 8},{2473, 10},{3659, 8},{2473, 10},
{3662, 8},{2473, 10},{2473, 10},{3661, 8},{2473, 10},{3656, 8},{3655, 8},{2473, 10},{3658, 8},{2473, 10},
{3657, 8},{2473, 10},{4424, 10},{5097, 15},{18764, 8},{4424, 10},{19078, 15},{11300, 15},{18767, 8},{5097, 15},
{18766, 8},{5097, 15},{16769, 15},{4424, 10},{4424, 10},{18764, 8},{4641, 15},{25235, 15},{25235, 15},{4641, 15},
{14816, 15},{12961, 15},{4424, 10},{18765, 8},{4476, 15},{25235, 15},{18766, 8},{4424, 10},{18767, 8},{4424, 10},
{25235, 15},{9434, 8},{4424, 10},{25235, 15},{4424, 10},{4970, 15},{14818, 15},{15686, 8},{25235, 15},{4424, 10},
{25235, 15},{18762, 8},{7867, 15},{18763, 8},{4424, 10},{25235, 15},{4633, 15},{25235, 15},{4424, 10},{6690, 8},
{25235, 15},{6692, 8},{4424, 10},{4424, 10},{14486, 15},{18762, 8},{8365, 15},{4424, 10},{8365, 15},{18763, 8},
{20091, 15},{13314, 15},{4424, 10},{17265, 15},{18767, 8},{8365, 15},{15686, 8},{4424, 10},{4424, 10},{8365, 15},
{18764, 8},{396, 15},{17213, 15},{4424, 10},{17265, 15},{18762, 8},{7817, 7},{5047, 7},{6750, 8},{7819, 7},
{15066, 4},{9041, 7},{18573, 17},{25273, 10},{3781, 16},{16214, 17},{3781, 16},{15066, 4},{6751, 8},{15862, 7},
{25273, 10},{14868, 7},{20085, 7},{23499, 17},{22647, 7},{3781, 16},{14620, 8},{15854, 7},{3840, 7},{25273, 10},
{7821, 7},{15066, 4},{21230, 7},{25273, 10},{6745, 8},{8562, 7},{3781, 16},{23961, 17},{15066, 4},{3781, 16},
{25273, 10},{15066, 4},{6742, 8},{2653, 7},{8561, 7},{15243, 17},{25273, 10},{20085, 7},{15066, 4},{6743, 8},
{3781, 16},{8437, 17},{20088, 7},{15857, 7},{15862, 7},{6748, 8},{15066, 4},{8561, 7},{7819, 7},{7821, 7},
{3781, 16},{2656, 7},{25273, 10},{20493, 17},{15066, 4},{6749, 8},{7821, 7},{3781, 16},{13310, 17},{5047, 7},
{25273, 10},{8562, 7},{7140, 17},{3781, 16},{6746, 8},{25273, 10},{15853, 7},{15066, 4},{3840, 7},{2640, 7},
{15859, 7},{2656, 7},{24572, 1},{3781, 16},{6747, 8},{15066, 4},{3068, 17},{25273, 10},{15861, 7},{12659, 8},
{25126, 10},{25126, 10},{12658, 8},{25126, 10},{22782, 8},{12660, 8},{25126, 10},{22785, 8},{25126, 10},{25126, 10},
{12662, 8},{25126, 10},{12665, 8},{12664, 8},{25126, 10},{18764, 8},{15448, 15},{18458, 15},{4424, 10},{15448, 15},
{18765, 8},{4424, 10},{4083, 15},{12456, 15},{25126, 10},{12655, 8},{25126, 10},{12654, 8},{4081, 15},{15448, 15},
{9434, 8},{4424, 10},{15448, 15},{15686, 8},{4424, 10},{4424, 10},{15448, 15},{18762, 8},{21608, 15},{15448, 15},
{4424, 10},{18763, 8},{12844, 17},{25273, 10},{7007, 7},{1143, 4},{3781, 16},{14152, 8},{5847, 7},{18870, 17},
{25273, 10},{5844, 7},{1143, 4},{14151, 8},{19581, 7},{19585, 7},{3781, 16},{10100, 7},{5845, 7},{14141, 8},
{3321, 7},{20655, 17},{3781, 16},{1143, 4},{7007, 7},{20716, 1},{3316, 7},{25273, 10},{5844, 7},{19203, 17},
{25273, 10},{19580, 7},{14140, 8},{1143, 4},{26344, 7},{3781, 16},{10093, 7},{3781, 16},{14143, 8},{1143, 4},
{10088, 7},{7005, 7},{5844, 7},{25273, 10},{22913, 17},{14142, 8},{25273, 10},{1143, 4},{15322, 17},{3781, 16},
{19581, 7},{5843, 7},{5461, 8},{26341, 7},{10099, 7},{1143, 4},{25273, 10},{3781, 16},{10095, 7},{16404, 17},
{14144, 8},{19582, 7},{13053, 17},{3781, 16},{7005, 7},{25273, 10},{19578, 7},{26339, 7},{1143, 4},{10626, 17},
{14147, 8},{5846, 7},{1143, 4},{20718, 1},{3781, 16},{25273, 10},{19586, 7},{19582, 7},{3781, 16},{11535, 17},
{25273, 10},{14146, 8},{9551, 1},{7012, 7},{1143, 4},{7007, 7},{13702, 8},{3781, 16},{10120, 7},{8204, 4},
{8970, 7},{25273, 10},{5396, 17},{8204, 4},{13701, 8},{3781, 16},{16901, 7},{2577, 17},{25273, 10},{10126, 7},
{5425, 7},{13698, 8},{11719, 7},{14575, 17},{25273, 10},{3781, 16},{8204, 4},{5424, 7},{8204, 4},{3781, 16},
{16902, 7},{24354, 17},{13697, 8},{25273, 10},{26371, 7},{4421, 17},{8204, 4},{25273, 10},{25138, 7},{3781, 16},
{13696, 8},{23529, 7},{19601, 7},{13695, 8},{8970, 7},{10128, 7},{8204, 4},{25273, 10},{19613, 7},{3781, 16},
{2266, 17},{5425, 7},{13694, 8},{21928, 17},{23528, 7},{3781, 16},{16901, 7},{25273, 10},{8204, 4},{24087, 17},
{3781, 16},{25273, 10},{13693, 8},{20201, 1},{10123, 7},{8226, 7},{8204, 4},{10121, 7},{25273, 10},{18400, 17},
{25136, 7},{13692, 8},{8204, 4},{16898, 7},{3781, 16},{19605, 7},{25273, 10},{3781, 16},{8204, 4},{16907, 7},
{5431, 7},{21289, 17},{13691, 8},{10676, 7},{25273, 10},{15039, 7},{20524, 8},{10576, 4},{21440, 17},{12428, 7},
{12857, 7},{3781, 16},{19467, 7},{4129, 1},{3781, 16},{25273, 10},{12462, 8},{18384, 17},{10576, 4},{5456, 7},
{12429, 7},{14887, 17},{20592, 7},{25172, 7},{10576, 4},{25273, 10},{3781, 16},{20526, 8},{3781, 16},{10576, 4},
{8432, 17},{10658, 7},{17327, 8},{14661, 7},{25273, 10},{12435, 7},{25273, 10},{12430, 7},{19467, 7},{12857, 7},
{10576, 4},{20520, 8},{3781, 16},{17532, 17},{25171, 7},{25273, 10},{10576, 4},{7694, 7},{3939, 17},{20521, 8},
{5451, 7},{3781, 16},{20522, 8},{20070, 17},{25273, 10},{25173, 7},{25171, 7},{10640, 7},{10576, 4},{3781, 16},
{7513, 17},{10679, 7},{20523, 8},{14661, 7},{25273, 10},{10576, 4},{3781, 16},{3947, 15},{18766, 8},{4424, 10},
{12521, 15},{5457, 7},{3781, 16},{25169, 7},{10576, 4},{19469, 7},{7691, 7},{16745, 17},{20517, 8},{25273, 10},
{12916, 7},{4130, 1},{5450, 7},{17003, 17},{3781, 16},{20518, 8},{25273, 10},{10576, 4},{20593, 7},{8204, 4},
{16898, 7},{5432, 7},{4105, 17},{25273, 10},{25132, 7},{3781, 16},{13733, 8},{11719, 7},{8204, 4},{14684, 1},
{14882, 17},{25273, 10},{3781, 16},{13732, 8},{16901, 7},{19601, 7},{25273, 10},{5951, 8},{9462, 17},{23526, 7},
{3781, 16},{8204, 4},{5431, 7},{19604, 7},{5435, 7},{5435, 7},{3781, 16},{16901, 7},{13730, 8},{24847, 17},
{10129, 7},{10123, 7},{20198, 1},{25273, 10},{8204, 4},{25273, 10},{2716, 8},{3781, 16},{7658, 17},{5428, 7},
{8204, 4},{11719, 7},{5435, 7},{8204, 4},{3781, 16},{25273, 10},{15058, 17},{13728, 8},{10126, 7},{8694, 17},
{13727, 8},{26371, 7},{3781, 16},{5425, 7},{25273, 10},{8204, 4},{24089, 17},{23520, 7},{5435, 7},{8204, 4},
{10126, 7},{25273, 10},{3781, 16},{13726, 8},{25273, 10},{5424, 7},{8204, 4},{25137, 7},{10125, 7},{5548, 17},
{13725, 8},{3781, 16},{23520, 7},{16900, 7},{8204, 4},{10084, 17},{16902, 7},{25138, 7},{3781, 16},{13431, 1},
{13724, 8},{25273, 10},{1685, 10},{4424, 10},{24884, 8},{644, 15},{18792, 15},{25951, 15},{12731, 15},{3781, 16},
{8103, 7},{25273, 10},{17612, 4},{862, 7},{25232, 1},{6851, 7},{21019, 8},{16486, 17},{17612, 4},{3781, 16},
{859, 7},{25273, 10},{3974, 17},{8099, 7},{16653, 8},{18792, 15},{4424, 10},{13014, 8},{6849, 7},{8103, 7},
{7543, 7},{16655, 8},{3781, 16},{7970, 17},{17612, 4},{14513, 7},{25273, 10},{13016, 8},{4424, 10},{18792, 15},
{4424, 10},{18792, 15},{8769, 15},{13015, 8},{4424, 10},{13018, 8},{18792, 15},{18792, 15},{13017, 8},{4424, 10},
{4424, 10},{13020, 8},{12733, 15},{18792, 15},{18792, 15},{4424, 10},{13019, 8},{1685, 10},{23233, 8},{25273, 10},
{1744, 7},{25606, 7},{19954, 4},{3781, 16},{6493, 17},{25273, 10},{23232, 8},{15244, 17},{1744, 7},{3781, 16},
{8071, 7},{5137, 7},{12067, 7},{19954, 4},{10844, 1},{25616, 7},{19954, 4},{3781, 16},{25613, 7},{23231, 8},
{25273, 10},{25615, 7},{24732, 17},{25273, 10},{3781, 16},{5132, 7},{4462, 17},{12065, 7},{19954, 4},{23230, 8},
{23237, 8},{8073, 7},{5131, 7},{3781, 16},{5130, 7},{25273, 10},{19954, 4},{6282, 17},{1741, 7},{5133, 7},
{3781, 16},{23236, 8},{19954, 4},{24555, 17},{8072, 7},{25273, 10},{8080, 7},{25273, 10},{19954, 4},{23235, 8},
{12912, 17},{863, 1},{8073, 7},{1742, 7},{3781, 16},{19954, 4},{3781, 16},{2811, 17},{8075, 7},{7306, 8},
{5137, 7},{25273, 10},{8072, 7},{3781, 16},{25273, 10},{19954, 4},{11843, 17},{25606, 7},{23229, 8},{1739, 7},
{12066, 7},{1685, 10},{24801, 3},{7672, 10},{3781, 16},{25236, 1},{20544, 0},{1223, 10},{21363, 8},{16545, 7},
{5032, 17},{23389, 7},{17612, 4},{13159, 7},{19492, 8},{25126, 10},{25235, 1},{7672, 10},{21365, 8},{798, 17},
{17460, 3},{23395, 7},{6252, 7},{17612, 4},{3781, 16},{6561, 7},{7672, 10},{18945, 3},{17612, 4},{13152, 7},
{3695, 7},{3781, 16},{23665, 10},{21366, 8},{7190, 1},{14933, 17},{21367, 8},{17612, 4},{7672, 10},{23665, 10},
{3781, 16},{20492, 17},{2556, 3},{6254, 7},{13160, 7},{7188, 1},{4010, 17},{7672, 10},{21368, 8},{22168, 3},
{6595, 7},{17612, 4},{25235, 1},{3781, 16},{9313, 17},{17612, 4},{3781, 16},{7672, 10},{21369, 8},{6255, 7},
{23386, 7},{25239, 1},{21745, 3},{19493, 8},{25126, 10},{3781, 16},{3690, 7},{16546, 7},{7672, 10},{21360, 8},
{6247, 7},{7185, 1},{3750, 17},{17612, 4},{19809, 3},{3748, 3},{13161, 7},{7672, 10},{23665, 10},{21361, 8},
{3781, 16},{18181, 17},{9129, 1},{17612, 4},{1685, 10},{10576, 4},{10658, 7},{3781, 16},{18552, 8},{12868, 7},
{6042, 17},{12425, 7},{25273, 10},{25126, 10},{6597, 8},{25126, 10},{6596, 8},{25273, 10},{12427, 7},{335, 17},
{10576, 4},{18553, 8},{12434, 7},{7692, 7},{3781, 16},{25126, 10},{13833, 8},{13831, 8},{25126, 10},{25126, 10},
{6594, 8},{6593, 8},{25126, 10},{6588, 8},{25126, 10},{25126, 10},{6587, 8},{25126, 10},{6590, 8},{13829, 8},
{25126, 10},{4424, 10},{18765, 8},{12657, 15},{18764, 8},{4424, 10},{12657, 15},{1897, 15},{17675, 15},{18767, 8},
{4424, 10},{12657, 15},{3947, 15},{4424, 10},{12657, 15},{18766, 8},{12672, 15},{15686, 8},{4424, 10},{12657, 15},
{4424, 10},{9434, 8},{12657, 15},{4048, 15},{18763, 8},{1901, 15},{12657, 15},{4424, 10},{20110, 15},{12672, 15},
{3930, 15},{23723, 15},{4424, 10},{18762, 8},{12657, 15},{24507, 15},{4424, 10},{6692, 8},{23725, 15},{12657, 15},
{4424, 10},{6690, 8},{12657, 15},{3928, 15},{19500, 8},{25126, 10},{25126, 10},{19501, 8},{1685, 10},{25273, 10},
{19469, 7},{14659, 7},{12900, 7},{3781, 16},{20740, 17},{18549, 8},{10576, 4},{1685, 10},{25126, 10},{19499, 8},
{6856, 7},{11747, 8},{25273, 10},{18963, 17},{17612, 4},{3781, 16},{14508, 7},{17524, 8},{852, 7},{1199, 17},
{25273, 10},{3781, 16},{17612, 4},{6858, 7},{20547, 7},{25234, 1},{857, 7},{13014, 8},{4424, 10},{20202, 15},
{17102, 15},{22385, 15},{4424, 10},{18766, 8},{10576, 4},{3781, 16},{12868, 7},{18988, 17},{25273, 10},{12431, 7},
{5456, 7},{18545, 8},{12916, 7},{1520, 17},{22650, 7},{3781, 16},{15854, 7},{16657, 8},{25273, 10},{22647, 7},
{15066, 4},{19495, 8},{25126, 10},{13018, 8},{4424, 10},{20202, 15},{4142, 15},{20202, 15},{13017, 8},{4424, 10},
{20202, 15},{13020, 8},{4424, 10},{3781, 16},{6936, 17},{401, 7},{15066, 4},{16659, 8},{15852, 7},{25273, 10},
{1685, 10},{25273, 10},{23441, 4},{3781, 16},{184, 8},{14442, 17},{4306, 7},{17151, 7},{3781, 16},{25273, 10},
{14182, 7},{2980, 8},{16784, 17},{12253, 4},{19855, 7},{22398, 7},{14183, 7},{2981, 8},{3275, 7},{25273, 10},
{22396, 7},{6753, 17},{14174, 7},{12253, 4},{3781, 16},{3781, 16},{178, 8},{16724, 17},{23441, 4},{17147, 7},
{23982, 7},{25273, 10},{19855, 7},{2757, 7},{7245, 7},{16286, 7},{2983, 8},{16400, 17},{25273, 10},{3781, 16},
{20877, 1},{12253, 4},{15057, 17},{25273, 10},{11564, 7},{3781, 16},{23441, 4},{17155, 7},{17623, 8},{23984, 7},
{17622, 8},{3781, 16},{23441, 4},{10150, 17},{11573, 7},{10398, 7},{10399, 7},{25273, 10},{10397, 7},{3781, 16},
{23979, 7},{25273, 10},{23441, 4},{17621, 8},{4311, 7},{25091, 17},{23980, 7},{11084, 1},{23441, 4},{17628, 8},
{11564, 7},{3781, 16},{25273, 10},{11115, 7},{11565, 7},{23977, 7},{11629, 17},{17627, 8},{23441, 4},{23984, 7},
{23753, 17},{3781, 16},{11117, 7},{25273, 10},{2755, 7},{19856, 7},{12253, 4},{2987, 8},{22332, 1},{2760, 7},
{16284, 7},{3781, 16},{25273, 10},{14201, 17},{12253, 4},{17020, 17},{25273, 10},{3781, 16},{2988, 8},{3274, 7},
{2758, 7},{2760, 7},{19851, 7},{10845, 15},{6690, 8},{4424, 10},{4424, 10},{10845, 15},{6692, 8},{10845, 15},
{4424, 10},{18766, 8},{18767, 8},{10845, 15},{4424, 10},{10845, 15},{8611, 15},{4424, 10},{18764, 8},{18765, 8},
{10845, 15},{4424, 10},{8615, 15},{9762, 15},{16864, 15},{4424, 10},{18762, 8},{10845, 15},{18763, 8},{4424, 10},
{10845, 15},{4424, 10},{9434, 8},{10845, 15},{17675, 15},{4050, 15},{10845, 15},{4424, 10},{15686, 8},{1685, 10},
{3403, 8},{14252, 7},{24752, 4},{25273, 10},{7879, 17},{3781, 16},{18949, 7},{3781, 16},{25273, 10},{24752, 4},
{3402, 8},{5110, 7},{12022, 7},{21883, 17},{24752, 4},{18868, 17},{6922, 7},{22810, 1},{3401, 8},{18954, 7},
{3781, 16},{25273, 10},{15800, 7},{3781, 16},{16985, 7},{24752, 4},{22824, 17},{3400, 8},{25273, 10},{14250, 7},
{12028, 7},{25273, 10},{4416, 17},{6923, 7},{1358, 7},{24752, 4},{1360, 7},{3399, 8},{3781, 16},{5395, 17},
{6380, 1},{24752, 4},{12024, 7},{6923, 7},{3781, 16},{25273, 10},{3398, 8},{14918, 17},{14251, 7},{3397, 8},
{24752, 4},{14258, 7},{8227, 7},{3781, 16},{25273, 10},{6930, 7},{9107, 17},{18949, 7},{6384, 1},{3396, 8},
{12028, 7},{24752, 4},{25273, 10},{3781, 16},{3781, 16},{18959, 7},{25273, 10},{14255, 7},{9948, 17},{5108, 7},
{24752, 4},{6930, 7},{20972, 8},{20969, 8},{25273, 10},{3781, 16},{24752, 4},{5108, 7},{11078, 17},{5107, 7},
{14253, 7},{12027, 7},{25273, 10},{11971, 8},{10038, 17},{16904, 7},{19606, 7},{8204, 4},{3781, 16},{5432, 7},
{25273, 10},{8204, 4},{946, 8},{3781, 16},{25138, 7},{25134, 7},{11191, 17},{8204, 4},{19613, 7},{3781, 16},
{781, 17},{5424, 7},{25273, 10},{22527, 8},{3781, 16},{8204, 4},{25273, 10},{25131, 7},{3050, 17},{11121, 8},
{19602, 7},{8204, 4},{1673, 17},{5428, 7},{25273, 10},{941, 8},{3781, 16},{23527, 7},{3781, 16},{9324, 17},
{10120, 7},{939, 8},{8204, 4},{25273, 10},{16902, 7},{20863, 1},{25273, 10},{25131, 7},{3781, 16},{22469, 8},
{8204, 4},{12336, 17},{25137, 7},{5432, 7},{16906, 7},{16907, 7},{13109, 17},{25137, 7},{3781, 16},{25273, 10},
{937, 8},{8204, 4},{16897, 7},{10120, 7},{925, 8},{3781, 16},{8204, 4},{5434, 7},{25273, 10},{17348, 17},
{8204, 4},{329, 17},{25273, 10},{23529, 7},{3781, 16},{13759, 8},{19604, 7},{3781, 16},{21305, 17},{10799, 5},
{5505, 9},{5124, 3},{7357, 9},{14539, 13},{3864, 10},{1849, 12},{944, 8},{1530, 2},{436, 9},{3864, 10},
{435, 9},{434, 9},{4066, 17},{10538, 12},{13376, 8},{21772, 9},{12491, 9},{16408, 13},{24294, 5},{10522, 3},
{3781, 16},{1530, 2},{25126, 10},{19494, 8},{1685, 10},{3864, 10},{15371, 3},{1530, 2},{438, 9},{17928, 5},
{13369, 8},{23361, 12},{25747, 17},{20196, 13},{437, 9},{3781, 16},{5502, 9},{6690, 8},{4424, 10},{24489, 15},
{26229, 15},{3781, 16},{6746, 8},{14509, 7},{17612, 4},{25273, 10},{6854, 7},{20554, 7},{3843, 17},{859, 7},
{6747, 8},{861, 7},{3781, 16},{8339, 17},{17612, 4},{25273, 10},{852, 7},{3780, 17},{3781, 16},{6748, 8},
{6850, 7},{17612, 4},{25273, 10},{20548, 7},{6749, 8},{20550, 7},{26384, 17},{6856, 7},{8104, 7},{25273, 10},
{17612, 4},{3781, 16},{7543, 7},{14509, 7},{3781, 16},{25273, 10},{6742, 8},{20550, 7},{17612, 4},{21798, 17},
{3781, 16},{17612, 4},{25273, 10},{19767, 17},{6743, 8},{859, 7},{14511, 7},{3781, 16},{14620, 8},{17612, 4},
{6851, 7},{856, 7},{25273, 10},{20550, 7},{11205, 17},{8102, 7},{22249, 17},{20547, 7},{8105, 7},{14511, 7},
{3781, 16},{14514, 7},{6745, 8},{25273, 10},{17612, 4},{3781, 16},{25273, 10},{17612, 4},{6750, 8},{8104, 7},
{20547, 7},{24259, 17},{8101, 7},{852, 7},{6751, 8},{3204, 17},{14510, 7},{25273, 10},{17612, 4},{6849, 7},
{3781, 16},{20545, 7},{1685, 10},{4424, 10},{6692, 8},{26229, 15},{6764, 10},{3781, 16},{16436, 12},{24545, 9},
{20165, 5},{25314, 2},{4506, 8},{22309, 9},{22328, 13},{2199, 3},{6205, 17},{3137, 17},{3781, 16},{25820, 7},
{18440, 8},{7672, 10},{10939, 7},{13175, 4},{16637, 3},{23665, 10},{9139, 1},{24276, 7},{1223, 10},{25786, 7},
{18441, 8},{13175, 4},{20540, 3},{5616, 7},{11766, 0},{9142, 1},{5851, 17},{3781, 16},{7672, 10},{23175, 17},
{12493, 3},{13175, 4},{3781, 16},{9342, 1},{17127, 8},{23665, 10},{11445, 7},{7672, 10},{3458, 7},{13175, 4},
{5044, 8},{3781, 16},{7672, 10},{10936, 7},{6360, 3},{25831, 7},{24279, 7},{23665, 10},{10483, 17},{9343, 1},
{23192, 3},{13175, 4},{7672, 10},{7396, 17},{3781, 16},{11443, 7},{9345, 1},{18444, 8},{7672, 10},{21920, 17},
{9140, 1},{5050, 8},{4881, 3},{11441, 7},{13175, 4},{3781, 16},{10938, 7},{11443, 7},{10412, 3},{1223, 10},
{7672, 10},{3781, 16},{13738, 7},{19222, 17},{22800, 0},{18791, 1},{13175, 4},{10937, 7},{18442, 8},{11441, 7},
{18781, 1},{21563, 3},{7672, 10},{13175, 4},{12070, 7},{7151, 17},{18443, 8},{1223, 10},{3781, 16},{11764, 0},
{9136, 1},{13710, 7},{12770, 17},{1223, 10},{7672, 10},{5034, 8},{22793, 0},{13175, 4},{3781, 16},{19243, 3},
{11443, 7},{13175, 4},{18786, 1},{3781, 16},{10299, 3},{5036, 8},{7672, 10},{24279, 7},{14967, 17},{1685, 10},
{12232, 14},{15362, 10},{12232, 14},{15362, 10},{15362, 10},{12232, 14},{12232, 14},{15362, 10},{15362, 10},{12232, 14},
{15362, 10},{12232, 14},{13017, 8},{16766, 15},{4424, 10},{22331, 15},{12232, 14},{15362, 10},{12232, 14},{15362, 10},
{15362, 10},{12232, 14},{4424, 10},{2627, 15},{18765, 8},{1685, 10},{1685, 10},{8079, 7},{19954, 4},{3781, 16},
{5130, 7},{23072, 8},{1224, 17},{25273, 10},{5129, 7},{8073, 7},{12062, 7},{20516, 17},{3781, 16},{19954, 4},
{25273, 10},{23071, 8},{19954, 4},{8069, 7},{21556, 17},{25273, 10},{3781, 16},{25611, 7},{12065, 7},{23076, 8},
{12062, 7},{23075, 8},{10415, 17},{3781, 16},{25273, 10},{12067, 7},{19954, 4},{25616, 7},{3781, 16},{25273, 10},
{5836, 17},{19954, 4},{12064, 7},{8070, 7},{23074, 8},{5136, 7},{25605, 7},{9181, 17},{23073, 8},{8070, 7},
{19954, 4},{8073, 7},{25273, 10},{3781, 16},{1739, 7},{22701, 17},{25273, 10},{8079, 7},{1743, 7},{5136, 7},
{3781, 16},{19954, 4},{23080, 8},{5134, 7},{3781, 16},{5129, 7},{19954, 4},{23079, 8},{1740, 7},{11738, 17},
{25273, 10},{8070, 7},{25273, 10},{24686, 17},{19954, 4},{3781, 16},{12338, 8},{1741, 7},{12064, 7},{20064, 17},
{23077, 8},{19954, 4},{5135, 7},{3781, 16},{25273, 10},{25611, 7},{25221, 7},{5506, 7},{25273, 10},{26020, 7},
{10275, 8},{7370, 7},{3781, 16},{25335, 17},{1530, 4},{3781, 16},{19291, 7},{19666, 7},{12477, 7},{5509, 7},
{1530, 4},{3937, 17},{10274, 8},{25273, 10},{1530, 4},{25219, 7},{10269, 8},{20666, 17},{25222, 7},{3781, 16},
{26020, 7},{25273, 10},{23977, 9},{3864, 10},{7630, 3},{20382, 9},{20166, 5},{13372, 8},{3781, 16},{23441, 2},
{15860, 12},{17883, 17},{23980, 9},{8916, 13},{3781, 16},{18218, 5},{3864, 10},{23439, 3},{24798, 13},{23441, 2},
{13375, 8},{23978, 9},{20381, 9},{15198, 12},{22263, 17},{3864, 10},{692, 9},{3781, 16},{19197, 3},{23441, 2},
{15802, 17},{24294, 5},{691, 9},{23983, 9},{16066, 12},{3312, 13},{13374, 8},{12333, 1},{10273, 8},{3781, 16},
{12480, 7},{12626, 7},{13741, 17},{1530, 4},{25273, 10},{10272, 8},{5512, 7},{11978, 17},{26012, 7},{3781, 16},
{25273, 10},{1530, 4},{1530, 4},{10271, 8},{19291, 7},{25273, 10},{12484, 7},{3781, 16},{20530, 17},{25221, 7},
{9566, 7},{26173, 17},{3781, 16},{7147, 7},{19291, 7},{5502, 7},{1530, 4},{25273, 10},{8960, 8},{12484, 7},
{5297, 1},{16268, 17},{7672, 10},{3781, 16},{6709, 7},{23441, 4},{23665, 10},{14587, 8},{9364, 3},{694, 7},
{691, 7},{3781, 16},{11071, 1},{5440, 3},{23731, 17},{23441, 4},{14586, 8},{6709, 7},{7672, 10},{26223, 1},
{20385, 7},{1223, 10},{11573, 0},{14589, 8},{10707, 17},{23441, 4},{7672, 10},{16652, 3},{3781, 16},{7672, 10},
{3781, 16},{23441, 4},{8946, 17},{6712, 7},{22542, 3},{14588, 8},{700, 7},{11074, 1},{23253, 7},{3665, 8},
{2473, 10},{3664, 8},{2473, 10},{24707, 17},{6707, 7},{14585, 8},{3781, 16},{23441, 4},{3043, 3},{7672, 10},
{26221, 1},{11068, 1},{23441, 4},{24110, 17},{14584, 8},{7672, 10},{3781, 16},{6712, 7},{6713, 7},{19741, 3},
{3656, 8},{2473, 10},{3655, 8},{2473, 10},{2473, 10},{3658, 8},{2473, 10},{3657, 8},{2473, 10},{3660, 8},
{2473, 10},{3659, 8},{2473, 10},{3662, 8},{3661, 8},{2473, 10},{12788, 3},{14308, 1},{7672, 10},{9839, 7},
{22577, 8},{26078, 7},{25314, 4},{6459, 17},{26080, 7},{23665, 10},{3781, 16},{26088, 7},{20378, 17},{7977, 1},
{3781, 16},{15673, 3},{24389, 0},{7672, 10},{21369, 8},{24542, 7},{1223, 10},{25314, 4},{17231, 3},{3781, 16},
{7672, 10},{2555, 17},{14306, 1},{21368, 8},{4196, 7},{25314, 4},{1223, 10},{22302, 0},{7672, 10},{13127, 17},
{21367, 8},{25314, 4},{4367, 1},{24539, 7},{3781, 16},{4520, 3},{26077, 7},{7672, 10},{21366, 8},{6296, 1},
{9845, 7},{7941, 17},{25314, 4},{2666, 3},{3781, 16},{13702, 8},{3781, 16},{26022, 7},{6112, 17},{25273, 10},
{7144, 7},{25220, 7},{1530, 4},{19295, 7},{9839, 7},{7672, 10},{21364, 8},{23665, 10},{3781, 16},{23173, 3},
{25314, 4},{14306, 1},{4194, 7},{7785, 17},{4372, 1},{226, 17},{3781, 16},{21363, 8},{25314, 4},{26080, 7},
{26083, 7},{7672, 10},{23665, 10},{26134, 3},{9579, 7},{3781, 16},{15989, 17},{13701, 8},{25273, 10},{25219, 7},
{1530, 4},{7142, 7},{7672, 10},{3781, 16},{14030, 3},{4192, 7},{21361, 8},{19341, 7},{9842, 7},{25314, 4},
{12448, 17},{6296, 1},{7672, 10},{25314, 4},{9842, 7},{4193, 7},{21360, 8},{15655, 3},{3781, 16},{2196, 17},
{4367, 1},{9434, 8},{22809, 15},{4424, 10},{19644, 17},{1530, 4},{19291, 7},{25219, 7},{25273, 10},{3781, 16},
{13693, 8},{12477, 7},{19293, 7},{4424, 10},{18762, 8},{22809, 15},{12484, 7},{7150, 7},{9568, 7},{23625, 17},
{13691, 8},{3781, 16},{25273, 10},{1530, 4},{26020, 7},{18764, 8},{4424, 10},{7687, 15},{22809, 15},{4646, 17},
{3781, 16},{5512, 7},{1530, 4},{25273, 10},{5505, 7},{13697, 8},{9456, 15},{4424, 10},{13013, 8},{1685, 10},
{18766, 8},{14685, 15},{4424, 10},{3781, 16},{19291, 7},{13695, 8},{5513, 7},{25273, 10},{4670, 17},{1530, 4},
{3781, 16},{10747, 8},{7165, 7},{25273, 10},{9456, 1},{23975, 4},{21693, 17},{8690, 7},{7158, 7},{20236, 7},
{23975, 4},{3781, 16},{13947, 17},{25273, 10},{10746, 8},{7161, 7},{542, 7},{8361, 1},{3781, 16},{10745, 8},
{23975, 4},{25273, 10},{20233, 7},{1159, 17},{9458, 1},{541, 7},{7163, 7},{16257, 7},{3781, 16},{25273, 10},
{16262, 7},{23975, 4},{23018, 17},{10744, 8},{25273, 10},{23975, 4},{7161, 7},{3781, 16},{10751, 8},{8695, 7},
{17134, 17},{8685, 7},{23975, 4},{25273, 10},{540, 7},{3781, 16},{10750, 8},{3328, 17},{16262, 7},{7161, 7},
{25273, 10},{23975, 4},{8692, 7},{10749, 8},{7158, 7},{2134, 17},{3781, 16},{3781, 16},{8691, 7},{23059, 1},
{25273, 10},{10748, 8},{8687, 7},{23975, 4},{5213, 17},{3781, 16},{7121, 17},{537, 7},{10755, 8},{23975, 4},
{16257, 7},{25273, 10},{541, 7},{3781, 16},{539, 7},{7158, 7},{25273, 10},{10754, 8},{15245, 17},{23975, 4},
{8686, 7},{537, 7},{18767, 8},{14685, 15},{4424, 10},{18767, 8},{4424, 10},{21309, 15},{21309, 15},{18766, 8},
{4424, 10},{4424, 10},{21309, 15},{18765, 8},{14720, 15},{8651, 15},{1399, 15},{18764, 8},{4424, 10},{21309, 15},
{6665, 15},{13020, 8},{20717, 15},{4424, 10},{1685, 10},{13018, 8},{1624, 15},{4424, 10},{20717, 15},{2117, 15},
{2114, 15},{4424, 10},{13017, 8},{20717, 15},{4424, 10},{13016, 8},{20717, 15},{20717, 15},{13015, 8},{4424, 10},
{4424, 10},{20717, 15},{20373, 15},{13014, 8},{13013, 8},{4424, 10},{20717, 15},{3212, 15},{24884, 8},{8836, 15},
{4424, 10},{20717, 15},{25126, 10},{25623, 8},{25621, 8},{25126, 10},{17453, 8},{25126, 10},{25626, 8},{25126, 10},
{25126, 10},{25608, 8},{25126, 10},{17343, 8},{25126, 10},{20795, 8},{25126, 10},{1052, 8},{26313, 8},{25126, 10},
{25126, 10},{26312, 8},{14307, 7},{12232, 4},{11779, 7},{3781, 16},{12506, 7},{9482, 8},{25273, 10},{5527, 7},
{14475, 17},{17148, 7},{17728, 17},{25273, 10},{10397, 7},{17152, 7},{22585, 8},{23441, 4},{3781, 16},{10399, 7},
{1702, 17},{25172, 7},{25273, 10},{3781, 16},{10576, 4},{5450, 7},{3873, 8},{12868, 7},{12426, 7},{3781, 16},
{25273, 10},{3874, 8},{10673, 7},{14012, 17},{10576, 4},{10660, 7},{12427, 7},{3875, 8},{10576, 4},{11595, 17},
{10679, 7},{5456, 7},{3781, 16},{25273, 10},{3876, 8},{4103, 17},{25169, 7},{10576, 4},{3781, 16},{25273, 10},
{20597, 7},{8286, 7},{25273, 10},{20593, 7},{3869, 8},{3781, 16},{10576, 4},{6394, 17},{14662, 7},{12916, 7},
{3781, 16},{25273, 10},{3870, 8},{12434, 7},{25161, 17},{5455, 7},{10576, 4},{3845, 17},{7685, 7},{3781, 16},
{10640, 7},{25273, 10},{3871, 8},{10576, 4},{14661, 7},{2343, 17},{3781, 16},{10640, 7},{3872, 8},{7694, 7},
{25273, 10},{10673, 7},{10576, 4},{3781, 16},{25273, 10},{12434, 7},{3877, 8},{7691, 7},{10576, 4},{9062, 17},
{12427, 7},{3781, 16},{25171, 7},{3878, 8},{23457, 17},{10576, 4},{12916, 7},{25273, 10},{15362, 10},{17612, 14},
{15362, 10},{17612, 14},{15362, 10},{17612, 14},{15362, 10},{17612, 14},{15362, 10},{17612, 14},{15362, 10},{17612, 14},
{17612, 14},{15362, 10},{17612, 14},{15362, 10},{1685, 10},{1685, 10},{25609, 7},{3872, 8},{25273, 10},{25612, 7},
{19954, 4},{25615, 7},{26136, 17},{12062, 7},{3781, 16},{1742, 7},{9360, 17},{25273, 10},{25615, 7},{12519, 1},
{3781, 16},{5135, 7},{12062, 7},{19954, 4},{3871, 8},{5134, 7},{19954, 4},{25273, 10},{7181, 17},{3870, 8},
{25615, 7},{3781, 16},{1739, 7},{5135, 7},{12059, 7},{1741, 7},{12519, 1},{12700, 17},{1744, 7},{3869, 8},
{3781, 16},{25273, 10},{19954, 4},{25612, 7},{6859, 17},{25273, 10},{19954, 4},{8070, 7},{8072, 7},{3876, 8},
{872, 1},{3781, 16},{19954, 4},{12067, 7},{3875, 8},{3781, 16},{25611, 7},{25273, 10},{8069, 7},{8273, 17},
{25606, 7},{25273, 10},{19954, 4},{3781, 16},{25610, 7},{10600, 17},{25616, 7},{3874, 8},{24574, 17},{25612, 7},
{3873, 8},{25273, 10},{1745, 7},{19954, 4},{3781, 16},{5131, 7},{7218, 12},{14539, 3},{11922, 9},{2028, 5},
{24063, 13},{5524, 9},{3864, 10},{5525, 9},{16593, 8},{18167, 17},{12232, 2},{3781, 16},{11923, 9},{18767, 8},
{1570, 15},{1577, 15},{4424, 10},{3410, 15},{4424, 10},{2008, 15},{18766, 8},{3410, 15},{4143, 15},{18765, 8},
{4424, 10},{3410, 15},{2004, 15},{4424, 10},{18764, 8},{3410, 15},{8700, 15},{4424, 10},{20401, 15},{9434, 8},
{15686, 8},{4424, 10},{6122, 15},{20401, 15},{18762, 8},{4424, 10},{20401, 15},{18587, 15},{20401, 15},{4424, 10},
{18763, 8},{18764, 8},{20401, 15},{4424, 10},{8840, 15},{18765, 8},{20401, 15},{4424, 10},{20401, 15},{18766, 8},
{25301, 15},{5576, 15},{4424, 10},{20401, 15},{18767, 8},{21117, 15},{4424, 10},{4424, 10},{20401, 15},{6690, 8},
{6692, 8},{20401, 15},{4424, 10},{1685, 10},{1223, 10},{11644, 8},{14180, 0},{7672, 10},{20888, 1},{26047, 3},
{3781, 16},{1161, 17},{12253, 4},{16913, 7},{25126, 10},{6587, 8},{12253, 4},{11645, 8},{7672, 10},{11273, 3},
{11702, 17},{10137, 7},{18091, 7},{3781, 16},{20887, 1},{12232, 4},{10272, 8},{15209, 17},{5529, 7},{25273, 10},
{12500, 7},{3781, 16},{14307, 7},{6310, 7},{10273, 8},{11778, 7},{19928, 7},{25273, 10},{3781, 16},{12232, 4},
{12271, 17},{19929, 7},{25273, 10},{12232, 4},{14729, 17},{5527, 7},{8960, 8},{3781, 16},{19925, 7},{25273, 10},
{3781, 16},{3795, 17},{12232, 4},{10271, 8},{11782, 7},{5529, 7},{25347, 17},{11781, 7},{3781, 16},{12507, 7},
{12232, 4},{10268, 8},{25273, 10},{10269, 8},{25273, 10},{19929, 7},{3781, 16},{26146, 1},{14309, 7},{12232, 4},
{23666, 17},{3781, 16},{5524, 7},{17610, 7},{25273, 10},{10266, 8},{16628, 17},{12232, 4},{10267, 8},{14776, 17},
{19927, 7},{19930, 7},{3781, 16},{7365, 7},{12232, 4},{7369, 7},{25273, 10},{8149, 1},{11778, 7},{12232, 4},
{17699, 17},{25273, 10},{19923, 7},{7362, 7},{3781, 16},{10274, 8},{5020, 1},{513, 17},{11774, 7},{25273, 10},
{10275, 8},{7475, 7},{3781, 16},{12232, 4},{1685, 10},{11932, 17},{3781, 16},{25273, 10},{19294, 7},{1808, 8},
{7373, 7},{5502, 7},{1530, 4},{26022, 7},{1530, 4},{22287, 8},{7370, 7},{7145, 7},{3781, 16},{25273, 10},
{173, 17},{12483, 7},{25273, 10},{3781, 16},{7146, 7},{22286, 8},{1530, 4},{10449, 17},{21772, 7},{25220, 7},
{25273, 10},{22285, 8},{12780, 17},{1530, 4},{3781, 16},{22292, 8},{1530, 4},{26017, 7},{15448, 1},{25273, 10},
{25221, 7},{15436, 17},{3781, 16},{8521, 17},{25273, 10},{7147, 7},{7143, 7},{5502, 7},{1530, 4},{3781, 16},
{7146, 7},{22291, 8},{25273, 10},{22290, 8},{7141, 7},{3781, 16},{7143, 7},{3818, 17},{1530, 4},{25124, 15},
{22509, 15},{12536, 15},{6692, 8},{4424, 10},{4424, 10},{25124, 15},{16387, 15},{23554, 15},{9434, 8},{16705, 15},
{25124, 15},{15686, 8},{4424, 10},{18762, 8},{25124, 15},{4424, 10},{11064, 15},{18763, 8},{25124, 15},{4424, 10},
{16385, 15},{1690, 15},{18764, 8},{4424, 10},{5568, 15},{25124, 15},{25124, 15},{4424, 10},{18765, 8},{16708, 15},
{24678, 15},{18766, 8},{25124, 15},{22003, 15},{4424, 10},{22501, 15},{18767, 8},{4424, 10},{25124, 15},{19080, 15},
{15903, 15},{18764, 8},{4424, 10},{18349, 15},{18765, 8},{18039, 15},{15903, 15},{4424, 10},{15903, 15},{4424, 10},
{18037, 15},{18766, 8},{15903, 15},{18767, 8},{4424, 10},{4424, 10},{9434, 8},{5281, 15},{15903, 15},{4424, 10},
{15903, 15},{15686, 8},{18248, 15},{15903, 15},{4424, 10},{5281, 15},{25003, 15},{18762, 8},{21591, 15},{21587, 15},
{15903, 15},{11302, 15},{4424, 10},{5283, 15},{18763, 8},{16764, 15},{6690, 8},{4424, 10},{15903, 15},{6692, 8},
{4424, 10},{15903, 15},{15124, 15},{14590, 17},{12465, 13},{24297, 5},{8283, 10},{696, 9},{17145, 9},{23441, 2},
{3781, 16},{284, 3},{18855, 12},{9094, 8},{9093, 8},{3312, 3},{693, 9},{694, 9},{6317, 13},{17147, 9},
{3781, 16},{12858, 17},{23441, 2},{7959, 12},{17148, 9},{20164, 5},{8283, 10},{17155, 9},{9096, 8},{23441, 2},
{8808, 3},{8283, 10},{698, 9},{19742, 17},{20798, 12},{3781, 16},{14984, 13},{26090, 5},{17146, 9},{17154, 9},
{695, 9},{23441, 2},{8283, 10},{19967, 17},{10412, 13},{2037, 5},{12803, 12},{379, 3},{9095, 8},{3781, 16},
{23441, 2},{8283, 10},{20940, 17},{3781, 16},{9090, 8},{20165, 5},{10392, 9},{22079, 3},{6711, 9},{2828, 13},
{6710, 9},{10391, 9},{15263, 12},{2028, 5},{6709, 9},{9089, 8},{8716, 17},{6515, 13},{10397, 9},{2468, 12},
{10398, 9},{25016, 3},{6708, 9},{8283, 10},{3781, 16},{23441, 2},{9092, 8},{4318, 3},{3781, 16},{17149, 9},
{11864, 12},{17150, 9},{6714, 9},{6713, 9},{7547, 17},{465, 13},{23441, 2},{8283, 10},{2031, 5},{3781, 16},
{9091, 8},{17061, 3},{6712, 9},{23921, 12},{23370, 17},{3980, 13},{17151, 9},{2038, 5},{8283, 10},{23441, 2},
{17152, 9},{20164, 5},{23984, 9},{8283, 10},{699, 9},{3781, 16},{9098, 8},{20977, 13},{18968, 17},{14984, 3},
{21124, 12},{23441, 2},{24303, 5},{697, 9},{1794, 12},{23982, 9},{1660, 13},{23441, 2},{3781, 16},{25566, 17},
{23981, 9},{1830, 3},{9097, 8},{8283, 10},{700, 9},{4424, 10},{25301, 15},{25307, 15},{6690, 8},{20399, 15},
{4424, 10},{18578, 15},{6692, 8},{20399, 15},{9772, 7},{1664, 3},{14586, 8},{906, 1},{15272, 4},{15485, 7},
{7672, 10},{3781, 16},{20126, 7},{5180, 17},{14587, 8},{898, 1},{3241, 3},{3781, 16},{23665, 10},{18575, 17},
{15272, 4},{7672, 10},{20131, 7},{5957, 7},{5953, 7},{23514, 3},{15272, 4},{20126, 7},{23665, 10},{7672, 10},
{14584, 8},{2576, 17},{3781, 16},{5784, 1},{15486, 7},{14585, 8},{3781, 16},{15272, 4},{7672, 10},{12671, 17},
{1445, 1},{20128, 7},{13180, 7},{5957, 7},{8222, 3},{1061, 3},{3781, 16},{7672, 10},{902, 1},{15272, 4},
{23665, 10},{14439, 17},{9775, 7},{20126, 7},{14582, 8},{22666, 7},{4271, 15},{18765, 8},{25123, 15},{4424, 10},
{3646, 17},{5120, 3},{15272, 4},{14592, 8},{7672, 10},{1445, 1},{3781, 16},{3013, 7},{18767, 8},{4424, 10},
{22256, 15},{1940, 15},{20399, 15},{18764, 8},{8848, 15},{20399, 15},{4424, 10},{8882, 15},{4424, 10},{18765, 8},
{20399, 15},{4424, 10},{18762, 8},{20399, 15},{4424, 10},{20399, 15},{18763, 8},{4062, 15},{20399, 15},{9434, 8},
{4424, 10},{22265, 15},{4424, 10},{15686, 8},{20399, 15},{1685, 10},{4424, 10},{24886, 8},{6313, 15},{12497, 15},
{6313, 15},{4424, 10},{24884, 8},{13020, 8},{10172, 15},{4424, 10},{6313, 15},{4424, 10},{13019, 8},{11784, 15},
{6313, 15},{19305, 15},{21849, 15},{6313, 15},{4424, 10},{13018, 8},{6313, 15},{4424, 10},{13017, 8},{21083, 15},
{6313, 15},{4424, 10},{13016, 8},{26028, 15},{17832, 15},{4424, 10},{6313, 15},{13015, 8},{4424, 10},{13014, 8},
{6313, 15},{6313, 15},{4424, 10},{13013, 8},{19297, 15},{25281, 15},{1299, 15},{3169, 15},{4424, 10},{18764, 8},
{25273, 10},{6157, 17},{3781, 16},{12253, 4},{22396, 7},{18214, 8},{19856, 7},{4424, 10},{1299, 15},{18765, 8},
{4424, 10},{18766, 8},{6624, 15},{1299, 15},{22839, 15},{16122, 17},{14473, 8},{5104, 7},{5107, 7},{3781, 16},
{1363, 7},{24752, 4},{25273, 10},{4844, 17},{14256, 7},{5103, 7},{12027, 7},{25273, 10},{5108, 7},{24752, 4},
{3781, 16},{6726, 8},{24752, 4},{23057, 17},{6725, 8},{14250, 7},{3781, 16},{25273, 10},{6923, 7},{5108, 7},
{12027, 7},{25273, 10},{24752, 4},{3781, 16},{24826, 17},{12030, 7},{6724, 8},{12026, 7},{6723, 8},{6921, 7},
{3781, 16},{24752, 4},{4284, 17},{25273, 10},{1354, 7},{8048, 7},{12031, 7},{25273, 10},{14255, 7},{6722, 8},
{24561, 17},{3781, 16},{24752, 4},{25273, 10},{3781, 16},{23441, 4},{12180, 17},{23984, 7},{26002, 1},{11117, 7},
{9484, 8},{4424, 10},{13474, 15},{14665, 15},{13015, 8},{22804, 15},{3781, 16},{61, 17},{24752, 4},{25273, 10},
{6731, 8},{18956, 7},{18949, 7},{10398, 7},{23441, 4},{25273, 10},{3781, 16},{626, 17},{9479, 8},{17150, 7},
{23441, 4},{11568, 7},{9482, 8},{4306, 7},{15007, 17},{11572, 7},{4309, 7},{3781, 16},{25273, 10},{11572, 7},
{23983, 7},{4315, 7},{23984, 7},{3781, 16},{25273, 10},{9481, 8},{23441, 4},{18605, 17},{25273, 10},{9476, 8},
{3781, 16},{10392, 7},{23441, 4},{10399, 7},{23978, 7},{11569, 7},{21172, 17},{1685, 10},{23978, 7},{3781, 16},
{23441, 4},{4311, 7},{25273, 10},{6954, 17},{9478, 8},{11566, 7},{10397, 7},{11567, 7},{3781, 16},{26172, 17},
{4314, 7},{16790, 8},{23441, 4},{25273, 10},{17150, 7},{4121, 15},{13014, 8},{20276, 15},{4424, 10},{1685, 10},
{7165, 7},{25273, 10},{8685, 7},{16265, 7},{21441, 17},{3781, 16},{7156, 7},{23975, 4},{9454, 1},{3892, 8},
{4424, 10},{6690, 8},{16708, 15},{25121, 15},{14174, 7},{25273, 10},{12253, 4},{19854, 7},{914, 8},{3781, 16},
{20640, 17},{3276, 7},{25273, 10},{3275, 7},{12253, 4},{20456, 17},{19848, 7},{3781, 16},{5397, 8},{2756, 7},
{14179, 7},{3781, 16},{25273, 10},{7252, 7},{3275, 7},{12253, 4},{916, 8},{14178, 7},{8157, 17},{7248, 7},
{25273, 10},{18266, 17},{3781, 16},{12253, 4},{19856, 7},{3275, 7},{917, 8},{12253, 4},{20877, 1},{25273, 10},
{3781, 16},{14178, 7},{910, 8},{7135, 17},{2761, 7},{14174, 7},{6280, 17},{25273, 10},{911, 8},{22398, 7},
{22396, 7},{12253, 4},{7248, 7},{3781, 16},{22397, 7},{3781, 16},{12253, 4},{25273, 10},{15608, 17},{14181, 7},
{912, 8},{3781, 16},{913, 8},{16284, 7},{25273, 10},{12253, 4},{14183, 7},{24270, 17},{25273, 10},{907, 8},
{21941, 17},{2758, 7},{14175, 7},{2763, 7},{3781, 16},{12253, 4},{14178, 7},{11083, 17},{5370, 8},{25273, 10},
{12253, 4},{3781, 16},{19850, 7},{7251, 7},{18617, 15},{9434, 8},{4424, 10},{14817, 15},{25239, 15},{4424, 10},
{4967, 15},{15686, 8},{25239, 15},{25784, 15},{11867, 15},{25239, 15},{18762, 8},{4971, 15},{4424, 10},{4424, 10},
{18763, 8},{25239, 15},{4424, 10},{18764, 8},{25239, 15},{11508, 15},{14816, 15},{12962, 15},{4424, 10},{11511, 15},
{25781, 15},{25239, 15},{11868, 15},{18765, 8},{25239, 15},{18766, 8},{4424, 10},{4424, 10},{25239, 15},{18767, 8},
{1685, 10},{6690, 8},{25785, 15},{25239, 15},{4424, 10},{4636, 15},{1018, 15},{6692, 8},{25239, 15},{4424, 10},
{9434, 8},{22500, 15},{25121, 15},{4424, 10},{18767, 8},{4424, 10},{25121, 15},{536, 7},{16265, 7},{3781, 16},
{23730, 17},{7159, 7},{3889, 8},{23975, 4},{16262, 7},{25273, 10},{24256, 8},{2473, 10},{2473, 10},{24255, 8},
{24254, 8},{2473, 10},{24253, 8},{2473, 10},{2473, 10},{24252, 8},{24251, 8},{2473, 10},{2473, 10},{24250, 8},
{24249, 8},{2473, 10},{4012, 8},{2473, 10},{24246, 8},{2473, 10},{8069, 9},{3781, 16},{8072, 9},{14133, 3},
{19954, 2},{23788, 17},{15323, 10},{14477, 13},{25801, 9},{8481, 8},{19468, 12},{25020, 3},{19954, 2},{15323, 10},
{25800, 9},{245, 17},{8070, 9},{8467, 8},{7698, 12},{3781, 16},{21045, 13},{21302, 12},{3781, 16},{25796, 9},
{25797, 9},{15323, 10},{1239, 17},{8073, 9},{21689, 13},{8462, 8},{19954, 2},{21796, 3},{15860, 12},{25518, 17},
{25798, 9},{7711, 13},{3781, 16},{25799, 9},{15323, 10},{8071, 9},{24663, 3},{19954, 2},{13502, 8},{22708, 9},
{25483, 13},{16070, 12},{18597, 9},{19954, 2},{14749, 8},{24822, 9},{3781, 16},{10294, 17},{15323, 10},{9563, 3},
{25803, 9},{6916, 13},{8079, 9},{4317, 3},{20684, 12},{19954, 2},{1701, 17},{3781, 16},{15323, 10},{25802, 9},
{3754, 8},{8504, 8},{15323, 10},{22706, 3},{19954, 2},{26176, 17},{3781, 16},{25792, 9},{8080, 9},{25793, 9},
{294, 12},{2832, 13},{12962, 15},{4424, 10},{18763, 8},{19719, 15},{1685, 10},{25273, 10},{21249, 7},{22650, 7},
{17462, 17},{15861, 7},{15853, 7},{15066, 4},{3781, 16},{8509, 8},{3781, 16},{184, 8},{16456, 7},{25273, 10},
{1649, 17},{15272, 4},{1446, 1},{23465, 7},{20616, 7},{19719, 15},{4424, 10},{9434, 8},{2473, 10},{3611, 8},
{2640, 7},{25273, 10},{402, 7},{16071, 17},{466, 8},{15066, 4},{14868, 7},{3781, 16},{7818, 7},{1685, 10},
{4424, 10},{15686, 8},{19719, 15},{2669, 17},{17793, 8},{15066, 4},{5047, 7},{21226, 7},{3781, 16},{8560, 7},
{25273, 10},{1442, 1},{25273, 10},{17628, 8},{15272, 4},{23458, 7},{8459, 17},{3781, 16},{17353, 7},{23658, 17},
{7818, 7},{5047, 7},{17790, 8},{25273, 10},{3781, 16},{15066, 4},{402, 7},{23975, 4},{16259, 7},{20237, 7},
{8366, 1},{6730, 8},{8688, 7},{25273, 10},{20233, 7},{3781, 16},{20405, 17},{16509, 8},{25126, 10},{16508, 8},
{25126, 10},{16507, 8},{25126, 10},{16506, 8},{25126, 10},{25126, 10},{16505, 8},{16504, 8},{25126, 10},{16503, 8},
{25126, 10},{25126, 10},{16502, 8},{25126, 10},{16512, 8},{16511, 8},{25126, 10},{25273, 10},{16258, 7},{23975, 4},
{538, 7},{9455, 1},{3781, 16},{8695, 7},{23080, 8},{6829, 17},{25273, 10},{19856, 7},{6370, 17},{23745, 8},
{3781, 16},{12253, 4},{14177, 7},{26223, 15},{9434, 8},{4424, 10},{543, 7},{23074, 8},{25273, 10},{20181, 17},
{8686, 7},{3781, 16},{23975, 4},{4424, 10},{26223, 15},{18766, 8},{15362, 10},{1530, 14},{6692, 8},{25121, 15},
{25286, 15},{4424, 10},{1695, 15},{9551, 1},{3781, 16},{25273, 10},{10093, 7},{10100, 7},{23747, 8},{1143, 4},
{10094, 7},{22579, 17},{26340, 7},{25121, 15},{4424, 10},{18763, 8},{16389, 15},{24676, 15},{18762, 8},{25121, 15},
{4424, 10},{9906, 15},{4424, 10},{15686, 8},{25121, 15},{26223, 15},{18764, 8},{4424, 10},{15686, 8},{26222, 15},
{4424, 10},{25121, 15},{18766, 8},{4424, 10},{18765, 8},{25121, 15},{23546, 15},{4424, 10},{18764, 8},{4424, 10},
{25121, 15},{15362, 10},{12253, 14},{15362, 10},{12253, 14},{15362, 10},{12253, 14},{12253, 14},{15362, 10},{15362, 10},
{12253, 14},{15362, 10},{12253, 14},{12253, 14},{15362, 10},{4424, 10},{22811, 15},{7676, 15},{13015, 8},{15362, 10},
{12253, 14},{12253, 14},{15362, 10},{1685, 10},{12677, 15},{18763, 8},{23727, 15},{4424, 10},{13673, 17},{16262, 7},
{14141, 8},{3781, 16},{23975, 4},{541, 7},{25273, 10},{538, 7},{8361, 15},{9702, 15},{18766, 8},{4424, 10},
{540, 7},{21699, 17},{23071, 8},{25273, 10},{537, 7},{23975, 4},{3781, 16},{1685, 10},{16306, 17},{25273, 10},
{1143, 4},{3781, 16},{19580, 7},{3890, 8},{7007, 7},{12677, 15},{6690, 8},{4424, 10},{4045, 15},{6692, 8},
{12677, 15},{4424, 10},{9759, 15},{12677, 15},{4424, 10},{9434, 8},{15686, 8},{20109, 15},{4424, 10},{12677, 15},
{23724, 15},{4424, 10},{18762, 8},{12677, 15},{25175, 15},{22811, 15},{4424, 10},{13013, 8},{13020, 8},{4424, 10},
{22811, 15},{18439, 15},{4424, 10},{12677, 15},{18765, 8},{20278, 15},{22811, 15},{13018, 8},{4424, 10},{20107, 15},
{4424, 10},{12677, 15},{18767, 8}}}
}" return="10"
/>
</function>
